{"@timestamp":"2020-10-12T22:33:55.444Z","port":61041,"Severity":"INFO","Task":12810,"Channel":"Security","tags":["mordorDataset"],"LayerName":"%%14611","SourceModuleType":"im_msvistalog","OpcodeValue":0,"Application":"\\device\\harddiskvolume2\\windowsazure\\guestagent_2.7.41491.993_2020-10-12_203739\\guestagent\\windowsazureguestagent.exe","EventType":"AUDIT_SUCCESS","ExecutionProcessID":4,"Opcode":"Info","RecordNumber":60990,"ThreadID":1636,"FilterRTID":"68867","SourceName":"Microsoft-Windows-Security-Auditing","DestPort":"80","LayerRTID":"48","Keywords":-9214364837600034816,"EventID":5156,"Category":"Filtering Platform Connection","ProcessId":"3600","Version":1,"@version":"1","Direction":"%%14593","DestAddress":"168.63.129.16","RemoteUserID":"S-1-0-0","host":"wec.internal.cloudapp.net","Hostname":"WORKSTATION6.theshire.local","SourcePort":"58395","RemoteMachineID":"S-1-0-0","EventReceivedTime":"2020-10-12 18:33:55","SeverityValue":2,"EventTime":"2020-10-12 18:33:53","ProviderGuid":"{54849625-5478-4994-A5BA-3E3B0328C30D}","Message":"The Windows Filtering Platform has permitted a connection.\r\n\r\nApplication Information:\r\n\tProcess ID:\t\t3600\r\n\tApplication Name:\t\\device\\harddiskvolume2\\windowsazure\\guestagent_2.7.41491.993_2020-10-12_203739\\guestagent\\windowsazureguestagent.exe\r\n\r\nNetwork Information:\r\n\tDirection:\t\tOutbound\r\n\tSource Address:\t\t172.18.39.6\r\n\tSource Port:\t\t58395\r\n\tDestination Address:\t168.63.129.16\r\n\tDestination Port:\t\t80\r\n\tProtocol:\t\t6\r\n\r\nFilter Information:\r\n\tFilter Run-Time ID:\t68867\r\n\tLayer Name:\t\tConnect\r\n\tLayer Run-Time ID:\t48","SourceAddress":"172.18.39.6","SourceModuleName":"eventlog","Protocol":"6"}
{"@timestamp":"2020-10-12T22:33:57.470Z","port":61041,"Severity":"INFO","Task":12810,"Channel":"Security","tags":["mordorDataset"],"LayerName":"%%14608","SourceModuleType":"im_msvistalog","OpcodeValue":0,"Application":"\\device\\harddiskvolume2\\windowsazure\\guestagent_2.7.41491.993_2020-10-12_203248\\guestagent\\windowsazureguestagent.exe","EventType":"AUDIT_SUCCESS","ExecutionProcessID":4,"Opcode":"Info","RecordNumber":202290,"ThreadID":328,"FilterRTID":"0","SourceName":"Microsoft-Windows-Security-Auditing","LayerRTID":"36","Keywords":-9214364837600034816,"EventID":5158,"Category":"Filtering Platform Connection","ProcessId":"3956","Version":0,"@version":"1","host":"wec.internal.cloudapp.net","Hostname":"MORDORDC.theshire.local","SourcePort":"61039","EventReceivedTime":"2020-10-12 18:33:57","SeverityValue":2,"EventTime":"2020-10-12 18:33:54","ProviderGuid":"{54849625-5478-4994-A5BA-3E3B0328C30D}","Message":"The Windows Filtering Platform has permitted a bind to a local port.\r\n\r\nApplication Information:\r\n\tProcess ID:\t\t3956\r\n\tApplication Name:\t\\device\\harddiskvolume2\\windowsazure\\guestagent_2.7.41491.993_2020-10-12_203248\\guestagent\\windowsazureguestagent.exe\r\n\r\nNetwork Information:\r\n\tSource Address:\t\t0.0.0.0\r\n\tSource Port:\t\t61039\r\n\tProtocol:\t\t6\r\n\r\nFilter Information:\r\n\tFilter Run-Time ID:\t0\r\n\tLayer Name:\t\tResource Assignment\r\n\tLayer Run-Time ID:\t36","SourceAddress":"0.0.0.0","SourceModuleName":"eventlog","Protocol":"6"}
{"@timestamp":"2020-10-12T22:33:57.471Z","port":61041,"Severity":"INFO","Task":12810,"Channel":"Security","tags":["mordorDataset"],"LayerName":"%%14611","SourceModuleType":"im_msvistalog","OpcodeValue":0,"Application":"\\device\\harddiskvolume2\\windowsazure\\guestagent_2.7.41491.993_2020-10-12_203248\\guestagent\\windowsazureguestagent.exe","EventType":"AUDIT_SUCCESS","ExecutionProcessID":4,"Opcode":"Info","RecordNumber":202291,"ThreadID":328,"FilterRTID":"71364","SourceName":"Microsoft-Windows-Security-Auditing","DestPort":"80","LayerRTID":"48","Keywords":-9214364837600034816,"EventID":5156,"Category":"Filtering Platform Connection","ProcessId":"3956","Version":1,"@version":"1","Direction":"%%14593","DestAddress":"169.254.169.254","RemoteUserID":"S-1-0-0","host":"wec.internal.cloudapp.net","Hostname":"MORDORDC.theshire.local","SourcePort":"61039","RemoteMachineID":"S-1-0-0","EventReceivedTime":"2020-10-12 18:33:57","SeverityValue":2,"EventTime":"2020-10-12 18:33:54","ProviderGuid":"{54849625-5478-4994-A5BA-3E3B0328C30D}","Message":"The Windows Filtering Platform has permitted a connection.\r\n\r\nApplication Information:\r\n\tProcess ID:\t\t3956\r\n\tApplication Name:\t\\device\\harddiskvolume2\\windowsazure\\guestagent_2.7.41491.993_2020-10-12_203248\\guestagent\\windowsazureguestagent.exe\r\n\r\nNetwork Information:\r\n\tDirection:\t\tOutbound\r\n\tSource Address:\t\t172.18.38.5\r\n\tSource Port:\t\t61039\r\n\tDestination Address:\t169.254.169.254\r\n\tDestination Port:\t\t80\r\n\tProtocol:\t\t6\r\n\r\nFilter Information:\r\n\tFilter Run-Time ID:\t71364\r\n\tLayer Name:\t\tConnect\r\n\tLayer Run-Time ID:\t48","SourceAddress":"172.18.38.5","SourceModuleName":"eventlog","Protocol":"6"}
{"EventTypeOrignal":"INFO","RuleName":"-","@timestamp":"2020-10-12T22:34:01.511Z","port":61041,"Severity":"INFO","Task":18,"Channel":"Microsoft-Windows-Sysmon/Operational","UtcTime":"2020-10-12 22:33:59.027","UserID":"S-1-5-18","PipeName":"\\lsass","OpcodeValue":0,"SourceModuleType":"im_msvistalog","EventType":"ConnectPipe","ExecutionProcessID":3984,"Opcode":"Info","RecordNumber":243362,"ThreadID":4300,"tags":["mordorDataset"],"SourceName":"Microsoft-Windows-Sysmon","Keywords":-9223372036854775808,"Image":"C:\\windows\\system32\\dns.exe","EventID":18,"Domain":"NT AUTHORITY","Category":"Pipe Connected (rule: PipeEvent)","Version":1,"ProcessId":"3712","@version":"1","AccountName":"SYSTEM","ProcessGuid":"{029f9482-bfb1-5f84-5300-000000000400}","host":"wec.internal.cloudapp.net","Hostname":"MORDORDC.theshire.local","EventReceivedTime":"2020-10-12 18:34:01","SeverityValue":2,"EventTime":"2020-10-12 18:33:59","ProviderGuid":"{5770385F-C22A-43E0-BF4C-06F5698FFBD9}","Message":"Pipe Connected:\r\nRuleName: -\r\nEventType: ConnectPipe\r\nUtcTime: 2020-10-12 22:33:59.027\r\nProcessGuid: {029f9482-bfb1-5f84-5300-000000000400}\r\nProcessId: 3712\r\nPipeName: \\lsass\r\nImage: C:\\windows\\system32\\dns.exe","SourceModuleName":"eventlog","AccountType":"User"}
{"RuleName":"-","@timestamp":"2020-10-12T22:34:01.511Z","SignatureStatus":"Valid","Channel":"Microsoft-Windows-Sysmon/Operational","UserID":"S-1-5-18","RecordNumber":243363,"ThreadID":4300,"Image":"C:\\Windows\\System32\\svchost.exe","ProcessId":"5288","Company":"Microsoft Corporation","Version":3,"Hostname":"MORDORDC.theshire.local","ImageLoaded":"C:\\Windows\\System32\\perfos.dll","Description":"Windows System Performance Objects DLL","EventReceivedTime":"2020-10-12 18:34:01","ProviderGuid":"{5770385F-C22A-43E0-BF4C-06F5698FFBD9}","Signed":"true","UtcTime":"2020-10-12 22:34:00.013","port":61041,"Severity":"INFO","tags":["mordorDataset"],"Task":7,"SourceModuleType":"im_msvistalog","OpcodeValue":0,"EventType":"INFO","ExecutionProcessID":3984,"Opcode":"Info","SourceName":"Microsoft-Windows-Sysmon","Product":"Microsoft® Windows® Operating System","Keywords":-9223372036854775808,"FileVersion":"10.0.17763.1 (WinBuild.160101.0800)","EventID":7,"Domain":"NT AUTHORITY","Category":"Image loaded (rule: ImageLoad)","OriginalFileName":"PERFOS.DLL","@version":"1","AccountName":"SYSTEM","ProcessGuid":"{029f9482-c02e-5f84-b500-000000000400}","host":"wec.internal.cloudapp.net","Hashes":"SHA1=3A839A656D9DCEDFCDFDF58AC4D923E387E671B9,MD5=E104BA77D289204B5165BBB27473F037,SHA256=9773FB5BB1A3B0D49EA900A0E840173BE876EC727711678C6A4220DDAE651E9D,IMPHASH=FCF3B3FD2696F782C0B8AB6A6DB4B2B6","SeverityValue":2,"EventTime":"2020-10-12 18:34:00","Message":"Image loaded:\r\nRuleName: -\r\nUtcTime: 2020-10-12 22:34:00.013\r\nProcessGuid: {029f9482-c02e-5f84-b500-000000000400}\r\nProcessId: 5288\r\nImage: C:\\Windows\\System32\\svchost.exe\r\nImageLoaded: C:\\Windows\\System32\\perfos.dll\r\nFileVersion: 10.0.17763.1 (WinBuild.160101.0800)\r\nDescription: Windows System Performance Objects DLL\r\nProduct: Microsoft® Windows® Operating System\r\nCompany: Microsoft Corporation\r\nOriginalFileName: PERFOS.DLL\r\nHashes: SHA1=3A839A656D9DCEDFCDFDF58AC4D923E387E671B9,MD5=E104BA77D289204B5165BBB27473F037,SHA256=9773FB5BB1A3B0D49EA900A0E840173BE876EC727711678C6A4220DDAE651E9D,IMPHASH=FCF3B3FD2696F782C0B8AB6A6DB4B2B6\r\nSigned: true\r\nSignature: Microsoft Windows\r\nSignatureStatus: Valid","SourceModuleName":"eventlog","AccountType":"User","Signature":"Microsoft Windows"}
{"UtcTime":"2020-10-12 22:33:59.527","RuleName":"-","@timestamp":"2020-10-12T22:34:01.512Z","port":61041,"Severity":"INFO","Task":11,"Channel":"Microsoft-Windows-Sysmon/Operational","tags":["mordorDataset"],"UserID":"S-1-5-18","SourceModuleType":"im_msvistalog","OpcodeValue":0,"EventType":"INFO","ExecutionProcessID":3312,"Opcode":"Info","RecordNumber":338413,"ThreadID":3444,"SourceName":"Microsoft-Windows-Sysmon","TargetFilename":"C:\\Windows\\ServiceState\\EventLog\\Data\\lastalive0.dat","Keywords":-9223372036854775808,"Image":"C:\\windows\\System32\\svchost.exe","EventID":11,"Domain":"NT AUTHORITY","Category":"File created (rule: FileCreate)","Version":2,"ProcessId":"1296","@version":"1","AccountName":"SYSTEM","CreationUtcTime":"2020-10-12 22:01:59.413","ProcessGuid":"{71b87c12-d257-5f84-1d00-000000000500}","host":"wec.internal.cloudapp.net","Hostname":"WORKSTATION5.theshire.local","EventReceivedTime":"2020-10-12 18:34:01","SeverityValue":2,"EventTime":"2020-10-12 18:33:59","ProviderGuid":"{5770385F-C22A-43E0-BF4C-06F5698FFBD9}","Message":"File created:\r\nRuleName: -\r\nUtcTime: 2020-10-12 22:33:59.527\r\nProcessGuid: {71b87c12-d257-5f84-1d00-000000000500}\r\nProcessId: 1296\r\nImage: C:\\windows\\System32\\svchost.exe\r\nTargetFilename: C:\\Windows\\ServiceState\\EventLog\\Data\\lastalive0.dat\r\nCreationUtcTime: 2020-10-12 22:01:59.413","SourceModuleName":"eventlog","AccountType":"User"}
{"SourceProcessId":"60","RuleName":"-","@timestamp":"2020-10-12T22:34:01.512Z","Channel":"Microsoft-Windows-Sysmon/Operational","UserID":"S-1-5-18","TargetProcessId":"3184","CallTrace":"C:\\windows\\SYSTEM32\\ntdll.dll+9c534|C:\\windows\\System32\\KERNELBASE.dll+6aec5|c:\\windows\\system32\\lsm.dll+10225|C:\\windows\\System32\\RPCRT4.dll+76a53|C:\\windows\\System32\\RPCRT4.dll+da036|C:\\windows\\System32\\RPCRT4.dll+37b1c|C:\\windows\\System32\\RPCRT4.dll+54998|C:\\windows\\System32\\RPCRT4.dll+2c951|C:\\windows\\System32\\RPCRT4.dll+2c20b|C:\\windows\\System32\\RPCRT4.dll+1a86f|C:\\windows\\System32\\RPCRT4.dll+19d1a|C:\\windows\\System32\\RPCRT4.dll+19301|C:\\windows\\System32\\RPCRT4.dll+18d6e|C:\\windows\\System32\\RPCRT4.dll+169a5|C:\\windows\\SYSTEM32\\ntdll.dll+333ed|C:\\windows\\SYSTEM32\\ntdll.dll+34142|C:\\windows\\System32\\KERNEL32.DLL+17bd4|C:\\windows\\SYSTEM32\\ntdll.dll+6ce51","RecordNumber":338414,"ThreadID":3444,"SourceProcessGUID":"{71b87c12-d256-5f84-1200-000000000500}","TargetImage":"C:\\windows\\System32\\svchost.exe","ProcessId":"60","Version":3,"Hostname":"WORKSTATION5.theshire.local","EventReceivedTime":"2020-10-12 18:34:01","ProviderGuid":"{5770385F-C22A-43E0-BF4C-06F5698FFBD9}","UtcTime":"2020-10-12 22:34:00.003","port":61041,"Severity":"INFO","tags":["mordorDataset"],"Task":10,"SourceThreadId":"5000","SourceModuleType":"im_msvistalog","OpcodeValue":0,"EventType":"INFO","ExecutionProcessID":3312,"Opcode":"Info","SourceName":"Microsoft-Windows-Sysmon","Keywords":-9223372036854775808,"EventID":10,"Domain":"NT AUTHORITY","Category":"Process accessed (rule: ProcessAccess)","@version":"1","AccountName":"SYSTEM","host":"wec.internal.cloudapp.net","SourceImage":"C:\\windows\\system32\\svchost.exe","SeverityValue":2,"EventTime":"2020-10-12 18:34:00","Message":"Process accessed:\r\nRuleName: -\r\nUtcTime: 2020-10-12 22:34:00.003\r\nSourceProcessGUID: {71b87c12-d256-5f84-1200-000000000500}\r\nSourceProcessId: 60\r\nSourceThreadId: 5000\r\nSourceImage: C:\\windows\\system32\\svchost.exe\r\nTargetProcessGUID: {71b87c12-d259-5f84-4b00-000000000500}\r\nTargetProcessId: 3184\r\nTargetImage: C:\\windows\\System32\\svchost.exe\r\nGrantedAccess: 0x1000\r\nCallTrace: C:\\windows\\SYSTEM32\\ntdll.dll+9c534|C:\\windows\\System32\\KERNELBASE.dll+6aec5|c:\\windows\\system32\\lsm.dll+10225|C:\\windows\\System32\\RPCRT4.dll+76a53|C:\\windows\\System32\\RPCRT4.dll+da036|C:\\windows\\System32\\RPCRT4.dll+37b1c|C:\\windows\\System32\\RPCRT4.dll+54998|C:\\windows\\System32\\RPCRT4.dll+2c951|C:\\windows\\System32\\RPCRT4.dll+2c20b|C:\\windows\\System32\\RPCRT4.dll+1a86f|C:\\windows\\System32\\RPCRT4.dll+19d1a|C:\\windows\\System32\\RPCRT4.dll+19301|C:\\windows\\System32\\RPCRT4.dll+18d6e|C:\\windows\\System32\\RPCRT4.dll+169a5|C:\\windows\\SYSTEM32\\ntdll.dll+333ed|C:\\windows\\SYSTEM32\\ntdll.dll+34142|C:\\windows\\System32\\KERNEL32.DLL+17bd4|C:\\windows\\SYSTEM32\\ntdll.dll+6ce51","SourceModuleName":"eventlog","GrantedAccess":"0x1000","AccountType":"User","TargetProcessGUID":"{71b87c12-d259-5f84-4b00-000000000500}"}
{"SourceProcessId":"60","RuleName":"-","@timestamp":"2020-10-12T22:34:01.513Z","Channel":"Microsoft-Windows-Sysmon/Operational","UserID":"S-1-5-18","TargetProcessId":"3184","CallTrace":"C:\\windows\\SYSTEM32\\ntdll.dll+9c534|C:\\windows\\System32\\KERNELBASE.dll+6aec5|c:\\windows\\system32\\lsm.dll+108a0|C:\\windows\\System32\\RPCRT4.dll+76a53|C:\\windows\\System32\\RPCRT4.dll+da036|C:\\windows\\System32\\RPCRT4.dll+37b1c|C:\\windows\\System32\\RPCRT4.dll+54998|C:\\windows\\System32\\RPCRT4.dll+2c951|C:\\windows\\System32\\RPCRT4.dll+2c20b|C:\\windows\\System32\\RPCRT4.dll+1a86f|C:\\windows\\System32\\RPCRT4.dll+19d1a|C:\\windows\\System32\\RPCRT4.dll+19301|C:\\windows\\System32\\RPCRT4.dll+18d6e|C:\\windows\\System32\\RPCRT4.dll+169a5|C:\\windows\\SYSTEM32\\ntdll.dll+333ed|C:\\windows\\SYSTEM32\\ntdll.dll+34142|C:\\windows\\System32\\KERNEL32.DLL+17bd4|C:\\windows\\SYSTEM32\\ntdll.dll+6ce51","RecordNumber":338415,"ThreadID":3444,"SourceProcessGUID":"{71b87c12-d256-5f84-1200-000000000500}","TargetImage":"C:\\windows\\System32\\svchost.exe","ProcessId":"60","Version":3,"Hostname":"WORKSTATION5.theshire.local","EventReceivedTime":"2020-10-12 18:34:01","ProviderGuid":"{5770385F-C22A-43E0-BF4C-06F5698FFBD9}","UtcTime":"2020-10-12 22:34:00.003","port":61041,"Severity":"INFO","tags":["mordorDataset"],"Task":10,"SourceThreadId":"5000","SourceModuleType":"im_msvistalog","OpcodeValue":0,"EventType":"INFO","ExecutionProcessID":3312,"Opcode":"Info","SourceName":"Microsoft-Windows-Sysmon","Keywords":-9223372036854775808,"EventID":10,"Domain":"NT AUTHORITY","Category":"Process accessed (rule: ProcessAccess)","@version":"1","AccountName":"SYSTEM","host":"wec.internal.cloudapp.net","SourceImage":"C:\\windows\\system32\\svchost.exe","SeverityValue":2,"EventTime":"2020-10-12 18:34:00","Message":"Process accessed:\r\nRuleName: -\r\nUtcTime: 2020-10-12 22:34:00.003\r\nSourceProcessGUID: {71b87c12-d256-5f84-1200-000000000500}\r\nSourceProcessId: 60\r\nSourceThreadId: 5000\r\nSourceImage: C:\\windows\\system32\\svchost.exe\r\nTargetProcessGUID: {71b87c12-d259-5f84-4b00-000000000500}\r\nTargetProcessId: 3184\r\nTargetImage: C:\\windows\\System32\\svchost.exe\r\nGrantedAccess: 0x1000\r\nCallTrace: C:\\windows\\SYSTEM32\\ntdll.dll+9c534|C:\\windows\\System32\\KERNELBASE.dll+6aec5|c:\\windows\\system32\\lsm.dll+108a0|C:\\windows\\System32\\RPCRT4.dll+76a53|C:\\windows\\System32\\RPCRT4.dll+da036|C:\\windows\\System32\\RPCRT4.dll+37b1c|C:\\windows\\System32\\RPCRT4.dll+54998|C:\\windows\\System32\\RPCRT4.dll+2c951|C:\\windows\\System32\\RPCRT4.dll+2c20b|C:\\windows\\System32\\RPCRT4.dll+1a86f|C:\\windows\\System32\\RPCRT4.dll+19d1a|C:\\windows\\System32\\RPCRT4.dll+19301|C:\\windows\\System32\\RPCRT4.dll+18d6e|C:\\windows\\System32\\RPCRT4.dll+169a5|C:\\windows\\SYSTEM32\\ntdll.dll+333ed|C:\\windows\\SYSTEM32\\ntdll.dll+34142|C:\\windows\\System32\\KERNEL32.DLL+17bd4|C:\\windows\\SYSTEM32\\ntdll.dll+6ce51","SourceModuleName":"eventlog","GrantedAccess":"0x1000","AccountType":"User","TargetProcessGUID":"{71b87c12-d259-5f84-4b00-000000000500}"}
{"SourceProcessId":"60","RuleName":"-","@timestamp":"2020-10-12T22:34:01.514Z","Channel":"Microsoft-Windows-Sysmon/Operational","UserID":"S-1-5-18","TargetProcessId":"3184","CallTrace":"C:\\windows\\SYSTEM32\\ntdll.dll+9c534|C:\\windows\\System32\\KERNELBASE.dll+6aec5|c:\\windows\\system32\\lsm.dll+106fe|C:\\windows\\System32\\RPCRT4.dll+76a53|C:\\windows\\System32\\RPCRT4.dll+da036|C:\\windows\\System32\\RPCRT4.dll+37b1c|C:\\windows\\System32\\RPCRT4.dll+54998|C:\\windows\\System32\\RPCRT4.dll+2c951|C:\\windows\\System32\\RPCRT4.dll+2c20b|C:\\windows\\System32\\RPCRT4.dll+1a86f|C:\\windows\\System32\\RPCRT4.dll+19d1a|C:\\windows\\System32\\RPCRT4.dll+19301|C:\\windows\\System32\\RPCRT4.dll+18d6e|C:\\windows\\System32\\RPCRT4.dll+169a5|C:\\windows\\SYSTEM32\\ntdll.dll+333ed|C:\\windows\\SYSTEM32\\ntdll.dll+34142|C:\\windows\\System32\\KERNEL32.DLL+17bd4|C:\\windows\\SYSTEM32\\ntdll.dll+6ce51","RecordNumber":338416,"ThreadID":3444,"SourceProcessGUID":"{71b87c12-d256-5f84-1200-000000000500}","TargetImage":"C:\\windows\\System32\\svchost.exe","ProcessId":"60","Version":3,"Hostname":"WORKSTATION5.theshire.local","EventReceivedTime":"2020-10-12 18:34:01","ProviderGuid":"{5770385F-C22A-43E0-BF4C-06F5698FFBD9}","UtcTime":"2020-10-12 22:34:00.003","port":61041,"Severity":"INFO","tags":["mordorDataset"],"Task":10,"SourceThreadId":"6676","SourceModuleType":"im_msvistalog","OpcodeValue":0,"EventType":"INFO","ExecutionProcessID":3312,"Opcode":"Info","SourceName":"Microsoft-Windows-Sysmon","Keywords":-9223372036854775808,"EventID":10,"Domain":"NT AUTHORITY","Category":"Process accessed (rule: ProcessAccess)","@version":"1","AccountName":"SYSTEM","host":"wec.internal.cloudapp.net","SourceImage":"C:\\windows\\system32\\svchost.exe","SeverityValue":2,"EventTime":"2020-10-12 18:34:00","Message":"Process accessed:\r\nRuleName: -\r\nUtcTime: 2020-10-12 22:34:00.003\r\nSourceProcessGUID: {71b87c12-d256-5f84-1200-000000000500}\r\nSourceProcessId: 60\r\nSourceThreadId: 6676\r\nSourceImage: C:\\windows\\system32\\svchost.exe\r\nTargetProcessGUID: {71b87c12-d259-5f84-4b00-000000000500}\r\nTargetProcessId: 3184\r\nTargetImage: C:\\windows\\System32\\svchost.exe\r\nGrantedAccess: 0x1000\r\nCallTrace: C:\\windows\\SYSTEM32\\ntdll.dll+9c534|C:\\windows\\System32\\KERNELBASE.dll+6aec5|c:\\windows\\system32\\lsm.dll+106fe|C:\\windows\\System32\\RPCRT4.dll+76a53|C:\\windows\\System32\\RPCRT4.dll+da036|C:\\windows\\System32\\RPCRT4.dll+37b1c|C:\\windows\\System32\\RPCRT4.dll+54998|C:\\windows\\System32\\RPCRT4.dll+2c951|C:\\windows\\System32\\RPCRT4.dll+2c20b|C:\\windows\\System32\\RPCRT4.dll+1a86f|C:\\windows\\System32\\RPCRT4.dll+19d1a|C:\\windows\\System32\\RPCRT4.dll+19301|C:\\windows\\System32\\RPCRT4.dll+18d6e|C:\\windows\\System32\\RPCRT4.dll+169a5|C:\\windows\\SYSTEM32\\ntdll.dll+333ed|C:\\windows\\SYSTEM32\\ntdll.dll+34142|C:\\windows\\System32\\KERNEL32.DLL+17bd4|C:\\windows\\SYSTEM32\\ntdll.dll+6ce51","SourceModuleName":"eventlog","GrantedAccess":"0x1000","AccountType":"User","TargetProcessGUID":"{71b87c12-d259-5f84-4b00-000000000500}"}
{"SourceProcessId":"60","RuleName":"-","@timestamp":"2020-10-12T22:34:01.514Z","Channel":"Microsoft-Windows-Sysmon/Operational","UserID":"S-1-5-18","TargetProcessId":"3184","CallTrace":"C:\\windows\\SYSTEM32\\ntdll.dll+9c534|C:\\windows\\System32\\KERNELBASE.dll+6aec5|c:\\windows\\system32\\lsm.dll+f6ba|C:\\windows\\System32\\RPCRT4.dll+76a53|C:\\windows\\System32\\RPCRT4.dll+da036|C:\\windows\\System32\\RPCRT4.dll+37b1c|C:\\windows\\System32\\RPCRT4.dll+54998|C:\\windows\\System32\\RPCRT4.dll+2c951|C:\\windows\\System32\\RPCRT4.dll+2c20b|C:\\windows\\System32\\RPCRT4.dll+1a86f|C:\\windows\\System32\\RPCRT4.dll+19d1a|C:\\windows\\System32\\RPCRT4.dll+19301|C:\\windows\\System32\\RPCRT4.dll+18d6e|C:\\windows\\System32\\RPCRT4.dll+169a5|C:\\windows\\SYSTEM32\\ntdll.dll+333ed|C:\\windows\\SYSTEM32\\ntdll.dll+34142|C:\\windows\\System32\\KERNEL32.DLL+17bd4|C:\\windows\\SYSTEM32\\ntdll.dll+6ce51","RecordNumber":338417,"ThreadID":3444,"SourceProcessGUID":"{71b87c12-d256-5f84-1200-000000000500}","TargetImage":"C:\\windows\\System32\\svchost.exe","ProcessId":"60","Version":3,"Hostname":"WORKSTATION5.theshire.local","EventReceivedTime":"2020-10-12 18:34:01","ProviderGuid":"{5770385F-C22A-43E0-BF4C-06F5698FFBD9}","UtcTime":"2020-10-12 22:34:00.003","port":61041,"Severity":"INFO","tags":["mordorDataset"],"Task":10,"SourceThreadId":"5000","SourceModuleType":"im_msvistalog","OpcodeValue":0,"EventType":"INFO","ExecutionProcessID":3312,"Opcode":"Info","SourceName":"Microsoft-Windows-Sysmon","Keywords":-9223372036854775808,"EventID":10,"Domain":"NT AUTHORITY","Category":"Process accessed (rule: ProcessAccess)","@version":"1","AccountName":"SYSTEM","host":"wec.internal.cloudapp.net","SourceImage":"C:\\windows\\system32\\svchost.exe","SeverityValue":2,"EventTime":"2020-10-12 18:34:00","Message":"Process accessed:\r\nRuleName: -\r\nUtcTime: 2020-10-12 22:34:00.003\r\nSourceProcessGUID: {71b87c12-d256-5f84-1200-000000000500}\r\nSourceProcessId: 60\r\nSourceThreadId: 5000\r\nSourceImage: C:\\windows\\system32\\svchost.exe\r\nTargetProcessGUID: {71b87c12-d259-5f84-4b00-000000000500}\r\nTargetProcessId: 3184\r\nTargetImage: C:\\windows\\System32\\svchost.exe\r\nGrantedAccess: 0x1000\r\nCallTrace: C:\\windows\\SYSTEM32\\ntdll.dll+9c534|C:\\windows\\System32\\KERNELBASE.dll+6aec5|c:\\windows\\system32\\lsm.dll+f6ba|C:\\windows\\System32\\RPCRT4.dll+76a53|C:\\windows\\System32\\RPCRT4.dll+da036|C:\\windows\\System32\\RPCRT4.dll+37b1c|C:\\windows\\System32\\RPCRT4.dll+54998|C:\\windows\\System32\\RPCRT4.dll+2c951|C:\\windows\\System32\\RPCRT4.dll+2c20b|C:\\windows\\System32\\RPCRT4.dll+1a86f|C:\\windows\\System32\\RPCRT4.dll+19d1a|C:\\windows\\System32\\RPCRT4.dll+19301|C:\\windows\\System32\\RPCRT4.dll+18d6e|C:\\windows\\System32\\RPCRT4.dll+169a5|C:\\windows\\SYSTEM32\\ntdll.dll+333ed|C:\\windows\\SYSTEM32\\ntdll.dll+34142|C:\\windows\\System32\\KERNEL32.DLL+17bd4|C:\\windows\\SYSTEM32\\ntdll.dll+6ce51","SourceModuleName":"eventlog","GrantedAccess":"0x1000","AccountType":"User","TargetProcessGUID":"{71b87c12-d259-5f84-4b00-000000000500}"}
{"SourceProcessId":"60","RuleName":"-","@timestamp":"2020-10-12T22:34:01.515Z","Channel":"Microsoft-Windows-Sysmon/Operational","UserID":"S-1-5-18","TargetProcessId":"3184","CallTrace":"C:\\windows\\SYSTEM32\\ntdll.dll+9c534|C:\\windows\\System32\\KERNELBASE.dll+6aec5|c:\\windows\\system32\\lsm.dll+f97f|c:\\windows\\system32\\lsm.dll+f7ad|C:\\windows\\System32\\RPCRT4.dll+76a53|C:\\windows\\System32\\RPCRT4.dll+da036|C:\\windows\\System32\\RPCRT4.dll+37b1c|C:\\windows\\System32\\RPCRT4.dll+54998|C:\\windows\\System32\\RPCRT4.dll+2c951|C:\\windows\\System32\\RPCRT4.dll+2c20b|C:\\windows\\System32\\RPCRT4.dll+1a86f|C:\\windows\\System32\\RPCRT4.dll+19d1a|C:\\windows\\System32\\RPCRT4.dll+19301|C:\\windows\\System32\\RPCRT4.dll+18d6e|C:\\windows\\System32\\RPCRT4.dll+169a5|C:\\windows\\SYSTEM32\\ntdll.dll+333ed|C:\\windows\\SYSTEM32\\ntdll.dll+34142|C:\\windows\\System32\\KERNEL32.DLL+17bd4|C:\\windows\\SYSTEM32\\ntdll.dll+6ce51","RecordNumber":338418,"ThreadID":3444,"SourceProcessGUID":"{71b87c12-d256-5f84-1200-000000000500}","TargetImage":"C:\\windows\\System32\\svchost.exe","ProcessId":"60","Version":3,"Hostname":"WORKSTATION5.theshire.local","EventReceivedTime":"2020-10-12 18:34:01","ProviderGuid":"{5770385F-C22A-43E0-BF4C-06F5698FFBD9}","UtcTime":"2020-10-12 22:34:00.003","port":61041,"Severity":"INFO","tags":["mordorDataset"],"Task":10,"SourceThreadId":"5000","SourceModuleType":"im_msvistalog","OpcodeValue":0,"EventType":"INFO","ExecutionProcessID":3312,"Opcode":"Info","SourceName":"Microsoft-Windows-Sysmon","Keywords":-9223372036854775808,"EventID":10,"Domain":"NT AUTHORITY","Category":"Process accessed (rule: ProcessAccess)","@version":"1","AccountName":"SYSTEM","host":"wec.internal.cloudapp.net","SourceImage":"C:\\windows\\system32\\svchost.exe","SeverityValue":2,"EventTime":"2020-10-12 18:34:00","Message":"Process accessed:\r\nRuleName: -\r\nUtcTime: 2020-10-12 22:34:00.003\r\nSourceProcessGUID: {71b87c12-d256-5f84-1200-000000000500}\r\nSourceProcessId: 60\r\nSourceThreadId: 5000\r\nSourceImage: C:\\windows\\system32\\svchost.exe\r\nTargetProcessGUID: {71b87c12-d259-5f84-4b00-000000000500}\r\nTargetProcessId: 3184\r\nTargetImage: C:\\windows\\System32\\svchost.exe\r\nGrantedAccess: 0x1000\r\nCallTrace: C:\\windows\\SYSTEM32\\ntdll.dll+9c534|C:\\windows\\System32\\KERNELBASE.dll+6aec5|c:\\windows\\system32\\lsm.dll+f97f|c:\\windows\\system32\\lsm.dll+f7ad|C:\\windows\\System32\\RPCRT4.dll+76a53|C:\\windows\\System32\\RPCRT4.dll+da036|C:\\windows\\System32\\RPCRT4.dll+37b1c|C:\\windows\\System32\\RPCRT4.dll+54998|C:\\windows\\System32\\RPCRT4.dll+2c951|C:\\windows\\System32\\RPCRT4.dll+2c20b|C:\\windows\\System32\\RPCRT4.dll+1a86f|C:\\windows\\System32\\RPCRT4.dll+19d1a|C:\\windows\\System32\\RPCRT4.dll+19301|C:\\windows\\System32\\RPCRT4.dll+18d6e|C:\\windows\\System32\\RPCRT4.dll+169a5|C:\\windows\\SYSTEM32\\ntdll.dll+333ed|C:\\windows\\SYSTEM32\\ntdll.dll+34142|C:\\windows\\System32\\KERNEL32.DLL+17bd4|C:\\windows\\SYSTEM32\\ntdll.dll+6ce51","SourceModuleName":"eventlog","GrantedAccess":"0x1000","AccountType":"User","TargetProcessGUID":"{71b87c12-d259-5f84-4b00-000000000500}"}
{"SourceProcessId":"60","RuleName":"-","@timestamp":"2020-10-12T22:34:01.515Z","Channel":"Microsoft-Windows-Sysmon/Operational","UserID":"S-1-5-18","TargetProcessId":"3184","CallTrace":"C:\\windows\\SYSTEM32\\ntdll.dll+9c534|C:\\windows\\System32\\KERNELBASE.dll+6aec5|c:\\windows\\system32\\lsm.dll+f6ba|C:\\windows\\System32\\RPCRT4.dll+76a53|C:\\windows\\System32\\RPCRT4.dll+da036|C:\\windows\\System32\\RPCRT4.dll+37b1c|C:\\windows\\System32\\RPCRT4.dll+54998|C:\\windows\\System32\\RPCRT4.dll+2c951|C:\\windows\\System32\\RPCRT4.dll+2c20b|C:\\windows\\System32\\RPCRT4.dll+1a86f|C:\\windows\\System32\\RPCRT4.dll+19d1a|C:\\windows\\System32\\RPCRT4.dll+19301|C:\\windows\\System32\\RPCRT4.dll+18d6e|C:\\windows\\System32\\RPCRT4.dll+169a5|C:\\windows\\SYSTEM32\\ntdll.dll+333ed|C:\\windows\\SYSTEM32\\ntdll.dll+34142|C:\\windows\\System32\\KERNEL32.DLL+17bd4|C:\\windows\\SYSTEM32\\ntdll.dll+6ce51","RecordNumber":338419,"ThreadID":3444,"SourceProcessGUID":"{71b87c12-d256-5f84-1200-000000000500}","TargetImage":"C:\\windows\\System32\\svchost.exe","ProcessId":"60","Version":3,"Hostname":"WORKSTATION5.theshire.local","EventReceivedTime":"2020-10-12 18:34:01","ProviderGuid":"{5770385F-C22A-43E0-BF4C-06F5698FFBD9}","UtcTime":"2020-10-12 22:34:00.003","port":61041,"Severity":"INFO","tags":["mordorDataset"],"Task":10,"SourceThreadId":"5000","SourceModuleType":"im_msvistalog","OpcodeValue":0,"EventType":"INFO","ExecutionProcessID":3312,"Opcode":"Info","SourceName":"Microsoft-Windows-Sysmon","Keywords":-9223372036854775808,"EventID":10,"Domain":"NT AUTHORITY","Category":"Process accessed (rule: ProcessAccess)","@version":"1","AccountName":"SYSTEM","host":"wec.internal.cloudapp.net","SourceImage":"C:\\windows\\system32\\svchost.exe","SeverityValue":2,"EventTime":"2020-10-12 18:34:00","Message":"Process accessed:\r\nRuleName: -\r\nUtcTime: 2020-10-12 22:34:00.003\r\nSourceProcessGUID: {71b87c12-d256-5f84-1200-000000000500}\r\nSourceProcessId: 60\r\nSourceThreadId: 5000\r\nSourceImage: C:\\windows\\system32\\svchost.exe\r\nTargetProcessGUID: {71b87c12-d259-5f84-4b00-000000000500}\r\nTargetProcessId: 3184\r\nTargetImage: C:\\windows\\System32\\svchost.exe\r\nGrantedAccess: 0x1000\r\nCallTrace: C:\\windows\\SYSTEM32\\ntdll.dll+9c534|C:\\windows\\System32\\KERNELBASE.dll+6aec5|c:\\windows\\system32\\lsm.dll+f6ba|C:\\windows\\System32\\RPCRT4.dll+76a53|C:\\windows\\System32\\RPCRT4.dll+da036|C:\\windows\\System32\\RPCRT4.dll+37b1c|C:\\windows\\System32\\RPCRT4.dll+54998|C:\\windows\\System32\\RPCRT4.dll+2c951|C:\\windows\\System32\\RPCRT4.dll+2c20b|C:\\windows\\System32\\RPCRT4.dll+1a86f|C:\\windows\\System32\\RPCRT4.dll+19d1a|C:\\windows\\System32\\RPCRT4.dll+19301|C:\\windows\\System32\\RPCRT4.dll+18d6e|C:\\windows\\System32\\RPCRT4.dll+169a5|C:\\windows\\SYSTEM32\\ntdll.dll+333ed|C:\\windows\\SYSTEM32\\ntdll.dll+34142|C:\\windows\\System32\\KERNEL32.DLL+17bd4|C:\\windows\\SYSTEM32\\ntdll.dll+6ce51","SourceModuleName":"eventlog","GrantedAccess":"0x1000","AccountType":"User","TargetProcessGUID":"{71b87c12-d259-5f84-4b00-000000000500}"}
{"SourceProcessId":"60","RuleName":"-","@timestamp":"2020-10-12T22:34:01.516Z","Channel":"Microsoft-Windows-Sysmon/Operational","UserID":"S-1-5-18","TargetProcessId":"3184","CallTrace":"C:\\windows\\SYSTEM32\\ntdll.dll+9c534|C:\\windows\\System32\\KERNELBASE.dll+6aec5|c:\\windows\\system32\\lsm.dll+f97f|c:\\windows\\system32\\lsm.dll+f7ad|C:\\windows\\System32\\RPCRT4.dll+76a53|C:\\windows\\System32\\RPCRT4.dll+da036|C:\\windows\\System32\\RPCRT4.dll+37b1c|C:\\windows\\System32\\RPCRT4.dll+54998|C:\\windows\\System32\\RPCRT4.dll+2c951|C:\\windows\\System32\\RPCRT4.dll+2c20b|C:\\windows\\System32\\RPCRT4.dll+1a86f|C:\\windows\\System32\\RPCRT4.dll+19d1a|C:\\windows\\System32\\RPCRT4.dll+19301|C:\\windows\\System32\\RPCRT4.dll+18d6e|C:\\windows\\System32\\RPCRT4.dll+169a5|C:\\windows\\SYSTEM32\\ntdll.dll+333ed|C:\\windows\\SYSTEM32\\ntdll.dll+34142|C:\\windows\\System32\\KERNEL32.DLL+17bd4|C:\\windows\\SYSTEM32\\ntdll.dll+6ce51","RecordNumber":338420,"ThreadID":3444,"SourceProcessGUID":"{71b87c12-d256-5f84-1200-000000000500}","TargetImage":"C:\\windows\\System32\\svchost.exe","ProcessId":"60","Version":3,"Hostname":"WORKSTATION5.theshire.local","EventReceivedTime":"2020-10-12 18:34:01","ProviderGuid":"{5770385F-C22A-43E0-BF4C-06F5698FFBD9}","UtcTime":"2020-10-12 22:34:00.003","port":61041,"Severity":"INFO","tags":["mordorDataset"],"Task":10,"SourceThreadId":"5000","SourceModuleType":"im_msvistalog","OpcodeValue":0,"EventType":"INFO","ExecutionProcessID":3312,"Opcode":"Info","SourceName":"Microsoft-Windows-Sysmon","Keywords":-9223372036854775808,"EventID":10,"Domain":"NT AUTHORITY","Category":"Process accessed (rule: ProcessAccess)","@version":"1","AccountName":"SYSTEM","host":"wec.internal.cloudapp.net","SourceImage":"C:\\windows\\system32\\svchost.exe","SeverityValue":2,"EventTime":"2020-10-12 18:34:00","Message":"Process accessed:\r\nRuleName: -\r\nUtcTime: 2020-10-12 22:34:00.003\r\nSourceProcessGUID: {71b87c12-d256-5f84-1200-000000000500}\r\nSourceProcessId: 60\r\nSourceThreadId: 5000\r\nSourceImage: C:\\windows\\system32\\svchost.exe\r\nTargetProcessGUID: {71b87c12-d259-5f84-4b00-000000000500}\r\nTargetProcessId: 3184\r\nTargetImage: C:\\windows\\System32\\svchost.exe\r\nGrantedAccess: 0x1000\r\nCallTrace: C:\\windows\\SYSTEM32\\ntdll.dll+9c534|C:\\windows\\System32\\KERNELBASE.dll+6aec5|c:\\windows\\system32\\lsm.dll+f97f|c:\\windows\\system32\\lsm.dll+f7ad|C:\\windows\\System32\\RPCRT4.dll+76a53|C:\\windows\\System32\\RPCRT4.dll+da036|C:\\windows\\System32\\RPCRT4.dll+37b1c|C:\\windows\\System32\\RPCRT4.dll+54998|C:\\windows\\System32\\RPCRT4.dll+2c951|C:\\windows\\System32\\RPCRT4.dll+2c20b|C:\\windows\\System32\\RPCRT4.dll+1a86f|C:\\windows\\System32\\RPCRT4.dll+19d1a|C:\\windows\\System32\\RPCRT4.dll+19301|C:\\windows\\System32\\RPCRT4.dll+18d6e|C:\\windows\\System32\\RPCRT4.dll+169a5|C:\\windows\\SYSTEM32\\ntdll.dll+333ed|C:\\windows\\SYSTEM32\\ntdll.dll+34142|C:\\windows\\System32\\KERNEL32.DLL+17bd4|C:\\windows\\SYSTEM32\\ntdll.dll+6ce51","SourceModuleName":"eventlog","GrantedAccess":"0x1000","AccountType":"User","TargetProcessGUID":"{71b87c12-d259-5f84-4b00-000000000500}"}
{"SourceProcessId":"60","RuleName":"-","@timestamp":"2020-10-12T22:34:01.516Z","Channel":"Microsoft-Windows-Sysmon/Operational","UserID":"S-1-5-18","TargetProcessId":"3184","CallTrace":"C:\\windows\\SYSTEM32\\ntdll.dll+9c534|C:\\windows\\System32\\KERNELBASE.dll+6aec5|c:\\windows\\system32\\lsm.dll+111b6|C:\\windows\\System32\\RPCRT4.dll+76a53|C:\\windows\\System32\\RPCRT4.dll+da036|C:\\windows\\System32\\RPCRT4.dll+37b1c|C:\\windows\\System32\\RPCRT4.dll+54998|C:\\windows\\System32\\RPCRT4.dll+2c951|C:\\windows\\System32\\RPCRT4.dll+2c20b|C:\\windows\\System32\\RPCRT4.dll+1a86f|C:\\windows\\System32\\RPCRT4.dll+19d1a|C:\\windows\\System32\\RPCRT4.dll+19301|C:\\windows\\System32\\RPCRT4.dll+18d6e|C:\\windows\\System32\\RPCRT4.dll+169a5|C:\\windows\\SYSTEM32\\ntdll.dll+333ed|C:\\windows\\SYSTEM32\\ntdll.dll+34142|C:\\windows\\System32\\KERNEL32.DLL+17bd4|C:\\windows\\SYSTEM32\\ntdll.dll+6ce51","RecordNumber":338421,"ThreadID":3444,"SourceProcessGUID":"{71b87c12-d256-5f84-1200-000000000500}","TargetImage":"C:\\windows\\System32\\svchost.exe","ProcessId":"60","Version":3,"Hostname":"WORKSTATION5.theshire.local","EventReceivedTime":"2020-10-12 18:34:01","ProviderGuid":"{5770385F-C22A-43E0-BF4C-06F5698FFBD9}","UtcTime":"2020-10-12 22:34:00.003","port":61041,"Severity":"INFO","tags":["mordorDataset"],"Task":10,"SourceThreadId":"6676","SourceModuleType":"im_msvistalog","OpcodeValue":0,"EventType":"INFO","ExecutionProcessID":3312,"Opcode":"Info","SourceName":"Microsoft-Windows-Sysmon","Keywords":-9223372036854775808,"EventID":10,"Domain":"NT AUTHORITY","Category":"Process accessed (rule: ProcessAccess)","@version":"1","AccountName":"SYSTEM","host":"wec.internal.cloudapp.net","SourceImage":"C:\\windows\\system32\\svchost.exe","SeverityValue":2,"EventTime":"2020-10-12 18:34:00","Message":"Process accessed:\r\nRuleName: -\r\nUtcTime: 2020-10-12 22:34:00.003\r\nSourceProcessGUID: {71b87c12-d256-5f84-1200-000000000500}\r\nSourceProcessId: 60\r\nSourceThreadId: 6676\r\nSourceImage: C:\\windows\\system32\\svchost.exe\r\nTargetProcessGUID: {71b87c12-d259-5f84-4b00-000000000500}\r\nTargetProcessId: 3184\r\nTargetImage: C:\\windows\\System32\\svchost.exe\r\nGrantedAccess: 0x1000\r\nCallTrace: C:\\windows\\SYSTEM32\\ntdll.dll+9c534|C:\\windows\\System32\\KERNELBASE.dll+6aec5|c:\\windows\\system32\\lsm.dll+111b6|C:\\windows\\System32\\RPCRT4.dll+76a53|C:\\windows\\System32\\RPCRT4.dll+da036|C:\\windows\\System32\\RPCRT4.dll+37b1c|C:\\windows\\System32\\RPCRT4.dll+54998|C:\\windows\\System32\\RPCRT4.dll+2c951|C:\\windows\\System32\\RPCRT4.dll+2c20b|C:\\windows\\System32\\RPCRT4.dll+1a86f|C:\\windows\\System32\\RPCRT4.dll+19d1a|C:\\windows\\System32\\RPCRT4.dll+19301|C:\\windows\\System32\\RPCRT4.dll+18d6e|C:\\windows\\System32\\RPCRT4.dll+169a5|C:\\windows\\SYSTEM32\\ntdll.dll+333ed|C:\\windows\\SYSTEM32\\ntdll.dll+34142|C:\\windows\\System32\\KERNEL32.DLL+17bd4|C:\\windows\\SYSTEM32\\ntdll.dll+6ce51","SourceModuleName":"eventlog","GrantedAccess":"0x1000","AccountType":"User","TargetProcessGUID":"{71b87c12-d259-5f84-4b00-000000000500}"}
{"SourceProcessId":"60","RuleName":"-","@timestamp":"2020-10-12T22:34:01.517Z","Channel":"Microsoft-Windows-Sysmon/Operational","UserID":"S-1-5-18","TargetProcessId":"1028","CallTrace":"C:\\windows\\SYSTEM32\\ntdll.dll+9c534|C:\\windows\\System32\\KERNELBASE.dll+305fe|c:\\windows\\system32\\lsm.dll+1a207|C:\\windows\\System32\\RPCRT4.dll+76a53|C:\\windows\\System32\\RPCRT4.dll+da036|C:\\windows\\System32\\RPCRT4.dll+38359|C:\\windows\\System32\\combase.dll+a5cbf|C:\\windows\\System32\\combase.dll+8d0a3|C:\\windows\\System32\\combase.dll+8ce93|C:\\windows\\System32\\combase.dll+a9516|C:\\windows\\System32\\combase.dll+8a4ba|C:\\windows\\System32\\combase.dll+a47ad|C:\\windows\\System32\\combase.dll+4019c|C:\\windows\\System32\\combase.dll+40a01|C:\\windows\\System32\\combase.dll+421a8|C:\\windows\\System32\\RPCRT4.dll+54998|C:\\windows\\System32\\RPCRT4.dll+2c951|C:\\windows\\System32\\RPCRT4.dll+2c4a0|C:\\windows\\System32\\RPCRT4.dll+1a6bf|C:\\windows\\System32\\RPCRT4.dll+19d1a|C:\\windows\\System32\\RPCRT4.dll+19301|C:\\windows\\System32\\RPCRT4.dll+18d6e|C:\\windows\\System32\\RPCRT4.dll+169a5|C:\\windows\\SYSTEM32\\ntdll.dll+333ed","RecordNumber":338422,"ThreadID":3444,"SourceProcessGUID":"{71b87c12-d256-5f84-1200-000000000500}","TargetImage":"C:\\windows\\System32\\svchost.exe","ProcessId":"60","Version":3,"Hostname":"WORKSTATION5.theshire.local","EventReceivedTime":"2020-10-12 18:34:01","ProviderGuid":"{5770385F-C22A-43E0-BF4C-06F5698FFBD9}","UtcTime":"2020-10-12 22:34:00.003","port":61041,"Severity":"INFO","tags":["mordorDataset"],"Task":10,"SourceThreadId":"6676","SourceModuleType":"im_msvistalog","OpcodeValue":0,"EventType":"INFO","ExecutionProcessID":3312,"Opcode":"Info","SourceName":"Microsoft-Windows-Sysmon","Keywords":-9223372036854775808,"EventID":10,"Domain":"NT AUTHORITY","Category":"Process accessed (rule: ProcessAccess)","@version":"1","AccountName":"SYSTEM","host":"wec.internal.cloudapp.net","SourceImage":"C:\\windows\\system32\\svchost.exe","SeverityValue":2,"EventTime":"2020-10-12 18:34:00","Message":"Process accessed:\r\nRuleName: -\r\nUtcTime: 2020-10-12 22:34:00.003\r\nSourceProcessGUID: {71b87c12-d256-5f84-1200-000000000500}\r\nSourceProcessId: 60\r\nSourceThreadId: 6676\r\nSourceImage: C:\\windows\\system32\\svchost.exe\r\nTargetProcessGUID: {71b87c12-d257-5f84-1600-000000000500}\r\nTargetProcessId: 1028\r\nTargetImage: C:\\windows\\System32\\svchost.exe\r\nGrantedAccess: 0x40\r\nCallTrace: C:\\windows\\SYSTEM32\\ntdll.dll+9c534|C:\\windows\\System32\\KERNELBASE.dll+305fe|c:\\windows\\system32\\lsm.dll+1a207|C:\\windows\\System32\\RPCRT4.dll+76a53|C:\\windows\\System32\\RPCRT4.dll+da036|C:\\windows\\System32\\RPCRT4.dll+38359|C:\\windows\\System32\\combase.dll+a5cbf|C:\\windows\\System32\\combase.dll+8d0a3|C:\\windows\\System32\\combase.dll+8ce93|C:\\windows\\System32\\combase.dll+a9516|C:\\windows\\System32\\combase.dll+8a4ba|C:\\windows\\System32\\combase.dll+a47ad|C:\\windows\\System32\\combase.dll+4019c|C:\\windows\\System32\\combase.dll+40a01|C:\\windows\\System32\\combase.dll+421a8|C:\\windows\\System32\\RPCRT4.dll+54998|C:\\windows\\System32\\RPCRT4.dll+2c951|C:\\windows\\System32\\RPCRT4.dll+2c4a0|C:\\windows\\System32\\RPCRT4.dll+1a6bf|C:\\windows\\System32\\RPCRT4.dll+19d1a|C:\\windows\\System32\\RPCRT4.dll+19301|C:\\windows\\System32\\RPCRT4.dll+18d6e|C:\\windows\\System32\\RPCRT4.dll+169a5|C:\\windows\\SYSTEM32\\ntdll.dll+333ed","SourceModuleName":"eventlog","GrantedAccess":"0x40","AccountType":"User","TargetProcessGUID":"{71b87c12-d257-5f84-1600-000000000500}"}
{"SourceProcessId":"60","RuleName":"-","@timestamp":"2020-10-12T22:34:01.518Z","Channel":"Microsoft-Windows-Sysmon/Operational","UserID":"S-1-5-18","TargetProcessId":"3184","CallTrace":"C:\\windows\\SYSTEM32\\ntdll.dll+9c534|C:\\windows\\System32\\KERNELBASE.dll+6aec5|c:\\windows\\system32\\lsm.dll+111b6|C:\\windows\\System32\\RPCRT4.dll+76a53|C:\\windows\\System32\\RPCRT4.dll+da036|C:\\windows\\System32\\RPCRT4.dll+37b1c|C:\\windows\\System32\\RPCRT4.dll+54998|C:\\windows\\System32\\RPCRT4.dll+2c951|C:\\windows\\System32\\RPCRT4.dll+2c20b|C:\\windows\\System32\\RPCRT4.dll+1a86f|C:\\windows\\System32\\RPCRT4.dll+19d1a|C:\\windows\\System32\\RPCRT4.dll+19301|C:\\windows\\System32\\RPCRT4.dll+18d6e|C:\\windows\\System32\\RPCRT4.dll+169a5|C:\\windows\\SYSTEM32\\ntdll.dll+333ed|C:\\windows\\SYSTEM32\\ntdll.dll+34142|C:\\windows\\System32\\KERNEL32.DLL+17bd4|C:\\windows\\SYSTEM32\\ntdll.dll+6ce51","RecordNumber":338423,"ThreadID":3444,"SourceProcessGUID":"{71b87c12-d256-5f84-1200-000000000500}","TargetImage":"C:\\windows\\System32\\svchost.exe","ProcessId":"60","Version":3,"Hostname":"WORKSTATION5.theshire.local","EventReceivedTime":"2020-10-12 18:34:01","ProviderGuid":"{5770385F-C22A-43E0-BF4C-06F5698FFBD9}","UtcTime":"2020-10-12 22:34:00.003","port":61041,"Severity":"INFO","tags":["mordorDataset"],"Task":10,"SourceThreadId":"6676","SourceModuleType":"im_msvistalog","OpcodeValue":0,"EventType":"INFO","ExecutionProcessID":3312,"Opcode":"Info","SourceName":"Microsoft-Windows-Sysmon","Keywords":-9223372036854775808,"EventID":10,"Domain":"NT AUTHORITY","Category":"Process accessed (rule: ProcessAccess)","@version":"1","AccountName":"SYSTEM","host":"wec.internal.cloudapp.net","SourceImage":"C:\\windows\\system32\\svchost.exe","SeverityValue":2,"EventTime":"2020-10-12 18:34:00","Message":"Process accessed:\r\nRuleName: -\r\nUtcTime: 2020-10-12 22:34:00.003\r\nSourceProcessGUID: {71b87c12-d256-5f84-1200-000000000500}\r\nSourceProcessId: 60\r\nSourceThreadId: 6676\r\nSourceImage: C:\\windows\\system32\\svchost.exe\r\nTargetProcessGUID: {71b87c12-d259-5f84-4b00-000000000500}\r\nTargetProcessId: 3184\r\nTargetImage: C:\\windows\\System32\\svchost.exe\r\nGrantedAccess: 0x1000\r\nCallTrace: C:\\windows\\SYSTEM32\\ntdll.dll+9c534|C:\\windows\\System32\\KERNELBASE.dll+6aec5|c:\\windows\\system32\\lsm.dll+111b6|C:\\windows\\System32\\RPCRT4.dll+76a53|C:\\windows\\System32\\RPCRT4.dll+da036|C:\\windows\\System32\\RPCRT4.dll+37b1c|C:\\windows\\System32\\RPCRT4.dll+54998|C:\\windows\\System32\\RPCRT4.dll+2c951|C:\\windows\\System32\\RPCRT4.dll+2c20b|C:\\windows\\System32\\RPCRT4.dll+1a86f|C:\\windows\\System32\\RPCRT4.dll+19d1a|C:\\windows\\System32\\RPCRT4.dll+19301|C:\\windows\\System32\\RPCRT4.dll+18d6e|C:\\windows\\System32\\RPCRT4.dll+169a5|C:\\windows\\SYSTEM32\\ntdll.dll+333ed|C:\\windows\\SYSTEM32\\ntdll.dll+34142|C:\\windows\\System32\\KERNEL32.DLL+17bd4|C:\\windows\\SYSTEM32\\ntdll.dll+6ce51","SourceModuleName":"eventlog","GrantedAccess":"0x1000","AccountType":"User","TargetProcessGUID":"{71b87c12-d259-5f84-4b00-000000000500}"}
{"SourceProcessId":"60","RuleName":"-","@timestamp":"2020-10-12T22:34:01.518Z","Channel":"Microsoft-Windows-Sysmon/Operational","UserID":"S-1-5-18","TargetProcessId":"1028","CallTrace":"C:\\windows\\SYSTEM32\\ntdll.dll+9c534|C:\\windows\\System32\\KERNELBASE.dll+305fe|c:\\windows\\system32\\lsm.dll+1a207|C:\\windows\\System32\\RPCRT4.dll+76a53|C:\\windows\\System32\\RPCRT4.dll+da036|C:\\windows\\System32\\RPCRT4.dll+38359|C:\\windows\\System32\\combase.dll+a5cbf|C:\\windows\\System32\\combase.dll+8d0a3|C:\\windows\\System32\\combase.dll+8ce93|C:\\windows\\System32\\combase.dll+a9516|C:\\windows\\System32\\combase.dll+8a4ba|C:\\windows\\System32\\combase.dll+a47ad|C:\\windows\\System32\\combase.dll+4019c|C:\\windows\\System32\\combase.dll+40a01|C:\\windows\\System32\\combase.dll+421a8|C:\\windows\\System32\\RPCRT4.dll+54998|C:\\windows\\System32\\RPCRT4.dll+2c951|C:\\windows\\System32\\RPCRT4.dll+2c4a0|C:\\windows\\System32\\RPCRT4.dll+1a6bf|C:\\windows\\System32\\RPCRT4.dll+19d1a|C:\\windows\\System32\\RPCRT4.dll+19301|C:\\windows\\System32\\RPCRT4.dll+18d6e|C:\\windows\\System32\\RPCRT4.dll+169a5|C:\\windows\\SYSTEM32\\ntdll.dll+333ed","RecordNumber":338424,"ThreadID":3444,"SourceProcessGUID":"{71b87c12-d256-5f84-1200-000000000500}","TargetImage":"C:\\windows\\System32\\svchost.exe","ProcessId":"60","Version":3,"Hostname":"WORKSTATION5.theshire.local","EventReceivedTime":"2020-10-12 18:34:01","ProviderGuid":"{5770385F-C22A-43E0-BF4C-06F5698FFBD9}","UtcTime":"2020-10-12 22:34:00.003","port":61041,"Severity":"INFO","tags":["mordorDataset"],"Task":10,"SourceThreadId":"6676","SourceModuleType":"im_msvistalog","OpcodeValue":0,"EventType":"INFO","ExecutionProcessID":3312,"Opcode":"Info","SourceName":"Microsoft-Windows-Sysmon","Keywords":-9223372036854775808,"EventID":10,"Domain":"NT AUTHORITY","Category":"Process accessed (rule: ProcessAccess)","@version":"1","AccountName":"SYSTEM","host":"wec.internal.cloudapp.net","SourceImage":"C:\\windows\\system32\\svchost.exe","SeverityValue":2,"EventTime":"2020-10-12 18:34:00","Message":"Process accessed:\r\nRuleName: -\r\nUtcTime: 2020-10-12 22:34:00.003\r\nSourceProcessGUID: {71b87c12-d256-5f84-1200-000000000500}\r\nSourceProcessId: 60\r\nSourceThreadId: 6676\r\nSourceImage: C:\\windows\\system32\\svchost.exe\r\nTargetProcessGUID: {71b87c12-d257-5f84-1600-000000000500}\r\nTargetProcessId: 1028\r\nTargetImage: C:\\windows\\System32\\svchost.exe\r\nGrantedAccess: 0x40\r\nCallTrace: C:\\windows\\SYSTEM32\\ntdll.dll+9c534|C:\\windows\\System32\\KERNELBASE.dll+305fe|c:\\windows\\system32\\lsm.dll+1a207|C:\\windows\\System32\\RPCRT4.dll+76a53|C:\\windows\\System32\\RPCRT4.dll+da036|C:\\windows\\System32\\RPCRT4.dll+38359|C:\\windows\\System32\\combase.dll+a5cbf|C:\\windows\\System32\\combase.dll+8d0a3|C:\\windows\\System32\\combase.dll+8ce93|C:\\windows\\System32\\combase.dll+a9516|C:\\windows\\System32\\combase.dll+8a4ba|C:\\windows\\System32\\combase.dll+a47ad|C:\\windows\\System32\\combase.dll+4019c|C:\\windows\\System32\\combase.dll+40a01|C:\\windows\\System32\\combase.dll+421a8|C:\\windows\\System32\\RPCRT4.dll+54998|C:\\windows\\System32\\RPCRT4.dll+2c951|C:\\windows\\System32\\RPCRT4.dll+2c4a0|C:\\windows\\System32\\RPCRT4.dll+1a6bf|C:\\windows\\System32\\RPCRT4.dll+19d1a|C:\\windows\\System32\\RPCRT4.dll+19301|C:\\windows\\System32\\RPCRT4.dll+18d6e|C:\\windows\\System32\\RPCRT4.dll+169a5|C:\\windows\\SYSTEM32\\ntdll.dll+333ed","SourceModuleName":"eventlog","GrantedAccess":"0x40","AccountType":"User","TargetProcessGUID":"{71b87c12-d257-5f84-1600-000000000500}"}
{"SourceProcessId":"60","RuleName":"-","@timestamp":"2020-10-12T22:34:01.519Z","Channel":"Microsoft-Windows-Sysmon/Operational","UserID":"S-1-5-18","TargetProcessId":"3184","CallTrace":"C:\\windows\\SYSTEM32\\ntdll.dll+9c534|C:\\windows\\System32\\KERNELBASE.dll+6aec5|c:\\windows\\system32\\lsm.dll+111b6|C:\\windows\\System32\\RPCRT4.dll+76a53|C:\\windows\\System32\\RPCRT4.dll+da036|C:\\windows\\System32\\RPCRT4.dll+37b1c|C:\\windows\\System32\\RPCRT4.dll+54998|C:\\windows\\System32\\RPCRT4.dll+2c951|C:\\windows\\System32\\RPCRT4.dll+2c20b|C:\\windows\\System32\\RPCRT4.dll+1a86f|C:\\windows\\System32\\RPCRT4.dll+19d1a|C:\\windows\\System32\\RPCRT4.dll+19301|C:\\windows\\System32\\RPCRT4.dll+18d6e|C:\\windows\\System32\\RPCRT4.dll+169a5|C:\\windows\\SYSTEM32\\ntdll.dll+333ed|C:\\windows\\SYSTEM32\\ntdll.dll+34142|C:\\windows\\System32\\KERNEL32.DLL+17bd4|C:\\windows\\SYSTEM32\\ntdll.dll+6ce51","RecordNumber":338425,"ThreadID":3444,"SourceProcessGUID":"{71b87c12-d256-5f84-1200-000000000500}","TargetImage":"C:\\windows\\System32\\svchost.exe","ProcessId":"60","Version":3,"Hostname":"WORKSTATION5.theshire.local","EventReceivedTime":"2020-10-12 18:34:01","ProviderGuid":"{5770385F-C22A-43E0-BF4C-06F5698FFBD9}","UtcTime":"2020-10-12 22:34:00.003","port":61041,"Severity":"INFO","tags":["mordorDataset"],"Task":10,"SourceThreadId":"6676","SourceModuleType":"im_msvistalog","OpcodeValue":0,"EventType":"INFO","ExecutionProcessID":3312,"Opcode":"Info","SourceName":"Microsoft-Windows-Sysmon","Keywords":-9223372036854775808,"EventID":10,"Domain":"NT AUTHORITY","Category":"Process accessed (rule: ProcessAccess)","@version":"1","AccountName":"SYSTEM","host":"wec.internal.cloudapp.net","SourceImage":"C:\\windows\\system32\\svchost.exe","SeverityValue":2,"EventTime":"2020-10-12 18:34:00","Message":"Process accessed:\r\nRuleName: -\r\nUtcTime: 2020-10-12 22:34:00.003\r\nSourceProcessGUID: {71b87c12-d256-5f84-1200-000000000500}\r\nSourceProcessId: 60\r\nSourceThreadId: 6676\r\nSourceImage: C:\\windows\\system32\\svchost.exe\r\nTargetProcessGUID: {71b87c12-d259-5f84-4b00-000000000500}\r\nTargetProcessId: 3184\r\nTargetImage: C:\\windows\\System32\\svchost.exe\r\nGrantedAccess: 0x1000\r\nCallTrace: C:\\windows\\SYSTEM32\\ntdll.dll+9c534|C:\\windows\\System32\\KERNELBASE.dll+6aec5|c:\\windows\\system32\\lsm.dll+111b6|C:\\windows\\System32\\RPCRT4.dll+76a53|C:\\windows\\System32\\RPCRT4.dll+da036|C:\\windows\\System32\\RPCRT4.dll+37b1c|C:\\windows\\System32\\RPCRT4.dll+54998|C:\\windows\\System32\\RPCRT4.dll+2c951|C:\\windows\\System32\\RPCRT4.dll+2c20b|C:\\windows\\System32\\RPCRT4.dll+1a86f|C:\\windows\\System32\\RPCRT4.dll+19d1a|C:\\windows\\System32\\RPCRT4.dll+19301|C:\\windows\\System32\\RPCRT4.dll+18d6e|C:\\windows\\System32\\RPCRT4.dll+169a5|C:\\windows\\SYSTEM32\\ntdll.dll+333ed|C:\\windows\\SYSTEM32\\ntdll.dll+34142|C:\\windows\\System32\\KERNEL32.DLL+17bd4|C:\\windows\\SYSTEM32\\ntdll.dll+6ce51","SourceModuleName":"eventlog","GrantedAccess":"0x1000","AccountType":"User","TargetProcessGUID":"{71b87c12-d259-5f84-4b00-000000000500}"}
