{"@timestamp":"2020-10-12T22:34:49.131Z","port":61041,"Severity":"INFO","Task":12810,"Channel":"Security","tags":["mordorDataset"],"LayerName":"%%14608","SourceModuleType":"im_msvistalog","OpcodeValue":0,"Application":"\\device\\harddiskvolume2\\windows\\system32\\svchost.exe","EventType":"AUDIT_SUCCESS","ExecutionProcessID":4,"Opcode":"Info","RecordNumber":202380,"ThreadID":1452,"FilterRTID":"0","SourceName":"Microsoft-Windows-Security-Auditing","LayerRTID":"36","Keywords":-9214364837600034816,"EventID":5158,"Category":"Filtering Platform Connection","ProcessId":"3456","Version":0,"@version":"1","host":"wec.internal.cloudapp.net","Hostname":"MORDORDC.theshire.local","SourcePort":"61050","EventReceivedTime":"2020-10-12 18:34:49","SeverityValue":2,"EventTime":"2020-10-12 18:34:47","ProviderGuid":"{54849625-5478-4994-A5BA-3E3B0328C30D}","Message":"The Windows Filtering Platform has permitted a bind to a local port.\r\n\r\nApplication Information:\r\n\tProcess ID:\t\t3456\r\n\tApplication Name:\t\\device\\harddiskvolume2\\windows\\system32\\svchost.exe\r\n\r\nNetwork Information:\r\n\tSource Address:\t\t0.0.0.0\r\n\tSource Port:\t\t61050\r\n\tProtocol:\t\t6\r\n\r\nFilter Information:\r\n\tFilter Run-Time ID:\t0\r\n\tLayer Name:\t\tResource Assignment\r\n\tLayer Run-Time ID:\t36","SourceAddress":"0.0.0.0","SourceModuleName":"eventlog","Protocol":"6"}
{"@timestamp":"2020-10-12T22:34:49.131Z","port":61041,"Severity":"INFO","Task":12810,"Channel":"Security","tags":["mordorDataset"],"LayerName":"%%14608","SourceModuleType":"im_msvistalog","OpcodeValue":0,"Application":"\\device\\harddiskvolume2\\windows\\system32\\svchost.exe","EventType":"AUDIT_SUCCESS","ExecutionProcessID":4,"Opcode":"Info","RecordNumber":202383,"ThreadID":1452,"FilterRTID":"0","SourceName":"Microsoft-Windows-Security-Auditing","LayerRTID":"36","Keywords":-9214364837600034816,"EventID":5158,"Category":"Filtering Platform Connection","ProcessId":"3456","Version":0,"@version":"1","host":"wec.internal.cloudapp.net","Hostname":"MORDORDC.theshire.local","SourcePort":"61051","EventReceivedTime":"2020-10-12 18:34:49","SeverityValue":2,"EventTime":"2020-10-12 18:34:47","ProviderGuid":"{54849625-5478-4994-A5BA-3E3B0328C30D}","Message":"The Windows Filtering Platform has permitted a bind to a local port.\r\n\r\nApplication Information:\r\n\tProcess ID:\t\t3456\r\n\tApplication Name:\t\\device\\harddiskvolume2\\windows\\system32\\svchost.exe\r\n\r\nNetwork Information:\r\n\tSource Address:\t\t0.0.0.0\r\n\tSource Port:\t\t61051\r\n\tProtocol:\t\t6\r\n\r\nFilter Information:\r\n\tFilter Run-Time ID:\t0\r\n\tLayer Name:\t\tResource Assignment\r\n\tLayer Run-Time ID:\t36","SourceAddress":"0.0.0.0","SourceModuleName":"eventlog","Protocol":"6"}
{"@timestamp":"2020-10-12T22:34:49.132Z","port":61041,"Severity":"INFO","Task":12810,"Channel":"Security","tags":["mordorDataset"],"LayerName":"%%14608","SourceModuleType":"im_msvistalog","OpcodeValue":0,"Application":"\\device\\harddiskvolume2\\windows\\system32\\svchost.exe","EventType":"AUDIT_SUCCESS","ExecutionProcessID":4,"Opcode":"Info","RecordNumber":202384,"ThreadID":1452,"FilterRTID":"0","SourceName":"Microsoft-Windows-Security-Auditing","LayerRTID":"36","Keywords":-9214364837600034816,"EventID":5158,"Category":"Filtering Platform Connection","ProcessId":"3456","Version":0,"@version":"1","host":"wec.internal.cloudapp.net","Hostname":"MORDORDC.theshire.local","SourcePort":"61052","EventReceivedTime":"2020-10-12 18:34:49","SeverityValue":2,"EventTime":"2020-10-12 18:34:47","ProviderGuid":"{54849625-5478-4994-A5BA-3E3B0328C30D}","Message":"The Windows Filtering Platform has permitted a bind to a local port.\r\n\r\nApplication Information:\r\n\tProcess ID:\t\t3456\r\n\tApplication Name:\t\\device\\harddiskvolume2\\windows\\system32\\svchost.exe\r\n\r\nNetwork Information:\r\n\tSource Address:\t\t0.0.0.0\r\n\tSource Port:\t\t61052\r\n\tProtocol:\t\t6\r\n\r\nFilter Information:\r\n\tFilter Run-Time ID:\t0\r\n\tLayer Name:\t\tResource Assignment\r\n\tLayer Run-Time ID:\t36","SourceAddress":"0.0.0.0","SourceModuleName":"eventlog","Protocol":"6"}
{"@timestamp":"2020-10-12T22:34:49.133Z","port":61041,"Severity":"INFO","Task":12810,"Channel":"Security","tags":["mordorDataset"],"LayerName":"%%14608","SourceModuleType":"im_msvistalog","OpcodeValue":0,"Application":"\\device\\harddiskvolume2\\windows\\system32\\svchost.exe","EventType":"AUDIT_SUCCESS","ExecutionProcessID":4,"Opcode":"Info","RecordNumber":202387,"ThreadID":1452,"FilterRTID":"0","SourceName":"Microsoft-Windows-Security-Auditing","LayerRTID":"36","Keywords":-9214364837600034816,"EventID":5158,"Category":"Filtering Platform Connection","ProcessId":"3456","Version":0,"@version":"1","host":"wec.internal.cloudapp.net","Hostname":"MORDORDC.theshire.local","SourcePort":"61053","EventReceivedTime":"2020-10-12 18:34:49","SeverityValue":2,"EventTime":"2020-10-12 18:34:47","ProviderGuid":"{54849625-5478-4994-A5BA-3E3B0328C30D}","Message":"The Windows Filtering Platform has permitted a bind to a local port.\r\n\r\nApplication Information:\r\n\tProcess ID:\t\t3456\r\n\tApplication Name:\t\\device\\harddiskvolume2\\windows\\system32\\svchost.exe\r\n\r\nNetwork Information:\r\n\tSource Address:\t\t0.0.0.0\r\n\tSource Port:\t\t61053\r\n\tProtocol:\t\t6\r\n\r\nFilter Information:\r\n\tFilter Run-Time ID:\t0\r\n\tLayer Name:\t\tResource Assignment\r\n\tLayer Run-Time ID:\t36","SourceAddress":"0.0.0.0","SourceModuleName":"eventlog","Protocol":"6"}
{"@timestamp":"2020-10-12T22:34:49.133Z","port":61041,"Severity":"INFO","Task":12810,"Channel":"Security","tags":["mordorDataset"],"LayerName":"%%14608","SourceModuleType":"im_msvistalog","OpcodeValue":0,"Application":"\\device\\harddiskvolume2\\windows\\system32\\svchost.exe","EventType":"AUDIT_SUCCESS","ExecutionProcessID":4,"Opcode":"Info","RecordNumber":202388,"ThreadID":1452,"FilterRTID":"0","SourceName":"Microsoft-Windows-Security-Auditing","LayerRTID":"36","Keywords":-9214364837600034816,"EventID":5158,"Category":"Filtering Platform Connection","ProcessId":"3456","Version":0,"@version":"1","host":"wec.internal.cloudapp.net","Hostname":"MORDORDC.theshire.local","SourcePort":"61054","EventReceivedTime":"2020-10-12 18:34:49","SeverityValue":2,"EventTime":"2020-10-12 18:34:47","ProviderGuid":"{54849625-5478-4994-A5BA-3E3B0328C30D}","Message":"The Windows Filtering Platform has permitted a bind to a local port.\r\n\r\nApplication Information:\r\n\tProcess ID:\t\t3456\r\n\tApplication Name:\t\\device\\harddiskvolume2\\windows\\system32\\svchost.exe\r\n\r\nNetwork Information:\r\n\tSource Address:\t\t0.0.0.0\r\n\tSource Port:\t\t61054\r\n\tProtocol:\t\t6\r\n\r\nFilter Information:\r\n\tFilter Run-Time ID:\t0\r\n\tLayer Name:\t\tResource Assignment\r\n\tLayer Run-Time ID:\t36","SourceAddress":"0.0.0.0","SourceModuleName":"eventlog","Protocol":"6"}
{"@timestamp":"2020-10-12T22:34:49.134Z","port":61041,"Severity":"INFO","Task":12810,"Channel":"Security","tags":["mordorDataset"],"LayerName":"%%14608","SourceModuleType":"im_msvistalog","OpcodeValue":0,"Application":"\\device\\harddiskvolume2\\windows\\system32\\svchost.exe","EventType":"AUDIT_SUCCESS","ExecutionProcessID":4,"Opcode":"Info","RecordNumber":202391,"ThreadID":1452,"FilterRTID":"0","SourceName":"Microsoft-Windows-Security-Auditing","LayerRTID":"36","Keywords":-9214364837600034816,"EventID":5158,"Category":"Filtering Platform Connection","ProcessId":"3456","Version":0,"@version":"1","host":"wec.internal.cloudapp.net","Hostname":"MORDORDC.theshire.local","SourcePort":"61055","EventReceivedTime":"2020-10-12 18:34:49","SeverityValue":2,"EventTime":"2020-10-12 18:34:47","ProviderGuid":"{54849625-5478-4994-A5BA-3E3B0328C30D}","Message":"The Windows Filtering Platform has permitted a bind to a local port.\r\n\r\nApplication Information:\r\n\tProcess ID:\t\t3456\r\n\tApplication Name:\t\\device\\harddiskvolume2\\windows\\system32\\svchost.exe\r\n\r\nNetwork Information:\r\n\tSource Address:\t\t0.0.0.0\r\n\tSource Port:\t\t61055\r\n\tProtocol:\t\t6\r\n\r\nFilter Information:\r\n\tFilter Run-Time ID:\t0\r\n\tLayer Name:\t\tResource Assignment\r\n\tLayer Run-Time ID:\t36","SourceAddress":"0.0.0.0","SourceModuleName":"eventlog","Protocol":"6"}
{"@timestamp":"2020-10-12T22:34:49.134Z","port":61041,"Severity":"INFO","Task":12810,"Channel":"Security","tags":["mordorDataset"],"LayerName":"%%14608","SourceModuleType":"im_msvistalog","OpcodeValue":0,"Application":"\\device\\harddiskvolume2\\windows\\system32\\svchost.exe","EventType":"AUDIT_SUCCESS","ExecutionProcessID":4,"Opcode":"Info","RecordNumber":202392,"ThreadID":1452,"FilterRTID":"0","SourceName":"Microsoft-Windows-Security-Auditing","LayerRTID":"36","Keywords":-9214364837600034816,"EventID":5158,"Category":"Filtering Platform Connection","ProcessId":"3456","Version":0,"@version":"1","host":"wec.internal.cloudapp.net","Hostname":"MORDORDC.theshire.local","SourcePort":"61056","EventReceivedTime":"2020-10-12 18:34:49","SeverityValue":2,"EventTime":"2020-10-12 18:34:47","ProviderGuid":"{54849625-5478-4994-A5BA-3E3B0328C30D}","Message":"The Windows Filtering Platform has permitted a bind to a local port.\r\n\r\nApplication Information:\r\n\tProcess ID:\t\t3456\r\n\tApplication Name:\t\\device\\harddiskvolume2\\windows\\system32\\svchost.exe\r\n\r\nNetwork Information:\r\n\tSource Address:\t\t0.0.0.0\r\n\tSource Port:\t\t61056\r\n\tProtocol:\t\t6\r\n\r\nFilter Information:\r\n\tFilter Run-Time ID:\t0\r\n\tLayer Name:\t\tResource Assignment\r\n\tLayer Run-Time ID:\t36","SourceAddress":"0.0.0.0","SourceModuleName":"eventlog","Protocol":"6"}
{"@timestamp":"2020-10-12T22:34:49.135Z","port":61041,"Severity":"INFO","Task":12810,"Channel":"Security","tags":["mordorDataset"],"LayerName":"%%14608","SourceModuleType":"im_msvistalog","OpcodeValue":0,"Application":"\\device\\harddiskvolume2\\windows\\system32\\svchost.exe","EventType":"AUDIT_SUCCESS","ExecutionProcessID":4,"Opcode":"Info","RecordNumber":202395,"ThreadID":1452,"FilterRTID":"0","SourceName":"Microsoft-Windows-Security-Auditing","LayerRTID":"36","Keywords":-9214364837600034816,"EventID":5158,"Category":"Filtering Platform Connection","ProcessId":"3456","Version":0,"@version":"1","host":"wec.internal.cloudapp.net","Hostname":"MORDORDC.theshire.local","SourcePort":"61057","EventReceivedTime":"2020-10-12 18:34:49","SeverityValue":2,"EventTime":"2020-10-12 18:34:47","ProviderGuid":"{54849625-5478-4994-A5BA-3E3B0328C30D}","Message":"The Windows Filtering Platform has permitted a bind to a local port.\r\n\r\nApplication Information:\r\n\tProcess ID:\t\t3456\r\n\tApplication Name:\t\\device\\harddiskvolume2\\windows\\system32\\svchost.exe\r\n\r\nNetwork Information:\r\n\tSource Address:\t\t0.0.0.0\r\n\tSource Port:\t\t61057\r\n\tProtocol:\t\t6\r\n\r\nFilter Information:\r\n\tFilter Run-Time ID:\t0\r\n\tLayer Name:\t\tResource Assignment\r\n\tLayer Run-Time ID:\t36","SourceAddress":"0.0.0.0","SourceModuleName":"eventlog","Protocol":"6"}
{"@timestamp":"2020-10-12T22:34:49.136Z","port":61041,"Severity":"INFO","Task":12810,"Channel":"Security","tags":["mordorDataset"],"LayerName":"%%14608","SourceModuleType":"im_msvistalog","OpcodeValue":0,"Application":"\\device\\harddiskvolume2\\windows\\system32\\svchost.exe","EventType":"AUDIT_SUCCESS","ExecutionProcessID":4,"Opcode":"Info","RecordNumber":202396,"ThreadID":1452,"FilterRTID":"0","SourceName":"Microsoft-Windows-Security-Auditing","LayerRTID":"36","Keywords":-9214364837600034816,"EventID":5158,"Category":"Filtering Platform Connection","ProcessId":"3456","Version":0,"@version":"1","host":"wec.internal.cloudapp.net","Hostname":"MORDORDC.theshire.local","SourcePort":"61058","EventReceivedTime":"2020-10-12 18:34:49","SeverityValue":2,"EventTime":"2020-10-12 18:34:47","ProviderGuid":"{54849625-5478-4994-A5BA-3E3B0328C30D}","Message":"The Windows Filtering Platform has permitted a bind to a local port.\r\n\r\nApplication Information:\r\n\tProcess ID:\t\t3456\r\n\tApplication Name:\t\\device\\harddiskvolume2\\windows\\system32\\svchost.exe\r\n\r\nNetwork Information:\r\n\tSource Address:\t\t0.0.0.0\r\n\tSource Port:\t\t61058\r\n\tProtocol:\t\t6\r\n\r\nFilter Information:\r\n\tFilter Run-Time ID:\t0\r\n\tLayer Name:\t\tResource Assignment\r\n\tLayer Run-Time ID:\t36","SourceAddress":"0.0.0.0","SourceModuleName":"eventlog","Protocol":"6"}
{"@timestamp":"2020-10-12T22:34:49.136Z","port":61041,"Severity":"INFO","Task":12810,"Channel":"Security","tags":["mordorDataset"],"LayerName":"%%14608","SourceModuleType":"im_msvistalog","OpcodeValue":0,"Application":"\\device\\harddiskvolume2\\windows\\system32\\svchost.exe","EventType":"AUDIT_SUCCESS","ExecutionProcessID":4,"Opcode":"Info","RecordNumber":202399,"ThreadID":1452,"FilterRTID":"0","SourceName":"Microsoft-Windows-Security-Auditing","LayerRTID":"36","Keywords":-9214364837600034816,"EventID":5158,"Category":"Filtering Platform Connection","ProcessId":"3456","Version":0,"@version":"1","host":"wec.internal.cloudapp.net","Hostname":"MORDORDC.theshire.local","SourcePort":"61059","EventReceivedTime":"2020-10-12 18:34:49","SeverityValue":2,"EventTime":"2020-10-12 18:34:47","ProviderGuid":"{54849625-5478-4994-A5BA-3E3B0328C30D}","Message":"The Windows Filtering Platform has permitted a bind to a local port.\r\n\r\nApplication Information:\r\n\tProcess ID:\t\t3456\r\n\tApplication Name:\t\\device\\harddiskvolume2\\windows\\system32\\svchost.exe\r\n\r\nNetwork Information:\r\n\tSource Address:\t\t0.0.0.0\r\n\tSource Port:\t\t61059\r\n\tProtocol:\t\t6\r\n\r\nFilter Information:\r\n\tFilter Run-Time ID:\t0\r\n\tLayer Name:\t\tResource Assignment\r\n\tLayer Run-Time ID:\t36","SourceAddress":"0.0.0.0","SourceModuleName":"eventlog","Protocol":"6"}
{"@timestamp":"2020-10-12T22:34:49.137Z","port":61041,"Severity":"INFO","Task":12810,"Channel":"Security","tags":["mordorDataset"],"LayerName":"%%14608","SourceModuleType":"im_msvistalog","OpcodeValue":0,"Application":"\\device\\harddiskvolume2\\windows\\system32\\svchost.exe","EventType":"AUDIT_SUCCESS","ExecutionProcessID":4,"Opcode":"Info","RecordNumber":202401,"ThreadID":1452,"FilterRTID":"0","SourceName":"Microsoft-Windows-Security-Auditing","LayerRTID":"36","Keywords":-9214364837600034816,"EventID":5158,"Category":"Filtering Platform Connection","ProcessId":"3456","Version":0,"@version":"1","host":"wec.internal.cloudapp.net","Hostname":"MORDORDC.theshire.local","SourcePort":"61060","EventReceivedTime":"2020-10-12 18:34:49","SeverityValue":2,"EventTime":"2020-10-12 18:34:47","ProviderGuid":"{54849625-5478-4994-A5BA-3E3B0328C30D}","Message":"The Windows Filtering Platform has permitted a bind to a local port.\r\n\r\nApplication Information:\r\n\tProcess ID:\t\t3456\r\n\tApplication Name:\t\\device\\harddiskvolume2\\windows\\system32\\svchost.exe\r\n\r\nNetwork Information:\r\n\tSource Address:\t\t0.0.0.0\r\n\tSource Port:\t\t61060\r\n\tProtocol:\t\t6\r\n\r\nFilter Information:\r\n\tFilter Run-Time ID:\t0\r\n\tLayer Name:\t\tResource Assignment\r\n\tLayer Run-Time ID:\t36","SourceAddress":"0.0.0.0","SourceModuleName":"eventlog","Protocol":"6"}
{"@timestamp":"2020-10-12T22:34:49.137Z","port":61041,"Severity":"INFO","Task":12810,"Channel":"Security","tags":["mordorDataset"],"LayerName":"%%14608","SourceModuleType":"im_msvistalog","OpcodeValue":0,"Application":"\\device\\harddiskvolume2\\windows\\system32\\svchost.exe","EventType":"AUDIT_SUCCESS","ExecutionProcessID":4,"Opcode":"Info","RecordNumber":202403,"ThreadID":1452,"FilterRTID":"0","SourceName":"Microsoft-Windows-Security-Auditing","LayerRTID":"36","Keywords":-9214364837600034816,"EventID":5158,"Category":"Filtering Platform Connection","ProcessId":"3456","Version":0,"@version":"1","host":"wec.internal.cloudapp.net","Hostname":"MORDORDC.theshire.local","SourcePort":"61061","EventReceivedTime":"2020-10-12 18:34:49","SeverityValue":2,"EventTime":"2020-10-12 18:34:47","ProviderGuid":"{54849625-5478-4994-A5BA-3E3B0328C30D}","Message":"The Windows Filtering Platform has permitted a bind to a local port.\r\n\r\nApplication Information:\r\n\tProcess ID:\t\t3456\r\n\tApplication Name:\t\\device\\harddiskvolume2\\windows\\system32\\svchost.exe\r\n\r\nNetwork Information:\r\n\tSource Address:\t\t0.0.0.0\r\n\tSource Port:\t\t61061\r\n\tProtocol:\t\t6\r\n\r\nFilter Information:\r\n\tFilter Run-Time ID:\t0\r\n\tLayer Name:\t\tResource Assignment\r\n\tLayer Run-Time ID:\t36","SourceAddress":"0.0.0.0","SourceModuleName":"eventlog","Protocol":"6"}
{"@timestamp":"2020-10-12T22:34:49.138Z","port":61041,"Severity":"INFO","Task":12810,"Channel":"Security","tags":["mordorDataset"],"LayerName":"%%14608","SourceModuleType":"im_msvistalog","OpcodeValue":0,"Application":"\\device\\harddiskvolume2\\windows\\system32\\svchost.exe","EventType":"AUDIT_SUCCESS","ExecutionProcessID":4,"Opcode":"Info","RecordNumber":202405,"ThreadID":1452,"FilterRTID":"0","SourceName":"Microsoft-Windows-Security-Auditing","LayerRTID":"36","Keywords":-9214364837600034816,"EventID":5158,"Category":"Filtering Platform Connection","ProcessId":"3456","Version":0,"@version":"1","host":"wec.internal.cloudapp.net","Hostname":"MORDORDC.theshire.local","SourcePort":"61062","EventReceivedTime":"2020-10-12 18:34:49","SeverityValue":2,"EventTime":"2020-10-12 18:34:47","ProviderGuid":"{54849625-5478-4994-A5BA-3E3B0328C30D}","Message":"The Windows Filtering Platform has permitted a bind to a local port.\r\n\r\nApplication Information:\r\n\tProcess ID:\t\t3456\r\n\tApplication Name:\t\\device\\harddiskvolume2\\windows\\system32\\svchost.exe\r\n\r\nNetwork Information:\r\n\tSource Address:\t\t0.0.0.0\r\n\tSource Port:\t\t61062\r\n\tProtocol:\t\t6\r\n\r\nFilter Information:\r\n\tFilter Run-Time ID:\t0\r\n\tLayer Name:\t\tResource Assignment\r\n\tLayer Run-Time ID:\t36","SourceAddress":"0.0.0.0","SourceModuleName":"eventlog","Protocol":"6"}
{"@timestamp":"2020-10-12T22:34:49.138Z","port":61041,"Severity":"INFO","Task":12810,"Channel":"Security","tags":["mordorDataset"],"LayerName":"%%14608","SourceModuleType":"im_msvistalog","OpcodeValue":0,"Application":"\\device\\harddiskvolume2\\windows\\system32\\svchost.exe","EventType":"AUDIT_SUCCESS","ExecutionProcessID":4,"Opcode":"Info","RecordNumber":202407,"ThreadID":1452,"FilterRTID":"0","SourceName":"Microsoft-Windows-Security-Auditing","LayerRTID":"36","Keywords":-9214364837600034816,"EventID":5158,"Category":"Filtering Platform Connection","ProcessId":"3456","Version":0,"@version":"1","host":"wec.internal.cloudapp.net","Hostname":"MORDORDC.theshire.local","SourcePort":"61063","EventReceivedTime":"2020-10-12 18:34:49","SeverityValue":2,"EventTime":"2020-10-12 18:34:47","ProviderGuid":"{54849625-5478-4994-A5BA-3E3B0328C30D}","Message":"The Windows Filtering Platform has permitted a bind to a local port.\r\n\r\nApplication Information:\r\n\tProcess ID:\t\t3456\r\n\tApplication Name:\t\\device\\harddiskvolume2\\windows\\system32\\svchost.exe\r\n\r\nNetwork Information:\r\n\tSource Address:\t\t0.0.0.0\r\n\tSource Port:\t\t61063\r\n\tProtocol:\t\t6\r\n\r\nFilter Information:\r\n\tFilter Run-Time ID:\t0\r\n\tLayer Name:\t\tResource Assignment\r\n\tLayer Run-Time ID:\t36","SourceAddress":"0.0.0.0","SourceModuleName":"eventlog","Protocol":"6"}
{"@timestamp":"2020-10-12T22:34:49.138Z","port":61041,"Severity":"INFO","Task":12810,"Channel":"Security","tags":["mordorDataset"],"LayerName":"%%14608","SourceModuleType":"im_msvistalog","OpcodeValue":0,"Application":"\\device\\harddiskvolume2\\windows\\system32\\svchost.exe","EventType":"AUDIT_SUCCESS","ExecutionProcessID":4,"Opcode":"Info","RecordNumber":202409,"ThreadID":1452,"FilterRTID":"0","SourceName":"Microsoft-Windows-Security-Auditing","LayerRTID":"36","Keywords":-9214364837600034816,"EventID":5158,"Category":"Filtering Platform Connection","ProcessId":"3456","Version":0,"@version":"1","host":"wec.internal.cloudapp.net","Hostname":"MORDORDC.theshire.local","SourcePort":"61064","EventReceivedTime":"2020-10-12 18:34:49","SeverityValue":2,"EventTime":"2020-10-12 18:34:47","ProviderGuid":"{54849625-5478-4994-A5BA-3E3B0328C30D}","Message":"The Windows Filtering Platform has permitted a bind to a local port.\r\n\r\nApplication Information:\r\n\tProcess ID:\t\t3456\r\n\tApplication Name:\t\\device\\harddiskvolume2\\windows\\system32\\svchost.exe\r\n\r\nNetwork Information:\r\n\tSource Address:\t\t0.0.0.0\r\n\tSource Port:\t\t61064\r\n\tProtocol:\t\t6\r\n\r\nFilter Information:\r\n\tFilter Run-Time ID:\t0\r\n\tLayer Name:\t\tResource Assignment\r\n\tLayer Run-Time ID:\t36","SourceAddress":"0.0.0.0","SourceModuleName":"eventlog","Protocol":"6"}
{"@timestamp":"2020-10-12T22:34:49.138Z","port":61041,"Severity":"INFO","Task":12810,"Channel":"Security","tags":["mordorDataset"],"LayerName":"%%14608","SourceModuleType":"im_msvistalog","OpcodeValue":0,"Application":"\\device\\harddiskvolume2\\windows\\system32\\svchost.exe","EventType":"AUDIT_SUCCESS","ExecutionProcessID":4,"Opcode":"Info","RecordNumber":202411,"ThreadID":1452,"FilterRTID":"0","SourceName":"Microsoft-Windows-Security-Auditing","LayerRTID":"36","Keywords":-9214364837600034816,"EventID":5158,"Category":"Filtering Platform Connection","ProcessId":"3456","Version":0,"@version":"1","host":"wec.internal.cloudapp.net","Hostname":"MORDORDC.theshire.local","SourcePort":"61065","EventReceivedTime":"2020-10-12 18:34:49","SeverityValue":2,"EventTime":"2020-10-12 18:34:47","ProviderGuid":"{54849625-5478-4994-A5BA-3E3B0328C30D}","Message":"The Windows Filtering Platform has permitted a bind to a local port.\r\n\r\nApplication Information:\r\n\tProcess ID:\t\t3456\r\n\tApplication Name:\t\\device\\harddiskvolume2\\windows\\system32\\svchost.exe\r\n\r\nNetwork Information:\r\n\tSource Address:\t\t0.0.0.0\r\n\tSource Port:\t\t61065\r\n\tProtocol:\t\t6\r\n\r\nFilter Information:\r\n\tFilter Run-Time ID:\t0\r\n\tLayer Name:\t\tResource Assignment\r\n\tLayer Run-Time ID:\t36","SourceAddress":"0.0.0.0","SourceModuleName":"eventlog","Protocol":"6"}
{"@timestamp":"2020-10-12T22:34:49.139Z","port":61041,"Severity":"INFO","Task":12810,"Channel":"Security","tags":["mordorDataset"],"LayerName":"%%14608","SourceModuleType":"im_msvistalog","OpcodeValue":0,"Application":"\\device\\harddiskvolume2\\windows\\system32\\svchost.exe","EventType":"AUDIT_SUCCESS","ExecutionProcessID":4,"Opcode":"Info","RecordNumber":202413,"ThreadID":1452,"FilterRTID":"0","SourceName":"Microsoft-Windows-Security-Auditing","LayerRTID":"36","Keywords":-9214364837600034816,"EventID":5158,"Category":"Filtering Platform Connection","ProcessId":"3456","Version":0,"@version":"1","host":"wec.internal.cloudapp.net","Hostname":"MORDORDC.theshire.local","SourcePort":"61066","EventReceivedTime":"2020-10-12 18:34:49","SeverityValue":2,"EventTime":"2020-10-12 18:34:47","ProviderGuid":"{54849625-5478-4994-A5BA-3E3B0328C30D}","Message":"The Windows Filtering Platform has permitted a bind to a local port.\r\n\r\nApplication Information:\r\n\tProcess ID:\t\t3456\r\n\tApplication Name:\t\\device\\harddiskvolume2\\windows\\system32\\svchost.exe\r\n\r\nNetwork Information:\r\n\tSource Address:\t\t0.0.0.0\r\n\tSource Port:\t\t61066\r\n\tProtocol:\t\t6\r\n\r\nFilter Information:\r\n\tFilter Run-Time ID:\t0\r\n\tLayer Name:\t\tResource Assignment\r\n\tLayer Run-Time ID:\t36","SourceAddress":"0.0.0.0","SourceModuleName":"eventlog","Protocol":"6"}
{"UtcTime":"2020-10-12 22:34:48.268","RuleName":"-","@timestamp":"2020-10-12T22:34:51.143Z","port":61041,"Severity":"INFO","Task":11,"Channel":"Microsoft-Windows-Sysmon/Operational","tags":["mordorDataset"],"UserID":"S-1-5-18","SourceModuleType":"im_msvistalog","OpcodeValue":0,"EventType":"INFO","ExecutionProcessID":3312,"Opcode":"Info","RecordNumber":338743,"ThreadID":3444,"SourceName":"Microsoft-Windows-Sysmon","TargetFilename":"C:\\Windows\\Prefetch\\NOTEPAD.EXE-D8414F97.pf","Keywords":-9223372036854775808,"Image":"C:\\windows\\system32\\svchost.exe","EventID":11,"Domain":"NT AUTHORITY","Category":"File created (rule: FileCreate)","Version":2,"ProcessId":"2064","@version":"1","AccountName":"SYSTEM","CreationUtcTime":"2020-10-12 21:39:56.997","ProcessGuid":"{71b87c12-d257-5f84-3100-000000000500}","host":"wec.internal.cloudapp.net","Hostname":"WORKSTATION5.theshire.local","EventReceivedTime":"2020-10-12 18:34:51","SeverityValue":2,"EventTime":"2020-10-12 18:34:48","ProviderGuid":"{5770385F-C22A-43E0-BF4C-06F5698FFBD9}","Message":"File created:\r\nRuleName: -\r\nUtcTime: 2020-10-12 22:34:48.268\r\nProcessGuid: {71b87c12-d257-5f84-3100-000000000500}\r\nProcessId: 2064\r\nImage: C:\\windows\\system32\\svchost.exe\r\nTargetFilename: C:\\Windows\\Prefetch\\NOTEPAD.EXE-D8414F97.pf\r\nCreationUtcTime: 2020-10-12 21:39:56.997","SourceModuleName":"eventlog","AccountType":"User"}
{"RuleName":"-","@timestamp":"2020-10-12T22:34:51.144Z","SignatureStatus":"Valid","Channel":"Microsoft-Windows-Sysmon/Operational","UserID":"S-1-5-18","RecordNumber":243444,"ThreadID":4300,"Image":"C:\\Windows\\System32\\svchost.exe","ProcessId":"3456","Company":"Microsoft Corporation","Version":3,"Hostname":"MORDORDC.theshire.local","ImageLoaded":"C:\\Windows\\System32\\wmidcom.dll","Description":"WMI","EventReceivedTime":"2020-10-12 18:34:51","ProviderGuid":"{5770385F-C22A-43E0-BF4C-06F5698FFBD9}","Signed":"true","UtcTime":"2020-10-12 22:34:48.923","port":61041,"Severity":"INFO","tags":["mordorDataset"],"Task":7,"SourceModuleType":"im_msvistalog","OpcodeValue":0,"EventType":"INFO","ExecutionProcessID":3984,"Opcode":"Info","SourceName":"Microsoft-Windows-Sysmon","Product":"Microsoft® Windows® Operating System","Keywords":-9223372036854775808,"FileVersion":"10.0.17763.1 (WinBuild.160101.0800)","EventID":7,"Domain":"NT AUTHORITY","Category":"Image loaded (rule: ImageLoad)","OriginalFileName":"wmidcom.dll","@version":"1","AccountName":"SYSTEM","ProcessGuid":"{029f9482-c16a-5f84-eb00-000000000400}","host":"wec.internal.cloudapp.net","Hashes":"SHA1=4C7308C2A323D850C3E5DCB88A32A1C7DF9CBE4F,MD5=A9BC5F3E3C6406C3C5ABE804FBF7BC76,SHA256=A0177FD4B7690A680E5EAC9BDC78E21117B523622607BCA47305EB74984CF901,IMPHASH=8461651332BA942E21A64DBF3E9E80F8","SeverityValue":2,"EventTime":"2020-10-12 18:34:48","Message":"Image loaded:\r\nRuleName: -\r\nUtcTime: 2020-10-12 22:34:48.923\r\nProcessGuid: {029f9482-c16a-5f84-eb00-000000000400}\r\nProcessId: 3456\r\nImage: C:\\Windows\\System32\\svchost.exe\r\nImageLoaded: C:\\Windows\\System32\\wmidcom.dll\r\nFileVersion: 10.0.17763.1 (WinBuild.160101.0800)\r\nDescription: WMI\r\nProduct: Microsoft® Windows® Operating System\r\nCompany: Microsoft Corporation\r\nOriginalFileName: wmidcom.dll\r\nHashes: SHA1=4C7308C2A323D850C3E5DCB88A32A1C7DF9CBE4F,MD5=A9BC5F3E3C6406C3C5ABE804FBF7BC76,SHA256=A0177FD4B7690A680E5EAC9BDC78E21117B523622607BCA47305EB74984CF901,IMPHASH=8461651332BA942E21A64DBF3E9E80F8\r\nSigned: true\r\nSignature: Microsoft Windows\r\nSignatureStatus: Valid","SourceModuleName":"eventlog","AccountType":"User","Signature":"Microsoft Windows"}
{"RuleName":"-","@timestamp":"2020-10-12T22:34:51.144Z","SignatureStatus":"Valid","Channel":"Microsoft-Windows-Sysmon/Operational","UserID":"S-1-5-18","RecordNumber":243445,"ThreadID":4300,"Image":"C:\\Windows\\System32\\svchost.exe","ProcessId":"3456","Company":"Microsoft Corporation","Version":3,"Hostname":"MORDORDC.theshire.local","ImageLoaded":"C:\\Windows\\System32\\dpapi.dll","Description":"Data Protection API","EventReceivedTime":"2020-10-12 18:34:51","ProviderGuid":"{5770385F-C22A-43E0-BF4C-06F5698FFBD9}","Signed":"true","UtcTime":"2020-10-12 22:34:48.923","port":61041,"Severity":"INFO","tags":["mordorDataset"],"Task":7,"SourceModuleType":"im_msvistalog","OpcodeValue":0,"EventType":"INFO","ExecutionProcessID":3984,"Opcode":"Info","SourceName":"Microsoft-Windows-Sysmon","Product":"Microsoft® Windows® Operating System","Keywords":-9223372036854775808,"FileVersion":"10.0.17763.1 (WinBuild.160101.0800)","EventID":7,"Domain":"NT AUTHORITY","Category":"Image loaded (rule: ImageLoad)","OriginalFileName":"dpapi.dll","@version":"1","AccountName":"SYSTEM","ProcessGuid":"{029f9482-c16a-5f84-eb00-000000000400}","host":"wec.internal.cloudapp.net","Hashes":"SHA1=C50FDD4A17CA9451C66413BA04ED2CC79883AD16,MD5=CF864B08CEA15894A4E6E676A7FE89A3,SHA256=0D1488B2FF471C1EF2F8F2742D685A8778B2C1512A044BDF2606C3ED92E0B512,IMPHASH=C591E3A4DDFE145A26EEC16DB70623B7","SeverityValue":2,"EventTime":"2020-10-12 18:34:48","Message":"Image loaded:\r\nRuleName: -\r\nUtcTime: 2020-10-12 22:34:48.923\r\nProcessGuid: {029f9482-c16a-5f84-eb00-000000000400}\r\nProcessId: 3456\r\nImage: C:\\Windows\\System32\\svchost.exe\r\nImageLoaded: C:\\Windows\\System32\\dpapi.dll\r\nFileVersion: 10.0.17763.1 (WinBuild.160101.0800)\r\nDescription: Data Protection API\r\nProduct: Microsoft® Windows® Operating System\r\nCompany: Microsoft Corporation\r\nOriginalFileName: dpapi.dll\r\nHashes: SHA1=C50FDD4A17CA9451C66413BA04ED2CC79883AD16,MD5=CF864B08CEA15894A4E6E676A7FE89A3,SHA256=0D1488B2FF471C1EF2F8F2742D685A8778B2C1512A044BDF2606C3ED92E0B512,IMPHASH=C591E3A4DDFE145A26EEC16DB70623B7\r\nSigned: true\r\nSignature: Microsoft Windows\r\nSignatureStatus: Valid","SourceModuleName":"eventlog","AccountType":"User","Signature":"Microsoft Windows"}
{"SourceProcessId":"2064","RuleName":"-","@timestamp":"2020-10-12T22:34:52.154Z","Channel":"Microsoft-Windows-Sysmon/Operational","UserID":"S-1-5-18","TargetProcessId":"2368","CallTrace":"C:\\windows\\SYSTEM32\\ntdll.dll+9c534|C:\\windows\\System32\\KERNELBASE.dll+305fe|c:\\windows\\system32\\sysmain.dll+1e689|c:\\windows\\system32\\sysmain.dll+1e509|c:\\windows\\system32\\sysmain.dll+1c32b|c:\\windows\\system32\\sysmain.dll+1bf95|c:\\windows\\system32\\sysmain.dll+74b0d|c:\\windows\\system32\\sysmain.dll+73b32|c:\\windows\\system32\\sysmain.dll+601a3|C:\\windows\\system32\\svchost.exe+314c|C:\\windows\\System32\\sechost.dll+2de2|C:\\windows\\System32\\KERNEL32.DLL+17bd4|C:\\windows\\SYSTEM32\\ntdll.dll+6ce51","RecordNumber":338744,"ThreadID":3444,"SourceProcessGUID":"{71b87c12-d257-5f84-3100-000000000500}","TargetImage":"c:\\windows\\system32\\notepad.exe","ProcessId":"2064","Version":3,"Hostname":"WORKSTATION5.theshire.local","EventReceivedTime":"2020-10-12 18:34:52","ProviderGuid":"{5770385F-C22A-43E0-BF4C-06F5698FFBD9}","UtcTime":"2020-10-12 22:34:50.102","port":61041,"Severity":"INFO","tags":["mordorDataset"],"Task":10,"SourceThreadId":"2216","SourceModuleType":"im_msvistalog","OpcodeValue":0,"EventType":"INFO","ExecutionProcessID":3312,"Opcode":"Info","SourceName":"Microsoft-Windows-Sysmon","Keywords":-9223372036854775808,"EventID":10,"Domain":"NT AUTHORITY","Category":"Process accessed (rule: ProcessAccess)","@version":"1","AccountName":"SYSTEM","host":"wec.internal.cloudapp.net","SourceImage":"C:\\windows\\system32\\svchost.exe","SeverityValue":2,"EventTime":"2020-10-12 18:34:50","Message":"Process accessed:\r\nRuleName: -\r\nUtcTime: 2020-10-12 22:34:50.102\r\nSourceProcessGUID: {71b87c12-d257-5f84-3100-000000000500}\r\nSourceProcessId: 2064\r\nSourceThreadId: 2216\r\nSourceImage: C:\\windows\\system32\\svchost.exe\r\nTargetProcessGUID: {71b87c12-d9fe-5f84-1a01-000000000500}\r\nTargetProcessId: 2368\r\nTargetImage: c:\\windows\\system32\\notepad.exe\r\nGrantedAccess: 0x3000\r\nCallTrace: C:\\windows\\SYSTEM32\\ntdll.dll+9c534|C:\\windows\\System32\\KERNELBASE.dll+305fe|c:\\windows\\system32\\sysmain.dll+1e689|c:\\windows\\system32\\sysmain.dll+1e509|c:\\windows\\system32\\sysmain.dll+1c32b|c:\\windows\\system32\\sysmain.dll+1bf95|c:\\windows\\system32\\sysmain.dll+74b0d|c:\\windows\\system32\\sysmain.dll+73b32|c:\\windows\\system32\\sysmain.dll+601a3|C:\\windows\\system32\\svchost.exe+314c|C:\\windows\\System32\\sechost.dll+2de2|C:\\windows\\System32\\KERNEL32.DLL+17bd4|C:\\windows\\SYSTEM32\\ntdll.dll+6ce51","SourceModuleName":"eventlog","GrantedAccess":"0x3000","AccountType":"User","TargetProcessGUID":"{71b87c12-d9fe-5f84-1a01-000000000500}"}
{"SourceProcessId":"2064","RuleName":"-","@timestamp":"2020-10-12T22:34:52.154Z","Channel":"Microsoft-Windows-Sysmon/Operational","UserID":"S-1-5-18","TargetProcessId":"1256","CallTrace":"C:\\windows\\SYSTEM32\\ntdll.dll+9c534|C:\\windows\\System32\\KERNELBASE.dll+305fe|c:\\windows\\system32\\sysmain.dll+44b1f|c:\\windows\\system32\\sysmain.dll+1e899|c:\\windows\\system32\\sysmain.dll+1e7be|c:\\windows\\system32\\sysmain.dll+1e6a5|c:\\windows\\system32\\sysmain.dll+1e509|c:\\windows\\system32\\sysmain.dll+1c32b|c:\\windows\\system32\\sysmain.dll+1bf95|c:\\windows\\system32\\sysmain.dll+74b0d|c:\\windows\\system32\\sysmain.dll+73b32|c:\\windows\\system32\\sysmain.dll+601a3|C:\\windows\\system32\\svchost.exe+314c|C:\\windows\\System32\\sechost.dll+2de2|C:\\windows\\System32\\KERNEL32.DLL+17bd4|C:\\windows\\SYSTEM32\\ntdll.dll+6ce51","RecordNumber":338745,"ThreadID":3444,"SourceProcessGUID":"{71b87c12-d257-5f84-3100-000000000500}","TargetImage":"C:\\windows\\System32\\svchost.exe","ProcessId":"2064","Version":3,"Hostname":"WORKSTATION5.theshire.local","EventReceivedTime":"2020-10-12 18:34:52","ProviderGuid":"{5770385F-C22A-43E0-BF4C-06F5698FFBD9}","UtcTime":"2020-10-12 22:34:50.102","port":61041,"Severity":"INFO","tags":["mordorDataset"],"Task":10,"SourceThreadId":"2216","SourceModuleType":"im_msvistalog","OpcodeValue":0,"EventType":"INFO","ExecutionProcessID":3312,"Opcode":"Info","SourceName":"Microsoft-Windows-Sysmon","Keywords":-9223372036854775808,"EventID":10,"Domain":"NT AUTHORITY","Category":"Process accessed (rule: ProcessAccess)","@version":"1","AccountName":"SYSTEM","host":"wec.internal.cloudapp.net","SourceImage":"C:\\windows\\system32\\svchost.exe","SeverityValue":2,"EventTime":"2020-10-12 18:34:50","Message":"Process accessed:\r\nRuleName: -\r\nUtcTime: 2020-10-12 22:34:50.102\r\nSourceProcessGUID: {71b87c12-d257-5f84-3100-000000000500}\r\nSourceProcessId: 2064\r\nSourceThreadId: 2216\r\nSourceImage: C:\\windows\\system32\\svchost.exe\r\nTargetProcessGUID: {71b87c12-d257-5f84-1a00-000000000500}\r\nTargetProcessId: 1256\r\nTargetImage: C:\\windows\\System32\\svchost.exe\r\nGrantedAccess: 0x3000\r\nCallTrace: C:\\windows\\SYSTEM32\\ntdll.dll+9c534|C:\\windows\\System32\\KERNELBASE.dll+305fe|c:\\windows\\system32\\sysmain.dll+44b1f|c:\\windows\\system32\\sysmain.dll+1e899|c:\\windows\\system32\\sysmain.dll+1e7be|c:\\windows\\system32\\sysmain.dll+1e6a5|c:\\windows\\system32\\sysmain.dll+1e509|c:\\windows\\system32\\sysmain.dll+1c32b|c:\\windows\\system32\\sysmain.dll+1bf95|c:\\windows\\system32\\sysmain.dll+74b0d|c:\\windows\\system32\\sysmain.dll+73b32|c:\\windows\\system32\\sysmain.dll+601a3|C:\\windows\\system32\\svchost.exe+314c|C:\\windows\\System32\\sechost.dll+2de2|C:\\windows\\System32\\KERNEL32.DLL+17bd4|C:\\windows\\SYSTEM32\\ntdll.dll+6ce51","SourceModuleName":"eventlog","GrantedAccess":"0x3000","AccountType":"User","TargetProcessGUID":"{71b87c12-d257-5f84-1a00-000000000500}"}
{"@timestamp":"2020-10-12T22:34:52.155Z","port":61041,"Severity":"INFO","Task":12810,"Channel":"Security","tags":["mordorDataset"],"LayerName":"%%14608","SourceModuleType":"im_msvistalog","OpcodeValue":0,"Application":"\\device\\harddiskvolume2\\windowsazure\\guestagent_2.7.41491.993_2020-10-12_203248\\waappagent.exe","EventType":"AUDIT_SUCCESS","ExecutionProcessID":4,"Opcode":"Info","RecordNumber":202415,"ThreadID":1452,"FilterRTID":"0","SourceName":"Microsoft-Windows-Security-Auditing","LayerRTID":"36","Keywords":-9214364837600034816,"EventID":5158,"Category":"Filtering Platform Connection","ProcessId":"3848","Version":0,"@version":"1","host":"wec.internal.cloudapp.net","Hostname":"MORDORDC.theshire.local","SourcePort":"61067","EventReceivedTime":"2020-10-12 18:34:52","SeverityValue":2,"EventTime":"2020-10-12 18:34:50","ProviderGuid":"{54849625-5478-4994-A5BA-3E3B0328C30D}","Message":"The Windows Filtering Platform has permitted a bind to a local port.\r\n\r\nApplication Information:\r\n\tProcess ID:\t\t3848\r\n\tApplication Name:\t\\device\\harddiskvolume2\\windowsazure\\guestagent_2.7.41491.993_2020-10-12_203248\\waappagent.exe\r\n\r\nNetwork Information:\r\n\tSource Address:\t\t0.0.0.0\r\n\tSource Port:\t\t61067\r\n\tProtocol:\t\t6\r\n\r\nFilter Information:\r\n\tFilter Run-Time ID:\t0\r\n\tLayer Name:\t\tResource Assignment\r\n\tLayer Run-Time ID:\t36","SourceAddress":"0.0.0.0","SourceModuleName":"eventlog","Protocol":"6"}
{"@timestamp":"2020-10-12T22:34:52.155Z","port":61041,"Severity":"INFO","Task":12810,"Channel":"Security","tags":["mordorDataset"],"LayerName":"%%14611","SourceModuleType":"im_msvistalog","OpcodeValue":0,"Application":"\\device\\harddiskvolume2\\windowsazure\\guestagent_2.7.41491.993_2020-10-12_203248\\waappagent.exe","EventType":"AUDIT_SUCCESS","ExecutionProcessID":4,"Opcode":"Info","RecordNumber":202416,"ThreadID":1452,"FilterRTID":"70901","SourceName":"Microsoft-Windows-Security-Auditing","DestPort":"80","LayerRTID":"48","Keywords":-9214364837600034816,"EventID":5156,"Category":"Filtering Platform Connection","ProcessId":"3848","Version":1,"@version":"1","Direction":"%%14593","DestAddress":"168.63.129.16","RemoteUserID":"S-1-0-0","host":"wec.internal.cloudapp.net","Hostname":"MORDORDC.theshire.local","SourcePort":"61067","RemoteMachineID":"S-1-0-0","EventReceivedTime":"2020-10-12 18:34:52","SeverityValue":2,"EventTime":"2020-10-12 18:34:50","ProviderGuid":"{54849625-5478-4994-A5BA-3E3B0328C30D}","Message":"The Windows Filtering Platform has permitted a connection.\r\n\r\nApplication Information:\r\n\tProcess ID:\t\t3848\r\n\tApplication Name:\t\\device\\harddiskvolume2\\windowsazure\\guestagent_2.7.41491.993_2020-10-12_203248\\waappagent.exe\r\n\r\nNetwork Information:\r\n\tDirection:\t\tOutbound\r\n\tSource Address:\t\t172.18.38.5\r\n\tSource Port:\t\t61067\r\n\tDestination Address:\t168.63.129.16\r\n\tDestination Port:\t\t80\r\n\tProtocol:\t\t6\r\n\r\nFilter Information:\r\n\tFilter Run-Time ID:\t70901\r\n\tLayer Name:\t\tConnect\r\n\tLayer Run-Time ID:\t48","SourceAddress":"172.18.38.5","SourceModuleName":"eventlog","Protocol":"6"}
{"@timestamp":"2020-10-12T22:34:52.156Z","port":61041,"Severity":"INFO","Task":12810,"Channel":"Security","tags":["mordorDataset"],"LayerName":"%%14608","SourceModuleType":"im_msvistalog","OpcodeValue":0,"Application":"\\device\\harddiskvolume2\\windows\\adws\\microsoft.activedirectory.webservices.exe","EventType":"AUDIT_SUCCESS","ExecutionProcessID":4,"Opcode":"Info","RecordNumber":202417,"ThreadID":328,"FilterRTID":"0","SourceName":"Microsoft-Windows-Security-Auditing","LayerRTID":"38","Keywords":-9214364837600034816,"EventID":5158,"Category":"Filtering Platform Connection","ProcessId":"3632","Version":0,"@version":"1","host":"wec.internal.cloudapp.net","Hostname":"MORDORDC.theshire.local","SourcePort":"61068","EventReceivedTime":"2020-10-12 18:34:52","SeverityValue":2,"EventTime":"2020-10-12 18:34:50","ProviderGuid":"{54849625-5478-4994-A5BA-3E3B0328C30D}","Message":"The Windows Filtering Platform has permitted a bind to a local port.\r\n\r\nApplication Information:\r\n\tProcess ID:\t\t3632\r\n\tApplication Name:\t\\device\\harddiskvolume2\\windows\\adws\\microsoft.activedirectory.webservices.exe\r\n\r\nNetwork Information:\r\n\tSource Address:\t\t::\r\n\tSource Port:\t\t61068\r\n\tProtocol:\t\t6\r\n\r\nFilter Information:\r\n\tFilter Run-Time ID:\t0\r\n\tLayer Name:\t\tResource Assignment\r\n\tLayer Run-Time ID:\t38","SourceAddress":"::","SourceModuleName":"eventlog","Protocol":"6"}
{"@timestamp":"2020-10-12T22:34:52.156Z","port":61041,"Severity":"INFO","Task":12810,"Channel":"Security","tags":["mordorDataset"],"LayerName":"%%14611","SourceModuleType":"im_msvistalog","OpcodeValue":0,"Application":"\\device\\harddiskvolume2\\windows\\adws\\microsoft.activedirectory.webservices.exe","EventType":"AUDIT_SUCCESS","ExecutionProcessID":4,"Opcode":"Info","RecordNumber":202418,"ThreadID":328,"FilterRTID":"65853","SourceName":"Microsoft-Windows-Security-Auditing","DestPort":"389","LayerRTID":"50","Keywords":-9214364837600034816,"EventID":5156,"Category":"Filtering Platform Connection","ProcessId":"3632","Version":1,"@version":"1","Direction":"%%14593","DestAddress":"::1","RemoteUserID":"S-1-0-0","host":"wec.internal.cloudapp.net","Hostname":"MORDORDC.theshire.local","SourcePort":"61068","RemoteMachineID":"S-1-0-0","EventReceivedTime":"2020-10-12 18:34:52","SeverityValue":2,"EventTime":"2020-10-12 18:34:50","ProviderGuid":"{54849625-5478-4994-A5BA-3E3B0328C30D}","Message":"The Windows Filtering Platform has permitted a connection.\r\n\r\nApplication Information:\r\n\tProcess ID:\t\t3632\r\n\tApplication Name:\t\\device\\harddiskvolume2\\windows\\adws\\microsoft.activedirectory.webservices.exe\r\n\r\nNetwork Information:\r\n\tDirection:\t\tOutbound\r\n\tSource Address:\t\t::1\r\n\tSource Port:\t\t61068\r\n\tDestination Address:\t::1\r\n\tDestination Port:\t\t389\r\n\tProtocol:\t\t6\r\n\r\nFilter Information:\r\n\tFilter Run-Time ID:\t65853\r\n\tLayer Name:\t\tConnect\r\n\tLayer Run-Time ID:\t50","SourceAddress":"::1","SourceModuleName":"eventlog","Protocol":"6"}
{"@timestamp":"2020-10-12T22:34:52.157Z","port":61041,"Severity":"INFO","Task":12810,"Channel":"Security","tags":["mordorDataset"],"LayerName":"%%14610","SourceModuleType":"im_msvistalog","OpcodeValue":0,"Application":"\\device\\harddiskvolume2\\windows\\system32\\lsass.exe","EventType":"AUDIT_SUCCESS","ExecutionProcessID":4,"Opcode":"Info","RecordNumber":202419,"ThreadID":328,"FilterRTID":"65851","SourceName":"Microsoft-Windows-Security-Auditing","DestPort":"389","LayerRTID":"46","Keywords":-9214364837600034816,"EventID":5156,"Category":"Filtering Platform Connection","ProcessId":"708","Version":1,"@version":"1","Direction":"%%14592","DestAddress":"::1","RemoteUserID":"S-1-0-0","host":"wec.internal.cloudapp.net","Hostname":"MORDORDC.theshire.local","SourcePort":"61068","RemoteMachineID":"S-1-0-0","EventReceivedTime":"2020-10-12 18:34:52","SeverityValue":2,"EventTime":"2020-10-12 18:34:50","ProviderGuid":"{54849625-5478-4994-A5BA-3E3B0328C30D}","Message":"The Windows Filtering Platform has permitted a connection.\r\n\r\nApplication Information:\r\n\tProcess ID:\t\t708\r\n\tApplication Name:\t\\device\\harddiskvolume2\\windows\\system32\\lsass.exe\r\n\r\nNetwork Information:\r\n\tDirection:\t\tInbound\r\n\tSource Address:\t\t::1\r\n\tSource Port:\t\t61068\r\n\tDestination Address:\t::1\r\n\tDestination Port:\t\t389\r\n\tProtocol:\t\t6\r\n\r\nFilter Information:\r\n\tFilter Run-Time ID:\t65851\r\n\tLayer Name:\t\tReceive/Accept\r\n\tLayer Run-Time ID:\t46","SourceAddress":"::1","SourceModuleName":"eventlog","Protocol":"6"}
{"@timestamp":"2020-10-12T22:34:52.158Z","port":61041,"Severity":"INFO","Task":12548,"Channel":"Security","tags":["mordorDataset"],"SourceModuleType":"im_msvistalog","OpcodeValue":0,"EventType":"AUDIT_SUCCESS","ExecutionProcessID":708,"Opcode":"Info","RecordNumber":202420,"ThreadID":3480,"SubjectDomainName":"THESHIRE","SubjectLogonId":"0x591dc6","SourceName":"Microsoft-Windows-Security-Auditing","Keywords":-9214364837600034816,"EventID":4672,"Category":"Special Logon","Version":0,"@version":"1","host":"wec.internal.cloudapp.net","Hostname":"MORDORDC.theshire.local","EventReceivedTime":"2020-10-12 18:34:52","SeverityValue":2,"EventTime":"2020-10-12 18:34:50","ProviderGuid":"{54849625-5478-4994-A5BA-3E3B0328C30D}","Message":"Special privileges assigned to new logon.\r\n\r\nSubject:\r\n\tSecurity ID:\t\tS-1-5-18\r\n\tAccount Name:\t\tMORDORDC$\r\n\tAccount Domain:\t\tTHESHIRE\r\n\tLogon ID:\t\t0x591DC6\r\n\r\nPrivileges:\t\tSeSecurityPrivilege\r\n\t\t\tSeBackupPrivilege\r\n\t\t\tSeRestorePrivilege\r\n\t\t\tSeTakeOwnershipPrivilege\r\n\t\t\tSeDebugPrivilege\r\n\t\t\tSeSystemEnvironmentPrivilege\r\n\t\t\tSeLoadDriverPrivilege\r\n\t\t\tSeImpersonatePrivilege\r\n\t\t\tSeDelegateSessionUserImpersonatePrivilege\r\n\t\t\tSeEnableDelegationPrivilege","SubjectUserName":"MORDORDC$","PrivilegeList":"SeSecurityPrivilege\r\n\t\t\tSeBackupPrivilege\r\n\t\t\tSeRestorePrivilege\r\n\t\t\tSeTakeOwnershipPrivilege\r\n\t\t\tSeDebugPrivilege\r\n\t\t\tSeSystemEnvironmentPrivilege\r\n\t\t\tSeLoadDriverPrivilege\r\n\t\t\tSeImpersonatePrivilege\r\n\t\t\tSeDelegateSessionUserImpersonatePrivilege\r\n\t\t\tSeEnableDelegationPrivilege","SourceModuleName":"eventlog","SubjectUserSid":"S-1-5-18"}
{"@timestamp":"2020-10-12T22:34:52.158Z","Channel":"Security","WorkstationName":"-","VirtualAccount":"%%1843","SubjectDomainName":"-","TargetLogonId":"0x591dc6","RecordNumber":202421,"ThreadID":3480,"SubjectLogonId":"0x0","IpAddress":"::1","AuthenticationPackageName":"Kerberos","TargetOutboundDomainName":"-","TargetUserSid":"S-1-5-18","TargetOutboundUserName":"-","ProcessId":"0x0","Version":2,"Hostname":"MORDORDC.theshire.local","EventReceivedTime":"2020-10-12 18:34:52","ProviderGuid":"{54849625-5478-4994-A5BA-3E3B0328C30D}","TransmittedServices":"-","SubjectUserName":"-","LmPackageName":"-","port":61041,"Severity":"INFO","tags":["mordorDataset"],"Task":12544,"LogonType":"3","SourceModuleType":"im_msvistalog","OpcodeValue":0,"KeyLength":"0","EventType":"AUDIT_SUCCESS","ExecutionProcessID":708,"Opcode":"Info","IpPort":"61068","SourceName":"Microsoft-Windows-Security-Auditing","Keywords":-9214364837600034816,"ElevatedToken":"%%1842","LogonGuid":"{e47dc43d-b81d-c7e5-4703-edf79a82e62b}","EventID":4624,"Category":"Logon","ImpersonationLevel":"%%1833","@version":"1","host":"wec.internal.cloudapp.net","RestrictedAdminMode":"-","ProcessName":"-","SeverityValue":2,"EventTime":"2020-10-12 18:34:50","Message":"An account was successfully logged on.\r\n\r\nSubject:\r\n\tSecurity ID:\t\tS-1-0-0\r\n\tAccount Name:\t\t-\r\n\tAccount Domain:\t\t-\r\n\tLogon ID:\t\t0x0\r\n\r\nLogon Information:\r\n\tLogon Type:\t\t3\r\n\tRestricted Admin Mode:\t-\r\n\tVirtual Account:\t\tNo\r\n\tElevated Token:\t\tYes\r\n\r\nImpersonation Level:\t\tImpersonation\r\n\r\nNew Logon:\r\n\tSecurity ID:\t\tS-1-5-18\r\n\tAccount Name:\t\tMORDORDC$\r\n\tAccount Domain:\t\tTHESHIRE.LOCAL\r\n\tLogon ID:\t\t0x591DC6\r\n\tLinked Logon ID:\t\t0x0\r\n\tNetwork Account Name:\t-\r\n\tNetwork Account Domain:\t-\r\n\tLogon GUID:\t\t{e47dc43d-b81d-c7e5-4703-edf79a82e62b}\r\n\r\nProcess Information:\r\n\tProcess ID:\t\t0x0\r\n\tProcess Name:\t\t-\r\n\r\nNetwork Information:\r\n\tWorkstation Name:\t-\r\n\tSource Network Address:\t::1\r\n\tSource Port:\t\t61068\r\n\r\nDetailed Authentication Information:\r\n\tLogon Process:\t\tKerberos\r\n\tAuthentication Package:\tKerberos\r\n\tTransited Services:\t-\r\n\tPackage Name (NTLM only):\t-\r\n\tKey Length:\t\t0\r\n\r\nThis event is generated when a logon session is created. It is generated on the computer that was accessed.\r\n\r\nThe subject fields indicate the account on the local system which requested the logon. This is most commonly a service such as the Server service, or a local process such as Winlogon.exe or Services.exe.\r\n\r\nThe logon type field indicates the kind of logon that occurred. The most common types are 2 (interactive) and 3 (network).\r\n\r\nThe New Logon fields indicate the account for whom the new logon was created, i.e. the account that was logged on.\r\n\r\nThe network fields indicate where a remote logon request originated. Workstation name is not always available and may be left blank in some cases.\r\n\r\nThe impersonation level field indicates the extent to which a process in the logon session can impersonate.\r\n\r\nThe authentication information fields provide detailed information about this specific logon request.\r\n\t- Logon GUID is a unique identifier that can be used to correlate this event with a KDC event.\r\n\t- Transited services indicate which intermediate services have participated in this logon request.\r\n\t- Package name indicates which sub-protocol was used among the NTLM protocols.\r\n\t- Key length indicates the length of the generated session key. This will be 0 if no session key was requested.","SourceModuleName":"eventlog","TargetLinkedLogonId":"0x0","SubjectUserSid":"S-1-0-0","TargetDomainName":"THESHIRE.LOCAL","TargetUserName":"MORDORDC$","LogonProcessName":"Kerberos"}
