{"RuleName":"-","@timestamp":"2020-10-12T22:34:38.972Z","SignatureStatus":"Valid","Channel":"Microsoft-Windows-Sysmon/Operational","UserID":"S-1-5-18","RecordNumber":338634,"ThreadID":3216,"Image":"C:\\Windows\\System32\\notepad.exe","ProcessId":"2368","Company":"Microsoft Corporation","Version":3,"Hostname":"WORKSTATION5.theshire.local","ImageLoaded":"C:\\Windows\\System32\\msasn1.dll","Description":"ASN.1 Runtime APIs","EventReceivedTime":"2020-10-12 18:34:38","ProviderGuid":"{5770385F-C22A-43E0-BF4C-06F5698FFBD9}","Signed":"true","UtcTime":"2020-10-12 22:34:38.325","port":61041,"Severity":"INFO","tags":["mordorDataset"],"Task":7,"SourceModuleType":"im_msvistalog","OpcodeValue":0,"EventType":"INFO","ExecutionProcessID":3312,"Opcode":"Info","SourceName":"Microsoft-Windows-Sysmon","Product":"Microsoft® Windows® Operating System","Keywords":-9223372036854775808,"FileVersion":"10.0.18362.1 (WinBuild.160101.0800)","EventID":7,"Domain":"NT AUTHORITY","Category":"Image loaded (rule: ImageLoad)","OriginalFileName":"msasn1.dll","@version":"1","AccountName":"SYSTEM","ProcessGuid":"{71b87c12-d9fe-5f84-1a01-000000000500}","host":"wec.internal.cloudapp.net","Hashes":"SHA1=F1F2A398A07419B588494558430A141884AD66EF,MD5=23D95BFDCD23EC6AFFF7E4B0703CE464,SHA256=18DE438E2C068383700C5A87423B70B251302F0D5107F331BC7EDE5097504907,IMPHASH=F79599CA729D557E0381EC0A41471A27","SeverityValue":2,"EventTime":"2020-10-12 18:34:38","Message":"Image loaded:\r\nRuleName: -\r\nUtcTime: 2020-10-12 22:34:38.325\r\nProcessGuid: {71b87c12-d9fe-5f84-1a01-000000000500}\r\nProcessId: 2368\r\nImage: C:\\Windows\\System32\\notepad.exe\r\nImageLoaded: C:\\Windows\\System32\\msasn1.dll\r\nFileVersion: 10.0.18362.1 (WinBuild.160101.0800)\r\nDescription: ASN.1 Runtime APIs\r\nProduct: Microsoft® Windows® Operating System\r\nCompany: Microsoft Corporation\r\nOriginalFileName: msasn1.dll\r\nHashes: SHA1=F1F2A398A07419B588494558430A141884AD66EF,MD5=23D95BFDCD23EC6AFFF7E4B0703CE464,SHA256=18DE438E2C068383700C5A87423B70B251302F0D5107F331BC7EDE5097504907,IMPHASH=F79599CA729D557E0381EC0A41471A27\r\nSigned: true\r\nSignature: Microsoft Windows\r\nSignatureStatus: Valid","SourceModuleName":"eventlog","AccountType":"User","Signature":"Microsoft Windows"}
{"SourceProcessId":"980","RuleName":"-","@timestamp":"2020-10-12T22:34:38.973Z","Channel":"Microsoft-Windows-Sysmon/Operational","UserID":"S-1-5-18","TargetProcessId":"2368","CallTrace":"C:\\windows\\SYSTEM32\\ntdll.dll+9d104|C:\\windows\\System32\\RPCRT4.dll+2d2f4|c:\\windows\\system32\\rpcss.dll+314c9|c:\\windows\\system32\\rpcss.dll+30b5b|C:\\windows\\System32\\RPCRT4.dll+76a53|C:\\windows\\System32\\RPCRT4.dll+1364b|C:\\windows\\System32\\RPCRT4.dll+1451a|C:\\windows\\System32\\RPCRT4.dll+54998|C:\\windows\\System32\\RPCRT4.dll+2c951|C:\\windows\\System32\\RPCRT4.dll+2c20b|C:\\windows\\System32\\RPCRT4.dll+1a86f|C:\\windows\\System32\\RPCRT4.dll+19d1a|C:\\windows\\System32\\RPCRT4.dll+19301|C:\\windows\\System32\\RPCRT4.dll+18d6e|C:\\windows\\System32\\RPCRT4.dll+169a5|C:\\windows\\SYSTEM32\\ntdll.dll+333ed|C:\\windows\\SYSTEM32\\ntdll.dll+34142|C:\\windows\\System32\\KERNEL32.DLL+17bd4|C:\\windows\\SYSTEM32\\ntdll.dll+6ce51","RecordNumber":338635,"ThreadID":3444,"SourceProcessGUID":"{71b87c12-d256-5f84-1100-000000000500}","TargetImage":"c:\\windows\\system32\\notepad.exe","ProcessId":"980","Version":3,"Hostname":"WORKSTATION5.theshire.local","EventReceivedTime":"2020-10-12 18:34:38","ProviderGuid":"{5770385F-C22A-43E0-BF4C-06F5698FFBD9}","UtcTime":"2020-10-12 22:34:38.357","port":61041,"Severity":"INFO","tags":["mordorDataset"],"Task":10,"SourceThreadId":"5456","SourceModuleType":"im_msvistalog","OpcodeValue":0,"EventType":"INFO","ExecutionProcessID":3312,"Opcode":"Info","SourceName":"Microsoft-Windows-Sysmon","Keywords":-9223372036854775808,"EventID":10,"Domain":"NT AUTHORITY","Category":"Process accessed (rule: ProcessAccess)","@version":"1","AccountName":"SYSTEM","host":"wec.internal.cloudapp.net","SourceImage":"C:\\windows\\system32\\svchost.exe","SeverityValue":2,"EventTime":"2020-10-12 18:34:38","Message":"Process accessed:\r\nRuleName: -\r\nUtcTime: 2020-10-12 22:34:38.357\r\nSourceProcessGUID: {71b87c12-d256-5f84-1100-000000000500}\r\nSourceProcessId: 980\r\nSourceThreadId: 5456\r\nSourceImage: C:\\windows\\system32\\svchost.exe\r\nTargetProcessGUID: {71b87c12-d9fe-5f84-1a01-000000000500}\r\nTargetProcessId: 2368\r\nTargetImage: c:\\windows\\system32\\notepad.exe\r\nGrantedAccess: 0x100000\r\nCallTrace: C:\\windows\\SYSTEM32\\ntdll.dll+9d104|C:\\windows\\System32\\RPCRT4.dll+2d2f4|c:\\windows\\system32\\rpcss.dll+314c9|c:\\windows\\system32\\rpcss.dll+30b5b|C:\\windows\\System32\\RPCRT4.dll+76a53|C:\\windows\\System32\\RPCRT4.dll+1364b|C:\\windows\\System32\\RPCRT4.dll+1451a|C:\\windows\\System32\\RPCRT4.dll+54998|C:\\windows\\System32\\RPCRT4.dll+2c951|C:\\windows\\System32\\RPCRT4.dll+2c20b|C:\\windows\\System32\\RPCRT4.dll+1a86f|C:\\windows\\System32\\RPCRT4.dll+19d1a|C:\\windows\\System32\\RPCRT4.dll+19301|C:\\windows\\System32\\RPCRT4.dll+18d6e|C:\\windows\\System32\\RPCRT4.dll+169a5|C:\\windows\\SYSTEM32\\ntdll.dll+333ed|C:\\windows\\SYSTEM32\\ntdll.dll+34142|C:\\windows\\System32\\KERNEL32.DLL+17bd4|C:\\windows\\SYSTEM32\\ntdll.dll+6ce51","SourceModuleName":"eventlog","GrantedAccess":"0x100000","AccountType":"User","TargetProcessGUID":"{71b87c12-d9fe-5f84-1a01-000000000500}"}
{"RuleName":"-","@timestamp":"2020-10-12T22:34:38.973Z","SignatureStatus":"Valid","Channel":"Microsoft-Windows-Sysmon/Operational","UserID":"S-1-5-18","RecordNumber":338636,"ThreadID":3216,"Image":"C:\\Windows\\System32\\notepad.exe","ProcessId":"2368","Company":"Microsoft Corporation","Version":3,"Hostname":"WORKSTATION5.theshire.local","ImageLoaded":"C:\\Windows\\System32\\efswrt.dll","Description":"Storage Protection Windows Runtime DLL","EventReceivedTime":"2020-10-12 18:34:38","ProviderGuid":"{5770385F-C22A-43E0-BF4C-06F5698FFBD9}","Signed":"true","UtcTime":"2020-10-12 22:34:38.341","port":61041,"Severity":"INFO","tags":["mordorDataset"],"Task":7,"SourceModuleType":"im_msvistalog","OpcodeValue":0,"EventType":"INFO","ExecutionProcessID":3312,"Opcode":"Info","SourceName":"Microsoft-Windows-Sysmon","Product":"Microsoft® Windows® Operating System","Keywords":-9223372036854775808,"FileVersion":"10.0.18362.959 (WinBuild.160101.0800)","EventID":7,"Domain":"NT AUTHORITY","Category":"Image loaded (rule: ImageLoad)","OriginalFileName":"efswrt.dll","@version":"1","AccountName":"SYSTEM","ProcessGuid":"{71b87c12-d9fe-5f84-1a01-000000000500}","host":"wec.internal.cloudapp.net","Hashes":"SHA1=E9843F323CECAD422CE026118DAFC59FCD1D4286,MD5=F9C7E5F1581D5EB9DF4A2C0A072814FB,SHA256=F94E445BC7EEC49A338DE3B6090BC032059C94936C18689A8760A6D94D3220B6,IMPHASH=3D220C003DA1E15C37001BB1F7A56B57","SeverityValue":2,"EventTime":"2020-10-12 18:34:38","Message":"Image loaded:\r\nRuleName: -\r\nUtcTime: 2020-10-12 22:34:38.341\r\nProcessGuid: {71b87c12-d9fe-5f84-1a01-000000000500}\r\nProcessId: 2368\r\nImage: C:\\Windows\\System32\\notepad.exe\r\nImageLoaded: C:\\Windows\\System32\\efswrt.dll\r\nFileVersion: 10.0.18362.959 (WinBuild.160101.0800)\r\nDescription: Storage Protection Windows Runtime DLL\r\nProduct: Microsoft® Windows® Operating System\r\nCompany: Microsoft Corporation\r\nOriginalFileName: efswrt.dll\r\nHashes: SHA1=E9843F323CECAD422CE026118DAFC59FCD1D4286,MD5=F9C7E5F1581D5EB9DF4A2C0A072814FB,SHA256=F94E445BC7EEC49A338DE3B6090BC032059C94936C18689A8760A6D94D3220B6,IMPHASH=3D220C003DA1E15C37001BB1F7A56B57\r\nSigned: true\r\nSignature: Microsoft Windows\r\nSignatureStatus: Valid","SourceModuleName":"eventlog","AccountType":"User","Signature":"Microsoft Windows"}
{"RuleName":"-","@timestamp":"2020-10-12T22:34:38.974Z","SignatureStatus":"Valid","Channel":"Microsoft-Windows-Sysmon/Operational","UserID":"S-1-5-18","RecordNumber":338637,"ThreadID":3444,"Image":"C:\\Windows\\System32\\notepad.exe","ProcessId":"2368","Company":"Microsoft Corporation","Version":3,"Hostname":"WORKSTATION5.theshire.local","ImageLoaded":"C:\\Windows\\System32\\shell32.dll","Description":"Windows Shell Common Dll","EventReceivedTime":"2020-10-12 18:34:38","ProviderGuid":"{5770385F-C22A-43E0-BF4C-06F5698FFBD9}","Signed":"true","UtcTime":"2020-10-12 22:34:38.372","port":61041,"Severity":"INFO","tags":["mordorDataset"],"Task":7,"SourceModuleType":"im_msvistalog","OpcodeValue":0,"EventType":"INFO","ExecutionProcessID":3312,"Opcode":"Info","SourceName":"Microsoft-Windows-Sysmon","Product":"Microsoft® Windows® Operating System","Keywords":-9223372036854775808,"FileVersion":"10.0.18362.1049 (WinBuild.160101.0800)","EventID":7,"Domain":"NT AUTHORITY","Category":"Image loaded (rule: ImageLoad)","OriginalFileName":"SHELL32.DLL","@version":"1","AccountName":"SYSTEM","ProcessGuid":"{71b87c12-d9fe-5f84-1a01-000000000500}","host":"wec.internal.cloudapp.net","Hashes":"SHA1=EB21D4919DBF6310400D04D81C2752209E53BCC2,MD5=14500F0CBAA1E523A1B695E3BD582000,SHA256=2DB38191D0619097F21C046C4D826558494CA44F7CCA0E45CA1560AAE0E6B46D,IMPHASH=5DE31297232BD99BC22531D7CE95B80E","SeverityValue":2,"EventTime":"2020-10-12 18:34:38","Message":"Image loaded:\r\nRuleName: -\r\nUtcTime: 2020-10-12 22:34:38.372\r\nProcessGuid: {71b87c12-d9fe-5f84-1a01-000000000500}\r\nProcessId: 2368\r\nImage: C:\\Windows\\System32\\notepad.exe\r\nImageLoaded: C:\\Windows\\System32\\shell32.dll\r\nFileVersion: 10.0.18362.1049 (WinBuild.160101.0800)\r\nDescription: Windows Shell Common Dll\r\nProduct: Microsoft® Windows® Operating System\r\nCompany: Microsoft Corporation\r\nOriginalFileName: SHELL32.DLL\r\nHashes: SHA1=EB21D4919DBF6310400D04D81C2752209E53BCC2,MD5=14500F0CBAA1E523A1B695E3BD582000,SHA256=2DB38191D0619097F21C046C4D826558494CA44F7CCA0E45CA1560AAE0E6B46D,IMPHASH=5DE31297232BD99BC22531D7CE95B80E\r\nSigned: true\r\nSignature: Microsoft Windows\r\nSignatureStatus: Valid","SourceModuleName":"eventlog","AccountType":"User","Signature":"Microsoft Windows"}
{"RuleName":"-","@timestamp":"2020-10-12T22:34:38.974Z","SignatureStatus":"Valid","Channel":"Microsoft-Windows-Sysmon/Operational","UserID":"S-1-5-18","RecordNumber":338638,"ThreadID":3444,"Image":"C:\\Windows\\System32\\notepad.exe","ProcessId":"2368","Company":"Microsoft Corporation","Version":3,"Hostname":"WORKSTATION5.theshire.local","ImageLoaded":"C:\\Windows\\System32\\cfgmgr32.dll","Description":"Configuration Manager DLL","EventReceivedTime":"2020-10-12 18:34:38","ProviderGuid":"{5770385F-C22A-43E0-BF4C-06F5698FFBD9}","Signed":"true","UtcTime":"2020-10-12 22:34:38.372","port":61041,"Severity":"INFO","tags":["mordorDataset"],"Task":7,"SourceModuleType":"im_msvistalog","OpcodeValue":0,"EventType":"INFO","ExecutionProcessID":3312,"Opcode":"Info","SourceName":"Microsoft-Windows-Sysmon","Product":"Microsoft® Windows® Operating System","Keywords":-9223372036854775808,"FileVersion":"10.0.18362.387 (WinBuild.160101.0800)","EventID":7,"Domain":"NT AUTHORITY","Category":"Image loaded (rule: ImageLoad)","OriginalFileName":"CFGMGR32.DLL","@version":"1","AccountName":"SYSTEM","ProcessGuid":"{71b87c12-d9fe-5f84-1a01-000000000500}","host":"wec.internal.cloudapp.net","Hashes":"SHA1=FA3A718BEED81C7084675E250ADC305677A6B5E4,MD5=3A99A40872AF3B87406CC57DBDF53748,SHA256=96A1DB38C74A81FBA4C4AB29020551364FD1ADA3B6FED789D193C787E757979D,IMPHASH=4B4464C7677B6F07342800F4CF0BA273","SeverityValue":2,"EventTime":"2020-10-12 18:34:38","Message":"Image loaded:\r\nRuleName: -\r\nUtcTime: 2020-10-12 22:34:38.372\r\nProcessGuid: {71b87c12-d9fe-5f84-1a01-000000000500}\r\nProcessId: 2368\r\nImage: C:\\Windows\\System32\\notepad.exe\r\nImageLoaded: C:\\Windows\\System32\\cfgmgr32.dll\r\nFileVersion: 10.0.18362.387 (WinBuild.160101.0800)\r\nDescription: Configuration Manager DLL\r\nProduct: Microsoft® Windows® Operating System\r\nCompany: Microsoft Corporation\r\nOriginalFileName: CFGMGR32.DLL\r\nHashes: SHA1=FA3A718BEED81C7084675E250ADC305677A6B5E4,MD5=3A99A40872AF3B87406CC57DBDF53748,SHA256=96A1DB38C74A81FBA4C4AB29020551364FD1ADA3B6FED789D193C787E757979D,IMPHASH=4B4464C7677B6F07342800F4CF0BA273\r\nSigned: true\r\nSignature: Microsoft Windows\r\nSignatureStatus: Valid","SourceModuleName":"eventlog","AccountType":"User","Signature":"Microsoft Windows"}
{"SourceProcessId":"4640","RuleName":"-","@timestamp":"2020-10-12T22:34:38.975Z","Channel":"Microsoft-Windows-Sysmon/Operational","UserID":"S-1-5-18","TargetProcessId":"2368","CallTrace":"C:\\windows\\SYSTEM32\\ntdll.dll+9c534|C:\\windows\\System32\\KERNELBASE.dll+305fe|C:\\windows\\system32\\twinui.pcshell.dll+f06f|C:\\windows\\system32\\twinui.pcshell.dll+7c351|C:\\windows\\system32\\twinui.pcshell.dll+730c9|C:\\windows\\system32\\twinui.pcshell.dll+672d2|C:\\windows\\system32\\twinui.pcshell.dll+59992|C:\\windows\\system32\\twinui.pcshell.dll+29036|C:\\windows\\system32\\twinui.pcshell.dll+59992|C:\\windows\\system32\\twinui.pcshell.dll+2931e|C:\\windows\\system32\\twinui.pcshell.dll+7c666|C:\\windows\\system32\\twinui.pcshell.dll+5c590|C:\\windows\\System32\\USER32.dll+15c7d|C:\\windows\\System32\\USER32.dll+15672|C:\\windows\\system32\\twinui.pcshell.dll+1a0a9|C:\\windows\\system32\\twinui.pcshell.dll+1afbc|C:\\windows\\system32\\twinui.pcshell.dll+591a9|C:\\windows\\system32\\twinui.pcshell.dll+2a35a|C:\\windows\\system32\\twinui.dll+19666|C:\\windows\\system32\\twinui.dll+193da|C:\\windows\\system32\\twinui.dll+192f1|C:\\windows\\System32\\USER32.dll+15c7d|C:\\windows\\System32\\USER32.dll+1584c|C:\\windows\\System32\\USER32.dll+25b12","RecordNumber":338639,"ThreadID":3444,"SourceProcessGUID":"{71b87c12-d429-5f84-d400-000000000500}","TargetImage":"c:\\windows\\system32\\notepad.exe","ProcessId":"4640","Version":3,"Hostname":"WORKSTATION5.theshire.local","EventReceivedTime":"2020-10-12 18:34:38","ProviderGuid":"{5770385F-C22A-43E0-BF4C-06F5698FFBD9}","UtcTime":"2020-10-12 22:34:38.372","port":61041,"Severity":"INFO","tags":["mordorDataset"],"Task":10,"SourceThreadId":"5028","SourceModuleType":"im_msvistalog","OpcodeValue":0,"EventType":"INFO","ExecutionProcessID":3312,"Opcode":"Info","SourceName":"Microsoft-Windows-Sysmon","Keywords":-9223372036854775808,"EventID":10,"Domain":"NT AUTHORITY","Category":"Process accessed (rule: ProcessAccess)","@version":"1","AccountName":"SYSTEM","host":"wec.internal.cloudapp.net","SourceImage":"C:\\windows\\Explorer.EXE","SeverityValue":2,"EventTime":"2020-10-12 18:34:38","Message":"Process accessed:\r\nRuleName: -\r\nUtcTime: 2020-10-12 22:34:38.372\r\nSourceProcessGUID: {71b87c12-d429-5f84-d400-000000000500}\r\nSourceProcessId: 4640\r\nSourceThreadId: 5028\r\nSourceImage: C:\\windows\\Explorer.EXE\r\nTargetProcessGUID: {71b87c12-d9fe-5f84-1a01-000000000500}\r\nTargetProcessId: 2368\r\nTargetImage: c:\\windows\\system32\\notepad.exe\r\nGrantedAccess: 0x1000\r\nCallTrace: C:\\windows\\SYSTEM32\\ntdll.dll+9c534|C:\\windows\\System32\\KERNELBASE.dll+305fe|C:\\windows\\system32\\twinui.pcshell.dll+f06f|C:\\windows\\system32\\twinui.pcshell.dll+7c351|C:\\windows\\system32\\twinui.pcshell.dll+730c9|C:\\windows\\system32\\twinui.pcshell.dll+672d2|C:\\windows\\system32\\twinui.pcshell.dll+59992|C:\\windows\\system32\\twinui.pcshell.dll+29036|C:\\windows\\system32\\twinui.pcshell.dll+59992|C:\\windows\\system32\\twinui.pcshell.dll+2931e|C:\\windows\\system32\\twinui.pcshell.dll+7c666|C:\\windows\\system32\\twinui.pcshell.dll+5c590|C:\\windows\\System32\\USER32.dll+15c7d|C:\\windows\\System32\\USER32.dll+15672|C:\\windows\\system32\\twinui.pcshell.dll+1a0a9|C:\\windows\\system32\\twinui.pcshell.dll+1afbc|C:\\windows\\system32\\twinui.pcshell.dll+591a9|C:\\windows\\system32\\twinui.pcshell.dll+2a35a|C:\\windows\\system32\\twinui.dll+19666|C:\\windows\\system32\\twinui.dll+193da|C:\\windows\\system32\\twinui.dll+192f1|C:\\windows\\System32\\USER32.dll+15c7d|C:\\windows\\System32\\USER32.dll+1584c|C:\\windows\\System32\\USER32.dll+25b12","SourceModuleName":"eventlog","GrantedAccess":"0x1000","AccountType":"User","TargetProcessGUID":"{71b87c12-d9fe-5f84-1a01-000000000500}"}
{"SourceProcessId":"4640","RuleName":"-","@timestamp":"2020-10-12T22:34:38.976Z","Channel":"Microsoft-Windows-Sysmon/Operational","UserID":"S-1-5-18","TargetProcessId":"2368","CallTrace":"C:\\windows\\SYSTEM32\\ntdll.dll+9c534|C:\\windows\\System32\\KERNELBASE.dll+305fe|C:\\windows\\system32\\twinui.pcshell.dll+f7f5|C:\\windows\\system32\\twinui.pcshell.dll+f09c|C:\\windows\\system32\\twinui.pcshell.dll+7c351|C:\\windows\\system32\\twinui.pcshell.dll+730c9|C:\\windows\\system32\\twinui.pcshell.dll+672d2|C:\\windows\\system32\\twinui.pcshell.dll+59992|C:\\windows\\system32\\twinui.pcshell.dll+29036|C:\\windows\\system32\\twinui.pcshell.dll+59992|C:\\windows\\system32\\twinui.pcshell.dll+2931e|C:\\windows\\system32\\twinui.pcshell.dll+7c666|C:\\windows\\system32\\twinui.pcshell.dll+5c590|C:\\windows\\System32\\USER32.dll+15c7d|C:\\windows\\System32\\USER32.dll+15672|C:\\windows\\system32\\twinui.pcshell.dll+1a0a9|C:\\windows\\system32\\twinui.pcshell.dll+1afbc|C:\\windows\\system32\\twinui.pcshell.dll+591a9|C:\\windows\\system32\\twinui.pcshell.dll+2a35a|C:\\windows\\system32\\twinui.dll+19666|C:\\windows\\system32\\twinui.dll+193da|C:\\windows\\system32\\twinui.dll+192f1|C:\\windows\\System32\\USER32.dll+15c7d|C:\\windows\\System32\\USER32.dll+1584c","RecordNumber":338640,"ThreadID":3444,"SourceProcessGUID":"{71b87c12-d429-5f84-d400-000000000500}","TargetImage":"c:\\windows\\system32\\notepad.exe","ProcessId":"4640","Version":3,"Hostname":"WORKSTATION5.theshire.local","EventReceivedTime":"2020-10-12 18:34:38","ProviderGuid":"{5770385F-C22A-43E0-BF4C-06F5698FFBD9}","UtcTime":"2020-10-12 22:34:38.372","port":61041,"Severity":"INFO","tags":["mordorDataset"],"Task":10,"SourceThreadId":"5028","SourceModuleType":"im_msvistalog","OpcodeValue":0,"EventType":"INFO","ExecutionProcessID":3312,"Opcode":"Info","SourceName":"Microsoft-Windows-Sysmon","Keywords":-9223372036854775808,"EventID":10,"Domain":"NT AUTHORITY","Category":"Process accessed (rule: ProcessAccess)","@version":"1","AccountName":"SYSTEM","host":"wec.internal.cloudapp.net","SourceImage":"C:\\windows\\Explorer.EXE","SeverityValue":2,"EventTime":"2020-10-12 18:34:38","Message":"Process accessed:\r\nRuleName: -\r\nUtcTime: 2020-10-12 22:34:38.372\r\nSourceProcessGUID: {71b87c12-d429-5f84-d400-000000000500}\r\nSourceProcessId: 4640\r\nSourceThreadId: 5028\r\nSourceImage: C:\\windows\\Explorer.EXE\r\nTargetProcessGUID: {71b87c12-d9fe-5f84-1a01-000000000500}\r\nTargetProcessId: 2368\r\nTargetImage: c:\\windows\\system32\\notepad.exe\r\nGrantedAccess: 0x1000\r\nCallTrace: C:\\windows\\SYSTEM32\\ntdll.dll+9c534|C:\\windows\\System32\\KERNELBASE.dll+305fe|C:\\windows\\system32\\twinui.pcshell.dll+f7f5|C:\\windows\\system32\\twinui.pcshell.dll+f09c|C:\\windows\\system32\\twinui.pcshell.dll+7c351|C:\\windows\\system32\\twinui.pcshell.dll+730c9|C:\\windows\\system32\\twinui.pcshell.dll+672d2|C:\\windows\\system32\\twinui.pcshell.dll+59992|C:\\windows\\system32\\twinui.pcshell.dll+29036|C:\\windows\\system32\\twinui.pcshell.dll+59992|C:\\windows\\system32\\twinui.pcshell.dll+2931e|C:\\windows\\system32\\twinui.pcshell.dll+7c666|C:\\windows\\system32\\twinui.pcshell.dll+5c590|C:\\windows\\System32\\USER32.dll+15c7d|C:\\windows\\System32\\USER32.dll+15672|C:\\windows\\system32\\twinui.pcshell.dll+1a0a9|C:\\windows\\system32\\twinui.pcshell.dll+1afbc|C:\\windows\\system32\\twinui.pcshell.dll+591a9|C:\\windows\\system32\\twinui.pcshell.dll+2a35a|C:\\windows\\system32\\twinui.dll+19666|C:\\windows\\system32\\twinui.dll+193da|C:\\windows\\system32\\twinui.dll+192f1|C:\\windows\\System32\\USER32.dll+15c7d|C:\\windows\\System32\\USER32.dll+1584c","SourceModuleName":"eventlog","GrantedAccess":"0x1000","AccountType":"User","TargetProcessGUID":"{71b87c12-d9fe-5f84-1a01-000000000500}"}
{"EventTypeOrignal":"INFO","RuleName":"-","@timestamp":"2020-10-12T22:34:38.976Z","port":61041,"Severity":"INFO","Task":12,"Channel":"Microsoft-Windows-Sysmon/Operational","UtcTime":"2020-10-12 22:34:38.372","UserID":"S-1-5-18","SourceModuleType":"im_msvistalog","OpcodeValue":0,"tags":["mordorDataset"],"TargetObject":"HKU\\S-1-5-21-4107722679-1012484280-3777968168-1104\\Software\\Microsoft\\Windows\\CurrentVersion\\Explorer\\SessionInfo\\2\\ApplicationViewManagement\\W32:00000000000301FE","ExecutionProcessID":3312,"Opcode":"Info","RecordNumber":338641,"ThreadID":3444,"EventType":"CreateKey","SourceName":"Microsoft-Windows-Sysmon","Keywords":-9223372036854775808,"Image":"C:\\windows\\Explorer.EXE","EventID":12,"Domain":"NT AUTHORITY","Category":"Registry object added or deleted (rule: RegistryEvent)","Version":2,"ProcessId":"4640","@version":"1","AccountName":"SYSTEM","ProcessGuid":"{71b87c12-d429-5f84-d400-000000000500}","host":"wec.internal.cloudapp.net","Hostname":"WORKSTATION5.theshire.local","EventReceivedTime":"2020-10-12 18:34:38","SeverityValue":2,"EventTime":"2020-10-12 18:34:38","ProviderGuid":"{5770385F-C22A-43E0-BF4C-06F5698FFBD9}","Message":"Registry object added or deleted:\r\nRuleName: -\r\nEventType: CreateKey\r\nUtcTime: 2020-10-12 22:34:38.372\r\nProcessGuid: {71b87c12-d429-5f84-d400-000000000500}\r\nProcessId: 4640\r\nImage: C:\\windows\\Explorer.EXE\r\nTargetObject: HKU\\S-1-5-21-4107722679-1012484280-3777968168-1104\\Software\\Microsoft\\Windows\\CurrentVersion\\Explorer\\SessionInfo\\2\\ApplicationViewManagement\\W32:00000000000301FE","SourceModuleName":"eventlog","AccountType":"User"}
{"EventTypeOrignal":"INFO","RuleName":"-","@timestamp":"2020-10-12T22:34:38.978Z","port":61041,"Severity":"INFO","Task":13,"Channel":"Microsoft-Windows-Sysmon/Operational","UtcTime":"2020-10-12 22:34:38.388","UserID":"S-1-5-18","SourceModuleType":"im_msvistalog","OpcodeValue":0,"tags":["mordorDataset"],"TargetObject":"HKU\\S-1-5-21-4107722679-1012484280-3777968168-1104\\Software\\Microsoft\\Windows\\CurrentVersion\\Explorer\\SessionInfo\\2\\ApplicationViewManagement\\W32:00000000000301FE\\VirtualDesktop","ExecutionProcessID":3312,"Opcode":"Info","RecordNumber":338642,"ThreadID":3444,"EventType":"SetValue","SourceName":"Microsoft-Windows-Sysmon","Keywords":-9223372036854775808,"Image":"C:\\windows\\Explorer.EXE","EventID":13,"Domain":"NT AUTHORITY","Category":"Registry value set (rule: RegistryEvent)","Version":2,"ProcessId":"4640","@version":"1","AccountName":"SYSTEM","Details":"Binary Data","ProcessGuid":"{71b87c12-d429-5f84-d400-000000000500}","host":"wec.internal.cloudapp.net","Hostname":"WORKSTATION5.theshire.local","EventReceivedTime":"2020-10-12 18:34:38","SeverityValue":2,"EventTime":"2020-10-12 18:34:38","ProviderGuid":"{5770385F-C22A-43E0-BF4C-06F5698FFBD9}","Message":"Registry value set:\r\nRuleName: -\r\nEventType: SetValue\r\nUtcTime: 2020-10-12 22:34:38.388\r\nProcessGuid: {71b87c12-d429-5f84-d400-000000000500}\r\nProcessId: 4640\r\nImage: C:\\windows\\Explorer.EXE\r\nTargetObject: HKU\\S-1-5-21-4107722679-1012484280-3777968168-1104\\Software\\Microsoft\\Windows\\CurrentVersion\\Explorer\\SessionInfo\\2\\ApplicationViewManagement\\W32:00000000000301FE\\VirtualDesktop\r\nDetails: Binary Data","SourceModuleName":"eventlog","AccountType":"User"}
{"SourceProcessId":"4640","RuleName":"-","@timestamp":"2020-10-12T22:34:38.978Z","Channel":"Microsoft-Windows-Sysmon/Operational","UserID":"S-1-5-18","TargetProcessId":"2368","CallTrace":"C:\\windows\\SYSTEM32\\ntdll.dll+9c534|C:\\windows\\System32\\KERNELBASE.dll+305fe|C:\\windows\\system32\\twinui.pcshell.dll+f06f|C:\\windows\\system32\\twinui.pcshell.dll+7c351|C:\\windows\\system32\\twinui.pcshell.dll+1ab64|C:\\windows\\system32\\twinui.pcshell.dll+3d6a3|C:\\windows\\system32\\twinui.pcshell.dll+59992|C:\\windows\\system32\\twinui.pcshell.dll+2931e|C:\\windows\\system32\\twinui.pcshell.dll+7c666|C:\\windows\\system32\\twinui.pcshell.dll+5c590|C:\\windows\\System32\\USER32.dll+15c7d|C:\\windows\\System32\\USER32.dll+15672|C:\\windows\\system32\\twinui.pcshell.dll+1a0a9|C:\\windows\\system32\\twinui.pcshell.dll+1afbc|C:\\windows\\system32\\twinui.pcshell.dll+591a9|C:\\windows\\system32\\twinui.pcshell.dll+2a35a|C:\\windows\\system32\\twinui.dll+19666|C:\\windows\\system32\\twinui.dll+193da|C:\\windows\\system32\\twinui.dll+192f1|C:\\windows\\System32\\USER32.dll+15c7d|C:\\windows\\System32\\USER32.dll+1584c|C:\\windows\\System32\\USER32.dll+25b12|C:\\windows\\SYSTEM32\\ntdll.dll+9fde4|UNKNOWN(FFFFF8022DDE1E85)","RecordNumber":338643,"ThreadID":3444,"SourceProcessGUID":"{71b87c12-d429-5f84-d400-000000000500}","TargetImage":"c:\\windows\\system32\\notepad.exe","ProcessId":"4640","Version":3,"Hostname":"WORKSTATION5.theshire.local","EventReceivedTime":"2020-10-12 18:34:38","ProviderGuid":"{5770385F-C22A-43E0-BF4C-06F5698FFBD9}","UtcTime":"2020-10-12 22:34:38.388","port":61041,"Severity":"INFO","tags":["mordorDataset"],"Task":10,"SourceThreadId":"5028","SourceModuleType":"im_msvistalog","OpcodeValue":0,"EventType":"INFO","ExecutionProcessID":3312,"Opcode":"Info","SourceName":"Microsoft-Windows-Sysmon","Keywords":-9223372036854775808,"EventID":10,"Domain":"NT AUTHORITY","Category":"Process accessed (rule: ProcessAccess)","@version":"1","AccountName":"SYSTEM","host":"wec.internal.cloudapp.net","SourceImage":"C:\\windows\\Explorer.EXE","SeverityValue":2,"EventTime":"2020-10-12 18:34:38","Message":"Process accessed:\r\nRuleName: -\r\nUtcTime: 2020-10-12 22:34:38.388\r\nSourceProcessGUID: {71b87c12-d429-5f84-d400-000000000500}\r\nSourceProcessId: 4640\r\nSourceThreadId: 5028\r\nSourceImage: C:\\windows\\Explorer.EXE\r\nTargetProcessGUID: {71b87c12-d9fe-5f84-1a01-000000000500}\r\nTargetProcessId: 2368\r\nTargetImage: c:\\windows\\system32\\notepad.exe\r\nGrantedAccess: 0x1000\r\nCallTrace: C:\\windows\\SYSTEM32\\ntdll.dll+9c534|C:\\windows\\System32\\KERNELBASE.dll+305fe|C:\\windows\\system32\\twinui.pcshell.dll+f06f|C:\\windows\\system32\\twinui.pcshell.dll+7c351|C:\\windows\\system32\\twinui.pcshell.dll+1ab64|C:\\windows\\system32\\twinui.pcshell.dll+3d6a3|C:\\windows\\system32\\twinui.pcshell.dll+59992|C:\\windows\\system32\\twinui.pcshell.dll+2931e|C:\\windows\\system32\\twinui.pcshell.dll+7c666|C:\\windows\\system32\\twinui.pcshell.dll+5c590|C:\\windows\\System32\\USER32.dll+15c7d|C:\\windows\\System32\\USER32.dll+15672|C:\\windows\\system32\\twinui.pcshell.dll+1a0a9|C:\\windows\\system32\\twinui.pcshell.dll+1afbc|C:\\windows\\system32\\twinui.pcshell.dll+591a9|C:\\windows\\system32\\twinui.pcshell.dll+2a35a|C:\\windows\\system32\\twinui.dll+19666|C:\\windows\\system32\\twinui.dll+193da|C:\\windows\\system32\\twinui.dll+192f1|C:\\windows\\System32\\USER32.dll+15c7d|C:\\windows\\System32\\USER32.dll+1584c|C:\\windows\\System32\\USER32.dll+25b12|C:\\windows\\SYSTEM32\\ntdll.dll+9fde4|UNKNOWN(FFFFF8022DDE1E85)","SourceModuleName":"eventlog","GrantedAccess":"0x1000","AccountType":"User","TargetProcessGUID":"{71b87c12-d9fe-5f84-1a01-000000000500}"}
{"SourceProcessId":"4640","RuleName":"-","@timestamp":"2020-10-12T22:34:38.978Z","Channel":"Microsoft-Windows-Sysmon/Operational","UserID":"S-1-5-18","TargetProcessId":"2368","CallTrace":"C:\\windows\\SYSTEM32\\ntdll.dll+9c534|C:\\windows\\System32\\KERNELBASE.dll+305fe|C:\\windows\\system32\\twinui.pcshell.dll+f7f5|C:\\windows\\system32\\twinui.pcshell.dll+f09c|C:\\windows\\system32\\twinui.pcshell.dll+7c351|C:\\windows\\system32\\twinui.pcshell.dll+1ab64|C:\\windows\\system32\\twinui.pcshell.dll+3d6a3|C:\\windows\\system32\\twinui.pcshell.dll+59992|C:\\windows\\system32\\twinui.pcshell.dll+2931e|C:\\windows\\system32\\twinui.pcshell.dll+7c666|C:\\windows\\system32\\twinui.pcshell.dll+5c590|C:\\windows\\System32\\USER32.dll+15c7d|C:\\windows\\System32\\USER32.dll+15672|C:\\windows\\system32\\twinui.pcshell.dll+1a0a9|C:\\windows\\system32\\twinui.pcshell.dll+1afbc|C:\\windows\\system32\\twinui.pcshell.dll+591a9|C:\\windows\\system32\\twinui.pcshell.dll+2a35a|C:\\windows\\system32\\twinui.dll+19666|C:\\windows\\system32\\twinui.dll+193da|C:\\windows\\system32\\twinui.dll+192f1|C:\\windows\\System32\\USER32.dll+15c7d|C:\\windows\\System32\\USER32.dll+1584c|C:\\windows\\System32\\USER32.dll+25b12|C:\\windows\\SYSTEM32\\ntdll.dll+9fde4","RecordNumber":338644,"ThreadID":3444,"SourceProcessGUID":"{71b87c12-d429-5f84-d400-000000000500}","TargetImage":"c:\\windows\\system32\\notepad.exe","ProcessId":"4640","Version":3,"Hostname":"WORKSTATION5.theshire.local","EventReceivedTime":"2020-10-12 18:34:38","ProviderGuid":"{5770385F-C22A-43E0-BF4C-06F5698FFBD9}","UtcTime":"2020-10-12 22:34:38.388","port":61041,"Severity":"INFO","tags":["mordorDataset"],"Task":10,"SourceThreadId":"5028","SourceModuleType":"im_msvistalog","OpcodeValue":0,"EventType":"INFO","ExecutionProcessID":3312,"Opcode":"Info","SourceName":"Microsoft-Windows-Sysmon","Keywords":-9223372036854775808,"EventID":10,"Domain":"NT AUTHORITY","Category":"Process accessed (rule: ProcessAccess)","@version":"1","AccountName":"SYSTEM","host":"wec.internal.cloudapp.net","SourceImage":"C:\\windows\\Explorer.EXE","SeverityValue":2,"EventTime":"2020-10-12 18:34:38","Message":"Process accessed:\r\nRuleName: -\r\nUtcTime: 2020-10-12 22:34:38.388\r\nSourceProcessGUID: {71b87c12-d429-5f84-d400-000000000500}\r\nSourceProcessId: 4640\r\nSourceThreadId: 5028\r\nSourceImage: C:\\windows\\Explorer.EXE\r\nTargetProcessGUID: {71b87c12-d9fe-5f84-1a01-000000000500}\r\nTargetProcessId: 2368\r\nTargetImage: c:\\windows\\system32\\notepad.exe\r\nGrantedAccess: 0x1000\r\nCallTrace: C:\\windows\\SYSTEM32\\ntdll.dll+9c534|C:\\windows\\System32\\KERNELBASE.dll+305fe|C:\\windows\\system32\\twinui.pcshell.dll+f7f5|C:\\windows\\system32\\twinui.pcshell.dll+f09c|C:\\windows\\system32\\twinui.pcshell.dll+7c351|C:\\windows\\system32\\twinui.pcshell.dll+1ab64|C:\\windows\\system32\\twinui.pcshell.dll+3d6a3|C:\\windows\\system32\\twinui.pcshell.dll+59992|C:\\windows\\system32\\twinui.pcshell.dll+2931e|C:\\windows\\system32\\twinui.pcshell.dll+7c666|C:\\windows\\system32\\twinui.pcshell.dll+5c590|C:\\windows\\System32\\USER32.dll+15c7d|C:\\windows\\System32\\USER32.dll+15672|C:\\windows\\system32\\twinui.pcshell.dll+1a0a9|C:\\windows\\system32\\twinui.pcshell.dll+1afbc|C:\\windows\\system32\\twinui.pcshell.dll+591a9|C:\\windows\\system32\\twinui.pcshell.dll+2a35a|C:\\windows\\system32\\twinui.dll+19666|C:\\windows\\system32\\twinui.dll+193da|C:\\windows\\system32\\twinui.dll+192f1|C:\\windows\\System32\\USER32.dll+15c7d|C:\\windows\\System32\\USER32.dll+1584c|C:\\windows\\System32\\USER32.dll+25b12|C:\\windows\\SYSTEM32\\ntdll.dll+9fde4","SourceModuleName":"eventlog","GrantedAccess":"0x1000","AccountType":"User","TargetProcessGUID":"{71b87c12-d9fe-5f84-1a01-000000000500}"}
{"SourceProcessId":"4640","RuleName":"-","@timestamp":"2020-10-12T22:34:38.979Z","Channel":"Microsoft-Windows-Sysmon/Operational","UserID":"S-1-5-18","TargetProcessId":"2368","CallTrace":"C:\\windows\\SYSTEM32\\ntdll.dll+9c534|C:\\windows\\System32\\KERNELBASE.dll+305fe|C:\\windows\\system32\\twinui.pcshell.dll+f06f|C:\\windows\\system32\\twinui.pcshell.dll+7c351|C:\\windows\\system32\\twinui.pcshell.dll+93668|C:\\windows\\system32\\twinui.pcshell.dll+93239|C:\\windows\\system32\\twinui.pcshell.dll+67f97|C:\\windows\\system32\\twinui.pcshell.dll+59992|C:\\windows\\system32\\twinui.pcshell.dll+2931e|C:\\windows\\system32\\twinui.pcshell.dll+7c666|C:\\windows\\system32\\twinui.pcshell.dll+5c590|C:\\windows\\System32\\USER32.dll+15c7d|C:\\windows\\System32\\USER32.dll+15672|C:\\windows\\system32\\twinui.pcshell.dll+1a0a9|C:\\windows\\system32\\twinui.pcshell.dll+1afbc|C:\\windows\\system32\\twinui.pcshell.dll+591a9|C:\\windows\\system32\\twinui.pcshell.dll+2a35a|C:\\windows\\system32\\twinui.dll+19666|C:\\windows\\system32\\twinui.dll+193da|C:\\windows\\system32\\twinui.dll+192f1|C:\\windows\\System32\\USER32.dll+15c7d|C:\\windows\\System32\\USER32.dll+1584c|C:\\windows\\System32\\USER32.dll+25b12|C:\\windows\\SYSTEM32\\ntdll.dll+9fde4","RecordNumber":338645,"ThreadID":3444,"SourceProcessGUID":"{71b87c12-d429-5f84-d400-000000000500}","TargetImage":"c:\\windows\\system32\\notepad.exe","ProcessId":"4640","Version":3,"Hostname":"WORKSTATION5.theshire.local","EventReceivedTime":"2020-10-12 18:34:38","ProviderGuid":"{5770385F-C22A-43E0-BF4C-06F5698FFBD9}","UtcTime":"2020-10-12 22:34:38.388","port":61041,"Severity":"INFO","tags":["mordorDataset"],"Task":10,"SourceThreadId":"5028","SourceModuleType":"im_msvistalog","OpcodeValue":0,"EventType":"INFO","ExecutionProcessID":3312,"Opcode":"Info","SourceName":"Microsoft-Windows-Sysmon","Keywords":-9223372036854775808,"EventID":10,"Domain":"NT AUTHORITY","Category":"Process accessed (rule: ProcessAccess)","@version":"1","AccountName":"SYSTEM","host":"wec.internal.cloudapp.net","SourceImage":"C:\\windows\\Explorer.EXE","SeverityValue":2,"EventTime":"2020-10-12 18:34:38","Message":"Process accessed:\r\nRuleName: -\r\nUtcTime: 2020-10-12 22:34:38.388\r\nSourceProcessGUID: {71b87c12-d429-5f84-d400-000000000500}\r\nSourceProcessId: 4640\r\nSourceThreadId: 5028\r\nSourceImage: C:\\windows\\Explorer.EXE\r\nTargetProcessGUID: {71b87c12-d9fe-5f84-1a01-000000000500}\r\nTargetProcessId: 2368\r\nTargetImage: c:\\windows\\system32\\notepad.exe\r\nGrantedAccess: 0x1000\r\nCallTrace: C:\\windows\\SYSTEM32\\ntdll.dll+9c534|C:\\windows\\System32\\KERNELBASE.dll+305fe|C:\\windows\\system32\\twinui.pcshell.dll+f06f|C:\\windows\\system32\\twinui.pcshell.dll+7c351|C:\\windows\\system32\\twinui.pcshell.dll+93668|C:\\windows\\system32\\twinui.pcshell.dll+93239|C:\\windows\\system32\\twinui.pcshell.dll+67f97|C:\\windows\\system32\\twinui.pcshell.dll+59992|C:\\windows\\system32\\twinui.pcshell.dll+2931e|C:\\windows\\system32\\twinui.pcshell.dll+7c666|C:\\windows\\system32\\twinui.pcshell.dll+5c590|C:\\windows\\System32\\USER32.dll+15c7d|C:\\windows\\System32\\USER32.dll+15672|C:\\windows\\system32\\twinui.pcshell.dll+1a0a9|C:\\windows\\system32\\twinui.pcshell.dll+1afbc|C:\\windows\\system32\\twinui.pcshell.dll+591a9|C:\\windows\\system32\\twinui.pcshell.dll+2a35a|C:\\windows\\system32\\twinui.dll+19666|C:\\windows\\system32\\twinui.dll+193da|C:\\windows\\system32\\twinui.dll+192f1|C:\\windows\\System32\\USER32.dll+15c7d|C:\\windows\\System32\\USER32.dll+1584c|C:\\windows\\System32\\USER32.dll+25b12|C:\\windows\\SYSTEM32\\ntdll.dll+9fde4","SourceModuleName":"eventlog","GrantedAccess":"0x1000","AccountType":"User","TargetProcessGUID":"{71b87c12-d9fe-5f84-1a01-000000000500}"}
{"SourceProcessId":"4640","RuleName":"-","@timestamp":"2020-10-12T22:34:38.980Z","Channel":"Microsoft-Windows-Sysmon/Operational","UserID":"S-1-5-18","TargetProcessId":"2368","CallTrace":"C:\\windows\\SYSTEM32\\ntdll.dll+9c534|C:\\windows\\System32\\KERNELBASE.dll+305fe|C:\\windows\\system32\\twinui.pcshell.dll+f7f5|C:\\windows\\system32\\twinui.pcshell.dll+f09c|C:\\windows\\system32\\twinui.pcshell.dll+7c351|C:\\windows\\system32\\twinui.pcshell.dll+93668|C:\\windows\\system32\\twinui.pcshell.dll+93239|C:\\windows\\system32\\twinui.pcshell.dll+67f97|C:\\windows\\system32\\twinui.pcshell.dll+59992|C:\\windows\\system32\\twinui.pcshell.dll+2931e|C:\\windows\\system32\\twinui.pcshell.dll+7c666|C:\\windows\\system32\\twinui.pcshell.dll+5c590|C:\\windows\\System32\\USER32.dll+15c7d|C:\\windows\\System32\\USER32.dll+15672|C:\\windows\\system32\\twinui.pcshell.dll+1a0a9|C:\\windows\\system32\\twinui.pcshell.dll+1afbc|C:\\windows\\system32\\twinui.pcshell.dll+591a9|C:\\windows\\system32\\twinui.pcshell.dll+2a35a|C:\\windows\\system32\\twinui.dll+19666|C:\\windows\\system32\\twinui.dll+193da|C:\\windows\\system32\\twinui.dll+192f1|C:\\windows\\System32\\USER32.dll+15c7d|C:\\windows\\System32\\USER32.dll+1584c|C:\\windows\\System32\\USER32.dll+25b12","RecordNumber":338646,"ThreadID":3444,"SourceProcessGUID":"{71b87c12-d429-5f84-d400-000000000500}","TargetImage":"c:\\windows\\system32\\notepad.exe","ProcessId":"4640","Version":3,"Hostname":"WORKSTATION5.theshire.local","EventReceivedTime":"2020-10-12 18:34:38","ProviderGuid":"{5770385F-C22A-43E0-BF4C-06F5698FFBD9}","UtcTime":"2020-10-12 22:34:38.388","port":61041,"Severity":"INFO","tags":["mordorDataset"],"Task":10,"SourceThreadId":"5028","SourceModuleType":"im_msvistalog","OpcodeValue":0,"EventType":"INFO","ExecutionProcessID":3312,"Opcode":"Info","SourceName":"Microsoft-Windows-Sysmon","Keywords":-9223372036854775808,"EventID":10,"Domain":"NT AUTHORITY","Category":"Process accessed (rule: ProcessAccess)","@version":"1","AccountName":"SYSTEM","host":"wec.internal.cloudapp.net","SourceImage":"C:\\windows\\Explorer.EXE","SeverityValue":2,"EventTime":"2020-10-12 18:34:38","Message":"Process accessed:\r\nRuleName: -\r\nUtcTime: 2020-10-12 22:34:38.388\r\nSourceProcessGUID: {71b87c12-d429-5f84-d400-000000000500}\r\nSourceProcessId: 4640\r\nSourceThreadId: 5028\r\nSourceImage: C:\\windows\\Explorer.EXE\r\nTargetProcessGUID: {71b87c12-d9fe-5f84-1a01-000000000500}\r\nTargetProcessId: 2368\r\nTargetImage: c:\\windows\\system32\\notepad.exe\r\nGrantedAccess: 0x1000\r\nCallTrace: C:\\windows\\SYSTEM32\\ntdll.dll+9c534|C:\\windows\\System32\\KERNELBASE.dll+305fe|C:\\windows\\system32\\twinui.pcshell.dll+f7f5|C:\\windows\\system32\\twinui.pcshell.dll+f09c|C:\\windows\\system32\\twinui.pcshell.dll+7c351|C:\\windows\\system32\\twinui.pcshell.dll+93668|C:\\windows\\system32\\twinui.pcshell.dll+93239|C:\\windows\\system32\\twinui.pcshell.dll+67f97|C:\\windows\\system32\\twinui.pcshell.dll+59992|C:\\windows\\system32\\twinui.pcshell.dll+2931e|C:\\windows\\system32\\twinui.pcshell.dll+7c666|C:\\windows\\system32\\twinui.pcshell.dll+5c590|C:\\windows\\System32\\USER32.dll+15c7d|C:\\windows\\System32\\USER32.dll+15672|C:\\windows\\system32\\twinui.pcshell.dll+1a0a9|C:\\windows\\system32\\twinui.pcshell.dll+1afbc|C:\\windows\\system32\\twinui.pcshell.dll+591a9|C:\\windows\\system32\\twinui.pcshell.dll+2a35a|C:\\windows\\system32\\twinui.dll+19666|C:\\windows\\system32\\twinui.dll+193da|C:\\windows\\system32\\twinui.dll+192f1|C:\\windows\\System32\\USER32.dll+15c7d|C:\\windows\\System32\\USER32.dll+1584c|C:\\windows\\System32\\USER32.dll+25b12","SourceModuleName":"eventlog","GrantedAccess":"0x1000","AccountType":"User","TargetProcessGUID":"{71b87c12-d9fe-5f84-1a01-000000000500}"}
{"SourceProcessId":"4640","RuleName":"-","@timestamp":"2020-10-12T22:34:38.980Z","Channel":"Microsoft-Windows-Sysmon/Operational","UserID":"S-1-5-18","TargetProcessId":"2368","CallTrace":"C:\\windows\\SYSTEM32\\ntdll.dll+9c534|C:\\windows\\System32\\KERNELBASE.dll+305fe|C:\\windows\\system32\\twinui.pcshell.dll+93697|C:\\windows\\system32\\twinui.pcshell.dll+93239|C:\\windows\\system32\\twinui.pcshell.dll+67f97|C:\\windows\\system32\\twinui.pcshell.dll+59992|C:\\windows\\system32\\twinui.pcshell.dll+2931e|C:\\windows\\system32\\twinui.pcshell.dll+7c666|C:\\windows\\system32\\twinui.pcshell.dll+5c590|C:\\windows\\System32\\USER32.dll+15c7d|C:\\windows\\System32\\USER32.dll+15672|C:\\windows\\system32\\twinui.pcshell.dll+1a0a9|C:\\windows\\system32\\twinui.pcshell.dll+1afbc|C:\\windows\\system32\\twinui.pcshell.dll+591a9|C:\\windows\\system32\\twinui.pcshell.dll+2a35a|C:\\windows\\system32\\twinui.dll+19666|C:\\windows\\system32\\twinui.dll+193da|C:\\windows\\system32\\twinui.dll+192f1|C:\\windows\\System32\\USER32.dll+15c7d|C:\\windows\\System32\\USER32.dll+1584c|C:\\windows\\System32\\USER32.dll+25b12|C:\\windows\\SYSTEM32\\ntdll.dll+9fde4|UNKNOWN(FFFFF8022DDE1E85)|UNKNOWN(FFFF9C943F123144)","RecordNumber":338647,"ThreadID":3444,"SourceProcessGUID":"{71b87c12-d429-5f84-d400-000000000500}","TargetImage":"c:\\windows\\system32\\notepad.exe","ProcessId":"4640","Version":3,"Hostname":"WORKSTATION5.theshire.local","EventReceivedTime":"2020-10-12 18:34:38","ProviderGuid":"{5770385F-C22A-43E0-BF4C-06F5698FFBD9}","UtcTime":"2020-10-12 22:34:38.388","port":61041,"Severity":"INFO","tags":["mordorDataset"],"Task":10,"SourceThreadId":"5028","SourceModuleType":"im_msvistalog","OpcodeValue":0,"EventType":"INFO","ExecutionProcessID":3312,"Opcode":"Info","SourceName":"Microsoft-Windows-Sysmon","Keywords":-9223372036854775808,"EventID":10,"Domain":"NT AUTHORITY","Category":"Process accessed (rule: ProcessAccess)","@version":"1","AccountName":"SYSTEM","host":"wec.internal.cloudapp.net","SourceImage":"C:\\windows\\Explorer.EXE","SeverityValue":2,"EventTime":"2020-10-12 18:34:38","Message":"Process accessed:\r\nRuleName: -\r\nUtcTime: 2020-10-12 22:34:38.388\r\nSourceProcessGUID: {71b87c12-d429-5f84-d400-000000000500}\r\nSourceProcessId: 4640\r\nSourceThreadId: 5028\r\nSourceImage: C:\\windows\\Explorer.EXE\r\nTargetProcessGUID: {71b87c12-d9fe-5f84-1a01-000000000500}\r\nTargetProcessId: 2368\r\nTargetImage: c:\\windows\\system32\\notepad.exe\r\nGrantedAccess: 0x1000\r\nCallTrace: C:\\windows\\SYSTEM32\\ntdll.dll+9c534|C:\\windows\\System32\\KERNELBASE.dll+305fe|C:\\windows\\system32\\twinui.pcshell.dll+93697|C:\\windows\\system32\\twinui.pcshell.dll+93239|C:\\windows\\system32\\twinui.pcshell.dll+67f97|C:\\windows\\system32\\twinui.pcshell.dll+59992|C:\\windows\\system32\\twinui.pcshell.dll+2931e|C:\\windows\\system32\\twinui.pcshell.dll+7c666|C:\\windows\\system32\\twinui.pcshell.dll+5c590|C:\\windows\\System32\\USER32.dll+15c7d|C:\\windows\\System32\\USER32.dll+15672|C:\\windows\\system32\\twinui.pcshell.dll+1a0a9|C:\\windows\\system32\\twinui.pcshell.dll+1afbc|C:\\windows\\system32\\twinui.pcshell.dll+591a9|C:\\windows\\system32\\twinui.pcshell.dll+2a35a|C:\\windows\\system32\\twinui.dll+19666|C:\\windows\\system32\\twinui.dll+193da|C:\\windows\\system32\\twinui.dll+192f1|C:\\windows\\System32\\USER32.dll+15c7d|C:\\windows\\System32\\USER32.dll+1584c|C:\\windows\\System32\\USER32.dll+25b12|C:\\windows\\SYSTEM32\\ntdll.dll+9fde4|UNKNOWN(FFFFF8022DDE1E85)|UNKNOWN(FFFF9C943F123144)","SourceModuleName":"eventlog","GrantedAccess":"0x1000","AccountType":"User","TargetProcessGUID":"{71b87c12-d9fe-5f84-1a01-000000000500}"}
{"SourceProcessId":"4640","RuleName":"-","@timestamp":"2020-10-12T22:34:38.981Z","Channel":"Microsoft-Windows-Sysmon/Operational","UserID":"S-1-5-18","TargetProcessId":"2368","CallTrace":"C:\\windows\\SYSTEM32\\ntdll.dll+9c534|C:\\windows\\System32\\KERNELBASE.dll+305fe|C:\\Windows\\System32\\appresolver.dll+221c5|C:\\Windows\\System32\\appresolver.dll+1edcc|C:\\windows\\system32\\twinui.pcshell.dll+4035a0|C:\\windows\\system32\\twinui.pcshell.dll+936ba|C:\\windows\\system32\\twinui.pcshell.dll+93239|C:\\windows\\system32\\twinui.pcshell.dll+67f97|C:\\windows\\system32\\twinui.pcshell.dll+59992|C:\\windows\\system32\\twinui.pcshell.dll+2931e|C:\\windows\\system32\\twinui.pcshell.dll+7c666|C:\\windows\\system32\\twinui.pcshell.dll+5c590|C:\\windows\\System32\\USER32.dll+15c7d|C:\\windows\\System32\\USER32.dll+15672|C:\\windows\\system32\\twinui.pcshell.dll+1a0a9|C:\\windows\\system32\\twinui.pcshell.dll+1afbc|C:\\windows\\system32\\twinui.pcshell.dll+591a9|C:\\windows\\system32\\twinui.pcshell.dll+2a35a|C:\\windows\\system32\\twinui.dll+19666|C:\\windows\\system32\\twinui.dll+193da|C:\\windows\\system32\\twinui.dll+192f1|C:\\windows\\System32\\USER32.dll+15c7d|C:\\windows\\System32\\USER32.dll+1584c|C:\\windows\\System32\\USER32.dll+25b12","RecordNumber":338648,"ThreadID":3444,"SourceProcessGUID":"{71b87c12-d429-5f84-d400-000000000500}","TargetImage":"c:\\windows\\system32\\notepad.exe","ProcessId":"4640","Version":3,"Hostname":"WORKSTATION5.theshire.local","EventReceivedTime":"2020-10-12 18:34:38","ProviderGuid":"{5770385F-C22A-43E0-BF4C-06F5698FFBD9}","UtcTime":"2020-10-12 22:34:38.388","port":61041,"Severity":"INFO","tags":["mordorDataset"],"Task":10,"SourceThreadId":"5028","SourceModuleType":"im_msvistalog","OpcodeValue":0,"EventType":"INFO","ExecutionProcessID":3312,"Opcode":"Info","SourceName":"Microsoft-Windows-Sysmon","Keywords":-9223372036854775808,"EventID":10,"Domain":"NT AUTHORITY","Category":"Process accessed (rule: ProcessAccess)","@version":"1","AccountName":"SYSTEM","host":"wec.internal.cloudapp.net","SourceImage":"C:\\windows\\Explorer.EXE","SeverityValue":2,"EventTime":"2020-10-12 18:34:38","Message":"Process accessed:\r\nRuleName: -\r\nUtcTime: 2020-10-12 22:34:38.388\r\nSourceProcessGUID: {71b87c12-d429-5f84-d400-000000000500}\r\nSourceProcessId: 4640\r\nSourceThreadId: 5028\r\nSourceImage: C:\\windows\\Explorer.EXE\r\nTargetProcessGUID: {71b87c12-d9fe-5f84-1a01-000000000500}\r\nTargetProcessId: 2368\r\nTargetImage: c:\\windows\\system32\\notepad.exe\r\nGrantedAccess: 0x1000\r\nCallTrace: C:\\windows\\SYSTEM32\\ntdll.dll+9c534|C:\\windows\\System32\\KERNELBASE.dll+305fe|C:\\Windows\\System32\\appresolver.dll+221c5|C:\\Windows\\System32\\appresolver.dll+1edcc|C:\\windows\\system32\\twinui.pcshell.dll+4035a0|C:\\windows\\system32\\twinui.pcshell.dll+936ba|C:\\windows\\system32\\twinui.pcshell.dll+93239|C:\\windows\\system32\\twinui.pcshell.dll+67f97|C:\\windows\\system32\\twinui.pcshell.dll+59992|C:\\windows\\system32\\twinui.pcshell.dll+2931e|C:\\windows\\system32\\twinui.pcshell.dll+7c666|C:\\windows\\system32\\twinui.pcshell.dll+5c590|C:\\windows\\System32\\USER32.dll+15c7d|C:\\windows\\System32\\USER32.dll+15672|C:\\windows\\system32\\twinui.pcshell.dll+1a0a9|C:\\windows\\system32\\twinui.pcshell.dll+1afbc|C:\\windows\\system32\\twinui.pcshell.dll+591a9|C:\\windows\\system32\\twinui.pcshell.dll+2a35a|C:\\windows\\system32\\twinui.dll+19666|C:\\windows\\system32\\twinui.dll+193da|C:\\windows\\system32\\twinui.dll+192f1|C:\\windows\\System32\\USER32.dll+15c7d|C:\\windows\\System32\\USER32.dll+1584c|C:\\windows\\System32\\USER32.dll+25b12","SourceModuleName":"eventlog","GrantedAccess":"0x1000","AccountType":"User","TargetProcessGUID":"{71b87c12-d9fe-5f84-1a01-000000000500}"}
{"SourceProcessId":"4640","RuleName":"-","@timestamp":"2020-10-12T22:34:38.981Z","Channel":"Microsoft-Windows-Sysmon/Operational","UserID":"S-1-5-18","TargetProcessId":"2368","CallTrace":"C:\\windows\\SYSTEM32\\ntdll.dll+9c534|C:\\windows\\System32\\KERNELBASE.dll+305fe|C:\\Windows\\System32\\appresolver.dll+1ee93|C:\\windows\\system32\\twinui.pcshell.dll+4035a0|C:\\windows\\system32\\twinui.pcshell.dll+936ba|C:\\windows\\system32\\twinui.pcshell.dll+93239|C:\\windows\\system32\\twinui.pcshell.dll+67f97|C:\\windows\\system32\\twinui.pcshell.dll+59992|C:\\windows\\system32\\twinui.pcshell.dll+2931e|C:\\windows\\system32\\twinui.pcshell.dll+7c666|C:\\windows\\system32\\twinui.pcshell.dll+5c590|C:\\windows\\System32\\USER32.dll+15c7d|C:\\windows\\System32\\USER32.dll+15672|C:\\windows\\system32\\twinui.pcshell.dll+1a0a9|C:\\windows\\system32\\twinui.pcshell.dll+1afbc|C:\\windows\\system32\\twinui.pcshell.dll+591a9|C:\\windows\\system32\\twinui.pcshell.dll+2a35a|C:\\windows\\system32\\twinui.dll+19666|C:\\windows\\system32\\twinui.dll+193da|C:\\windows\\system32\\twinui.dll+192f1|C:\\windows\\System32\\USER32.dll+15c7d|C:\\windows\\System32\\USER32.dll+1584c|C:\\windows\\System32\\USER32.dll+25b12|C:\\windows\\SYSTEM32\\ntdll.dll+9fde4","RecordNumber":338649,"ThreadID":3444,"SourceProcessGUID":"{71b87c12-d429-5f84-d400-000000000500}","TargetImage":"c:\\windows\\system32\\notepad.exe","ProcessId":"4640","Version":3,"Hostname":"WORKSTATION5.theshire.local","EventReceivedTime":"2020-10-12 18:34:38","ProviderGuid":"{5770385F-C22A-43E0-BF4C-06F5698FFBD9}","UtcTime":"2020-10-12 22:34:38.388","port":61041,"Severity":"INFO","tags":["mordorDataset"],"Task":10,"SourceThreadId":"5028","SourceModuleType":"im_msvistalog","OpcodeValue":0,"EventType":"INFO","ExecutionProcessID":3312,"Opcode":"Info","SourceName":"Microsoft-Windows-Sysmon","Keywords":-9223372036854775808,"EventID":10,"Domain":"NT AUTHORITY","Category":"Process accessed (rule: ProcessAccess)","@version":"1","AccountName":"SYSTEM","host":"wec.internal.cloudapp.net","SourceImage":"C:\\windows\\Explorer.EXE","SeverityValue":2,"EventTime":"2020-10-12 18:34:38","Message":"Process accessed:\r\nRuleName: -\r\nUtcTime: 2020-10-12 22:34:38.388\r\nSourceProcessGUID: {71b87c12-d429-5f84-d400-000000000500}\r\nSourceProcessId: 4640\r\nSourceThreadId: 5028\r\nSourceImage: C:\\windows\\Explorer.EXE\r\nTargetProcessGUID: {71b87c12-d9fe-5f84-1a01-000000000500}\r\nTargetProcessId: 2368\r\nTargetImage: c:\\windows\\system32\\notepad.exe\r\nGrantedAccess: 0x1000\r\nCallTrace: C:\\windows\\SYSTEM32\\ntdll.dll+9c534|C:\\windows\\System32\\KERNELBASE.dll+305fe|C:\\Windows\\System32\\appresolver.dll+1ee93|C:\\windows\\system32\\twinui.pcshell.dll+4035a0|C:\\windows\\system32\\twinui.pcshell.dll+936ba|C:\\windows\\system32\\twinui.pcshell.dll+93239|C:\\windows\\system32\\twinui.pcshell.dll+67f97|C:\\windows\\system32\\twinui.pcshell.dll+59992|C:\\windows\\system32\\twinui.pcshell.dll+2931e|C:\\windows\\system32\\twinui.pcshell.dll+7c666|C:\\windows\\system32\\twinui.pcshell.dll+5c590|C:\\windows\\System32\\USER32.dll+15c7d|C:\\windows\\System32\\USER32.dll+15672|C:\\windows\\system32\\twinui.pcshell.dll+1a0a9|C:\\windows\\system32\\twinui.pcshell.dll+1afbc|C:\\windows\\system32\\twinui.pcshell.dll+591a9|C:\\windows\\system32\\twinui.pcshell.dll+2a35a|C:\\windows\\system32\\twinui.dll+19666|C:\\windows\\system32\\twinui.dll+193da|C:\\windows\\system32\\twinui.dll+192f1|C:\\windows\\System32\\USER32.dll+15c7d|C:\\windows\\System32\\USER32.dll+1584c|C:\\windows\\System32\\USER32.dll+25b12|C:\\windows\\SYSTEM32\\ntdll.dll+9fde4","SourceModuleName":"eventlog","GrantedAccess":"0x1000","AccountType":"User","TargetProcessGUID":"{71b87c12-d9fe-5f84-1a01-000000000500}"}
