{"SourceProcessId":"0x940","@timestamp":"2020-10-12T22:34:40.040Z","port":61041,"Severity":"INFO","Task":12807,"Channel":"security","tags":["mordorDataset"],"SourceModuleType":"im_msvistalog","OpcodeValue":0,"TargetProcessId":"0x4","EventType":"AUDIT_SUCCESS","ExecutionProcessID":4,"Opcode":"Info","RecordNumber":100679,"ThreadID":108,"SubjectDomainName":"THESHIRE","SubjectLogonId":"0x163d26","SourceName":"Microsoft-Windows-Security-Auditing","TargetHandleId":"0x292c","Keywords":-9214364837600034816,"EventID":4690,"Category":"Handle Manipulation","SourceHandleId":"0x238","Version":0,"ProcessId":"0x940","@version":"1","host":"wec.internal.cloudapp.net","Hostname":"WORKSTATION5.theshire.local","EventReceivedTime":"2020-10-12 18:34:40","SeverityValue":2,"EventTime":"2020-10-12 18:34:38","ProviderGuid":"{54849625-5478-4994-A5BA-3E3B0328C30D}","Message":"An attempt was made to duplicate a handle to an object.\r\n\r\nSubject:\r\n\tSecurity ID:\t\tS-1-5-21-4107722679-1012484280-3777968168-1104\r\n\tAccount Name:\t\tpgustavo\r\n\tAccount Domain:\t\tTHESHIRE\r\n\tLogon ID:\t\t0x163D26\r\n\r\nSource Handle Information:\r\n\tSource Handle ID:\t0x238\r\n\tSource Process ID:\t0x940\r\n\r\nNew Handle Information:\r\n\tTarget Handle ID:\t0x292c\r\n\tTarget Process ID:\t0x4","SubjectUserName":"pgustavo","SourceModuleName":"eventlog","SubjectUserSid":"S-1-5-21-4107722679-1012484280-3777968168-1104"}
{"@timestamp":"2020-10-12T22:34:40.041Z","port":61041,"Severity":"INFO","Task":12801,"Channel":"security","tags":["mordorDataset"],"SourceModuleType":"im_msvistalog","OpcodeValue":0,"EventType":"AUDIT_SUCCESS","ExecutionProcessID":4,"Opcode":"Info","RecordNumber":100680,"ThreadID":108,"SubjectDomainName":"THESHIRE","SubjectLogonId":"0x163d26","SourceName":"Microsoft-Windows-Security-Auditing","Keywords":-9214364837600034816,"HandleId":"0x292c","EventID":4658,"Category":"Registry","ProcessId":"0x940","Version":0,"@version":"1","host":"wec.internal.cloudapp.net","Hostname":"WORKSTATION5.theshire.local","ProcessName":"C:\\Windows\\System32\\notepad.exe","ObjectServer":"Security","EventReceivedTime":"2020-10-12 18:34:40","SeverityValue":2,"EventTime":"2020-10-12 18:34:38","ProviderGuid":"{54849625-5478-4994-A5BA-3E3B0328C30D}","Message":"The handle to an object was closed.\r\n\r\nSubject :\r\n\tSecurity ID:\t\tS-1-5-21-4107722679-1012484280-3777968168-1104\r\n\tAccount Name:\t\tpgustavo\r\n\tAccount Domain:\t\tTHESHIRE\r\n\tLogon ID:\t\t0x163D26\r\n\r\nObject:\r\n\tObject Server:\t\tSecurity\r\n\tHandle ID:\t\t0x292c\r\n\r\nProcess Information:\r\n\tProcess ID:\t\t0x940\r\n\tProcess Name:\t\tC:\\Windows\\System32\\notepad.exe","SubjectUserName":"pgustavo","SourceModuleName":"eventlog","SubjectUserSid":"S-1-5-21-4107722679-1012484280-3777968168-1104"}
{"@timestamp":"2020-10-12T22:34:40.041Z","AccessReason":"-","Channel":"security","SubjectDomainName":"THESHIRE","RecordNumber":100681,"ThreadID":108,"SubjectLogonId":"0x163d26","TransactionId":"{00000000-0000-0000-0000-000000000000}","ObjectName":"\\REGISTRY\\MACHINE\\SOFTWARE\\Microsoft\\.NETFramework","ProcessId":"0x940","Version":1,"Hostname":"WORKSTATION5.theshire.local","EventReceivedTime":"2020-10-12 18:34:40","ProviderGuid":"{54849625-5478-4994-A5BA-3E3B0328C30D}","SubjectUserName":"pgustavo","RestrictedSidCount":"0","port":61041,"Severity":"INFO","ResourceAttributes":"-","Task":12801,"tags":["mordorDataset"],"SourceModuleType":"im_msvistalog","OpcodeValue":0,"EventType":"AUDIT_SUCCESS","ExecutionProcessID":4,"Opcode":"Info","ObjectType":"Key","SourceName":"Microsoft-Windows-Security-Auditing","Keywords":-9214364837600034816,"AccessList":"%%1538\r\n\t\t\t\t%%4432\r\n\t\t\t\t%%4435\r\n\t\t\t\t%%4436\r\n\t\t\t\t","HandleId":"0x238","EventID":4656,"Category":"Registry","@version":"1","host":"wec.internal.cloudapp.net","AccessMask":"0x20019","ObjectServer":"Security","ProcessName":"C:\\Windows\\System32\\notepad.exe","SeverityValue":2,"EventTime":"2020-10-12 18:34:38","Message":"A handle to an object was requested.\r\n\r\nSubject:\r\n\tSecurity ID:\t\tS-1-5-21-4107722679-1012484280-3777968168-1104\r\n\tAccount Name:\t\tpgustavo\r\n\tAccount Domain:\t\tTHESHIRE\r\n\tLogon ID:\t\t0x163D26\r\n\r\nObject:\r\n\tObject Server:\t\tSecurity\r\n\tObject Type:\t\tKey\r\n\tObject Name:\t\t\\REGISTRY\\MACHINE\\SOFTWARE\\Microsoft\\.NETFramework\r\n\tHandle ID:\t\t0x238\r\n\tResource Attributes:\t-\r\n\r\nProcess Information:\r\n\tProcess ID:\t\t0x940\r\n\tProcess Name:\t\tC:\\Windows\\System32\\notepad.exe\r\n\r\nAccess Request Information:\r\n\tTransaction ID:\t\t{00000000-0000-0000-0000-000000000000}\r\n\tAccesses:\t\tREAD_CONTROL\r\n\t\t\t\tQuery key value\r\n\t\t\t\tEnumerate sub-keys\r\n\t\t\t\tNotify about changes to keys\r\n\t\t\t\t\r\n\tAccess Reasons:\t\t-\r\n\tAccess Mask:\t\t0x20019\r\n\tPrivileges Used for Access Check:\t-\r\n\tRestricted SID Count:\t0","PrivilegeList":"-","SourceModuleName":"eventlog","SubjectUserSid":"S-1-5-21-4107722679-1012484280-3777968168-1104"}
{"@timestamp":"2020-10-12T22:34:40.042Z","port":61041,"Severity":"INFO","Task":12801,"Channel":"security","tags":["mordorDataset"],"SourceModuleType":"im_msvistalog","OpcodeValue":0,"EventType":"AUDIT_SUCCESS","ExecutionProcessID":4,"Opcode":"Info","RecordNumber":100682,"ThreadID":108,"SubjectDomainName":"THESHIRE","SubjectLogonId":"0x163d26","SourceName":"Microsoft-Windows-Security-Auditing","Keywords":-9214364837600034816,"HandleId":"0x238","EventID":4658,"Category":"Registry","ProcessId":"0x940","Version":0,"@version":"1","host":"wec.internal.cloudapp.net","Hostname":"WORKSTATION5.theshire.local","ProcessName":"C:\\Windows\\System32\\notepad.exe","ObjectServer":"Security","EventReceivedTime":"2020-10-12 18:34:40","SeverityValue":2,"EventTime":"2020-10-12 18:34:38","ProviderGuid":"{54849625-5478-4994-A5BA-3E3B0328C30D}","Message":"The handle to an object was closed.\r\n\r\nSubject :\r\n\tSecurity ID:\t\tS-1-5-21-4107722679-1012484280-3777968168-1104\r\n\tAccount Name:\t\tpgustavo\r\n\tAccount Domain:\t\tTHESHIRE\r\n\tLogon ID:\t\t0x163D26\r\n\r\nObject:\r\n\tObject Server:\t\tSecurity\r\n\tHandle ID:\t\t0x238\r\n\r\nProcess Information:\r\n\tProcess ID:\t\t0x940\r\n\tProcess Name:\t\tC:\\Windows\\System32\\notepad.exe","SubjectUserName":"pgustavo","SourceModuleName":"eventlog","SubjectUserSid":"S-1-5-21-4107722679-1012484280-3777968168-1104"}
{"SourceProcessId":"0x940","@timestamp":"2020-10-12T22:34:40.042Z","port":61041,"Severity":"INFO","Task":12807,"Channel":"security","tags":["mordorDataset"],"SourceModuleType":"im_msvistalog","OpcodeValue":0,"TargetProcessId":"0x4","EventType":"AUDIT_SUCCESS","ExecutionProcessID":4,"Opcode":"Info","RecordNumber":100683,"ThreadID":108,"SubjectDomainName":"THESHIRE","SubjectLogonId":"0x163d26","SourceName":"Microsoft-Windows-Security-Auditing","TargetHandleId":"0x292c","Keywords":-9214364837600034816,"EventID":4690,"Category":"Handle Manipulation","SourceHandleId":"0x230","Version":0,"ProcessId":"0x940","@version":"1","host":"wec.internal.cloudapp.net","Hostname":"WORKSTATION5.theshire.local","EventReceivedTime":"2020-10-12 18:34:40","SeverityValue":2,"EventTime":"2020-10-12 18:34:38","ProviderGuid":"{54849625-5478-4994-A5BA-3E3B0328C30D}","Message":"An attempt was made to duplicate a handle to an object.\r\n\r\nSubject:\r\n\tSecurity ID:\t\tS-1-5-21-4107722679-1012484280-3777968168-1104\r\n\tAccount Name:\t\tpgustavo\r\n\tAccount Domain:\t\tTHESHIRE\r\n\tLogon ID:\t\t0x163D26\r\n\r\nSource Handle Information:\r\n\tSource Handle ID:\t0x230\r\n\tSource Process ID:\t0x940\r\n\r\nNew Handle Information:\r\n\tTarget Handle ID:\t0x292c\r\n\tTarget Process ID:\t0x4","SubjectUserName":"pgustavo","SourceModuleName":"eventlog","SubjectUserSid":"S-1-5-21-4107722679-1012484280-3777968168-1104"}
{"@timestamp":"2020-10-12T22:34:40.043Z","port":61041,"Severity":"INFO","Task":12801,"Channel":"security","tags":["mordorDataset"],"SourceModuleType":"im_msvistalog","OpcodeValue":0,"EventType":"AUDIT_SUCCESS","ExecutionProcessID":4,"Opcode":"Info","RecordNumber":100684,"ThreadID":108,"SubjectDomainName":"THESHIRE","SubjectLogonId":"0x163d26","SourceName":"Microsoft-Windows-Security-Auditing","Keywords":-9214364837600034816,"HandleId":"0x292c","EventID":4658,"Category":"Registry","ProcessId":"0x940","Version":0,"@version":"1","host":"wec.internal.cloudapp.net","Hostname":"WORKSTATION5.theshire.local","ProcessName":"C:\\Windows\\System32\\notepad.exe","ObjectServer":"Security","EventReceivedTime":"2020-10-12 18:34:40","SeverityValue":2,"EventTime":"2020-10-12 18:34:38","ProviderGuid":"{54849625-5478-4994-A5BA-3E3B0328C30D}","Message":"The handle to an object was closed.\r\n\r\nSubject :\r\n\tSecurity ID:\t\tS-1-5-21-4107722679-1012484280-3777968168-1104\r\n\tAccount Name:\t\tpgustavo\r\n\tAccount Domain:\t\tTHESHIRE\r\n\tLogon ID:\t\t0x163D26\r\n\r\nObject:\r\n\tObject Server:\t\tSecurity\r\n\tHandle ID:\t\t0x292c\r\n\r\nProcess Information:\r\n\tProcess ID:\t\t0x940\r\n\tProcess Name:\t\tC:\\Windows\\System32\\notepad.exe","SubjectUserName":"pgustavo","SourceModuleName":"eventlog","SubjectUserSid":"S-1-5-21-4107722679-1012484280-3777968168-1104"}
{"@timestamp":"2020-10-12T22:34:40.043Z","AccessReason":"-","Channel":"security","SubjectDomainName":"THESHIRE","RecordNumber":100685,"ThreadID":108,"SubjectLogonId":"0x163d26","TransactionId":"{00000000-0000-0000-0000-000000000000}","ObjectName":"\\REGISTRY\\MACHINE\\SOFTWARE\\Microsoft\\.NETFramework","ProcessId":"0x940","Version":1,"Hostname":"WORKSTATION5.theshire.local","EventReceivedTime":"2020-10-12 18:34:40","ProviderGuid":"{54849625-5478-4994-A5BA-3E3B0328C30D}","SubjectUserName":"pgustavo","RestrictedSidCount":"0","port":61041,"Severity":"INFO","ResourceAttributes":"-","Task":12801,"tags":["mordorDataset"],"SourceModuleType":"im_msvistalog","OpcodeValue":0,"EventType":"AUDIT_SUCCESS","ExecutionProcessID":4,"Opcode":"Info","ObjectType":"Key","SourceName":"Microsoft-Windows-Security-Auditing","Keywords":-9214364837600034816,"AccessList":"%%1538\r\n\t\t\t\t%%4432\r\n\t\t\t\t%%4435\r\n\t\t\t\t%%4436\r\n\t\t\t\t","HandleId":"0x230","EventID":4656,"Category":"Registry","@version":"1","host":"wec.internal.cloudapp.net","AccessMask":"0x20019","ObjectServer":"Security","ProcessName":"C:\\Windows\\System32\\notepad.exe","SeverityValue":2,"EventTime":"2020-10-12 18:34:38","Message":"A handle to an object was requested.\r\n\r\nSubject:\r\n\tSecurity ID:\t\tS-1-5-21-4107722679-1012484280-3777968168-1104\r\n\tAccount Name:\t\tpgustavo\r\n\tAccount Domain:\t\tTHESHIRE\r\n\tLogon ID:\t\t0x163D26\r\n\r\nObject:\r\n\tObject Server:\t\tSecurity\r\n\tObject Type:\t\tKey\r\n\tObject Name:\t\t\\REGISTRY\\MACHINE\\SOFTWARE\\Microsoft\\.NETFramework\r\n\tHandle ID:\t\t0x230\r\n\tResource Attributes:\t-\r\n\r\nProcess Information:\r\n\tProcess ID:\t\t0x940\r\n\tProcess Name:\t\tC:\\Windows\\System32\\notepad.exe\r\n\r\nAccess Request Information:\r\n\tTransaction ID:\t\t{00000000-0000-0000-0000-000000000000}\r\n\tAccesses:\t\tREAD_CONTROL\r\n\t\t\t\tQuery key value\r\n\t\t\t\tEnumerate sub-keys\r\n\t\t\t\tNotify about changes to keys\r\n\t\t\t\t\r\n\tAccess Reasons:\t\t-\r\n\tAccess Mask:\t\t0x20019\r\n\tPrivileges Used for Access Check:\t-\r\n\tRestricted SID Count:\t0","PrivilegeList":"-","SourceModuleName":"eventlog","SubjectUserSid":"S-1-5-21-4107722679-1012484280-3777968168-1104"}
{"@timestamp":"2020-10-12T22:34:40.044Z","port":61041,"Severity":"INFO","Task":12801,"Channel":"security","tags":["mordorDataset"],"SourceModuleType":"im_msvistalog","OpcodeValue":0,"EventType":"AUDIT_SUCCESS","ExecutionProcessID":4,"Opcode":"Info","RecordNumber":100686,"ThreadID":108,"SubjectDomainName":"THESHIRE","SubjectLogonId":"0x163d26","SourceName":"Microsoft-Windows-Security-Auditing","Keywords":-9214364837600034816,"HandleId":"0x230","EventID":4658,"Category":"Registry","ProcessId":"0x940","Version":0,"@version":"1","host":"wec.internal.cloudapp.net","Hostname":"WORKSTATION5.theshire.local","ProcessName":"C:\\Windows\\System32\\notepad.exe","ObjectServer":"Security","EventReceivedTime":"2020-10-12 18:34:40","SeverityValue":2,"EventTime":"2020-10-12 18:34:38","ProviderGuid":"{54849625-5478-4994-A5BA-3E3B0328C30D}","Message":"The handle to an object was closed.\r\n\r\nSubject :\r\n\tSecurity ID:\t\tS-1-5-21-4107722679-1012484280-3777968168-1104\r\n\tAccount Name:\t\tpgustavo\r\n\tAccount Domain:\t\tTHESHIRE\r\n\tLogon ID:\t\t0x163D26\r\n\r\nObject:\r\n\tObject Server:\t\tSecurity\r\n\tHandle ID:\t\t0x230\r\n\r\nProcess Information:\r\n\tProcess ID:\t\t0x940\r\n\tProcess Name:\t\tC:\\Windows\\System32\\notepad.exe","SubjectUserName":"pgustavo","SourceModuleName":"eventlog","SubjectUserSid":"S-1-5-21-4107722679-1012484280-3777968168-1104"}
{"SourceProcessId":"0x940","@timestamp":"2020-10-12T22:34:40.044Z","port":61041,"Severity":"INFO","Task":12807,"Channel":"security","tags":["mordorDataset"],"SourceModuleType":"im_msvistalog","OpcodeValue":0,"TargetProcessId":"0x4","EventType":"AUDIT_SUCCESS","ExecutionProcessID":4,"Opcode":"Info","RecordNumber":100687,"ThreadID":108,"SubjectDomainName":"THESHIRE","SubjectLogonId":"0x163d26","SourceName":"Microsoft-Windows-Security-Auditing","TargetHandleId":"0x292c","Keywords":-9214364837600034816,"EventID":4690,"Category":"Handle Manipulation","SourceHandleId":"0x230","Version":0,"ProcessId":"0x940","@version":"1","host":"wec.internal.cloudapp.net","Hostname":"WORKSTATION5.theshire.local","EventReceivedTime":"2020-10-12 18:34:40","SeverityValue":2,"EventTime":"2020-10-12 18:34:38","ProviderGuid":"{54849625-5478-4994-A5BA-3E3B0328C30D}","Message":"An attempt was made to duplicate a handle to an object.\r\n\r\nSubject:\r\n\tSecurity ID:\t\tS-1-5-21-4107722679-1012484280-3777968168-1104\r\n\tAccount Name:\t\tpgustavo\r\n\tAccount Domain:\t\tTHESHIRE\r\n\tLogon ID:\t\t0x163D26\r\n\r\nSource Handle Information:\r\n\tSource Handle ID:\t0x230\r\n\tSource Process ID:\t0x940\r\n\r\nNew Handle Information:\r\n\tTarget Handle ID:\t0x292c\r\n\tTarget Process ID:\t0x4","SubjectUserName":"pgustavo","SourceModuleName":"eventlog","SubjectUserSid":"S-1-5-21-4107722679-1012484280-3777968168-1104"}
{"@timestamp":"2020-10-12T22:34:40.044Z","port":61041,"Severity":"INFO","Task":12801,"Channel":"security","tags":["mordorDataset"],"SourceModuleType":"im_msvistalog","OpcodeValue":0,"EventType":"AUDIT_SUCCESS","ExecutionProcessID":4,"Opcode":"Info","RecordNumber":100688,"ThreadID":108,"SubjectDomainName":"THESHIRE","SubjectLogonId":"0x163d26","SourceName":"Microsoft-Windows-Security-Auditing","Keywords":-9214364837600034816,"HandleId":"0x292c","EventID":4658,"Category":"Registry","ProcessId":"0x940","Version":0,"@version":"1","host":"wec.internal.cloudapp.net","Hostname":"WORKSTATION5.theshire.local","ProcessName":"C:\\Windows\\System32\\notepad.exe","ObjectServer":"Security","EventReceivedTime":"2020-10-12 18:34:40","SeverityValue":2,"EventTime":"2020-10-12 18:34:38","ProviderGuid":"{54849625-5478-4994-A5BA-3E3B0328C30D}","Message":"The handle to an object was closed.\r\n\r\nSubject :\r\n\tSecurity ID:\t\tS-1-5-21-4107722679-1012484280-3777968168-1104\r\n\tAccount Name:\t\tpgustavo\r\n\tAccount Domain:\t\tTHESHIRE\r\n\tLogon ID:\t\t0x163D26\r\n\r\nObject:\r\n\tObject Server:\t\tSecurity\r\n\tHandle ID:\t\t0x292c\r\n\r\nProcess Information:\r\n\tProcess ID:\t\t0x940\r\n\tProcess Name:\t\tC:\\Windows\\System32\\notepad.exe","SubjectUserName":"pgustavo","SourceModuleName":"eventlog","SubjectUserSid":"S-1-5-21-4107722679-1012484280-3777968168-1104"}
{"@timestamp":"2020-10-12T22:34:40.044Z","AccessReason":"-","Channel":"security","SubjectDomainName":"THESHIRE","RecordNumber":100689,"ThreadID":108,"SubjectLogonId":"0x163d26","TransactionId":"{00000000-0000-0000-0000-000000000000}","ObjectName":"\\REGISTRY\\MACHINE\\SOFTWARE\\Microsoft\\.NETFramework","ProcessId":"0x940","Version":1,"Hostname":"WORKSTATION5.theshire.local","EventReceivedTime":"2020-10-12 18:34:40","ProviderGuid":"{54849625-5478-4994-A5BA-3E3B0328C30D}","SubjectUserName":"pgustavo","RestrictedSidCount":"0","port":61041,"Severity":"INFO","ResourceAttributes":"-","Task":12801,"tags":["mordorDataset"],"SourceModuleType":"im_msvistalog","OpcodeValue":0,"EventType":"AUDIT_SUCCESS","ExecutionProcessID":4,"Opcode":"Info","ObjectType":"Key","SourceName":"Microsoft-Windows-Security-Auditing","Keywords":-9214364837600034816,"AccessList":"%%1538\r\n\t\t\t\t%%4432\r\n\t\t\t\t%%4435\r\n\t\t\t\t%%4436\r\n\t\t\t\t","HandleId":"0x230","EventID":4656,"Category":"Registry","@version":"1","host":"wec.internal.cloudapp.net","AccessMask":"0x20019","ObjectServer":"Security","ProcessName":"C:\\Windows\\System32\\notepad.exe","SeverityValue":2,"EventTime":"2020-10-12 18:34:38","Message":"A handle to an object was requested.\r\n\r\nSubject:\r\n\tSecurity ID:\t\tS-1-5-21-4107722679-1012484280-3777968168-1104\r\n\tAccount Name:\t\tpgustavo\r\n\tAccount Domain:\t\tTHESHIRE\r\n\tLogon ID:\t\t0x163D26\r\n\r\nObject:\r\n\tObject Server:\t\tSecurity\r\n\tObject Type:\t\tKey\r\n\tObject Name:\t\t\\REGISTRY\\MACHINE\\SOFTWARE\\Microsoft\\.NETFramework\r\n\tHandle ID:\t\t0x230\r\n\tResource Attributes:\t-\r\n\r\nProcess Information:\r\n\tProcess ID:\t\t0x940\r\n\tProcess Name:\t\tC:\\Windows\\System32\\notepad.exe\r\n\r\nAccess Request Information:\r\n\tTransaction ID:\t\t{00000000-0000-0000-0000-000000000000}\r\n\tAccesses:\t\tREAD_CONTROL\r\n\t\t\t\tQuery key value\r\n\t\t\t\tEnumerate sub-keys\r\n\t\t\t\tNotify about changes to keys\r\n\t\t\t\t\r\n\tAccess Reasons:\t\t-\r\n\tAccess Mask:\t\t0x20019\r\n\tPrivileges Used for Access Check:\t-\r\n\tRestricted SID Count:\t0","PrivilegeList":"-","SourceModuleName":"eventlog","SubjectUserSid":"S-1-5-21-4107722679-1012484280-3777968168-1104"}
{"@timestamp":"2020-10-12T22:34:40.045Z","port":61041,"Severity":"INFO","Task":12801,"Channel":"security","tags":["mordorDataset"],"SourceModuleType":"im_msvistalog","OpcodeValue":0,"EventType":"AUDIT_SUCCESS","ExecutionProcessID":4,"Opcode":"Info","RecordNumber":100690,"ThreadID":108,"SubjectDomainName":"THESHIRE","SubjectLogonId":"0x163d26","SourceName":"Microsoft-Windows-Security-Auditing","Keywords":-9214364837600034816,"HandleId":"0x230","EventID":4658,"Category":"Registry","ProcessId":"0x940","Version":0,"@version":"1","host":"wec.internal.cloudapp.net","Hostname":"WORKSTATION5.theshire.local","ProcessName":"C:\\Windows\\System32\\notepad.exe","ObjectServer":"Security","EventReceivedTime":"2020-10-12 18:34:40","SeverityValue":2,"EventTime":"2020-10-12 18:34:38","ProviderGuid":"{54849625-5478-4994-A5BA-3E3B0328C30D}","Message":"The handle to an object was closed.\r\n\r\nSubject :\r\n\tSecurity ID:\t\tS-1-5-21-4107722679-1012484280-3777968168-1104\r\n\tAccount Name:\t\tpgustavo\r\n\tAccount Domain:\t\tTHESHIRE\r\n\tLogon ID:\t\t0x163D26\r\n\r\nObject:\r\n\tObject Server:\t\tSecurity\r\n\tHandle ID:\t\t0x230\r\n\r\nProcess Information:\r\n\tProcess ID:\t\t0x940\r\n\tProcess Name:\t\tC:\\Windows\\System32\\notepad.exe","SubjectUserName":"pgustavo","SourceModuleName":"eventlog","SubjectUserSid":"S-1-5-21-4107722679-1012484280-3777968168-1104"}
{"SourceProcessId":"0x940","@timestamp":"2020-10-12T22:34:40.045Z","port":61041,"Severity":"INFO","Task":12807,"Channel":"security","tags":["mordorDataset"],"SourceModuleType":"im_msvistalog","OpcodeValue":0,"TargetProcessId":"0x4","EventType":"AUDIT_SUCCESS","ExecutionProcessID":4,"Opcode":"Info","RecordNumber":100691,"ThreadID":108,"SubjectDomainName":"THESHIRE","SubjectLogonId":"0x163d26","SourceName":"Microsoft-Windows-Security-Auditing","TargetHandleId":"0x28fc","Keywords":-9214364837600034816,"EventID":4690,"Category":"Handle Manipulation","SourceHandleId":"0x270","Version":0,"ProcessId":"0x940","@version":"1","host":"wec.internal.cloudapp.net","Hostname":"WORKSTATION5.theshire.local","EventReceivedTime":"2020-10-12 18:34:40","SeverityValue":2,"EventTime":"2020-10-12 18:34:38","ProviderGuid":"{54849625-5478-4994-A5BA-3E3B0328C30D}","Message":"An attempt was made to duplicate a handle to an object.\r\n\r\nSubject:\r\n\tSecurity ID:\t\tS-1-5-21-4107722679-1012484280-3777968168-1104\r\n\tAccount Name:\t\tpgustavo\r\n\tAccount Domain:\t\tTHESHIRE\r\n\tLogon ID:\t\t0x163D26\r\n\r\nSource Handle Information:\r\n\tSource Handle ID:\t0x270\r\n\tSource Process ID:\t0x940\r\n\r\nNew Handle Information:\r\n\tTarget Handle ID:\t0x28fc\r\n\tTarget Process ID:\t0x4","SubjectUserName":"pgustavo","SourceModuleName":"eventlog","SubjectUserSid":"S-1-5-21-4107722679-1012484280-3777968168-1104"}
{"@timestamp":"2020-10-12T22:34:40.046Z","port":61041,"Severity":"INFO","Task":12801,"Channel":"security","tags":["mordorDataset"],"SourceModuleType":"im_msvistalog","OpcodeValue":0,"EventType":"AUDIT_SUCCESS","ExecutionProcessID":4,"Opcode":"Info","RecordNumber":100692,"ThreadID":108,"SubjectDomainName":"THESHIRE","SubjectLogonId":"0x163d26","SourceName":"Microsoft-Windows-Security-Auditing","Keywords":-9214364837600034816,"HandleId":"0x28fc","EventID":4658,"Category":"Registry","ProcessId":"0x940","Version":0,"@version":"1","host":"wec.internal.cloudapp.net","Hostname":"WORKSTATION5.theshire.local","ProcessName":"C:\\Windows\\System32\\notepad.exe","ObjectServer":"Security","EventReceivedTime":"2020-10-12 18:34:40","SeverityValue":2,"EventTime":"2020-10-12 18:34:38","ProviderGuid":"{54849625-5478-4994-A5BA-3E3B0328C30D}","Message":"The handle to an object was closed.\r\n\r\nSubject :\r\n\tSecurity ID:\t\tS-1-5-21-4107722679-1012484280-3777968168-1104\r\n\tAccount Name:\t\tpgustavo\r\n\tAccount Domain:\t\tTHESHIRE\r\n\tLogon ID:\t\t0x163D26\r\n\r\nObject:\r\n\tObject Server:\t\tSecurity\r\n\tHandle ID:\t\t0x28fc\r\n\r\nProcess Information:\r\n\tProcess ID:\t\t0x940\r\n\tProcess Name:\t\tC:\\Windows\\System32\\notepad.exe","SubjectUserName":"pgustavo","SourceModuleName":"eventlog","SubjectUserSid":"S-1-5-21-4107722679-1012484280-3777968168-1104"}
{"@timestamp":"2020-10-12T22:34:40.046Z","AccessReason":"-","Channel":"security","SubjectDomainName":"THESHIRE","RecordNumber":100693,"ThreadID":108,"SubjectLogonId":"0x163d26","TransactionId":"{00000000-0000-0000-0000-000000000000}","ObjectName":"\\REGISTRY\\MACHINE\\SOFTWARE\\Microsoft\\.NETFramework","ProcessId":"0x940","Version":1,"Hostname":"WORKSTATION5.theshire.local","EventReceivedTime":"2020-10-12 18:34:40","ProviderGuid":"{54849625-5478-4994-A5BA-3E3B0328C30D}","SubjectUserName":"pgustavo","RestrictedSidCount":"0","port":61041,"Severity":"INFO","ResourceAttributes":"-","Task":12801,"tags":["mordorDataset"],"SourceModuleType":"im_msvistalog","OpcodeValue":0,"EventType":"AUDIT_SUCCESS","ExecutionProcessID":4,"Opcode":"Info","ObjectType":"Key","SourceName":"Microsoft-Windows-Security-Auditing","Keywords":-9214364837600034816,"AccessList":"%%1538\r\n\t\t\t\t%%4432\r\n\t\t\t\t%%4435\r\n\t\t\t\t%%4436\r\n\t\t\t\t","HandleId":"0x270","EventID":4656,"Category":"Registry","@version":"1","host":"wec.internal.cloudapp.net","AccessMask":"0x20019","ObjectServer":"Security","ProcessName":"C:\\Windows\\System32\\notepad.exe","SeverityValue":2,"EventTime":"2020-10-12 18:34:38","Message":"A handle to an object was requested.\r\n\r\nSubject:\r\n\tSecurity ID:\t\tS-1-5-21-4107722679-1012484280-3777968168-1104\r\n\tAccount Name:\t\tpgustavo\r\n\tAccount Domain:\t\tTHESHIRE\r\n\tLogon ID:\t\t0x163D26\r\n\r\nObject:\r\n\tObject Server:\t\tSecurity\r\n\tObject Type:\t\tKey\r\n\tObject Name:\t\t\\REGISTRY\\MACHINE\\SOFTWARE\\Microsoft\\.NETFramework\r\n\tHandle ID:\t\t0x270\r\n\tResource Attributes:\t-\r\n\r\nProcess Information:\r\n\tProcess ID:\t\t0x940\r\n\tProcess Name:\t\tC:\\Windows\\System32\\notepad.exe\r\n\r\nAccess Request Information:\r\n\tTransaction ID:\t\t{00000000-0000-0000-0000-000000000000}\r\n\tAccesses:\t\tREAD_CONTROL\r\n\t\t\t\tQuery key value\r\n\t\t\t\tEnumerate sub-keys\r\n\t\t\t\tNotify about changes to keys\r\n\t\t\t\t\r\n\tAccess Reasons:\t\t-\r\n\tAccess Mask:\t\t0x20019\r\n\tPrivileges Used for Access Check:\t-\r\n\tRestricted SID Count:\t0","PrivilegeList":"-","SourceModuleName":"eventlog","SubjectUserSid":"S-1-5-21-4107722679-1012484280-3777968168-1104"}
{"@timestamp":"2020-10-12T22:34:40.046Z","port":61041,"Severity":"INFO","Task":12801,"Channel":"security","tags":["mordorDataset"],"SourceModuleType":"im_msvistalog","OpcodeValue":0,"EventType":"AUDIT_SUCCESS","ExecutionProcessID":4,"Opcode":"Info","RecordNumber":100694,"ThreadID":108,"SubjectDomainName":"THESHIRE","SubjectLogonId":"0x163d26","SourceName":"Microsoft-Windows-Security-Auditing","Keywords":-9214364837600034816,"HandleId":"0x270","EventID":4658,"Category":"Registry","ProcessId":"0x940","Version":0,"@version":"1","host":"wec.internal.cloudapp.net","Hostname":"WORKSTATION5.theshire.local","ProcessName":"C:\\Windows\\System32\\notepad.exe","ObjectServer":"Security","EventReceivedTime":"2020-10-12 18:34:40","SeverityValue":2,"EventTime":"2020-10-12 18:34:38","ProviderGuid":"{54849625-5478-4994-A5BA-3E3B0328C30D}","Message":"The handle to an object was closed.\r\n\r\nSubject :\r\n\tSecurity ID:\t\tS-1-5-21-4107722679-1012484280-3777968168-1104\r\n\tAccount Name:\t\tpgustavo\r\n\tAccount Domain:\t\tTHESHIRE\r\n\tLogon ID:\t\t0x163D26\r\n\r\nObject:\r\n\tObject Server:\t\tSecurity\r\n\tHandle ID:\t\t0x270\r\n\r\nProcess Information:\r\n\tProcess ID:\t\t0x940\r\n\tProcess Name:\t\tC:\\Windows\\System32\\notepad.exe","SubjectUserName":"pgustavo","SourceModuleName":"eventlog","SubjectUserSid":"S-1-5-21-4107722679-1012484280-3777968168-1104"}
{"SourceProcessId":"0x940","@timestamp":"2020-10-12T22:34:40.048Z","port":61041,"Severity":"INFO","Task":12807,"Channel":"security","tags":["mordorDataset"],"SourceModuleType":"im_msvistalog","OpcodeValue":0,"TargetProcessId":"0x4","EventType":"AUDIT_SUCCESS","ExecutionProcessID":4,"Opcode":"Info","RecordNumber":100695,"ThreadID":108,"SubjectDomainName":"THESHIRE","SubjectLogonId":"0x163d26","SourceName":"Microsoft-Windows-Security-Auditing","TargetHandleId":"0x28fc","Keywords":-9214364837600034816,"EventID":4690,"Category":"Handle Manipulation","SourceHandleId":"0x270","Version":0,"ProcessId":"0x940","@version":"1","host":"wec.internal.cloudapp.net","Hostname":"WORKSTATION5.theshire.local","EventReceivedTime":"2020-10-12 18:34:40","SeverityValue":2,"EventTime":"2020-10-12 18:34:38","ProviderGuid":"{54849625-5478-4994-A5BA-3E3B0328C30D}","Message":"An attempt was made to duplicate a handle to an object.\r\n\r\nSubject:\r\n\tSecurity ID:\t\tS-1-5-21-4107722679-1012484280-3777968168-1104\r\n\tAccount Name:\t\tpgustavo\r\n\tAccount Domain:\t\tTHESHIRE\r\n\tLogon ID:\t\t0x163D26\r\n\r\nSource Handle Information:\r\n\tSource Handle ID:\t0x270\r\n\tSource Process ID:\t0x940\r\n\r\nNew Handle Information:\r\n\tTarget Handle ID:\t0x28fc\r\n\tTarget Process ID:\t0x4","SubjectUserName":"pgustavo","SourceModuleName":"eventlog","SubjectUserSid":"S-1-5-21-4107722679-1012484280-3777968168-1104"}
{"@timestamp":"2020-10-12T22:34:40.048Z","port":61041,"Severity":"INFO","Task":12801,"Channel":"security","tags":["mordorDataset"],"SourceModuleType":"im_msvistalog","OpcodeValue":0,"EventType":"AUDIT_SUCCESS","ExecutionProcessID":4,"Opcode":"Info","RecordNumber":100696,"ThreadID":108,"SubjectDomainName":"THESHIRE","SubjectLogonId":"0x163d26","SourceName":"Microsoft-Windows-Security-Auditing","Keywords":-9214364837600034816,"HandleId":"0x28fc","EventID":4658,"Category":"Registry","ProcessId":"0x940","Version":0,"@version":"1","host":"wec.internal.cloudapp.net","Hostname":"WORKSTATION5.theshire.local","ProcessName":"C:\\Windows\\System32\\notepad.exe","ObjectServer":"Security","EventReceivedTime":"2020-10-12 18:34:40","SeverityValue":2,"EventTime":"2020-10-12 18:34:38","ProviderGuid":"{54849625-5478-4994-A5BA-3E3B0328C30D}","Message":"The handle to an object was closed.\r\n\r\nSubject :\r\n\tSecurity ID:\t\tS-1-5-21-4107722679-1012484280-3777968168-1104\r\n\tAccount Name:\t\tpgustavo\r\n\tAccount Domain:\t\tTHESHIRE\r\n\tLogon ID:\t\t0x163D26\r\n\r\nObject:\r\n\tObject Server:\t\tSecurity\r\n\tHandle ID:\t\t0x28fc\r\n\r\nProcess Information:\r\n\tProcess ID:\t\t0x940\r\n\tProcess Name:\t\tC:\\Windows\\System32\\notepad.exe","SubjectUserName":"pgustavo","SourceModuleName":"eventlog","SubjectUserSid":"S-1-5-21-4107722679-1012484280-3777968168-1104"}
{"@timestamp":"2020-10-12T22:34:40.048Z","AccessReason":"-","Channel":"security","SubjectDomainName":"THESHIRE","RecordNumber":100697,"ThreadID":108,"SubjectLogonId":"0x163d26","TransactionId":"{00000000-0000-0000-0000-000000000000}","ObjectName":"\\REGISTRY\\MACHINE\\SOFTWARE\\Microsoft\\.NETFramework","ProcessId":"0x940","Version":1,"Hostname":"WORKSTATION5.theshire.local","EventReceivedTime":"2020-10-12 18:34:40","ProviderGuid":"{54849625-5478-4994-A5BA-3E3B0328C30D}","SubjectUserName":"pgustavo","RestrictedSidCount":"0","port":61041,"Severity":"INFO","ResourceAttributes":"-","Task":12801,"tags":["mordorDataset"],"SourceModuleType":"im_msvistalog","OpcodeValue":0,"EventType":"AUDIT_SUCCESS","ExecutionProcessID":4,"Opcode":"Info","ObjectType":"Key","SourceName":"Microsoft-Windows-Security-Auditing","Keywords":-9214364837600034816,"AccessList":"%%1538\r\n\t\t\t\t%%4432\r\n\t\t\t\t%%4435\r\n\t\t\t\t%%4436\r\n\t\t\t\t","HandleId":"0x270","EventID":4656,"Category":"Registry","@version":"1","host":"wec.internal.cloudapp.net","AccessMask":"0x20019","ObjectServer":"Security","ProcessName":"C:\\Windows\\System32\\notepad.exe","SeverityValue":2,"EventTime":"2020-10-12 18:34:38","Message":"A handle to an object was requested.\r\n\r\nSubject:\r\n\tSecurity ID:\t\tS-1-5-21-4107722679-1012484280-3777968168-1104\r\n\tAccount Name:\t\tpgustavo\r\n\tAccount Domain:\t\tTHESHIRE\r\n\tLogon ID:\t\t0x163D26\r\n\r\nObject:\r\n\tObject Server:\t\tSecurity\r\n\tObject Type:\t\tKey\r\n\tObject Name:\t\t\\REGISTRY\\MACHINE\\SOFTWARE\\Microsoft\\.NETFramework\r\n\tHandle ID:\t\t0x270\r\n\tResource Attributes:\t-\r\n\r\nProcess Information:\r\n\tProcess ID:\t\t0x940\r\n\tProcess Name:\t\tC:\\Windows\\System32\\notepad.exe\r\n\r\nAccess Request Information:\r\n\tTransaction ID:\t\t{00000000-0000-0000-0000-000000000000}\r\n\tAccesses:\t\tREAD_CONTROL\r\n\t\t\t\tQuery key value\r\n\t\t\t\tEnumerate sub-keys\r\n\t\t\t\tNotify about changes to keys\r\n\t\t\t\t\r\n\tAccess Reasons:\t\t-\r\n\tAccess Mask:\t\t0x20019\r\n\tPrivileges Used for Access Check:\t-\r\n\tRestricted SID Count:\t0","PrivilegeList":"-","SourceModuleName":"eventlog","SubjectUserSid":"S-1-5-21-4107722679-1012484280-3777968168-1104"}
{"@timestamp":"2020-10-12T22:34:40.048Z","port":61041,"Severity":"INFO","Task":12801,"Channel":"security","tags":["mordorDataset"],"SourceModuleType":"im_msvistalog","OpcodeValue":0,"EventType":"AUDIT_SUCCESS","ExecutionProcessID":4,"Opcode":"Info","RecordNumber":100698,"ThreadID":108,"SubjectDomainName":"THESHIRE","SubjectLogonId":"0x163d26","SourceName":"Microsoft-Windows-Security-Auditing","Keywords":-9214364837600034816,"HandleId":"0x270","EventID":4658,"Category":"Registry","ProcessId":"0x940","Version":0,"@version":"1","host":"wec.internal.cloudapp.net","Hostname":"WORKSTATION5.theshire.local","ProcessName":"C:\\Windows\\System32\\notepad.exe","ObjectServer":"Security","EventReceivedTime":"2020-10-12 18:34:40","SeverityValue":2,"EventTime":"2020-10-12 18:34:38","ProviderGuid":"{54849625-5478-4994-A5BA-3E3B0328C30D}","Message":"The handle to an object was closed.\r\n\r\nSubject :\r\n\tSecurity ID:\t\tS-1-5-21-4107722679-1012484280-3777968168-1104\r\n\tAccount Name:\t\tpgustavo\r\n\tAccount Domain:\t\tTHESHIRE\r\n\tLogon ID:\t\t0x163D26\r\n\r\nObject:\r\n\tObject Server:\t\tSecurity\r\n\tHandle ID:\t\t0x270\r\n\r\nProcess Information:\r\n\tProcess ID:\t\t0x940\r\n\tProcess Name:\t\tC:\\Windows\\System32\\notepad.exe","SubjectUserName":"pgustavo","SourceModuleName":"eventlog","SubjectUserSid":"S-1-5-21-4107722679-1012484280-3777968168-1104"}
{"SourceProcessId":"0x940","@timestamp":"2020-10-12T22:34:40.048Z","port":61041,"Severity":"INFO","Task":12807,"Channel":"security","tags":["mordorDataset"],"SourceModuleType":"im_msvistalog","OpcodeValue":0,"TargetProcessId":"0x4","EventType":"AUDIT_SUCCESS","ExecutionProcessID":4,"Opcode":"Info","RecordNumber":100699,"ThreadID":3136,"SubjectDomainName":"THESHIRE","SubjectLogonId":"0x163d26","SourceName":"Microsoft-Windows-Security-Auditing","TargetHandleId":"0x28fc","Keywords":-9214364837600034816,"EventID":4690,"Category":"Handle Manipulation","SourceHandleId":"0x294","Version":0,"ProcessId":"0x940","@version":"1","host":"wec.internal.cloudapp.net","Hostname":"WORKSTATION5.theshire.local","EventReceivedTime":"2020-10-12 18:34:40","SeverityValue":2,"EventTime":"2020-10-12 18:34:38","ProviderGuid":"{54849625-5478-4994-A5BA-3E3B0328C30D}","Message":"An attempt was made to duplicate a handle to an object.\r\n\r\nSubject:\r\n\tSecurity ID:\t\tS-1-5-21-4107722679-1012484280-3777968168-1104\r\n\tAccount Name:\t\tpgustavo\r\n\tAccount Domain:\t\tTHESHIRE\r\n\tLogon ID:\t\t0x163D26\r\n\r\nSource Handle Information:\r\n\tSource Handle ID:\t0x294\r\n\tSource Process ID:\t0x940\r\n\r\nNew Handle Information:\r\n\tTarget Handle ID:\t0x28fc\r\n\tTarget Process ID:\t0x4","SubjectUserName":"pgustavo","SourceModuleName":"eventlog","SubjectUserSid":"S-1-5-21-4107722679-1012484280-3777968168-1104"}
{"@timestamp":"2020-10-12T22:34:40.052Z","port":61041,"Severity":"INFO","Task":12801,"Channel":"security","tags":["mordorDataset"],"SourceModuleType":"im_msvistalog","OpcodeValue":0,"EventType":"AUDIT_SUCCESS","ExecutionProcessID":4,"Opcode":"Info","RecordNumber":100700,"ThreadID":3136,"SubjectDomainName":"THESHIRE","SubjectLogonId":"0x163d26","SourceName":"Microsoft-Windows-Security-Auditing","Keywords":-9214364837600034816,"HandleId":"0x28fc","EventID":4658,"Category":"Registry","ProcessId":"0x940","Version":0,"@version":"1","host":"wec.internal.cloudapp.net","Hostname":"WORKSTATION5.theshire.local","ProcessName":"C:\\Windows\\System32\\notepad.exe","ObjectServer":"Security","EventReceivedTime":"2020-10-12 18:34:40","SeverityValue":2,"EventTime":"2020-10-12 18:34:38","ProviderGuid":"{54849625-5478-4994-A5BA-3E3B0328C30D}","Message":"The handle to an object was closed.\r\n\r\nSubject :\r\n\tSecurity ID:\t\tS-1-5-21-4107722679-1012484280-3777968168-1104\r\n\tAccount Name:\t\tpgustavo\r\n\tAccount Domain:\t\tTHESHIRE\r\n\tLogon ID:\t\t0x163D26\r\n\r\nObject:\r\n\tObject Server:\t\tSecurity\r\n\tHandle ID:\t\t0x28fc\r\n\r\nProcess Information:\r\n\tProcess ID:\t\t0x940\r\n\tProcess Name:\t\tC:\\Windows\\System32\\notepad.exe","SubjectUserName":"pgustavo","SourceModuleName":"eventlog","SubjectUserSid":"S-1-5-21-4107722679-1012484280-3777968168-1104"}
{"@timestamp":"2020-10-12T22:34:40.052Z","AccessReason":"-","Channel":"security","SubjectDomainName":"THESHIRE","RecordNumber":100701,"ThreadID":3136,"SubjectLogonId":"0x163d26","TransactionId":"{00000000-0000-0000-0000-000000000000}","ObjectName":"\\REGISTRY\\MACHINE\\SOFTWARE\\Microsoft\\.NETFramework","ProcessId":"0x940","Version":1,"Hostname":"WORKSTATION5.theshire.local","EventReceivedTime":"2020-10-12 18:34:40","ProviderGuid":"{54849625-5478-4994-A5BA-3E3B0328C30D}","SubjectUserName":"pgustavo","RestrictedSidCount":"0","port":61041,"Severity":"INFO","ResourceAttributes":"-","Task":12801,"tags":["mordorDataset"],"SourceModuleType":"im_msvistalog","OpcodeValue":0,"EventType":"AUDIT_SUCCESS","ExecutionProcessID":4,"Opcode":"Info","ObjectType":"Key","SourceName":"Microsoft-Windows-Security-Auditing","Keywords":-9214364837600034816,"AccessList":"%%1538\r\n\t\t\t\t%%4432\r\n\t\t\t\t%%4435\r\n\t\t\t\t%%4436\r\n\t\t\t\t","HandleId":"0x294","EventID":4656,"Category":"Registry","@version":"1","host":"wec.internal.cloudapp.net","AccessMask":"0x20019","ObjectServer":"Security","ProcessName":"C:\\Windows\\System32\\notepad.exe","SeverityValue":2,"EventTime":"2020-10-12 18:34:38","Message":"A handle to an object was requested.\r\n\r\nSubject:\r\n\tSecurity ID:\t\tS-1-5-21-4107722679-1012484280-3777968168-1104\r\n\tAccount Name:\t\tpgustavo\r\n\tAccount Domain:\t\tTHESHIRE\r\n\tLogon ID:\t\t0x163D26\r\n\r\nObject:\r\n\tObject Server:\t\tSecurity\r\n\tObject Type:\t\tKey\r\n\tObject Name:\t\t\\REGISTRY\\MACHINE\\SOFTWARE\\Microsoft\\.NETFramework\r\n\tHandle ID:\t\t0x294\r\n\tResource Attributes:\t-\r\n\r\nProcess Information:\r\n\tProcess ID:\t\t0x940\r\n\tProcess Name:\t\tC:\\Windows\\System32\\notepad.exe\r\n\r\nAccess Request Information:\r\n\tTransaction ID:\t\t{00000000-0000-0000-0000-000000000000}\r\n\tAccesses:\t\tREAD_CONTROL\r\n\t\t\t\tQuery key value\r\n\t\t\t\tEnumerate sub-keys\r\n\t\t\t\tNotify about changes to keys\r\n\t\t\t\t\r\n\tAccess Reasons:\t\t-\r\n\tAccess Mask:\t\t0x20019\r\n\tPrivileges Used for Access Check:\t-\r\n\tRestricted SID Count:\t0","PrivilegeList":"-","SourceModuleName":"eventlog","SubjectUserSid":"S-1-5-21-4107722679-1012484280-3777968168-1104"}
{"@timestamp":"2020-10-12T22:34:40.053Z","port":61041,"Severity":"INFO","Task":12801,"Channel":"security","tags":["mordorDataset"],"SourceModuleType":"im_msvistalog","OpcodeValue":0,"EventType":"AUDIT_SUCCESS","ExecutionProcessID":4,"Opcode":"Info","RecordNumber":100702,"ThreadID":3136,"SubjectDomainName":"THESHIRE","SubjectLogonId":"0x163d26","SourceName":"Microsoft-Windows-Security-Auditing","Keywords":-9214364837600034816,"HandleId":"0x294","EventID":4658,"Category":"Registry","ProcessId":"0x940","Version":0,"@version":"1","host":"wec.internal.cloudapp.net","Hostname":"WORKSTATION5.theshire.local","ProcessName":"C:\\Windows\\System32\\notepad.exe","ObjectServer":"Security","EventReceivedTime":"2020-10-12 18:34:40","SeverityValue":2,"EventTime":"2020-10-12 18:34:38","ProviderGuid":"{54849625-5478-4994-A5BA-3E3B0328C30D}","Message":"The handle to an object was closed.\r\n\r\nSubject :\r\n\tSecurity ID:\t\tS-1-5-21-4107722679-1012484280-3777968168-1104\r\n\tAccount Name:\t\tpgustavo\r\n\tAccount Domain:\t\tTHESHIRE\r\n\tLogon ID:\t\t0x163D26\r\n\r\nObject:\r\n\tObject Server:\t\tSecurity\r\n\tHandle ID:\t\t0x294\r\n\r\nProcess Information:\r\n\tProcess ID:\t\t0x940\r\n\tProcess Name:\t\tC:\\Windows\\System32\\notepad.exe","SubjectUserName":"pgustavo","SourceModuleName":"eventlog","SubjectUserSid":"S-1-5-21-4107722679-1012484280-3777968168-1104"}
{"SourceProcessId":"0x940","@timestamp":"2020-10-12T22:34:40.054Z","port":61041,"Severity":"INFO","Task":12807,"Channel":"security","tags":["mordorDataset"],"SourceModuleType":"im_msvistalog","OpcodeValue":0,"TargetProcessId":"0x4","EventType":"AUDIT_SUCCESS","ExecutionProcessID":4,"Opcode":"Info","RecordNumber":100703,"ThreadID":3136,"SubjectDomainName":"THESHIRE","SubjectLogonId":"0x163d26","SourceName":"Microsoft-Windows-Security-Auditing","TargetHandleId":"0x28fc","Keywords":-9214364837600034816,"EventID":4690,"Category":"Handle Manipulation","SourceHandleId":"0x294","Version":0,"ProcessId":"0x940","@version":"1","host":"wec.internal.cloudapp.net","Hostname":"WORKSTATION5.theshire.local","EventReceivedTime":"2020-10-12 18:34:40","SeverityValue":2,"EventTime":"2020-10-12 18:34:38","ProviderGuid":"{54849625-5478-4994-A5BA-3E3B0328C30D}","Message":"An attempt was made to duplicate a handle to an object.\r\n\r\nSubject:\r\n\tSecurity ID:\t\tS-1-5-21-4107722679-1012484280-3777968168-1104\r\n\tAccount Name:\t\tpgustavo\r\n\tAccount Domain:\t\tTHESHIRE\r\n\tLogon ID:\t\t0x163D26\r\n\r\nSource Handle Information:\r\n\tSource Handle ID:\t0x294\r\n\tSource Process ID:\t0x940\r\n\r\nNew Handle Information:\r\n\tTarget Handle ID:\t0x28fc\r\n\tTarget Process ID:\t0x4","SubjectUserName":"pgustavo","SourceModuleName":"eventlog","SubjectUserSid":"S-1-5-21-4107722679-1012484280-3777968168-1104"}
{"@timestamp":"2020-10-12T22:34:40.054Z","port":61041,"Severity":"INFO","Task":12801,"Channel":"security","tags":["mordorDataset"],"SourceModuleType":"im_msvistalog","OpcodeValue":0,"EventType":"AUDIT_SUCCESS","ExecutionProcessID":4,"Opcode":"Info","RecordNumber":100704,"ThreadID":3136,"SubjectDomainName":"THESHIRE","SubjectLogonId":"0x163d26","SourceName":"Microsoft-Windows-Security-Auditing","Keywords":-9214364837600034816,"HandleId":"0x28fc","EventID":4658,"Category":"Registry","ProcessId":"0x940","Version":0,"@version":"1","host":"wec.internal.cloudapp.net","Hostname":"WORKSTATION5.theshire.local","ProcessName":"C:\\Windows\\System32\\notepad.exe","ObjectServer":"Security","EventReceivedTime":"2020-10-12 18:34:40","SeverityValue":2,"EventTime":"2020-10-12 18:34:38","ProviderGuid":"{54849625-5478-4994-A5BA-3E3B0328C30D}","Message":"The handle to an object was closed.\r\n\r\nSubject :\r\n\tSecurity ID:\t\tS-1-5-21-4107722679-1012484280-3777968168-1104\r\n\tAccount Name:\t\tpgustavo\r\n\tAccount Domain:\t\tTHESHIRE\r\n\tLogon ID:\t\t0x163D26\r\n\r\nObject:\r\n\tObject Server:\t\tSecurity\r\n\tHandle ID:\t\t0x28fc\r\n\r\nProcess Information:\r\n\tProcess ID:\t\t0x940\r\n\tProcess Name:\t\tC:\\Windows\\System32\\notepad.exe","SubjectUserName":"pgustavo","SourceModuleName":"eventlog","SubjectUserSid":"S-1-5-21-4107722679-1012484280-3777968168-1104"}
{"@timestamp":"2020-10-12T22:34:40.054Z","AccessReason":"-","Channel":"security","SubjectDomainName":"THESHIRE","RecordNumber":100705,"ThreadID":3136,"SubjectLogonId":"0x163d26","TransactionId":"{00000000-0000-0000-0000-000000000000}","ObjectName":"\\REGISTRY\\MACHINE\\SOFTWARE\\Microsoft\\.NETFramework","ProcessId":"0x940","Version":1,"Hostname":"WORKSTATION5.theshire.local","EventReceivedTime":"2020-10-12 18:34:40","ProviderGuid":"{54849625-5478-4994-A5BA-3E3B0328C30D}","SubjectUserName":"pgustavo","RestrictedSidCount":"0","port":61041,"Severity":"INFO","ResourceAttributes":"-","Task":12801,"tags":["mordorDataset"],"SourceModuleType":"im_msvistalog","OpcodeValue":0,"EventType":"AUDIT_SUCCESS","ExecutionProcessID":4,"Opcode":"Info","ObjectType":"Key","SourceName":"Microsoft-Windows-Security-Auditing","Keywords":-9214364837600034816,"AccessList":"%%1538\r\n\t\t\t\t%%4432\r\n\t\t\t\t%%4435\r\n\t\t\t\t%%4436\r\n\t\t\t\t","HandleId":"0x294","EventID":4656,"Category":"Registry","@version":"1","host":"wec.internal.cloudapp.net","AccessMask":"0x20019","ObjectServer":"Security","ProcessName":"C:\\Windows\\System32\\notepad.exe","SeverityValue":2,"EventTime":"2020-10-12 18:34:38","Message":"A handle to an object was requested.\r\n\r\nSubject:\r\n\tSecurity ID:\t\tS-1-5-21-4107722679-1012484280-3777968168-1104\r\n\tAccount Name:\t\tpgustavo\r\n\tAccount Domain:\t\tTHESHIRE\r\n\tLogon ID:\t\t0x163D26\r\n\r\nObject:\r\n\tObject Server:\t\tSecurity\r\n\tObject Type:\t\tKey\r\n\tObject Name:\t\t\\REGISTRY\\MACHINE\\SOFTWARE\\Microsoft\\.NETFramework\r\n\tHandle ID:\t\t0x294\r\n\tResource Attributes:\t-\r\n\r\nProcess Information:\r\n\tProcess ID:\t\t0x940\r\n\tProcess Name:\t\tC:\\Windows\\System32\\notepad.exe\r\n\r\nAccess Request Information:\r\n\tTransaction ID:\t\t{00000000-0000-0000-0000-000000000000}\r\n\tAccesses:\t\tREAD_CONTROL\r\n\t\t\t\tQuery key value\r\n\t\t\t\tEnumerate sub-keys\r\n\t\t\t\tNotify about changes to keys\r\n\t\t\t\t\r\n\tAccess Reasons:\t\t-\r\n\tAccess Mask:\t\t0x20019\r\n\tPrivileges Used for Access Check:\t-\r\n\tRestricted SID Count:\t0","PrivilegeList":"-","SourceModuleName":"eventlog","SubjectUserSid":"S-1-5-21-4107722679-1012484280-3777968168-1104"}
{"@timestamp":"2020-10-12T22:34:40.055Z","port":61041,"Severity":"INFO","Task":13056,"Channel":"security","tags":["mordorDataset"],"SourceModuleType":"im_msvistalog","OpcodeValue":0,"EventType":"AUDIT_SUCCESS","ExecutionProcessID":4,"Opcode":"Info","RecordNumber":100706,"ThreadID":3136,"SubjectDomainName":"THESHIRE","SubjectLogonId":"0x163d26","SourceName":"Microsoft-Windows-Security-Auditing","Keywords":-9214364837600034816,"EventID":4673,"Category":"Sensitive Privilege Use","ProcessId":"0x940","Version":0,"@version":"1","host":"wec.internal.cloudapp.net","Hostname":"WORKSTATION5.theshire.local","ProcessName":"C:\\Windows\\System32\\notepad.exe","ObjectServer":"Security","EventReceivedTime":"2020-10-12 18:34:40","SeverityValue":2,"EventTime":"2020-10-12 18:34:38","ProviderGuid":"{54849625-5478-4994-A5BA-3E3B0328C30D}","Message":"A privileged service was called.\r\n\r\nSubject:\r\n\tSecurity ID:\t\tS-1-5-21-4107722679-1012484280-3777968168-1104\r\n\tAccount Name:\t\tpgustavo\r\n\tAccount Domain:\t\tTHESHIRE\r\n\tLogon ID:\t\t0x163D26\r\n\r\nService:\r\n\tServer:\tSecurity\r\n\tService Name:\t-\r\n\r\nProcess:\r\n\tProcess ID:\t0x940\r\n\tProcess Name:\tC:\\Windows\\System32\\notepad.exe\r\n\r\nService Request Information:\r\n\tPrivileges:\t\tSeCreateGlobalPrivilege","SubjectUserName":"pgustavo","Service":"-","PrivilegeList":"SeCreateGlobalPrivilege","SourceModuleName":"eventlog","SubjectUserSid":"S-1-5-21-4107722679-1012484280-3777968168-1104"}
{"SourceProcessId":"0x940","@timestamp":"2020-10-12T22:34:40.055Z","port":61041,"Severity":"INFO","Task":12807,"Channel":"security","tags":["mordorDataset"],"SourceModuleType":"im_msvistalog","OpcodeValue":0,"TargetProcessId":"0x4","EventType":"AUDIT_SUCCESS","ExecutionProcessID":4,"Opcode":"Info","RecordNumber":100707,"ThreadID":108,"SubjectDomainName":"THESHIRE","SubjectLogonId":"0x163d26","SourceName":"Microsoft-Windows-Security-Auditing","TargetHandleId":"0x2e54","Keywords":-9214364837600034816,"EventID":4690,"Category":"Handle Manipulation","SourceHandleId":"0x478","Version":0,"ProcessId":"0x940","@version":"1","host":"wec.internal.cloudapp.net","Hostname":"WORKSTATION5.theshire.local","EventReceivedTime":"2020-10-12 18:34:40","SeverityValue":2,"EventTime":"2020-10-12 18:34:38","ProviderGuid":"{54849625-5478-4994-A5BA-3E3B0328C30D}","Message":"An attempt was made to duplicate a handle to an object.\r\n\r\nSubject:\r\n\tSecurity ID:\t\tS-1-5-21-4107722679-1012484280-3777968168-1104\r\n\tAccount Name:\t\tpgustavo\r\n\tAccount Domain:\t\tTHESHIRE\r\n\tLogon ID:\t\t0x163D26\r\n\r\nSource Handle Information:\r\n\tSource Handle ID:\t0x478\r\n\tSource Process ID:\t0x940\r\n\r\nNew Handle Information:\r\n\tTarget Handle ID:\t0x2e54\r\n\tTarget Process ID:\t0x4","SubjectUserName":"pgustavo","SourceModuleName":"eventlog","SubjectUserSid":"S-1-5-21-4107722679-1012484280-3777968168-1104"}
{"@timestamp":"2020-10-12T22:34:40.055Z","port":61041,"Severity":"INFO","Task":12801,"Channel":"security","tags":["mordorDataset"],"SourceModuleType":"im_msvistalog","OpcodeValue":0,"EventType":"AUDIT_SUCCESS","ExecutionProcessID":4,"Opcode":"Info","RecordNumber":100708,"ThreadID":108,"SubjectDomainName":"THESHIRE","SubjectLogonId":"0x163d26","SourceName":"Microsoft-Windows-Security-Auditing","Keywords":-9214364837600034816,"HandleId":"0x2e54","EventID":4658,"Category":"Registry","ProcessId":"0x940","Version":0,"@version":"1","host":"wec.internal.cloudapp.net","Hostname":"WORKSTATION5.theshire.local","ProcessName":"C:\\Windows\\System32\\notepad.exe","ObjectServer":"Security","EventReceivedTime":"2020-10-12 18:34:40","SeverityValue":2,"EventTime":"2020-10-12 18:34:38","ProviderGuid":"{54849625-5478-4994-A5BA-3E3B0328C30D}","Message":"The handle to an object was closed.\r\n\r\nSubject :\r\n\tSecurity ID:\t\tS-1-5-21-4107722679-1012484280-3777968168-1104\r\n\tAccount Name:\t\tpgustavo\r\n\tAccount Domain:\t\tTHESHIRE\r\n\tLogon ID:\t\t0x163D26\r\n\r\nObject:\r\n\tObject Server:\t\tSecurity\r\n\tHandle ID:\t\t0x2e54\r\n\r\nProcess Information:\r\n\tProcess ID:\t\t0x940\r\n\tProcess Name:\t\tC:\\Windows\\System32\\notepad.exe","SubjectUserName":"pgustavo","SourceModuleName":"eventlog","SubjectUserSid":"S-1-5-21-4107722679-1012484280-3777968168-1104"}
{"@timestamp":"2020-10-12T22:34:40.056Z","AccessReason":"-","Channel":"security","SubjectDomainName":"THESHIRE","RecordNumber":100709,"ThreadID":108,"SubjectLogonId":"0x163d26","TransactionId":"{00000000-0000-0000-0000-000000000000}","ObjectName":"\\REGISTRY\\MACHINE\\SYSTEM\\ControlSet001\\Control\\Session Manager\\Environment","ProcessId":"0x940","Version":1,"Hostname":"WORKSTATION5.theshire.local","EventReceivedTime":"2020-10-12 18:34:40","ProviderGuid":"{54849625-5478-4994-A5BA-3E3B0328C30D}","SubjectUserName":"pgustavo","RestrictedSidCount":"0","port":61041,"Severity":"INFO","ResourceAttributes":"-","Task":12801,"tags":["mordorDataset"],"SourceModuleType":"im_msvistalog","OpcodeValue":0,"EventType":"AUDIT_SUCCESS","ExecutionProcessID":4,"Opcode":"Info","ObjectType":"Key","SourceName":"Microsoft-Windows-Security-Auditing","Keywords":-9214364837600034816,"AccessList":"%%1538\r\n\t\t\t\t%%4432\r\n\t\t\t\t%%4435\r\n\t\t\t\t%%4436\r\n\t\t\t\t","HandleId":"0x478","EventID":4656,"Category":"Registry","@version":"1","host":"wec.internal.cloudapp.net","AccessMask":"0x20019","ObjectServer":"Security","ProcessName":"C:\\Windows\\System32\\notepad.exe","SeverityValue":2,"EventTime":"2020-10-12 18:34:38","Message":"A handle to an object was requested.\r\n\r\nSubject:\r\n\tSecurity ID:\t\tS-1-5-21-4107722679-1012484280-3777968168-1104\r\n\tAccount Name:\t\tpgustavo\r\n\tAccount Domain:\t\tTHESHIRE\r\n\tLogon ID:\t\t0x163D26\r\n\r\nObject:\r\n\tObject Server:\t\tSecurity\r\n\tObject Type:\t\tKey\r\n\tObject Name:\t\t\\REGISTRY\\MACHINE\\SYSTEM\\ControlSet001\\Control\\Session Manager\\Environment\r\n\tHandle ID:\t\t0x478\r\n\tResource Attributes:\t-\r\n\r\nProcess Information:\r\n\tProcess ID:\t\t0x940\r\n\tProcess Name:\t\tC:\\Windows\\System32\\notepad.exe\r\n\r\nAccess Request Information:\r\n\tTransaction ID:\t\t{00000000-0000-0000-0000-000000000000}\r\n\tAccesses:\t\tREAD_CONTROL\r\n\t\t\t\tQuery key value\r\n\t\t\t\tEnumerate sub-keys\r\n\t\t\t\tNotify about changes to keys\r\n\t\t\t\t\r\n\tAccess Reasons:\t\t-\r\n\tAccess Mask:\t\t0x20019\r\n\tPrivileges Used for Access Check:\t-\r\n\tRestricted SID Count:\t0","PrivilegeList":"-","SourceModuleName":"eventlog","SubjectUserSid":"S-1-5-21-4107722679-1012484280-3777968168-1104"}
