{"RuleName":"-","@timestamp":"2020-10-12T22:34:10.598Z","SignatureStatus":"Valid","Channel":"Microsoft-Windows-Sysmon/Operational","UserID":"S-1-5-18","RecordNumber":243364,"ThreadID":4300,"Image":"C:\\Windows\\System32\\svchost.exe","ProcessId":"3456","Company":"Microsoft Corporation","Version":3,"Hostname":"MORDORDC.theshire.local","ImageLoaded":"C:\\Windows\\System32\\wmidcom.dll","Description":"WMI","EventReceivedTime":"2020-10-12 18:34:10","ProviderGuid":"{5770385F-C22A-43E0-BF4C-06F5698FFBD9}","Signed":"true","UtcTime":"2020-10-12 22:34:08.916","port":61041,"Severity":"INFO","tags":["mordorDataset"],"Task":7,"SourceModuleType":"im_msvistalog","OpcodeValue":0,"EventType":"INFO","ExecutionProcessID":3984,"Opcode":"Info","SourceName":"Microsoft-Windows-Sysmon","Product":"Microsoft® Windows® Operating System","Keywords":-9223372036854775808,"FileVersion":"10.0.17763.1 (WinBuild.160101.0800)","EventID":7,"Domain":"NT AUTHORITY","Category":"Image loaded (rule: ImageLoad)","OriginalFileName":"wmidcom.dll","@version":"1","AccountName":"SYSTEM","ProcessGuid":"{029f9482-c16a-5f84-eb00-000000000400}","host":"wec.internal.cloudapp.net","Hashes":"SHA1=4C7308C2A323D850C3E5DCB88A32A1C7DF9CBE4F,MD5=A9BC5F3E3C6406C3C5ABE804FBF7BC76,SHA256=A0177FD4B7690A680E5EAC9BDC78E21117B523622607BCA47305EB74984CF901,IMPHASH=8461651332BA942E21A64DBF3E9E80F8","SeverityValue":2,"EventTime":"2020-10-12 18:34:08","Message":"Image loaded:\r\nRuleName: -\r\nUtcTime: 2020-10-12 22:34:08.916\r\nProcessGuid: {029f9482-c16a-5f84-eb00-000000000400}\r\nProcessId: 3456\r\nImage: C:\\Windows\\System32\\svchost.exe\r\nImageLoaded: C:\\Windows\\System32\\wmidcom.dll\r\nFileVersion: 10.0.17763.1 (WinBuild.160101.0800)\r\nDescription: WMI\r\nProduct: Microsoft® Windows® Operating System\r\nCompany: Microsoft Corporation\r\nOriginalFileName: wmidcom.dll\r\nHashes: SHA1=4C7308C2A323D850C3E5DCB88A32A1C7DF9CBE4F,MD5=A9BC5F3E3C6406C3C5ABE804FBF7BC76,SHA256=A0177FD4B7690A680E5EAC9BDC78E21117B523622607BCA47305EB74984CF901,IMPHASH=8461651332BA942E21A64DBF3E9E80F8\r\nSigned: true\r\nSignature: Microsoft Windows\r\nSignatureStatus: Valid","SourceModuleName":"eventlog","AccountType":"User","Signature":"Microsoft Windows"}
{"RuleName":"-","@timestamp":"2020-10-12T22:34:10.599Z","SignatureStatus":"Valid","Channel":"Microsoft-Windows-Sysmon/Operational","UserID":"S-1-5-18","RecordNumber":243365,"ThreadID":4300,"Image":"C:\\Windows\\System32\\svchost.exe","ProcessId":"3456","Company":"Microsoft Corporation","Version":3,"Hostname":"MORDORDC.theshire.local","ImageLoaded":"C:\\Windows\\System32\\dpapi.dll","Description":"Data Protection API","EventReceivedTime":"2020-10-12 18:34:10","ProviderGuid":"{5770385F-C22A-43E0-BF4C-06F5698FFBD9}","Signed":"true","UtcTime":"2020-10-12 22:34:08.916","port":61041,"Severity":"INFO","tags":["mordorDataset"],"Task":7,"SourceModuleType":"im_msvistalog","OpcodeValue":0,"EventType":"INFO","ExecutionProcessID":3984,"Opcode":"Info","SourceName":"Microsoft-Windows-Sysmon","Product":"Microsoft® Windows® Operating System","Keywords":-9223372036854775808,"FileVersion":"10.0.17763.1 (WinBuild.160101.0800)","EventID":7,"Domain":"NT AUTHORITY","Category":"Image loaded (rule: ImageLoad)","OriginalFileName":"dpapi.dll","@version":"1","AccountName":"SYSTEM","ProcessGuid":"{029f9482-c16a-5f84-eb00-000000000400}","host":"wec.internal.cloudapp.net","Hashes":"SHA1=C50FDD4A17CA9451C66413BA04ED2CC79883AD16,MD5=CF864B08CEA15894A4E6E676A7FE89A3,SHA256=0D1488B2FF471C1EF2F8F2742D685A8778B2C1512A044BDF2606C3ED92E0B512,IMPHASH=C591E3A4DDFE145A26EEC16DB70623B7","SeverityValue":2,"EventTime":"2020-10-12 18:34:08","Message":"Image loaded:\r\nRuleName: -\r\nUtcTime: 2020-10-12 22:34:08.916\r\nProcessGuid: {029f9482-c16a-5f84-eb00-000000000400}\r\nProcessId: 3456\r\nImage: C:\\Windows\\System32\\svchost.exe\r\nImageLoaded: C:\\Windows\\System32\\dpapi.dll\r\nFileVersion: 10.0.17763.1 (WinBuild.160101.0800)\r\nDescription: Data Protection API\r\nProduct: Microsoft® Windows® Operating System\r\nCompany: Microsoft Corporation\r\nOriginalFileName: dpapi.dll\r\nHashes: SHA1=C50FDD4A17CA9451C66413BA04ED2CC79883AD16,MD5=CF864B08CEA15894A4E6E676A7FE89A3,SHA256=0D1488B2FF471C1EF2F8F2742D685A8778B2C1512A044BDF2606C3ED92E0B512,IMPHASH=C591E3A4DDFE145A26EEC16DB70623B7\r\nSigned: true\r\nSignature: Microsoft Windows\r\nSignatureStatus: Valid","SourceModuleName":"eventlog","AccountType":"User","Signature":"Microsoft Windows"}
{"RuleName":"-","@timestamp":"2020-10-12T22:34:10.600Z","Channel":"Microsoft-Windows-Sysmon/Operational","UserID":"S-1-5-18","RecordNumber":243366,"ThreadID":4308,"Image":"C:\\Windows\\System32\\dns.exe","ProcessId":"3712","Version":5,"Hostname":"MORDORDC.theshire.local","SourcePort":"53","DestinationHostname":"-","EventReceivedTime":"2020-10-12 18:34:10","ProviderGuid":"{5770385F-C22A-43E0-BF4C-06F5698FFBD9}","DestinationPortName":"-","Protocol":"udp","UtcTime":"2020-10-12 22:34:08.658","port":61041,"Severity":"INFO","SourceIsIpv6":"false","Task":3,"tags":["mordorDataset"],"SourceModuleType":"im_msvistalog","OpcodeValue":0,"Initiated":"false","EventType":"INFO","ExecutionProcessID":3984,"Opcode":"Info","DestinationPort":"49207","SourcePortName":"-","SourceName":"Microsoft-Windows-Sysmon","User":"NT AUTHORITY\\SYSTEM","Keywords":-9223372036854775808,"SourceHostname":"-","EventID":3,"Domain":"NT AUTHORITY","Category":"Network connection detected (rule: NetworkConnect)","@version":"1","AccountName":"SYSTEM","ProcessGuid":"{029f9482-bfb1-5f84-5300-000000000400}","host":"wec.internal.cloudapp.net","SourceIp":"172.18.38.5","SeverityValue":2,"EventTime":"2020-10-12 18:34:09","Message":"Network connection detected:\r\nRuleName: -\r\nUtcTime: 2020-10-12 22:34:08.658\r\nProcessGuid: {029f9482-bfb1-5f84-5300-000000000400}\r\nProcessId: 3712\r\nImage: C:\\Windows\\System32\\dns.exe\r\nUser: NT AUTHORITY\\SYSTEM\r\nProtocol: udp\r\nInitiated: false\r\nSourceIsIpv6: false\r\nSourceIp: 172.18.38.5\r\nSourceHostname: -\r\nSourcePort: 53\r\nSourcePortName: -\r\nDestinationIsIpv6: false\r\nDestinationIp: 172.18.39.5\r\nDestinationHostname: -\r\nDestinationPort: 49207\r\nDestinationPortName: -","DestinationIsIpv6":"false","SourceModuleName":"eventlog","DestinationIp":"172.18.39.5","AccountType":"User"}
{"RuleName":"-","@timestamp":"2020-10-12T22:34:10.603Z","Channel":"Microsoft-Windows-Sysmon/Operational","UserID":"S-1-5-18","RecordNumber":243367,"ThreadID":4308,"Image":"C:\\Windows\\System32\\dns.exe","ProcessId":"3712","Version":5,"Hostname":"MORDORDC.theshire.local","SourcePort":"58296","DestinationHostname":"-","EventReceivedTime":"2020-10-12 18:34:10","ProviderGuid":"{5770385F-C22A-43E0-BF4C-06F5698FFBD9}","DestinationPortName":"-","Protocol":"udp","UtcTime":"2020-10-12 22:34:08.658","port":61041,"Severity":"INFO","SourceIsIpv6":"false","Task":3,"tags":["mordorDataset"],"SourceModuleType":"im_msvistalog","OpcodeValue":0,"Initiated":"true","EventType":"INFO","ExecutionProcessID":3984,"Opcode":"Info","DestinationPort":"53","SourcePortName":"-","SourceName":"Microsoft-Windows-Sysmon","User":"NT AUTHORITY\\SYSTEM","Keywords":-9223372036854775808,"SourceHostname":"-","EventID":3,"Domain":"NT AUTHORITY","Category":"Network connection detected (rule: NetworkConnect)","@version":"1","AccountName":"SYSTEM","ProcessGuid":"{029f9482-bfb1-5f84-5300-000000000400}","host":"wec.internal.cloudapp.net","SourceIp":"172.18.38.5","SeverityValue":2,"EventTime":"2020-10-12 18:34:09","Message":"Network connection detected:\r\nRuleName: -\r\nUtcTime: 2020-10-12 22:34:08.658\r\nProcessGuid: {029f9482-bfb1-5f84-5300-000000000400}\r\nProcessId: 3712\r\nImage: C:\\Windows\\System32\\dns.exe\r\nUser: NT AUTHORITY\\SYSTEM\r\nProtocol: udp\r\nInitiated: true\r\nSourceIsIpv6: false\r\nSourceIp: 172.18.38.5\r\nSourceHostname: -\r\nSourcePort: 58296\r\nSourcePortName: -\r\nDestinationIsIpv6: false\r\nDestinationIp: 40.90.4.205\r\nDestinationHostname: -\r\nDestinationPort: 53\r\nDestinationPortName: -","DestinationIsIpv6":"false","SourceModuleName":"eventlog","DestinationIp":"40.90.4.205","AccountType":"User"}
{"EventTypeOrignal":"INFO","RuleName":"-","@timestamp":"2020-10-12T22:34:12.610Z","port":61041,"Severity":"INFO","Task":12,"Channel":"Microsoft-Windows-Sysmon/Operational","UtcTime":"2020-10-12 22:34:09.635","UserID":"S-1-5-18","SourceModuleType":"im_msvistalog","OpcodeValue":0,"tags":["mordorDataset"],"TargetObject":"HKLM\\SOFTWARE\\Microsoft\\Windows\\CurrentVersion\\Diagnostics\\DiagTrack\\SettingsRequests\\utc.tracing","ExecutionProcessID":3312,"Opcode":"Info","RecordNumber":338463,"ThreadID":3444,"EventType":"CreateKey","SourceName":"Microsoft-Windows-Sysmon","Keywords":-9223372036854775808,"Image":"C:\\windows\\System32\\svchost.exe","EventID":12,"Domain":"NT AUTHORITY","Category":"Registry object added or deleted (rule: RegistryEvent)","Version":2,"ProcessId":"3164","@version":"1","AccountName":"SYSTEM","ProcessGuid":"{71b87c12-d259-5f84-4a00-000000000500}","host":"wec.internal.cloudapp.net","Hostname":"WORKSTATION5.theshire.local","EventReceivedTime":"2020-10-12 18:34:12","SeverityValue":2,"EventTime":"2020-10-12 18:34:09","ProviderGuid":"{5770385F-C22A-43E0-BF4C-06F5698FFBD9}","Message":"Registry object added or deleted:\r\nRuleName: -\r\nEventType: CreateKey\r\nUtcTime: 2020-10-12 22:34:09.635\r\nProcessGuid: {71b87c12-d259-5f84-4a00-000000000500}\r\nProcessId: 3164\r\nImage: C:\\windows\\System32\\svchost.exe\r\nTargetObject: HKLM\\SOFTWARE\\Microsoft\\Windows\\CurrentVersion\\Diagnostics\\DiagTrack\\SettingsRequests\\utc.tracing","SourceModuleName":"eventlog","AccountType":"User"}
{"EventTypeOrignal":"INFO","RuleName":"-","@timestamp":"2020-10-12T22:34:12.611Z","port":61041,"Severity":"INFO","Task":13,"Channel":"Microsoft-Windows-Sysmon/Operational","UtcTime":"2020-10-12 22:34:09.635","UserID":"S-1-5-18","SourceModuleType":"im_msvistalog","OpcodeValue":0,"tags":["mordorDataset"],"TargetObject":"HKLM\\SOFTWARE\\Microsoft\\Windows\\CurrentVersion\\Diagnostics\\DiagTrack\\SettingsRequests\\utc.tracing\\SettingsType","ExecutionProcessID":3312,"Opcode":"Info","RecordNumber":338464,"ThreadID":3444,"EventType":"SetValue","SourceName":"Microsoft-Windows-Sysmon","Keywords":-9223372036854775808,"Image":"C:\\windows\\System32\\svchost.exe","EventID":13,"Domain":"NT AUTHORITY","Category":"Registry value set (rule: RegistryEvent)","Version":2,"ProcessId":"3164","@version":"1","AccountName":"SYSTEM","Details":"DWORD (0x00000001)","ProcessGuid":"{71b87c12-d259-5f84-4a00-000000000500}","host":"wec.internal.cloudapp.net","Hostname":"WORKSTATION5.theshire.local","EventReceivedTime":"2020-10-12 18:34:12","SeverityValue":2,"EventTime":"2020-10-12 18:34:09","ProviderGuid":"{5770385F-C22A-43E0-BF4C-06F5698FFBD9}","Message":"Registry value set:\r\nRuleName: -\r\nEventType: SetValue\r\nUtcTime: 2020-10-12 22:34:09.635\r\nProcessGuid: {71b87c12-d259-5f84-4a00-000000000500}\r\nProcessId: 3164\r\nImage: C:\\windows\\System32\\svchost.exe\r\nTargetObject: HKLM\\SOFTWARE\\Microsoft\\Windows\\CurrentVersion\\Diagnostics\\DiagTrack\\SettingsRequests\\utc.tracing\\SettingsType\r\nDetails: DWORD (0x00000001)","SourceModuleName":"eventlog","AccountType":"User"}
{"EventTypeOrignal":"INFO","RuleName":"-","@timestamp":"2020-10-12T22:34:12.611Z","port":61041,"Severity":"INFO","Task":12,"Channel":"Microsoft-Windows-Sysmon/Operational","UtcTime":"2020-10-12 22:34:09.635","UserID":"S-1-5-18","SourceModuleType":"im_msvistalog","OpcodeValue":0,"tags":["mordorDataset"],"TargetObject":"HKLM\\SOFTWARE\\Microsoft\\Windows\\CurrentVersion\\Diagnostics\\DiagTrack\\SettingsRequests\\utc.tracing","ExecutionProcessID":3312,"Opcode":"Info","RecordNumber":338465,"ThreadID":3444,"EventType":"CreateKey","SourceName":"Microsoft-Windows-Sysmon","Keywords":-9223372036854775808,"Image":"C:\\windows\\System32\\svchost.exe","EventID":12,"Domain":"NT AUTHORITY","Category":"Registry object added or deleted (rule: RegistryEvent)","Version":2,"ProcessId":"3164","@version":"1","AccountName":"SYSTEM","ProcessGuid":"{71b87c12-d259-5f84-4a00-000000000500}","host":"wec.internal.cloudapp.net","Hostname":"WORKSTATION5.theshire.local","EventReceivedTime":"2020-10-12 18:34:12","SeverityValue":2,"EventTime":"2020-10-12 18:34:09","ProviderGuid":"{5770385F-C22A-43E0-BF4C-06F5698FFBD9}","Message":"Registry object added or deleted:\r\nRuleName: -\r\nEventType: CreateKey\r\nUtcTime: 2020-10-12 22:34:09.635\r\nProcessGuid: {71b87c12-d259-5f84-4a00-000000000500}\r\nProcessId: 3164\r\nImage: C:\\windows\\System32\\svchost.exe\r\nTargetObject: HKLM\\SOFTWARE\\Microsoft\\Windows\\CurrentVersion\\Diagnostics\\DiagTrack\\SettingsRequests\\utc.tracing","SourceModuleName":"eventlog","AccountType":"User"}
{"EventTypeOrignal":"INFO","RuleName":"-","@timestamp":"2020-10-12T22:34:12.612Z","port":61041,"Severity":"INFO","Task":13,"Channel":"Microsoft-Windows-Sysmon/Operational","UtcTime":"2020-10-12 22:34:09.635","UserID":"S-1-5-18","SourceModuleType":"im_msvistalog","OpcodeValue":0,"tags":["mordorDataset"],"TargetObject":"HKLM\\SOFTWARE\\Microsoft\\Windows\\CurrentVersion\\Diagnostics\\DiagTrack\\SettingsRequests\\utc.tracing\\SettingsPriority","ExecutionProcessID":3312,"Opcode":"Info","RecordNumber":338466,"ThreadID":3444,"EventType":"SetValue","SourceName":"Microsoft-Windows-Sysmon","Keywords":-9223372036854775808,"Image":"C:\\windows\\System32\\svchost.exe","EventID":13,"Domain":"NT AUTHORITY","Category":"Registry value set (rule: RegistryEvent)","Version":2,"ProcessId":"3164","@version":"1","AccountName":"SYSTEM","Details":"DWORD (0x00000002)","ProcessGuid":"{71b87c12-d259-5f84-4a00-000000000500}","host":"wec.internal.cloudapp.net","Hostname":"WORKSTATION5.theshire.local","EventReceivedTime":"2020-10-12 18:34:12","SeverityValue":2,"EventTime":"2020-10-12 18:34:09","ProviderGuid":"{5770385F-C22A-43E0-BF4C-06F5698FFBD9}","Message":"Registry value set:\r\nRuleName: -\r\nEventType: SetValue\r\nUtcTime: 2020-10-12 22:34:09.635\r\nProcessGuid: {71b87c12-d259-5f84-4a00-000000000500}\r\nProcessId: 3164\r\nImage: C:\\windows\\System32\\svchost.exe\r\nTargetObject: HKLM\\SOFTWARE\\Microsoft\\Windows\\CurrentVersion\\Diagnostics\\DiagTrack\\SettingsRequests\\utc.tracing\\SettingsPriority\r\nDetails: DWORD (0x00000002)","SourceModuleName":"eventlog","AccountType":"User"}
{"EventTypeOrignal":"INFO","RuleName":"-","@timestamp":"2020-10-12T22:34:12.613Z","port":61041,"Severity":"INFO","Task":12,"Channel":"Microsoft-Windows-Sysmon/Operational","UtcTime":"2020-10-12 22:34:09.635","UserID":"S-1-5-18","SourceModuleType":"im_msvistalog","OpcodeValue":0,"tags":["mordorDataset"],"TargetObject":"HKLM\\SOFTWARE\\Microsoft\\Windows\\CurrentVersion\\Diagnostics\\DiagTrack\\SettingsRequests\\utc.tracing","ExecutionProcessID":3312,"Opcode":"Info","RecordNumber":338467,"ThreadID":3444,"EventType":"CreateKey","SourceName":"Microsoft-Windows-Sysmon","Keywords":-9223372036854775808,"Image":"C:\\windows\\System32\\svchost.exe","EventID":12,"Domain":"NT AUTHORITY","Category":"Registry object added or deleted (rule: RegistryEvent)","Version":2,"ProcessId":"3164","@version":"1","AccountName":"SYSTEM","ProcessGuid":"{71b87c12-d259-5f84-4a00-000000000500}","host":"wec.internal.cloudapp.net","Hostname":"WORKSTATION5.theshire.local","EventReceivedTime":"2020-10-12 18:34:12","SeverityValue":2,"EventTime":"2020-10-12 18:34:09","ProviderGuid":"{5770385F-C22A-43E0-BF4C-06F5698FFBD9}","Message":"Registry object added or deleted:\r\nRuleName: -\r\nEventType: CreateKey\r\nUtcTime: 2020-10-12 22:34:09.635\r\nProcessGuid: {71b87c12-d259-5f84-4a00-000000000500}\r\nProcessId: 3164\r\nImage: C:\\windows\\System32\\svchost.exe\r\nTargetObject: HKLM\\SOFTWARE\\Microsoft\\Windows\\CurrentVersion\\Diagnostics\\DiagTrack\\SettingsRequests\\utc.tracing","SourceModuleName":"eventlog","AccountType":"User"}
{"EventTypeOrignal":"INFO","RuleName":"-","@timestamp":"2020-10-12T22:34:12.613Z","port":61041,"Severity":"INFO","Task":13,"Channel":"Microsoft-Windows-Sysmon/Operational","UtcTime":"2020-10-12 22:34:09.635","UserID":"S-1-5-18","SourceModuleType":"im_msvistalog","OpcodeValue":0,"tags":["mordorDataset"],"TargetObject":"HKLM\\SOFTWARE\\Microsoft\\Windows\\CurrentVersion\\Diagnostics\\DiagTrack\\SettingsRequests\\utc.tracing\\SettingsRegistrationType","ExecutionProcessID":3312,"Opcode":"Info","RecordNumber":338468,"ThreadID":3444,"EventType":"SetValue","SourceName":"Microsoft-Windows-Sysmon","Keywords":-9223372036854775808,"Image":"C:\\windows\\System32\\svchost.exe","EventID":13,"Domain":"NT AUTHORITY","Category":"Registry value set (rule: RegistryEvent)","Version":2,"ProcessId":"3164","@version":"1","AccountName":"SYSTEM","Details":"DWORD (0x00000000)","ProcessGuid":"{71b87c12-d259-5f84-4a00-000000000500}","host":"wec.internal.cloudapp.net","Hostname":"WORKSTATION5.theshire.local","EventReceivedTime":"2020-10-12 18:34:12","SeverityValue":2,"EventTime":"2020-10-12 18:34:09","ProviderGuid":"{5770385F-C22A-43E0-BF4C-06F5698FFBD9}","Message":"Registry value set:\r\nRuleName: -\r\nEventType: SetValue\r\nUtcTime: 2020-10-12 22:34:09.635\r\nProcessGuid: {71b87c12-d259-5f84-4a00-000000000500}\r\nProcessId: 3164\r\nImage: C:\\windows\\System32\\svchost.exe\r\nTargetObject: HKLM\\SOFTWARE\\Microsoft\\Windows\\CurrentVersion\\Diagnostics\\DiagTrack\\SettingsRequests\\utc.tracing\\SettingsRegistrationType\r\nDetails: DWORD (0x00000000)","SourceModuleName":"eventlog","AccountType":"User"}
{"EventTypeOrignal":"INFO","RuleName":"-","@timestamp":"2020-10-12T22:34:12.613Z","port":61041,"Severity":"INFO","Task":12,"Channel":"Microsoft-Windows-Sysmon/Operational","UtcTime":"2020-10-12 22:34:09.635","UserID":"S-1-5-18","SourceModuleType":"im_msvistalog","OpcodeValue":0,"tags":["mordorDataset"],"TargetObject":"HKLM\\SOFTWARE\\Microsoft\\Windows\\CurrentVersion\\Diagnostics\\DiagTrack\\SettingsRequests\\utc.tracing","ExecutionProcessID":3312,"Opcode":"Info","RecordNumber":338469,"ThreadID":3444,"EventType":"CreateKey","SourceName":"Microsoft-Windows-Sysmon","Keywords":-9223372036854775808,"Image":"C:\\windows\\System32\\svchost.exe","EventID":12,"Domain":"NT AUTHORITY","Category":"Registry object added or deleted (rule: RegistryEvent)","Version":2,"ProcessId":"3164","@version":"1","AccountName":"SYSTEM","ProcessGuid":"{71b87c12-d259-5f84-4a00-000000000500}","host":"wec.internal.cloudapp.net","Hostname":"WORKSTATION5.theshire.local","EventReceivedTime":"2020-10-12 18:34:12","SeverityValue":2,"EventTime":"2020-10-12 18:34:09","ProviderGuid":"{5770385F-C22A-43E0-BF4C-06F5698FFBD9}","Message":"Registry object added or deleted:\r\nRuleName: -\r\nEventType: CreateKey\r\nUtcTime: 2020-10-12 22:34:09.635\r\nProcessGuid: {71b87c12-d259-5f84-4a00-000000000500}\r\nProcessId: 3164\r\nImage: C:\\windows\\System32\\svchost.exe\r\nTargetObject: HKLM\\SOFTWARE\\Microsoft\\Windows\\CurrentVersion\\Diagnostics\\DiagTrack\\SettingsRequests\\utc.tracing","SourceModuleName":"eventlog","AccountType":"User"}
{"EventTypeOrignal":"INFO","RuleName":"-","@timestamp":"2020-10-12T22:34:12.614Z","port":61041,"Severity":"INFO","Task":13,"Channel":"Microsoft-Windows-Sysmon/Operational","UtcTime":"2020-10-12 22:34:09.635","UserID":"S-1-5-18","SourceModuleType":"im_msvistalog","OpcodeValue":0,"tags":["mordorDataset"],"TargetObject":"HKLM\\SOFTWARE\\Microsoft\\Windows\\CurrentVersion\\Diagnostics\\DiagTrack\\SettingsRequests\\utc.tracing\\SettingsPayloadType","ExecutionProcessID":3312,"Opcode":"Info","RecordNumber":338470,"ThreadID":3444,"EventType":"SetValue","SourceName":"Microsoft-Windows-Sysmon","Keywords":-9223372036854775808,"Image":"C:\\windows\\System32\\svchost.exe","EventID":13,"Domain":"NT AUTHORITY","Category":"Registry value set (rule: RegistryEvent)","Version":2,"ProcessId":"3164","@version":"1","AccountName":"SYSTEM","Details":"DWORD (0x00000000)","ProcessGuid":"{71b87c12-d259-5f84-4a00-000000000500}","host":"wec.internal.cloudapp.net","Hostname":"WORKSTATION5.theshire.local","EventReceivedTime":"2020-10-12 18:34:12","SeverityValue":2,"EventTime":"2020-10-12 18:34:09","ProviderGuid":"{5770385F-C22A-43E0-BF4C-06F5698FFBD9}","Message":"Registry value set:\r\nRuleName: -\r\nEventType: SetValue\r\nUtcTime: 2020-10-12 22:34:09.635\r\nProcessGuid: {71b87c12-d259-5f84-4a00-000000000500}\r\nProcessId: 3164\r\nImage: C:\\windows\\System32\\svchost.exe\r\nTargetObject: HKLM\\SOFTWARE\\Microsoft\\Windows\\CurrentVersion\\Diagnostics\\DiagTrack\\SettingsRequests\\utc.tracing\\SettingsPayloadType\r\nDetails: DWORD (0x00000000)","SourceModuleName":"eventlog","AccountType":"User"}
{"EventTypeOrignal":"INFO","RuleName":"-","@timestamp":"2020-10-12T22:34:12.614Z","port":61041,"Severity":"INFO","Task":12,"Channel":"Microsoft-Windows-Sysmon/Operational","UtcTime":"2020-10-12 22:34:09.635","UserID":"S-1-5-18","SourceModuleType":"im_msvistalog","OpcodeValue":0,"tags":["mordorDataset"],"TargetObject":"HKLM\\SOFTWARE\\Microsoft\\Windows\\CurrentVersion\\Diagnostics\\DiagTrack\\SettingsRequests\\utc.tracing","ExecutionProcessID":3312,"Opcode":"Info","RecordNumber":338471,"ThreadID":3444,"EventType":"CreateKey","SourceName":"Microsoft-Windows-Sysmon","Keywords":-9223372036854775808,"Image":"C:\\windows\\System32\\svchost.exe","EventID":12,"Domain":"NT AUTHORITY","Category":"Registry object added or deleted (rule: RegistryEvent)","Version":2,"ProcessId":"3164","@version":"1","AccountName":"SYSTEM","ProcessGuid":"{71b87c12-d259-5f84-4a00-000000000500}","host":"wec.internal.cloudapp.net","Hostname":"WORKSTATION5.theshire.local","EventReceivedTime":"2020-10-12 18:34:12","SeverityValue":2,"EventTime":"2020-10-12 18:34:09","ProviderGuid":"{5770385F-C22A-43E0-BF4C-06F5698FFBD9}","Message":"Registry object added or deleted:\r\nRuleName: -\r\nEventType: CreateKey\r\nUtcTime: 2020-10-12 22:34:09.635\r\nProcessGuid: {71b87c12-d259-5f84-4a00-000000000500}\r\nProcessId: 3164\r\nImage: C:\\windows\\System32\\svchost.exe\r\nTargetObject: HKLM\\SOFTWARE\\Microsoft\\Windows\\CurrentVersion\\Diagnostics\\DiagTrack\\SettingsRequests\\utc.tracing","SourceModuleName":"eventlog","AccountType":"User"}
{"EventTypeOrignal":"INFO","RuleName":"-","@timestamp":"2020-10-12T22:34:12.615Z","port":61041,"Severity":"INFO","Task":13,"Channel":"Microsoft-Windows-Sysmon/Operational","UtcTime":"2020-10-12 22:34:09.635","UserID":"S-1-5-18","SourceModuleType":"im_msvistalog","OpcodeValue":0,"tags":["mordorDataset"],"TargetObject":"HKLM\\SOFTWARE\\Microsoft\\Windows\\CurrentVersion\\Diagnostics\\DiagTrack\\SettingsRequests\\utc.tracing\\SettingsParseType","ExecutionProcessID":3312,"Opcode":"Info","RecordNumber":338472,"ThreadID":3444,"EventType":"SetValue","SourceName":"Microsoft-Windows-Sysmon","Keywords":-9223372036854775808,"Image":"C:\\windows\\System32\\svchost.exe","EventID":13,"Domain":"NT AUTHORITY","Category":"Registry value set (rule: RegistryEvent)","Version":2,"ProcessId":"3164","@version":"1","AccountName":"SYSTEM","Details":"DWORD (0x00000000)","ProcessGuid":"{71b87c12-d259-5f84-4a00-000000000500}","host":"wec.internal.cloudapp.net","Hostname":"WORKSTATION5.theshire.local","EventReceivedTime":"2020-10-12 18:34:12","SeverityValue":2,"EventTime":"2020-10-12 18:34:09","ProviderGuid":"{5770385F-C22A-43E0-BF4C-06F5698FFBD9}","Message":"Registry value set:\r\nRuleName: -\r\nEventType: SetValue\r\nUtcTime: 2020-10-12 22:34:09.635\r\nProcessGuid: {71b87c12-d259-5f84-4a00-000000000500}\r\nProcessId: 3164\r\nImage: C:\\windows\\System32\\svchost.exe\r\nTargetObject: HKLM\\SOFTWARE\\Microsoft\\Windows\\CurrentVersion\\Diagnostics\\DiagTrack\\SettingsRequests\\utc.tracing\\SettingsParseType\r\nDetails: DWORD (0x00000000)","SourceModuleName":"eventlog","AccountType":"User"}
{"EventTypeOrignal":"INFO","RuleName":"-","@timestamp":"2020-10-12T22:34:12.616Z","port":61041,"Severity":"INFO","Task":12,"Channel":"Microsoft-Windows-Sysmon/Operational","UtcTime":"2020-10-12 22:34:09.635","UserID":"S-1-5-18","SourceModuleType":"im_msvistalog","OpcodeValue":0,"tags":["mordorDataset"],"TargetObject":"HKLM\\SOFTWARE\\Microsoft\\Windows\\CurrentVersion\\Diagnostics\\DiagTrack\\SettingsRequests\\utc.tracing","ExecutionProcessID":3312,"Opcode":"Info","RecordNumber":338473,"ThreadID":3444,"EventType":"CreateKey","SourceName":"Microsoft-Windows-Sysmon","Keywords":-9223372036854775808,"Image":"C:\\windows\\System32\\svchost.exe","EventID":12,"Domain":"NT AUTHORITY","Category":"Registry object added or deleted (rule: RegistryEvent)","Version":2,"ProcessId":"3164","@version":"1","AccountName":"SYSTEM","ProcessGuid":"{71b87c12-d259-5f84-4a00-000000000500}","host":"wec.internal.cloudapp.net","Hostname":"WORKSTATION5.theshire.local","EventReceivedTime":"2020-10-12 18:34:12","SeverityValue":2,"EventTime":"2020-10-12 18:34:09","ProviderGuid":"{5770385F-C22A-43E0-BF4C-06F5698FFBD9}","Message":"Registry object added or deleted:\r\nRuleName: -\r\nEventType: CreateKey\r\nUtcTime: 2020-10-12 22:34:09.635\r\nProcessGuid: {71b87c12-d259-5f84-4a00-000000000500}\r\nProcessId: 3164\r\nImage: C:\\windows\\System32\\svchost.exe\r\nTargetObject: HKLM\\SOFTWARE\\Microsoft\\Windows\\CurrentVersion\\Diagnostics\\DiagTrack\\SettingsRequests\\utc.tracing","SourceModuleName":"eventlog","AccountType":"User"}
{"EventTypeOrignal":"INFO","RuleName":"-","@timestamp":"2020-10-12T22:34:12.616Z","port":61041,"Severity":"INFO","Task":13,"Channel":"Microsoft-Windows-Sysmon/Operational","UtcTime":"2020-10-12 22:34:09.635","UserID":"S-1-5-18","SourceModuleType":"im_msvistalog","OpcodeValue":0,"tags":["mordorDataset"],"TargetObject":"HKLM\\SOFTWARE\\Microsoft\\Windows\\CurrentVersion\\Diagnostics\\DiagTrack\\SettingsRequests\\utc.tracing\\ETag","ExecutionProcessID":3312,"Opcode":"Info","RecordNumber":338474,"ThreadID":3444,"EventType":"SetValue","SourceName":"Microsoft-Windows-Sysmon","Keywords":-9223372036854775808,"Image":"C:\\windows\\System32\\svchost.exe","EventID":13,"Domain":"NT AUTHORITY","Category":"Registry value set (rule: RegistryEvent)","Version":2,"ProcessId":"3164","@version":"1","AccountName":"SYSTEM","Details":"\"66A2A386\"","ProcessGuid":"{71b87c12-d259-5f84-4a00-000000000500}","host":"wec.internal.cloudapp.net","Hostname":"WORKSTATION5.theshire.local","EventReceivedTime":"2020-10-12 18:34:12","SeverityValue":2,"EventTime":"2020-10-12 18:34:09","ProviderGuid":"{5770385F-C22A-43E0-BF4C-06F5698FFBD9}","Message":"Registry value set:\r\nRuleName: -\r\nEventType: SetValue\r\nUtcTime: 2020-10-12 22:34:09.635\r\nProcessGuid: {71b87c12-d259-5f84-4a00-000000000500}\r\nProcessId: 3164\r\nImage: C:\\windows\\System32\\svchost.exe\r\nTargetObject: HKLM\\SOFTWARE\\Microsoft\\Windows\\CurrentVersion\\Diagnostics\\DiagTrack\\SettingsRequests\\utc.tracing\\ETag\r\nDetails: \"66A2A386\"","SourceModuleName":"eventlog","AccountType":"User"}
{"EventTypeOrignal":"INFO","RuleName":"-","@timestamp":"2020-10-12T22:34:12.617Z","port":61041,"Severity":"INFO","Task":12,"Channel":"Microsoft-Windows-Sysmon/Operational","UtcTime":"2020-10-12 22:34:09.635","UserID":"S-1-5-18","SourceModuleType":"im_msvistalog","OpcodeValue":0,"tags":["mordorDataset"],"TargetObject":"HKLM\\SOFTWARE\\Microsoft\\Windows\\CurrentVersion\\Diagnostics\\DiagTrack\\SettingsRequests\\utc.tracing","ExecutionProcessID":3312,"Opcode":"Info","RecordNumber":338475,"ThreadID":3444,"EventType":"CreateKey","SourceName":"Microsoft-Windows-Sysmon","Keywords":-9223372036854775808,"Image":"C:\\windows\\System32\\svchost.exe","EventID":12,"Domain":"NT AUTHORITY","Category":"Registry object added or deleted (rule: RegistryEvent)","Version":2,"ProcessId":"3164","@version":"1","AccountName":"SYSTEM","ProcessGuid":"{71b87c12-d259-5f84-4a00-000000000500}","host":"wec.internal.cloudapp.net","Hostname":"WORKSTATION5.theshire.local","EventReceivedTime":"2020-10-12 18:34:12","SeverityValue":2,"EventTime":"2020-10-12 18:34:09","ProviderGuid":"{5770385F-C22A-43E0-BF4C-06F5698FFBD9}","Message":"Registry object added or deleted:\r\nRuleName: -\r\nEventType: CreateKey\r\nUtcTime: 2020-10-12 22:34:09.635\r\nProcessGuid: {71b87c12-d259-5f84-4a00-000000000500}\r\nProcessId: 3164\r\nImage: C:\\windows\\System32\\svchost.exe\r\nTargetObject: HKLM\\SOFTWARE\\Microsoft\\Windows\\CurrentVersion\\Diagnostics\\DiagTrack\\SettingsRequests\\utc.tracing","SourceModuleName":"eventlog","AccountType":"User"}
{"EventTypeOrignal":"INFO","RuleName":"-","@timestamp":"2020-10-12T22:34:12.617Z","port":61041,"Severity":"INFO","Task":13,"Channel":"Microsoft-Windows-Sysmon/Operational","UtcTime":"2020-10-12 22:34:09.635","UserID":"S-1-5-18","SourceModuleType":"im_msvistalog","OpcodeValue":0,"tags":["mordorDataset"],"TargetObject":"HKLM\\SOFTWARE\\Microsoft\\Windows\\CurrentVersion\\Diagnostics\\DiagTrack\\SettingsRequests\\utc.tracing\\ETagQueryParameters","ExecutionProcessID":3312,"Opcode":"Info","RecordNumber":338476,"ThreadID":3444,"SourceName":"Microsoft-Windows-Sysmon","Keywords":-9223372036854775808,"Image":"C:\\windows\\System32\\svchost.exe","EventID":13,"Domain":"NT AUTHORITY","Category":"Registry value set (rule: RegistryEvent)","Version":2,"@version":"1","AccountName":"SYSTEM","Details":"?IsRetailOS=1&amp;expId=FX%%3A1190030E&amp;sku=48&amp;OEMModel=Virtual%%20Machine&amp;AttrDataVer=108&amp;ProcessorModel=Intel%%28R%%29%%20Xeon%%28R%%29%%20Platinum%%208171M%%20CPU%%20%%40%%202.60GHz&amp;FlightingBranchName=&amp;TotalPhysicalRAM=4096&amp;PrimaryDiskType=4294967295&amp;deviceClass=Windows.Desktop&amp;sampleId=37983615&amp;App=utc&amp;OEMName_Uncleaned=Microsoft%%20Corporation&amp;AppVer=10.0.18362.1082&amp;locale=en-US&amp;ms=0&amp;osVer=10.0.18363.1082.amd64fre.19h1_release.190318-1202&amp;deviceId=s%%3AA3D146FC-9EA0-4C2C-9A74-C1C091DD78B2&amp;os=windows&amp;ring=Retail","ProcessGuid":"{71b87c12-d259-5f84-4a00-000000000500}","host":"wec.internal.cloudapp.net","Hostname":"WORKSTATION5.theshire.local","EventReceivedTime":"2020-10-12 18:34:12","SeverityValue":2,"EventTime":"2020-10-12 18:34:09","ProviderGuid":"{5770385F-C22A-43E0-BF4C-06F5698FFBD9}","SourceModuleName":"eventlog","AccountType":"User"}
{"EventTypeOrignal":"INFO","RuleName":"-","@timestamp":"2020-10-12T22:34:12.618Z","port":61041,"Severity":"INFO","Task":12,"Channel":"Microsoft-Windows-Sysmon/Operational","UtcTime":"2020-10-12 22:34:09.635","UserID":"S-1-5-18","SourceModuleType":"im_msvistalog","OpcodeValue":0,"tags":["mordorDataset"],"TargetObject":"HKLM\\SOFTWARE\\Microsoft\\Windows\\CurrentVersion\\Diagnostics\\DiagTrack\\SettingsRequests\\utc.tracing","ExecutionProcessID":3312,"Opcode":"Info","RecordNumber":338477,"ThreadID":3444,"EventType":"CreateKey","SourceName":"Microsoft-Windows-Sysmon","Keywords":-9223372036854775808,"Image":"C:\\windows\\System32\\svchost.exe","EventID":12,"Domain":"NT AUTHORITY","Category":"Registry object added or deleted (rule: RegistryEvent)","Version":2,"ProcessId":"3164","@version":"1","AccountName":"SYSTEM","ProcessGuid":"{71b87c12-d259-5f84-4a00-000000000500}","host":"wec.internal.cloudapp.net","Hostname":"WORKSTATION5.theshire.local","EventReceivedTime":"2020-10-12 18:34:12","SeverityValue":2,"EventTime":"2020-10-12 18:34:09","ProviderGuid":"{5770385F-C22A-43E0-BF4C-06F5698FFBD9}","Message":"Registry object added or deleted:\r\nRuleName: -\r\nEventType: CreateKey\r\nUtcTime: 2020-10-12 22:34:09.635\r\nProcessGuid: {71b87c12-d259-5f84-4a00-000000000500}\r\nProcessId: 3164\r\nImage: C:\\windows\\System32\\svchost.exe\r\nTargetObject: HKLM\\SOFTWARE\\Microsoft\\Windows\\CurrentVersion\\Diagnostics\\DiagTrack\\SettingsRequests\\utc.tracing","SourceModuleName":"eventlog","AccountType":"User"}
{"EventTypeOrignal":"INFO","RuleName":"-","@timestamp":"2020-10-12T22:34:12.618Z","port":61041,"Severity":"INFO","Task":13,"Channel":"Microsoft-Windows-Sysmon/Operational","UtcTime":"2020-10-12 22:34:09.635","UserID":"S-1-5-18","SourceModuleType":"im_msvistalog","OpcodeValue":0,"tags":["mordorDataset"],"TargetObject":"HKLM\\SOFTWARE\\Microsoft\\Windows\\CurrentVersion\\Diagnostics\\DiagTrack\\SettingsRequests\\utc.tracing\\RefreshInterval","ExecutionProcessID":3312,"Opcode":"Info","RecordNumber":338478,"ThreadID":3444,"EventType":"SetValue","SourceName":"Microsoft-Windows-Sysmon","Keywords":-9223372036854775808,"Image":"C:\\windows\\System32\\svchost.exe","EventID":13,"Domain":"NT AUTHORITY","Category":"Registry value set (rule: RegistryEvent)","Version":2,"ProcessId":"3164","@version":"1","AccountName":"SYSTEM","Details":"DWORD (0x0000003c)","ProcessGuid":"{71b87c12-d259-5f84-4a00-000000000500}","host":"wec.internal.cloudapp.net","Hostname":"WORKSTATION5.theshire.local","EventReceivedTime":"2020-10-12 18:34:12","SeverityValue":2,"EventTime":"2020-10-12 18:34:09","ProviderGuid":"{5770385F-C22A-43E0-BF4C-06F5698FFBD9}","Message":"Registry value set:\r\nRuleName: -\r\nEventType: SetValue\r\nUtcTime: 2020-10-12 22:34:09.635\r\nProcessGuid: {71b87c12-d259-5f84-4a00-000000000500}\r\nProcessId: 3164\r\nImage: C:\\windows\\System32\\svchost.exe\r\nTargetObject: HKLM\\SOFTWARE\\Microsoft\\Windows\\CurrentVersion\\Diagnostics\\DiagTrack\\SettingsRequests\\utc.tracing\\RefreshInterval\r\nDetails: DWORD (0x0000003c)","SourceModuleName":"eventlog","AccountType":"User"}
{"EventTypeOrignal":"INFO","RuleName":"-","@timestamp":"2020-10-12T22:34:12.619Z","port":61041,"Severity":"INFO","Task":12,"Channel":"Microsoft-Windows-Sysmon/Operational","UtcTime":"2020-10-12 22:34:09.635","UserID":"S-1-5-18","SourceModuleType":"im_msvistalog","OpcodeValue":0,"tags":["mordorDataset"],"TargetObject":"HKLM\\SOFTWARE\\Microsoft\\Windows\\CurrentVersion\\Diagnostics\\DiagTrack\\SettingsRequests\\utc.tracing","ExecutionProcessID":3312,"Opcode":"Info","RecordNumber":338479,"ThreadID":3444,"EventType":"CreateKey","SourceName":"Microsoft-Windows-Sysmon","Keywords":-9223372036854775808,"Image":"C:\\windows\\System32\\svchost.exe","EventID":12,"Domain":"NT AUTHORITY","Category":"Registry object added or deleted (rule: RegistryEvent)","Version":2,"ProcessId":"3164","@version":"1","AccountName":"SYSTEM","ProcessGuid":"{71b87c12-d259-5f84-4a00-000000000500}","host":"wec.internal.cloudapp.net","Hostname":"WORKSTATION5.theshire.local","EventReceivedTime":"2020-10-12 18:34:12","SeverityValue":2,"EventTime":"2020-10-12 18:34:09","ProviderGuid":"{5770385F-C22A-43E0-BF4C-06F5698FFBD9}","Message":"Registry object added or deleted:\r\nRuleName: -\r\nEventType: CreateKey\r\nUtcTime: 2020-10-12 22:34:09.635\r\nProcessGuid: {71b87c12-d259-5f84-4a00-000000000500}\r\nProcessId: 3164\r\nImage: C:\\windows\\System32\\svchost.exe\r\nTargetObject: HKLM\\SOFTWARE\\Microsoft\\Windows\\CurrentVersion\\Diagnostics\\DiagTrack\\SettingsRequests\\utc.tracing","SourceModuleName":"eventlog","AccountType":"User"}
{"EventTypeOrignal":"INFO","RuleName":"-","@timestamp":"2020-10-12T22:34:12.619Z","port":61041,"Severity":"INFO","Task":13,"Channel":"Microsoft-Windows-Sysmon/Operational","UtcTime":"2020-10-12 22:34:09.635","UserID":"S-1-5-18","SourceModuleType":"im_msvistalog","OpcodeValue":0,"tags":["mordorDataset"],"TargetObject":"HKLM\\SOFTWARE\\Microsoft\\Windows\\CurrentVersion\\Diagnostics\\DiagTrack\\SettingsRequests\\utc.tracing\\LastDownloadTime","ExecutionProcessID":3312,"Opcode":"Info","RecordNumber":338480,"ThreadID":3444,"EventType":"SetValue","SourceName":"Microsoft-Windows-Sysmon","Keywords":-9223372036854775808,"Image":"C:\\windows\\System32\\svchost.exe","EventID":13,"Domain":"NT AUTHORITY","Category":"Registry value set (rule: RegistryEvent)","Version":2,"ProcessId":"3164","@version":"1","AccountName":"SYSTEM","Details":"QWORD (0x01d6a0e7-0xccb1a050)","ProcessGuid":"{71b87c12-d259-5f84-4a00-000000000500}","host":"wec.internal.cloudapp.net","Hostname":"WORKSTATION5.theshire.local","EventReceivedTime":"2020-10-12 18:34:12","SeverityValue":2,"EventTime":"2020-10-12 18:34:09","ProviderGuid":"{5770385F-C22A-43E0-BF4C-06F5698FFBD9}","Message":"Registry value set:\r\nRuleName: -\r\nEventType: SetValue\r\nUtcTime: 2020-10-12 22:34:09.635\r\nProcessGuid: {71b87c12-d259-5f84-4a00-000000000500}\r\nProcessId: 3164\r\nImage: C:\\windows\\System32\\svchost.exe\r\nTargetObject: HKLM\\SOFTWARE\\Microsoft\\Windows\\CurrentVersion\\Diagnostics\\DiagTrack\\SettingsRequests\\utc.tracing\\LastDownloadTime\r\nDetails: QWORD (0x01d6a0e7-0xccb1a050)","SourceModuleName":"eventlog","AccountType":"User"}
{"EventTypeOrignal":"INFO","RuleName":"-","@timestamp":"2020-10-12T22:34:12.620Z","port":61041,"Severity":"INFO","Task":12,"Channel":"Microsoft-Windows-Sysmon/Operational","UtcTime":"2020-10-12 22:34:09.635","UserID":"S-1-5-18","SourceModuleType":"im_msvistalog","OpcodeValue":0,"tags":["mordorDataset"],"TargetObject":"HKLM\\SOFTWARE\\Microsoft\\Windows\\CurrentVersion\\Diagnostics\\DiagTrack\\SettingsRequests\\utc.tracing","ExecutionProcessID":3312,"Opcode":"Info","RecordNumber":338481,"ThreadID":3444,"EventType":"CreateKey","SourceName":"Microsoft-Windows-Sysmon","Keywords":-9223372036854775808,"Image":"C:\\windows\\System32\\svchost.exe","EventID":12,"Domain":"NT AUTHORITY","Category":"Registry object added or deleted (rule: RegistryEvent)","Version":2,"ProcessId":"3164","@version":"1","AccountName":"SYSTEM","ProcessGuid":"{71b87c12-d259-5f84-4a00-000000000500}","host":"wec.internal.cloudapp.net","Hostname":"WORKSTATION5.theshire.local","EventReceivedTime":"2020-10-12 18:34:12","SeverityValue":2,"EventTime":"2020-10-12 18:34:09","ProviderGuid":"{5770385F-C22A-43E0-BF4C-06F5698FFBD9}","Message":"Registry object added or deleted:\r\nRuleName: -\r\nEventType: CreateKey\r\nUtcTime: 2020-10-12 22:34:09.635\r\nProcessGuid: {71b87c12-d259-5f84-4a00-000000000500}\r\nProcessId: 3164\r\nImage: C:\\windows\\System32\\svchost.exe\r\nTargetObject: HKLM\\SOFTWARE\\Microsoft\\Windows\\CurrentVersion\\Diagnostics\\DiagTrack\\SettingsRequests\\utc.tracing","SourceModuleName":"eventlog","AccountType":"User"}
{"EventTypeOrignal":"INFO","RuleName":"-","@timestamp":"2020-10-12T22:34:12.620Z","port":61041,"Severity":"INFO","Task":13,"Channel":"Microsoft-Windows-Sysmon/Operational","UtcTime":"2020-10-12 22:34:09.635","UserID":"S-1-5-18","SourceModuleType":"im_msvistalog","OpcodeValue":0,"tags":["mordorDataset"],"TargetObject":"HKLM\\SOFTWARE\\Microsoft\\Windows\\CurrentVersion\\Diagnostics\\DiagTrack\\SettingsRequests\\utc.tracing\\DownloadScheduled","ExecutionProcessID":3312,"Opcode":"Info","RecordNumber":338482,"ThreadID":3444,"EventType":"SetValue","SourceName":"Microsoft-Windows-Sysmon","Keywords":-9223372036854775808,"Image":"C:\\windows\\System32\\svchost.exe","EventID":13,"Domain":"NT AUTHORITY","Category":"Registry value set (rule: RegistryEvent)","Version":2,"ProcessId":"3164","@version":"1","AccountName":"SYSTEM","Details":"DWORD (0x00000000)","ProcessGuid":"{71b87c12-d259-5f84-4a00-000000000500}","host":"wec.internal.cloudapp.net","Hostname":"WORKSTATION5.theshire.local","EventReceivedTime":"2020-10-12 18:34:12","SeverityValue":2,"EventTime":"2020-10-12 18:34:09","ProviderGuid":"{5770385F-C22A-43E0-BF4C-06F5698FFBD9}","Message":"Registry value set:\r\nRuleName: -\r\nEventType: SetValue\r\nUtcTime: 2020-10-12 22:34:09.635\r\nProcessGuid: {71b87c12-d259-5f84-4a00-000000000500}\r\nProcessId: 3164\r\nImage: C:\\windows\\System32\\svchost.exe\r\nTargetObject: HKLM\\SOFTWARE\\Microsoft\\Windows\\CurrentVersion\\Diagnostics\\DiagTrack\\SettingsRequests\\utc.tracing\\DownloadScheduled\r\nDetails: DWORD (0x00000000)","SourceModuleName":"eventlog","AccountType":"User"}
{"EventTypeOrignal":"INFO","RuleName":"-","@timestamp":"2020-10-12T22:34:12.621Z","port":61041,"Severity":"INFO","Task":12,"Channel":"Microsoft-Windows-Sysmon/Operational","UtcTime":"2020-10-12 22:34:09.635","UserID":"S-1-5-18","SourceModuleType":"im_msvistalog","OpcodeValue":0,"tags":["mordorDataset"],"TargetObject":"HKLM\\SOFTWARE\\Microsoft\\Windows\\CurrentVersion\\Diagnostics\\DiagTrack\\SettingsRequests\\utc.tracing","ExecutionProcessID":3312,"Opcode":"Info","RecordNumber":338483,"ThreadID":3444,"EventType":"CreateKey","SourceName":"Microsoft-Windows-Sysmon","Keywords":-9223372036854775808,"Image":"C:\\windows\\System32\\svchost.exe","EventID":12,"Domain":"NT AUTHORITY","Category":"Registry object added or deleted (rule: RegistryEvent)","Version":2,"ProcessId":"3164","@version":"1","AccountName":"SYSTEM","ProcessGuid":"{71b87c12-d259-5f84-4a00-000000000500}","host":"wec.internal.cloudapp.net","Hostname":"WORKSTATION5.theshire.local","EventReceivedTime":"2020-10-12 18:34:12","SeverityValue":2,"EventTime":"2020-10-12 18:34:09","ProviderGuid":"{5770385F-C22A-43E0-BF4C-06F5698FFBD9}","Message":"Registry object added or deleted:\r\nRuleName: -\r\nEventType: CreateKey\r\nUtcTime: 2020-10-12 22:34:09.635\r\nProcessGuid: {71b87c12-d259-5f84-4a00-000000000500}\r\nProcessId: 3164\r\nImage: C:\\windows\\System32\\svchost.exe\r\nTargetObject: HKLM\\SOFTWARE\\Microsoft\\Windows\\CurrentVersion\\Diagnostics\\DiagTrack\\SettingsRequests\\utc.tracing","SourceModuleName":"eventlog","AccountType":"User"}
{"EventTypeOrignal":"INFO","RuleName":"-","@timestamp":"2020-10-12T22:34:12.621Z","port":61041,"Severity":"INFO","Task":13,"Channel":"Microsoft-Windows-Sysmon/Operational","UtcTime":"2020-10-12 22:34:09.635","UserID":"S-1-5-18","SourceModuleType":"im_msvistalog","OpcodeValue":0,"tags":["mordorDataset"],"TargetObject":"HKLM\\SOFTWARE\\Microsoft\\Windows\\CurrentVersion\\Diagnostics\\DiagTrack\\SettingsRequests\\utc.tracing\\OverrideDownloadPolicies","ExecutionProcessID":3312,"Opcode":"Info","RecordNumber":338484,"ThreadID":3444,"EventType":"SetValue","SourceName":"Microsoft-Windows-Sysmon","Keywords":-9223372036854775808,"Image":"C:\\windows\\System32\\svchost.exe","EventID":13,"Domain":"NT AUTHORITY","Category":"Registry value set (rule: RegistryEvent)","Version":2,"ProcessId":"3164","@version":"1","AccountName":"SYSTEM","Details":"DWORD (0x00000000)","ProcessGuid":"{71b87c12-d259-5f84-4a00-000000000500}","host":"wec.internal.cloudapp.net","Hostname":"WORKSTATION5.theshire.local","EventReceivedTime":"2020-10-12 18:34:12","SeverityValue":2,"EventTime":"2020-10-12 18:34:09","ProviderGuid":"{5770385F-C22A-43E0-BF4C-06F5698FFBD9}","Message":"Registry value set:\r\nRuleName: -\r\nEventType: SetValue\r\nUtcTime: 2020-10-12 22:34:09.635\r\nProcessGuid: {71b87c12-d259-5f84-4a00-000000000500}\r\nProcessId: 3164\r\nImage: C:\\windows\\System32\\svchost.exe\r\nTargetObject: HKLM\\SOFTWARE\\Microsoft\\Windows\\CurrentVersion\\Diagnostics\\DiagTrack\\SettingsRequests\\utc.tracing\\OverrideDownloadPolicies\r\nDetails: DWORD (0x00000000)","SourceModuleName":"eventlog","AccountType":"User"}
{"EventTypeOrignal":"INFO","RuleName":"-","@timestamp":"2020-10-12T22:34:12.622Z","port":61041,"Severity":"INFO","Task":12,"Channel":"Microsoft-Windows-Sysmon/Operational","UtcTime":"2020-10-12 22:34:09.635","UserID":"S-1-5-18","SourceModuleType":"im_msvistalog","OpcodeValue":0,"tags":["mordorDataset"],"TargetObject":"HKLM\\SOFTWARE\\Microsoft\\Windows\\CurrentVersion\\Diagnostics\\DiagTrack\\SettingsRequests\\utc.tracing","ExecutionProcessID":3312,"Opcode":"Info","RecordNumber":338485,"ThreadID":3444,"EventType":"CreateKey","SourceName":"Microsoft-Windows-Sysmon","Keywords":-9223372036854775808,"Image":"C:\\windows\\System32\\svchost.exe","EventID":12,"Domain":"NT AUTHORITY","Category":"Registry object added or deleted (rule: RegistryEvent)","Version":2,"ProcessId":"3164","@version":"1","AccountName":"SYSTEM","ProcessGuid":"{71b87c12-d259-5f84-4a00-000000000500}","host":"wec.internal.cloudapp.net","Hostname":"WORKSTATION5.theshire.local","EventReceivedTime":"2020-10-12 18:34:12","SeverityValue":2,"EventTime":"2020-10-12 18:34:09","ProviderGuid":"{5770385F-C22A-43E0-BF4C-06F5698FFBD9}","Message":"Registry object added or deleted:\r\nRuleName: -\r\nEventType: CreateKey\r\nUtcTime: 2020-10-12 22:34:09.635\r\nProcessGuid: {71b87c12-d259-5f84-4a00-000000000500}\r\nProcessId: 3164\r\nImage: C:\\windows\\System32\\svchost.exe\r\nTargetObject: HKLM\\SOFTWARE\\Microsoft\\Windows\\CurrentVersion\\Diagnostics\\DiagTrack\\SettingsRequests\\utc.tracing","SourceModuleName":"eventlog","AccountType":"User"}
{"EventTypeOrignal":"INFO","RuleName":"-","@timestamp":"2020-10-12T22:34:12.622Z","port":61041,"Severity":"INFO","Task":13,"Channel":"Microsoft-Windows-Sysmon/Operational","UtcTime":"2020-10-12 22:34:09.635","UserID":"S-1-5-18","SourceModuleType":"im_msvistalog","OpcodeValue":0,"tags":["mordorDataset"],"TargetObject":"HKLM\\SOFTWARE\\Microsoft\\Windows\\CurrentVersion\\Diagnostics\\DiagTrack\\SettingsRequests\\utc.tracing\\LastFileWrittenPath","ExecutionProcessID":3312,"Opcode":"Info","RecordNumber":338486,"ThreadID":3444,"EventType":"SetValue","SourceName":"Microsoft-Windows-Sysmon","Keywords":-9223372036854775808,"Image":"C:\\windows\\System32\\svchost.exe","EventID":13,"Domain":"NT AUTHORITY","Category":"Registry value set (rule: RegistryEvent)","Version":2,"ProcessId":"3164","@version":"1","AccountName":"SYSTEM","Details":"C:\\ProgramData\\Microsoft\\Diagnosis\\DownloadedSettings\\utc.tracing.json","ProcessGuid":"{71b87c12-d259-5f84-4a00-000000000500}","host":"wec.internal.cloudapp.net","Hostname":"WORKSTATION5.theshire.local","EventReceivedTime":"2020-10-12 18:34:12","SeverityValue":2,"EventTime":"2020-10-12 18:34:09","ProviderGuid":"{5770385F-C22A-43E0-BF4C-06F5698FFBD9}","Message":"Registry value set:\r\nRuleName: -\r\nEventType: SetValue\r\nUtcTime: 2020-10-12 22:34:09.635\r\nProcessGuid: {71b87c12-d259-5f84-4a00-000000000500}\r\nProcessId: 3164\r\nImage: C:\\windows\\System32\\svchost.exe\r\nTargetObject: HKLM\\SOFTWARE\\Microsoft\\Windows\\CurrentVersion\\Diagnostics\\DiagTrack\\SettingsRequests\\utc.tracing\\LastFileWrittenPath\r\nDetails: C:\\ProgramData\\Microsoft\\Diagnosis\\DownloadedSettings\\utc.tracing.json","SourceModuleName":"eventlog","AccountType":"User"}
{"EventTypeOrignal":"INFO","RuleName":"-","@timestamp":"2020-10-12T22:34:12.623Z","port":61041,"Severity":"INFO","Task":12,"Channel":"Microsoft-Windows-Sysmon/Operational","UtcTime":"2020-10-12 22:34:09.635","UserID":"S-1-5-18","SourceModuleType":"im_msvistalog","OpcodeValue":0,"tags":["mordorDataset"],"TargetObject":"HKLM\\SOFTWARE\\Microsoft\\Windows\\CurrentVersion\\Diagnostics\\DiagTrack\\SettingsRequests\\utc.tracing","ExecutionProcessID":3312,"Opcode":"Info","RecordNumber":338487,"ThreadID":3444,"EventType":"CreateKey","SourceName":"Microsoft-Windows-Sysmon","Keywords":-9223372036854775808,"Image":"C:\\windows\\System32\\svchost.exe","EventID":12,"Domain":"NT AUTHORITY","Category":"Registry object added or deleted (rule: RegistryEvent)","Version":2,"ProcessId":"3164","@version":"1","AccountName":"SYSTEM","ProcessGuid":"{71b87c12-d259-5f84-4a00-000000000500}","host":"wec.internal.cloudapp.net","Hostname":"WORKSTATION5.theshire.local","EventReceivedTime":"2020-10-12 18:34:12","SeverityValue":2,"EventTime":"2020-10-12 18:34:09","ProviderGuid":"{5770385F-C22A-43E0-BF4C-06F5698FFBD9}","Message":"Registry object added or deleted:\r\nRuleName: -\r\nEventType: CreateKey\r\nUtcTime: 2020-10-12 22:34:09.635\r\nProcessGuid: {71b87c12-d259-5f84-4a00-000000000500}\r\nProcessId: 3164\r\nImage: C:\\windows\\System32\\svchost.exe\r\nTargetObject: HKLM\\SOFTWARE\\Microsoft\\Windows\\CurrentVersion\\Diagnostics\\DiagTrack\\SettingsRequests\\utc.tracing","SourceModuleName":"eventlog","AccountType":"User"}
{"EventTypeOrignal":"INFO","RuleName":"-","@timestamp":"2020-10-12T22:34:12.623Z","port":61041,"Severity":"INFO","Task":13,"Channel":"Microsoft-Windows-Sysmon/Operational","UtcTime":"2020-10-12 22:34:09.635","UserID":"S-1-5-18","SourceModuleType":"im_msvistalog","OpcodeValue":0,"tags":["mordorDataset"],"TargetObject":"HKLM\\SOFTWARE\\Microsoft\\Windows\\CurrentVersion\\Diagnostics\\DiagTrack\\SettingsRequests\\utc.tracing\\LastFileWrittenTime","ExecutionProcessID":3312,"Opcode":"Info","RecordNumber":338488,"ThreadID":3444,"EventType":"SetValue","SourceName":"Microsoft-Windows-Sysmon","Keywords":-9223372036854775808,"Image":"C:\\windows\\System32\\svchost.exe","EventID":13,"Domain":"NT AUTHORITY","Category":"Registry value set (rule: RegistryEvent)","Version":2,"ProcessId":"3164","@version":"1","AccountName":"SYSTEM","Details":"QWORD (0x01d6a0df-0x275af539)","ProcessGuid":"{71b87c12-d259-5f84-4a00-000000000500}","host":"wec.internal.cloudapp.net","Hostname":"WORKSTATION5.theshire.local","EventReceivedTime":"2020-10-12 18:34:12","SeverityValue":2,"EventTime":"2020-10-12 18:34:09","ProviderGuid":"{5770385F-C22A-43E0-BF4C-06F5698FFBD9}","Message":"Registry value set:\r\nRuleName: -\r\nEventType: SetValue\r\nUtcTime: 2020-10-12 22:34:09.635\r\nProcessGuid: {71b87c12-d259-5f84-4a00-000000000500}\r\nProcessId: 3164\r\nImage: C:\\windows\\System32\\svchost.exe\r\nTargetObject: HKLM\\SOFTWARE\\Microsoft\\Windows\\CurrentVersion\\Diagnostics\\DiagTrack\\SettingsRequests\\utc.tracing\\LastFileWrittenTime\r\nDetails: QWORD (0x01d6a0df-0x275af539)","SourceModuleName":"eventlog","AccountType":"User"}
