{"@timestamp":"2020-10-12T22:33:15.152Z","port":61041,"Severity":"INFO","Task":12810,"Channel":"Security","tags":["mordorDataset"],"LayerName":"%%14611","SourceModuleType":"im_msvistalog","OpcodeValue":0,"Application":"\\device\\harddiskvolume2\\windows\\system32\\dfsrs.exe","EventType":"AUDIT_SUCCESS","ExecutionProcessID":4,"Opcode":"Info","RecordNumber":202250,"ThreadID":1456,"FilterRTID":"65853","SourceName":"Microsoft-Windows-Security-Auditing","DestPort":"389","LayerRTID":"50","Keywords":-9214364837600034816,"EventID":5156,"Category":"Filtering Platform Connection","ProcessId":"3660","Version":1,"@version":"1","Direction":"%%14593","DestAddress":"fe80::74bc:2942:9832:aa63","RemoteUserID":"S-1-0-0","host":"wec.internal.cloudapp.net","Hostname":"MORDORDC.theshire.local","SourcePort":"61031","RemoteMachineID":"S-1-0-0","EventReceivedTime":"2020-10-12 18:33:15","SeverityValue":2,"EventTime":"2020-10-12 18:33:13","ProviderGuid":"{54849625-5478-4994-A5BA-3E3B0328C30D}","Message":"The Windows Filtering Platform has permitted a connection.\r\n\r\nApplication Information:\r\n\tProcess ID:\t\t3660\r\n\tApplication Name:\t\\device\\harddiskvolume2\\windows\\system32\\dfsrs.exe\r\n\r\nNetwork Information:\r\n\tDirection:\t\tOutbound\r\n\tSource Address:\t\tfe80::74bc:2942:9832:aa63\r\n\tSource Port:\t\t61031\r\n\tDestination Address:\tfe80::74bc:2942:9832:aa63\r\n\tDestination Port:\t\t389\r\n\tProtocol:\t\t6\r\n\r\nFilter Information:\r\n\tFilter Run-Time ID:\t65853\r\n\tLayer Name:\t\tConnect\r\n\tLayer Run-Time ID:\t50","SourceAddress":"fe80::74bc:2942:9832:aa63","SourceModuleName":"eventlog","Protocol":"6"}
{"EventTypeOrignal":"INFO","RuleName":"-","@timestamp":"2020-10-12T22:33:15.153Z","port":61041,"Severity":"INFO","Task":12,"Channel":"Microsoft-Windows-Sysmon/Operational","UtcTime":"2020-10-12 22:33:13.351","UserID":"S-1-5-18","SourceModuleType":"im_msvistalog","OpcodeValue":0,"tags":["mordorDataset"],"TargetObject":"HKLM\\System\\CurrentControlSet\\Services\\Tcpip\\Parameters","ExecutionProcessID":3984,"Opcode":"Info","RecordNumber":243327,"ThreadID":4300,"EventType":"CreateKey","SourceName":"Microsoft-Windows-Sysmon","Keywords":-9223372036854775808,"Image":"C:\\windows\\system32\\lsass.exe","EventID":12,"Domain":"NT AUTHORITY","Category":"Registry object added or deleted (rule: RegistryEvent)","Version":2,"ProcessId":"708","@version":"1","AccountName":"SYSTEM","ProcessGuid":"{029f9482-bf9e-5f84-0c00-000000000400}","host":"wec.internal.cloudapp.net","Hostname":"MORDORDC.theshire.local","EventReceivedTime":"2020-10-12 18:33:15","SeverityValue":2,"EventTime":"2020-10-12 18:33:13","ProviderGuid":"{5770385F-C22A-43E0-BF4C-06F5698FFBD9}","Message":"Registry object added or deleted:\r\nRuleName: -\r\nEventType: CreateKey\r\nUtcTime: 2020-10-12 22:33:13.351\r\nProcessGuid: {029f9482-bf9e-5f84-0c00-000000000400}\r\nProcessId: 708\r\nImage: C:\\windows\\system32\\lsass.exe\r\nTargetObject: HKLM\\System\\CurrentControlSet\\Services\\Tcpip\\Parameters","SourceModuleName":"eventlog","AccountType":"User"}
{"@timestamp":"2020-10-12T22:33:15.153Z","port":61041,"Severity":"INFO","Task":12810,"Channel":"Security","tags":["mordorDataset"],"LayerName":"%%14610","SourceModuleType":"im_msvistalog","OpcodeValue":0,"Application":"\\device\\harddiskvolume2\\windows\\system32\\lsass.exe","EventType":"AUDIT_SUCCESS","ExecutionProcessID":4,"Opcode":"Info","RecordNumber":202251,"ThreadID":1456,"FilterRTID":"65851","SourceName":"Microsoft-Windows-Security-Auditing","DestPort":"389","LayerRTID":"46","Keywords":-9214364837600034816,"EventID":5156,"Category":"Filtering Platform Connection","ProcessId":"708","Version":1,"@version":"1","Direction":"%%14592","DestAddress":"fe80::74bc:2942:9832:aa63","RemoteUserID":"S-1-0-0","host":"wec.internal.cloudapp.net","Hostname":"MORDORDC.theshire.local","SourcePort":"61031","RemoteMachineID":"S-1-0-0","EventReceivedTime":"2020-10-12 18:33:15","SeverityValue":2,"EventTime":"2020-10-12 18:33:13","ProviderGuid":"{54849625-5478-4994-A5BA-3E3B0328C30D}","Message":"The Windows Filtering Platform has permitted a connection.\r\n\r\nApplication Information:\r\n\tProcess ID:\t\t708\r\n\tApplication Name:\t\\device\\harddiskvolume2\\windows\\system32\\lsass.exe\r\n\r\nNetwork Information:\r\n\tDirection:\t\tInbound\r\n\tSource Address:\t\tfe80::74bc:2942:9832:aa63\r\n\tSource Port:\t\t61031\r\n\tDestination Address:\tfe80::74bc:2942:9832:aa63\r\n\tDestination Port:\t\t389\r\n\tProtocol:\t\t6\r\n\r\nFilter Information:\r\n\tFilter Run-Time ID:\t65851\r\n\tLayer Name:\t\tReceive/Accept\r\n\tLayer Run-Time ID:\t46","SourceAddress":"fe80::74bc:2942:9832:aa63","SourceModuleName":"eventlog","Protocol":"6"}
{"UtcTime":"2020-10-12 22:33:13.366","RuleName":"-","@timestamp":"2020-10-12T22:33:15.154Z","port":61041,"Severity":"INFO","Task":11,"Channel":"Microsoft-Windows-Sysmon/Operational","tags":["mordorDataset"],"UserID":"S-1-5-18","SourceModuleType":"im_msvistalog","OpcodeValue":0,"EventType":"INFO","ExecutionProcessID":3984,"Opcode":"Info","RecordNumber":243328,"ThreadID":4300,"SourceName":"Microsoft-Windows-Sysmon","TargetFilename":"C:\\System Volume Information\\DFSR\\Config\\Replica_97D9634C-611C-418C-B807-83070FC7A0CA.XML.TMP","Keywords":-9223372036854775808,"Image":"C:\\windows\\system32\\DFSRs.exe","EventID":11,"Domain":"NT AUTHORITY","Category":"File created (rule: FileCreate)","Version":2,"ProcessId":"3660","@version":"1","AccountName":"SYSTEM","CreationUtcTime":"2020-10-12 22:33:13.366","ProcessGuid":"{029f9482-bfb1-5f84-5100-000000000400}","host":"wec.internal.cloudapp.net","Hostname":"MORDORDC.theshire.local","EventReceivedTime":"2020-10-12 18:33:15","SeverityValue":2,"EventTime":"2020-10-12 18:33:13","ProviderGuid":"{5770385F-C22A-43E0-BF4C-06F5698FFBD9}","Message":"File created:\r\nRuleName: -\r\nUtcTime: 2020-10-12 22:33:13.366\r\nProcessGuid: {029f9482-bfb1-5f84-5100-000000000400}\r\nProcessId: 3660\r\nImage: C:\\windows\\system32\\DFSRs.exe\r\nTargetFilename: C:\\System Volume Information\\DFSR\\Config\\Replica_97D9634C-611C-418C-B807-83070FC7A0CA.XML.TMP\r\nCreationUtcTime: 2020-10-12 22:33:13.366","SourceModuleName":"eventlog","AccountType":"User"}
{"@timestamp":"2020-10-12T22:33:15.154Z","port":61041,"Severity":"INFO","Task":12548,"Channel":"Security","tags":["mordorDataset"],"SourceModuleType":"im_msvistalog","OpcodeValue":0,"EventType":"AUDIT_SUCCESS","ExecutionProcessID":708,"Opcode":"Info","RecordNumber":202252,"ThreadID":3480,"SubjectDomainName":"THESHIRE","SubjectLogonId":"0x58df49","SourceName":"Microsoft-Windows-Security-Auditing","Keywords":-9214364837600034816,"EventID":4672,"Category":"Special Logon","Version":0,"@version":"1","host":"wec.internal.cloudapp.net","Hostname":"MORDORDC.theshire.local","EventReceivedTime":"2020-10-12 18:33:15","SeverityValue":2,"EventTime":"2020-10-12 18:33:13","ProviderGuid":"{54849625-5478-4994-A5BA-3E3B0328C30D}","Message":"Special privileges assigned to new logon.\r\n\r\nSubject:\r\n\tSecurity ID:\t\tS-1-5-18\r\n\tAccount Name:\t\tMORDORDC$\r\n\tAccount Domain:\t\tTHESHIRE\r\n\tLogon ID:\t\t0x58DF49\r\n\r\nPrivileges:\t\tSeSecurityPrivilege\r\n\t\t\tSeBackupPrivilege\r\n\t\t\tSeRestorePrivilege\r\n\t\t\tSeTakeOwnershipPrivilege\r\n\t\t\tSeDebugPrivilege\r\n\t\t\tSeSystemEnvironmentPrivilege\r\n\t\t\tSeLoadDriverPrivilege\r\n\t\t\tSeImpersonatePrivilege\r\n\t\t\tSeDelegateSessionUserImpersonatePrivilege\r\n\t\t\tSeEnableDelegationPrivilege","SubjectUserName":"MORDORDC$","PrivilegeList":"SeSecurityPrivilege\r\n\t\t\tSeBackupPrivilege\r\n\t\t\tSeRestorePrivilege\r\n\t\t\tSeTakeOwnershipPrivilege\r\n\t\t\tSeDebugPrivilege\r\n\t\t\tSeSystemEnvironmentPrivilege\r\n\t\t\tSeLoadDriverPrivilege\r\n\t\t\tSeImpersonatePrivilege\r\n\t\t\tSeDelegateSessionUserImpersonatePrivilege\r\n\t\t\tSeEnableDelegationPrivilege","SourceModuleName":"eventlog","SubjectUserSid":"S-1-5-18"}
{"@timestamp":"2020-10-12T22:33:15.155Z","Channel":"Security","WorkstationName":"-","VirtualAccount":"%%1843","SubjectDomainName":"-","TargetLogonId":"0x58df49","RecordNumber":202253,"ThreadID":3480,"SubjectLogonId":"0x0","IpAddress":"fe80::74bc:2942:9832:aa63","AuthenticationPackageName":"Kerberos","TargetOutboundDomainName":"-","TargetUserSid":"S-1-5-18","TargetOutboundUserName":"-","ProcessId":"0x0","Version":2,"Hostname":"MORDORDC.theshire.local","EventReceivedTime":"2020-10-12 18:33:15","ProviderGuid":"{54849625-5478-4994-A5BA-3E3B0328C30D}","TransmittedServices":"-","SubjectUserName":"-","LmPackageName":"-","port":61041,"Severity":"INFO","tags":["mordorDataset"],"Task":12544,"LogonType":"3","SourceModuleType":"im_msvistalog","OpcodeValue":0,"KeyLength":"0","EventType":"AUDIT_SUCCESS","ExecutionProcessID":708,"Opcode":"Info","IpPort":"61031","SourceName":"Microsoft-Windows-Security-Auditing","Keywords":-9214364837600034816,"ElevatedToken":"%%1842","LogonGuid":"{e47dc43d-b81d-c7e5-4703-edf79a82e62b}","EventID":4624,"Category":"Logon","ImpersonationLevel":"%%1833","@version":"1","host":"wec.internal.cloudapp.net","RestrictedAdminMode":"-","ProcessName":"-","SeverityValue":2,"EventTime":"2020-10-12 18:33:13","Message":"An account was successfully logged on.\r\n\r\nSubject:\r\n\tSecurity ID:\t\tS-1-0-0\r\n\tAccount Name:\t\t-\r\n\tAccount Domain:\t\t-\r\n\tLogon ID:\t\t0x0\r\n\r\nLogon Information:\r\n\tLogon Type:\t\t3\r\n\tRestricted Admin Mode:\t-\r\n\tVirtual Account:\t\tNo\r\n\tElevated Token:\t\tYes\r\n\r\nImpersonation Level:\t\tImpersonation\r\n\r\nNew Logon:\r\n\tSecurity ID:\t\tS-1-5-18\r\n\tAccount Name:\t\tMORDORDC$\r\n\tAccount Domain:\t\tTHESHIRE.LOCAL\r\n\tLogon ID:\t\t0x58DF49\r\n\tLinked Logon ID:\t\t0x0\r\n\tNetwork Account Name:\t-\r\n\tNetwork Account Domain:\t-\r\n\tLogon GUID:\t\t{e47dc43d-b81d-c7e5-4703-edf79a82e62b}\r\n\r\nProcess Information:\r\n\tProcess ID:\t\t0x0\r\n\tProcess Name:\t\t-\r\n\r\nNetwork Information:\r\n\tWorkstation Name:\t-\r\n\tSource Network Address:\tfe80::74bc:2942:9832:aa63\r\n\tSource Port:\t\t61031\r\n\r\nDetailed Authentication Information:\r\n\tLogon Process:\t\tKerberos\r\n\tAuthentication Package:\tKerberos\r\n\tTransited Services:\t-\r\n\tPackage Name (NTLM only):\t-\r\n\tKey Length:\t\t0\r\n\r\nThis event is generated when a logon session is created. It is generated on the computer that was accessed.\r\n\r\nThe subject fields indicate the account on the local system which requested the logon. This is most commonly a service such as the Server service, or a local process such as Winlogon.exe or Services.exe.\r\n\r\nThe logon type field indicates the kind of logon that occurred. The most common types are 2 (interactive) and 3 (network).\r\n\r\nThe New Logon fields indicate the account for whom the new logon was created, i.e. the account that was logged on.\r\n\r\nThe network fields indicate where a remote logon request originated. Workstation name is not always available and may be left blank in some cases.\r\n\r\nThe impersonation level field indicates the extent to which a process in the logon session can impersonate.\r\n\r\nThe authentication information fields provide detailed information about this specific logon request.\r\n\t- Logon GUID is a unique identifier that can be used to correlate this event with a KDC event.\r\n\t- Transited services indicate which intermediate services have participated in this logon request.\r\n\t- Package name indicates which sub-protocol was used among the NTLM protocols.\r\n\t- Key length indicates the length of the generated session key. This will be 0 if no session key was requested.","SourceModuleName":"eventlog","TargetLinkedLogonId":"0x0","SubjectUserSid":"S-1-0-0","TargetDomainName":"THESHIRE.LOCAL","TargetUserName":"MORDORDC$","LogonProcessName":"Kerberos"}
{"@timestamp":"2020-10-12T22:33:15.155Z","port":61041,"Severity":"INFO","Task":12554,"Channel":"Security","LogonType":"3","SourceModuleType":"im_msvistalog","tags":["mordorDataset"],"OpcodeValue":0,"EventType":"AUDIT_SUCCESS","ExecutionProcessID":708,"Opcode":"Info","RecordNumber":202254,"ThreadID":3480,"SubjectDomainName":"-","SubjectLogonId":"0x0","SourceName":"Microsoft-Windows-Security-Auditing","TargetLogonId":"0x58df49","EventIdx":"1","GroupMembership":"\r\n\t\t%{S-1-5-32-544}\r\n\t\t%{S-1-1-0}\r\n\t\t%{S-1-5-32-554}\r\n\t\t%{S-1-5-32-545}\r\n\t\t%{S-1-5-32-555}\r\n\t\t%{S-1-5-32-560}\r\n\t\t%{S-1-5-2}\r\n\t\t%{S-1-5-11}\r\n\t\t%{S-1-5-15}\r\n\t\t%{S-1-5-21-4107722679-1012484280-3777968168-1000}\r\n\t\t%{S-1-5-21-4107722679-1012484280-3777968168-516}\r\n\t\t%{S-1-5-9}\r\n\t\t%{S-1-18-1}\r\n\t\t%{S-1-5-21-4107722679-1012484280-3777968168-572}\r\n\t\t%{S-1-16-16384}","Keywords":-9214364837600034816,"TargetUserSid":"S-1-5-18","EventID":4627,"Category":"Group Membership","Version":0,"@version":"1","host":"wec.internal.cloudapp.net","Hostname":"MORDORDC.theshire.local","EventReceivedTime":"2020-10-12 18:33:15","SeverityValue":2,"EventTime":"2020-10-12 18:33:13","ProviderGuid":"{54849625-5478-4994-A5BA-3E3B0328C30D}","Message":"Group membership information.\r\n\r\nSubject:\r\n\tSecurity ID:\t\tS-1-0-0\r\n\tAccount Name:\t\t-\r\n\tAccount Domain:\t\t-\r\n\tLogon ID:\t\t0x0\r\n\r\nLogon Type:\t\t\t3\r\n\r\nNew Logon:\r\n\tSecurity ID:\t\tS-1-5-18\r\n\tAccount Name:\t\tMORDORDC$\r\n\tAccount Domain:\t\tTHESHIRE.LOCAL\r\n\tLogon ID:\t\t0x58DF49\r\n\r\nEvent in sequence:\t\t1 of 1\r\n\r\nGroup Membership:\t\t\t\r\n\t\t%{S-1-5-32-544}\r\n\t\t%{S-1-1-0}\r\n\t\t%{S-1-5-32-554}\r\n\t\t%{S-1-5-32-545}\r\n\t\t%{S-1-5-32-555}\r\n\t\t%{S-1-5-32-560}\r\n\t\t%{S-1-5-2}\r\n\t\t%{S-1-5-11}\r\n\t\t%{S-1-5-15}\r\n\t\t%{S-1-5-21-4107722679-1012484280-3777968168-1000}\r\n\t\t%{S-1-5-21-4107722679-1012484280-3777968168-516}\r\n\t\t%{S-1-5-9}\r\n\t\t%{S-1-18-1}\r\n\t\t%{S-1-5-21-4107722679-1012484280-3777968168-572}\r\n\t\t%{S-1-16-16384}\r\n\r\nThe subject fields indicate the account on the local system which requested the logon. This is most commonly a service such as the Server service, or a local process such as Winlogon.exe or Services.exe.\r\n\r\nThe logon type field indicates the kind of logon that occurred. The most common types are 2 (interactive) and 3 (network).\r\n\r\nThe New Logon fields indicate the account for whom the new logon was created, i.e. the account that was logged on.\r\n\r\nThis event is generated when the Audit Group Membership subcategory is configured.  The Logon ID field can be used to correlate this event with the corresponding user logon event as well as to any other security audit events generated during this logon session.","SubjectUserName":"-","SourceModuleName":"eventlog","SubjectUserSid":"S-1-0-0","EventCountTotal":"1","TargetDomainName":"THESHIRE.LOCAL","TargetUserName":"MORDORDC$"}
{"EventTypeOrignal":"INFO","RuleName":"-","@timestamp":"2020-10-12T22:33:15.156Z","port":61041,"Severity":"INFO","Task":12,"Channel":"Microsoft-Windows-Sysmon/Operational","UtcTime":"2020-10-12 22:33:13.366","UserID":"S-1-5-18","SourceModuleType":"im_msvistalog","OpcodeValue":0,"tags":["mordorDataset"],"TargetObject":"HKLM\\System\\CurrentControlSet\\Services\\DFSR\\Parameters\\Replication Groups\\97D9634C-611C-418C-B807-83070FC7A0CA","ExecutionProcessID":3984,"Opcode":"Info","RecordNumber":243329,"ThreadID":4300,"EventType":"CreateKey","SourceName":"Microsoft-Windows-Sysmon","Keywords":-9223372036854775808,"Image":"C:\\windows\\system32\\DFSRs.exe","EventID":12,"Domain":"NT AUTHORITY","Category":"Registry object added or deleted (rule: RegistryEvent)","Version":2,"ProcessId":"3660","@version":"1","AccountName":"SYSTEM","ProcessGuid":"{029f9482-bfb1-5f84-5100-000000000400}","host":"wec.internal.cloudapp.net","Hostname":"MORDORDC.theshire.local","EventReceivedTime":"2020-10-12 18:33:15","SeverityValue":2,"EventTime":"2020-10-12 18:33:13","ProviderGuid":"{5770385F-C22A-43E0-BF4C-06F5698FFBD9}","Message":"Registry object added or deleted:\r\nRuleName: -\r\nEventType: CreateKey\r\nUtcTime: 2020-10-12 22:33:13.366\r\nProcessGuid: {029f9482-bfb1-5f84-5100-000000000400}\r\nProcessId: 3660\r\nImage: C:\\windows\\system32\\DFSRs.exe\r\nTargetObject: HKLM\\System\\CurrentControlSet\\Services\\DFSR\\Parameters\\Replication Groups\\97D9634C-611C-418C-B807-83070FC7A0CA","SourceModuleName":"eventlog","AccountType":"User"}
{"@timestamp":"2020-10-12T22:33:15.156Z","port":61041,"Severity":"INFO","Task":12545,"Channel":"Security","LogonType":"3","SourceModuleType":"im_msvistalog","tags":["mordorDataset"],"OpcodeValue":0,"EventType":"AUDIT_SUCCESS","ExecutionProcessID":708,"Opcode":"Info","RecordNumber":202255,"ThreadID":4748,"TargetLogonId":"0x58df49","SourceName":"Microsoft-Windows-Security-Auditing","Keywords":-9214364837600034816,"TargetUserSid":"S-1-5-18","EventID":4634,"Category":"Logoff","Version":0,"@version":"1","host":"wec.internal.cloudapp.net","Hostname":"MORDORDC.theshire.local","EventReceivedTime":"2020-10-12 18:33:15","SeverityValue":2,"EventTime":"2020-10-12 18:33:13","ProviderGuid":"{54849625-5478-4994-A5BA-3E3B0328C30D}","Message":"An account was logged off.\r\n\r\nSubject:\r\n\tSecurity ID:\t\tS-1-5-18\r\n\tAccount Name:\t\tMORDORDC$\r\n\tAccount Domain:\t\tTHESHIRE\r\n\tLogon ID:\t\t0x58DF49\r\n\r\nLogon Type:\t\t\t3\r\n\r\nThis event is generated when a logon session is destroyed. It may be positively correlated with a logon event using the Logon ID value. Logon IDs are only unique between reboots on the same computer.","SourceModuleName":"eventlog","TargetDomainName":"THESHIRE","TargetUserName":"MORDORDC$"}
{"EventTypeOrignal":"INFO","RuleName":"-","@timestamp":"2020-10-12T22:33:15.157Z","port":61041,"Severity":"INFO","Task":13,"Channel":"Microsoft-Windows-Sysmon/Operational","UtcTime":"2020-10-12 22:33:13.366","UserID":"S-1-5-18","SourceModuleType":"im_msvistalog","OpcodeValue":0,"tags":["mordorDataset"],"TargetObject":"HKLM\\System\\CurrentControlSet\\Services\\DFSR\\Parameters\\Replication Groups\\97D9634C-611C-418C-B807-83070FC7A0CA\\Replica Set Configuration File","ExecutionProcessID":3984,"Opcode":"Info","RecordNumber":243330,"ThreadID":4300,"EventType":"SetValue","SourceName":"Microsoft-Windows-Sysmon","Keywords":-9223372036854775808,"Image":"C:\\windows\\system32\\DFSRs.exe","EventID":13,"Domain":"NT AUTHORITY","Category":"Registry value set (rule: RegistryEvent)","Version":2,"ProcessId":"3660","@version":"1","AccountName":"SYSTEM","Details":"\\\\?\\C:\\System Volume Information\\DFSR\\Config\\Replica_97D9634C-611C-418C-B807-83070FC7A0CA.XML","ProcessGuid":"{029f9482-bfb1-5f84-5100-000000000400}","host":"wec.internal.cloudapp.net","Hostname":"MORDORDC.theshire.local","EventReceivedTime":"2020-10-12 18:33:15","SeverityValue":2,"EventTime":"2020-10-12 18:33:13","ProviderGuid":"{5770385F-C22A-43E0-BF4C-06F5698FFBD9}","Message":"Registry value set:\r\nRuleName: -\r\nEventType: SetValue\r\nUtcTime: 2020-10-12 22:33:13.366\r\nProcessGuid: {029f9482-bfb1-5f84-5100-000000000400}\r\nProcessId: 3660\r\nImage: C:\\windows\\system32\\DFSRs.exe\r\nTargetObject: HKLM\\System\\CurrentControlSet\\Services\\DFSR\\Parameters\\Replication Groups\\97D9634C-611C-418C-B807-83070FC7A0CA\\Replica Set Configuration File\r\nDetails: \\\\?\\C:\\System Volume Information\\DFSR\\Config\\Replica_97D9634C-611C-418C-B807-83070FC7A0CA.XML","SourceModuleName":"eventlog","AccountType":"User"}
{"@timestamp":"2020-10-12T22:33:15.157Z","port":61041,"Severity":"INFO","Task":12810,"Channel":"Security","tags":["mordorDataset"],"LayerName":"%%14608","SourceModuleType":"im_msvistalog","OpcodeValue":0,"Application":"\\device\\harddiskvolume2\\windows\\system32\\dfsrs.exe","EventType":"AUDIT_SUCCESS","ExecutionProcessID":4,"Opcode":"Info","RecordNumber":202256,"ThreadID":1456,"FilterRTID":"0","SourceName":"Microsoft-Windows-Security-Auditing","LayerRTID":"38","Keywords":-9214364837600034816,"EventID":5158,"Category":"Filtering Platform Connection","ProcessId":"3660","Version":0,"@version":"1","host":"wec.internal.cloudapp.net","Hostname":"MORDORDC.theshire.local","SourcePort":"61032","EventReceivedTime":"2020-10-12 18:33:15","SeverityValue":2,"EventTime":"2020-10-12 18:33:13","ProviderGuid":"{54849625-5478-4994-A5BA-3E3B0328C30D}","Message":"The Windows Filtering Platform has permitted a bind to a local port.\r\n\r\nApplication Information:\r\n\tProcess ID:\t\t3660\r\n\tApplication Name:\t\\device\\harddiskvolume2\\windows\\system32\\dfsrs.exe\r\n\r\nNetwork Information:\r\n\tSource Address:\t\t::\r\n\tSource Port:\t\t61032\r\n\tProtocol:\t\t6\r\n\r\nFilter Information:\r\n\tFilter Run-Time ID:\t0\r\n\tLayer Name:\t\tResource Assignment\r\n\tLayer Run-Time ID:\t38","SourceAddress":"::","SourceModuleName":"eventlog","Protocol":"6"}
{"EventTypeOrignal":"INFO","RuleName":"-","@timestamp":"2020-10-12T22:33:15.157Z","port":61041,"Severity":"INFO","Task":13,"Channel":"Microsoft-Windows-Sysmon/Operational","UtcTime":"2020-10-12 22:33:13.366","UserID":"S-1-5-18","SourceModuleType":"im_msvistalog","OpcodeValue":0,"tags":["mordorDataset"],"TargetObject":"HKLM\\System\\CurrentControlSet\\Services\\DFSR\\Parameters\\Replication Groups\\97D9634C-611C-418C-B807-83070FC7A0CA\\Config Source","ExecutionProcessID":3984,"Opcode":"Info","RecordNumber":243331,"ThreadID":4300,"EventType":"SetValue","SourceName":"Microsoft-Windows-Sysmon","Keywords":-9223372036854775808,"Image":"C:\\windows\\system32\\DFSRs.exe","EventID":13,"Domain":"NT AUTHORITY","Category":"Registry value set (rule: RegistryEvent)","Version":2,"ProcessId":"3660","@version":"1","AccountName":"SYSTEM","Details":"DWORD (0x00000001)","ProcessGuid":"{029f9482-bfb1-5f84-5100-000000000400}","host":"wec.internal.cloudapp.net","Hostname":"MORDORDC.theshire.local","EventReceivedTime":"2020-10-12 18:33:15","SeverityValue":2,"EventTime":"2020-10-12 18:33:13","ProviderGuid":"{5770385F-C22A-43E0-BF4C-06F5698FFBD9}","Message":"Registry value set:\r\nRuleName: -\r\nEventType: SetValue\r\nUtcTime: 2020-10-12 22:33:13.366\r\nProcessGuid: {029f9482-bfb1-5f84-5100-000000000400}\r\nProcessId: 3660\r\nImage: C:\\windows\\system32\\DFSRs.exe\r\nTargetObject: HKLM\\System\\CurrentControlSet\\Services\\DFSR\\Parameters\\Replication Groups\\97D9634C-611C-418C-B807-83070FC7A0CA\\Config Source\r\nDetails: DWORD (0x00000001)","SourceModuleName":"eventlog","AccountType":"User"}
{"EventTypeOrignal":"INFO","RuleName":"-","@timestamp":"2020-10-12T22:33:15.158Z","port":61041,"Severity":"INFO","Task":12,"Channel":"Microsoft-Windows-Sysmon/Operational","UtcTime":"2020-10-12 22:33:13.366","UserID":"S-1-5-18","SourceModuleType":"im_msvistalog","OpcodeValue":0,"tags":["mordorDataset"],"TargetObject":"HKLM\\System\\CurrentControlSet\\Services\\DFSR\\Access Checks\\Replication Groups\\97D9634C-611C-418C-B807-83070FC7A0CA","ExecutionProcessID":3984,"Opcode":"Info","RecordNumber":243332,"ThreadID":4300,"EventType":"CreateKey","SourceName":"Microsoft-Windows-Sysmon","Keywords":-9223372036854775808,"Image":"C:\\windows\\system32\\DFSRs.exe","EventID":12,"Domain":"NT AUTHORITY","Category":"Registry object added or deleted (rule: RegistryEvent)","Version":2,"ProcessId":"3660","@version":"1","AccountName":"SYSTEM","ProcessGuid":"{029f9482-bfb1-5f84-5100-000000000400}","host":"wec.internal.cloudapp.net","Hostname":"MORDORDC.theshire.local","EventReceivedTime":"2020-10-12 18:33:15","SeverityValue":2,"EventTime":"2020-10-12 18:33:13","ProviderGuid":"{5770385F-C22A-43E0-BF4C-06F5698FFBD9}","Message":"Registry object added or deleted:\r\nRuleName: -\r\nEventType: CreateKey\r\nUtcTime: 2020-10-12 22:33:13.366\r\nProcessGuid: {029f9482-bfb1-5f84-5100-000000000400}\r\nProcessId: 3660\r\nImage: C:\\windows\\system32\\DFSRs.exe\r\nTargetObject: HKLM\\System\\CurrentControlSet\\Services\\DFSR\\Access Checks\\Replication Groups\\97D9634C-611C-418C-B807-83070FC7A0CA","SourceModuleName":"eventlog","AccountType":"User"}
{"@timestamp":"2020-10-12T22:33:15.158Z","port":61041,"Severity":"INFO","Task":12810,"Channel":"Security","tags":["mordorDataset"],"LayerName":"%%14611","SourceModuleType":"im_msvistalog","OpcodeValue":0,"Application":"\\device\\harddiskvolume2\\windows\\system32\\dfsrs.exe","EventType":"AUDIT_SUCCESS","ExecutionProcessID":4,"Opcode":"Info","RecordNumber":202257,"ThreadID":1456,"FilterRTID":"65853","SourceName":"Microsoft-Windows-Security-Auditing","DestPort":"389","LayerRTID":"50","Keywords":-9214364837600034816,"EventID":5156,"Category":"Filtering Platform Connection","ProcessId":"3660","Version":1,"@version":"1","Direction":"%%14593","DestAddress":"fe80::74bc:2942:9832:aa63","RemoteUserID":"S-1-0-0","host":"wec.internal.cloudapp.net","Hostname":"MORDORDC.theshire.local","SourcePort":"61032","RemoteMachineID":"S-1-0-0","EventReceivedTime":"2020-10-12 18:33:15","SeverityValue":2,"EventTime":"2020-10-12 18:33:13","ProviderGuid":"{54849625-5478-4994-A5BA-3E3B0328C30D}","Message":"The Windows Filtering Platform has permitted a connection.\r\n\r\nApplication Information:\r\n\tProcess ID:\t\t3660\r\n\tApplication Name:\t\\device\\harddiskvolume2\\windows\\system32\\dfsrs.exe\r\n\r\nNetwork Information:\r\n\tDirection:\t\tOutbound\r\n\tSource Address:\t\tfe80::74bc:2942:9832:aa63\r\n\tSource Port:\t\t61032\r\n\tDestination Address:\tfe80::74bc:2942:9832:aa63\r\n\tDestination Port:\t\t389\r\n\tProtocol:\t\t6\r\n\r\nFilter Information:\r\n\tFilter Run-Time ID:\t65853\r\n\tLayer Name:\t\tConnect\r\n\tLayer Run-Time ID:\t50","SourceAddress":"fe80::74bc:2942:9832:aa63","SourceModuleName":"eventlog","Protocol":"6"}
{"@timestamp":"2020-10-12T22:33:15.159Z","port":61041,"Severity":"INFO","Task":12810,"Channel":"Security","tags":["mordorDataset"],"LayerName":"%%14610","SourceModuleType":"im_msvistalog","OpcodeValue":0,"Application":"\\device\\harddiskvolume2\\windows\\system32\\lsass.exe","EventType":"AUDIT_SUCCESS","ExecutionProcessID":4,"Opcode":"Info","RecordNumber":202258,"ThreadID":1456,"FilterRTID":"65851","SourceName":"Microsoft-Windows-Security-Auditing","DestPort":"389","LayerRTID":"46","Keywords":-9214364837600034816,"EventID":5156,"Category":"Filtering Platform Connection","ProcessId":"708","Version":1,"@version":"1","Direction":"%%14592","DestAddress":"fe80::74bc:2942:9832:aa63","RemoteUserID":"S-1-0-0","host":"wec.internal.cloudapp.net","Hostname":"MORDORDC.theshire.local","SourcePort":"61032","RemoteMachineID":"S-1-0-0","EventReceivedTime":"2020-10-12 18:33:15","SeverityValue":2,"EventTime":"2020-10-12 18:33:13","ProviderGuid":"{54849625-5478-4994-A5BA-3E3B0328C30D}","Message":"The Windows Filtering Platform has permitted a connection.\r\n\r\nApplication Information:\r\n\tProcess ID:\t\t708\r\n\tApplication Name:\t\\device\\harddiskvolume2\\windows\\system32\\lsass.exe\r\n\r\nNetwork Information:\r\n\tDirection:\t\tInbound\r\n\tSource Address:\t\tfe80::74bc:2942:9832:aa63\r\n\tSource Port:\t\t61032\r\n\tDestination Address:\tfe80::74bc:2942:9832:aa63\r\n\tDestination Port:\t\t389\r\n\tProtocol:\t\t6\r\n\r\nFilter Information:\r\n\tFilter Run-Time ID:\t65851\r\n\tLayer Name:\t\tReceive/Accept\r\n\tLayer Run-Time ID:\t46","SourceAddress":"fe80::74bc:2942:9832:aa63","SourceModuleName":"eventlog","Protocol":"6"}
{"UtcTime":"2020-10-12 22:33:13.366","RuleName":"-","@timestamp":"2020-10-12T22:33:15.159Z","port":61041,"Severity":"INFO","Task":11,"Channel":"Microsoft-Windows-Sysmon/Operational","tags":["mordorDataset"],"UserID":"S-1-5-18","SourceModuleType":"im_msvistalog","OpcodeValue":0,"EventType":"INFO","ExecutionProcessID":3984,"Opcode":"Info","RecordNumber":243333,"ThreadID":4300,"SourceName":"Microsoft-Windows-Sysmon","TargetFilename":"C:\\System Volume Information\\DFSR\\Config\\Volume_05C271C9-0000-0000-0000-501F00000000.XML.TMP","Keywords":-9223372036854775808,"Image":"C:\\windows\\system32\\DFSRs.exe","EventID":11,"Domain":"NT AUTHORITY","Category":"File created (rule: FileCreate)","Version":2,"ProcessId":"3660","@version":"1","AccountName":"SYSTEM","CreationUtcTime":"2020-10-12 22:33:13.366","ProcessGuid":"{029f9482-bfb1-5f84-5100-000000000400}","host":"wec.internal.cloudapp.net","Hostname":"MORDORDC.theshire.local","EventReceivedTime":"2020-10-12 18:33:15","SeverityValue":2,"EventTime":"2020-10-12 18:33:13","ProviderGuid":"{5770385F-C22A-43E0-BF4C-06F5698FFBD9}","Message":"File created:\r\nRuleName: -\r\nUtcTime: 2020-10-12 22:33:13.366\r\nProcessGuid: {029f9482-bfb1-5f84-5100-000000000400}\r\nProcessId: 3660\r\nImage: C:\\windows\\system32\\DFSRs.exe\r\nTargetFilename: C:\\System Volume Information\\DFSR\\Config\\Volume_05C271C9-0000-0000-0000-501F00000000.XML.TMP\r\nCreationUtcTime: 2020-10-12 22:33:13.366","SourceModuleName":"eventlog","AccountType":"User"}
{"@timestamp":"2020-10-12T22:33:15.160Z","port":61041,"Severity":"INFO","Task":12548,"Channel":"Security","tags":["mordorDataset"],"SourceModuleType":"im_msvistalog","OpcodeValue":0,"EventType":"AUDIT_SUCCESS","ExecutionProcessID":708,"Opcode":"Info","RecordNumber":202259,"ThreadID":2716,"SubjectDomainName":"THESHIRE","SubjectLogonId":"0x58dfba","SourceName":"Microsoft-Windows-Security-Auditing","Keywords":-9214364837600034816,"EventID":4672,"Category":"Special Logon","Version":0,"@version":"1","host":"wec.internal.cloudapp.net","Hostname":"MORDORDC.theshire.local","EventReceivedTime":"2020-10-12 18:33:15","SeverityValue":2,"EventTime":"2020-10-12 18:33:13","ProviderGuid":"{54849625-5478-4994-A5BA-3E3B0328C30D}","Message":"Special privileges assigned to new logon.\r\n\r\nSubject:\r\n\tSecurity ID:\t\tS-1-5-18\r\n\tAccount Name:\t\tMORDORDC$\r\n\tAccount Domain:\t\tTHESHIRE\r\n\tLogon ID:\t\t0x58DFBA\r\n\r\nPrivileges:\t\tSeSecurityPrivilege\r\n\t\t\tSeBackupPrivilege\r\n\t\t\tSeRestorePrivilege\r\n\t\t\tSeTakeOwnershipPrivilege\r\n\t\t\tSeDebugPrivilege\r\n\t\t\tSeSystemEnvironmentPrivilege\r\n\t\t\tSeLoadDriverPrivilege\r\n\t\t\tSeImpersonatePrivilege\r\n\t\t\tSeDelegateSessionUserImpersonatePrivilege\r\n\t\t\tSeEnableDelegationPrivilege","SubjectUserName":"MORDORDC$","PrivilegeList":"SeSecurityPrivilege\r\n\t\t\tSeBackupPrivilege\r\n\t\t\tSeRestorePrivilege\r\n\t\t\tSeTakeOwnershipPrivilege\r\n\t\t\tSeDebugPrivilege\r\n\t\t\tSeSystemEnvironmentPrivilege\r\n\t\t\tSeLoadDriverPrivilege\r\n\t\t\tSeImpersonatePrivilege\r\n\t\t\tSeDelegateSessionUserImpersonatePrivilege\r\n\t\t\tSeEnableDelegationPrivilege","SourceModuleName":"eventlog","SubjectUserSid":"S-1-5-18"}
{"EventTypeOrignal":"INFO","RuleName":"-","@timestamp":"2020-10-12T22:33:15.160Z","port":61041,"Severity":"INFO","Task":12,"Channel":"Microsoft-Windows-Sysmon/Operational","UtcTime":"2020-10-12 22:33:13.366","UserID":"S-1-5-18","SourceModuleType":"im_msvistalog","OpcodeValue":0,"tags":["mordorDataset"],"TargetObject":"HKLM\\System\\CurrentControlSet\\Services\\DFSR\\Parameters\\Volumes\\05C271C9-0000-0000-0000-501F00000000","ExecutionProcessID":3984,"Opcode":"Info","RecordNumber":243334,"ThreadID":4300,"EventType":"CreateKey","SourceName":"Microsoft-Windows-Sysmon","Keywords":-9223372036854775808,"Image":"C:\\windows\\system32\\DFSRs.exe","EventID":12,"Domain":"NT AUTHORITY","Category":"Registry object added or deleted (rule: RegistryEvent)","Version":2,"ProcessId":"3660","@version":"1","AccountName":"SYSTEM","ProcessGuid":"{029f9482-bfb1-5f84-5100-000000000400}","host":"wec.internal.cloudapp.net","Hostname":"MORDORDC.theshire.local","EventReceivedTime":"2020-10-12 18:33:15","SeverityValue":2,"EventTime":"2020-10-12 18:33:13","ProviderGuid":"{5770385F-C22A-43E0-BF4C-06F5698FFBD9}","Message":"Registry object added or deleted:\r\nRuleName: -\r\nEventType: CreateKey\r\nUtcTime: 2020-10-12 22:33:13.366\r\nProcessGuid: {029f9482-bfb1-5f84-5100-000000000400}\r\nProcessId: 3660\r\nImage: C:\\windows\\system32\\DFSRs.exe\r\nTargetObject: HKLM\\System\\CurrentControlSet\\Services\\DFSR\\Parameters\\Volumes\\05C271C9-0000-0000-0000-501F00000000","SourceModuleName":"eventlog","AccountType":"User"}
{"@timestamp":"2020-10-12T22:33:15.161Z","Channel":"Security","WorkstationName":"-","VirtualAccount":"%%1843","SubjectDomainName":"-","TargetLogonId":"0x58dfba","RecordNumber":202260,"ThreadID":2716,"SubjectLogonId":"0x0","IpAddress":"fe80::74bc:2942:9832:aa63","AuthenticationPackageName":"Kerberos","TargetOutboundDomainName":"-","TargetUserSid":"S-1-5-18","TargetOutboundUserName":"-","ProcessId":"0x0","Version":2,"Hostname":"MORDORDC.theshire.local","EventReceivedTime":"2020-10-12 18:33:15","ProviderGuid":"{54849625-5478-4994-A5BA-3E3B0328C30D}","TransmittedServices":"-","SubjectUserName":"-","LmPackageName":"-","port":61041,"Severity":"INFO","tags":["mordorDataset"],"Task":12544,"LogonType":"3","SourceModuleType":"im_msvistalog","OpcodeValue":0,"KeyLength":"0","EventType":"AUDIT_SUCCESS","ExecutionProcessID":708,"Opcode":"Info","IpPort":"61032","SourceName":"Microsoft-Windows-Security-Auditing","Keywords":-9214364837600034816,"ElevatedToken":"%%1842","LogonGuid":"{e47dc43d-b81d-c7e5-4703-edf79a82e62b}","EventID":4624,"Category":"Logon","ImpersonationLevel":"%%1833","@version":"1","host":"wec.internal.cloudapp.net","RestrictedAdminMode":"-","ProcessName":"-","SeverityValue":2,"EventTime":"2020-10-12 18:33:13","Message":"An account was successfully logged on.\r\n\r\nSubject:\r\n\tSecurity ID:\t\tS-1-0-0\r\n\tAccount Name:\t\t-\r\n\tAccount Domain:\t\t-\r\n\tLogon ID:\t\t0x0\r\n\r\nLogon Information:\r\n\tLogon Type:\t\t3\r\n\tRestricted Admin Mode:\t-\r\n\tVirtual Account:\t\tNo\r\n\tElevated Token:\t\tYes\r\n\r\nImpersonation Level:\t\tImpersonation\r\n\r\nNew Logon:\r\n\tSecurity ID:\t\tS-1-5-18\r\n\tAccount Name:\t\tMORDORDC$\r\n\tAccount Domain:\t\tTHESHIRE.LOCAL\r\n\tLogon ID:\t\t0x58DFBA\r\n\tLinked Logon ID:\t\t0x0\r\n\tNetwork Account Name:\t-\r\n\tNetwork Account Domain:\t-\r\n\tLogon GUID:\t\t{e47dc43d-b81d-c7e5-4703-edf79a82e62b}\r\n\r\nProcess Information:\r\n\tProcess ID:\t\t0x0\r\n\tProcess Name:\t\t-\r\n\r\nNetwork Information:\r\n\tWorkstation Name:\t-\r\n\tSource Network Address:\tfe80::74bc:2942:9832:aa63\r\n\tSource Port:\t\t61032\r\n\r\nDetailed Authentication Information:\r\n\tLogon Process:\t\tKerberos\r\n\tAuthentication Package:\tKerberos\r\n\tTransited Services:\t-\r\n\tPackage Name (NTLM only):\t-\r\n\tKey Length:\t\t0\r\n\r\nThis event is generated when a logon session is created. It is generated on the computer that was accessed.\r\n\r\nThe subject fields indicate the account on the local system which requested the logon. This is most commonly a service such as the Server service, or a local process such as Winlogon.exe or Services.exe.\r\n\r\nThe logon type field indicates the kind of logon that occurred. The most common types are 2 (interactive) and 3 (network).\r\n\r\nThe New Logon fields indicate the account for whom the new logon was created, i.e. the account that was logged on.\r\n\r\nThe network fields indicate where a remote logon request originated. Workstation name is not always available and may be left blank in some cases.\r\n\r\nThe impersonation level field indicates the extent to which a process in the logon session can impersonate.\r\n\r\nThe authentication information fields provide detailed information about this specific logon request.\r\n\t- Logon GUID is a unique identifier that can be used to correlate this event with a KDC event.\r\n\t- Transited services indicate which intermediate services have participated in this logon request.\r\n\t- Package name indicates which sub-protocol was used among the NTLM protocols.\r\n\t- Key length indicates the length of the generated session key. This will be 0 if no session key was requested.","SourceModuleName":"eventlog","TargetLinkedLogonId":"0x0","SubjectUserSid":"S-1-0-0","TargetDomainName":"THESHIRE.LOCAL","TargetUserName":"MORDORDC$","LogonProcessName":"Kerberos"}
{"EventTypeOrignal":"INFO","RuleName":"-","@timestamp":"2020-10-12T22:33:15.161Z","port":61041,"Severity":"INFO","Task":13,"Channel":"Microsoft-Windows-Sysmon/Operational","UtcTime":"2020-10-12 22:33:13.366","UserID":"S-1-5-18","SourceModuleType":"im_msvistalog","OpcodeValue":0,"tags":["mordorDataset"],"TargetObject":"HKLM\\System\\CurrentControlSet\\Services\\DFSR\\Parameters\\Volumes\\05C271C9-0000-0000-0000-501F00000000\\Volume Configuration File","ExecutionProcessID":3984,"Opcode":"Info","RecordNumber":243335,"ThreadID":4300,"EventType":"SetValue","SourceName":"Microsoft-Windows-Sysmon","Keywords":-9223372036854775808,"Image":"C:\\windows\\system32\\DFSRs.exe","EventID":13,"Domain":"NT AUTHORITY","Category":"Registry value set (rule: RegistryEvent)","Version":2,"ProcessId":"3660","@version":"1","AccountName":"SYSTEM","Details":"\\\\.\\C:\\System Volume Information\\DFSR\\Config\\Volume_05C271C9-0000-0000-0000-501F00000000.XML","ProcessGuid":"{029f9482-bfb1-5f84-5100-000000000400}","host":"wec.internal.cloudapp.net","Hostname":"MORDORDC.theshire.local","EventReceivedTime":"2020-10-12 18:33:15","SeverityValue":2,"EventTime":"2020-10-12 18:33:13","ProviderGuid":"{5770385F-C22A-43E0-BF4C-06F5698FFBD9}","Message":"Registry value set:\r\nRuleName: -\r\nEventType: SetValue\r\nUtcTime: 2020-10-12 22:33:13.366\r\nProcessGuid: {029f9482-bfb1-5f84-5100-000000000400}\r\nProcessId: 3660\r\nImage: C:\\windows\\system32\\DFSRs.exe\r\nTargetObject: HKLM\\System\\CurrentControlSet\\Services\\DFSR\\Parameters\\Volumes\\05C271C9-0000-0000-0000-501F00000000\\Volume Configuration File\r\nDetails: \\\\.\\C:\\System Volume Information\\DFSR\\Config\\Volume_05C271C9-0000-0000-0000-501F00000000.XML","SourceModuleName":"eventlog","AccountType":"User"}
{"@timestamp":"2020-10-12T22:33:15.162Z","port":61041,"Severity":"INFO","Task":12554,"Channel":"Security","LogonType":"3","SourceModuleType":"im_msvistalog","tags":["mordorDataset"],"OpcodeValue":0,"EventType":"AUDIT_SUCCESS","ExecutionProcessID":708,"Opcode":"Info","RecordNumber":202261,"ThreadID":2716,"SubjectDomainName":"-","SubjectLogonId":"0x0","SourceName":"Microsoft-Windows-Security-Auditing","TargetLogonId":"0x58dfba","EventIdx":"1","GroupMembership":"\r\n\t\t%{S-1-5-32-544}\r\n\t\t%{S-1-1-0}\r\n\t\t%{S-1-5-32-554}\r\n\t\t%{S-1-5-32-545}\r\n\t\t%{S-1-5-32-555}\r\n\t\t%{S-1-5-32-560}\r\n\t\t%{S-1-5-2}\r\n\t\t%{S-1-5-11}\r\n\t\t%{S-1-5-15}\r\n\t\t%{S-1-5-21-4107722679-1012484280-3777968168-1000}\r\n\t\t%{S-1-5-21-4107722679-1012484280-3777968168-516}\r\n\t\t%{S-1-5-9}\r\n\t\t%{S-1-18-1}\r\n\t\t%{S-1-5-21-4107722679-1012484280-3777968168-572}\r\n\t\t%{S-1-16-16384}","Keywords":-9214364837600034816,"TargetUserSid":"S-1-5-18","EventID":4627,"Category":"Group Membership","Version":0,"@version":"1","host":"wec.internal.cloudapp.net","Hostname":"MORDORDC.theshire.local","EventReceivedTime":"2020-10-12 18:33:15","SeverityValue":2,"EventTime":"2020-10-12 18:33:13","ProviderGuid":"{54849625-5478-4994-A5BA-3E3B0328C30D}","Message":"Group membership information.\r\n\r\nSubject:\r\n\tSecurity ID:\t\tS-1-0-0\r\n\tAccount Name:\t\t-\r\n\tAccount Domain:\t\t-\r\n\tLogon ID:\t\t0x0\r\n\r\nLogon Type:\t\t\t3\r\n\r\nNew Logon:\r\n\tSecurity ID:\t\tS-1-5-18\r\n\tAccount Name:\t\tMORDORDC$\r\n\tAccount Domain:\t\tTHESHIRE.LOCAL\r\n\tLogon ID:\t\t0x58DFBA\r\n\r\nEvent in sequence:\t\t1 of 1\r\n\r\nGroup Membership:\t\t\t\r\n\t\t%{S-1-5-32-544}\r\n\t\t%{S-1-1-0}\r\n\t\t%{S-1-5-32-554}\r\n\t\t%{S-1-5-32-545}\r\n\t\t%{S-1-5-32-555}\r\n\t\t%{S-1-5-32-560}\r\n\t\t%{S-1-5-2}\r\n\t\t%{S-1-5-11}\r\n\t\t%{S-1-5-15}\r\n\t\t%{S-1-5-21-4107722679-1012484280-3777968168-1000}\r\n\t\t%{S-1-5-21-4107722679-1012484280-3777968168-516}\r\n\t\t%{S-1-5-9}\r\n\t\t%{S-1-18-1}\r\n\t\t%{S-1-5-21-4107722679-1012484280-3777968168-572}\r\n\t\t%{S-1-16-16384}\r\n\r\nThe subject fields indicate the account on the local system which requested the logon. This is most commonly a service such as the Server service, or a local process such as Winlogon.exe or Services.exe.\r\n\r\nThe logon type field indicates the kind of logon that occurred. The most common types are 2 (interactive) and 3 (network).\r\n\r\nThe New Logon fields indicate the account for whom the new logon was created, i.e. the account that was logged on.\r\n\r\nThis event is generated when the Audit Group Membership subcategory is configured.  The Logon ID field can be used to correlate this event with the corresponding user logon event as well as to any other security audit events generated during this logon session.","SubjectUserName":"-","SourceModuleName":"eventlog","SubjectUserSid":"S-1-0-0","EventCountTotal":"1","TargetDomainName":"THESHIRE.LOCAL","TargetUserName":"MORDORDC$"}
{"EventTypeOrignal":"INFO","RuleName":"-","@timestamp":"2020-10-12T22:33:15.163Z","port":61041,"Severity":"INFO","Task":18,"Channel":"Microsoft-Windows-Sysmon/Operational","UtcTime":"2020-10-12 22:33:13.366","UserID":"S-1-5-18","PipeName":"\\lsass","OpcodeValue":0,"SourceModuleType":"im_msvistalog","EventType":"ConnectPipe","ExecutionProcessID":3984,"Opcode":"Info","RecordNumber":243336,"ThreadID":4300,"tags":["mordorDataset"],"SourceName":"Microsoft-Windows-Sysmon","Keywords":-9223372036854775808,"Image":"C:\\windows\\system32\\DFSRs.exe","EventID":18,"Domain":"NT AUTHORITY","Category":"Pipe Connected (rule: PipeEvent)","Version":1,"ProcessId":"3660","@version":"1","AccountName":"SYSTEM","ProcessGuid":"{029f9482-bfb1-5f84-5100-000000000400}","host":"wec.internal.cloudapp.net","Hostname":"MORDORDC.theshire.local","EventReceivedTime":"2020-10-12 18:33:15","SeverityValue":2,"EventTime":"2020-10-12 18:33:13","ProviderGuid":"{5770385F-C22A-43E0-BF4C-06F5698FFBD9}","Message":"Pipe Connected:\r\nRuleName: -\r\nEventType: ConnectPipe\r\nUtcTime: 2020-10-12 22:33:13.366\r\nProcessGuid: {029f9482-bfb1-5f84-5100-000000000400}\r\nProcessId: 3660\r\nPipeName: \\lsass\r\nImage: C:\\windows\\system32\\DFSRs.exe","SourceModuleName":"eventlog","AccountType":"User"}
{"EventTypeOrignal":"INFO","RuleName":"-","@timestamp":"2020-10-12T22:33:15.163Z","port":61041,"Severity":"INFO","Task":12,"Channel":"Microsoft-Windows-Sysmon/Operational","UtcTime":"2020-10-12 22:33:13.366","UserID":"S-1-5-18","SourceModuleType":"im_msvistalog","OpcodeValue":0,"tags":["mordorDataset"],"TargetObject":"HKLM\\System\\CurrentControlSet\\Services\\Tcpip\\Parameters","ExecutionProcessID":3984,"Opcode":"Info","RecordNumber":243337,"ThreadID":4300,"EventType":"CreateKey","SourceName":"Microsoft-Windows-Sysmon","Keywords":-9223372036854775808,"Image":"C:\\windows\\system32\\lsass.exe","EventID":12,"Domain":"NT AUTHORITY","Category":"Registry object added or deleted (rule: RegistryEvent)","Version":2,"ProcessId":"708","@version":"1","AccountName":"SYSTEM","ProcessGuid":"{029f9482-bf9e-5f84-0c00-000000000400}","host":"wec.internal.cloudapp.net","Hostname":"MORDORDC.theshire.local","EventReceivedTime":"2020-10-12 18:33:15","SeverityValue":2,"EventTime":"2020-10-12 18:33:13","ProviderGuid":"{5770385F-C22A-43E0-BF4C-06F5698FFBD9}","Message":"Registry object added or deleted:\r\nRuleName: -\r\nEventType: CreateKey\r\nUtcTime: 2020-10-12 22:33:13.366\r\nProcessGuid: {029f9482-bf9e-5f84-0c00-000000000400}\r\nProcessId: 708\r\nImage: C:\\windows\\system32\\lsass.exe\r\nTargetObject: HKLM\\System\\CurrentControlSet\\Services\\Tcpip\\Parameters","SourceModuleName":"eventlog","AccountType":"User"}
{"@timestamp":"2020-10-12T22:33:15.164Z","port":61041,"Severity":"INFO","Task":12545,"Channel":"Security","LogonType":"3","SourceModuleType":"im_msvistalog","tags":["mordorDataset"],"OpcodeValue":0,"EventType":"AUDIT_SUCCESS","ExecutionProcessID":708,"Opcode":"Info","RecordNumber":202262,"ThreadID":2524,"TargetLogonId":"0x58dfba","SourceName":"Microsoft-Windows-Security-Auditing","Keywords":-9214364837600034816,"TargetUserSid":"S-1-5-18","EventID":4634,"Category":"Logoff","Version":0,"@version":"1","host":"wec.internal.cloudapp.net","Hostname":"MORDORDC.theshire.local","EventReceivedTime":"2020-10-12 18:33:15","SeverityValue":2,"EventTime":"2020-10-12 18:33:13","ProviderGuid":"{54849625-5478-4994-A5BA-3E3B0328C30D}","Message":"An account was logged off.\r\n\r\nSubject:\r\n\tSecurity ID:\t\tS-1-5-18\r\n\tAccount Name:\t\tMORDORDC$\r\n\tAccount Domain:\t\tTHESHIRE\r\n\tLogon ID:\t\t0x58DFBA\r\n\r\nLogon Type:\t\t\t3\r\n\r\nThis event is generated when a logon session is destroyed. It may be positively correlated with a logon event using the Logon ID value. Logon IDs are only unique between reboots on the same computer.","SourceModuleName":"eventlog","TargetDomainName":"THESHIRE","TargetUserName":"MORDORDC$"}
{"EventTypeOrignal":"INFO","RuleName":"-","@timestamp":"2020-10-12T22:33:16.157Z","port":61041,"Severity":"INFO","Task":12,"Channel":"Microsoft-Windows-Sysmon/Operational","UtcTime":"2020-10-12 22:33:13.382","UserID":"S-1-5-18","SourceModuleType":"im_msvistalog","OpcodeValue":0,"tags":["mordorDataset"],"TargetObject":"HKLM\\System\\CurrentControlSet\\Services\\Tcpip\\Parameters","ExecutionProcessID":3984,"Opcode":"Info","RecordNumber":243338,"ThreadID":4300,"EventType":"CreateKey","SourceName":"Microsoft-Windows-Sysmon","Keywords":-9223372036854775808,"Image":"C:\\windows\\system32\\lsass.exe","EventID":12,"Domain":"NT AUTHORITY","Category":"Registry object added or deleted (rule: RegistryEvent)","Version":2,"ProcessId":"708","@version":"1","AccountName":"SYSTEM","ProcessGuid":"{029f9482-bf9e-5f84-0c00-000000000400}","host":"wec.internal.cloudapp.net","Hostname":"MORDORDC.theshire.local","EventReceivedTime":"2020-10-12 18:33:16","SeverityValue":2,"EventTime":"2020-10-12 18:33:13","ProviderGuid":"{5770385F-C22A-43E0-BF4C-06F5698FFBD9}","Message":"Registry object added or deleted:\r\nRuleName: -\r\nEventType: CreateKey\r\nUtcTime: 2020-10-12 22:33:13.382\r\nProcessGuid: {029f9482-bf9e-5f84-0c00-000000000400}\r\nProcessId: 708\r\nImage: C:\\windows\\system32\\lsass.exe\r\nTargetObject: HKLM\\System\\CurrentControlSet\\Services\\Tcpip\\Parameters","SourceModuleName":"eventlog","AccountType":"User"}
{"UtcTime":"2020-10-12 22:33:13.922","RuleName":"-","@timestamp":"2020-10-12T22:33:16.158Z","port":61041,"Severity":"INFO","Task":11,"Channel":"Microsoft-Windows-Sysmon/Operational","tags":["mordorDataset"],"UserID":"S-1-5-18","SourceModuleType":"im_msvistalog","OpcodeValue":0,"EventType":"INFO","ExecutionProcessID":3984,"Opcode":"Info","RecordNumber":243339,"ThreadID":4300,"SourceName":"Microsoft-Windows-Sysmon","TargetFilename":"C:\\Windows\\ServiceState\\EventLog\\Data\\lastalive1.dat","Keywords":-9223372036854775808,"Image":"C:\\windows\\System32\\svchost.exe","EventID":11,"Domain":"NT AUTHORITY","Category":"File created (rule: FileCreate)","Version":2,"ProcessId":"1588","@version":"1","AccountName":"SYSTEM","CreationUtcTime":"2020-10-12 20:43:12.566","ProcessGuid":"{029f9482-bfa4-5f84-2300-000000000400}","host":"wec.internal.cloudapp.net","Hostname":"MORDORDC.theshire.local","EventReceivedTime":"2020-10-12 18:33:16","SeverityValue":2,"EventTime":"2020-10-12 18:33:13","ProviderGuid":"{5770385F-C22A-43E0-BF4C-06F5698FFBD9}","Message":"File created:\r\nRuleName: -\r\nUtcTime: 2020-10-12 22:33:13.922\r\nProcessGuid: {029f9482-bfa4-5f84-2300-000000000400}\r\nProcessId: 1588\r\nImage: C:\\windows\\System32\\svchost.exe\r\nTargetFilename: C:\\Windows\\ServiceState\\EventLog\\Data\\lastalive1.dat\r\nCreationUtcTime: 2020-10-12 20:43:12.566","SourceModuleName":"eventlog","AccountType":"User"}
{"EventTypeOrignal":"INFO","RuleName":"-","@timestamp":"2020-10-12T22:33:16.158Z","port":61041,"Severity":"INFO","Task":12,"Channel":"Microsoft-Windows-Sysmon/Operational","UtcTime":"2020-10-12 22:33:14.373","UserID":"S-1-5-18","SourceModuleType":"im_msvistalog","OpcodeValue":0,"tags":["mordorDataset"],"TargetObject":"HKLM\\System\\CurrentControlSet\\Services\\Tcpip\\Parameters","ExecutionProcessID":3984,"Opcode":"Info","RecordNumber":243340,"ThreadID":4300,"EventType":"CreateKey","SourceName":"Microsoft-Windows-Sysmon","Keywords":-9223372036854775808,"Image":"C:\\windows\\system32\\lsass.exe","EventID":12,"Domain":"NT AUTHORITY","Category":"Registry object added or deleted (rule: RegistryEvent)","Version":2,"ProcessId":"708","@version":"1","AccountName":"SYSTEM","ProcessGuid":"{029f9482-bf9e-5f84-0c00-000000000400}","host":"wec.internal.cloudapp.net","Hostname":"MORDORDC.theshire.local","EventReceivedTime":"2020-10-12 18:33:16","SeverityValue":2,"EventTime":"2020-10-12 18:33:14","ProviderGuid":"{5770385F-C22A-43E0-BF4C-06F5698FFBD9}","Message":"Registry object added or deleted:\r\nRuleName: -\r\nEventType: CreateKey\r\nUtcTime: 2020-10-12 22:33:14.373\r\nProcessGuid: {029f9482-bf9e-5f84-0c00-000000000400}\r\nProcessId: 708\r\nImage: C:\\windows\\system32\\lsass.exe\r\nTargetObject: HKLM\\System\\CurrentControlSet\\Services\\Tcpip\\Parameters","SourceModuleName":"eventlog","AccountType":"User"}
{"@timestamp":"2020-10-12T22:33:16.159Z","port":61041,"Severity":"INFO","Task":12810,"Channel":"Security","tags":["mordorDataset"],"LayerName":"%%14608","SourceModuleType":"im_msvistalog","OpcodeValue":0,"Application":"\\device\\harddiskvolume2\\windowsazure\\secagent\\wasecagentprov.exe","EventType":"AUDIT_SUCCESS","ExecutionProcessID":4,"Opcode":"Info","RecordNumber":60973,"ThreadID":1636,"FilterRTID":"0","SourceName":"Microsoft-Windows-Security-Auditing","LayerRTID":"36","Keywords":-9214364837600034816,"EventID":5158,"Category":"Filtering Platform Connection","ProcessId":"968","Version":0,"@version":"1","host":"wec.internal.cloudapp.net","Hostname":"WORKSTATION6.theshire.local","SourcePort":"58387","EventReceivedTime":"2020-10-12 18:33:16","SeverityValue":2,"EventTime":"2020-10-12 18:33:14","ProviderGuid":"{54849625-5478-4994-A5BA-3E3B0328C30D}","Message":"The Windows Filtering Platform has permitted a bind to a local port.\r\n\r\nApplication Information:\r\n\tProcess ID:\t\t968\r\n\tApplication Name:\t\\device\\harddiskvolume2\\windowsazure\\secagent\\wasecagentprov.exe\r\n\r\nNetwork Information:\r\n\tSource Address:\t\t0.0.0.0\r\n\tSource Port:\t\t58387\r\n\tProtocol:\t\t6\r\n\r\nFilter Information:\r\n\tFilter Run-Time ID:\t0\r\n\tLayer Name:\t\tResource Assignment\r\n\tLayer Run-Time ID:\t36","SourceAddress":"0.0.0.0","SourceModuleName":"eventlog","Protocol":"6"}
