{"SourceProcessId":"908","RuleName":"-","@timestamp":"2020-10-12T22:34:38.992Z","Channel":"Microsoft-Windows-Sysmon/Operational","UserID":"S-1-5-18","TargetProcessId":"3448","CallTrace":"C:\\windows\\SYSTEM32\\ntdll.dll+9c534|C:\\windows\\SYSTEM32\\psmserviceexthost.dll+222a3|C:\\windows\\SYSTEM32\\psmserviceexthost.dll+1a172|C:\\windows\\SYSTEM32\\psmserviceexthost.dll+19e3b|C:\\windows\\SYSTEM32\\psmserviceexthost.dll+19318|C:\\windows\\SYSTEM32\\ntdll.dll+3081d|C:\\windows\\SYSTEM32\\ntdll.dll+345b4|C:\\windows\\System32\\KERNEL32.DLL+17bd4|C:\\windows\\SYSTEM32\\ntdll.dll+6ce51","RecordNumber":338669,"ThreadID":3444,"SourceProcessGUID":"{71b87c12-d256-5f84-1000-000000000500}","TargetImage":"C:\\windows\\System32\\svchost.exe","ProcessId":"908","Version":3,"Hostname":"WORKSTATION5.theshire.local","EventReceivedTime":"2020-10-12 18:34:38","ProviderGuid":"{5770385F-C22A-43E0-BF4C-06F5698FFBD9}","UtcTime":"2020-10-12 22:34:38.419","port":61041,"Severity":"INFO","tags":["mordorDataset"],"Task":10,"SourceThreadId":"1120","SourceModuleType":"im_msvistalog","OpcodeValue":0,"EventType":"INFO","ExecutionProcessID":3312,"Opcode":"Info","SourceName":"Microsoft-Windows-Sysmon","Keywords":-9223372036854775808,"EventID":10,"Domain":"NT AUTHORITY","Category":"Process accessed (rule: ProcessAccess)","@version":"1","AccountName":"SYSTEM","host":"wec.internal.cloudapp.net","SourceImage":"C:\\windows\\system32\\svchost.exe","SeverityValue":2,"EventTime":"2020-10-12 18:34:38","Message":"Process accessed:\r\nRuleName: -\r\nUtcTime: 2020-10-12 22:34:38.419\r\nSourceProcessGUID: {71b87c12-d256-5f84-1000-000000000500}\r\nSourceProcessId: 908\r\nSourceThreadId: 1120\r\nSourceImage: C:\\windows\\system32\\svchost.exe\r\nTargetProcessGUID: {71b87c12-d259-5f84-5600-000000000500}\r\nTargetProcessId: 3448\r\nTargetImage: C:\\windows\\System32\\svchost.exe\r\nGrantedAccess: 0x1000\r\nCallTrace: C:\\windows\\SYSTEM32\\ntdll.dll+9c534|C:\\windows\\SYSTEM32\\psmserviceexthost.dll+222a3|C:\\windows\\SYSTEM32\\psmserviceexthost.dll+1a172|C:\\windows\\SYSTEM32\\psmserviceexthost.dll+19e3b|C:\\windows\\SYSTEM32\\psmserviceexthost.dll+19318|C:\\windows\\SYSTEM32\\ntdll.dll+3081d|C:\\windows\\SYSTEM32\\ntdll.dll+345b4|C:\\windows\\System32\\KERNEL32.DLL+17bd4|C:\\windows\\SYSTEM32\\ntdll.dll+6ce51","SourceModuleName":"eventlog","GrantedAccess":"0x1000","AccountType":"User","TargetProcessGUID":"{71b87c12-d259-5f84-5600-000000000500}"}
{"RuleName":"-","@timestamp":"2020-10-12T22:34:38.993Z","SignatureStatus":"Valid","Channel":"Microsoft-Windows-Sysmon/Operational","UserID":"S-1-5-18","RecordNumber":338670,"ThreadID":3444,"Image":"C:\\Windows\\System32\\notepad.exe","ProcessId":"2368","Company":"Microsoft Corporation","Version":3,"Hostname":"WORKSTATION5.theshire.local","ImageLoaded":"C:\\Program Files\\Windows Defender\\MpOAV.dll","Description":"IOfficeAntiVirus Module","EventReceivedTime":"2020-10-12 18:34:38","ProviderGuid":"{5770385F-C22A-43E0-BF4C-06F5698FFBD9}","Signed":"true","UtcTime":"2020-10-12 22:34:38.419","port":61041,"Severity":"INFO","tags":["mordorDataset"],"Task":7,"SourceModuleType":"im_msvistalog","OpcodeValue":0,"EventType":"INFO","ExecutionProcessID":3312,"Opcode":"Info","SourceName":"Microsoft-Windows-Sysmon","Product":"Microsoft® Windows® Operating System","Keywords":-9223372036854775808,"FileVersion":"4.18.1902.5 (GitEnlistment(winpbld).190221-1742)","EventID":7,"Domain":"NT AUTHORITY","Category":"Image loaded (rule: ImageLoad)","OriginalFileName":"MpOAV.dll","@version":"1","AccountName":"SYSTEM","ProcessGuid":"{71b87c12-d9fe-5f84-1a01-000000000500}","host":"wec.internal.cloudapp.net","Hashes":"SHA1=730D77E5567EAA32B1746B739F40038ADCCB0DC3,MD5=BEF4D04BB9D627616070D66628AC7191,SHA256=36B41552BE0F17D4C0B4108951817C72E550F1DBB1165548E2217FC2580046AA,IMPHASH=26F5074076E239A05F85ED2BBA28B2CB","SeverityValue":2,"EventTime":"2020-10-12 18:34:38","Message":"Image loaded:\r\nRuleName: -\r\nUtcTime: 2020-10-12 22:34:38.419\r\nProcessGuid: {71b87c12-d9fe-5f84-1a01-000000000500}\r\nProcessId: 2368\r\nImage: C:\\Windows\\System32\\notepad.exe\r\nImageLoaded: C:\\Program Files\\Windows Defender\\MpOAV.dll\r\nFileVersion: 4.18.1902.5 (GitEnlistment(winpbld).190221-1742)\r\nDescription: IOfficeAntiVirus Module\r\nProduct: Microsoft® Windows® Operating System\r\nCompany: Microsoft Corporation\r\nOriginalFileName: MpOAV.dll\r\nHashes: SHA1=730D77E5567EAA32B1746B739F40038ADCCB0DC3,MD5=BEF4D04BB9D627616070D66628AC7191,SHA256=36B41552BE0F17D4C0B4108951817C72E550F1DBB1165548E2217FC2580046AA,IMPHASH=26F5074076E239A05F85ED2BBA28B2CB\r\nSigned: true\r\nSignature: Microsoft Windows\r\nSignatureStatus: Valid","SourceModuleName":"eventlog","AccountType":"User","Signature":"Microsoft Windows"}
{"RuleName":"-","@timestamp":"2020-10-12T22:34:39.999Z","SignatureStatus":"Valid","Channel":"Microsoft-Windows-Sysmon/Operational","UserID":"S-1-5-18","RecordNumber":338671,"ThreadID":3444,"Image":"C:\\Windows\\System32\\notepad.exe","ProcessId":"2368","Company":"Microsoft Corporation","Version":3,"Hostname":"WORKSTATION5.theshire.local","ImageLoaded":"C:\\Windows\\System32\\version.dll","Description":"Version Checking and File Installation Libraries","EventReceivedTime":"2020-10-12 18:34:39","ProviderGuid":"{5770385F-C22A-43E0-BF4C-06F5698FFBD9}","Signed":"true","UtcTime":"2020-10-12 22:34:38.419","port":61041,"Severity":"INFO","tags":["mordorDataset"],"Task":7,"SourceModuleType":"im_msvistalog","OpcodeValue":0,"EventType":"INFO","ExecutionProcessID":3312,"Opcode":"Info","SourceName":"Microsoft-Windows-Sysmon","Product":"Microsoft® Windows® Operating System","Keywords":-9223372036854775808,"FileVersion":"10.0.18362.1 (WinBuild.160101.0800)","EventID":7,"Domain":"NT AUTHORITY","Category":"Image loaded (rule: ImageLoad)","OriginalFileName":"VERSION.DLL","@version":"1","AccountName":"SYSTEM","ProcessGuid":"{71b87c12-d9fe-5f84-1a01-000000000500}","host":"wec.internal.cloudapp.net","Hashes":"SHA1=119724CC09BB52731D86A6B9F94003ED88E0E3FE,MD5=2C7C14627CFF3384C52E61D4DBD0ECC3,SHA256=41B4D85D84A86E41B948694B9B5F398A0D79F47629D6D969EB5B461D4F5D0347,IMPHASH=34340C2C4E9AA6EF6AD12BB695FC695B","SeverityValue":2,"EventTime":"2020-10-12 18:34:38","Message":"Image loaded:\r\nRuleName: -\r\nUtcTime: 2020-10-12 22:34:38.419\r\nProcessGuid: {71b87c12-d9fe-5f84-1a01-000000000500}\r\nProcessId: 2368\r\nImage: C:\\Windows\\System32\\notepad.exe\r\nImageLoaded: C:\\Windows\\System32\\version.dll\r\nFileVersion: 10.0.18362.1 (WinBuild.160101.0800)\r\nDescription: Version Checking and File Installation Libraries\r\nProduct: Microsoft® Windows® Operating System\r\nCompany: Microsoft Corporation\r\nOriginalFileName: VERSION.DLL\r\nHashes: SHA1=119724CC09BB52731D86A6B9F94003ED88E0E3FE,MD5=2C7C14627CFF3384C52E61D4DBD0ECC3,SHA256=41B4D85D84A86E41B948694B9B5F398A0D79F47629D6D969EB5B461D4F5D0347,IMPHASH=34340C2C4E9AA6EF6AD12BB695FC695B\r\nSigned: true\r\nSignature: Microsoft Windows\r\nSignatureStatus: Valid","SourceModuleName":"eventlog","AccountType":"User","Signature":"Microsoft Windows"}
{"RuleName":"-","@timestamp":"2020-10-12T22:34:40.000Z","SignatureStatus":"Valid","Channel":"Microsoft-Windows-Sysmon/Operational","UserID":"S-1-5-18","RecordNumber":338672,"ThreadID":3444,"Image":"C:\\Windows\\System32\\notepad.exe","ProcessId":"2368","Company":"Microsoft Corporation","Version":3,"Hostname":"WORKSTATION5.theshire.local","ImageLoaded":"C:\\Program Files\\Windows Defender\\MpClient.dll","Description":"Client Interface","EventReceivedTime":"2020-10-12 18:34:39","ProviderGuid":"{5770385F-C22A-43E0-BF4C-06F5698FFBD9}","Signed":"true","UtcTime":"2020-10-12 22:34:38.419","port":61041,"Severity":"INFO","tags":["mordorDataset"],"Task":7,"SourceModuleType":"im_msvistalog","OpcodeValue":0,"EventType":"INFO","ExecutionProcessID":3312,"Opcode":"Info","SourceName":"Microsoft-Windows-Sysmon","Product":"Microsoft® Windows® Operating System","Keywords":-9223372036854775808,"FileVersion":"4.18.1902.5 (GitEnlistment(winpbld).190221-1742)","EventID":7,"Domain":"NT AUTHORITY","Category":"Image loaded (rule: ImageLoad)","OriginalFileName":"mpclient.dll","@version":"1","AccountName":"SYSTEM","ProcessGuid":"{71b87c12-d9fe-5f84-1a01-000000000500}","host":"wec.internal.cloudapp.net","Hashes":"SHA1=20F79124CAF03B2DED236243BE70A18C93444656,MD5=255D13A3518672A178020736D3AD9FCC,SHA256=BEF221D9980AEB841562F4D195F6B3A6058D4A9745035D7E42DE3DEBB0D9A531,IMPHASH=14E15CE9180916E4E44532618B3ABC7C","SeverityValue":2,"EventTime":"2020-10-12 18:34:38","Message":"Image loaded:\r\nRuleName: -\r\nUtcTime: 2020-10-12 22:34:38.419\r\nProcessGuid: {71b87c12-d9fe-5f84-1a01-000000000500}\r\nProcessId: 2368\r\nImage: C:\\Windows\\System32\\notepad.exe\r\nImageLoaded: C:\\Program Files\\Windows Defender\\MpClient.dll\r\nFileVersion: 4.18.1902.5 (GitEnlistment(winpbld).190221-1742)\r\nDescription: Client Interface\r\nProduct: Microsoft® Windows® Operating System\r\nCompany: Microsoft Corporation\r\nOriginalFileName: mpclient.dll\r\nHashes: SHA1=20F79124CAF03B2DED236243BE70A18C93444656,MD5=255D13A3518672A178020736D3AD9FCC,SHA256=BEF221D9980AEB841562F4D195F6B3A6058D4A9745035D7E42DE3DEBB0D9A531,IMPHASH=14E15CE9180916E4E44532618B3ABC7C\r\nSigned: true\r\nSignature: Microsoft Windows\r\nSignatureStatus: Valid","SourceModuleName":"eventlog","AccountType":"User","Signature":"Microsoft Windows"}
{"RuleName":"-","@timestamp":"2020-10-12T22:34:40.000Z","SignatureStatus":"Valid","Channel":"Microsoft-Windows-Sysmon/Operational","UserID":"S-1-5-18","RecordNumber":338673,"ThreadID":3444,"Image":"C:\\Windows\\System32\\notepad.exe","ProcessId":"2368","Company":"Microsoft Corporation","Version":3,"Hostname":"WORKSTATION5.theshire.local","ImageLoaded":"C:\\Windows\\System32\\gpapi.dll","Description":"Group Policy Client API","EventReceivedTime":"2020-10-12 18:34:39","ProviderGuid":"{5770385F-C22A-43E0-BF4C-06F5698FFBD9}","Signed":"true","UtcTime":"2020-10-12 22:34:38.419","port":61041,"Severity":"INFO","tags":["mordorDataset"],"Task":7,"SourceModuleType":"im_msvistalog","OpcodeValue":0,"EventType":"INFO","ExecutionProcessID":3312,"Opcode":"Info","SourceName":"Microsoft-Windows-Sysmon","Product":"Microsoft® Windows® Operating System","Keywords":-9223372036854775808,"FileVersion":"10.0.18362.900 (WinBuild.160101.0800)","EventID":7,"Domain":"NT AUTHORITY","Category":"Image loaded (rule: ImageLoad)","OriginalFileName":"gpapi.dll","@version":"1","AccountName":"SYSTEM","ProcessGuid":"{71b87c12-d9fe-5f84-1a01-000000000500}","host":"wec.internal.cloudapp.net","Hashes":"SHA1=709E5FB3924E746C01D0C40D9BACAD76AB48BD9B,MD5=0106CE12DDDD45118B26CEC6C5F3B57D,SHA256=D9C388522042F88B9C1AD868FBADFA035DD7DDB1B8E43ED0E777A84992503E56,IMPHASH=B88676B268CF77D600BD3F359E469097","SeverityValue":2,"EventTime":"2020-10-12 18:34:38","Message":"Image loaded:\r\nRuleName: -\r\nUtcTime: 2020-10-12 22:34:38.419\r\nProcessGuid: {71b87c12-d9fe-5f84-1a01-000000000500}\r\nProcessId: 2368\r\nImage: C:\\Windows\\System32\\notepad.exe\r\nImageLoaded: C:\\Windows\\System32\\gpapi.dll\r\nFileVersion: 10.0.18362.900 (WinBuild.160101.0800)\r\nDescription: Group Policy Client API\r\nProduct: Microsoft® Windows® Operating System\r\nCompany: Microsoft Corporation\r\nOriginalFileName: gpapi.dll\r\nHashes: SHA1=709E5FB3924E746C01D0C40D9BACAD76AB48BD9B,MD5=0106CE12DDDD45118B26CEC6C5F3B57D,SHA256=D9C388522042F88B9C1AD868FBADFA035DD7DDB1B8E43ED0E777A84992503E56,IMPHASH=B88676B268CF77D600BD3F359E469097\r\nSigned: true\r\nSignature: Microsoft Windows\r\nSignatureStatus: Valid","SourceModuleName":"eventlog","AccountType":"User","Signature":"Microsoft Windows"}
{"RuleName":"-","@timestamp":"2020-10-12T22:34:40.000Z","SignatureStatus":"Valid","Channel":"Microsoft-Windows-Sysmon/Operational","UserID":"S-1-5-18","RecordNumber":338674,"ThreadID":3444,"Image":"C:\\Windows\\System32\\notepad.exe","ProcessId":"2368","Company":"Microsoft Corporation","Version":3,"Hostname":"WORKSTATION5.theshire.local","ImageLoaded":"C:\\Windows\\Microsoft.NET\\Framework64\\v4.0.30319\\clrjit.dll","Description":"Microsoft .NET Runtime Just-In-Time Compiler","EventReceivedTime":"2020-10-12 18:34:39","ProviderGuid":"{5770385F-C22A-43E0-BF4C-06F5698FFBD9}","Signed":"true","UtcTime":"2020-10-12 22:34:38.419","port":61041,"Severity":"INFO","tags":["mordorDataset"],"Task":7,"SourceModuleType":"im_msvistalog","OpcodeValue":0,"EventType":"INFO","ExecutionProcessID":3312,"Opcode":"Info","SourceName":"Microsoft-Windows-Sysmon","Product":"Microsoft® .NET Framework","Keywords":-9223372036854775808,"FileVersion":"4.8.4220.0 built by: NET48REL1LAST_C","EventID":7,"Domain":"NT AUTHORITY","Category":"Image loaded (rule: ImageLoad)","OriginalFileName":"clrjit.dll","@version":"1","AccountName":"SYSTEM","ProcessGuid":"{71b87c12-d9fe-5f84-1a01-000000000500}","host":"wec.internal.cloudapp.net","Hashes":"SHA1=99DB2D07E2A7217C09FBC48B1FADC7DE4E7C5984,MD5=89252FCFB8DC519AFC29EFBEC4E78EA0,SHA256=0C78D764D7F2EBD21D92D45200995CA513F98D8E03293B7BF1D1B1D89BCEF53D,IMPHASH=9F2B44B648DE13A18C1ABC07250B85C2","SeverityValue":2,"EventTime":"2020-10-12 18:34:38","Message":"Image loaded:\r\nRuleName: -\r\nUtcTime: 2020-10-12 22:34:38.419\r\nProcessGuid: {71b87c12-d9fe-5f84-1a01-000000000500}\r\nProcessId: 2368\r\nImage: C:\\Windows\\System32\\notepad.exe\r\nImageLoaded: C:\\Windows\\Microsoft.NET\\Framework64\\v4.0.30319\\clrjit.dll\r\nFileVersion: 4.8.4220.0 built by: NET48REL1LAST_C\r\nDescription: Microsoft .NET Runtime Just-In-Time Compiler\r\nProduct: Microsoft® .NET Framework\r\nCompany: Microsoft Corporation\r\nOriginalFileName: clrjit.dll\r\nHashes: SHA1=99DB2D07E2A7217C09FBC48B1FADC7DE4E7C5984,MD5=89252FCFB8DC519AFC29EFBEC4E78EA0,SHA256=0C78D764D7F2EBD21D92D45200995CA513F98D8E03293B7BF1D1B1D89BCEF53D,IMPHASH=9F2B44B648DE13A18C1ABC07250B85C2\r\nSigned: true\r\nSignature: Microsoft Corporation\r\nSignatureStatus: Valid","SourceModuleName":"eventlog","AccountType":"User","Signature":"Microsoft Corporation"}
{"RuleName":"-","@timestamp":"2020-10-12T22:34:40.001Z","SignatureStatus":"Unavailable","Channel":"Microsoft-Windows-Sysmon/Operational","UserID":"S-1-5-18","RecordNumber":338675,"ThreadID":3444,"Image":"C:\\Windows\\System32\\notepad.exe","ProcessId":"2368","Company":"Microsoft Corporation","Version":3,"Hostname":"WORKSTATION5.theshire.local","ImageLoaded":"C:\\Windows\\assembly\\NativeImages_v4.0.30319_64\\System\\84043d42d91958316db595f1576a37d5\\System.ni.dll","Description":".NET Framework","EventReceivedTime":"2020-10-12 18:34:39","ProviderGuid":"{5770385F-C22A-43E0-BF4C-06F5698FFBD9}","Signed":"false","UtcTime":"2020-10-12 22:34:38.419","port":61041,"Severity":"INFO","tags":["mordorDataset"],"Task":7,"SourceModuleType":"im_msvistalog","OpcodeValue":0,"EventType":"INFO","ExecutionProcessID":3312,"Opcode":"Info","SourceName":"Microsoft-Windows-Sysmon","Product":"Microsoft® .NET Framework","Keywords":-9223372036854775808,"FileVersion":"4.8.4200.0 built by: NET48REL1LAST_C","EventID":7,"Domain":"NT AUTHORITY","Category":"Image loaded (rule: ImageLoad)","OriginalFileName":"System.dll","@version":"1","AccountName":"SYSTEM","ProcessGuid":"{71b87c12-d9fe-5f84-1a01-000000000500}","host":"wec.internal.cloudapp.net","Hashes":"SHA1=A7043F7B06F0425A5C62B02857402B867B7FD5DB,MD5=813F7B4388A46EE963859FE303985C32,SHA256=0DF3972D65A1CBB06BA335513571594B936D296CB4147BDE91A7D3ECB3DE0A90,IMPHASH=00000000000000000000000000000000","SeverityValue":2,"EventTime":"2020-10-12 18:34:38","Message":"Image loaded:\r\nRuleName: -\r\nUtcTime: 2020-10-12 22:34:38.419\r\nProcessGuid: {71b87c12-d9fe-5f84-1a01-000000000500}\r\nProcessId: 2368\r\nImage: C:\\Windows\\System32\\notepad.exe\r\nImageLoaded: C:\\Windows\\assembly\\NativeImages_v4.0.30319_64\\System\\84043d42d91958316db595f1576a37d5\\System.ni.dll\r\nFileVersion: 4.8.4200.0 built by: NET48REL1LAST_C\r\nDescription: .NET Framework\r\nProduct: Microsoft® .NET Framework\r\nCompany: Microsoft Corporation\r\nOriginalFileName: System.dll\r\nHashes: SHA1=A7043F7B06F0425A5C62B02857402B867B7FD5DB,MD5=813F7B4388A46EE963859FE303985C32,SHA256=0DF3972D65A1CBB06BA335513571594B936D296CB4147BDE91A7D3ECB3DE0A90,IMPHASH=00000000000000000000000000000000\r\nSigned: false\r\nSignature: -\r\nSignatureStatus: Unavailable","SourceModuleName":"eventlog","AccountType":"User","Signature":"-"}
{"RuleName":"-","@timestamp":"2020-10-12T22:34:40.001Z","SignatureStatus":"Valid","Channel":"Microsoft-Windows-Sysmon/Operational","UserID":"S-1-5-18","RecordNumber":338676,"ThreadID":3216,"Image":"C:\\Windows\\System32\\notepad.exe","ProcessId":"2368","Company":"Microsoft Corporation","Version":3,"Hostname":"WORKSTATION5.theshire.local","ImageLoaded":"C:\\Windows\\System32\\oleacc.dll","Description":"Active Accessibility Core Component","EventReceivedTime":"2020-10-12 18:34:39","ProviderGuid":"{5770385F-C22A-43E0-BF4C-06F5698FFBD9}","Signed":"true","UtcTime":"2020-10-12 22:34:38.372","port":61041,"Severity":"INFO","tags":["mordorDataset"],"Task":7,"SourceModuleType":"im_msvistalog","OpcodeValue":0,"EventType":"INFO","ExecutionProcessID":3312,"Opcode":"Info","SourceName":"Microsoft-Windows-Sysmon","Product":"Microsoft® Windows® Operating System","Keywords":-9223372036854775808,"FileVersion":"7.2.18362.1 (WinBuild.160101.0800)","EventID":7,"Domain":"NT AUTHORITY","Category":"Image loaded (rule: ImageLoad)","OriginalFileName":"OLEACC.DLL","@version":"1","AccountName":"SYSTEM","ProcessGuid":"{71b87c12-d9fe-5f84-1a01-000000000500}","host":"wec.internal.cloudapp.net","Hashes":"SHA1=7435431DF766B706ED700A865C6DFF78F358C33A,MD5=A0BB0A1EEA7A26FCEB46B70AB3FD6864,SHA256=ACB135204BFE0ABA0EA32369C0F74F585060108CE626741AB91D1A8A64AC6242,IMPHASH=099BDC11B8F2748403DC3B67E7345DEA","SeverityValue":2,"EventTime":"2020-10-12 18:34:38","Message":"Image loaded:\r\nRuleName: -\r\nUtcTime: 2020-10-12 22:34:38.372\r\nProcessGuid: {71b87c12-d9fe-5f84-1a01-000000000500}\r\nProcessId: 2368\r\nImage: C:\\Windows\\System32\\notepad.exe\r\nImageLoaded: C:\\Windows\\System32\\oleacc.dll\r\nFileVersion: 7.2.18362.1 (WinBuild.160101.0800)\r\nDescription: Active Accessibility Core Component\r\nProduct: Microsoft® Windows® Operating System\r\nCompany: Microsoft Corporation\r\nOriginalFileName: OLEACC.DLL\r\nHashes: SHA1=7435431DF766B706ED700A865C6DFF78F358C33A,MD5=A0BB0A1EEA7A26FCEB46B70AB3FD6864,SHA256=ACB135204BFE0ABA0EA32369C0F74F585060108CE626741AB91D1A8A64AC6242,IMPHASH=099BDC11B8F2748403DC3B67E7345DEA\r\nSigned: true\r\nSignature: Microsoft Windows\r\nSignatureStatus: Valid","SourceModuleName":"eventlog","AccountType":"User","Signature":"Microsoft Windows"}
{"RuleName":"-","@timestamp":"2020-10-12T22:34:40.002Z","SignatureStatus":"Unavailable","Channel":"Microsoft-Windows-Sysmon/Operational","UserID":"S-1-5-18","RecordNumber":338677,"ThreadID":3444,"Image":"C:\\Windows\\System32\\notepad.exe","ProcessId":"2368","Company":"Microsoft Corporation","Version":3,"Hostname":"WORKSTATION5.theshire.local","ImageLoaded":"C:\\Windows\\assembly\\NativeImages_v4.0.30319_64\\System.Core\\9fa4d9c28359a124319f7913c56490e7\\System.Core.ni.dll","Description":".NET Framework","EventReceivedTime":"2020-10-12 18:34:39","ProviderGuid":"{5770385F-C22A-43E0-BF4C-06F5698FFBD9}","Signed":"false","UtcTime":"2020-10-12 22:34:38.435","port":61041,"Severity":"INFO","tags":["mordorDataset"],"Task":7,"SourceModuleType":"im_msvistalog","OpcodeValue":0,"EventType":"INFO","ExecutionProcessID":3312,"Opcode":"Info","SourceName":"Microsoft-Windows-Sysmon","Product":"Microsoft® .NET Framework","Keywords":-9223372036854775808,"FileVersion":"4.8.4220.0 built by: NET48REL1LAST_C","EventID":7,"Domain":"NT AUTHORITY","Category":"Image loaded (rule: ImageLoad)","OriginalFileName":"System.Core.dll","@version":"1","AccountName":"SYSTEM","ProcessGuid":"{71b87c12-d9fe-5f84-1a01-000000000500}","host":"wec.internal.cloudapp.net","Hashes":"SHA1=2EB79CE412A3AB8C37949D8C7D65A79D19202B52,MD5=8EA37454C022864692BF8E6F74FF5463,SHA256=CEE678038260BA39CF5E5F31CAB294742868280FD09723E9AD7150E1987ED377,IMPHASH=00000000000000000000000000000000","SeverityValue":2,"EventTime":"2020-10-12 18:34:38","Message":"Image loaded:\r\nRuleName: -\r\nUtcTime: 2020-10-12 22:34:38.435\r\nProcessGuid: {71b87c12-d9fe-5f84-1a01-000000000500}\r\nProcessId: 2368\r\nImage: C:\\Windows\\System32\\notepad.exe\r\nImageLoaded: C:\\Windows\\assembly\\NativeImages_v4.0.30319_64\\System.Core\\9fa4d9c28359a124319f7913c56490e7\\System.Core.ni.dll\r\nFileVersion: 4.8.4220.0 built by: NET48REL1LAST_C\r\nDescription: .NET Framework\r\nProduct: Microsoft® .NET Framework\r\nCompany: Microsoft Corporation\r\nOriginalFileName: System.Core.dll\r\nHashes: SHA1=2EB79CE412A3AB8C37949D8C7D65A79D19202B52,MD5=8EA37454C022864692BF8E6F74FF5463,SHA256=CEE678038260BA39CF5E5F31CAB294742868280FD09723E9AD7150E1987ED377,IMPHASH=00000000000000000000000000000000\r\nSigned: false\r\nSignature: -\r\nSignatureStatus: Unavailable","SourceModuleName":"eventlog","AccountType":"User","Signature":"-"}
{"RuleName":"-","@timestamp":"2020-10-12T22:34:40.002Z","SignatureStatus":"Valid","Channel":"Microsoft-Windows-Sysmon/Operational","UserID":"S-1-5-18","RecordNumber":338678,"ThreadID":3216,"Image":"C:\\Windows\\System32\\notepad.exe","ProcessId":"2368","Company":"Microsoft Corporation","Version":3,"Hostname":"WORKSTATION5.theshire.local","ImageLoaded":"C:\\Windows\\System32\\bcrypt.dll","Description":"Windows Cryptographic Primitives Library","EventReceivedTime":"2020-10-12 18:34:39","ProviderGuid":"{5770385F-C22A-43E0-BF4C-06F5698FFBD9}","Signed":"true","UtcTime":"2020-10-12 22:34:38.404","port":61041,"Severity":"INFO","tags":["mordorDataset"],"Task":7,"SourceModuleType":"im_msvistalog","OpcodeValue":0,"EventType":"INFO","ExecutionProcessID":3312,"Opcode":"Info","SourceName":"Microsoft-Windows-Sysmon","Product":"Microsoft® Windows® Operating System","Keywords":-9223372036854775808,"FileVersion":"10.0.18362.267 (WinBuild.160101.0800)","EventID":7,"Domain":"NT AUTHORITY","Category":"Image loaded (rule: ImageLoad)","OriginalFileName":"bcrypt.dll","@version":"1","AccountName":"SYSTEM","ProcessGuid":"{71b87c12-d9fe-5f84-1a01-000000000500}","host":"wec.internal.cloudapp.net","Hashes":"SHA1=421C35E0949143DE72C8F98776565D24815AD47E,MD5=F46778029BE7D755EBDCDF048EA62A4B,SHA256=907A4D1D405283AD24BBA1F9A763C5118A33574F3E0EC7FC543F65B24CC0A748,IMPHASH=E5649DCD6FA9472DB9A89CCD123913C0","SeverityValue":2,"EventTime":"2020-10-12 18:34:38","Message":"Image loaded:\r\nRuleName: -\r\nUtcTime: 2020-10-12 22:34:38.404\r\nProcessGuid: {71b87c12-d9fe-5f84-1a01-000000000500}\r\nProcessId: 2368\r\nImage: C:\\Windows\\System32\\notepad.exe\r\nImageLoaded: C:\\Windows\\System32\\bcrypt.dll\r\nFileVersion: 10.0.18362.267 (WinBuild.160101.0800)\r\nDescription: Windows Cryptographic Primitives Library\r\nProduct: Microsoft® Windows® Operating System\r\nCompany: Microsoft Corporation\r\nOriginalFileName: bcrypt.dll\r\nHashes: SHA1=421C35E0949143DE72C8F98776565D24815AD47E,MD5=F46778029BE7D755EBDCDF048EA62A4B,SHA256=907A4D1D405283AD24BBA1F9A763C5118A33574F3E0EC7FC543F65B24CC0A748,IMPHASH=E5649DCD6FA9472DB9A89CCD123913C0\r\nSigned: true\r\nSignature: Microsoft Windows\r\nSignatureStatus: Valid","SourceModuleName":"eventlog","AccountType":"User","Signature":"Microsoft Windows"}
{"@timestamp":"2020-10-12T22:34:40.003Z","port":61041,"Severity":"INFO","Task":12810,"Channel":"Security","tags":["mordorDataset"],"LayerName":"%%14608","SourceModuleType":"im_msvistalog","OpcodeValue":0,"Application":"\\device\\harddiskvolume2\\windowsazure\\guestagent_2.7.41491.993_2020-10-12_203248\\guestagent\\windowsazureguestagent.exe","EventType":"AUDIT_SUCCESS","ExecutionProcessID":4,"Opcode":"Info","RecordNumber":202373,"ThreadID":288,"FilterRTID":"0","SourceName":"Microsoft-Windows-Security-Auditing","LayerRTID":"36","Keywords":-9214364837600034816,"EventID":5158,"Category":"Filtering Platform Connection","ProcessId":"3956","Version":0,"@version":"1","host":"wec.internal.cloudapp.net","Hostname":"MORDORDC.theshire.local","SourcePort":"61046","EventReceivedTime":"2020-10-12 18:34:39","SeverityValue":2,"EventTime":"2020-10-12 18:34:37","ProviderGuid":"{54849625-5478-4994-A5BA-3E3B0328C30D}","Message":"The Windows Filtering Platform has permitted a bind to a local port.\r\n\r\nApplication Information:\r\n\tProcess ID:\t\t3956\r\n\tApplication Name:\t\\device\\harddiskvolume2\\windowsazure\\guestagent_2.7.41491.993_2020-10-12_203248\\guestagent\\windowsazureguestagent.exe\r\n\r\nNetwork Information:\r\n\tSource Address:\t\t0.0.0.0\r\n\tSource Port:\t\t61046\r\n\tProtocol:\t\t6\r\n\r\nFilter Information:\r\n\tFilter Run-Time ID:\t0\r\n\tLayer Name:\t\tResource Assignment\r\n\tLayer Run-Time ID:\t36","SourceAddress":"0.0.0.0","SourceModuleName":"eventlog","Protocol":"6"}
{"@timestamp":"2020-10-12T22:34:40.004Z","port":61041,"Severity":"INFO","Task":12810,"Channel":"Security","tags":["mordorDataset"],"LayerName":"%%14611","SourceModuleType":"im_msvistalog","OpcodeValue":0,"Application":"\\device\\harddiskvolume2\\windowsazure\\guestagent_2.7.41491.993_2020-10-12_203248\\guestagent\\windowsazureguestagent.exe","EventType":"AUDIT_SUCCESS","ExecutionProcessID":4,"Opcode":"Info","RecordNumber":202374,"ThreadID":288,"FilterRTID":"70901","SourceName":"Microsoft-Windows-Security-Auditing","DestPort":"80","LayerRTID":"48","Keywords":-9214364837600034816,"EventID":5156,"Category":"Filtering Platform Connection","ProcessId":"3956","Version":1,"@version":"1","Direction":"%%14593","DestAddress":"168.63.129.16","RemoteUserID":"S-1-0-0","host":"wec.internal.cloudapp.net","Hostname":"MORDORDC.theshire.local","SourcePort":"61046","RemoteMachineID":"S-1-0-0","EventReceivedTime":"2020-10-12 18:34:39","SeverityValue":2,"EventTime":"2020-10-12 18:34:37","ProviderGuid":"{54849625-5478-4994-A5BA-3E3B0328C30D}","Message":"The Windows Filtering Platform has permitted a connection.\r\n\r\nApplication Information:\r\n\tProcess ID:\t\t3956\r\n\tApplication Name:\t\\device\\harddiskvolume2\\windowsazure\\guestagent_2.7.41491.993_2020-10-12_203248\\guestagent\\windowsazureguestagent.exe\r\n\r\nNetwork Information:\r\n\tDirection:\t\tOutbound\r\n\tSource Address:\t\t172.18.38.5\r\n\tSource Port:\t\t61046\r\n\tDestination Address:\t168.63.129.16\r\n\tDestination Port:\t\t80\r\n\tProtocol:\t\t6\r\n\r\nFilter Information:\r\n\tFilter Run-Time ID:\t70901\r\n\tLayer Name:\t\tConnect\r\n\tLayer Run-Time ID:\t48","SourceAddress":"172.18.38.5","SourceModuleName":"eventlog","Protocol":"6"}
{"RuleName":"-","@timestamp":"2020-10-12T22:34:40.004Z","SignatureStatus":"Valid","Channel":"Microsoft-Windows-Sysmon/Operational","UserID":"S-1-5-18","RecordNumber":338679,"ThreadID":3216,"Image":"C:\\Windows\\System32\\notepad.exe","ProcessId":"2368","Company":"Microsoft Corporation","Version":3,"Hostname":"WORKSTATION5.theshire.local","ImageLoaded":"C:\\Windows\\System32\\userenv.dll","Description":"Userenv","EventReceivedTime":"2020-10-12 18:34:39","ProviderGuid":"{5770385F-C22A-43E0-BF4C-06F5698FFBD9}","Signed":"true","UtcTime":"2020-10-12 22:34:38.419","port":61041,"Severity":"INFO","tags":["mordorDataset"],"Task":7,"SourceModuleType":"im_msvistalog","OpcodeValue":0,"EventType":"INFO","ExecutionProcessID":3312,"Opcode":"Info","SourceName":"Microsoft-Windows-Sysmon","Product":"Microsoft® Windows® Operating System","Keywords":-9223372036854775808,"FileVersion":"10.0.18362.387 (WinBuild.160101.0800)","EventID":7,"Domain":"NT AUTHORITY","Category":"Image loaded (rule: ImageLoad)","OriginalFileName":"userenv.dll","@version":"1","AccountName":"SYSTEM","ProcessGuid":"{71b87c12-d9fe-5f84-1a01-000000000500}","host":"wec.internal.cloudapp.net","Hashes":"SHA1=C1907DBEAA74E03B73A2FE0D16F497EB6842F1D6,MD5=04E6358C6DD4B1A85241511F372413E4,SHA256=BA1520DC9D01CD4956D77AF9A90D5D998003E9371B7157010F80CF9368B21A54,IMPHASH=C4AB96EBAAEC4F9F1CA58498083E8E3B","SeverityValue":2,"EventTime":"2020-10-12 18:34:38","Message":"Image loaded:\r\nRuleName: -\r\nUtcTime: 2020-10-12 22:34:38.419\r\nProcessGuid: {71b87c12-d9fe-5f84-1a01-000000000500}\r\nProcessId: 2368\r\nImage: C:\\Windows\\System32\\notepad.exe\r\nImageLoaded: C:\\Windows\\System32\\userenv.dll\r\nFileVersion: 10.0.18362.387 (WinBuild.160101.0800)\r\nDescription: Userenv\r\nProduct: Microsoft® Windows® Operating System\r\nCompany: Microsoft Corporation\r\nOriginalFileName: userenv.dll\r\nHashes: SHA1=C1907DBEAA74E03B73A2FE0D16F497EB6842F1D6,MD5=04E6358C6DD4B1A85241511F372413E4,SHA256=BA1520DC9D01CD4956D77AF9A90D5D998003E9371B7157010F80CF9368B21A54,IMPHASH=C4AB96EBAAEC4F9F1CA58498083E8E3B\r\nSigned: true\r\nSignature: Microsoft Windows\r\nSignatureStatus: Valid","SourceModuleName":"eventlog","AccountType":"User","Signature":"Microsoft Windows"}
{"SourceProcessId":"908","RuleName":"-","@timestamp":"2020-10-12T22:34:40.005Z","Channel":"Microsoft-Windows-Sysmon/Operational","UserID":"S-1-5-18","TargetProcessId":"3448","CallTrace":"C:\\windows\\SYSTEM32\\ntdll.dll+9c534|C:\\windows\\SYSTEM32\\psmserviceexthost.dll+222a3|C:\\windows\\SYSTEM32\\psmserviceexthost.dll+1a172|C:\\windows\\SYSTEM32\\psmserviceexthost.dll+19e3b|C:\\windows\\SYSTEM32\\psmserviceexthost.dll+19318|C:\\windows\\SYSTEM32\\ntdll.dll+3081d|C:\\windows\\SYSTEM32\\ntdll.dll+345b4|C:\\windows\\System32\\KERNEL32.DLL+17bd4|C:\\windows\\SYSTEM32\\ntdll.dll+6ce51","RecordNumber":338680,"ThreadID":3444,"SourceProcessGUID":"{71b87c12-d256-5f84-1000-000000000500}","TargetImage":"C:\\windows\\System32\\svchost.exe","ProcessId":"908","Version":3,"Hostname":"WORKSTATION5.theshire.local","EventReceivedTime":"2020-10-12 18:34:39","ProviderGuid":"{5770385F-C22A-43E0-BF4C-06F5698FFBD9}","UtcTime":"2020-10-12 22:34:38.450","port":61041,"Severity":"INFO","tags":["mordorDataset"],"Task":10,"SourceThreadId":"5544","SourceModuleType":"im_msvistalog","OpcodeValue":0,"EventType":"INFO","ExecutionProcessID":3312,"Opcode":"Info","SourceName":"Microsoft-Windows-Sysmon","Keywords":-9223372036854775808,"EventID":10,"Domain":"NT AUTHORITY","Category":"Process accessed (rule: ProcessAccess)","@version":"1","AccountName":"SYSTEM","host":"wec.internal.cloudapp.net","SourceImage":"C:\\windows\\system32\\svchost.exe","SeverityValue":2,"EventTime":"2020-10-12 18:34:38","Message":"Process accessed:\r\nRuleName: -\r\nUtcTime: 2020-10-12 22:34:38.450\r\nSourceProcessGUID: {71b87c12-d256-5f84-1000-000000000500}\r\nSourceProcessId: 908\r\nSourceThreadId: 5544\r\nSourceImage: C:\\windows\\system32\\svchost.exe\r\nTargetProcessGUID: {71b87c12-d259-5f84-5600-000000000500}\r\nTargetProcessId: 3448\r\nTargetImage: C:\\windows\\System32\\svchost.exe\r\nGrantedAccess: 0x1000\r\nCallTrace: C:\\windows\\SYSTEM32\\ntdll.dll+9c534|C:\\windows\\SYSTEM32\\psmserviceexthost.dll+222a3|C:\\windows\\SYSTEM32\\psmserviceexthost.dll+1a172|C:\\windows\\SYSTEM32\\psmserviceexthost.dll+19e3b|C:\\windows\\SYSTEM32\\psmserviceexthost.dll+19318|C:\\windows\\SYSTEM32\\ntdll.dll+3081d|C:\\windows\\SYSTEM32\\ntdll.dll+345b4|C:\\windows\\System32\\KERNEL32.DLL+17bd4|C:\\windows\\SYSTEM32\\ntdll.dll+6ce51","SourceModuleName":"eventlog","GrantedAccess":"0x1000","AccountType":"User","TargetProcessGUID":"{71b87c12-d259-5f84-5600-000000000500}"}
{"SourceProcessId":"908","RuleName":"-","@timestamp":"2020-10-12T22:34:40.005Z","Channel":"Microsoft-Windows-Sysmon/Operational","UserID":"S-1-5-18","TargetProcessId":"3448","CallTrace":"C:\\windows\\SYSTEM32\\ntdll.dll+9c534|C:\\windows\\SYSTEM32\\psmserviceexthost.dll+222a3|C:\\windows\\SYSTEM32\\psmserviceexthost.dll+1a172|C:\\windows\\SYSTEM32\\psmserviceexthost.dll+19e3b|C:\\windows\\SYSTEM32\\psmserviceexthost.dll+19318|C:\\windows\\SYSTEM32\\ntdll.dll+3081d|C:\\windows\\SYSTEM32\\ntdll.dll+345b4|C:\\windows\\System32\\KERNEL32.DLL+17bd4|C:\\windows\\SYSTEM32\\ntdll.dll+6ce51","RecordNumber":338681,"ThreadID":3444,"SourceProcessGUID":"{71b87c12-d256-5f84-1000-000000000500}","TargetImage":"C:\\windows\\System32\\svchost.exe","ProcessId":"908","Version":3,"Hostname":"WORKSTATION5.theshire.local","EventReceivedTime":"2020-10-12 18:34:39","ProviderGuid":"{5770385F-C22A-43E0-BF4C-06F5698FFBD9}","UtcTime":"2020-10-12 22:34:38.450","port":61041,"Severity":"INFO","tags":["mordorDataset"],"Task":10,"SourceThreadId":"5544","SourceModuleType":"im_msvistalog","OpcodeValue":0,"EventType":"INFO","ExecutionProcessID":3312,"Opcode":"Info","SourceName":"Microsoft-Windows-Sysmon","Keywords":-9223372036854775808,"EventID":10,"Domain":"NT AUTHORITY","Category":"Process accessed (rule: ProcessAccess)","@version":"1","AccountName":"SYSTEM","host":"wec.internal.cloudapp.net","SourceImage":"C:\\windows\\system32\\svchost.exe","SeverityValue":2,"EventTime":"2020-10-12 18:34:38","Message":"Process accessed:\r\nRuleName: -\r\nUtcTime: 2020-10-12 22:34:38.450\r\nSourceProcessGUID: {71b87c12-d256-5f84-1000-000000000500}\r\nSourceProcessId: 908\r\nSourceThreadId: 5544\r\nSourceImage: C:\\windows\\system32\\svchost.exe\r\nTargetProcessGUID: {71b87c12-d259-5f84-5600-000000000500}\r\nTargetProcessId: 3448\r\nTargetImage: C:\\windows\\System32\\svchost.exe\r\nGrantedAccess: 0x1000\r\nCallTrace: C:\\windows\\SYSTEM32\\ntdll.dll+9c534|C:\\windows\\SYSTEM32\\psmserviceexthost.dll+222a3|C:\\windows\\SYSTEM32\\psmserviceexthost.dll+1a172|C:\\windows\\SYSTEM32\\psmserviceexthost.dll+19e3b|C:\\windows\\SYSTEM32\\psmserviceexthost.dll+19318|C:\\windows\\SYSTEM32\\ntdll.dll+3081d|C:\\windows\\SYSTEM32\\ntdll.dll+345b4|C:\\windows\\System32\\KERNEL32.DLL+17bd4|C:\\windows\\SYSTEM32\\ntdll.dll+6ce51","SourceModuleName":"eventlog","GrantedAccess":"0x1000","AccountType":"User","TargetProcessGUID":"{71b87c12-d259-5f84-5600-000000000500}"}
{"UtcTime":"2020-10-12 22:34:38.450","RuleName":"-","@timestamp":"2020-10-12T22:34:40.006Z","port":61041,"Severity":"INFO","Task":11,"Channel":"Microsoft-Windows-Sysmon/Operational","tags":["mordorDataset"],"UserID":"S-1-5-18","SourceModuleType":"im_msvistalog","OpcodeValue":0,"EventType":"INFO","ExecutionProcessID":3312,"Opcode":"Info","RecordNumber":338682,"ThreadID":3444,"SourceName":"Microsoft-Windows-Sysmon","TargetFilename":"C:\\Windows\\Prefetch\\WUAUCLT.EXE-70318591.pf","Keywords":-9223372036854775808,"Image":"C:\\windows\\system32\\svchost.exe","EventID":11,"Domain":"NT AUTHORITY","Category":"File created (rule: FileCreate)","Version":2,"ProcessId":"2064","@version":"1","AccountName":"SYSTEM","CreationUtcTime":"2020-10-12 21:46:37.524","ProcessGuid":"{71b87c12-d257-5f84-3100-000000000500}","host":"wec.internal.cloudapp.net","Hostname":"WORKSTATION5.theshire.local","EventReceivedTime":"2020-10-12 18:34:39","SeverityValue":2,"EventTime":"2020-10-12 18:34:38","ProviderGuid":"{5770385F-C22A-43E0-BF4C-06F5698FFBD9}","Message":"File created:\r\nRuleName: -\r\nUtcTime: 2020-10-12 22:34:38.450\r\nProcessGuid: {71b87c12-d257-5f84-3100-000000000500}\r\nProcessId: 2064\r\nImage: C:\\windows\\system32\\svchost.exe\r\nTargetFilename: C:\\Windows\\Prefetch\\WUAUCLT.EXE-70318591.pf\r\nCreationUtcTime: 2020-10-12 21:46:37.524","SourceModuleName":"eventlog","AccountType":"User"}
{"SourceProcessId":"908","RuleName":"-","@timestamp":"2020-10-12T22:34:40.006Z","Channel":"Microsoft-Windows-Sysmon/Operational","UserID":"S-1-5-18","TargetProcessId":"3448","CallTrace":"C:\\windows\\SYSTEM32\\ntdll.dll+9c534|C:\\windows\\SYSTEM32\\psmserviceexthost.dll+222a3|C:\\windows\\SYSTEM32\\psmserviceexthost.dll+1a172|C:\\windows\\SYSTEM32\\psmserviceexthost.dll+19e3b|C:\\windows\\SYSTEM32\\psmserviceexthost.dll+19318|C:\\windows\\SYSTEM32\\ntdll.dll+3081d|C:\\windows\\SYSTEM32\\ntdll.dll+345b4|C:\\windows\\System32\\KERNEL32.DLL+17bd4|C:\\windows\\SYSTEM32\\ntdll.dll+6ce51","RecordNumber":338683,"ThreadID":3444,"SourceProcessGUID":"{71b87c12-d256-5f84-1000-000000000500}","TargetImage":"C:\\windows\\System32\\svchost.exe","ProcessId":"908","Version":3,"Hostname":"WORKSTATION5.theshire.local","EventReceivedTime":"2020-10-12 18:34:39","ProviderGuid":"{5770385F-C22A-43E0-BF4C-06F5698FFBD9}","UtcTime":"2020-10-12 22:34:38.450","port":61041,"Severity":"INFO","tags":["mordorDataset"],"Task":10,"SourceThreadId":"1120","SourceModuleType":"im_msvistalog","OpcodeValue":0,"EventType":"INFO","ExecutionProcessID":3312,"Opcode":"Info","SourceName":"Microsoft-Windows-Sysmon","Keywords":-9223372036854775808,"EventID":10,"Domain":"NT AUTHORITY","Category":"Process accessed (rule: ProcessAccess)","@version":"1","AccountName":"SYSTEM","host":"wec.internal.cloudapp.net","SourceImage":"C:\\windows\\system32\\svchost.exe","SeverityValue":2,"EventTime":"2020-10-12 18:34:38","Message":"Process accessed:\r\nRuleName: -\r\nUtcTime: 2020-10-12 22:34:38.450\r\nSourceProcessGUID: {71b87c12-d256-5f84-1000-000000000500}\r\nSourceProcessId: 908\r\nSourceThreadId: 1120\r\nSourceImage: C:\\windows\\system32\\svchost.exe\r\nTargetProcessGUID: {71b87c12-d259-5f84-5600-000000000500}\r\nTargetProcessId: 3448\r\nTargetImage: C:\\windows\\System32\\svchost.exe\r\nGrantedAccess: 0x1000\r\nCallTrace: C:\\windows\\SYSTEM32\\ntdll.dll+9c534|C:\\windows\\SYSTEM32\\psmserviceexthost.dll+222a3|C:\\windows\\SYSTEM32\\psmserviceexthost.dll+1a172|C:\\windows\\SYSTEM32\\psmserviceexthost.dll+19e3b|C:\\windows\\SYSTEM32\\psmserviceexthost.dll+19318|C:\\windows\\SYSTEM32\\ntdll.dll+3081d|C:\\windows\\SYSTEM32\\ntdll.dll+345b4|C:\\windows\\System32\\KERNEL32.DLL+17bd4|C:\\windows\\SYSTEM32\\ntdll.dll+6ce51","SourceModuleName":"eventlog","GrantedAccess":"0x1000","AccountType":"User","TargetProcessGUID":"{71b87c12-d259-5f84-5600-000000000500}"}
{"SourceProcessId":"908","RuleName":"-","@timestamp":"2020-10-12T22:34:40.007Z","Channel":"Microsoft-Windows-Sysmon/Operational","UserID":"S-1-5-18","TargetProcessId":"3448","CallTrace":"C:\\windows\\SYSTEM32\\ntdll.dll+9c534|C:\\windows\\SYSTEM32\\psmserviceexthost.dll+222a3|C:\\windows\\SYSTEM32\\psmserviceexthost.dll+1a172|C:\\windows\\SYSTEM32\\psmserviceexthost.dll+19e3b|C:\\windows\\SYSTEM32\\psmserviceexthost.dll+19318|C:\\windows\\SYSTEM32\\ntdll.dll+3081d|C:\\windows\\SYSTEM32\\ntdll.dll+345b4|C:\\windows\\System32\\KERNEL32.DLL+17bd4|C:\\windows\\SYSTEM32\\ntdll.dll+6ce51","RecordNumber":338684,"ThreadID":3444,"SourceProcessGUID":"{71b87c12-d256-5f84-1000-000000000500}","TargetImage":"C:\\windows\\System32\\svchost.exe","ProcessId":"908","Version":3,"Hostname":"WORKSTATION5.theshire.local","EventReceivedTime":"2020-10-12 18:34:39","ProviderGuid":"{5770385F-C22A-43E0-BF4C-06F5698FFBD9}","UtcTime":"2020-10-12 22:34:38.450","port":61041,"Severity":"INFO","tags":["mordorDataset"],"Task":10,"SourceThreadId":"1120","SourceModuleType":"im_msvistalog","OpcodeValue":0,"EventType":"INFO","ExecutionProcessID":3312,"Opcode":"Info","SourceName":"Microsoft-Windows-Sysmon","Keywords":-9223372036854775808,"EventID":10,"Domain":"NT AUTHORITY","Category":"Process accessed (rule: ProcessAccess)","@version":"1","AccountName":"SYSTEM","host":"wec.internal.cloudapp.net","SourceImage":"C:\\windows\\system32\\svchost.exe","SeverityValue":2,"EventTime":"2020-10-12 18:34:38","Message":"Process accessed:\r\nRuleName: -\r\nUtcTime: 2020-10-12 22:34:38.450\r\nSourceProcessGUID: {71b87c12-d256-5f84-1000-000000000500}\r\nSourceProcessId: 908\r\nSourceThreadId: 1120\r\nSourceImage: C:\\windows\\system32\\svchost.exe\r\nTargetProcessGUID: {71b87c12-d259-5f84-5600-000000000500}\r\nTargetProcessId: 3448\r\nTargetImage: C:\\windows\\System32\\svchost.exe\r\nGrantedAccess: 0x1000\r\nCallTrace: C:\\windows\\SYSTEM32\\ntdll.dll+9c534|C:\\windows\\SYSTEM32\\psmserviceexthost.dll+222a3|C:\\windows\\SYSTEM32\\psmserviceexthost.dll+1a172|C:\\windows\\SYSTEM32\\psmserviceexthost.dll+19e3b|C:\\windows\\SYSTEM32\\psmserviceexthost.dll+19318|C:\\windows\\SYSTEM32\\ntdll.dll+3081d|C:\\windows\\SYSTEM32\\ntdll.dll+345b4|C:\\windows\\System32\\KERNEL32.DLL+17bd4|C:\\windows\\SYSTEM32\\ntdll.dll+6ce51","SourceModuleName":"eventlog","GrantedAccess":"0x1000","AccountType":"User","TargetProcessGUID":"{71b87c12-d259-5f84-5600-000000000500}"}
{"UtcTime":"2020-10-12 22:34:38.466","RuleName":"-","@timestamp":"2020-10-12T22:34:40.008Z","port":61041,"Severity":"INFO","Task":11,"Channel":"Microsoft-Windows-Sysmon/Operational","tags":["mordorDataset"],"UserID":"S-1-5-18","SourceModuleType":"im_msvistalog","OpcodeValue":0,"EventType":"INFO","ExecutionProcessID":3312,"Opcode":"Info","RecordNumber":338685,"ThreadID":3444,"SourceName":"Microsoft-Windows-Sysmon","TargetFilename":"C:\\Windows\\Prefetch\\CMD.EXE-4A81B364.pf","Keywords":-9223372036854775808,"Image":"C:\\windows\\system32\\svchost.exe","EventID":11,"Domain":"NT AUTHORITY","Category":"File created (rule: FileCreate)","Version":2,"ProcessId":"2064","@version":"1","AccountName":"SYSTEM","CreationUtcTime":"2020-10-12 20:36:32.379","ProcessGuid":"{71b87c12-d257-5f84-3100-000000000500}","host":"wec.internal.cloudapp.net","Hostname":"WORKSTATION5.theshire.local","EventReceivedTime":"2020-10-12 18:34:39","SeverityValue":2,"EventTime":"2020-10-12 18:34:38","ProviderGuid":"{5770385F-C22A-43E0-BF4C-06F5698FFBD9}","Message":"File created:\r\nRuleName: -\r\nUtcTime: 2020-10-12 22:34:38.466\r\nProcessGuid: {71b87c12-d257-5f84-3100-000000000500}\r\nProcessId: 2064\r\nImage: C:\\windows\\system32\\svchost.exe\r\nTargetFilename: C:\\Windows\\Prefetch\\CMD.EXE-4A81B364.pf\r\nCreationUtcTime: 2020-10-12 20:36:32.379","SourceModuleName":"eventlog","AccountType":"User"}
{"SourceProcessId":"908","RuleName":"-","@timestamp":"2020-10-12T22:34:40.008Z","Channel":"Microsoft-Windows-Sysmon/Operational","UserID":"S-1-5-18","TargetProcessId":"3448","CallTrace":"C:\\windows\\SYSTEM32\\ntdll.dll+9c534|C:\\windows\\SYSTEM32\\psmserviceexthost.dll+222a3|C:\\windows\\SYSTEM32\\psmserviceexthost.dll+1a172|C:\\windows\\SYSTEM32\\psmserviceexthost.dll+19e3b|C:\\windows\\SYSTEM32\\psmserviceexthost.dll+19318|C:\\windows\\SYSTEM32\\ntdll.dll+3081d|C:\\windows\\SYSTEM32\\ntdll.dll+345b4|C:\\windows\\System32\\KERNEL32.DLL+17bd4|C:\\windows\\SYSTEM32\\ntdll.dll+6ce51","RecordNumber":338686,"ThreadID":3444,"SourceProcessGUID":"{71b87c12-d256-5f84-1000-000000000500}","TargetImage":"C:\\windows\\System32\\svchost.exe","ProcessId":"908","Version":3,"Hostname":"WORKSTATION5.theshire.local","EventReceivedTime":"2020-10-12 18:34:39","ProviderGuid":"{5770385F-C22A-43E0-BF4C-06F5698FFBD9}","UtcTime":"2020-10-12 22:34:38.466","port":61041,"Severity":"INFO","tags":["mordorDataset"],"Task":10,"SourceThreadId":"5544","SourceModuleType":"im_msvistalog","OpcodeValue":0,"EventType":"INFO","ExecutionProcessID":3312,"Opcode":"Info","SourceName":"Microsoft-Windows-Sysmon","Keywords":-9223372036854775808,"EventID":10,"Domain":"NT AUTHORITY","Category":"Process accessed (rule: ProcessAccess)","@version":"1","AccountName":"SYSTEM","host":"wec.internal.cloudapp.net","SourceImage":"C:\\windows\\system32\\svchost.exe","SeverityValue":2,"EventTime":"2020-10-12 18:34:38","Message":"Process accessed:\r\nRuleName: -\r\nUtcTime: 2020-10-12 22:34:38.466\r\nSourceProcessGUID: {71b87c12-d256-5f84-1000-000000000500}\r\nSourceProcessId: 908\r\nSourceThreadId: 5544\r\nSourceImage: C:\\windows\\system32\\svchost.exe\r\nTargetProcessGUID: {71b87c12-d259-5f84-5600-000000000500}\r\nTargetProcessId: 3448\r\nTargetImage: C:\\windows\\System32\\svchost.exe\r\nGrantedAccess: 0x1000\r\nCallTrace: C:\\windows\\SYSTEM32\\ntdll.dll+9c534|C:\\windows\\SYSTEM32\\psmserviceexthost.dll+222a3|C:\\windows\\SYSTEM32\\psmserviceexthost.dll+1a172|C:\\windows\\SYSTEM32\\psmserviceexthost.dll+19e3b|C:\\windows\\SYSTEM32\\psmserviceexthost.dll+19318|C:\\windows\\SYSTEM32\\ntdll.dll+3081d|C:\\windows\\SYSTEM32\\ntdll.dll+345b4|C:\\windows\\System32\\KERNEL32.DLL+17bd4|C:\\windows\\SYSTEM32\\ntdll.dll+6ce51","SourceModuleName":"eventlog","GrantedAccess":"0x1000","AccountType":"User","TargetProcessGUID":"{71b87c12-d259-5f84-5600-000000000500}"}
{"SourceProcessId":"908","RuleName":"-","@timestamp":"2020-10-12T22:34:40.009Z","Channel":"Microsoft-Windows-Sysmon/Operational","UserID":"S-1-5-18","TargetProcessId":"3448","CallTrace":"C:\\windows\\SYSTEM32\\ntdll.dll+9c534|C:\\windows\\SYSTEM32\\psmserviceexthost.dll+222a3|C:\\windows\\SYSTEM32\\psmserviceexthost.dll+1a172|C:\\windows\\SYSTEM32\\psmserviceexthost.dll+19e3b|C:\\windows\\SYSTEM32\\psmserviceexthost.dll+19318|C:\\windows\\SYSTEM32\\ntdll.dll+3081d|C:\\windows\\SYSTEM32\\ntdll.dll+345b4|C:\\windows\\System32\\KERNEL32.DLL+17bd4|C:\\windows\\SYSTEM32\\ntdll.dll+6ce51","RecordNumber":338687,"ThreadID":3444,"SourceProcessGUID":"{71b87c12-d256-5f84-1000-000000000500}","TargetImage":"C:\\windows\\System32\\svchost.exe","ProcessId":"908","Version":3,"Hostname":"WORKSTATION5.theshire.local","EventReceivedTime":"2020-10-12 18:34:39","ProviderGuid":"{5770385F-C22A-43E0-BF4C-06F5698FFBD9}","UtcTime":"2020-10-12 22:34:38.466","port":61041,"Severity":"INFO","tags":["mordorDataset"],"Task":10,"SourceThreadId":"5544","SourceModuleType":"im_msvistalog","OpcodeValue":0,"EventType":"INFO","ExecutionProcessID":3312,"Opcode":"Info","SourceName":"Microsoft-Windows-Sysmon","Keywords":-9223372036854775808,"EventID":10,"Domain":"NT AUTHORITY","Category":"Process accessed (rule: ProcessAccess)","@version":"1","AccountName":"SYSTEM","host":"wec.internal.cloudapp.net","SourceImage":"C:\\windows\\system32\\svchost.exe","SeverityValue":2,"EventTime":"2020-10-12 18:34:38","Message":"Process accessed:\r\nRuleName: -\r\nUtcTime: 2020-10-12 22:34:38.466\r\nSourceProcessGUID: {71b87c12-d256-5f84-1000-000000000500}\r\nSourceProcessId: 908\r\nSourceThreadId: 5544\r\nSourceImage: C:\\windows\\system32\\svchost.exe\r\nTargetProcessGUID: {71b87c12-d259-5f84-5600-000000000500}\r\nTargetProcessId: 3448\r\nTargetImage: C:\\windows\\System32\\svchost.exe\r\nGrantedAccess: 0x1000\r\nCallTrace: C:\\windows\\SYSTEM32\\ntdll.dll+9c534|C:\\windows\\SYSTEM32\\psmserviceexthost.dll+222a3|C:\\windows\\SYSTEM32\\psmserviceexthost.dll+1a172|C:\\windows\\SYSTEM32\\psmserviceexthost.dll+19e3b|C:\\windows\\SYSTEM32\\psmserviceexthost.dll+19318|C:\\windows\\SYSTEM32\\ntdll.dll+3081d|C:\\windows\\SYSTEM32\\ntdll.dll+345b4|C:\\windows\\System32\\KERNEL32.DLL+17bd4|C:\\windows\\SYSTEM32\\ntdll.dll+6ce51","SourceModuleName":"eventlog","GrantedAccess":"0x1000","AccountType":"User","TargetProcessGUID":"{71b87c12-d259-5f84-5600-000000000500}"}
{"UtcTime":"2020-10-12 22:34:38.466","RuleName":"-","@timestamp":"2020-10-12T22:34:40.009Z","port":61041,"Severity":"INFO","Task":11,"Channel":"Microsoft-Windows-Sysmon/Operational","tags":["mordorDataset"],"UserID":"S-1-5-18","SourceModuleType":"im_msvistalog","OpcodeValue":0,"EventType":"INFO","ExecutionProcessID":3312,"Opcode":"Info","RecordNumber":338688,"ThreadID":3444,"SourceName":"Microsoft-Windows-Sysmon","TargetFilename":"C:\\Windows\\Prefetch\\CONHOST.EXE-1F3E9D7E.pf","Keywords":-9223372036854775808,"Image":"C:\\windows\\system32\\svchost.exe","EventID":11,"Domain":"NT AUTHORITY","Category":"File created (rule: FileCreate)","Version":2,"ProcessId":"2064","@version":"1","AccountName":"SYSTEM","CreationUtcTime":"2020-10-12 20:36:13.887","ProcessGuid":"{71b87c12-d257-5f84-3100-000000000500}","host":"wec.internal.cloudapp.net","Hostname":"WORKSTATION5.theshire.local","EventReceivedTime":"2020-10-12 18:34:39","SeverityValue":2,"EventTime":"2020-10-12 18:34:38","ProviderGuid":"{5770385F-C22A-43E0-BF4C-06F5698FFBD9}","Message":"File created:\r\nRuleName: -\r\nUtcTime: 2020-10-12 22:34:38.466\r\nProcessGuid: {71b87c12-d257-5f84-3100-000000000500}\r\nProcessId: 2064\r\nImage: C:\\windows\\system32\\svchost.exe\r\nTargetFilename: C:\\Windows\\Prefetch\\CONHOST.EXE-1F3E9D7E.pf\r\nCreationUtcTime: 2020-10-12 20:36:13.887","SourceModuleName":"eventlog","AccountType":"User"}
{"SourceProcessId":"908","RuleName":"-","@timestamp":"2020-10-12T22:34:40.010Z","Channel":"Microsoft-Windows-Sysmon/Operational","UserID":"S-1-5-18","TargetProcessId":"3448","CallTrace":"C:\\windows\\SYSTEM32\\ntdll.dll+9c534|C:\\windows\\SYSTEM32\\psmserviceexthost.dll+222a3|C:\\windows\\SYSTEM32\\psmserviceexthost.dll+1a172|C:\\windows\\SYSTEM32\\psmserviceexthost.dll+19e3b|C:\\windows\\SYSTEM32\\psmserviceexthost.dll+19318|C:\\windows\\SYSTEM32\\ntdll.dll+3081d|C:\\windows\\SYSTEM32\\ntdll.dll+345b4|C:\\windows\\System32\\KERNEL32.DLL+17bd4|C:\\windows\\SYSTEM32\\ntdll.dll+6ce51","RecordNumber":338689,"ThreadID":3444,"SourceProcessGUID":"{71b87c12-d256-5f84-1000-000000000500}","TargetImage":"C:\\windows\\System32\\svchost.exe","ProcessId":"908","Version":3,"Hostname":"WORKSTATION5.theshire.local","EventReceivedTime":"2020-10-12 18:34:39","ProviderGuid":"{5770385F-C22A-43E0-BF4C-06F5698FFBD9}","UtcTime":"2020-10-12 22:34:38.466","port":61041,"Severity":"INFO","tags":["mordorDataset"],"Task":10,"SourceThreadId":"1120","SourceModuleType":"im_msvistalog","OpcodeValue":0,"EventType":"INFO","ExecutionProcessID":3312,"Opcode":"Info","SourceName":"Microsoft-Windows-Sysmon","Keywords":-9223372036854775808,"EventID":10,"Domain":"NT AUTHORITY","Category":"Process accessed (rule: ProcessAccess)","@version":"1","AccountName":"SYSTEM","host":"wec.internal.cloudapp.net","SourceImage":"C:\\windows\\system32\\svchost.exe","SeverityValue":2,"EventTime":"2020-10-12 18:34:38","Message":"Process accessed:\r\nRuleName: -\r\nUtcTime: 2020-10-12 22:34:38.466\r\nSourceProcessGUID: {71b87c12-d256-5f84-1000-000000000500}\r\nSourceProcessId: 908\r\nSourceThreadId: 1120\r\nSourceImage: C:\\windows\\system32\\svchost.exe\r\nTargetProcessGUID: {71b87c12-d259-5f84-5600-000000000500}\r\nTargetProcessId: 3448\r\nTargetImage: C:\\windows\\System32\\svchost.exe\r\nGrantedAccess: 0x1000\r\nCallTrace: C:\\windows\\SYSTEM32\\ntdll.dll+9c534|C:\\windows\\SYSTEM32\\psmserviceexthost.dll+222a3|C:\\windows\\SYSTEM32\\psmserviceexthost.dll+1a172|C:\\windows\\SYSTEM32\\psmserviceexthost.dll+19e3b|C:\\windows\\SYSTEM32\\psmserviceexthost.dll+19318|C:\\windows\\SYSTEM32\\ntdll.dll+3081d|C:\\windows\\SYSTEM32\\ntdll.dll+345b4|C:\\windows\\System32\\KERNEL32.DLL+17bd4|C:\\windows\\SYSTEM32\\ntdll.dll+6ce51","SourceModuleName":"eventlog","GrantedAccess":"0x1000","AccountType":"User","TargetProcessGUID":"{71b87c12-d259-5f84-5600-000000000500}"}
