{"RuleName":"-","@timestamp":"2020-10-12T22:34:38.922Z","SignatureStatus":"Valid","Channel":"Microsoft-Windows-Sysmon/Operational","UserID":"S-1-5-18","RecordNumber":338547,"ThreadID":3444,"Image":"C:\\Windows\\System32\\cmd.exe","ProcessId":"3148","Company":"Microsoft Corporation","Version":3,"Hostname":"WORKSTATION5.theshire.local","ImageLoaded":"C:\\Windows\\System32\\apphelp.dll","Description":"Application Compatibility Client Library","EventReceivedTime":"2020-10-12 18:34:38","ProviderGuid":"{5770385F-C22A-43E0-BF4C-06F5698FFBD9}","Signed":"true","UtcTime":"2020-10-12 22:34:38.138","port":61041,"Severity":"INFO","tags":["mordorDataset"],"Task":7,"SourceModuleType":"im_msvistalog","OpcodeValue":0,"EventType":"INFO","ExecutionProcessID":3312,"Opcode":"Info","SourceName":"Microsoft-Windows-Sysmon","Product":"Microsoft® Windows® Operating System","Keywords":-9223372036854775808,"FileVersion":"10.0.18362.1 (WinBuild.160101.0800)","EventID":7,"Domain":"NT AUTHORITY","Category":"Image loaded (rule: ImageLoad)","OriginalFileName":"Apphelp","@version":"1","AccountName":"SYSTEM","ProcessGuid":"{71b87c12-d9fe-5f84-1701-000000000500}","host":"wec.internal.cloudapp.net","Hashes":"SHA1=5859E2A34AFF0994787230619FDCBAD2984EF9AA,MD5=929AFBF6453DA8E969C7BBA44BCE0906,SHA256=1E32F6BFD882ACC2300F34D9A7D0D574A66075F4BDE70088C94954D464380327,IMPHASH=21667D44701C8F5F61867EF5B495ACBD","SeverityValue":2,"EventTime":"2020-10-12 18:34:38","Message":"Image loaded:\r\nRuleName: -\r\nUtcTime: 2020-10-12 22:34:38.138\r\nProcessGuid: {71b87c12-d9fe-5f84-1701-000000000500}\r\nProcessId: 3148\r\nImage: C:\\Windows\\System32\\cmd.exe\r\nImageLoaded: C:\\Windows\\System32\\apphelp.dll\r\nFileVersion: 10.0.18362.1 (WinBuild.160101.0800)\r\nDescription: Application Compatibility Client Library\r\nProduct: Microsoft® Windows® Operating System\r\nCompany: Microsoft Corporation\r\nOriginalFileName: Apphelp\r\nHashes: SHA1=5859E2A34AFF0994787230619FDCBAD2984EF9AA,MD5=929AFBF6453DA8E969C7BBA44BCE0906,SHA256=1E32F6BFD882ACC2300F34D9A7D0D574A66075F4BDE70088C94954D464380327,IMPHASH=21667D44701C8F5F61867EF5B495ACBD\r\nSigned: true\r\nSignature: Microsoft Windows\r\nSignatureStatus: Valid","SourceModuleName":"eventlog","AccountType":"User","Signature":"Microsoft Windows"}
{"RuleName":"-","@timestamp":"2020-10-12T22:34:38.923Z","SignatureStatus":"Valid","Channel":"Microsoft-Windows-Sysmon/Operational","UserID":"S-1-5-18","RecordNumber":338548,"ThreadID":3444,"Image":"C:\\Windows\\System32\\cmd.exe","ProcessId":"3148","Company":"Microsoft Corporation","Version":3,"Hostname":"WORKSTATION5.theshire.local","ImageLoaded":"C:\\Windows\\System32\\msvcrt.dll","Description":"Windows NT CRT DLL","EventReceivedTime":"2020-10-12 18:34:38","ProviderGuid":"{5770385F-C22A-43E0-BF4C-06F5698FFBD9}","Signed":"true","UtcTime":"2020-10-12 22:34:38.138","port":61041,"Severity":"INFO","tags":["mordorDataset"],"Task":7,"SourceModuleType":"im_msvistalog","OpcodeValue":0,"EventType":"INFO","ExecutionProcessID":3312,"Opcode":"Info","SourceName":"Microsoft-Windows-Sysmon","Product":"Microsoft® Windows® Operating System","Keywords":-9223372036854775808,"FileVersion":"7.0.18362.1 (WinBuild.160101.0800)","EventID":7,"Domain":"NT AUTHORITY","Category":"Image loaded (rule: ImageLoad)","OriginalFileName":"msvcrt.dll","@version":"1","AccountName":"SYSTEM","ProcessGuid":"{71b87c12-d9fe-5f84-1701-000000000500}","host":"wec.internal.cloudapp.net","Hashes":"SHA1=0EA4B3CFB14E49CEC0D42FF0F1FA989E69647A8F,MD5=36354D9B5B0A58A4B9A19103852C00A2,SHA256=E5A863D3F4BFEFED7D73A7B1499F81B7235BC9AE3C108065041BCB8E5446B1BB,IMPHASH=1273683626EBBA703979F188A1E64237","SeverityValue":2,"EventTime":"2020-10-12 18:34:38","Message":"Image loaded:\r\nRuleName: -\r\nUtcTime: 2020-10-12 22:34:38.138\r\nProcessGuid: {71b87c12-d9fe-5f84-1701-000000000500}\r\nProcessId: 3148\r\nImage: C:\\Windows\\System32\\cmd.exe\r\nImageLoaded: C:\\Windows\\System32\\msvcrt.dll\r\nFileVersion: 7.0.18362.1 (WinBuild.160101.0800)\r\nDescription: Windows NT CRT DLL\r\nProduct: Microsoft® Windows® Operating System\r\nCompany: Microsoft Corporation\r\nOriginalFileName: msvcrt.dll\r\nHashes: SHA1=0EA4B3CFB14E49CEC0D42FF0F1FA989E69647A8F,MD5=36354D9B5B0A58A4B9A19103852C00A2,SHA256=E5A863D3F4BFEFED7D73A7B1499F81B7235BC9AE3C108065041BCB8E5446B1BB,IMPHASH=1273683626EBBA703979F188A1E64237\r\nSigned: true\r\nSignature: Microsoft Windows\r\nSignatureStatus: Valid","SourceModuleName":"eventlog","AccountType":"User","Signature":"Microsoft Windows"}
{"RuleName":"-","@timestamp":"2020-10-12T22:34:38.925Z","SignatureStatus":"Valid","Channel":"Microsoft-Windows-Sysmon/Operational","UserID":"S-1-5-18","RecordNumber":338549,"ThreadID":3444,"Image":"C:\\Windows\\System32\\cmd.exe","ProcessId":"3148","Company":"Microsoft Corporation","Version":3,"Hostname":"WORKSTATION5.theshire.local","ImageLoaded":"C:\\Windows\\System32\\combase.dll","Description":"Microsoft COM for Windows","EventReceivedTime":"2020-10-12 18:34:38","ProviderGuid":"{5770385F-C22A-43E0-BF4C-06F5698FFBD9}","Signed":"true","UtcTime":"2020-10-12 22:34:38.138","port":61041,"Severity":"INFO","tags":["mordorDataset"],"Task":7,"SourceModuleType":"im_msvistalog","OpcodeValue":0,"EventType":"INFO","ExecutionProcessID":3312,"Opcode":"Info","SourceName":"Microsoft-Windows-Sysmon","Product":"Microsoft® Windows® Operating System","Keywords":-9223372036854775808,"FileVersion":"10.0.18362.1082 (WinBuild.160101.0800)","EventID":7,"Domain":"NT AUTHORITY","Category":"Image loaded (rule: ImageLoad)","OriginalFileName":"COMBASE.DLL","@version":"1","AccountName":"SYSTEM","ProcessGuid":"{71b87c12-d9fe-5f84-1701-000000000500}","host":"wec.internal.cloudapp.net","Hashes":"SHA1=03829F72B93B3DA8A5778A295948F2F967A8AD9A,MD5=655C13F8AA80901935F1086709E27812,SHA256=28D91C9176D50DBC4939BB21BB00DDB17B1C589EEB9E058533E6AA125E86FA4F,IMPHASH=D1A511866766E387FD0DAF3ACBB54B12","SeverityValue":2,"EventTime":"2020-10-12 18:34:38","Message":"Image loaded:\r\nRuleName: -\r\nUtcTime: 2020-10-12 22:34:38.138\r\nProcessGuid: {71b87c12-d9fe-5f84-1701-000000000500}\r\nProcessId: 3148\r\nImage: C:\\Windows\\System32\\cmd.exe\r\nImageLoaded: C:\\Windows\\System32\\combase.dll\r\nFileVersion: 10.0.18362.1082 (WinBuild.160101.0800)\r\nDescription: Microsoft COM for Windows\r\nProduct: Microsoft® Windows® Operating System\r\nCompany: Microsoft Corporation\r\nOriginalFileName: COMBASE.DLL\r\nHashes: SHA1=03829F72B93B3DA8A5778A295948F2F967A8AD9A,MD5=655C13F8AA80901935F1086709E27812,SHA256=28D91C9176D50DBC4939BB21BB00DDB17B1C589EEB9E058533E6AA125E86FA4F,IMPHASH=D1A511866766E387FD0DAF3ACBB54B12\r\nSigned: true\r\nSignature: Microsoft Windows\r\nSignatureStatus: Valid","SourceModuleName":"eventlog","AccountType":"User","Signature":"Microsoft Windows"}
{"RuleName":"-","@timestamp":"2020-10-12T22:34:38.925Z","SignatureStatus":"Valid","Channel":"Microsoft-Windows-Sysmon/Operational","UserID":"S-1-5-18","RecordNumber":338550,"ThreadID":3444,"Image":"C:\\Windows\\System32\\cmd.exe","ProcessId":"3148","Company":"Microsoft Corporation","Version":3,"Hostname":"WORKSTATION5.theshire.local","ImageLoaded":"C:\\Windows\\System32\\ucrtbase.dll","Description":"Microsoft® C Runtime Library","EventReceivedTime":"2020-10-12 18:34:38","ProviderGuid":"{5770385F-C22A-43E0-BF4C-06F5698FFBD9}","Signed":"true","UtcTime":"2020-10-12 22:34:38.138","port":61041,"Severity":"INFO","tags":["mordorDataset"],"Task":7,"SourceModuleType":"im_msvistalog","OpcodeValue":0,"EventType":"INFO","ExecutionProcessID":3312,"Opcode":"Info","SourceName":"Microsoft-Windows-Sysmon","Product":"Microsoft® Windows® Operating System","Keywords":-9223372036854775808,"FileVersion":"10.0.18362.815 (WinBuild.160101.0800)","EventID":7,"Domain":"NT AUTHORITY","Category":"Image loaded (rule: ImageLoad)","OriginalFileName":"ucrtbase.dll","@version":"1","AccountName":"SYSTEM","ProcessGuid":"{71b87c12-d9fe-5f84-1701-000000000500}","host":"wec.internal.cloudapp.net","Hashes":"SHA1=53F8B431D10FDB2C001D58120280A417B01073BE,MD5=F0DA14E390F0CCB58EAAD34D9B309E4B,SHA256=7EE229626B22799FAA28CD7C22D4FF2AD0603C17E5F5EE9086FA7CF6483331FB,IMPHASH=5AE9A136FAFA10321F3D48251BF4F6A1","SeverityValue":2,"EventTime":"2020-10-12 18:34:38","Message":"Image loaded:\r\nRuleName: -\r\nUtcTime: 2020-10-12 22:34:38.138\r\nProcessGuid: {71b87c12-d9fe-5f84-1701-000000000500}\r\nProcessId: 3148\r\nImage: C:\\Windows\\System32\\cmd.exe\r\nImageLoaded: C:\\Windows\\System32\\ucrtbase.dll\r\nFileVersion: 10.0.18362.815 (WinBuild.160101.0800)\r\nDescription: Microsoft® C Runtime Library\r\nProduct: Microsoft® Windows® Operating System\r\nCompany: Microsoft Corporation\r\nOriginalFileName: ucrtbase.dll\r\nHashes: SHA1=53F8B431D10FDB2C001D58120280A417B01073BE,MD5=F0DA14E390F0CCB58EAAD34D9B309E4B,SHA256=7EE229626B22799FAA28CD7C22D4FF2AD0603C17E5F5EE9086FA7CF6483331FB,IMPHASH=5AE9A136FAFA10321F3D48251BF4F6A1\r\nSigned: true\r\nSignature: Microsoft Windows\r\nSignatureStatus: Valid","SourceModuleName":"eventlog","AccountType":"User","Signature":"Microsoft Windows"}
{"RuleName":"-","@timestamp":"2020-10-12T22:34:38.926Z","SignatureStatus":"Valid","Channel":"Microsoft-Windows-Sysmon/Operational","UserID":"S-1-5-18","RecordNumber":338551,"ThreadID":3444,"Image":"C:\\Windows\\System32\\cmd.exe","ProcessId":"3148","Company":"Microsoft Corporation","Version":3,"Hostname":"WORKSTATION5.theshire.local","ImageLoaded":"C:\\Windows\\System32\\rpcrt4.dll","Description":"Remote Procedure Call Runtime","EventReceivedTime":"2020-10-12 18:34:38","ProviderGuid":"{5770385F-C22A-43E0-BF4C-06F5698FFBD9}","Signed":"true","UtcTime":"2020-10-12 22:34:38.138","port":61041,"Severity":"INFO","tags":["mordorDataset"],"Task":7,"SourceModuleType":"im_msvistalog","OpcodeValue":0,"EventType":"INFO","ExecutionProcessID":3312,"Opcode":"Info","SourceName":"Microsoft-Windows-Sysmon","Product":"Microsoft® Windows® Operating System","Keywords":-9223372036854775808,"FileVersion":"10.0.18362.1082 (WinBuild.160101.0800)","EventID":7,"Domain":"NT AUTHORITY","Category":"Image loaded (rule: ImageLoad)","OriginalFileName":"rpcrt4.dll","@version":"1","AccountName":"SYSTEM","ProcessGuid":"{71b87c12-d9fe-5f84-1701-000000000500}","host":"wec.internal.cloudapp.net","Hashes":"SHA1=863C24BD6E91FDCDEDE1124EFC93FDD1564F0C23,MD5=61C41B28689BB516F1CFC880507C839B,SHA256=DAF391DB91AC04B50A0C896963F5120A52C8B1B4999BF37BE80AB025AB116700,IMPHASH=88E7E7C7FA90052EC162DD37F2B7C7BD","SeverityValue":2,"EventTime":"2020-10-12 18:34:38","Message":"Image loaded:\r\nRuleName: -\r\nUtcTime: 2020-10-12 22:34:38.138\r\nProcessGuid: {71b87c12-d9fe-5f84-1701-000000000500}\r\nProcessId: 3148\r\nImage: C:\\Windows\\System32\\cmd.exe\r\nImageLoaded: C:\\Windows\\System32\\rpcrt4.dll\r\nFileVersion: 10.0.18362.1082 (WinBuild.160101.0800)\r\nDescription: Remote Procedure Call Runtime\r\nProduct: Microsoft® Windows® Operating System\r\nCompany: Microsoft Corporation\r\nOriginalFileName: rpcrt4.dll\r\nHashes: SHA1=863C24BD6E91FDCDEDE1124EFC93FDD1564F0C23,MD5=61C41B28689BB516F1CFC880507C839B,SHA256=DAF391DB91AC04B50A0C896963F5120A52C8B1B4999BF37BE80AB025AB116700,IMPHASH=88E7E7C7FA90052EC162DD37F2B7C7BD\r\nSigned: true\r\nSignature: Microsoft Windows\r\nSignatureStatus: Valid","SourceModuleName":"eventlog","AccountType":"User","Signature":"Microsoft Windows"}
{"RuleName":"-","@timestamp":"2020-10-12T22:34:38.926Z","SignatureStatus":"Valid","Channel":"Microsoft-Windows-Sysmon/Operational","UserID":"S-1-5-18","RecordNumber":338552,"ThreadID":3444,"Image":"C:\\Windows\\System32\\cmd.exe","ProcessId":"3148","Company":"Microsoft Corporation","Version":3,"Hostname":"WORKSTATION5.theshire.local","ImageLoaded":"C:\\Windows\\System32\\bcryptprimitives.dll","Description":"Windows Cryptographic Primitives Library","EventReceivedTime":"2020-10-12 18:34:38","ProviderGuid":"{5770385F-C22A-43E0-BF4C-06F5698FFBD9}","Signed":"true","UtcTime":"2020-10-12 22:34:38.138","port":61041,"Severity":"INFO","tags":["mordorDataset"],"Task":7,"SourceModuleType":"im_msvistalog","OpcodeValue":0,"EventType":"INFO","ExecutionProcessID":3312,"Opcode":"Info","SourceName":"Microsoft-Windows-Sysmon","Product":"Microsoft® Windows® Operating System","Keywords":-9223372036854775808,"FileVersion":"10.0.18362.836 (WinBuild.160101.0800)","EventID":7,"Domain":"NT AUTHORITY","Category":"Image loaded (rule: ImageLoad)","OriginalFileName":"bcryptprimitives.dll","@version":"1","AccountName":"SYSTEM","ProcessGuid":"{71b87c12-d9fe-5f84-1701-000000000500}","host":"wec.internal.cloudapp.net","Hashes":"SHA1=B4222C8DC3274CFC3FE54F322D827B2F01FFF036,MD5=EF2BBEAFF07D32A2EC77FB4602FA9664,SHA256=6B47F3E88CDEDF8F31F91940E38A4544818C79D153323262F9F46B21F41D262C,IMPHASH=402DA460E2AC467F4489C588A9941032","SeverityValue":2,"EventTime":"2020-10-12 18:34:38","Message":"Image loaded:\r\nRuleName: -\r\nUtcTime: 2020-10-12 22:34:38.138\r\nProcessGuid: {71b87c12-d9fe-5f84-1701-000000000500}\r\nProcessId: 3148\r\nImage: C:\\Windows\\System32\\cmd.exe\r\nImageLoaded: C:\\Windows\\System32\\bcryptprimitives.dll\r\nFileVersion: 10.0.18362.836 (WinBuild.160101.0800)\r\nDescription: Windows Cryptographic Primitives Library\r\nProduct: Microsoft® Windows® Operating System\r\nCompany: Microsoft Corporation\r\nOriginalFileName: bcryptprimitives.dll\r\nHashes: SHA1=B4222C8DC3274CFC3FE54F322D827B2F01FFF036,MD5=EF2BBEAFF07D32A2EC77FB4602FA9664,SHA256=6B47F3E88CDEDF8F31F91940E38A4544818C79D153323262F9F46B21F41D262C,IMPHASH=402DA460E2AC467F4489C588A9941032\r\nSigned: true\r\nSignature: Microsoft Windows\r\nSignatureStatus: Valid","SourceModuleName":"eventlog","AccountType":"User","Signature":"Microsoft Windows"}
{"RuleName":"-","@timestamp":"2020-10-12T22:34:38.927Z","SignatureStatus":"Valid","Channel":"Microsoft-Windows-Sysmon/Operational","UserID":"S-1-5-18","RecordNumber":338553,"ThreadID":3444,"Image":"C:\\Windows\\System32\\cmd.exe","ProcessId":"3148","Company":"Microsoft Corporation","Version":3,"Hostname":"WORKSTATION5.theshire.local","ImageLoaded":"C:\\Windows\\System32\\sechost.dll","Description":"Host for SCM/SDDL/LSA Lookup APIs","EventReceivedTime":"2020-10-12 18:34:38","ProviderGuid":"{5770385F-C22A-43E0-BF4C-06F5698FFBD9}","Signed":"true","UtcTime":"2020-10-12 22:34:38.154","port":61041,"Severity":"INFO","tags":["mordorDataset"],"Task":7,"SourceModuleType":"im_msvistalog","OpcodeValue":0,"EventType":"INFO","ExecutionProcessID":3312,"Opcode":"Info","SourceName":"Microsoft-Windows-Sysmon","Product":"Microsoft® Windows® Operating System","Keywords":-9223372036854775808,"FileVersion":"10.0.18362.959 (WinBuild.160101.0800)","EventID":7,"Domain":"NT AUTHORITY","Category":"Image loaded (rule: ImageLoad)","OriginalFileName":"sechost.dll","@version":"1","AccountName":"SYSTEM","ProcessGuid":"{71b87c12-d9fe-5f84-1701-000000000500}","host":"wec.internal.cloudapp.net","Hashes":"SHA1=A330EDE32DFA03AE6808EE7FB6916D8DEB8F5DDE,MD5=A094E2B38D3DD864B07580D243CB6E43,SHA256=C441E19D20961D4E990E117A300ED318BEDBF2F8BA0FF07BEE7832AC502CDDF2,IMPHASH=CE4BD072766253F6A267D0284CA82002","SeverityValue":2,"EventTime":"2020-10-12 18:34:38","Message":"Image loaded:\r\nRuleName: -\r\nUtcTime: 2020-10-12 22:34:38.154\r\nProcessGuid: {71b87c12-d9fe-5f84-1701-000000000500}\r\nProcessId: 3148\r\nImage: C:\\Windows\\System32\\cmd.exe\r\nImageLoaded: C:\\Windows\\System32\\sechost.dll\r\nFileVersion: 10.0.18362.959 (WinBuild.160101.0800)\r\nDescription: Host for SCM/SDDL/LSA Lookup APIs\r\nProduct: Microsoft® Windows® Operating System\r\nCompany: Microsoft Corporation\r\nOriginalFileName: sechost.dll\r\nHashes: SHA1=A330EDE32DFA03AE6808EE7FB6916D8DEB8F5DDE,MD5=A094E2B38D3DD864B07580D243CB6E43,SHA256=C441E19D20961D4E990E117A300ED318BEDBF2F8BA0FF07BEE7832AC502CDDF2,IMPHASH=CE4BD072766253F6A267D0284CA82002\r\nSigned: true\r\nSignature: Microsoft Windows\r\nSignatureStatus: Valid","SourceModuleName":"eventlog","AccountType":"User","Signature":"Microsoft Windows"}
{"SourceProcessId":"3576","RuleName":"-","@timestamp":"2020-10-12T22:34:38.927Z","Channel":"Microsoft-Windows-Sysmon/Operational","UserID":"S-1-5-18","TargetProcessId":"6208","CallTrace":"C:\\windows\\SYSTEM32\\ntdll.dll+9c534|C:\\windows\\System32\\KERNELBASE.dll+305fe|c:\\windows\\system32\\pcasvc.dll+13827|c:\\windows\\system32\\pcasvc.dll+f736|c:\\windows\\system32\\pcasvc.dll+16844|C:\\windows\\System32\\KERNEL32.DLL+17bd4|C:\\windows\\SYSTEM32\\ntdll.dll+6ce51","RecordNumber":338554,"ThreadID":3444,"SourceProcessGUID":"{71b87c12-d7e5-5f84-0e01-000000000500}","TargetImage":"C:\\Windows\\System32\\wuauclt.exe","ProcessId":"3576","Version":3,"Hostname":"WORKSTATION5.theshire.local","EventReceivedTime":"2020-10-12 18:34:38","ProviderGuid":"{5770385F-C22A-43E0-BF4C-06F5698FFBD9}","UtcTime":"2020-10-12 22:34:38.154","port":61041,"Severity":"INFO","tags":["mordorDataset"],"Task":10,"SourceThreadId":"3976","SourceModuleType":"im_msvistalog","OpcodeValue":0,"EventType":"INFO","ExecutionProcessID":3312,"Opcode":"Info","SourceName":"Microsoft-Windows-Sysmon","Keywords":-9223372036854775808,"EventID":10,"Domain":"NT AUTHORITY","Category":"Process accessed (rule: ProcessAccess)","@version":"1","AccountName":"SYSTEM","host":"wec.internal.cloudapp.net","SourceImage":"C:\\windows\\system32\\svchost.exe","SeverityValue":2,"EventTime":"2020-10-12 18:34:38","Message":"Process accessed:\r\nRuleName: -\r\nUtcTime: 2020-10-12 22:34:38.154\r\nSourceProcessGUID: {71b87c12-d7e5-5f84-0e01-000000000500}\r\nSourceProcessId: 3576\r\nSourceThreadId: 3976\r\nSourceImage: C:\\windows\\system32\\svchost.exe\r\nTargetProcessGUID: {71b87c12-d9fe-5f84-1901-000000000500}\r\nTargetProcessId: 6208\r\nTargetImage: C:\\Windows\\System32\\wuauclt.exe\r\nGrantedAccess: 0x1FFFFF\r\nCallTrace: C:\\windows\\SYSTEM32\\ntdll.dll+9c534|C:\\windows\\System32\\KERNELBASE.dll+305fe|c:\\windows\\system32\\pcasvc.dll+13827|c:\\windows\\system32\\pcasvc.dll+f736|c:\\windows\\system32\\pcasvc.dll+16844|C:\\windows\\System32\\KERNEL32.DLL+17bd4|C:\\windows\\SYSTEM32\\ntdll.dll+6ce51","SourceModuleName":"eventlog","GrantedAccess":"0x1fffff","AccountType":"User","TargetProcessGUID":"{71b87c12-d9fe-5f84-1901-000000000500}"}
{"RuleName":"-","@timestamp":"2020-10-12T22:34:38.928Z","ParentProcessGuid":"{71b87c12-d9fe-5f84-1701-000000000500}","Channel":"Microsoft-Windows-Sysmon/Operational","UserID":"S-1-5-18","RecordNumber":338555,"ThreadID":3444,"Image":"C:\\Windows\\System32\\wuauclt.exe","CurrentDirectory":"C:\\Users\\pgustavo\\Desktop\\","IntegrityLevel":"High","ProcessId":"6208","Company":"Microsoft Corporation","Version":5,"Hostname":"WORKSTATION5.theshire.local","Description":"Windows Update","EventReceivedTime":"2020-10-12 18:34:38","ProviderGuid":"{5770385F-C22A-43E0-BF4C-06F5698FFBD9}","ParentProcessId":"3148","UtcTime":"2020-10-12 22:34:38.157","port":61041,"Severity":"INFO","tags":["mordorDataset"],"Task":1,"TerminalSessionId":"2","SourceModuleType":"im_msvistalog","OpcodeValue":0,"EventType":"INFO","ExecutionProcessID":3312,"Opcode":"Info","SourceName":"Microsoft-Windows-Sysmon","Product":"Microsoft® Windows® Operating System","User":"THESHIRE\\pgustavo","Keywords":-9223372036854775808,"FileVersion":"10.0.18362.1082 (WinBuild.160101.0800)","LogonGuid":"{71b87c12-d426-5f84-263d-160000000000}","EventID":1,"Domain":"NT AUTHORITY","Category":"Process Create (rule: ProcessCreate)","CommandLine":"C:\\Windows\\System32\\wuauclt.exe  /UpdateDeploymentProvider C:\\ProgramData\\SimpleInjection.dll /RunHandlerComServer","LogonId":"0x163d26","OriginalFileName":"wuauclt.exe","@version":"1","AccountName":"SYSTEM","ProcessGuid":"{71b87c12-d9fe-5f84-1901-000000000500}","host":"wec.internal.cloudapp.net","Hashes":"SHA1=2F40F94E713BC7D5759B15A15A2877014E27C05C,MD5=66A49AF6FA9EBC17ACF17313D0DE25E1,SHA256=A039511A553F9DA172468D4A0EB4552212A88AB9F0D0EE18CFEE7DDF2E2A9A2C,IMPHASH=BE9B473C189DDACB39D5DEE749A544E5","SeverityValue":2,"EventTime":"2020-10-12 18:34:38","Message":"Process Create:\r\nRuleName: -\r\nUtcTime: 2020-10-12 22:34:38.157\r\nProcessGuid: {71b87c12-d9fe-5f84-1901-000000000500}\r\nProcessId: 6208\r\nImage: C:\\Windows\\System32\\wuauclt.exe\r\nFileVersion: 10.0.18362.1082 (WinBuild.160101.0800)\r\nDescription: Windows Update\r\nProduct: Microsoft® Windows® Operating System\r\nCompany: Microsoft Corporation\r\nOriginalFileName: wuauclt.exe\r\nCommandLine: C:\\Windows\\System32\\wuauclt.exe  /UpdateDeploymentProvider C:\\ProgramData\\SimpleInjection.dll /RunHandlerComServer\r\nCurrentDirectory: C:\\Users\\pgustavo\\Desktop\\\r\nUser: THESHIRE\\pgustavo\r\nLogonGuid: {71b87c12-d426-5f84-263d-160000000000}\r\nLogonId: 0x163D26\r\nTerminalSessionId: 2\r\nIntegrityLevel: High\r\nHashes: SHA1=2F40F94E713BC7D5759B15A15A2877014E27C05C,MD5=66A49AF6FA9EBC17ACF17313D0DE25E1,SHA256=A039511A553F9DA172468D4A0EB4552212A88AB9F0D0EE18CFEE7DDF2E2A9A2C,IMPHASH=BE9B473C189DDACB39D5DEE749A544E5\r\nParentProcessGuid: {71b87c12-d9fe-5f84-1701-000000000500}\r\nParentProcessId: 3148\r\nParentImage: C:\\Windows\\System32\\cmd.exe\r\nParentCommandLine: \"cmd.exe\" /c C:\\Windows\\System32\\wuauclt.exe /UpdateDeploymentProvider C:\\ProgramData\\SimpleInjection.dll /RunHandlerComServer","SourceModuleName":"eventlog","ParentImage":"C:\\Windows\\System32\\cmd.exe","AccountType":"User","ParentCommandLine":"\"cmd.exe\" /c C:\\Windows\\System32\\wuauclt.exe /UpdateDeploymentProvider C:\\ProgramData\\SimpleInjection.dll /RunHandlerComServer"}
{"SourceProcessId":"3148","RuleName":"-","@timestamp":"2020-10-12T22:34:38.929Z","Channel":"Microsoft-Windows-Sysmon/Operational","UserID":"S-1-5-18","TargetProcessId":"6208","CallTrace":"C:\\windows\\SYSTEM32\\ntdll.dll+9d8e4|C:\\windows\\System32\\KERNELBASE.dll+59e1a|C:\\windows\\System32\\KERNELBASE.dll+567b6|C:\\windows\\System32\\KERNEL32.DLL+1be93|C:\\windows\\SYSTEM32\\cmd.exe+134fb|C:\\windows\\SYSTEM32\\cmd.exe+149f7|C:\\windows\\SYSTEM32\\cmd.exe+c0c1|C:\\windows\\SYSTEM32\\cmd.exe+b5e1|C:\\windows\\SYSTEM32\\cmd.exe+124e4|C:\\windows\\SYSTEM32\\cmd.exe+1822d|C:\\windows\\System32\\KERNEL32.DLL+17bd4|C:\\windows\\SYSTEM32\\ntdll.dll+6ce51","RecordNumber":338556,"ThreadID":3444,"SourceProcessGUID":"{71b87c12-d9fe-5f84-1701-000000000500}","TargetImage":"C:\\Windows\\System32\\wuauclt.exe","ProcessId":"3148","Version":3,"Hostname":"WORKSTATION5.theshire.local","EventReceivedTime":"2020-10-12 18:34:38","ProviderGuid":"{5770385F-C22A-43E0-BF4C-06F5698FFBD9}","UtcTime":"2020-10-12 22:34:38.154","port":61041,"Severity":"INFO","tags":["mordorDataset"],"Task":10,"SourceThreadId":"6364","SourceModuleType":"im_msvistalog","OpcodeValue":0,"EventType":"INFO","ExecutionProcessID":3312,"Opcode":"Info","SourceName":"Microsoft-Windows-Sysmon","Keywords":-9223372036854775808,"EventID":10,"Domain":"NT AUTHORITY","Category":"Process accessed (rule: ProcessAccess)","@version":"1","AccountName":"SYSTEM","host":"wec.internal.cloudapp.net","SourceImage":"C:\\windows\\SYSTEM32\\cmd.exe","SeverityValue":2,"EventTime":"2020-10-12 18:34:38","Message":"Process accessed:\r\nRuleName: -\r\nUtcTime: 2020-10-12 22:34:38.154\r\nSourceProcessGUID: {71b87c12-d9fe-5f84-1701-000000000500}\r\nSourceProcessId: 3148\r\nSourceThreadId: 6364\r\nSourceImage: C:\\windows\\SYSTEM32\\cmd.exe\r\nTargetProcessGUID: {71b87c12-d9fe-5f84-1901-000000000500}\r\nTargetProcessId: 6208\r\nTargetImage: C:\\Windows\\System32\\wuauclt.exe\r\nGrantedAccess: 0x1FFFFF\r\nCallTrace: C:\\windows\\SYSTEM32\\ntdll.dll+9d8e4|C:\\windows\\System32\\KERNELBASE.dll+59e1a|C:\\windows\\System32\\KERNELBASE.dll+567b6|C:\\windows\\System32\\KERNEL32.DLL+1be93|C:\\windows\\SYSTEM32\\cmd.exe+134fb|C:\\windows\\SYSTEM32\\cmd.exe+149f7|C:\\windows\\SYSTEM32\\cmd.exe+c0c1|C:\\windows\\SYSTEM32\\cmd.exe+b5e1|C:\\windows\\SYSTEM32\\cmd.exe+124e4|C:\\windows\\SYSTEM32\\cmd.exe+1822d|C:\\windows\\System32\\KERNEL32.DLL+17bd4|C:\\windows\\SYSTEM32\\ntdll.dll+6ce51","SourceModuleName":"eventlog","GrantedAccess":"0x1fffff","AccountType":"User","TargetProcessGUID":"{71b87c12-d9fe-5f84-1901-000000000500}"}
{"SourceProcessId":"2348","RuleName":"-","@timestamp":"2020-10-12T22:34:38.929Z","Channel":"Microsoft-Windows-Sysmon/Operational","UserID":"S-1-5-18","TargetProcessId":"6208","CallTrace":"C:\\windows\\SYSTEM32\\ntdll.dll+9c534|C:\\windows\\system32\\basesrv.DLL+2fba|C:\\windows\\SYSTEM32\\CSRSRV.dll+5af4|C:\\windows\\SYSTEM32\\ntdll.dll+6ce5f","RecordNumber":338557,"ThreadID":3444,"SourceProcessGUID":"{71b87c12-d423-5f84-bc00-000000000500}","TargetImage":"C:\\Windows\\System32\\wuauclt.exe","ProcessId":"2348","Version":3,"Hostname":"WORKSTATION5.theshire.local","EventReceivedTime":"2020-10-12 18:34:38","ProviderGuid":"{5770385F-C22A-43E0-BF4C-06F5698FFBD9}","UtcTime":"2020-10-12 22:34:38.154","port":61041,"Severity":"INFO","tags":["mordorDataset"],"Task":10,"SourceThreadId":"2272","SourceModuleType":"im_msvistalog","OpcodeValue":0,"EventType":"INFO","ExecutionProcessID":3312,"Opcode":"Info","SourceName":"Microsoft-Windows-Sysmon","Keywords":-9223372036854775808,"EventID":10,"Domain":"NT AUTHORITY","Category":"Process accessed (rule: ProcessAccess)","@version":"1","AccountName":"SYSTEM","host":"wec.internal.cloudapp.net","SourceImage":"C:\\windows\\system32\\csrss.exe","SeverityValue":2,"EventTime":"2020-10-12 18:34:38","Message":"Process accessed:\r\nRuleName: -\r\nUtcTime: 2020-10-12 22:34:38.154\r\nSourceProcessGUID: {71b87c12-d423-5f84-bc00-000000000500}\r\nSourceProcessId: 2348\r\nSourceThreadId: 2272\r\nSourceImage: C:\\windows\\system32\\csrss.exe\r\nTargetProcessGUID: {71b87c12-d9fe-5f84-1901-000000000500}\r\nTargetProcessId: 6208\r\nTargetImage: C:\\Windows\\System32\\wuauclt.exe\r\nGrantedAccess: 0x1FFFFF\r\nCallTrace: C:\\windows\\SYSTEM32\\ntdll.dll+9c534|C:\\windows\\system32\\basesrv.DLL+2fba|C:\\windows\\SYSTEM32\\CSRSRV.dll+5af4|C:\\windows\\SYSTEM32\\ntdll.dll+6ce5f","SourceModuleName":"eventlog","GrantedAccess":"0x1fffff","AccountType":"User","TargetProcessGUID":"{71b87c12-d9fe-5f84-1901-000000000500}"}
{"RuleName":"-","@timestamp":"2020-10-12T22:34:38.930Z","SignatureStatus":"Valid","Channel":"Microsoft-Windows-Sysmon/Operational","UserID":"S-1-5-18","RecordNumber":338558,"ThreadID":3444,"Image":"C:\\Windows\\System32\\wuauclt.exe","ProcessId":"6208","Company":"Microsoft Corporation","Version":3,"Hostname":"WORKSTATION5.theshire.local","ImageLoaded":"C:\\Windows\\System32\\wuauclt.exe","Description":"Windows Update","EventReceivedTime":"2020-10-12 18:34:38","ProviderGuid":"{5770385F-C22A-43E0-BF4C-06F5698FFBD9}","Signed":"true","UtcTime":"2020-10-12 22:34:38.154","port":61041,"Severity":"INFO","tags":["mordorDataset"],"Task":7,"SourceModuleType":"im_msvistalog","OpcodeValue":0,"EventType":"INFO","ExecutionProcessID":3312,"Opcode":"Info","SourceName":"Microsoft-Windows-Sysmon","Product":"Microsoft® Windows® Operating System","Keywords":-9223372036854775808,"FileVersion":"10.0.18362.1082 (WinBuild.160101.0800)","EventID":7,"Domain":"NT AUTHORITY","Category":"Image loaded (rule: ImageLoad)","OriginalFileName":"wuauclt.exe","@version":"1","AccountName":"SYSTEM","ProcessGuid":"{71b87c12-d9fe-5f84-1901-000000000500}","host":"wec.internal.cloudapp.net","Hashes":"SHA1=2F40F94E713BC7D5759B15A15A2877014E27C05C,MD5=66A49AF6FA9EBC17ACF17313D0DE25E1,SHA256=A039511A553F9DA172468D4A0EB4552212A88AB9F0D0EE18CFEE7DDF2E2A9A2C,IMPHASH=BE9B473C189DDACB39D5DEE749A544E5","SeverityValue":2,"EventTime":"2020-10-12 18:34:38","Message":"Image loaded:\r\nRuleName: -\r\nUtcTime: 2020-10-12 22:34:38.154\r\nProcessGuid: {71b87c12-d9fe-5f84-1901-000000000500}\r\nProcessId: 6208\r\nImage: C:\\Windows\\System32\\wuauclt.exe\r\nImageLoaded: C:\\Windows\\System32\\wuauclt.exe\r\nFileVersion: 10.0.18362.1082 (WinBuild.160101.0800)\r\nDescription: Windows Update\r\nProduct: Microsoft® Windows® Operating System\r\nCompany: Microsoft Corporation\r\nOriginalFileName: wuauclt.exe\r\nHashes: SHA1=2F40F94E713BC7D5759B15A15A2877014E27C05C,MD5=66A49AF6FA9EBC17ACF17313D0DE25E1,SHA256=A039511A553F9DA172468D4A0EB4552212A88AB9F0D0EE18CFEE7DDF2E2A9A2C,IMPHASH=BE9B473C189DDACB39D5DEE749A544E5\r\nSigned: true\r\nSignature: Microsoft Windows\r\nSignatureStatus: Valid","SourceModuleName":"eventlog","AccountType":"User","Signature":"Microsoft Windows"}
{"RuleName":"-","@timestamp":"2020-10-12T22:34:38.930Z","SignatureStatus":"Valid","Channel":"Microsoft-Windows-Sysmon/Operational","UserID":"S-1-5-18","RecordNumber":338559,"ThreadID":3444,"Image":"C:\\Windows\\System32\\wuauclt.exe","ProcessId":"6208","Company":"Microsoft Corporation","Version":3,"Hostname":"WORKSTATION5.theshire.local","ImageLoaded":"C:\\Windows\\System32\\ntdll.dll","Description":"NT Layer DLL","EventReceivedTime":"2020-10-12 18:34:38","ProviderGuid":"{5770385F-C22A-43E0-BF4C-06F5698FFBD9}","Signed":"true","UtcTime":"2020-10-12 22:34:38.154","port":61041,"Severity":"INFO","tags":["mordorDataset"],"Task":7,"SourceModuleType":"im_msvistalog","OpcodeValue":0,"EventType":"INFO","ExecutionProcessID":3312,"Opcode":"Info","SourceName":"Microsoft-Windows-Sysmon","Product":"Microsoft® Windows® Operating System","Keywords":-9223372036854775808,"FileVersion":"10.0.18362.1049 (WinBuild.160101.0800)","EventID":7,"Domain":"NT AUTHORITY","Category":"Image loaded (rule: ImageLoad)","OriginalFileName":"ntdll.dll","@version":"1","AccountName":"SYSTEM","ProcessGuid":"{71b87c12-d9fe-5f84-1901-000000000500}","host":"wec.internal.cloudapp.net","Hashes":"SHA1=BFD8EE26537D8C30A5FE2C9753AEED3BB6930004,MD5=BD5F9D4684E7BCB9D41D298297A73956,SHA256=FB9DA8BAF27DADDE620C2D8D3CADDD4CF7BF405A9BC8E870A73B6CF163046176,IMPHASH=00000000000000000000000000000000","SeverityValue":2,"EventTime":"2020-10-12 18:34:38","Message":"Image loaded:\r\nRuleName: -\r\nUtcTime: 2020-10-12 22:34:38.154\r\nProcessGuid: {71b87c12-d9fe-5f84-1901-000000000500}\r\nProcessId: 6208\r\nImage: C:\\Windows\\System32\\wuauclt.exe\r\nImageLoaded: C:\\Windows\\System32\\ntdll.dll\r\nFileVersion: 10.0.18362.1049 (WinBuild.160101.0800)\r\nDescription: NT Layer DLL\r\nProduct: Microsoft® Windows® Operating System\r\nCompany: Microsoft Corporation\r\nOriginalFileName: ntdll.dll\r\nHashes: SHA1=BFD8EE26537D8C30A5FE2C9753AEED3BB6930004,MD5=BD5F9D4684E7BCB9D41D298297A73956,SHA256=FB9DA8BAF27DADDE620C2D8D3CADDD4CF7BF405A9BC8E870A73B6CF163046176,IMPHASH=00000000000000000000000000000000\r\nSigned: true\r\nSignature: Microsoft Windows\r\nSignatureStatus: Valid","SourceModuleName":"eventlog","AccountType":"User","Signature":"Microsoft Windows"}
{"RuleName":"-","@timestamp":"2020-10-12T22:34:38.931Z","SignatureStatus":"Valid","Channel":"Microsoft-Windows-Sysmon/Operational","UserID":"S-1-5-18","RecordNumber":338560,"ThreadID":3444,"Image":"C:\\Windows\\System32\\wuauclt.exe","ProcessId":"6208","Company":"Microsoft Corporation","Version":3,"Hostname":"WORKSTATION5.theshire.local","ImageLoaded":"C:\\Windows\\System32\\kernel32.dll","Description":"Windows NT BASE API Client DLL","EventReceivedTime":"2020-10-12 18:34:38","ProviderGuid":"{5770385F-C22A-43E0-BF4C-06F5698FFBD9}","Signed":"true","UtcTime":"2020-10-12 22:34:38.154","port":61041,"Severity":"INFO","tags":["mordorDataset"],"Task":7,"SourceModuleType":"im_msvistalog","OpcodeValue":0,"EventType":"INFO","ExecutionProcessID":3312,"Opcode":"Info","SourceName":"Microsoft-Windows-Sysmon","Product":"Microsoft® Windows® Operating System","Keywords":-9223372036854775808,"FileVersion":"10.0.18362.1082 (WinBuild.160101.0800)","EventID":7,"Domain":"NT AUTHORITY","Category":"Image loaded (rule: ImageLoad)","OriginalFileName":"kernel32","@version":"1","AccountName":"SYSTEM","ProcessGuid":"{71b87c12-d9fe-5f84-1901-000000000500}","host":"wec.internal.cloudapp.net","Hashes":"SHA1=9044BFB6E7D920BB4586123237B512238F2EA726,MD5=B78D8D39F63C5B7B9A2F4BC31076C954,SHA256=08BE2EE23EE5A7722C4BACA3BD8F0EABA7A56302F0051E6802A36D35AB0BC41C,IMPHASH=F9F97E60CFCD78BE051D9570C88FFB6F","SeverityValue":2,"EventTime":"2020-10-12 18:34:38","Message":"Image loaded:\r\nRuleName: -\r\nUtcTime: 2020-10-12 22:34:38.154\r\nProcessGuid: {71b87c12-d9fe-5f84-1901-000000000500}\r\nProcessId: 6208\r\nImage: C:\\Windows\\System32\\wuauclt.exe\r\nImageLoaded: C:\\Windows\\System32\\kernel32.dll\r\nFileVersion: 10.0.18362.1082 (WinBuild.160101.0800)\r\nDescription: Windows NT BASE API Client DLL\r\nProduct: Microsoft® Windows® Operating System\r\nCompany: Microsoft Corporation\r\nOriginalFileName: kernel32\r\nHashes: SHA1=9044BFB6E7D920BB4586123237B512238F2EA726,MD5=B78D8D39F63C5B7B9A2F4BC31076C954,SHA256=08BE2EE23EE5A7722C4BACA3BD8F0EABA7A56302F0051E6802A36D35AB0BC41C,IMPHASH=F9F97E60CFCD78BE051D9570C88FFB6F\r\nSigned: true\r\nSignature: Microsoft Windows\r\nSignatureStatus: Valid","SourceModuleName":"eventlog","AccountType":"User","Signature":"Microsoft Windows"}
{"RuleName":"-","@timestamp":"2020-10-12T22:34:38.931Z","SignatureStatus":"Valid","Channel":"Microsoft-Windows-Sysmon/Operational","UserID":"S-1-5-18","RecordNumber":338561,"ThreadID":3444,"Image":"C:\\Windows\\System32\\wuauclt.exe","ProcessId":"6208","Company":"Microsoft Corporation","Version":3,"Hostname":"WORKSTATION5.theshire.local","ImageLoaded":"C:\\Windows\\System32\\KernelBase.dll","Description":"Windows NT BASE API Client DLL","EventReceivedTime":"2020-10-12 18:34:38","ProviderGuid":"{5770385F-C22A-43E0-BF4C-06F5698FFBD9}","Signed":"true","UtcTime":"2020-10-12 22:34:38.154","port":61041,"Severity":"INFO","tags":["mordorDataset"],"Task":7,"SourceModuleType":"im_msvistalog","OpcodeValue":0,"EventType":"INFO","ExecutionProcessID":3312,"Opcode":"Info","SourceName":"Microsoft-Windows-Sysmon","Product":"Microsoft® Windows® Operating System","Keywords":-9223372036854775808,"FileVersion":"10.0.18362.1049 (WinBuild.160101.0800)","EventID":7,"Domain":"NT AUTHORITY","Category":"Image loaded (rule: ImageLoad)","OriginalFileName":"Kernelbase.dll","@version":"1","AccountName":"SYSTEM","ProcessGuid":"{71b87c12-d9fe-5f84-1901-000000000500}","host":"wec.internal.cloudapp.net","Hashes":"SHA1=0BE0E331F4F9C2ED8C9D989CDCFD10463FE3E047,MD5=D62F3401037D0D0CE1F41555B72F1B60,SHA256=B51E88CCD1517E923A7A3E21B2AFC856927D529F5C5668A072B4B12AC70AD46B,IMPHASH=16003AF856720C35351BB8C14AD0B0A8","SeverityValue":2,"EventTime":"2020-10-12 18:34:38","Message":"Image loaded:\r\nRuleName: -\r\nUtcTime: 2020-10-12 22:34:38.154\r\nProcessGuid: {71b87c12-d9fe-5f84-1901-000000000500}\r\nProcessId: 6208\r\nImage: C:\\Windows\\System32\\wuauclt.exe\r\nImageLoaded: C:\\Windows\\System32\\KernelBase.dll\r\nFileVersion: 10.0.18362.1049 (WinBuild.160101.0800)\r\nDescription: Windows NT BASE API Client DLL\r\nProduct: Microsoft® Windows® Operating System\r\nCompany: Microsoft Corporation\r\nOriginalFileName: Kernelbase.dll\r\nHashes: SHA1=0BE0E331F4F9C2ED8C9D989CDCFD10463FE3E047,MD5=D62F3401037D0D0CE1F41555B72F1B60,SHA256=B51E88CCD1517E923A7A3E21B2AFC856927D529F5C5668A072B4B12AC70AD46B,IMPHASH=16003AF856720C35351BB8C14AD0B0A8\r\nSigned: true\r\nSignature: Microsoft Windows\r\nSignatureStatus: Valid","SourceModuleName":"eventlog","AccountType":"User","Signature":"Microsoft Windows"}
{"RuleName":"-","@timestamp":"2020-10-12T22:34:38.932Z","SignatureStatus":"Valid","Channel":"Microsoft-Windows-Sysmon/Operational","UserID":"S-1-5-18","RecordNumber":338562,"ThreadID":3444,"Image":"C:\\Windows\\System32\\wuauclt.exe","ProcessId":"6208","Company":"Microsoft Corporation","Version":3,"Hostname":"WORKSTATION5.theshire.local","ImageLoaded":"C:\\Windows\\System32\\apphelp.dll","Description":"Application Compatibility Client Library","EventReceivedTime":"2020-10-12 18:34:38","ProviderGuid":"{5770385F-C22A-43E0-BF4C-06F5698FFBD9}","Signed":"true","UtcTime":"2020-10-12 22:34:38.154","port":61041,"Severity":"INFO","tags":["mordorDataset"],"Task":7,"SourceModuleType":"im_msvistalog","OpcodeValue":0,"EventType":"INFO","ExecutionProcessID":3312,"Opcode":"Info","SourceName":"Microsoft-Windows-Sysmon","Product":"Microsoft® Windows® Operating System","Keywords":-9223372036854775808,"FileVersion":"10.0.18362.1 (WinBuild.160101.0800)","EventID":7,"Domain":"NT AUTHORITY","Category":"Image loaded (rule: ImageLoad)","OriginalFileName":"Apphelp","@version":"1","AccountName":"SYSTEM","ProcessGuid":"{71b87c12-d9fe-5f84-1901-000000000500}","host":"wec.internal.cloudapp.net","Hashes":"SHA1=5859E2A34AFF0994787230619FDCBAD2984EF9AA,MD5=929AFBF6453DA8E969C7BBA44BCE0906,SHA256=1E32F6BFD882ACC2300F34D9A7D0D574A66075F4BDE70088C94954D464380327,IMPHASH=21667D44701C8F5F61867EF5B495ACBD","SeverityValue":2,"EventTime":"2020-10-12 18:34:38","Message":"Image loaded:\r\nRuleName: -\r\nUtcTime: 2020-10-12 22:34:38.154\r\nProcessGuid: {71b87c12-d9fe-5f84-1901-000000000500}\r\nProcessId: 6208\r\nImage: C:\\Windows\\System32\\wuauclt.exe\r\nImageLoaded: C:\\Windows\\System32\\apphelp.dll\r\nFileVersion: 10.0.18362.1 (WinBuild.160101.0800)\r\nDescription: Application Compatibility Client Library\r\nProduct: Microsoft® Windows® Operating System\r\nCompany: Microsoft Corporation\r\nOriginalFileName: Apphelp\r\nHashes: SHA1=5859E2A34AFF0994787230619FDCBAD2984EF9AA,MD5=929AFBF6453DA8E969C7BBA44BCE0906,SHA256=1E32F6BFD882ACC2300F34D9A7D0D574A66075F4BDE70088C94954D464380327,IMPHASH=21667D44701C8F5F61867EF5B495ACBD\r\nSigned: true\r\nSignature: Microsoft Windows\r\nSignatureStatus: Valid","SourceModuleName":"eventlog","AccountType":"User","Signature":"Microsoft Windows"}
{"RuleName":"-","@timestamp":"2020-10-12T22:34:38.932Z","SignatureStatus":"Valid","Channel":"Microsoft-Windows-Sysmon/Operational","UserID":"S-1-5-18","RecordNumber":338563,"ThreadID":3444,"Image":"C:\\Windows\\System32\\wuauclt.exe","ProcessId":"6208","Company":"Microsoft Corporation","Version":3,"Hostname":"WORKSTATION5.theshire.local","ImageLoaded":"C:\\Windows\\System32\\msvcrt.dll","Description":"Windows NT CRT DLL","EventReceivedTime":"2020-10-12 18:34:38","ProviderGuid":"{5770385F-C22A-43E0-BF4C-06F5698FFBD9}","Signed":"true","UtcTime":"2020-10-12 22:34:38.154","port":61041,"Severity":"INFO","tags":["mordorDataset"],"Task":7,"SourceModuleType":"im_msvistalog","OpcodeValue":0,"EventType":"INFO","ExecutionProcessID":3312,"Opcode":"Info","SourceName":"Microsoft-Windows-Sysmon","Product":"Microsoft® Windows® Operating System","Keywords":-9223372036854775808,"FileVersion":"7.0.18362.1 (WinBuild.160101.0800)","EventID":7,"Domain":"NT AUTHORITY","Category":"Image loaded (rule: ImageLoad)","OriginalFileName":"msvcrt.dll","@version":"1","AccountName":"SYSTEM","ProcessGuid":"{71b87c12-d9fe-5f84-1901-000000000500}","host":"wec.internal.cloudapp.net","Hashes":"SHA1=0EA4B3CFB14E49CEC0D42FF0F1FA989E69647A8F,MD5=36354D9B5B0A58A4B9A19103852C00A2,SHA256=E5A863D3F4BFEFED7D73A7B1499F81B7235BC9AE3C108065041BCB8E5446B1BB,IMPHASH=1273683626EBBA703979F188A1E64237","SeverityValue":2,"EventTime":"2020-10-12 18:34:38","Message":"Image loaded:\r\nRuleName: -\r\nUtcTime: 2020-10-12 22:34:38.154\r\nProcessGuid: {71b87c12-d9fe-5f84-1901-000000000500}\r\nProcessId: 6208\r\nImage: C:\\Windows\\System32\\wuauclt.exe\r\nImageLoaded: C:\\Windows\\System32\\msvcrt.dll\r\nFileVersion: 7.0.18362.1 (WinBuild.160101.0800)\r\nDescription: Windows NT CRT DLL\r\nProduct: Microsoft® Windows® Operating System\r\nCompany: Microsoft Corporation\r\nOriginalFileName: msvcrt.dll\r\nHashes: SHA1=0EA4B3CFB14E49CEC0D42FF0F1FA989E69647A8F,MD5=36354D9B5B0A58A4B9A19103852C00A2,SHA256=E5A863D3F4BFEFED7D73A7B1499F81B7235BC9AE3C108065041BCB8E5446B1BB,IMPHASH=1273683626EBBA703979F188A1E64237\r\nSigned: true\r\nSignature: Microsoft Windows\r\nSignatureStatus: Valid","SourceModuleName":"eventlog","AccountType":"User","Signature":"Microsoft Windows"}
{"RuleName":"-","@timestamp":"2020-10-12T22:34:38.933Z","SignatureStatus":"Valid","Channel":"Microsoft-Windows-Sysmon/Operational","UserID":"S-1-5-18","RecordNumber":338564,"ThreadID":3444,"Image":"C:\\Windows\\System32\\wuauclt.exe","ProcessId":"6208","Company":"Microsoft Corporation","Version":3,"Hostname":"WORKSTATION5.theshire.local","ImageLoaded":"C:\\Windows\\System32\\combase.dll","Description":"Microsoft COM for Windows","EventReceivedTime":"2020-10-12 18:34:38","ProviderGuid":"{5770385F-C22A-43E0-BF4C-06F5698FFBD9}","Signed":"true","UtcTime":"2020-10-12 22:34:38.154","port":61041,"Severity":"INFO","tags":["mordorDataset"],"Task":7,"SourceModuleType":"im_msvistalog","OpcodeValue":0,"EventType":"INFO","ExecutionProcessID":3312,"Opcode":"Info","SourceName":"Microsoft-Windows-Sysmon","Product":"Microsoft® Windows® Operating System","Keywords":-9223372036854775808,"FileVersion":"10.0.18362.1082 (WinBuild.160101.0800)","EventID":7,"Domain":"NT AUTHORITY","Category":"Image loaded (rule: ImageLoad)","OriginalFileName":"COMBASE.DLL","@version":"1","AccountName":"SYSTEM","ProcessGuid":"{71b87c12-d9fe-5f84-1901-000000000500}","host":"wec.internal.cloudapp.net","Hashes":"SHA1=03829F72B93B3DA8A5778A295948F2F967A8AD9A,MD5=655C13F8AA80901935F1086709E27812,SHA256=28D91C9176D50DBC4939BB21BB00DDB17B1C589EEB9E058533E6AA125E86FA4F,IMPHASH=D1A511866766E387FD0DAF3ACBB54B12","SeverityValue":2,"EventTime":"2020-10-12 18:34:38","Message":"Image loaded:\r\nRuleName: -\r\nUtcTime: 2020-10-12 22:34:38.154\r\nProcessGuid: {71b87c12-d9fe-5f84-1901-000000000500}\r\nProcessId: 6208\r\nImage: C:\\Windows\\System32\\wuauclt.exe\r\nImageLoaded: C:\\Windows\\System32\\combase.dll\r\nFileVersion: 10.0.18362.1082 (WinBuild.160101.0800)\r\nDescription: Microsoft COM for Windows\r\nProduct: Microsoft® Windows® Operating System\r\nCompany: Microsoft Corporation\r\nOriginalFileName: COMBASE.DLL\r\nHashes: SHA1=03829F72B93B3DA8A5778A295948F2F967A8AD9A,MD5=655C13F8AA80901935F1086709E27812,SHA256=28D91C9176D50DBC4939BB21BB00DDB17B1C589EEB9E058533E6AA125E86FA4F,IMPHASH=D1A511866766E387FD0DAF3ACBB54B12\r\nSigned: true\r\nSignature: Microsoft Windows\r\nSignatureStatus: Valid","SourceModuleName":"eventlog","AccountType":"User","Signature":"Microsoft Windows"}
{"RuleName":"-","@timestamp":"2020-10-12T22:34:38.933Z","SignatureStatus":"Valid","Channel":"Microsoft-Windows-Sysmon/Operational","UserID":"S-1-5-18","RecordNumber":338565,"ThreadID":3444,"Image":"C:\\Windows\\System32\\wuauclt.exe","ProcessId":"6208","Company":"Microsoft Corporation","Version":3,"Hostname":"WORKSTATION5.theshire.local","ImageLoaded":"C:\\Windows\\System32\\ucrtbase.dll","Description":"Microsoft® C Runtime Library","EventReceivedTime":"2020-10-12 18:34:38","ProviderGuid":"{5770385F-C22A-43E0-BF4C-06F5698FFBD9}","Signed":"true","UtcTime":"2020-10-12 22:34:38.154","port":61041,"Severity":"INFO","tags":["mordorDataset"],"Task":7,"SourceModuleType":"im_msvistalog","OpcodeValue":0,"EventType":"INFO","ExecutionProcessID":3312,"Opcode":"Info","SourceName":"Microsoft-Windows-Sysmon","Product":"Microsoft® Windows® Operating System","Keywords":-9223372036854775808,"FileVersion":"10.0.18362.815 (WinBuild.160101.0800)","EventID":7,"Domain":"NT AUTHORITY","Category":"Image loaded (rule: ImageLoad)","OriginalFileName":"ucrtbase.dll","@version":"1","AccountName":"SYSTEM","ProcessGuid":"{71b87c12-d9fe-5f84-1901-000000000500}","host":"wec.internal.cloudapp.net","Hashes":"SHA1=53F8B431D10FDB2C001D58120280A417B01073BE,MD5=F0DA14E390F0CCB58EAAD34D9B309E4B,SHA256=7EE229626B22799FAA28CD7C22D4FF2AD0603C17E5F5EE9086FA7CF6483331FB,IMPHASH=5AE9A136FAFA10321F3D48251BF4F6A1","SeverityValue":2,"EventTime":"2020-10-12 18:34:38","Message":"Image loaded:\r\nRuleName: -\r\nUtcTime: 2020-10-12 22:34:38.154\r\nProcessGuid: {71b87c12-d9fe-5f84-1901-000000000500}\r\nProcessId: 6208\r\nImage: C:\\Windows\\System32\\wuauclt.exe\r\nImageLoaded: C:\\Windows\\System32\\ucrtbase.dll\r\nFileVersion: 10.0.18362.815 (WinBuild.160101.0800)\r\nDescription: Microsoft® C Runtime Library\r\nProduct: Microsoft® Windows® Operating System\r\nCompany: Microsoft Corporation\r\nOriginalFileName: ucrtbase.dll\r\nHashes: SHA1=53F8B431D10FDB2C001D58120280A417B01073BE,MD5=F0DA14E390F0CCB58EAAD34D9B309E4B,SHA256=7EE229626B22799FAA28CD7C22D4FF2AD0603C17E5F5EE9086FA7CF6483331FB,IMPHASH=5AE9A136FAFA10321F3D48251BF4F6A1\r\nSigned: true\r\nSignature: Microsoft Windows\r\nSignatureStatus: Valid","SourceModuleName":"eventlog","AccountType":"User","Signature":"Microsoft Windows"}
{"RuleName":"-","@timestamp":"2020-10-12T22:34:38.934Z","SignatureStatus":"Valid","Channel":"Microsoft-Windows-Sysmon/Operational","UserID":"S-1-5-18","RecordNumber":338566,"ThreadID":3444,"Image":"C:\\Windows\\System32\\wuauclt.exe","ProcessId":"6208","Company":"Microsoft Corporation","Version":3,"Hostname":"WORKSTATION5.theshire.local","ImageLoaded":"C:\\Windows\\System32\\rpcrt4.dll","Description":"Remote Procedure Call Runtime","EventReceivedTime":"2020-10-12 18:34:38","ProviderGuid":"{5770385F-C22A-43E0-BF4C-06F5698FFBD9}","Signed":"true","UtcTime":"2020-10-12 22:34:38.154","port":61041,"Severity":"INFO","tags":["mordorDataset"],"Task":7,"SourceModuleType":"im_msvistalog","OpcodeValue":0,"EventType":"INFO","ExecutionProcessID":3312,"Opcode":"Info","SourceName":"Microsoft-Windows-Sysmon","Product":"Microsoft® Windows® Operating System","Keywords":-9223372036854775808,"FileVersion":"10.0.18362.1082 (WinBuild.160101.0800)","EventID":7,"Domain":"NT AUTHORITY","Category":"Image loaded (rule: ImageLoad)","OriginalFileName":"rpcrt4.dll","@version":"1","AccountName":"SYSTEM","ProcessGuid":"{71b87c12-d9fe-5f84-1901-000000000500}","host":"wec.internal.cloudapp.net","Hashes":"SHA1=863C24BD6E91FDCDEDE1124EFC93FDD1564F0C23,MD5=61C41B28689BB516F1CFC880507C839B,SHA256=DAF391DB91AC04B50A0C896963F5120A52C8B1B4999BF37BE80AB025AB116700,IMPHASH=88E7E7C7FA90052EC162DD37F2B7C7BD","SeverityValue":2,"EventTime":"2020-10-12 18:34:38","Message":"Image loaded:\r\nRuleName: -\r\nUtcTime: 2020-10-12 22:34:38.154\r\nProcessGuid: {71b87c12-d9fe-5f84-1901-000000000500}\r\nProcessId: 6208\r\nImage: C:\\Windows\\System32\\wuauclt.exe\r\nImageLoaded: C:\\Windows\\System32\\rpcrt4.dll\r\nFileVersion: 10.0.18362.1082 (WinBuild.160101.0800)\r\nDescription: Remote Procedure Call Runtime\r\nProduct: Microsoft® Windows® Operating System\r\nCompany: Microsoft Corporation\r\nOriginalFileName: rpcrt4.dll\r\nHashes: SHA1=863C24BD6E91FDCDEDE1124EFC93FDD1564F0C23,MD5=61C41B28689BB516F1CFC880507C839B,SHA256=DAF391DB91AC04B50A0C896963F5120A52C8B1B4999BF37BE80AB025AB116700,IMPHASH=88E7E7C7FA90052EC162DD37F2B7C7BD\r\nSigned: true\r\nSignature: Microsoft Windows\r\nSignatureStatus: Valid","SourceModuleName":"eventlog","AccountType":"User","Signature":"Microsoft Windows"}
{"RuleName":"-","@timestamp":"2020-10-12T22:34:38.934Z","SignatureStatus":"Valid","Channel":"Microsoft-Windows-Sysmon/Operational","UserID":"S-1-5-18","RecordNumber":338567,"ThreadID":3444,"Image":"C:\\Windows\\System32\\wuauclt.exe","ProcessId":"6208","Company":"Microsoft Corporation","Version":3,"Hostname":"WORKSTATION5.theshire.local","ImageLoaded":"C:\\Windows\\System32\\bcryptprimitives.dll","Description":"Windows Cryptographic Primitives Library","EventReceivedTime":"2020-10-12 18:34:38","ProviderGuid":"{5770385F-C22A-43E0-BF4C-06F5698FFBD9}","Signed":"true","UtcTime":"2020-10-12 22:34:38.154","port":61041,"Severity":"INFO","tags":["mordorDataset"],"Task":7,"SourceModuleType":"im_msvistalog","OpcodeValue":0,"EventType":"INFO","ExecutionProcessID":3312,"Opcode":"Info","SourceName":"Microsoft-Windows-Sysmon","Product":"Microsoft® Windows® Operating System","Keywords":-9223372036854775808,"FileVersion":"10.0.18362.836 (WinBuild.160101.0800)","EventID":7,"Domain":"NT AUTHORITY","Category":"Image loaded (rule: ImageLoad)","OriginalFileName":"bcryptprimitives.dll","@version":"1","AccountName":"SYSTEM","ProcessGuid":"{71b87c12-d9fe-5f84-1901-000000000500}","host":"wec.internal.cloudapp.net","Hashes":"SHA1=B4222C8DC3274CFC3FE54F322D827B2F01FFF036,MD5=EF2BBEAFF07D32A2EC77FB4602FA9664,SHA256=6B47F3E88CDEDF8F31F91940E38A4544818C79D153323262F9F46B21F41D262C,IMPHASH=402DA460E2AC467F4489C588A9941032","SeverityValue":2,"EventTime":"2020-10-12 18:34:38","Message":"Image loaded:\r\nRuleName: -\r\nUtcTime: 2020-10-12 22:34:38.154\r\nProcessGuid: {71b87c12-d9fe-5f84-1901-000000000500}\r\nProcessId: 6208\r\nImage: C:\\Windows\\System32\\wuauclt.exe\r\nImageLoaded: C:\\Windows\\System32\\bcryptprimitives.dll\r\nFileVersion: 10.0.18362.836 (WinBuild.160101.0800)\r\nDescription: Windows Cryptographic Primitives Library\r\nProduct: Microsoft® Windows® Operating System\r\nCompany: Microsoft Corporation\r\nOriginalFileName: bcryptprimitives.dll\r\nHashes: SHA1=B4222C8DC3274CFC3FE54F322D827B2F01FFF036,MD5=EF2BBEAFF07D32A2EC77FB4602FA9664,SHA256=6B47F3E88CDEDF8F31F91940E38A4544818C79D153323262F9F46B21F41D262C,IMPHASH=402DA460E2AC467F4489C588A9941032\r\nSigned: true\r\nSignature: Microsoft Windows\r\nSignatureStatus: Valid","SourceModuleName":"eventlog","AccountType":"User","Signature":"Microsoft Windows"}
