{"SourceProcessId":"1896","RuleName":"-","@timestamp":"2020-10-12T22:35:15.318Z","Channel":"Microsoft-Windows-Sysmon/Operational","UserID":"S-1-5-18","TargetProcessId":"3872","CallTrace":"C:\\windows\\SYSTEM32\\ntdll.dll+9c534|C:\\windows\\System32\\KERNELBASE.dll+305fe|c:\\windows\\system32\\fwbase.dll+3b35|c:\\windows\\system32\\fwbase.dll+3a89|c:\\windows\\system32\\mpssvc.dll+b907|c:\\windows\\system32\\mpssvc.dll+b3f9|c:\\windows\\system32\\mpssvc.dll+e084|C:\\windows\\System32\\RPCRT4.dll+76a53|C:\\windows\\System32\\RPCRT4.dll+da036|C:\\windows\\System32\\RPCRT4.dll+37b1c|C:\\windows\\System32\\RPCRT4.dll+54998|C:\\windows\\System32\\RPCRT4.dll+2c951|C:\\windows\\System32\\RPCRT4.dll+2c20b|C:\\windows\\System32\\RPCRT4.dll+1a86f|C:\\windows\\System32\\RPCRT4.dll+19d1a|C:\\windows\\System32\\RPCRT4.dll+19301|C:\\windows\\System32\\RPCRT4.dll+18d6e|C:\\windows\\System32\\RPCRT4.dll+169a5|C:\\windows\\SYSTEM32\\ntdll.dll+333ed|C:\\windows\\SYSTEM32\\ntdll.dll+34142|C:\\windows\\System32\\KERNEL32.DLL+17bd4|C:\\windows\\SYSTEM32\\ntdll.dll+6ce51","RecordNumber":111691,"ThreadID":4780,"SourceProcessGUID":"{37c5a1b2-c0cc-5f84-2900-000000000400}","TargetImage":"C:\\windows\\system32\\svchost.exe","ProcessId":"1896","Version":3,"Hostname":"WORKSTATION6.theshire.local","EventReceivedTime":"2020-10-12 18:35:15","ProviderGuid":"{5770385F-C22A-43E0-BF4C-06F5698FFBD9}","UtcTime":"2020-10-12 22:35:13.569","port":61041,"Severity":"INFO","tags":["mordorDataset"],"Task":10,"SourceThreadId":"416","SourceModuleType":"im_msvistalog","OpcodeValue":0,"EventType":"INFO","ExecutionProcessID":3592,"Opcode":"Info","SourceName":"Microsoft-Windows-Sysmon","Keywords":-9223372036854775808,"EventID":10,"Domain":"NT AUTHORITY","Category":"Process accessed (rule: ProcessAccess)","@version":"1","AccountName":"SYSTEM","host":"wec.internal.cloudapp.net","SourceImage":"C:\\windows\\system32\\svchost.exe","SeverityValue":2,"EventTime":"2020-10-12 18:35:13","Message":"Process accessed:\r\nRuleName: -\r\nUtcTime: 2020-10-12 22:35:13.569\r\nSourceProcessGUID: {37c5a1b2-c0cc-5f84-2900-000000000400}\r\nSourceProcessId: 1896\r\nSourceThreadId: 416\r\nSourceImage: C:\\windows\\system32\\svchost.exe\r\nTargetProcessGUID: {37c5a1b2-c0d1-5f84-5500-000000000400}\r\nTargetProcessId: 3872\r\nTargetImage: C:\\windows\\system32\\svchost.exe\r\nGrantedAccess: 0x1000\r\nCallTrace: C:\\windows\\SYSTEM32\\ntdll.dll+9c534|C:\\windows\\System32\\KERNELBASE.dll+305fe|c:\\windows\\system32\\fwbase.dll+3b35|c:\\windows\\system32\\fwbase.dll+3a89|c:\\windows\\system32\\mpssvc.dll+b907|c:\\windows\\system32\\mpssvc.dll+b3f9|c:\\windows\\system32\\mpssvc.dll+e084|C:\\windows\\System32\\RPCRT4.dll+76a53|C:\\windows\\System32\\RPCRT4.dll+da036|C:\\windows\\System32\\RPCRT4.dll+37b1c|C:\\windows\\System32\\RPCRT4.dll+54998|C:\\windows\\System32\\RPCRT4.dll+2c951|C:\\windows\\System32\\RPCRT4.dll+2c20b|C:\\windows\\System32\\RPCRT4.dll+1a86f|C:\\windows\\System32\\RPCRT4.dll+19d1a|C:\\windows\\System32\\RPCRT4.dll+19301|C:\\windows\\System32\\RPCRT4.dll+18d6e|C:\\windows\\System32\\RPCRT4.dll+169a5|C:\\windows\\SYSTEM32\\ntdll.dll+333ed|C:\\windows\\SYSTEM32\\ntdll.dll+34142|C:\\windows\\System32\\KERNEL32.DLL+17bd4|C:\\windows\\SYSTEM32\\ntdll.dll+6ce51","SourceModuleName":"eventlog","GrantedAccess":"0x1000","AccountType":"User","TargetProcessGUID":"{37c5a1b2-c0d1-5f84-5500-000000000400}"}
{"SourceProcessId":"0x768","@timestamp":"2020-10-12T22:35:15.319Z","port":61041,"Severity":"INFO","Task":12807,"Channel":"Security","tags":["mordorDataset"],"SourceModuleType":"im_msvistalog","OpcodeValue":0,"TargetProcessId":"0x4","EventType":"AUDIT_SUCCESS","ExecutionProcessID":4,"Opcode":"Info","RecordNumber":61045,"ThreadID":5396,"SubjectDomainName":"NT AUTHORITY","SubjectLogonId":"0x3e5","SourceName":"Microsoft-Windows-Security-Auditing","TargetHandleId":"0x1d40","Keywords":-9214364837600034816,"EventID":4690,"Category":"Handle Manipulation","SourceHandleId":"0x7b0","Version":0,"ProcessId":"0x768","@version":"1","host":"wec.internal.cloudapp.net","Hostname":"WORKSTATION6.theshire.local","EventReceivedTime":"2020-10-12 18:35:15","SeverityValue":2,"EventTime":"2020-10-12 18:35:13","ProviderGuid":"{54849625-5478-4994-A5BA-3E3B0328C30D}","Message":"An attempt was made to duplicate a handle to an object.\r\n\r\nSubject:\r\n\tSecurity ID:\t\tS-1-5-19\r\n\tAccount Name:\t\tLOCAL SERVICE\r\n\tAccount Domain:\t\tNT AUTHORITY\r\n\tLogon ID:\t\t0x3E5\r\n\r\nSource Handle Information:\r\n\tSource Handle ID:\t0x7b0\r\n\tSource Process ID:\t0x768\r\n\r\nNew Handle Information:\r\n\tTarget Handle ID:\t0x1d40\r\n\tTarget Process ID:\t0x4","SubjectUserName":"LOCAL SERVICE","SourceModuleName":"eventlog","SubjectUserSid":"S-1-5-19"}
{"SourceProcessId":"1896","RuleName":"-","@timestamp":"2020-10-12T22:35:15.319Z","Channel":"Microsoft-Windows-Sysmon/Operational","UserID":"S-1-5-18","TargetProcessId":"3872","CallTrace":"C:\\windows\\SYSTEM32\\ntdll.dll+9c534|C:\\windows\\System32\\KERNELBASE.dll+305fe|c:\\windows\\system32\\fwbase.dll+3b35|c:\\windows\\system32\\fwbase.dll+3a89|c:\\windows\\system32\\mpssvc.dll+b907|c:\\windows\\system32\\mpssvc.dll+ac05|c:\\windows\\system32\\mpssvc.dll+a934|C:\\windows\\System32\\RPCRT4.dll+76a53|C:\\windows\\System32\\RPCRT4.dll+da036|C:\\windows\\System32\\RPCRT4.dll+37b1c|C:\\windows\\System32\\RPCRT4.dll+54998|C:\\windows\\System32\\RPCRT4.dll+2c951|C:\\windows\\System32\\RPCRT4.dll+2c20b|C:\\windows\\System32\\RPCRT4.dll+1a86f|C:\\windows\\System32\\RPCRT4.dll+19d1a|C:\\windows\\System32\\RPCRT4.dll+19301|C:\\windows\\System32\\RPCRT4.dll+18d6e|C:\\windows\\System32\\RPCRT4.dll+169a5|C:\\windows\\SYSTEM32\\ntdll.dll+333ed|C:\\windows\\SYSTEM32\\ntdll.dll+34142|C:\\windows\\System32\\KERNEL32.DLL+17bd4|C:\\windows\\SYSTEM32\\ntdll.dll+6ce51","RecordNumber":111692,"ThreadID":4780,"SourceProcessGUID":"{37c5a1b2-c0cc-5f84-2900-000000000400}","TargetImage":"C:\\windows\\system32\\svchost.exe","ProcessId":"1896","Version":3,"Hostname":"WORKSTATION6.theshire.local","EventReceivedTime":"2020-10-12 18:35:15","ProviderGuid":"{5770385F-C22A-43E0-BF4C-06F5698FFBD9}","UtcTime":"2020-10-12 22:35:13.569","port":61041,"Severity":"INFO","tags":["mordorDataset"],"Task":10,"SourceThreadId":"416","SourceModuleType":"im_msvistalog","OpcodeValue":0,"EventType":"INFO","ExecutionProcessID":3592,"Opcode":"Info","SourceName":"Microsoft-Windows-Sysmon","Keywords":-9223372036854775808,"EventID":10,"Domain":"NT AUTHORITY","Category":"Process accessed (rule: ProcessAccess)","@version":"1","AccountName":"SYSTEM","host":"wec.internal.cloudapp.net","SourceImage":"C:\\windows\\system32\\svchost.exe","SeverityValue":2,"EventTime":"2020-10-12 18:35:13","Message":"Process accessed:\r\nRuleName: -\r\nUtcTime: 2020-10-12 22:35:13.569\r\nSourceProcessGUID: {37c5a1b2-c0cc-5f84-2900-000000000400}\r\nSourceProcessId: 1896\r\nSourceThreadId: 416\r\nSourceImage: C:\\windows\\system32\\svchost.exe\r\nTargetProcessGUID: {37c5a1b2-c0d1-5f84-5500-000000000400}\r\nTargetProcessId: 3872\r\nTargetImage: C:\\windows\\system32\\svchost.exe\r\nGrantedAccess: 0x1000\r\nCallTrace: C:\\windows\\SYSTEM32\\ntdll.dll+9c534|C:\\windows\\System32\\KERNELBASE.dll+305fe|c:\\windows\\system32\\fwbase.dll+3b35|c:\\windows\\system32\\fwbase.dll+3a89|c:\\windows\\system32\\mpssvc.dll+b907|c:\\windows\\system32\\mpssvc.dll+ac05|c:\\windows\\system32\\mpssvc.dll+a934|C:\\windows\\System32\\RPCRT4.dll+76a53|C:\\windows\\System32\\RPCRT4.dll+da036|C:\\windows\\System32\\RPCRT4.dll+37b1c|C:\\windows\\System32\\RPCRT4.dll+54998|C:\\windows\\System32\\RPCRT4.dll+2c951|C:\\windows\\System32\\RPCRT4.dll+2c20b|C:\\windows\\System32\\RPCRT4.dll+1a86f|C:\\windows\\System32\\RPCRT4.dll+19d1a|C:\\windows\\System32\\RPCRT4.dll+19301|C:\\windows\\System32\\RPCRT4.dll+18d6e|C:\\windows\\System32\\RPCRT4.dll+169a5|C:\\windows\\SYSTEM32\\ntdll.dll+333ed|C:\\windows\\SYSTEM32\\ntdll.dll+34142|C:\\windows\\System32\\KERNEL32.DLL+17bd4|C:\\windows\\SYSTEM32\\ntdll.dll+6ce51","SourceModuleName":"eventlog","GrantedAccess":"0x1000","AccountType":"User","TargetProcessGUID":"{37c5a1b2-c0d1-5f84-5500-000000000400}"}
{"@timestamp":"2020-10-12T22:35:15.320Z","port":61041,"Severity":"INFO","Task":12801,"Channel":"Security","tags":["mordorDataset"],"SourceModuleType":"im_msvistalog","OpcodeValue":0,"EventType":"AUDIT_SUCCESS","ExecutionProcessID":4,"Opcode":"Info","RecordNumber":61046,"ThreadID":5396,"SubjectDomainName":"NT AUTHORITY","SubjectLogonId":"0x3e5","SourceName":"Microsoft-Windows-Security-Auditing","Keywords":-9214364837600034816,"HandleId":"0x1d40","EventID":4658,"Category":"Registry","ProcessId":"0x768","Version":0,"@version":"1","host":"wec.internal.cloudapp.net","Hostname":"WORKSTATION6.theshire.local","ProcessName":"C:\\Windows\\System32\\svchost.exe","ObjectServer":"Security","EventReceivedTime":"2020-10-12 18:35:15","SeverityValue":2,"EventTime":"2020-10-12 18:35:13","ProviderGuid":"{54849625-5478-4994-A5BA-3E3B0328C30D}","Message":"The handle to an object was closed.\r\n\r\nSubject :\r\n\tSecurity ID:\t\tS-1-5-19\r\n\tAccount Name:\t\tLOCAL SERVICE\r\n\tAccount Domain:\t\tNT AUTHORITY\r\n\tLogon ID:\t\t0x3E5\r\n\r\nObject:\r\n\tObject Server:\t\tSecurity\r\n\tHandle ID:\t\t0x1d40\r\n\r\nProcess Information:\r\n\tProcess ID:\t\t0x768\r\n\tProcess Name:\t\tC:\\Windows\\System32\\svchost.exe","SubjectUserName":"LOCAL SERVICE","SourceModuleName":"eventlog","SubjectUserSid":"S-1-5-19"}
{"SourceProcessId":"1896","RuleName":"-","@timestamp":"2020-10-12T22:35:15.320Z","Channel":"Microsoft-Windows-Sysmon/Operational","UserID":"S-1-5-18","TargetProcessId":"3872","CallTrace":"C:\\windows\\SYSTEM32\\ntdll.dll+9c534|C:\\windows\\System32\\KERNELBASE.dll+305fe|c:\\windows\\system32\\fwbase.dll+3b35|c:\\windows\\system32\\fwbase.dll+3a89|c:\\windows\\system32\\mpssvc.dll+b907|c:\\windows\\system32\\mpssvc.dll+b3f9|c:\\windows\\system32\\mpssvc.dll+e084|C:\\windows\\System32\\RPCRT4.dll+76a53|C:\\windows\\System32\\RPCRT4.dll+da036|C:\\windows\\System32\\RPCRT4.dll+37b1c|C:\\windows\\System32\\RPCRT4.dll+54998|C:\\windows\\System32\\RPCRT4.dll+2c951|C:\\windows\\System32\\RPCRT4.dll+2c20b|C:\\windows\\System32\\RPCRT4.dll+1a86f|C:\\windows\\System32\\RPCRT4.dll+19d1a|C:\\windows\\System32\\RPCRT4.dll+19301|C:\\windows\\System32\\RPCRT4.dll+18d6e|C:\\windows\\System32\\RPCRT4.dll+169a5|C:\\windows\\SYSTEM32\\ntdll.dll+333ed|C:\\windows\\SYSTEM32\\ntdll.dll+34142|C:\\windows\\System32\\KERNEL32.DLL+17bd4|C:\\windows\\SYSTEM32\\ntdll.dll+6ce51","RecordNumber":111693,"ThreadID":4780,"SourceProcessGUID":"{37c5a1b2-c0cc-5f84-2900-000000000400}","TargetImage":"C:\\windows\\system32\\svchost.exe","ProcessId":"1896","Version":3,"Hostname":"WORKSTATION6.theshire.local","EventReceivedTime":"2020-10-12 18:35:15","ProviderGuid":"{5770385F-C22A-43E0-BF4C-06F5698FFBD9}","UtcTime":"2020-10-12 22:35:13.569","port":61041,"Severity":"INFO","tags":["mordorDataset"],"Task":10,"SourceThreadId":"416","SourceModuleType":"im_msvistalog","OpcodeValue":0,"EventType":"INFO","ExecutionProcessID":3592,"Opcode":"Info","SourceName":"Microsoft-Windows-Sysmon","Keywords":-9223372036854775808,"EventID":10,"Domain":"NT AUTHORITY","Category":"Process accessed (rule: ProcessAccess)","@version":"1","AccountName":"SYSTEM","host":"wec.internal.cloudapp.net","SourceImage":"C:\\windows\\system32\\svchost.exe","SeverityValue":2,"EventTime":"2020-10-12 18:35:13","Message":"Process accessed:\r\nRuleName: -\r\nUtcTime: 2020-10-12 22:35:13.569\r\nSourceProcessGUID: {37c5a1b2-c0cc-5f84-2900-000000000400}\r\nSourceProcessId: 1896\r\nSourceThreadId: 416\r\nSourceImage: C:\\windows\\system32\\svchost.exe\r\nTargetProcessGUID: {37c5a1b2-c0d1-5f84-5500-000000000400}\r\nTargetProcessId: 3872\r\nTargetImage: C:\\windows\\system32\\svchost.exe\r\nGrantedAccess: 0x1000\r\nCallTrace: C:\\windows\\SYSTEM32\\ntdll.dll+9c534|C:\\windows\\System32\\KERNELBASE.dll+305fe|c:\\windows\\system32\\fwbase.dll+3b35|c:\\windows\\system32\\fwbase.dll+3a89|c:\\windows\\system32\\mpssvc.dll+b907|c:\\windows\\system32\\mpssvc.dll+b3f9|c:\\windows\\system32\\mpssvc.dll+e084|C:\\windows\\System32\\RPCRT4.dll+76a53|C:\\windows\\System32\\RPCRT4.dll+da036|C:\\windows\\System32\\RPCRT4.dll+37b1c|C:\\windows\\System32\\RPCRT4.dll+54998|C:\\windows\\System32\\RPCRT4.dll+2c951|C:\\windows\\System32\\RPCRT4.dll+2c20b|C:\\windows\\System32\\RPCRT4.dll+1a86f|C:\\windows\\System32\\RPCRT4.dll+19d1a|C:\\windows\\System32\\RPCRT4.dll+19301|C:\\windows\\System32\\RPCRT4.dll+18d6e|C:\\windows\\System32\\RPCRT4.dll+169a5|C:\\windows\\SYSTEM32\\ntdll.dll+333ed|C:\\windows\\SYSTEM32\\ntdll.dll+34142|C:\\windows\\System32\\KERNEL32.DLL+17bd4|C:\\windows\\SYSTEM32\\ntdll.dll+6ce51","SourceModuleName":"eventlog","GrantedAccess":"0x1000","AccountType":"User","TargetProcessGUID":"{37c5a1b2-c0d1-5f84-5500-000000000400}"}
{"SourceProcessId":"1896","RuleName":"-","@timestamp":"2020-10-12T22:35:15.321Z","Channel":"Microsoft-Windows-Sysmon/Operational","UserID":"S-1-5-18","TargetProcessId":"3872","CallTrace":"C:\\windows\\SYSTEM32\\ntdll.dll+9c534|C:\\windows\\System32\\KERNELBASE.dll+305fe|c:\\windows\\system32\\fwbase.dll+3b35|c:\\windows\\system32\\fwbase.dll+3a89|c:\\windows\\system32\\mpssvc.dll+b907|c:\\windows\\system32\\mpssvc.dll+b75b|c:\\windows\\system32\\mpssvc.dll+e1c2|C:\\windows\\System32\\RPCRT4.dll+76a53|C:\\windows\\System32\\RPCRT4.dll+da036|C:\\windows\\System32\\RPCRT4.dll+37b1c|C:\\windows\\System32\\RPCRT4.dll+54998|C:\\windows\\System32\\RPCRT4.dll+2c951|C:\\windows\\System32\\RPCRT4.dll+2c20b|C:\\windows\\System32\\RPCRT4.dll+1a86f|C:\\windows\\System32\\RPCRT4.dll+19d1a|C:\\windows\\System32\\RPCRT4.dll+19301|C:\\windows\\System32\\RPCRT4.dll+18d6e|C:\\windows\\System32\\RPCRT4.dll+169a5|C:\\windows\\SYSTEM32\\ntdll.dll+333ed|C:\\windows\\SYSTEM32\\ntdll.dll+34142|C:\\windows\\System32\\KERNEL32.DLL+17bd4|C:\\windows\\SYSTEM32\\ntdll.dll+6ce51","RecordNumber":111694,"ThreadID":4780,"SourceProcessGUID":"{37c5a1b2-c0cc-5f84-2900-000000000400}","TargetImage":"C:\\windows\\system32\\svchost.exe","ProcessId":"1896","Version":3,"Hostname":"WORKSTATION6.theshire.local","EventReceivedTime":"2020-10-12 18:35:15","ProviderGuid":"{5770385F-C22A-43E0-BF4C-06F5698FFBD9}","UtcTime":"2020-10-12 22:35:13.569","port":61041,"Severity":"INFO","tags":["mordorDataset"],"Task":10,"SourceThreadId":"416","SourceModuleType":"im_msvistalog","OpcodeValue":0,"EventType":"INFO","ExecutionProcessID":3592,"Opcode":"Info","SourceName":"Microsoft-Windows-Sysmon","Keywords":-9223372036854775808,"EventID":10,"Domain":"NT AUTHORITY","Category":"Process accessed (rule: ProcessAccess)","@version":"1","AccountName":"SYSTEM","host":"wec.internal.cloudapp.net","SourceImage":"C:\\windows\\system32\\svchost.exe","SeverityValue":2,"EventTime":"2020-10-12 18:35:13","Message":"Process accessed:\r\nRuleName: -\r\nUtcTime: 2020-10-12 22:35:13.569\r\nSourceProcessGUID: {37c5a1b2-c0cc-5f84-2900-000000000400}\r\nSourceProcessId: 1896\r\nSourceThreadId: 416\r\nSourceImage: C:\\windows\\system32\\svchost.exe\r\nTargetProcessGUID: {37c5a1b2-c0d1-5f84-5500-000000000400}\r\nTargetProcessId: 3872\r\nTargetImage: C:\\windows\\system32\\svchost.exe\r\nGrantedAccess: 0x1000\r\nCallTrace: C:\\windows\\SYSTEM32\\ntdll.dll+9c534|C:\\windows\\System32\\KERNELBASE.dll+305fe|c:\\windows\\system32\\fwbase.dll+3b35|c:\\windows\\system32\\fwbase.dll+3a89|c:\\windows\\system32\\mpssvc.dll+b907|c:\\windows\\system32\\mpssvc.dll+b75b|c:\\windows\\system32\\mpssvc.dll+e1c2|C:\\windows\\System32\\RPCRT4.dll+76a53|C:\\windows\\System32\\RPCRT4.dll+da036|C:\\windows\\System32\\RPCRT4.dll+37b1c|C:\\windows\\System32\\RPCRT4.dll+54998|C:\\windows\\System32\\RPCRT4.dll+2c951|C:\\windows\\System32\\RPCRT4.dll+2c20b|C:\\windows\\System32\\RPCRT4.dll+1a86f|C:\\windows\\System32\\RPCRT4.dll+19d1a|C:\\windows\\System32\\RPCRT4.dll+19301|C:\\windows\\System32\\RPCRT4.dll+18d6e|C:\\windows\\System32\\RPCRT4.dll+169a5|C:\\windows\\SYSTEM32\\ntdll.dll+333ed|C:\\windows\\SYSTEM32\\ntdll.dll+34142|C:\\windows\\System32\\KERNEL32.DLL+17bd4|C:\\windows\\SYSTEM32\\ntdll.dll+6ce51","SourceModuleName":"eventlog","GrantedAccess":"0x1000","AccountType":"User","TargetProcessGUID":"{37c5a1b2-c0d1-5f84-5500-000000000400}"}
{"@timestamp":"2020-10-12T22:35:15.322Z","AccessReason":"-","Channel":"Security","SubjectDomainName":"NT AUTHORITY","RecordNumber":61047,"ThreadID":5396,"SubjectLogonId":"0x3e5","TransactionId":"{00000000-0000-0000-0000-000000000000}","ObjectName":"\\REGISTRY\\MACHINE\\SYSTEM\\ControlSet001\\Control\\Lsa","ProcessId":"0x768","Version":1,"Hostname":"WORKSTATION6.theshire.local","EventReceivedTime":"2020-10-12 18:35:15","ProviderGuid":"{54849625-5478-4994-A5BA-3E3B0328C30D}","SubjectUserName":"LOCAL SERVICE","RestrictedSidCount":"5","port":61041,"Severity":"INFO","ResourceAttributes":"-","Task":12801,"tags":["mordorDataset"],"SourceModuleType":"im_msvistalog","OpcodeValue":0,"EventType":"AUDIT_SUCCESS","ExecutionProcessID":4,"Opcode":"Info","ObjectType":"Key","SourceName":"Microsoft-Windows-Security-Auditing","Keywords":-9214364837600034816,"AccessList":"%%4432\r\n\t\t\t\t","HandleId":"0x7b0","EventID":4656,"Category":"Registry","@version":"1","host":"wec.internal.cloudapp.net","AccessMask":"0x1","ObjectServer":"Security","ProcessName":"C:\\Windows\\System32\\svchost.exe","SeverityValue":2,"EventTime":"2020-10-12 18:35:13","Message":"A handle to an object was requested.\r\n\r\nSubject:\r\n\tSecurity ID:\t\tS-1-5-19\r\n\tAccount Name:\t\tLOCAL SERVICE\r\n\tAccount Domain:\t\tNT AUTHORITY\r\n\tLogon ID:\t\t0x3E5\r\n\r\nObject:\r\n\tObject Server:\t\tSecurity\r\n\tObject Type:\t\tKey\r\n\tObject Name:\t\t\\REGISTRY\\MACHINE\\SYSTEM\\ControlSet001\\Control\\Lsa\r\n\tHandle ID:\t\t0x7b0\r\n\tResource Attributes:\t-\r\n\r\nProcess Information:\r\n\tProcess ID:\t\t0x768\r\n\tProcess Name:\t\tC:\\Windows\\System32\\svchost.exe\r\n\r\nAccess Request Information:\r\n\tTransaction ID:\t\t{00000000-0000-0000-0000-000000000000}\r\n\tAccesses:\t\tQuery key value\r\n\t\t\t\t\r\n\tAccess Reasons:\t\t-\r\n\tAccess Mask:\t\t0x1\r\n\tPrivileges Used for Access Check:\t-\r\n\tRestricted SID Count:\t5","PrivilegeList":"-","SourceModuleName":"eventlog","SubjectUserSid":"S-1-5-19"}
{"SourceProcessId":"1896","RuleName":"-","@timestamp":"2020-10-12T22:35:15.322Z","Channel":"Microsoft-Windows-Sysmon/Operational","UserID":"S-1-5-18","TargetProcessId":"3872","CallTrace":"C:\\windows\\SYSTEM32\\ntdll.dll+9c534|C:\\windows\\System32\\KERNELBASE.dll+305fe|c:\\windows\\system32\\fwbase.dll+3b35|c:\\windows\\system32\\fwbase.dll+3a89|c:\\windows\\system32\\mpssvc.dll+b907|c:\\windows\\system32\\mpssvc.dll+b75b|c:\\windows\\system32\\mpssvc.dll+e1c2|C:\\windows\\System32\\RPCRT4.dll+76a53|C:\\windows\\System32\\RPCRT4.dll+da036|C:\\windows\\System32\\RPCRT4.dll+37b1c|C:\\windows\\System32\\RPCRT4.dll+54998|C:\\windows\\System32\\RPCRT4.dll+2c951|C:\\windows\\System32\\RPCRT4.dll+2c20b|C:\\windows\\System32\\RPCRT4.dll+1a86f|C:\\windows\\System32\\RPCRT4.dll+19d1a|C:\\windows\\System32\\RPCRT4.dll+19301|C:\\windows\\System32\\RPCRT4.dll+18d6e|C:\\windows\\System32\\RPCRT4.dll+169a5|C:\\windows\\SYSTEM32\\ntdll.dll+333ed|C:\\windows\\SYSTEM32\\ntdll.dll+34142|C:\\windows\\System32\\KERNEL32.DLL+17bd4|C:\\windows\\SYSTEM32\\ntdll.dll+6ce51","RecordNumber":111695,"ThreadID":4780,"SourceProcessGUID":"{37c5a1b2-c0cc-5f84-2900-000000000400}","TargetImage":"C:\\windows\\system32\\svchost.exe","ProcessId":"1896","Version":3,"Hostname":"WORKSTATION6.theshire.local","EventReceivedTime":"2020-10-12 18:35:15","ProviderGuid":"{5770385F-C22A-43E0-BF4C-06F5698FFBD9}","UtcTime":"2020-10-12 22:35:13.569","port":61041,"Severity":"INFO","tags":["mordorDataset"],"Task":10,"SourceThreadId":"416","SourceModuleType":"im_msvistalog","OpcodeValue":0,"EventType":"INFO","ExecutionProcessID":3592,"Opcode":"Info","SourceName":"Microsoft-Windows-Sysmon","Keywords":-9223372036854775808,"EventID":10,"Domain":"NT AUTHORITY","Category":"Process accessed (rule: ProcessAccess)","@version":"1","AccountName":"SYSTEM","host":"wec.internal.cloudapp.net","SourceImage":"C:\\windows\\system32\\svchost.exe","SeverityValue":2,"EventTime":"2020-10-12 18:35:13","Message":"Process accessed:\r\nRuleName: -\r\nUtcTime: 2020-10-12 22:35:13.569\r\nSourceProcessGUID: {37c5a1b2-c0cc-5f84-2900-000000000400}\r\nSourceProcessId: 1896\r\nSourceThreadId: 416\r\nSourceImage: C:\\windows\\system32\\svchost.exe\r\nTargetProcessGUID: {37c5a1b2-c0d1-5f84-5500-000000000400}\r\nTargetProcessId: 3872\r\nTargetImage: C:\\windows\\system32\\svchost.exe\r\nGrantedAccess: 0x1000\r\nCallTrace: C:\\windows\\SYSTEM32\\ntdll.dll+9c534|C:\\windows\\System32\\KERNELBASE.dll+305fe|c:\\windows\\system32\\fwbase.dll+3b35|c:\\windows\\system32\\fwbase.dll+3a89|c:\\windows\\system32\\mpssvc.dll+b907|c:\\windows\\system32\\mpssvc.dll+b75b|c:\\windows\\system32\\mpssvc.dll+e1c2|C:\\windows\\System32\\RPCRT4.dll+76a53|C:\\windows\\System32\\RPCRT4.dll+da036|C:\\windows\\System32\\RPCRT4.dll+37b1c|C:\\windows\\System32\\RPCRT4.dll+54998|C:\\windows\\System32\\RPCRT4.dll+2c951|C:\\windows\\System32\\RPCRT4.dll+2c20b|C:\\windows\\System32\\RPCRT4.dll+1a86f|C:\\windows\\System32\\RPCRT4.dll+19d1a|C:\\windows\\System32\\RPCRT4.dll+19301|C:\\windows\\System32\\RPCRT4.dll+18d6e|C:\\windows\\System32\\RPCRT4.dll+169a5|C:\\windows\\SYSTEM32\\ntdll.dll+333ed|C:\\windows\\SYSTEM32\\ntdll.dll+34142|C:\\windows\\System32\\KERNEL32.DLL+17bd4|C:\\windows\\SYSTEM32\\ntdll.dll+6ce51","SourceModuleName":"eventlog","GrantedAccess":"0x1000","AccountType":"User","TargetProcessGUID":"{37c5a1b2-c0d1-5f84-5500-000000000400}"}
{"@timestamp":"2020-10-12T22:35:15.322Z","port":61041,"Severity":"INFO","Task":12801,"Channel":"Security","ResourceAttributes":"-","SourceModuleType":"im_msvistalog","tags":["mordorDataset"],"OpcodeValue":0,"EventType":"AUDIT_SUCCESS","ExecutionProcessID":4,"Opcode":"Info","RecordNumber":61048,"ThreadID":5396,"SubjectDomainName":"NT AUTHORITY","SubjectLogonId":"0x3e5","SourceName":"Microsoft-Windows-Security-Auditing","ObjectType":"Key","Keywords":-9214364837600034816,"AccessList":"%%4432\r\n\t\t\t\t","HandleId":"0x7b0","EventID":4663,"Category":"Registry","ObjectName":"\\REGISTRY\\MACHINE\\SYSTEM\\ControlSet001\\Control\\Lsa","Version":1,"ProcessId":"0x768","@version":"1","host":"wec.internal.cloudapp.net","Hostname":"WORKSTATION6.theshire.local","AccessMask":"0x1","ObjectServer":"Security","ProcessName":"C:\\Windows\\System32\\svchost.exe","EventReceivedTime":"2020-10-12 18:35:15","SeverityValue":2,"EventTime":"2020-10-12 18:35:13","ProviderGuid":"{54849625-5478-4994-A5BA-3E3B0328C30D}","Message":"An attempt was made to access an object.\r\n\r\nSubject:\r\n\tSecurity ID:\t\tS-1-5-19\r\n\tAccount Name:\t\tLOCAL SERVICE\r\n\tAccount Domain:\t\tNT AUTHORITY\r\n\tLogon ID:\t\t0x3E5\r\n\r\nObject:\r\n\tObject Server:\t\tSecurity\r\n\tObject Type:\t\tKey\r\n\tObject Name:\t\t\\REGISTRY\\MACHINE\\SYSTEM\\ControlSet001\\Control\\Lsa\r\n\tHandle ID:\t\t0x7b0\r\n\tResource Attributes:\t-\r\n\r\nProcess Information:\r\n\tProcess ID:\t\t0x768\r\n\tProcess Name:\t\tC:\\Windows\\System32\\svchost.exe\r\n\r\nAccess Request Information:\r\n\tAccesses:\t\tQuery key value\r\n\t\t\t\t\r\n\tAccess Mask:\t\t0x1","SubjectUserName":"LOCAL SERVICE","SourceModuleName":"eventlog","SubjectUserSid":"S-1-5-19"}
{"SourceProcessId":"1896","RuleName":"-","@timestamp":"2020-10-12T22:35:15.323Z","Channel":"Microsoft-Windows-Sysmon/Operational","UserID":"S-1-5-18","TargetProcessId":"3872","CallTrace":"C:\\windows\\SYSTEM32\\ntdll.dll+9c534|C:\\windows\\System32\\KERNELBASE.dll+305fe|c:\\windows\\system32\\fwbase.dll+3b35|c:\\windows\\system32\\fwbase.dll+3a89|c:\\windows\\system32\\mpssvc.dll+b907|c:\\windows\\system32\\mpssvc.dll+b75b|c:\\windows\\system32\\mpssvc.dll+e1c2|C:\\windows\\System32\\RPCRT4.dll+76a53|C:\\windows\\System32\\RPCRT4.dll+da036|C:\\windows\\System32\\RPCRT4.dll+37b1c|C:\\windows\\System32\\RPCRT4.dll+54998|C:\\windows\\System32\\RPCRT4.dll+2c951|C:\\windows\\System32\\RPCRT4.dll+2c20b|C:\\windows\\System32\\RPCRT4.dll+1a86f|C:\\windows\\System32\\RPCRT4.dll+19d1a|C:\\windows\\System32\\RPCRT4.dll+19301|C:\\windows\\System32\\RPCRT4.dll+18d6e|C:\\windows\\System32\\RPCRT4.dll+169a5|C:\\windows\\SYSTEM32\\ntdll.dll+333ed|C:\\windows\\SYSTEM32\\ntdll.dll+34142|C:\\windows\\System32\\KERNEL32.DLL+17bd4|C:\\windows\\SYSTEM32\\ntdll.dll+6ce51","RecordNumber":111696,"ThreadID":4780,"SourceProcessGUID":"{37c5a1b2-c0cc-5f84-2900-000000000400}","TargetImage":"C:\\windows\\system32\\svchost.exe","ProcessId":"1896","Version":3,"Hostname":"WORKSTATION6.theshire.local","EventReceivedTime":"2020-10-12 18:35:15","ProviderGuid":"{5770385F-C22A-43E0-BF4C-06F5698FFBD9}","UtcTime":"2020-10-12 22:35:13.569","port":61041,"Severity":"INFO","tags":["mordorDataset"],"Task":10,"SourceThreadId":"416","SourceModuleType":"im_msvistalog","OpcodeValue":0,"EventType":"INFO","ExecutionProcessID":3592,"Opcode":"Info","SourceName":"Microsoft-Windows-Sysmon","Keywords":-9223372036854775808,"EventID":10,"Domain":"NT AUTHORITY","Category":"Process accessed (rule: ProcessAccess)","@version":"1","AccountName":"SYSTEM","host":"wec.internal.cloudapp.net","SourceImage":"C:\\windows\\system32\\svchost.exe","SeverityValue":2,"EventTime":"2020-10-12 18:35:13","Message":"Process accessed:\r\nRuleName: -\r\nUtcTime: 2020-10-12 22:35:13.569\r\nSourceProcessGUID: {37c5a1b2-c0cc-5f84-2900-000000000400}\r\nSourceProcessId: 1896\r\nSourceThreadId: 416\r\nSourceImage: C:\\windows\\system32\\svchost.exe\r\nTargetProcessGUID: {37c5a1b2-c0d1-5f84-5500-000000000400}\r\nTargetProcessId: 3872\r\nTargetImage: C:\\windows\\system32\\svchost.exe\r\nGrantedAccess: 0x1000\r\nCallTrace: C:\\windows\\SYSTEM32\\ntdll.dll+9c534|C:\\windows\\System32\\KERNELBASE.dll+305fe|c:\\windows\\system32\\fwbase.dll+3b35|c:\\windows\\system32\\fwbase.dll+3a89|c:\\windows\\system32\\mpssvc.dll+b907|c:\\windows\\system32\\mpssvc.dll+b75b|c:\\windows\\system32\\mpssvc.dll+e1c2|C:\\windows\\System32\\RPCRT4.dll+76a53|C:\\windows\\System32\\RPCRT4.dll+da036|C:\\windows\\System32\\RPCRT4.dll+37b1c|C:\\windows\\System32\\RPCRT4.dll+54998|C:\\windows\\System32\\RPCRT4.dll+2c951|C:\\windows\\System32\\RPCRT4.dll+2c20b|C:\\windows\\System32\\RPCRT4.dll+1a86f|C:\\windows\\System32\\RPCRT4.dll+19d1a|C:\\windows\\System32\\RPCRT4.dll+19301|C:\\windows\\System32\\RPCRT4.dll+18d6e|C:\\windows\\System32\\RPCRT4.dll+169a5|C:\\windows\\SYSTEM32\\ntdll.dll+333ed|C:\\windows\\SYSTEM32\\ntdll.dll+34142|C:\\windows\\System32\\KERNEL32.DLL+17bd4|C:\\windows\\SYSTEM32\\ntdll.dll+6ce51","SourceModuleName":"eventlog","GrantedAccess":"0x1000","AccountType":"User","TargetProcessGUID":"{37c5a1b2-c0d1-5f84-5500-000000000400}"}
{"@timestamp":"2020-10-12T22:35:15.323Z","port":61041,"Severity":"INFO","Task":12801,"Channel":"Security","tags":["mordorDataset"],"SourceModuleType":"im_msvistalog","OpcodeValue":0,"EventType":"AUDIT_SUCCESS","ExecutionProcessID":4,"Opcode":"Info","RecordNumber":61049,"ThreadID":5396,"SubjectDomainName":"NT AUTHORITY","SubjectLogonId":"0x3e5","SourceName":"Microsoft-Windows-Security-Auditing","Keywords":-9214364837600034816,"HandleId":"0x7b0","EventID":4658,"Category":"Registry","ProcessId":"0x768","Version":0,"@version":"1","host":"wec.internal.cloudapp.net","Hostname":"WORKSTATION6.theshire.local","ProcessName":"C:\\Windows\\System32\\svchost.exe","ObjectServer":"Security","EventReceivedTime":"2020-10-12 18:35:15","SeverityValue":2,"EventTime":"2020-10-12 18:35:13","ProviderGuid":"{54849625-5478-4994-A5BA-3E3B0328C30D}","Message":"The handle to an object was closed.\r\n\r\nSubject :\r\n\tSecurity ID:\t\tS-1-5-19\r\n\tAccount Name:\t\tLOCAL SERVICE\r\n\tAccount Domain:\t\tNT AUTHORITY\r\n\tLogon ID:\t\t0x3E5\r\n\r\nObject:\r\n\tObject Server:\t\tSecurity\r\n\tHandle ID:\t\t0x7b0\r\n\r\nProcess Information:\r\n\tProcess ID:\t\t0x768\r\n\tProcess Name:\t\tC:\\Windows\\System32\\svchost.exe","SubjectUserName":"LOCAL SERVICE","SourceModuleName":"eventlog","SubjectUserSid":"S-1-5-19"}
{"SourceProcessId":"1896","RuleName":"-","@timestamp":"2020-10-12T22:35:15.324Z","Channel":"Microsoft-Windows-Sysmon/Operational","UserID":"S-1-5-18","TargetProcessId":"3872","CallTrace":"C:\\windows\\SYSTEM32\\ntdll.dll+9c534|C:\\windows\\System32\\KERNELBASE.dll+305fe|c:\\windows\\system32\\fwbase.dll+3b35|c:\\windows\\system32\\fwbase.dll+3a89|c:\\windows\\system32\\mpssvc.dll+b907|c:\\windows\\system32\\mpssvc.dll+b75b|c:\\windows\\system32\\mpssvc.dll+e1c2|C:\\windows\\System32\\RPCRT4.dll+76a53|C:\\windows\\System32\\RPCRT4.dll+da036|C:\\windows\\System32\\RPCRT4.dll+37b1c|C:\\windows\\System32\\RPCRT4.dll+54998|C:\\windows\\System32\\RPCRT4.dll+2c951|C:\\windows\\System32\\RPCRT4.dll+2c20b|C:\\windows\\System32\\RPCRT4.dll+1a86f|C:\\windows\\System32\\RPCRT4.dll+19d1a|C:\\windows\\System32\\RPCRT4.dll+19301|C:\\windows\\System32\\RPCRT4.dll+18d6e|C:\\windows\\System32\\RPCRT4.dll+169a5|C:\\windows\\SYSTEM32\\ntdll.dll+333ed|C:\\windows\\SYSTEM32\\ntdll.dll+34142|C:\\windows\\System32\\KERNEL32.DLL+17bd4|C:\\windows\\SYSTEM32\\ntdll.dll+6ce51","RecordNumber":111697,"ThreadID":4780,"SourceProcessGUID":"{37c5a1b2-c0cc-5f84-2900-000000000400}","TargetImage":"C:\\windows\\system32\\svchost.exe","ProcessId":"1896","Version":3,"Hostname":"WORKSTATION6.theshire.local","EventReceivedTime":"2020-10-12 18:35:15","ProviderGuid":"{5770385F-C22A-43E0-BF4C-06F5698FFBD9}","UtcTime":"2020-10-12 22:35:13.569","port":61041,"Severity":"INFO","tags":["mordorDataset"],"Task":10,"SourceThreadId":"416","SourceModuleType":"im_msvistalog","OpcodeValue":0,"EventType":"INFO","ExecutionProcessID":3592,"Opcode":"Info","SourceName":"Microsoft-Windows-Sysmon","Keywords":-9223372036854775808,"EventID":10,"Domain":"NT AUTHORITY","Category":"Process accessed (rule: ProcessAccess)","@version":"1","AccountName":"SYSTEM","host":"wec.internal.cloudapp.net","SourceImage":"C:\\windows\\system32\\svchost.exe","SeverityValue":2,"EventTime":"2020-10-12 18:35:13","Message":"Process accessed:\r\nRuleName: -\r\nUtcTime: 2020-10-12 22:35:13.569\r\nSourceProcessGUID: {37c5a1b2-c0cc-5f84-2900-000000000400}\r\nSourceProcessId: 1896\r\nSourceThreadId: 416\r\nSourceImage: C:\\windows\\system32\\svchost.exe\r\nTargetProcessGUID: {37c5a1b2-c0d1-5f84-5500-000000000400}\r\nTargetProcessId: 3872\r\nTargetImage: C:\\windows\\system32\\svchost.exe\r\nGrantedAccess: 0x1000\r\nCallTrace: C:\\windows\\SYSTEM32\\ntdll.dll+9c534|C:\\windows\\System32\\KERNELBASE.dll+305fe|c:\\windows\\system32\\fwbase.dll+3b35|c:\\windows\\system32\\fwbase.dll+3a89|c:\\windows\\system32\\mpssvc.dll+b907|c:\\windows\\system32\\mpssvc.dll+b75b|c:\\windows\\system32\\mpssvc.dll+e1c2|C:\\windows\\System32\\RPCRT4.dll+76a53|C:\\windows\\System32\\RPCRT4.dll+da036|C:\\windows\\System32\\RPCRT4.dll+37b1c|C:\\windows\\System32\\RPCRT4.dll+54998|C:\\windows\\System32\\RPCRT4.dll+2c951|C:\\windows\\System32\\RPCRT4.dll+2c20b|C:\\windows\\System32\\RPCRT4.dll+1a86f|C:\\windows\\System32\\RPCRT4.dll+19d1a|C:\\windows\\System32\\RPCRT4.dll+19301|C:\\windows\\System32\\RPCRT4.dll+18d6e|C:\\windows\\System32\\RPCRT4.dll+169a5|C:\\windows\\SYSTEM32\\ntdll.dll+333ed|C:\\windows\\SYSTEM32\\ntdll.dll+34142|C:\\windows\\System32\\KERNEL32.DLL+17bd4|C:\\windows\\SYSTEM32\\ntdll.dll+6ce51","SourceModuleName":"eventlog","GrantedAccess":"0x1000","AccountType":"User","TargetProcessGUID":"{37c5a1b2-c0d1-5f84-5500-000000000400}"}
{"SourceProcessId":"0x768","@timestamp":"2020-10-12T22:35:15.324Z","port":61041,"Severity":"INFO","Task":12807,"Channel":"Security","tags":["mordorDataset"],"SourceModuleType":"im_msvistalog","OpcodeValue":0,"TargetProcessId":"0x4","EventType":"AUDIT_SUCCESS","ExecutionProcessID":4,"Opcode":"Info","RecordNumber":61050,"ThreadID":5396,"SubjectDomainName":"NT AUTHORITY","SubjectLogonId":"0x3e5","SourceName":"Microsoft-Windows-Security-Auditing","TargetHandleId":"0x1f1c","Keywords":-9214364837600034816,"EventID":4690,"Category":"Handle Manipulation","SourceHandleId":"0x7e0","Version":0,"ProcessId":"0x768","@version":"1","host":"wec.internal.cloudapp.net","Hostname":"WORKSTATION6.theshire.local","EventReceivedTime":"2020-10-12 18:35:15","SeverityValue":2,"EventTime":"2020-10-12 18:35:13","ProviderGuid":"{54849625-5478-4994-A5BA-3E3B0328C30D}","Message":"An attempt was made to duplicate a handle to an object.\r\n\r\nSubject:\r\n\tSecurity ID:\t\tS-1-5-19\r\n\tAccount Name:\t\tLOCAL SERVICE\r\n\tAccount Domain:\t\tNT AUTHORITY\r\n\tLogon ID:\t\t0x3E5\r\n\r\nSource Handle Information:\r\n\tSource Handle ID:\t0x7e0\r\n\tSource Process ID:\t0x768\r\n\r\nNew Handle Information:\r\n\tTarget Handle ID:\t0x1f1c\r\n\tTarget Process ID:\t0x4","SubjectUserName":"LOCAL SERVICE","SourceModuleName":"eventlog","SubjectUserSid":"S-1-5-19"}
{"@timestamp":"2020-10-12T22:35:15.324Z","port":61041,"Severity":"INFO","Task":12801,"Channel":"Security","tags":["mordorDataset"],"SourceModuleType":"im_msvistalog","OpcodeValue":0,"EventType":"AUDIT_SUCCESS","ExecutionProcessID":4,"Opcode":"Info","RecordNumber":61051,"ThreadID":5396,"SubjectDomainName":"NT AUTHORITY","SubjectLogonId":"0x3e5","SourceName":"Microsoft-Windows-Security-Auditing","Keywords":-9214364837600034816,"HandleId":"0x1f1c","EventID":4658,"Category":"Registry","ProcessId":"0x768","Version":0,"@version":"1","host":"wec.internal.cloudapp.net","Hostname":"WORKSTATION6.theshire.local","ProcessName":"C:\\Windows\\System32\\svchost.exe","ObjectServer":"Security","EventReceivedTime":"2020-10-12 18:35:15","SeverityValue":2,"EventTime":"2020-10-12 18:35:13","ProviderGuid":"{54849625-5478-4994-A5BA-3E3B0328C30D}","Message":"The handle to an object was closed.\r\n\r\nSubject :\r\n\tSecurity ID:\t\tS-1-5-19\r\n\tAccount Name:\t\tLOCAL SERVICE\r\n\tAccount Domain:\t\tNT AUTHORITY\r\n\tLogon ID:\t\t0x3E5\r\n\r\nObject:\r\n\tObject Server:\t\tSecurity\r\n\tHandle ID:\t\t0x1f1c\r\n\r\nProcess Information:\r\n\tProcess ID:\t\t0x768\r\n\tProcess Name:\t\tC:\\Windows\\System32\\svchost.exe","SubjectUserName":"LOCAL SERVICE","SourceModuleName":"eventlog","SubjectUserSid":"S-1-5-19"}
{"SourceProcessId":"1896","RuleName":"-","@timestamp":"2020-10-12T22:35:15.325Z","Channel":"Microsoft-Windows-Sysmon/Operational","UserID":"S-1-5-18","TargetProcessId":"3872","CallTrace":"C:\\windows\\SYSTEM32\\ntdll.dll+9c534|C:\\windows\\System32\\KERNELBASE.dll+305fe|c:\\windows\\system32\\fwbase.dll+3b35|c:\\windows\\system32\\fwbase.dll+3a89|c:\\windows\\system32\\mpssvc.dll+b907|c:\\windows\\system32\\mpssvc.dll+b75b|c:\\windows\\system32\\mpssvc.dll+e1c2|C:\\windows\\System32\\RPCRT4.dll+76a53|C:\\windows\\System32\\RPCRT4.dll+da036|C:\\windows\\System32\\RPCRT4.dll+37b1c|C:\\windows\\System32\\RPCRT4.dll+54998|C:\\windows\\System32\\RPCRT4.dll+2c951|C:\\windows\\System32\\RPCRT4.dll+2c20b|C:\\windows\\System32\\RPCRT4.dll+1a86f|C:\\windows\\System32\\RPCRT4.dll+19d1a|C:\\windows\\System32\\RPCRT4.dll+19301|C:\\windows\\System32\\RPCRT4.dll+18d6e|C:\\windows\\System32\\RPCRT4.dll+169a5|C:\\windows\\SYSTEM32\\ntdll.dll+333ed|C:\\windows\\SYSTEM32\\ntdll.dll+34142|C:\\windows\\System32\\KERNEL32.DLL+17bd4|C:\\windows\\SYSTEM32\\ntdll.dll+6ce51","RecordNumber":111698,"ThreadID":4780,"SourceProcessGUID":"{37c5a1b2-c0cc-5f84-2900-000000000400}","TargetImage":"C:\\windows\\system32\\svchost.exe","ProcessId":"1896","Version":3,"Hostname":"WORKSTATION6.theshire.local","EventReceivedTime":"2020-10-12 18:35:15","ProviderGuid":"{5770385F-C22A-43E0-BF4C-06F5698FFBD9}","UtcTime":"2020-10-12 22:35:13.569","port":61041,"Severity":"INFO","tags":["mordorDataset"],"Task":10,"SourceThreadId":"416","SourceModuleType":"im_msvistalog","OpcodeValue":0,"EventType":"INFO","ExecutionProcessID":3592,"Opcode":"Info","SourceName":"Microsoft-Windows-Sysmon","Keywords":-9223372036854775808,"EventID":10,"Domain":"NT AUTHORITY","Category":"Process accessed (rule: ProcessAccess)","@version":"1","AccountName":"SYSTEM","host":"wec.internal.cloudapp.net","SourceImage":"C:\\windows\\system32\\svchost.exe","SeverityValue":2,"EventTime":"2020-10-12 18:35:13","Message":"Process accessed:\r\nRuleName: -\r\nUtcTime: 2020-10-12 22:35:13.569\r\nSourceProcessGUID: {37c5a1b2-c0cc-5f84-2900-000000000400}\r\nSourceProcessId: 1896\r\nSourceThreadId: 416\r\nSourceImage: C:\\windows\\system32\\svchost.exe\r\nTargetProcessGUID: {37c5a1b2-c0d1-5f84-5500-000000000400}\r\nTargetProcessId: 3872\r\nTargetImage: C:\\windows\\system32\\svchost.exe\r\nGrantedAccess: 0x1000\r\nCallTrace: C:\\windows\\SYSTEM32\\ntdll.dll+9c534|C:\\windows\\System32\\KERNELBASE.dll+305fe|c:\\windows\\system32\\fwbase.dll+3b35|c:\\windows\\system32\\fwbase.dll+3a89|c:\\windows\\system32\\mpssvc.dll+b907|c:\\windows\\system32\\mpssvc.dll+b75b|c:\\windows\\system32\\mpssvc.dll+e1c2|C:\\windows\\System32\\RPCRT4.dll+76a53|C:\\windows\\System32\\RPCRT4.dll+da036|C:\\windows\\System32\\RPCRT4.dll+37b1c|C:\\windows\\System32\\RPCRT4.dll+54998|C:\\windows\\System32\\RPCRT4.dll+2c951|C:\\windows\\System32\\RPCRT4.dll+2c20b|C:\\windows\\System32\\RPCRT4.dll+1a86f|C:\\windows\\System32\\RPCRT4.dll+19d1a|C:\\windows\\System32\\RPCRT4.dll+19301|C:\\windows\\System32\\RPCRT4.dll+18d6e|C:\\windows\\System32\\RPCRT4.dll+169a5|C:\\windows\\SYSTEM32\\ntdll.dll+333ed|C:\\windows\\SYSTEM32\\ntdll.dll+34142|C:\\windows\\System32\\KERNEL32.DLL+17bd4|C:\\windows\\SYSTEM32\\ntdll.dll+6ce51","SourceModuleName":"eventlog","GrantedAccess":"0x1000","AccountType":"User","TargetProcessGUID":"{37c5a1b2-c0d1-5f84-5500-000000000400}"}
{"@timestamp":"2020-10-12T22:35:15.325Z","AccessReason":"-","Channel":"Security","SubjectDomainName":"NT AUTHORITY","RecordNumber":61052,"ThreadID":5396,"SubjectLogonId":"0x3e5","TransactionId":"{00000000-0000-0000-0000-000000000000}","ObjectName":"\\REGISTRY\\MACHINE\\SYSTEM\\ControlSet001\\Control\\Lsa","ProcessId":"0x768","Version":1,"Hostname":"WORKSTATION6.theshire.local","EventReceivedTime":"2020-10-12 18:35:15","ProviderGuid":"{54849625-5478-4994-A5BA-3E3B0328C30D}","SubjectUserName":"LOCAL SERVICE","RestrictedSidCount":"5","port":61041,"Severity":"INFO","ResourceAttributes":"-","Task":12801,"tags":["mordorDataset"],"SourceModuleType":"im_msvistalog","OpcodeValue":0,"EventType":"AUDIT_SUCCESS","ExecutionProcessID":4,"Opcode":"Info","ObjectType":"Key","SourceName":"Microsoft-Windows-Security-Auditing","Keywords":-9214364837600034816,"AccessList":"%%4432\r\n\t\t\t\t","HandleId":"0x7e0","EventID":4656,"Category":"Registry","@version":"1","host":"wec.internal.cloudapp.net","AccessMask":"0x1","ObjectServer":"Security","ProcessName":"C:\\Windows\\System32\\svchost.exe","SeverityValue":2,"EventTime":"2020-10-12 18:35:13","Message":"A handle to an object was requested.\r\n\r\nSubject:\r\n\tSecurity ID:\t\tS-1-5-19\r\n\tAccount Name:\t\tLOCAL SERVICE\r\n\tAccount Domain:\t\tNT AUTHORITY\r\n\tLogon ID:\t\t0x3E5\r\n\r\nObject:\r\n\tObject Server:\t\tSecurity\r\n\tObject Type:\t\tKey\r\n\tObject Name:\t\t\\REGISTRY\\MACHINE\\SYSTEM\\ControlSet001\\Control\\Lsa\r\n\tHandle ID:\t\t0x7e0\r\n\tResource Attributes:\t-\r\n\r\nProcess Information:\r\n\tProcess ID:\t\t0x768\r\n\tProcess Name:\t\tC:\\Windows\\System32\\svchost.exe\r\n\r\nAccess Request Information:\r\n\tTransaction ID:\t\t{00000000-0000-0000-0000-000000000000}\r\n\tAccesses:\t\tQuery key value\r\n\t\t\t\t\r\n\tAccess Reasons:\t\t-\r\n\tAccess Mask:\t\t0x1\r\n\tPrivileges Used for Access Check:\t-\r\n\tRestricted SID Count:\t5","PrivilegeList":"-","SourceModuleName":"eventlog","SubjectUserSid":"S-1-5-19"}
{"SourceProcessId":"1896","RuleName":"-","@timestamp":"2020-10-12T22:35:15.326Z","Channel":"Microsoft-Windows-Sysmon/Operational","UserID":"S-1-5-18","TargetProcessId":"3872","CallTrace":"C:\\windows\\SYSTEM32\\ntdll.dll+9c534|C:\\windows\\System32\\KERNELBASE.dll+305fe|c:\\windows\\system32\\fwbase.dll+3b35|c:\\windows\\system32\\fwbase.dll+3a89|c:\\windows\\system32\\mpssvc.dll+b907|c:\\windows\\system32\\mpssvc.dll+b75b|c:\\windows\\system32\\mpssvc.dll+e1c2|C:\\windows\\System32\\RPCRT4.dll+76a53|C:\\windows\\System32\\RPCRT4.dll+da036|C:\\windows\\System32\\RPCRT4.dll+37b1c|C:\\windows\\System32\\RPCRT4.dll+54998|C:\\windows\\System32\\RPCRT4.dll+2c951|C:\\windows\\System32\\RPCRT4.dll+2c20b|C:\\windows\\System32\\RPCRT4.dll+1a86f|C:\\windows\\System32\\RPCRT4.dll+19d1a|C:\\windows\\System32\\RPCRT4.dll+19301|C:\\windows\\System32\\RPCRT4.dll+18d6e|C:\\windows\\System32\\RPCRT4.dll+169a5|C:\\windows\\SYSTEM32\\ntdll.dll+333ed|C:\\windows\\SYSTEM32\\ntdll.dll+34142|C:\\windows\\System32\\KERNEL32.DLL+17bd4|C:\\windows\\SYSTEM32\\ntdll.dll+6ce51","RecordNumber":111699,"ThreadID":4780,"SourceProcessGUID":"{37c5a1b2-c0cc-5f84-2900-000000000400}","TargetImage":"C:\\windows\\system32\\svchost.exe","ProcessId":"1896","Version":3,"Hostname":"WORKSTATION6.theshire.local","EventReceivedTime":"2020-10-12 18:35:15","ProviderGuid":"{5770385F-C22A-43E0-BF4C-06F5698FFBD9}","UtcTime":"2020-10-12 22:35:13.569","port":61041,"Severity":"INFO","tags":["mordorDataset"],"Task":10,"SourceThreadId":"416","SourceModuleType":"im_msvistalog","OpcodeValue":0,"EventType":"INFO","ExecutionProcessID":3592,"Opcode":"Info","SourceName":"Microsoft-Windows-Sysmon","Keywords":-9223372036854775808,"EventID":10,"Domain":"NT AUTHORITY","Category":"Process accessed (rule: ProcessAccess)","@version":"1","AccountName":"SYSTEM","host":"wec.internal.cloudapp.net","SourceImage":"C:\\windows\\system32\\svchost.exe","SeverityValue":2,"EventTime":"2020-10-12 18:35:13","Message":"Process accessed:\r\nRuleName: -\r\nUtcTime: 2020-10-12 22:35:13.569\r\nSourceProcessGUID: {37c5a1b2-c0cc-5f84-2900-000000000400}\r\nSourceProcessId: 1896\r\nSourceThreadId: 416\r\nSourceImage: C:\\windows\\system32\\svchost.exe\r\nTargetProcessGUID: {37c5a1b2-c0d1-5f84-5500-000000000400}\r\nTargetProcessId: 3872\r\nTargetImage: C:\\windows\\system32\\svchost.exe\r\nGrantedAccess: 0x1000\r\nCallTrace: C:\\windows\\SYSTEM32\\ntdll.dll+9c534|C:\\windows\\System32\\KERNELBASE.dll+305fe|c:\\windows\\system32\\fwbase.dll+3b35|c:\\windows\\system32\\fwbase.dll+3a89|c:\\windows\\system32\\mpssvc.dll+b907|c:\\windows\\system32\\mpssvc.dll+b75b|c:\\windows\\system32\\mpssvc.dll+e1c2|C:\\windows\\System32\\RPCRT4.dll+76a53|C:\\windows\\System32\\RPCRT4.dll+da036|C:\\windows\\System32\\RPCRT4.dll+37b1c|C:\\windows\\System32\\RPCRT4.dll+54998|C:\\windows\\System32\\RPCRT4.dll+2c951|C:\\windows\\System32\\RPCRT4.dll+2c20b|C:\\windows\\System32\\RPCRT4.dll+1a86f|C:\\windows\\System32\\RPCRT4.dll+19d1a|C:\\windows\\System32\\RPCRT4.dll+19301|C:\\windows\\System32\\RPCRT4.dll+18d6e|C:\\windows\\System32\\RPCRT4.dll+169a5|C:\\windows\\SYSTEM32\\ntdll.dll+333ed|C:\\windows\\SYSTEM32\\ntdll.dll+34142|C:\\windows\\System32\\KERNEL32.DLL+17bd4|C:\\windows\\SYSTEM32\\ntdll.dll+6ce51","SourceModuleName":"eventlog","GrantedAccess":"0x1000","AccountType":"User","TargetProcessGUID":"{37c5a1b2-c0d1-5f84-5500-000000000400}"}
{"@timestamp":"2020-10-12T22:35:15.326Z","port":61041,"Severity":"INFO","Task":12801,"Channel":"Security","ResourceAttributes":"-","SourceModuleType":"im_msvistalog","tags":["mordorDataset"],"OpcodeValue":0,"EventType":"AUDIT_SUCCESS","ExecutionProcessID":4,"Opcode":"Info","RecordNumber":61053,"ThreadID":5396,"SubjectDomainName":"NT AUTHORITY","SubjectLogonId":"0x3e5","SourceName":"Microsoft-Windows-Security-Auditing","ObjectType":"Key","Keywords":-9214364837600034816,"AccessList":"%%4432\r\n\t\t\t\t","HandleId":"0x7e0","EventID":4663,"Category":"Registry","ObjectName":"\\REGISTRY\\MACHINE\\SYSTEM\\ControlSet001\\Control\\Lsa","Version":1,"ProcessId":"0x768","@version":"1","host":"wec.internal.cloudapp.net","Hostname":"WORKSTATION6.theshire.local","AccessMask":"0x1","ObjectServer":"Security","ProcessName":"C:\\Windows\\System32\\svchost.exe","EventReceivedTime":"2020-10-12 18:35:15","SeverityValue":2,"EventTime":"2020-10-12 18:35:13","ProviderGuid":"{54849625-5478-4994-A5BA-3E3B0328C30D}","Message":"An attempt was made to access an object.\r\n\r\nSubject:\r\n\tSecurity ID:\t\tS-1-5-19\r\n\tAccount Name:\t\tLOCAL SERVICE\r\n\tAccount Domain:\t\tNT AUTHORITY\r\n\tLogon ID:\t\t0x3E5\r\n\r\nObject:\r\n\tObject Server:\t\tSecurity\r\n\tObject Type:\t\tKey\r\n\tObject Name:\t\t\\REGISTRY\\MACHINE\\SYSTEM\\ControlSet001\\Control\\Lsa\r\n\tHandle ID:\t\t0x7e0\r\n\tResource Attributes:\t-\r\n\r\nProcess Information:\r\n\tProcess ID:\t\t0x768\r\n\tProcess Name:\t\tC:\\Windows\\System32\\svchost.exe\r\n\r\nAccess Request Information:\r\n\tAccesses:\t\tQuery key value\r\n\t\t\t\t\r\n\tAccess Mask:\t\t0x1","SubjectUserName":"LOCAL SERVICE","SourceModuleName":"eventlog","SubjectUserSid":"S-1-5-19"}
{"SourceProcessId":"1896","RuleName":"-","@timestamp":"2020-10-12T22:35:15.327Z","Channel":"Microsoft-Windows-Sysmon/Operational","UserID":"S-1-5-18","TargetProcessId":"3872","CallTrace":"C:\\windows\\SYSTEM32\\ntdll.dll+9c534|C:\\windows\\System32\\KERNELBASE.dll+305fe|c:\\windows\\system32\\fwbase.dll+3b35|c:\\windows\\system32\\fwbase.dll+3a89|c:\\windows\\system32\\mpssvc.dll+b907|c:\\windows\\system32\\mpssvc.dll+9d39|c:\\windows\\system32\\mpssvc.dll+9a96|C:\\windows\\System32\\RPCRT4.dll+76a53|C:\\windows\\System32\\RPCRT4.dll+da036|C:\\windows\\System32\\RPCRT4.dll+37b1c|C:\\windows\\System32\\RPCRT4.dll+54998|C:\\windows\\System32\\RPCRT4.dll+2c951|C:\\windows\\System32\\RPCRT4.dll+2c20b|C:\\windows\\System32\\RPCRT4.dll+1a86f|C:\\windows\\System32\\RPCRT4.dll+19d1a|C:\\windows\\System32\\RPCRT4.dll+19301|C:\\windows\\System32\\RPCRT4.dll+18d6e|C:\\windows\\System32\\RPCRT4.dll+169a5|C:\\windows\\SYSTEM32\\ntdll.dll+333ed|C:\\windows\\SYSTEM32\\ntdll.dll+34142|C:\\windows\\System32\\KERNEL32.DLL+17bd4|C:\\windows\\SYSTEM32\\ntdll.dll+6ce51","RecordNumber":111700,"ThreadID":4780,"SourceProcessGUID":"{37c5a1b2-c0cc-5f84-2900-000000000400}","TargetImage":"C:\\windows\\system32\\svchost.exe","ProcessId":"1896","Version":3,"Hostname":"WORKSTATION6.theshire.local","EventReceivedTime":"2020-10-12 18:35:15","ProviderGuid":"{5770385F-C22A-43E0-BF4C-06F5698FFBD9}","UtcTime":"2020-10-12 22:35:13.569","port":61041,"Severity":"INFO","tags":["mordorDataset"],"Task":10,"SourceThreadId":"416","SourceModuleType":"im_msvistalog","OpcodeValue":0,"EventType":"INFO","ExecutionProcessID":3592,"Opcode":"Info","SourceName":"Microsoft-Windows-Sysmon","Keywords":-9223372036854775808,"EventID":10,"Domain":"NT AUTHORITY","Category":"Process accessed (rule: ProcessAccess)","@version":"1","AccountName":"SYSTEM","host":"wec.internal.cloudapp.net","SourceImage":"C:\\windows\\system32\\svchost.exe","SeverityValue":2,"EventTime":"2020-10-12 18:35:13","Message":"Process accessed:\r\nRuleName: -\r\nUtcTime: 2020-10-12 22:35:13.569\r\nSourceProcessGUID: {37c5a1b2-c0cc-5f84-2900-000000000400}\r\nSourceProcessId: 1896\r\nSourceThreadId: 416\r\nSourceImage: C:\\windows\\system32\\svchost.exe\r\nTargetProcessGUID: {37c5a1b2-c0d1-5f84-5500-000000000400}\r\nTargetProcessId: 3872\r\nTargetImage: C:\\windows\\system32\\svchost.exe\r\nGrantedAccess: 0x1000\r\nCallTrace: C:\\windows\\SYSTEM32\\ntdll.dll+9c534|C:\\windows\\System32\\KERNELBASE.dll+305fe|c:\\windows\\system32\\fwbase.dll+3b35|c:\\windows\\system32\\fwbase.dll+3a89|c:\\windows\\system32\\mpssvc.dll+b907|c:\\windows\\system32\\mpssvc.dll+9d39|c:\\windows\\system32\\mpssvc.dll+9a96|C:\\windows\\System32\\RPCRT4.dll+76a53|C:\\windows\\System32\\RPCRT4.dll+da036|C:\\windows\\System32\\RPCRT4.dll+37b1c|C:\\windows\\System32\\RPCRT4.dll+54998|C:\\windows\\System32\\RPCRT4.dll+2c951|C:\\windows\\System32\\RPCRT4.dll+2c20b|C:\\windows\\System32\\RPCRT4.dll+1a86f|C:\\windows\\System32\\RPCRT4.dll+19d1a|C:\\windows\\System32\\RPCRT4.dll+19301|C:\\windows\\System32\\RPCRT4.dll+18d6e|C:\\windows\\System32\\RPCRT4.dll+169a5|C:\\windows\\SYSTEM32\\ntdll.dll+333ed|C:\\windows\\SYSTEM32\\ntdll.dll+34142|C:\\windows\\System32\\KERNEL32.DLL+17bd4|C:\\windows\\SYSTEM32\\ntdll.dll+6ce51","SourceModuleName":"eventlog","GrantedAccess":"0x1000","AccountType":"User","TargetProcessGUID":"{37c5a1b2-c0d1-5f84-5500-000000000400}"}
{"@timestamp":"2020-10-12T22:35:15.327Z","port":61041,"Severity":"INFO","Task":12801,"Channel":"Security","tags":["mordorDataset"],"SourceModuleType":"im_msvistalog","OpcodeValue":0,"EventType":"AUDIT_SUCCESS","ExecutionProcessID":4,"Opcode":"Info","RecordNumber":61054,"ThreadID":5396,"SubjectDomainName":"NT AUTHORITY","SubjectLogonId":"0x3e5","SourceName":"Microsoft-Windows-Security-Auditing","Keywords":-9214364837600034816,"HandleId":"0x7e0","EventID":4658,"Category":"Registry","ProcessId":"0x768","Version":0,"@version":"1","host":"wec.internal.cloudapp.net","Hostname":"WORKSTATION6.theshire.local","ProcessName":"C:\\Windows\\System32\\svchost.exe","ObjectServer":"Security","EventReceivedTime":"2020-10-12 18:35:15","SeverityValue":2,"EventTime":"2020-10-12 18:35:13","ProviderGuid":"{54849625-5478-4994-A5BA-3E3B0328C30D}","Message":"The handle to an object was closed.\r\n\r\nSubject :\r\n\tSecurity ID:\t\tS-1-5-19\r\n\tAccount Name:\t\tLOCAL SERVICE\r\n\tAccount Domain:\t\tNT AUTHORITY\r\n\tLogon ID:\t\t0x3E5\r\n\r\nObject:\r\n\tObject Server:\t\tSecurity\r\n\tHandle ID:\t\t0x7e0\r\n\r\nProcess Information:\r\n\tProcess ID:\t\t0x768\r\n\tProcess Name:\t\tC:\\Windows\\System32\\svchost.exe","SubjectUserName":"LOCAL SERVICE","SourceModuleName":"eventlog","SubjectUserSid":"S-1-5-19"}
