{"@timestamp":"2020-10-12T22:34:09.571Z","port":61041,"Severity":"INFO","Task":12810,"Channel":"security","tags":["mordorDataset"],"LayerName":"%%14608","SourceModuleType":"im_msvistalog","OpcodeValue":0,"Application":"\\device\\harddiskvolume2\\windowsazure\\guestagent_2.7.41491.993_2020-10-12_203731\\guestagent\\windowsazureguestagent.exe","EventType":"AUDIT_SUCCESS","ExecutionProcessID":4,"Opcode":"Info","RecordNumber":100628,"ThreadID":108,"FilterRTID":"0","SourceName":"Microsoft-Windows-Security-Auditing","LayerRTID":"36","Keywords":-9214364837600034816,"EventID":5158,"Category":"Filtering Platform Connection","ProcessId":"3400","Version":0,"@version":"1","host":"wec.internal.cloudapp.net","Hostname":"WORKSTATION5.theshire.local","SourcePort":"50118","EventReceivedTime":"2020-10-12 18:34:09","SeverityValue":2,"EventTime":"2020-10-12 18:34:07","ProviderGuid":"{54849625-5478-4994-A5BA-3E3B0328C30D}","Message":"The Windows Filtering Platform has permitted a bind to a local port.\r\n\r\nApplication Information:\r\n\tProcess ID:\t\t3400\r\n\tApplication Name:\t\\device\\harddiskvolume2\\windowsazure\\guestagent_2.7.41491.993_2020-10-12_203731\\guestagent\\windowsazureguestagent.exe\r\n\r\nNetwork Information:\r\n\tSource Address:\t\t0.0.0.0\r\n\tSource Port:\t\t50118\r\n\tProtocol:\t\t6\r\n\r\nFilter Information:\r\n\tFilter Run-Time ID:\t0\r\n\tLayer Name:\t\tResource Assignment\r\n\tLayer Run-Time ID:\t36","SourceAddress":"0.0.0.0","SourceModuleName":"eventlog","Protocol":"6"}
{"@timestamp":"2020-10-12T22:34:09.572Z","port":61041,"Severity":"INFO","Task":12810,"Channel":"security","tags":["mordorDataset"],"LayerName":"%%14611","SourceModuleType":"im_msvistalog","OpcodeValue":0,"Application":"\\device\\harddiskvolume2\\windowsazure\\guestagent_2.7.41491.993_2020-10-12_203731\\guestagent\\windowsazureguestagent.exe","EventType":"AUDIT_SUCCESS","ExecutionProcessID":4,"Opcode":"Info","RecordNumber":100629,"ThreadID":108,"FilterRTID":"70706","SourceName":"Microsoft-Windows-Security-Auditing","DestPort":"80","LayerRTID":"48","Keywords":-9214364837600034816,"EventID":5156,"Category":"Filtering Platform Connection","ProcessId":"3400","Version":1,"@version":"1","Direction":"%%14593","DestAddress":"168.63.129.16","RemoteUserID":"S-1-0-0","host":"wec.internal.cloudapp.net","Hostname":"WORKSTATION5.theshire.local","SourcePort":"50118","RemoteMachineID":"S-1-0-0","EventReceivedTime":"2020-10-12 18:34:09","SeverityValue":2,"EventTime":"2020-10-12 18:34:07","ProviderGuid":"{54849625-5478-4994-A5BA-3E3B0328C30D}","Message":"The Windows Filtering Platform has permitted a connection.\r\n\r\nApplication Information:\r\n\tProcess ID:\t\t3400\r\n\tApplication Name:\t\\device\\harddiskvolume2\\windowsazure\\guestagent_2.7.41491.993_2020-10-12_203731\\guestagent\\windowsazureguestagent.exe\r\n\r\nNetwork Information:\r\n\tDirection:\t\tOutbound\r\n\tSource Address:\t\t172.18.39.5\r\n\tSource Port:\t\t50118\r\n\tDestination Address:\t168.63.129.16\r\n\tDestination Port:\t\t80\r\n\tProtocol:\t\t6\r\n\r\nFilter Information:\r\n\tFilter Run-Time ID:\t70706\r\n\tLayer Name:\t\tConnect\r\n\tLayer Run-Time ID:\t48","SourceAddress":"172.18.39.5","SourceModuleName":"eventlog","Protocol":"6"}
{"UtcTime":"2020-10-12 22:34:07.104","RuleName":"-","@timestamp":"2020-10-12T22:34:09.572Z","port":61041,"Severity":"INFO","Task":11,"Channel":"Microsoft-Windows-Sysmon/Operational","tags":["mordorDataset"],"UserID":"S-1-5-18","SourceModuleType":"im_msvistalog","OpcodeValue":0,"EventType":"INFO","ExecutionProcessID":3592,"Opcode":"Info","RecordNumber":111672,"ThreadID":4780,"SourceName":"Microsoft-Windows-Sysmon","TargetFilename":"C:\\Windows\\ServiceState\\EventLog\\Data\\lastalive1.dat","Keywords":-9223372036854775808,"Image":"C:\\windows\\System32\\svchost.exe","EventID":11,"Domain":"NT AUTHORITY","Category":"File created (rule: FileCreate)","Version":2,"ProcessId":"1400","@version":"1","AccountName":"SYSTEM","CreationUtcTime":"2020-10-12 20:48:07.723","ProcessGuid":"{37c5a1b2-c0cb-5f84-1e00-000000000400}","host":"wec.internal.cloudapp.net","Hostname":"WORKSTATION6.theshire.local","EventReceivedTime":"2020-10-12 18:34:09","SeverityValue":2,"EventTime":"2020-10-12 18:34:07","ProviderGuid":"{5770385F-C22A-43E0-BF4C-06F5698FFBD9}","Message":"File created:\r\nRuleName: -\r\nUtcTime: 2020-10-12 22:34:07.104\r\nProcessGuid: {37c5a1b2-c0cb-5f84-1e00-000000000400}\r\nProcessId: 1400\r\nImage: C:\\windows\\System32\\svchost.exe\r\nTargetFilename: C:\\Windows\\ServiceState\\EventLog\\Data\\lastalive1.dat\r\nCreationUtcTime: 2020-10-12 20:48:07.723","SourceModuleName":"eventlog","AccountType":"User"}
{"@timestamp":"2020-10-12T22:34:09.573Z","port":61041,"Severity":"INFO","Task":12810,"Channel":"Security","tags":["mordorDataset"],"LayerName":"%%14608","SourceModuleType":"im_msvistalog","OpcodeValue":0,"Application":"\\device\\harddiskvolume2\\windowsazure\\guestagent_2.7.41491.993_2020-10-12_203248\\guestagent\\windowsazureguestagent.exe","EventType":"AUDIT_SUCCESS","ExecutionProcessID":4,"Opcode":"Info","RecordNumber":202292,"ThreadID":1452,"FilterRTID":"0","SourceName":"Microsoft-Windows-Security-Auditing","LayerRTID":"36","Keywords":-9214364837600034816,"EventID":5158,"Category":"Filtering Platform Connection","ProcessId":"3956","Version":0,"@version":"1","host":"wec.internal.cloudapp.net","Hostname":"MORDORDC.theshire.local","SourcePort":"61040","EventReceivedTime":"2020-10-12 18:34:09","SeverityValue":2,"EventTime":"2020-10-12 18:34:07","ProviderGuid":"{54849625-5478-4994-A5BA-3E3B0328C30D}","Message":"The Windows Filtering Platform has permitted a bind to a local port.\r\n\r\nApplication Information:\r\n\tProcess ID:\t\t3956\r\n\tApplication Name:\t\\device\\harddiskvolume2\\windowsazure\\guestagent_2.7.41491.993_2020-10-12_203248\\guestagent\\windowsazureguestagent.exe\r\n\r\nNetwork Information:\r\n\tSource Address:\t\t0.0.0.0\r\n\tSource Port:\t\t61040\r\n\tProtocol:\t\t6\r\n\r\nFilter Information:\r\n\tFilter Run-Time ID:\t0\r\n\tLayer Name:\t\tResource Assignment\r\n\tLayer Run-Time ID:\t36","SourceAddress":"0.0.0.0","SourceModuleName":"eventlog","Protocol":"6"}
{"@timestamp":"2020-10-12T22:34:09.574Z","port":61041,"Severity":"INFO","Task":12810,"Channel":"Security","tags":["mordorDataset"],"LayerName":"%%14611","SourceModuleType":"im_msvistalog","OpcodeValue":0,"Application":"\\device\\harddiskvolume2\\windowsazure\\guestagent_2.7.41491.993_2020-10-12_203248\\guestagent\\windowsazureguestagent.exe","EventType":"AUDIT_SUCCESS","ExecutionProcessID":4,"Opcode":"Info","RecordNumber":202293,"ThreadID":1452,"FilterRTID":"70901","SourceName":"Microsoft-Windows-Security-Auditing","DestPort":"80","LayerRTID":"48","Keywords":-9214364837600034816,"EventID":5156,"Category":"Filtering Platform Connection","ProcessId":"3956","Version":1,"@version":"1","Direction":"%%14593","DestAddress":"168.63.129.16","RemoteUserID":"S-1-0-0","host":"wec.internal.cloudapp.net","Hostname":"MORDORDC.theshire.local","SourcePort":"61040","RemoteMachineID":"S-1-0-0","EventReceivedTime":"2020-10-12 18:34:09","SeverityValue":2,"EventTime":"2020-10-12 18:34:07","ProviderGuid":"{54849625-5478-4994-A5BA-3E3B0328C30D}","Message":"The Windows Filtering Platform has permitted a connection.\r\n\r\nApplication Information:\r\n\tProcess ID:\t\t3956\r\n\tApplication Name:\t\\device\\harddiskvolume2\\windowsazure\\guestagent_2.7.41491.993_2020-10-12_203248\\guestagent\\windowsazureguestagent.exe\r\n\r\nNetwork Information:\r\n\tDirection:\t\tOutbound\r\n\tSource Address:\t\t172.18.38.5\r\n\tSource Port:\t\t61040\r\n\tDestination Address:\t168.63.129.16\r\n\tDestination Port:\t\t80\r\n\tProtocol:\t\t6\r\n\r\nFilter Information:\r\n\tFilter Run-Time ID:\t70901\r\n\tLayer Name:\t\tConnect\r\n\tLayer Run-Time ID:\t48","SourceAddress":"172.18.38.5","SourceModuleName":"eventlog","Protocol":"6"}
{"@timestamp":"2020-10-12T22:34:09.574Z","port":61041,"Severity":"INFO","Task":12810,"Channel":"Security","tags":["mordorDataset"],"LayerName":"%%14610","SourceModuleType":"im_msvistalog","OpcodeValue":0,"Application":"\\device\\harddiskvolume2\\windows\\system32\\dns.exe","EventType":"AUDIT_SUCCESS","ExecutionProcessID":4,"Opcode":"Info","RecordNumber":202294,"ThreadID":1452,"FilterRTID":"69942","SourceName":"Microsoft-Windows-Security-Auditing","DestPort":"53","LayerRTID":"44","Keywords":-9214364837600034816,"EventID":5156,"Category":"Filtering Platform Connection","ProcessId":"3712","Version":1,"@version":"1","Direction":"%%14592","DestAddress":"172.18.38.5","RemoteUserID":"S-1-0-0","host":"wec.internal.cloudapp.net","Hostname":"MORDORDC.theshire.local","SourcePort":"49207","RemoteMachineID":"S-1-0-0","EventReceivedTime":"2020-10-12 18:34:09","SeverityValue":2,"EventTime":"2020-10-12 18:34:08","ProviderGuid":"{54849625-5478-4994-A5BA-3E3B0328C30D}","Message":"The Windows Filtering Platform has permitted a connection.\r\n\r\nApplication Information:\r\n\tProcess ID:\t\t3712\r\n\tApplication Name:\t\\device\\harddiskvolume2\\windows\\system32\\dns.exe\r\n\r\nNetwork Information:\r\n\tDirection:\t\tInbound\r\n\tSource Address:\t\t172.18.39.5\r\n\tSource Port:\t\t49207\r\n\tDestination Address:\t172.18.38.5\r\n\tDestination Port:\t\t53\r\n\tProtocol:\t\t17\r\n\r\nFilter Information:\r\n\tFilter Run-Time ID:\t69942\r\n\tLayer Name:\t\tReceive/Accept\r\n\tLayer Run-Time ID:\t44","SourceAddress":"172.18.39.5","SourceModuleName":"eventlog","Protocol":"17"}
{"@timestamp":"2020-10-12T22:34:09.575Z","port":61041,"Severity":"INFO","Task":12810,"Channel":"Security","tags":["mordorDataset"],"LayerName":"%%14611","SourceModuleType":"im_msvistalog","OpcodeValue":0,"Application":"\\device\\harddiskvolume2\\windows\\system32\\dns.exe","EventType":"AUDIT_SUCCESS","ExecutionProcessID":4,"Opcode":"Info","RecordNumber":202295,"ThreadID":1452,"FilterRTID":"71364","SourceName":"Microsoft-Windows-Security-Auditing","DestPort":"53","LayerRTID":"48","Keywords":-9214364837600034816,"EventID":5156,"Category":"Filtering Platform Connection","ProcessId":"3712","Version":1,"@version":"1","Direction":"%%14593","DestAddress":"40.90.4.205","RemoteUserID":"S-1-0-0","host":"wec.internal.cloudapp.net","Hostname":"MORDORDC.theshire.local","SourcePort":"58296","RemoteMachineID":"S-1-0-0","EventReceivedTime":"2020-10-12 18:34:09","SeverityValue":2,"EventTime":"2020-10-12 18:34:08","ProviderGuid":"{54849625-5478-4994-A5BA-3E3B0328C30D}","Message":"The Windows Filtering Platform has permitted a connection.\r\n\r\nApplication Information:\r\n\tProcess ID:\t\t3712\r\n\tApplication Name:\t\\device\\harddiskvolume2\\windows\\system32\\dns.exe\r\n\r\nNetwork Information:\r\n\tDirection:\t\tOutbound\r\n\tSource Address:\t\t172.18.38.5\r\n\tSource Port:\t\t58296\r\n\tDestination Address:\t40.90.4.205\r\n\tDestination Port:\t\t53\r\n\tProtocol:\t\t17\r\n\r\nFilter Information:\r\n\tFilter Run-Time ID:\t71364\r\n\tLayer Name:\t\tConnect\r\n\tLayer Run-Time ID:\t48","SourceAddress":"172.18.38.5","SourceModuleName":"eventlog","Protocol":"17"}
{"@timestamp":"2020-10-12T22:34:09.576Z","port":61041,"Severity":"INFO","Task":12810,"Channel":"Security","tags":["mordorDataset"],"LayerName":"%%14611","SourceModuleType":"im_msvistalog","OpcodeValue":0,"Application":"\\device\\harddiskvolume2\\windows\\system32\\dns.exe","EventType":"AUDIT_SUCCESS","ExecutionProcessID":4,"Opcode":"Info","RecordNumber":202296,"ThreadID":1452,"FilterRTID":"71364","SourceName":"Microsoft-Windows-Security-Auditing","DestPort":"53","LayerRTID":"48","Keywords":-9214364837600034816,"EventID":5156,"Category":"Filtering Platform Connection","ProcessId":"3712","Version":1,"@version":"1","Direction":"%%14593","DestAddress":"13.107.252.10","RemoteUserID":"S-1-0-0","host":"wec.internal.cloudapp.net","Hostname":"MORDORDC.theshire.local","SourcePort":"59015","RemoteMachineID":"S-1-0-0","EventReceivedTime":"2020-10-12 18:34:09","SeverityValue":2,"EventTime":"2020-10-12 18:34:08","ProviderGuid":"{54849625-5478-4994-A5BA-3E3B0328C30D}","Message":"The Windows Filtering Platform has permitted a connection.\r\n\r\nApplication Information:\r\n\tProcess ID:\t\t3712\r\n\tApplication Name:\t\\device\\harddiskvolume2\\windows\\system32\\dns.exe\r\n\r\nNetwork Information:\r\n\tDirection:\t\tOutbound\r\n\tSource Address:\t\t172.18.38.5\r\n\tSource Port:\t\t59015\r\n\tDestination Address:\t13.107.252.10\r\n\tDestination Port:\t\t53\r\n\tProtocol:\t\t17\r\n\r\nFilter Information:\r\n\tFilter Run-Time ID:\t71364\r\n\tLayer Name:\t\tConnect\r\n\tLayer Run-Time ID:\t48","SourceAddress":"172.18.38.5","SourceModuleName":"eventlog","Protocol":"17"}
{"@timestamp":"2020-10-12T22:34:10.573Z","port":61041,"Severity":"INFO","Task":12810,"Channel":"Security","tags":["mordorDataset"],"LayerName":"%%14608","SourceModuleType":"im_msvistalog","OpcodeValue":0,"Application":"\\device\\harddiskvolume2\\windowsazure\\guestagent_2.7.41491.993_2020-10-12_203739\\guestagent\\windowsazureguestagent.exe","EventType":"AUDIT_SUCCESS","ExecutionProcessID":4,"Opcode":"Info","RecordNumber":60991,"ThreadID":1752,"FilterRTID":"0","SourceName":"Microsoft-Windows-Security-Auditing","LayerRTID":"36","Keywords":-9214364837600034816,"EventID":5158,"Category":"Filtering Platform Connection","ProcessId":"3600","Version":0,"@version":"1","host":"wec.internal.cloudapp.net","Hostname":"WORKSTATION6.theshire.local","SourcePort":"58396","EventReceivedTime":"2020-10-12 18:34:10","SeverityValue":2,"EventTime":"2020-10-12 18:34:08","ProviderGuid":"{54849625-5478-4994-A5BA-3E3B0328C30D}","Message":"The Windows Filtering Platform has permitted a bind to a local port.\r\n\r\nApplication Information:\r\n\tProcess ID:\t\t3600\r\n\tApplication Name:\t\\device\\harddiskvolume2\\windowsazure\\guestagent_2.7.41491.993_2020-10-12_203739\\guestagent\\windowsazureguestagent.exe\r\n\r\nNetwork Information:\r\n\tSource Address:\t\t0.0.0.0\r\n\tSource Port:\t\t58396\r\n\tProtocol:\t\t6\r\n\r\nFilter Information:\r\n\tFilter Run-Time ID:\t0\r\n\tLayer Name:\t\tResource Assignment\r\n\tLayer Run-Time ID:\t36","SourceAddress":"0.0.0.0","SourceModuleName":"eventlog","Protocol":"6"}
{"@timestamp":"2020-10-12T22:34:10.573Z","port":61041,"Severity":"INFO","Task":12810,"Channel":"Security","tags":["mordorDataset"],"LayerName":"%%14611","SourceModuleType":"im_msvistalog","OpcodeValue":0,"Application":"\\device\\harddiskvolume2\\windowsazure\\guestagent_2.7.41491.993_2020-10-12_203739\\guestagent\\windowsazureguestagent.exe","EventType":"AUDIT_SUCCESS","ExecutionProcessID":4,"Opcode":"Info","RecordNumber":60992,"ThreadID":1752,"FilterRTID":"68867","SourceName":"Microsoft-Windows-Security-Auditing","DestPort":"80","LayerRTID":"48","Keywords":-9214364837600034816,"EventID":5156,"Category":"Filtering Platform Connection","ProcessId":"3600","Version":1,"@version":"1","Direction":"%%14593","DestAddress":"168.63.129.16","RemoteUserID":"S-1-0-0","host":"wec.internal.cloudapp.net","Hostname":"WORKSTATION6.theshire.local","SourcePort":"58396","RemoteMachineID":"S-1-0-0","EventReceivedTime":"2020-10-12 18:34:10","SeverityValue":2,"EventTime":"2020-10-12 18:34:08","ProviderGuid":"{54849625-5478-4994-A5BA-3E3B0328C30D}","Message":"The Windows Filtering Platform has permitted a connection.\r\n\r\nApplication Information:\r\n\tProcess ID:\t\t3600\r\n\tApplication Name:\t\\device\\harddiskvolume2\\windowsazure\\guestagent_2.7.41491.993_2020-10-12_203739\\guestagent\\windowsazureguestagent.exe\r\n\r\nNetwork Information:\r\n\tDirection:\t\tOutbound\r\n\tSource Address:\t\t172.18.39.6\r\n\tSource Port:\t\t58396\r\n\tDestination Address:\t168.63.129.16\r\n\tDestination Port:\t\t80\r\n\tProtocol:\t\t6\r\n\r\nFilter Information:\r\n\tFilter Run-Time ID:\t68867\r\n\tLayer Name:\t\tConnect\r\n\tLayer Run-Time ID:\t48","SourceAddress":"172.18.39.6","SourceModuleName":"eventlog","Protocol":"6"}
{"EventTypeOrignal":"INFO","RuleName":"-","@timestamp":"2020-10-12T22:34:10.574Z","port":61041,"Severity":"INFO","Task":12,"Channel":"Microsoft-Windows-Sysmon/Operational","UtcTime":"2020-10-12 22:34:08.609","UserID":"S-1-5-18","SourceModuleType":"im_msvistalog","OpcodeValue":0,"tags":["mordorDataset"],"TargetObject":"HKLM\\SOFTWARE\\Microsoft\\Windows\\CurrentVersion\\Diagnostics\\DiagTrack\\SettingsRequests","ExecutionProcessID":3312,"Opcode":"Info","RecordNumber":338429,"ThreadID":3444,"EventType":"CreateKey","SourceName":"Microsoft-Windows-Sysmon","Keywords":-9223372036854775808,"Image":"C:\\windows\\System32\\svchost.exe","EventID":12,"Domain":"NT AUTHORITY","Category":"Registry object added or deleted (rule: RegistryEvent)","Version":2,"ProcessId":"3164","@version":"1","AccountName":"SYSTEM","ProcessGuid":"{71b87c12-d259-5f84-4a00-000000000500}","host":"wec.internal.cloudapp.net","Hostname":"WORKSTATION5.theshire.local","EventReceivedTime":"2020-10-12 18:34:10","SeverityValue":2,"EventTime":"2020-10-12 18:34:08","ProviderGuid":"{5770385F-C22A-43E0-BF4C-06F5698FFBD9}","Message":"Registry object added or deleted:\r\nRuleName: -\r\nEventType: CreateKey\r\nUtcTime: 2020-10-12 22:34:08.609\r\nProcessGuid: {71b87c12-d259-5f84-4a00-000000000500}\r\nProcessId: 3164\r\nImage: C:\\windows\\System32\\svchost.exe\r\nTargetObject: HKLM\\SOFTWARE\\Microsoft\\Windows\\CurrentVersion\\Diagnostics\\DiagTrack\\SettingsRequests","SourceModuleName":"eventlog","AccountType":"User"}
{"EventTypeOrignal":"INFO","RuleName":"-","@timestamp":"2020-10-12T22:34:10.574Z","port":61041,"Severity":"INFO","Task":13,"Channel":"Microsoft-Windows-Sysmon/Operational","UtcTime":"2020-10-12 22:34:08.609","UserID":"S-1-5-18","SourceModuleType":"im_msvistalog","OpcodeValue":0,"tags":["mordorDataset"],"TargetObject":"HKLM\\SOFTWARE\\Microsoft\\Windows\\CurrentVersion\\Diagnostics\\DiagTrack\\SettingsRequests\\LastDownloadTime","ExecutionProcessID":3312,"Opcode":"Info","RecordNumber":338430,"ThreadID":3444,"EventType":"SetValue","SourceName":"Microsoft-Windows-Sysmon","Keywords":-9223372036854775808,"Image":"C:\\windows\\System32\\svchost.exe","EventID":13,"Domain":"NT AUTHORITY","Category":"Registry value set (rule: RegistryEvent)","Version":2,"ProcessId":"3164","@version":"1","AccountName":"SYSTEM","Details":"QWORD (0x01d6a0e7-0xccb1a050)","ProcessGuid":"{71b87c12-d259-5f84-4a00-000000000500}","host":"wec.internal.cloudapp.net","Hostname":"WORKSTATION5.theshire.local","EventReceivedTime":"2020-10-12 18:34:10","SeverityValue":2,"EventTime":"2020-10-12 18:34:08","ProviderGuid":"{5770385F-C22A-43E0-BF4C-06F5698FFBD9}","Message":"Registry value set:\r\nRuleName: -\r\nEventType: SetValue\r\nUtcTime: 2020-10-12 22:34:08.609\r\nProcessGuid: {71b87c12-d259-5f84-4a00-000000000500}\r\nProcessId: 3164\r\nImage: C:\\windows\\System32\\svchost.exe\r\nTargetObject: HKLM\\SOFTWARE\\Microsoft\\Windows\\CurrentVersion\\Diagnostics\\DiagTrack\\SettingsRequests\\LastDownloadTime\r\nDetails: QWORD (0x01d6a0e7-0xccb1a050)","SourceModuleName":"eventlog","AccountType":"User"}
{"EventTypeOrignal":"INFO","RuleName":"-","@timestamp":"2020-10-12T22:34:10.575Z","port":61041,"Severity":"INFO","Task":12,"Channel":"Microsoft-Windows-Sysmon/Operational","UtcTime":"2020-10-12 22:34:08.609","UserID":"S-1-5-18","SourceModuleType":"im_msvistalog","OpcodeValue":0,"tags":["mordorDataset"],"TargetObject":"HKLM\\SOFTWARE\\Microsoft\\IdentityCRL\\ClockData","ExecutionProcessID":3312,"Opcode":"Info","RecordNumber":338431,"ThreadID":3444,"EventType":"CreateKey","SourceName":"Microsoft-Windows-Sysmon","Keywords":-9223372036854775808,"Image":"C:\\windows\\System32\\svchost.exe","EventID":12,"Domain":"NT AUTHORITY","Category":"Registry object added or deleted (rule: RegistryEvent)","Version":2,"ProcessId":"3164","@version":"1","AccountName":"SYSTEM","ProcessGuid":"{71b87c12-d259-5f84-4a00-000000000500}","host":"wec.internal.cloudapp.net","Hostname":"WORKSTATION5.theshire.local","EventReceivedTime":"2020-10-12 18:34:10","SeverityValue":2,"EventTime":"2020-10-12 18:34:08","ProviderGuid":"{5770385F-C22A-43E0-BF4C-06F5698FFBD9}","Message":"Registry object added or deleted:\r\nRuleName: -\r\nEventType: CreateKey\r\nUtcTime: 2020-10-12 22:34:08.609\r\nProcessGuid: {71b87c12-d259-5f84-4a00-000000000500}\r\nProcessId: 3164\r\nImage: C:\\windows\\System32\\svchost.exe\r\nTargetObject: HKLM\\SOFTWARE\\Microsoft\\IdentityCRL\\ClockData","SourceModuleName":"eventlog","AccountType":"User"}
{"UtcTime":"2020-10-12 22:34:08.609","RuleName":"-","@timestamp":"2020-10-12T22:34:10.575Z","port":61041,"Severity":"INFO","Task":11,"Channel":"Microsoft-Windows-Sysmon/Operational","tags":["mordorDataset"],"UserID":"S-1-5-18","SourceModuleType":"im_msvistalog","OpcodeValue":0,"EventType":"INFO","ExecutionProcessID":3312,"Opcode":"Info","RecordNumber":338432,"ThreadID":3444,"SourceName":"Microsoft-Windows-Sysmon","TargetFilename":"C:\\ProgramData\\Microsoft\\Diagnosis\\DownloadedSettings\\utc.tracing.json.new","Keywords":-9223372036854775808,"Image":"C:\\windows\\System32\\svchost.exe","EventID":11,"Domain":"NT AUTHORITY","Category":"File created (rule: FileCreate)","Version":2,"ProcessId":"3164","@version":"1","AccountName":"SYSTEM","CreationUtcTime":"2020-10-12 22:34:08.609","ProcessGuid":"{71b87c12-d259-5f84-4a00-000000000500}","host":"wec.internal.cloudapp.net","Hostname":"WORKSTATION5.theshire.local","EventReceivedTime":"2020-10-12 18:34:10","SeverityValue":2,"EventTime":"2020-10-12 18:34:08","ProviderGuid":"{5770385F-C22A-43E0-BF4C-06F5698FFBD9}","Message":"File created:\r\nRuleName: -\r\nUtcTime: 2020-10-12 22:34:08.609\r\nProcessGuid: {71b87c12-d259-5f84-4a00-000000000500}\r\nProcessId: 3164\r\nImage: C:\\windows\\System32\\svchost.exe\r\nTargetFilename: C:\\ProgramData\\Microsoft\\Diagnosis\\DownloadedSettings\\utc.tracing.json.new\r\nCreationUtcTime: 2020-10-12 22:34:08.609","SourceModuleName":"eventlog","AccountType":"User"}
{"RuleName":"-","@timestamp":"2020-10-12T22:34:10.576Z","SignatureStatus":"Valid","Channel":"Microsoft-Windows-Sysmon/Operational","UserID":"S-1-5-18","RecordNumber":338433,"ThreadID":3444,"Image":"C:\\Windows\\System32\\svchost.exe","ProcessId":"3164","Company":"Microsoft Corporation","Version":3,"Hostname":"WORKSTATION5.theshire.local","ImageLoaded":"C:\\Windows\\System32\\Windows.Web.dll","Description":"Web Client DLL","EventReceivedTime":"2020-10-12 18:34:10","ProviderGuid":"{5770385F-C22A-43E0-BF4C-06F5698FFBD9}","Signed":"true","UtcTime":"2020-10-12 22:34:08.609","port":61041,"Severity":"INFO","tags":["mordorDataset"],"Task":7,"SourceModuleType":"im_msvistalog","OpcodeValue":0,"EventType":"INFO","ExecutionProcessID":3312,"Opcode":"Info","SourceName":"Microsoft-Windows-Sysmon","Product":"Microsoft® Windows® Operating System","Keywords":-9223372036854775808,"FileVersion":"10.0.18362.836 (WinBuild.160101.0800)","EventID":7,"Domain":"NT AUTHORITY","Category":"Image loaded (rule: ImageLoad)","OriginalFileName":"Windows.Web.dll","@version":"1","AccountName":"SYSTEM","ProcessGuid":"{71b87c12-d259-5f84-4a00-000000000500}","host":"wec.internal.cloudapp.net","Hashes":"SHA1=C49B12D6EC14D11FDEE27D1E5B37910345833EA9,MD5=6910C1C465EF83CC0E95B7C597E1A102,SHA256=4E4588D8A960B26983B9C2CDFE698C0B88B6B1F46705CDEA019E34A8E5BBB3E7,IMPHASH=2507420447788ABD83D0C82C46B1FDD1","SeverityValue":2,"EventTime":"2020-10-12 18:34:08","Message":"Image loaded:\r\nRuleName: -\r\nUtcTime: 2020-10-12 22:34:08.609\r\nProcessGuid: {71b87c12-d259-5f84-4a00-000000000500}\r\nProcessId: 3164\r\nImage: C:\\Windows\\System32\\svchost.exe\r\nImageLoaded: C:\\Windows\\System32\\Windows.Web.dll\r\nFileVersion: 10.0.18362.836 (WinBuild.160101.0800)\r\nDescription: Web Client DLL\r\nProduct: Microsoft® Windows® Operating System\r\nCompany: Microsoft Corporation\r\nOriginalFileName: Windows.Web.dll\r\nHashes: SHA1=C49B12D6EC14D11FDEE27D1E5B37910345833EA9,MD5=6910C1C465EF83CC0E95B7C597E1A102,SHA256=4E4588D8A960B26983B9C2CDFE698C0B88B6B1F46705CDEA019E34A8E5BBB3E7,IMPHASH=2507420447788ABD83D0C82C46B1FDD1\r\nSigned: true\r\nSignature: Microsoft Windows\r\nSignatureStatus: Valid","SourceModuleName":"eventlog","AccountType":"User","Signature":"Microsoft Windows"}
{"RuleName":"-","@timestamp":"2020-10-12T22:34:10.577Z","SignatureStatus":"Valid","Channel":"Microsoft-Windows-Sysmon/Operational","UserID":"S-1-5-18","RecordNumber":338434,"ThreadID":3444,"Image":"C:\\Windows\\System32\\svchost.exe","ProcessId":"3164","Company":"Microsoft Corporation","Version":3,"Hostname":"WORKSTATION5.theshire.local","ImageLoaded":"C:\\Windows\\System32\\iertutil.dll","Description":"Run time utility for Internet Explorer","EventReceivedTime":"2020-10-12 18:34:10","ProviderGuid":"{5770385F-C22A-43E0-BF4C-06F5698FFBD9}","Signed":"true","UtcTime":"2020-10-12 22:34:08.609","port":61041,"Severity":"INFO","tags":["mordorDataset"],"Task":7,"SourceModuleType":"im_msvistalog","OpcodeValue":0,"EventType":"INFO","ExecutionProcessID":3312,"Opcode":"Info","SourceName":"Microsoft-Windows-Sysmon","Product":"Internet Explorer","Keywords":-9223372036854775808,"FileVersion":"11.00.18362.1049 (WinBuild.160101.0800)","EventID":7,"Domain":"NT AUTHORITY","Category":"Image loaded (rule: ImageLoad)","OriginalFileName":"IeRtUtil.dll","@version":"1","AccountName":"SYSTEM","ProcessGuid":"{71b87c12-d259-5f84-4a00-000000000500}","host":"wec.internal.cloudapp.net","Hashes":"SHA1=D9FF5E5E9BF065944E09C18D479BAFDF53B638FA,MD5=C94E136EEF04637A980FEF6EACB75EDF,SHA256=2B6577B2539A3789D642B09C9CE7A597AA8AE095E08918750FA9EA2CF132A592,IMPHASH=8A91E12AED8A0B282C3E51CA39DEC3F4","SeverityValue":2,"EventTime":"2020-10-12 18:34:08","Message":"Image loaded:\r\nRuleName: -\r\nUtcTime: 2020-10-12 22:34:08.609\r\nProcessGuid: {71b87c12-d259-5f84-4a00-000000000500}\r\nProcessId: 3164\r\nImage: C:\\Windows\\System32\\svchost.exe\r\nImageLoaded: C:\\Windows\\System32\\iertutil.dll\r\nFileVersion: 11.00.18362.1049 (WinBuild.160101.0800)\r\nDescription: Run time utility for Internet Explorer\r\nProduct: Internet Explorer\r\nCompany: Microsoft Corporation\r\nOriginalFileName: IeRtUtil.dll\r\nHashes: SHA1=D9FF5E5E9BF065944E09C18D479BAFDF53B638FA,MD5=C94E136EEF04637A980FEF6EACB75EDF,SHA256=2B6577B2539A3789D642B09C9CE7A597AA8AE095E08918750FA9EA2CF132A592,IMPHASH=8A91E12AED8A0B282C3E51CA39DEC3F4\r\nSigned: true\r\nSignature: Microsoft Windows\r\nSignatureStatus: Valid","SourceModuleName":"eventlog","AccountType":"User","Signature":"Microsoft Windows"}
{"RuleName":"-","@timestamp":"2020-10-12T22:34:10.577Z","SignatureStatus":"Valid","Channel":"Microsoft-Windows-Sysmon/Operational","UserID":"S-1-5-18","RecordNumber":338435,"ThreadID":3216,"Image":"C:\\Windows\\System32\\svchost.exe","ProcessId":"3164","Company":"Microsoft Corporation","Version":3,"Hostname":"WORKSTATION5.theshire.local","ImageLoaded":"C:\\Windows\\System32\\wosc.dll","Description":"Windows OneSettings Client","EventReceivedTime":"2020-10-12 18:34:10","ProviderGuid":"{5770385F-C22A-43E0-BF4C-06F5698FFBD9}","Signed":"true","UtcTime":"2020-10-12 22:34:08.624","port":61041,"Severity":"INFO","tags":["mordorDataset"],"Task":7,"SourceModuleType":"im_msvistalog","OpcodeValue":0,"EventType":"INFO","ExecutionProcessID":3312,"Opcode":"Info","SourceName":"Microsoft-Windows-Sysmon","Product":"Microsoft® Windows® Operating System","Keywords":-9223372036854775808,"FileVersion":"10.0.18362.329 (WinBuild.160101.0800)","EventID":7,"Domain":"NT AUTHORITY","Category":"Image loaded (rule: ImageLoad)","OriginalFileName":"wosc.dll","@version":"1","AccountName":"SYSTEM","ProcessGuid":"{71b87c12-d259-5f84-4a00-000000000500}","host":"wec.internal.cloudapp.net","Hashes":"SHA1=DBBE3D82E80DEA18B93D3F1B15F0978D70F46F74,MD5=B46E66A53BFAE06907200EAE79242CF2,SHA256=B6AD2B7635B694B1DC326E9A7A6D56605C77A77210E1294CEE1AC9BD34F5E3F6,IMPHASH=0D1BD7ABDA0BA5B2AD9B02ADBCDA3FDF","SeverityValue":2,"EventTime":"2020-10-12 18:34:08","Message":"Image loaded:\r\nRuleName: -\r\nUtcTime: 2020-10-12 22:34:08.624\r\nProcessGuid: {71b87c12-d259-5f84-4a00-000000000500}\r\nProcessId: 3164\r\nImage: C:\\Windows\\System32\\svchost.exe\r\nImageLoaded: C:\\Windows\\System32\\wosc.dll\r\nFileVersion: 10.0.18362.329 (WinBuild.160101.0800)\r\nDescription: Windows OneSettings Client\r\nProduct: Microsoft® Windows® Operating System\r\nCompany: Microsoft Corporation\r\nOriginalFileName: wosc.dll\r\nHashes: SHA1=DBBE3D82E80DEA18B93D3F1B15F0978D70F46F74,MD5=B46E66A53BFAE06907200EAE79242CF2,SHA256=B6AD2B7635B694B1DC326E9A7A6D56605C77A77210E1294CEE1AC9BD34F5E3F6,IMPHASH=0D1BD7ABDA0BA5B2AD9B02ADBCDA3FDF\r\nSigned: true\r\nSignature: Microsoft Windows\r\nSignatureStatus: Valid","SourceModuleName":"eventlog","AccountType":"User","Signature":"Microsoft Windows"}
{"RuleName":"-","@timestamp":"2020-10-12T22:34:10.578Z","SignatureStatus":"Valid","Channel":"Microsoft-Windows-Sysmon/Operational","UserID":"S-1-5-18","RecordNumber":338436,"ThreadID":3444,"Image":"C:\\Windows\\System32\\svchost.exe","ProcessId":"3164","Company":"Microsoft Corporation","Version":3,"Hostname":"WORKSTATION5.theshire.local","ImageLoaded":"C:\\Windows\\System32\\npmproxy.dll","Description":"Network List Manager Proxy","EventReceivedTime":"2020-10-12 18:34:10","ProviderGuid":"{5770385F-C22A-43E0-BF4C-06F5698FFBD9}","Signed":"true","UtcTime":"2020-10-12 22:34:08.640","port":61041,"Severity":"INFO","tags":["mordorDataset"],"Task":7,"SourceModuleType":"im_msvistalog","OpcodeValue":0,"EventType":"INFO","ExecutionProcessID":3312,"Opcode":"Info","SourceName":"Microsoft-Windows-Sysmon","Product":"Microsoft® Windows® Operating System","Keywords":-9223372036854775808,"FileVersion":"10.0.18362.959 (WinBuild.160101.0800)","EventID":7,"Domain":"NT AUTHORITY","Category":"Image loaded (rule: ImageLoad)","OriginalFileName":"npfproxy.dll","@version":"1","AccountName":"SYSTEM","ProcessGuid":"{71b87c12-d259-5f84-4a00-000000000500}","host":"wec.internal.cloudapp.net","Hashes":"SHA1=33780BA2BEDE6DF0485289676C268786D90E1965,MD5=587F7964763F6AD6F6EDF266EE5C1D3B,SHA256=C9B28041D3AD33F8DF1FE318465F68B295D174E5FDB019355AC26CA25608B7B3,IMPHASH=48DEBE1B69F6FE17C14E3502DC3A16A1","SeverityValue":2,"EventTime":"2020-10-12 18:34:08","Message":"Image loaded:\r\nRuleName: -\r\nUtcTime: 2020-10-12 22:34:08.640\r\nProcessGuid: {71b87c12-d259-5f84-4a00-000000000500}\r\nProcessId: 3164\r\nImage: C:\\Windows\\System32\\svchost.exe\r\nImageLoaded: C:\\Windows\\System32\\npmproxy.dll\r\nFileVersion: 10.0.18362.959 (WinBuild.160101.0800)\r\nDescription: Network List Manager Proxy\r\nProduct: Microsoft® Windows® Operating System\r\nCompany: Microsoft Corporation\r\nOriginalFileName: npfproxy.dll\r\nHashes: SHA1=33780BA2BEDE6DF0485289676C268786D90E1965,MD5=587F7964763F6AD6F6EDF266EE5C1D3B,SHA256=C9B28041D3AD33F8DF1FE318465F68B295D174E5FDB019355AC26CA25608B7B3,IMPHASH=48DEBE1B69F6FE17C14E3502DC3A16A1\r\nSigned: true\r\nSignature: Microsoft Windows\r\nSignatureStatus: Valid","SourceModuleName":"eventlog","AccountType":"User","Signature":"Microsoft Windows"}
{"RuleName":"-","@timestamp":"2020-10-12T22:34:10.578Z","SignatureStatus":"Valid","Channel":"Microsoft-Windows-Sysmon/Operational","UserID":"S-1-5-18","RecordNumber":338437,"ThreadID":3444,"Image":"C:\\Windows\\System32\\svchost.exe","ProcessId":"3164","Company":"Microsoft Corporation","Version":3,"Hostname":"WORKSTATION5.theshire.local","ImageLoaded":"C:\\Windows\\System32\\WinTypes.dll","Description":"Windows Base Types DLL","EventReceivedTime":"2020-10-12 18:34:10","ProviderGuid":"{5770385F-C22A-43E0-BF4C-06F5698FFBD9}","Signed":"true","UtcTime":"2020-10-12 22:34:08.640","port":61041,"Severity":"INFO","tags":["mordorDataset"],"Task":7,"SourceModuleType":"im_msvistalog","OpcodeValue":0,"EventType":"INFO","ExecutionProcessID":3312,"Opcode":"Info","SourceName":"Microsoft-Windows-Sysmon","Product":"Microsoft® Windows® Operating System","Keywords":-9223372036854775808,"FileVersion":"10.0.18362.1082 (WinBuild.160101.0800)","EventID":7,"Domain":"NT AUTHORITY","Category":"Image loaded (rule: ImageLoad)","OriginalFileName":"WinTypes.dll","@version":"1","AccountName":"SYSTEM","ProcessGuid":"{71b87c12-d259-5f84-4a00-000000000500}","host":"wec.internal.cloudapp.net","Hashes":"SHA1=48693F4E9DBCC3BB04B2E795F3913378D7193312,MD5=7ADC03D35B2C759A1E1F39193C0024F5,SHA256=15789DF9BA906CE750ED99D0D8355513180BABE0DCA27F36D44A9EA3226E6B79,IMPHASH=554A9752315AC45D1DA4038F3CB03786","SeverityValue":2,"EventTime":"2020-10-12 18:34:08","Message":"Image loaded:\r\nRuleName: -\r\nUtcTime: 2020-10-12 22:34:08.640\r\nProcessGuid: {71b87c12-d259-5f84-4a00-000000000500}\r\nProcessId: 3164\r\nImage: C:\\Windows\\System32\\svchost.exe\r\nImageLoaded: C:\\Windows\\System32\\WinTypes.dll\r\nFileVersion: 10.0.18362.1082 (WinBuild.160101.0800)\r\nDescription: Windows Base Types DLL\r\nProduct: Microsoft® Windows® Operating System\r\nCompany: Microsoft Corporation\r\nOriginalFileName: WinTypes.dll\r\nHashes: SHA1=48693F4E9DBCC3BB04B2E795F3913378D7193312,MD5=7ADC03D35B2C759A1E1F39193C0024F5,SHA256=15789DF9BA906CE750ED99D0D8355513180BABE0DCA27F36D44A9EA3226E6B79,IMPHASH=554A9752315AC45D1DA4038F3CB03786\r\nSigned: true\r\nSignature: Microsoft Windows\r\nSignatureStatus: Valid","SourceModuleName":"eventlog","AccountType":"User","Signature":"Microsoft Windows"}
{"RuleName":"-","@timestamp":"2020-10-12T22:34:10.579Z","SignatureStatus":"Valid","Channel":"Microsoft-Windows-Sysmon/Operational","UserID":"S-1-5-18","RecordNumber":338438,"ThreadID":3444,"Image":"C:\\Windows\\System32\\svchost.exe","ProcessId":"3164","Company":"Microsoft Corporation","Version":3,"Hostname":"WORKSTATION5.theshire.local","ImageLoaded":"C:\\Windows\\System32\\dusmapi.dll","Description":"Data Usage API","EventReceivedTime":"2020-10-12 18:34:10","ProviderGuid":"{5770385F-C22A-43E0-BF4C-06F5698FFBD9}","Signed":"true","UtcTime":"2020-10-12 22:34:08.640","port":61041,"Severity":"INFO","tags":["mordorDataset"],"Task":7,"SourceModuleType":"im_msvistalog","OpcodeValue":0,"EventType":"INFO","ExecutionProcessID":3312,"Opcode":"Info","SourceName":"Microsoft-Windows-Sysmon","Product":"Microsoft® Windows® Operating System","Keywords":-9223372036854775808,"FileVersion":"10.0.18362.693 (WinBuild.160101.0800)","EventID":7,"Domain":"NT AUTHORITY","Category":"Image loaded (rule: ImageLoad)","OriginalFileName":"dusmapi.dll","@version":"1","AccountName":"SYSTEM","ProcessGuid":"{71b87c12-d259-5f84-4a00-000000000500}","host":"wec.internal.cloudapp.net","Hashes":"SHA1=E711CFCDD970929A7267B444AAFFEB08A7AEDD98,MD5=97B0B861FD6E5855A743F1B1797E3764,SHA256=523FB2CCFA1D1512D1EAFA70F77796631AD67FA116F95258C7D5070701BA6ADD,IMPHASH=443E75EF802F5DE56E285D6439883998","SeverityValue":2,"EventTime":"2020-10-12 18:34:08","Message":"Image loaded:\r\nRuleName: -\r\nUtcTime: 2020-10-12 22:34:08.640\r\nProcessGuid: {71b87c12-d259-5f84-4a00-000000000500}\r\nProcessId: 3164\r\nImage: C:\\Windows\\System32\\svchost.exe\r\nImageLoaded: C:\\Windows\\System32\\dusmapi.dll\r\nFileVersion: 10.0.18362.693 (WinBuild.160101.0800)\r\nDescription: Data Usage API\r\nProduct: Microsoft® Windows® Operating System\r\nCompany: Microsoft Corporation\r\nOriginalFileName: dusmapi.dll\r\nHashes: SHA1=E711CFCDD970929A7267B444AAFFEB08A7AEDD98,MD5=97B0B861FD6E5855A743F1B1797E3764,SHA256=523FB2CCFA1D1512D1EAFA70F77796631AD67FA116F95258C7D5070701BA6ADD,IMPHASH=443E75EF802F5DE56E285D6439883998\r\nSigned: true\r\nSignature: Microsoft Windows\r\nSignatureStatus: Valid","SourceModuleName":"eventlog","AccountType":"User","Signature":"Microsoft Windows"}
{"RuleName":"-","@timestamp":"2020-10-12T22:34:10.579Z","SignatureStatus":"Valid","Channel":"Microsoft-Windows-Sysmon/Operational","UserID":"S-1-5-18","RecordNumber":338439,"ThreadID":3444,"Image":"C:\\Windows\\System32\\svchost.exe","ProcessId":"3164","Company":"Microsoft Corporation","Version":3,"Hostname":"WORKSTATION5.theshire.local","ImageLoaded":"C:\\Windows\\System32\\cabinet.dll","Description":"Microsoft® Cabinet File API","EventReceivedTime":"2020-10-12 18:34:10","ProviderGuid":"{5770385F-C22A-43E0-BF4C-06F5698FFBD9}","Signed":"true","UtcTime":"2020-10-12 22:34:08.640","port":61041,"Severity":"INFO","tags":["mordorDataset"],"Task":7,"SourceModuleType":"im_msvistalog","OpcodeValue":0,"EventType":"INFO","ExecutionProcessID":3312,"Opcode":"Info","SourceName":"Microsoft-Windows-Sysmon","Product":"Microsoft® Windows® Operating System","Keywords":-9223372036854775808,"FileVersion":"5.00 (WinBuild.160101.0800)","EventID":7,"Domain":"NT AUTHORITY","Category":"Image loaded (rule: ImageLoad)","OriginalFileName":"cabinet.dll","@version":"1","AccountName":"SYSTEM","ProcessGuid":"{71b87c12-d259-5f84-4a00-000000000500}","host":"wec.internal.cloudapp.net","Hashes":"SHA1=9E71C7231C6DAB9864AF90E8A10FA419577E835F,MD5=D52CE4DBB7605E76EE088CC7EB19D147,SHA256=86609D073F7F769DAF0C3B3E8EC32503D727932896C9C62925FD7979ECC42366,IMPHASH=70C2163A31BA0B9482E5CE33E0D2BEBF","SeverityValue":2,"EventTime":"2020-10-12 18:34:08","Message":"Image loaded:\r\nRuleName: -\r\nUtcTime: 2020-10-12 22:34:08.640\r\nProcessGuid: {71b87c12-d259-5f84-4a00-000000000500}\r\nProcessId: 3164\r\nImage: C:\\Windows\\System32\\svchost.exe\r\nImageLoaded: C:\\Windows\\System32\\cabinet.dll\r\nFileVersion: 5.00 (WinBuild.160101.0800)\r\nDescription: Microsoft® Cabinet File API\r\nProduct: Microsoft® Windows® Operating System\r\nCompany: Microsoft Corporation\r\nOriginalFileName: cabinet.dll\r\nHashes: SHA1=9E71C7231C6DAB9864AF90E8A10FA419577E835F,MD5=D52CE4DBB7605E76EE088CC7EB19D147,SHA256=86609D073F7F769DAF0C3B3E8EC32503D727932896C9C62925FD7979ECC42366,IMPHASH=70C2163A31BA0B9482E5CE33E0D2BEBF\r\nSigned: true\r\nSignature: Microsoft Windows\r\nSignatureStatus: Valid","SourceModuleName":"eventlog","AccountType":"User","Signature":"Microsoft Windows"}
{"RuleName":"-","@timestamp":"2020-10-12T22:34:10.580Z","SignatureStatus":"Valid","Channel":"Microsoft-Windows-Sysmon/Operational","UserID":"S-1-5-18","RecordNumber":338440,"ThreadID":3216,"Image":"C:\\Windows\\System32\\svchost.exe","ProcessId":"3164","Company":"Microsoft Corporation","Version":3,"Hostname":"WORKSTATION5.theshire.local","ImageLoaded":"C:\\Windows\\System32\\Windows.Networking.Connectivity.dll","Description":"Windows Networking Connectivity Runtime DLL","EventReceivedTime":"2020-10-12 18:34:10","ProviderGuid":"{5770385F-C22A-43E0-BF4C-06F5698FFBD9}","Signed":"true","UtcTime":"2020-10-12 22:34:08.624","port":61041,"Severity":"INFO","tags":["mordorDataset"],"Task":7,"SourceModuleType":"im_msvistalog","OpcodeValue":0,"EventType":"INFO","ExecutionProcessID":3312,"Opcode":"Info","SourceName":"Microsoft-Windows-Sysmon","Product":"Microsoft® Windows® Operating System","Keywords":-9223372036854775808,"FileVersion":"10.0.18362.836 (WinBuild.160101.0800)","EventID":7,"Domain":"NT AUTHORITY","Category":"Image loaded (rule: ImageLoad)","OriginalFileName":"Windows.Networking.Connectivity.dll","@version":"1","AccountName":"SYSTEM","ProcessGuid":"{71b87c12-d259-5f84-4a00-000000000500}","host":"wec.internal.cloudapp.net","Hashes":"SHA1=59CA77FDF53ACC40435EE0FD9C262DCC951D2256,MD5=BF37E6B6493C638D33C186A5823E8177,SHA256=B3895D87A0DF66ED212CCCA841D95DD8CFCCE9FB907DAA839BE435E057091096,IMPHASH=0DC85332FEE90F1C63B1DE1C1DD580D5","SeverityValue":2,"EventTime":"2020-10-12 18:34:08","Message":"Image loaded:\r\nRuleName: -\r\nUtcTime: 2020-10-12 22:34:08.624\r\nProcessGuid: {71b87c12-d259-5f84-4a00-000000000500}\r\nProcessId: 3164\r\nImage: C:\\Windows\\System32\\svchost.exe\r\nImageLoaded: C:\\Windows\\System32\\Windows.Networking.Connectivity.dll\r\nFileVersion: 10.0.18362.836 (WinBuild.160101.0800)\r\nDescription: Windows Networking Connectivity Runtime DLL\r\nProduct: Microsoft® Windows® Operating System\r\nCompany: Microsoft Corporation\r\nOriginalFileName: Windows.Networking.Connectivity.dll\r\nHashes: SHA1=59CA77FDF53ACC40435EE0FD9C262DCC951D2256,MD5=BF37E6B6493C638D33C186A5823E8177,SHA256=B3895D87A0DF66ED212CCCA841D95DD8CFCCE9FB907DAA839BE435E057091096,IMPHASH=0DC85332FEE90F1C63B1DE1C1DD580D5\r\nSigned: true\r\nSignature: Microsoft Windows\r\nSignatureStatus: Valid","SourceModuleName":"eventlog","AccountType":"User","Signature":"Microsoft Windows"}
{"EventTypeOrignal":"INFO","RuleName":"-","@timestamp":"2020-10-12T22:34:10.580Z","port":61041,"Severity":"INFO","Task":12,"Channel":"Microsoft-Windows-Sysmon/Operational","UtcTime":"2020-10-12 22:34:08.655","UserID":"S-1-5-18","SourceModuleType":"im_msvistalog","OpcodeValue":0,"tags":["mordorDataset"],"TargetObject":"HKLM\\SOFTWARE\\Microsoft\\Windows\\CurrentVersion\\Wosc\\Client\\Persistent","ExecutionProcessID":3312,"Opcode":"Info","RecordNumber":338441,"ThreadID":3444,"EventType":"CreateKey","SourceName":"Microsoft-Windows-Sysmon","Keywords":-9223372036854775808,"Image":"C:\\windows\\System32\\svchost.exe","EventID":12,"Domain":"NT AUTHORITY","Category":"Registry object added or deleted (rule: RegistryEvent)","Version":2,"ProcessId":"3164","@version":"1","AccountName":"SYSTEM","ProcessGuid":"{71b87c12-d259-5f84-4a00-000000000500}","host":"wec.internal.cloudapp.net","Hostname":"WORKSTATION5.theshire.local","EventReceivedTime":"2020-10-12 18:34:10","SeverityValue":2,"EventTime":"2020-10-12 18:34:08","ProviderGuid":"{5770385F-C22A-43E0-BF4C-06F5698FFBD9}","Message":"Registry object added or deleted:\r\nRuleName: -\r\nEventType: CreateKey\r\nUtcTime: 2020-10-12 22:34:08.655\r\nProcessGuid: {71b87c12-d259-5f84-4a00-000000000500}\r\nProcessId: 3164\r\nImage: C:\\windows\\System32\\svchost.exe\r\nTargetObject: HKLM\\SOFTWARE\\Microsoft\\Windows\\CurrentVersion\\Wosc\\Client\\Persistent","SourceModuleName":"eventlog","AccountType":"User"}
{"EventTypeOrignal":"INFO","RuleName":"-","@timestamp":"2020-10-12T22:34:10.581Z","port":61041,"Severity":"INFO","Task":12,"Channel":"Microsoft-Windows-Sysmon/Operational","UtcTime":"2020-10-12 22:34:08.655","UserID":"S-1-5-18","SourceModuleType":"im_msvistalog","OpcodeValue":0,"tags":["mordorDataset"],"TargetObject":"HKLM\\SOFTWARE\\Microsoft\\Windows\\CurrentVersion\\Wosc\\Client\\Persistent\\ClientState","ExecutionProcessID":3312,"Opcode":"Info","RecordNumber":338442,"ThreadID":3444,"EventType":"CreateKey","SourceName":"Microsoft-Windows-Sysmon","Keywords":-9223372036854775808,"Image":"C:\\windows\\System32\\svchost.exe","EventID":12,"Domain":"NT AUTHORITY","Category":"Registry object added or deleted (rule: RegistryEvent)","Version":2,"ProcessId":"3164","@version":"1","AccountName":"SYSTEM","ProcessGuid":"{71b87c12-d259-5f84-4a00-000000000500}","host":"wec.internal.cloudapp.net","Hostname":"WORKSTATION5.theshire.local","EventReceivedTime":"2020-10-12 18:34:10","SeverityValue":2,"EventTime":"2020-10-12 18:34:08","ProviderGuid":"{5770385F-C22A-43E0-BF4C-06F5698FFBD9}","Message":"Registry object added or deleted:\r\nRuleName: -\r\nEventType: CreateKey\r\nUtcTime: 2020-10-12 22:34:08.655\r\nProcessGuid: {71b87c12-d259-5f84-4a00-000000000500}\r\nProcessId: 3164\r\nImage: C:\\windows\\System32\\svchost.exe\r\nTargetObject: HKLM\\SOFTWARE\\Microsoft\\Windows\\CurrentVersion\\Wosc\\Client\\Persistent\\ClientState","SourceModuleName":"eventlog","AccountType":"User"}
{"EventTypeOrignal":"INFO","RuleName":"-","@timestamp":"2020-10-12T22:34:10.581Z","port":61041,"Severity":"INFO","Task":12,"Channel":"Microsoft-Windows-Sysmon/Operational","UtcTime":"2020-10-12 22:34:08.655","UserID":"S-1-5-18","SourceModuleType":"im_msvistalog","OpcodeValue":0,"tags":["mordorDataset"],"TargetObject":"HKLM\\SOFTWARE\\Microsoft\\Windows\\CurrentVersion\\Wosc\\Client\\Persistent\\ClientState\\CTAC","ExecutionProcessID":3312,"Opcode":"Info","RecordNumber":338443,"ThreadID":3444,"EventType":"CreateKey","SourceName":"Microsoft-Windows-Sysmon","Keywords":-9223372036854775808,"Image":"C:\\windows\\System32\\svchost.exe","EventID":12,"Domain":"NT AUTHORITY","Category":"Registry object added or deleted (rule: RegistryEvent)","Version":2,"ProcessId":"3164","@version":"1","AccountName":"SYSTEM","ProcessGuid":"{71b87c12-d259-5f84-4a00-000000000500}","host":"wec.internal.cloudapp.net","Hostname":"WORKSTATION5.theshire.local","EventReceivedTime":"2020-10-12 18:34:10","SeverityValue":2,"EventTime":"2020-10-12 18:34:08","ProviderGuid":"{5770385F-C22A-43E0-BF4C-06F5698FFBD9}","Message":"Registry object added or deleted:\r\nRuleName: -\r\nEventType: CreateKey\r\nUtcTime: 2020-10-12 22:34:08.655\r\nProcessGuid: {71b87c12-d259-5f84-4a00-000000000500}\r\nProcessId: 3164\r\nImage: C:\\windows\\System32\\svchost.exe\r\nTargetObject: HKLM\\SOFTWARE\\Microsoft\\Windows\\CurrentVersion\\Wosc\\Client\\Persistent\\ClientState\\CTAC","SourceModuleName":"eventlog","AccountType":"User"}
{"RuleName":"-","@timestamp":"2020-10-12T22:34:10.582Z","SignatureStatus":"Valid","Channel":"Microsoft-Windows-Sysmon/Operational","UserID":"S-1-5-18","RecordNumber":338444,"ThreadID":3216,"Image":"C:\\Windows\\System32\\svchost.exe","ProcessId":"3164","Company":"Microsoft Corporation","Version":3,"Hostname":"WORKSTATION5.theshire.local","ImageLoaded":"C:\\Windows\\System32\\updatepolicy.dll","Description":"Update Policy Reader","EventReceivedTime":"2020-10-12 18:34:10","ProviderGuid":"{5770385F-C22A-43E0-BF4C-06F5698FFBD9}","Signed":"true","UtcTime":"2020-10-12 22:34:08.640","port":61041,"Severity":"INFO","tags":["mordorDataset"],"Task":7,"SourceModuleType":"im_msvistalog","OpcodeValue":0,"EventType":"INFO","ExecutionProcessID":3312,"Opcode":"Info","SourceName":"Microsoft-Windows-Sysmon","Product":"Microsoft® Windows® Operating System","Keywords":-9223372036854775808,"FileVersion":"10.0.18362.1082 (WinBuild.160101.0800)","EventID":7,"Domain":"NT AUTHORITY","Category":"Image loaded (rule: ImageLoad)","OriginalFileName":"UpdatePolicy.dll","@version":"1","AccountName":"SYSTEM","ProcessGuid":"{71b87c12-d259-5f84-4a00-000000000500}","host":"wec.internal.cloudapp.net","Hashes":"SHA1=8EBB53F5268B470C7CE0F8986553E338FD0196D6,MD5=37DA0BEE32C92EB911E2653FB7CB9D0A,SHA256=A34D33D3C6F741240E81BC54464C9EE146306296B471E7EDE383CCA5549A6340,IMPHASH=4F00EE3E86A8CB060FF46F1371364C03","SeverityValue":2,"EventTime":"2020-10-12 18:34:08","Message":"Image loaded:\r\nRuleName: -\r\nUtcTime: 2020-10-12 22:34:08.640\r\nProcessGuid: {71b87c12-d259-5f84-4a00-000000000500}\r\nProcessId: 3164\r\nImage: C:\\Windows\\System32\\svchost.exe\r\nImageLoaded: C:\\Windows\\System32\\updatepolicy.dll\r\nFileVersion: 10.0.18362.1082 (WinBuild.160101.0800)\r\nDescription: Update Policy Reader\r\nProduct: Microsoft® Windows® Operating System\r\nCompany: Microsoft Corporation\r\nOriginalFileName: UpdatePolicy.dll\r\nHashes: SHA1=8EBB53F5268B470C7CE0F8986553E338FD0196D6,MD5=37DA0BEE32C92EB911E2653FB7CB9D0A,SHA256=A34D33D3C6F741240E81BC54464C9EE146306296B471E7EDE383CCA5549A6340,IMPHASH=4F00EE3E86A8CB060FF46F1371364C03\r\nSigned: true\r\nSignature: Microsoft Windows\r\nSignatureStatus: Valid","SourceModuleName":"eventlog","AccountType":"User","Signature":"Microsoft Windows"}
{"RuleName":"-","@timestamp":"2020-10-12T22:34:10.582Z","SignatureStatus":"Valid","Channel":"Microsoft-Windows-Sysmon/Operational","UserID":"S-1-5-18","RecordNumber":338445,"ThreadID":3216,"Image":"C:\\Windows\\System32\\svchost.exe","ProcessId":"3164","Company":"Microsoft Corporation","Version":3,"Hostname":"WORKSTATION5.theshire.local","ImageLoaded":"C:\\Windows\\System32\\utcutil.dll","Description":"Microsoft Windows Telemetry Utils","EventReceivedTime":"2020-10-12 18:34:10","ProviderGuid":"{5770385F-C22A-43E0-BF4C-06F5698FFBD9}","Signed":"true","UtcTime":"2020-10-12 22:34:08.655","port":61041,"Severity":"INFO","tags":["mordorDataset"],"Task":7,"SourceModuleType":"im_msvistalog","OpcodeValue":0,"EventType":"INFO","ExecutionProcessID":3312,"Opcode":"Info","SourceName":"Microsoft-Windows-Sysmon","Product":"Microsoft® Windows® Operating System","Keywords":-9223372036854775808,"FileVersion":"10.0.18362.1082 (WinBuild.160101.0800)","EventID":7,"Domain":"NT AUTHORITY","Category":"Image loaded (rule: ImageLoad)","OriginalFileName":"utcutil.dll","@version":"1","AccountName":"SYSTEM","ProcessGuid":"{71b87c12-d259-5f84-4a00-000000000500}","host":"wec.internal.cloudapp.net","Hashes":"SHA1=69A1E9B30416AA9DDAF58E53C7E0552A9BA4BDC9,MD5=B2A344BB995753962793B555A2A751B4,SHA256=41C9037FED7C3B8541A7FA3B792C90940AD7C9D1E16F5DE6223C30532F654F4E,IMPHASH=94725A81675DD91B612F82F4D84A1B3A","SeverityValue":2,"EventTime":"2020-10-12 18:34:08","Message":"Image loaded:\r\nRuleName: -\r\nUtcTime: 2020-10-12 22:34:08.655\r\nProcessGuid: {71b87c12-d259-5f84-4a00-000000000500}\r\nProcessId: 3164\r\nImage: C:\\Windows\\System32\\svchost.exe\r\nImageLoaded: C:\\Windows\\System32\\utcutil.dll\r\nFileVersion: 10.0.18362.1082 (WinBuild.160101.0800)\r\nDescription: Microsoft Windows Telemetry Utils\r\nProduct: Microsoft® Windows® Operating System\r\nCompany: Microsoft Corporation\r\nOriginalFileName: utcutil.dll\r\nHashes: SHA1=69A1E9B30416AA9DDAF58E53C7E0552A9BA4BDC9,MD5=B2A344BB995753962793B555A2A751B4,SHA256=41C9037FED7C3B8541A7FA3B792C90940AD7C9D1E16F5DE6223C30532F654F4E,IMPHASH=94725A81675DD91B612F82F4D84A1B3A\r\nSigned: true\r\nSignature: Microsoft Windows\r\nSignatureStatus: Valid","SourceModuleName":"eventlog","AccountType":"User","Signature":"Microsoft Windows"}
