{"EventTypeOrignal":"INFO","RuleName":"-","@timestamp":"2020-10-12T22:34:20.687Z","port":61041,"Severity":"INFO","Task":12,"Channel":"Microsoft-Windows-Sysmon/Operational","UtcTime":"2020-10-12 22:34:19.360","UserID":"S-1-5-18","SourceModuleType":"im_msvistalog","OpcodeValue":0,"tags":["mordorDataset"],"TargetObject":"HKLM\\SOFTWARE\\Microsoft\\Windows\\CurrentVersion\\Group Policy\\Cache","ExecutionProcessID":3984,"Opcode":"Info","RecordNumber":243376,"ThreadID":4300,"EventType":"CreateKey","SourceName":"Microsoft-Windows-Sysmon","Keywords":-9223372036854775808,"Image":"C:\\windows\\system32\\svchost.exe","EventID":12,"Domain":"NT AUTHORITY","Category":"Registry object added or deleted (rule: RegistryEvent)","Version":2,"ProcessId":"1752","@version":"1","AccountName":"SYSTEM","ProcessGuid":"{029f9482-bfa4-5f84-2500-000000000400}","host":"wec.internal.cloudapp.net","Hostname":"MORDORDC.theshire.local","EventReceivedTime":"2020-10-12 18:34:20","SeverityValue":2,"EventTime":"2020-10-12 18:34:19","ProviderGuid":"{5770385F-C22A-43E0-BF4C-06F5698FFBD9}","Message":"Registry object added or deleted:\r\nRuleName: -\r\nEventType: CreateKey\r\nUtcTime: 2020-10-12 22:34:19.360\r\nProcessGuid: {029f9482-bfa4-5f84-2500-000000000400}\r\nProcessId: 1752\r\nImage: C:\\windows\\system32\\svchost.exe\r\nTargetObject: HKLM\\SOFTWARE\\Microsoft\\Windows\\CurrentVersion\\Group Policy\\Cache","SourceModuleName":"eventlog","AccountType":"User"}
{"@timestamp":"2020-10-12T22:34:20.687Z","AccessReason":"-","Channel":"Security","SubjectDomainName":"THESHIRE","RecordNumber":202304,"ThreadID":1452,"SubjectLogonId":"0x3e7","TransactionId":"{00000000-0000-0000-0000-000000000000}","ObjectName":"\\REGISTRY\\MACHINE\\SOFTWARE\\Microsoft\\Windows NT\\CurrentVersion\\Winlogon","ProcessId":"0x6d8","Version":1,"Hostname":"MORDORDC.theshire.local","EventReceivedTime":"2020-10-12 18:34:20","ProviderGuid":"{54849625-5478-4994-A5BA-3E3B0328C30D}","SubjectUserName":"MORDORDC$","RestrictedSidCount":"0","port":61041,"Severity":"INFO","ResourceAttributes":"-","Task":12801,"tags":["mordorDataset"],"SourceModuleType":"im_msvistalog","OpcodeValue":0,"EventType":"AUDIT_SUCCESS","ExecutionProcessID":4,"Opcode":"Info","ObjectType":"Key","SourceName":"Microsoft-Windows-Security-Auditing","Keywords":-9214364837600034816,"AccessList":"%%1538\r\n\t\t\t\t%%4432\r\n\t\t\t\t%%4435\r\n\t\t\t\t%%4436\r\n\t\t\t\t","HandleId":"0x2f4","EventID":4656,"Category":"Registry","@version":"1","host":"wec.internal.cloudapp.net","AccessMask":"0x20019","ObjectServer":"Security","ProcessName":"C:\\Windows\\System32\\svchost.exe","SeverityValue":2,"EventTime":"2020-10-12 18:34:19","Message":"A handle to an object was requested.\r\n\r\nSubject:\r\n\tSecurity ID:\t\tS-1-5-18\r\n\tAccount Name:\t\tMORDORDC$\r\n\tAccount Domain:\t\tTHESHIRE\r\n\tLogon ID:\t\t0x3E7\r\n\r\nObject:\r\n\tObject Server:\t\tSecurity\r\n\tObject Type:\t\tKey\r\n\tObject Name:\t\t\\REGISTRY\\MACHINE\\SOFTWARE\\Microsoft\\Windows NT\\CurrentVersion\\Winlogon\r\n\tHandle ID:\t\t0x2f4\r\n\tResource Attributes:\t-\r\n\r\nProcess Information:\r\n\tProcess ID:\t\t0x6d8\r\n\tProcess Name:\t\tC:\\Windows\\System32\\svchost.exe\r\n\r\nAccess Request Information:\r\n\tTransaction ID:\t\t{00000000-0000-0000-0000-000000000000}\r\n\tAccesses:\t\tREAD_CONTROL\r\n\t\t\t\tQuery key value\r\n\t\t\t\tEnumerate sub-keys\r\n\t\t\t\tNotify about changes to keys\r\n\t\t\t\t\r\n\tAccess Reasons:\t\t-\r\n\tAccess Mask:\t\t0x20019\r\n\tPrivileges Used for Access Check:\t-\r\n\tRestricted SID Count:\t0","PrivilegeList":"-","SourceModuleName":"eventlog","SubjectUserSid":"S-1-5-18"}
{"EventTypeOrignal":"INFO","RuleName":"-","@timestamp":"2020-10-12T22:34:20.688Z","port":61041,"Severity":"INFO","Task":12,"Channel":"Microsoft-Windows-Sysmon/Operational","UtcTime":"2020-10-12 22:34:19.360","UserID":"S-1-5-18","SourceModuleType":"im_msvistalog","OpcodeValue":0,"tags":["mordorDataset"],"TargetObject":"HKLM\\System\\CurrentControlSet\\Services\\Tcpip\\Parameters","ExecutionProcessID":3984,"Opcode":"Info","RecordNumber":243377,"ThreadID":4300,"EventType":"CreateKey","SourceName":"Microsoft-Windows-Sysmon","Keywords":-9223372036854775808,"Image":"C:\\windows\\system32\\lsass.exe","EventID":12,"Domain":"NT AUTHORITY","Category":"Registry object added or deleted (rule: RegistryEvent)","Version":2,"ProcessId":"708","@version":"1","AccountName":"SYSTEM","ProcessGuid":"{029f9482-bf9e-5f84-0c00-000000000400}","host":"wec.internal.cloudapp.net","Hostname":"MORDORDC.theshire.local","EventReceivedTime":"2020-10-12 18:34:20","SeverityValue":2,"EventTime":"2020-10-12 18:34:19","ProviderGuid":"{5770385F-C22A-43E0-BF4C-06F5698FFBD9}","Message":"Registry object added or deleted:\r\nRuleName: -\r\nEventType: CreateKey\r\nUtcTime: 2020-10-12 22:34:19.360\r\nProcessGuid: {029f9482-bf9e-5f84-0c00-000000000400}\r\nProcessId: 708\r\nImage: C:\\windows\\system32\\lsass.exe\r\nTargetObject: HKLM\\System\\CurrentControlSet\\Services\\Tcpip\\Parameters","SourceModuleName":"eventlog","AccountType":"User"}
{"@timestamp":"2020-10-12T22:34:20.688Z","port":61041,"Severity":"INFO","Task":12801,"Channel":"Security","ResourceAttributes":"-","SourceModuleType":"im_msvistalog","tags":["mordorDataset"],"OpcodeValue":0,"EventType":"AUDIT_SUCCESS","ExecutionProcessID":4,"Opcode":"Info","RecordNumber":202305,"ThreadID":1452,"SubjectDomainName":"THESHIRE","SubjectLogonId":"0x3e7","SourceName":"Microsoft-Windows-Security-Auditing","ObjectType":"Key","Keywords":-9214364837600034816,"AccessList":"%%4432\r\n\t\t\t\t","HandleId":"0x2f4","EventID":4663,"Category":"Registry","ObjectName":"\\REGISTRY\\MACHINE\\SOFTWARE\\Microsoft\\Windows NT\\CurrentVersion\\Winlogon","Version":1,"ProcessId":"0x6d8","@version":"1","host":"wec.internal.cloudapp.net","Hostname":"MORDORDC.theshire.local","AccessMask":"0x1","ObjectServer":"Security","ProcessName":"C:\\Windows\\System32\\svchost.exe","EventReceivedTime":"2020-10-12 18:34:20","SeverityValue":2,"EventTime":"2020-10-12 18:34:19","ProviderGuid":"{54849625-5478-4994-A5BA-3E3B0328C30D}","Message":"An attempt was made to access an object.\r\n\r\nSubject:\r\n\tSecurity ID:\t\tS-1-5-18\r\n\tAccount Name:\t\tMORDORDC$\r\n\tAccount Domain:\t\tTHESHIRE\r\n\tLogon ID:\t\t0x3E7\r\n\r\nObject:\r\n\tObject Server:\t\tSecurity\r\n\tObject Type:\t\tKey\r\n\tObject Name:\t\t\\REGISTRY\\MACHINE\\SOFTWARE\\Microsoft\\Windows NT\\CurrentVersion\\Winlogon\r\n\tHandle ID:\t\t0x2f4\r\n\tResource Attributes:\t-\r\n\r\nProcess Information:\r\n\tProcess ID:\t\t0x6d8\r\n\tProcess Name:\t\tC:\\Windows\\System32\\svchost.exe\r\n\r\nAccess Request Information:\r\n\tAccesses:\t\tQuery key value\r\n\t\t\t\t\r\n\tAccess Mask:\t\t0x1","SubjectUserName":"MORDORDC$","SourceModuleName":"eventlog","SubjectUserSid":"S-1-5-18"}
{"@timestamp":"2020-10-12T22:34:20.691Z","port":61041,"Severity":"INFO","Task":12801,"Channel":"Security","tags":["mordorDataset"],"SourceModuleType":"im_msvistalog","OpcodeValue":0,"EventType":"AUDIT_SUCCESS","ExecutionProcessID":4,"Opcode":"Info","RecordNumber":202306,"ThreadID":1452,"SubjectDomainName":"THESHIRE","SubjectLogonId":"0x3e7","SourceName":"Microsoft-Windows-Security-Auditing","Keywords":-9214364837600034816,"HandleId":"0x2f4","EventID":4658,"Category":"Registry","ProcessId":"0x6d8","Version":0,"@version":"1","host":"wec.internal.cloudapp.net","Hostname":"MORDORDC.theshire.local","ProcessName":"C:\\Windows\\System32\\svchost.exe","ObjectServer":"Security","EventReceivedTime":"2020-10-12 18:34:20","SeverityValue":2,"EventTime":"2020-10-12 18:34:19","ProviderGuid":"{54849625-5478-4994-A5BA-3E3B0328C30D}","Message":"The handle to an object was closed.\r\n\r\nSubject :\r\n\tSecurity ID:\t\tS-1-5-18\r\n\tAccount Name:\t\tMORDORDC$\r\n\tAccount Domain:\t\tTHESHIRE\r\n\tLogon ID:\t\t0x3E7\r\n\r\nObject:\r\n\tObject Server:\t\tSecurity\r\n\tHandle ID:\t\t0x2f4\r\n\r\nProcess Information:\r\n\tProcess ID:\t\t0x6d8\r\n\tProcess Name:\t\tC:\\Windows\\System32\\svchost.exe","SubjectUserName":"MORDORDC$","SourceModuleName":"eventlog","SubjectUserSid":"S-1-5-18"}
{"SourceProcessId":"68","RuleName":"-","@timestamp":"2020-10-12T22:34:20.692Z","Channel":"Microsoft-Windows-Sysmon/Operational","UserID":"S-1-5-18","TargetProcessId":"1868","CallTrace":"C:\\windows\\SYSTEM32\\ntdll.dll+9fc24|C:\\windows\\System32\\KERNELBASE.dll+6c2d5|c:\\windows\\system32\\lsm.dll+e625|C:\\windows\\System32\\RPCRT4.dll+77883|C:\\windows\\System32\\RPCRT4.dll+db4a6|C:\\windows\\System32\\RPCRT4.dll+10d50|C:\\windows\\System32\\RPCRT4.dll+54a78|C:\\windows\\System32\\RPCRT4.dll+304f0|C:\\windows\\System32\\RPCRT4.dll+2fe9b|C:\\windows\\System32\\RPCRT4.dll+2222f|C:\\windows\\System32\\RPCRT4.dll+2168a|C:\\windows\\System32\\RPCRT4.dll+20c51|C:\\windows\\System32\\RPCRT4.dll+206c2|C:\\windows\\System32\\RPCRT4.dll+17495|C:\\windows\\SYSTEM32\\ntdll.dll+4f4d0|C:\\windows\\SYSTEM32\\ntdll.dll+50358|C:\\windows\\System32\\KERNEL32.DLL+17974|C:\\windows\\SYSTEM32\\ntdll.dll+6a271","RecordNumber":243378,"ThreadID":4300,"SourceProcessGUID":"{029f9482-bfa2-5f84-1000-000000000400}","TargetImage":"C:\\windows\\System32\\svchost.exe","ProcessId":"68","Version":3,"Hostname":"MORDORDC.theshire.local","EventReceivedTime":"2020-10-12 18:34:20","ProviderGuid":"{5770385F-C22A-43E0-BF4C-06F5698FFBD9}","UtcTime":"2020-10-12 22:34:19.360","port":61041,"Severity":"INFO","tags":["mordorDataset"],"Task":10,"SourceThreadId":"3304","SourceModuleType":"im_msvistalog","OpcodeValue":0,"EventType":"INFO","ExecutionProcessID":3984,"Opcode":"Info","SourceName":"Microsoft-Windows-Sysmon","Keywords":-9223372036854775808,"EventID":10,"Domain":"NT AUTHORITY","Category":"Process accessed (rule: ProcessAccess)","@version":"1","AccountName":"SYSTEM","host":"wec.internal.cloudapp.net","SourceImage":"C:\\windows\\system32\\svchost.exe","SeverityValue":2,"EventTime":"2020-10-12 18:34:19","Message":"Process accessed:\r\nRuleName: -\r\nUtcTime: 2020-10-12 22:34:19.360\r\nSourceProcessGUID: {029f9482-bfa2-5f84-1000-000000000400}\r\nSourceProcessId: 68\r\nSourceThreadId: 3304\r\nSourceImage: C:\\windows\\system32\\svchost.exe\r\nTargetProcessGUID: {029f9482-bfa4-5f84-2900-000000000400}\r\nTargetProcessId: 1868\r\nTargetImage: C:\\windows\\System32\\svchost.exe\r\nGrantedAccess: 0x1000\r\nCallTrace: C:\\windows\\SYSTEM32\\ntdll.dll+9fc24|C:\\windows\\System32\\KERNELBASE.dll+6c2d5|c:\\windows\\system32\\lsm.dll+e625|C:\\windows\\System32\\RPCRT4.dll+77883|C:\\windows\\System32\\RPCRT4.dll+db4a6|C:\\windows\\System32\\RPCRT4.dll+10d50|C:\\windows\\System32\\RPCRT4.dll+54a78|C:\\windows\\System32\\RPCRT4.dll+304f0|C:\\windows\\System32\\RPCRT4.dll+2fe9b|C:\\windows\\System32\\RPCRT4.dll+2222f|C:\\windows\\System32\\RPCRT4.dll+2168a|C:\\windows\\System32\\RPCRT4.dll+20c51|C:\\windows\\System32\\RPCRT4.dll+206c2|C:\\windows\\System32\\RPCRT4.dll+17495|C:\\windows\\SYSTEM32\\ntdll.dll+4f4d0|C:\\windows\\SYSTEM32\\ntdll.dll+50358|C:\\windows\\System32\\KERNEL32.DLL+17974|C:\\windows\\SYSTEM32\\ntdll.dll+6a271","SourceModuleName":"eventlog","GrantedAccess":"0x1000","AccountType":"User","TargetProcessGUID":"{029f9482-bfa4-5f84-2900-000000000400}"}
{"SourceProcessId":"0x6d8","@timestamp":"2020-10-12T22:34:20.692Z","port":61041,"Severity":"INFO","Task":12807,"Channel":"Security","tags":["mordorDataset"],"SourceModuleType":"im_msvistalog","OpcodeValue":0,"TargetProcessId":"0x4","EventType":"AUDIT_SUCCESS","ExecutionProcessID":4,"Opcode":"Info","RecordNumber":202307,"ThreadID":1452,"SubjectDomainName":"THESHIRE","SubjectLogonId":"0x3e7","SourceName":"Microsoft-Windows-Security-Auditing","TargetHandleId":"0x1b54","Keywords":-9214364837600034816,"EventID":4690,"Category":"Handle Manipulation","SourceHandleId":"0x200","Version":0,"ProcessId":"0x6d8","@version":"1","host":"wec.internal.cloudapp.net","Hostname":"MORDORDC.theshire.local","EventReceivedTime":"2020-10-12 18:34:20","SeverityValue":2,"EventTime":"2020-10-12 18:34:19","ProviderGuid":"{54849625-5478-4994-A5BA-3E3B0328C30D}","Message":"An attempt was made to duplicate a handle to an object.\r\n\r\nSubject:\r\n\tSecurity ID:\t\tS-1-5-18\r\n\tAccount Name:\t\tMORDORDC$\r\n\tAccount Domain:\t\tTHESHIRE\r\n\tLogon ID:\t\t0x3E7\r\n\r\nSource Handle Information:\r\n\tSource Handle ID:\t0x200\r\n\tSource Process ID:\t0x6d8\r\n\r\nNew Handle Information:\r\n\tTarget Handle ID:\t0x1b54\r\n\tTarget Process ID:\t0x4","SubjectUserName":"MORDORDC$","SourceModuleName":"eventlog","SubjectUserSid":"S-1-5-18"}
{"SourceProcessId":"68","RuleName":"-","@timestamp":"2020-10-12T22:34:20.693Z","Channel":"Microsoft-Windows-Sysmon/Operational","UserID":"S-1-5-18","TargetProcessId":"1868","CallTrace":"C:\\windows\\SYSTEM32\\ntdll.dll+9fc24|C:\\windows\\System32\\KERNELBASE.dll+6c2d5|c:\\windows\\system32\\lsm.dll+eca0|C:\\windows\\System32\\RPCRT4.dll+77883|C:\\windows\\System32\\RPCRT4.dll+db4a6|C:\\windows\\System32\\RPCRT4.dll+10d50|C:\\windows\\System32\\RPCRT4.dll+54a78|C:\\windows\\System32\\RPCRT4.dll+304f0|C:\\windows\\System32\\RPCRT4.dll+2fe9b|C:\\windows\\System32\\RPCRT4.dll+2222f|C:\\windows\\System32\\RPCRT4.dll+2168a|C:\\windows\\System32\\RPCRT4.dll+20c51|C:\\windows\\System32\\RPCRT4.dll+206c2|C:\\windows\\System32\\RPCRT4.dll+17495|C:\\windows\\SYSTEM32\\ntdll.dll+4f4d0|C:\\windows\\SYSTEM32\\ntdll.dll+50358|C:\\windows\\System32\\KERNEL32.DLL+17974|C:\\windows\\SYSTEM32\\ntdll.dll+6a271","RecordNumber":243379,"ThreadID":4300,"SourceProcessGUID":"{029f9482-bfa2-5f84-1000-000000000400}","TargetImage":"C:\\windows\\System32\\svchost.exe","ProcessId":"68","Version":3,"Hostname":"MORDORDC.theshire.local","EventReceivedTime":"2020-10-12 18:34:20","ProviderGuid":"{5770385F-C22A-43E0-BF4C-06F5698FFBD9}","UtcTime":"2020-10-12 22:34:19.360","port":61041,"Severity":"INFO","tags":["mordorDataset"],"Task":10,"SourceThreadId":"3304","SourceModuleType":"im_msvistalog","OpcodeValue":0,"EventType":"INFO","ExecutionProcessID":3984,"Opcode":"Info","SourceName":"Microsoft-Windows-Sysmon","Keywords":-9223372036854775808,"EventID":10,"Domain":"NT AUTHORITY","Category":"Process accessed (rule: ProcessAccess)","@version":"1","AccountName":"SYSTEM","host":"wec.internal.cloudapp.net","SourceImage":"C:\\windows\\system32\\svchost.exe","SeverityValue":2,"EventTime":"2020-10-12 18:34:19","Message":"Process accessed:\r\nRuleName: -\r\nUtcTime: 2020-10-12 22:34:19.360\r\nSourceProcessGUID: {029f9482-bfa2-5f84-1000-000000000400}\r\nSourceProcessId: 68\r\nSourceThreadId: 3304\r\nSourceImage: C:\\windows\\system32\\svchost.exe\r\nTargetProcessGUID: {029f9482-bfa4-5f84-2900-000000000400}\r\nTargetProcessId: 1868\r\nTargetImage: C:\\windows\\System32\\svchost.exe\r\nGrantedAccess: 0x1000\r\nCallTrace: C:\\windows\\SYSTEM32\\ntdll.dll+9fc24|C:\\windows\\System32\\KERNELBASE.dll+6c2d5|c:\\windows\\system32\\lsm.dll+eca0|C:\\windows\\System32\\RPCRT4.dll+77883|C:\\windows\\System32\\RPCRT4.dll+db4a6|C:\\windows\\System32\\RPCRT4.dll+10d50|C:\\windows\\System32\\RPCRT4.dll+54a78|C:\\windows\\System32\\RPCRT4.dll+304f0|C:\\windows\\System32\\RPCRT4.dll+2fe9b|C:\\windows\\System32\\RPCRT4.dll+2222f|C:\\windows\\System32\\RPCRT4.dll+2168a|C:\\windows\\System32\\RPCRT4.dll+20c51|C:\\windows\\System32\\RPCRT4.dll+206c2|C:\\windows\\System32\\RPCRT4.dll+17495|C:\\windows\\SYSTEM32\\ntdll.dll+4f4d0|C:\\windows\\SYSTEM32\\ntdll.dll+50358|C:\\windows\\System32\\KERNEL32.DLL+17974|C:\\windows\\SYSTEM32\\ntdll.dll+6a271","SourceModuleName":"eventlog","GrantedAccess":"0x1000","AccountType":"User","TargetProcessGUID":"{029f9482-bfa4-5f84-2900-000000000400}"}
{"@timestamp":"2020-10-12T22:34:20.694Z","port":61041,"Severity":"INFO","Task":12801,"Channel":"Security","tags":["mordorDataset"],"SourceModuleType":"im_msvistalog","OpcodeValue":0,"EventType":"AUDIT_SUCCESS","ExecutionProcessID":4,"Opcode":"Info","RecordNumber":202308,"ThreadID":1452,"SubjectDomainName":"THESHIRE","SubjectLogonId":"0x3e7","SourceName":"Microsoft-Windows-Security-Auditing","Keywords":-9214364837600034816,"HandleId":"0x1b54","EventID":4658,"Category":"Registry","ProcessId":"0x6d8","Version":0,"@version":"1","host":"wec.internal.cloudapp.net","Hostname":"MORDORDC.theshire.local","ProcessName":"C:\\Windows\\System32\\svchost.exe","ObjectServer":"Security","EventReceivedTime":"2020-10-12 18:34:20","SeverityValue":2,"EventTime":"2020-10-12 18:34:19","ProviderGuid":"{54849625-5478-4994-A5BA-3E3B0328C30D}","Message":"The handle to an object was closed.\r\n\r\nSubject :\r\n\tSecurity ID:\t\tS-1-5-18\r\n\tAccount Name:\t\tMORDORDC$\r\n\tAccount Domain:\t\tTHESHIRE\r\n\tLogon ID:\t\t0x3E7\r\n\r\nObject:\r\n\tObject Server:\t\tSecurity\r\n\tHandle ID:\t\t0x1b54\r\n\r\nProcess Information:\r\n\tProcess ID:\t\t0x6d8\r\n\tProcess Name:\t\tC:\\Windows\\System32\\svchost.exe","SubjectUserName":"MORDORDC$","SourceModuleName":"eventlog","SubjectUserSid":"S-1-5-18"}
{"SourceProcessId":"68","RuleName":"-","@timestamp":"2020-10-12T22:34:20.698Z","Channel":"Microsoft-Windows-Sysmon/Operational","UserID":"S-1-5-18","TargetProcessId":"1868","CallTrace":"C:\\windows\\SYSTEM32\\ntdll.dll+9fc24|C:\\windows\\System32\\KERNELBASE.dll+6c2d5|c:\\windows\\system32\\lsm.dll+eafe|C:\\windows\\System32\\RPCRT4.dll+77883|C:\\windows\\System32\\RPCRT4.dll+db4a6|C:\\windows\\System32\\RPCRT4.dll+10d50|C:\\windows\\System32\\RPCRT4.dll+54a78|C:\\windows\\System32\\RPCRT4.dll+304f0|C:\\windows\\System32\\RPCRT4.dll+2fe9b|C:\\windows\\System32\\RPCRT4.dll+2222f|C:\\windows\\System32\\RPCRT4.dll+2168a|C:\\windows\\System32\\RPCRT4.dll+20c51|C:\\windows\\System32\\RPCRT4.dll+206c2|C:\\windows\\System32\\RPCRT4.dll+17495|C:\\windows\\SYSTEM32\\ntdll.dll+4f4d0|C:\\windows\\SYSTEM32\\ntdll.dll+50358|C:\\windows\\System32\\KERNEL32.DLL+17974|C:\\windows\\SYSTEM32\\ntdll.dll+6a271","RecordNumber":243380,"ThreadID":4300,"SourceProcessGUID":"{029f9482-bfa2-5f84-1000-000000000400}","TargetImage":"C:\\windows\\System32\\svchost.exe","ProcessId":"68","Version":3,"Hostname":"MORDORDC.theshire.local","EventReceivedTime":"2020-10-12 18:34:20","ProviderGuid":"{5770385F-C22A-43E0-BF4C-06F5698FFBD9}","UtcTime":"2020-10-12 22:34:19.360","port":61041,"Severity":"INFO","tags":["mordorDataset"],"Task":10,"SourceThreadId":"3304","SourceModuleType":"im_msvistalog","OpcodeValue":0,"EventType":"INFO","ExecutionProcessID":3984,"Opcode":"Info","SourceName":"Microsoft-Windows-Sysmon","Keywords":-9223372036854775808,"EventID":10,"Domain":"NT AUTHORITY","Category":"Process accessed (rule: ProcessAccess)","@version":"1","AccountName":"SYSTEM","host":"wec.internal.cloudapp.net","SourceImage":"C:\\windows\\system32\\svchost.exe","SeverityValue":2,"EventTime":"2020-10-12 18:34:19","Message":"Process accessed:\r\nRuleName: -\r\nUtcTime: 2020-10-12 22:34:19.360\r\nSourceProcessGUID: {029f9482-bfa2-5f84-1000-000000000400}\r\nSourceProcessId: 68\r\nSourceThreadId: 3304\r\nSourceImage: C:\\windows\\system32\\svchost.exe\r\nTargetProcessGUID: {029f9482-bfa4-5f84-2900-000000000400}\r\nTargetProcessId: 1868\r\nTargetImage: C:\\windows\\System32\\svchost.exe\r\nGrantedAccess: 0x1000\r\nCallTrace: C:\\windows\\SYSTEM32\\ntdll.dll+9fc24|C:\\windows\\System32\\KERNELBASE.dll+6c2d5|c:\\windows\\system32\\lsm.dll+eafe|C:\\windows\\System32\\RPCRT4.dll+77883|C:\\windows\\System32\\RPCRT4.dll+db4a6|C:\\windows\\System32\\RPCRT4.dll+10d50|C:\\windows\\System32\\RPCRT4.dll+54a78|C:\\windows\\System32\\RPCRT4.dll+304f0|C:\\windows\\System32\\RPCRT4.dll+2fe9b|C:\\windows\\System32\\RPCRT4.dll+2222f|C:\\windows\\System32\\RPCRT4.dll+2168a|C:\\windows\\System32\\RPCRT4.dll+20c51|C:\\windows\\System32\\RPCRT4.dll+206c2|C:\\windows\\System32\\RPCRT4.dll+17495|C:\\windows\\SYSTEM32\\ntdll.dll+4f4d0|C:\\windows\\SYSTEM32\\ntdll.dll+50358|C:\\windows\\System32\\KERNEL32.DLL+17974|C:\\windows\\SYSTEM32\\ntdll.dll+6a271","SourceModuleName":"eventlog","GrantedAccess":"0x1000","AccountType":"User","TargetProcessGUID":"{029f9482-bfa4-5f84-2900-000000000400}"}
{"SourceProcessId":"68","RuleName":"-","@timestamp":"2020-10-12T22:34:20.698Z","Channel":"Microsoft-Windows-Sysmon/Operational","UserID":"S-1-5-18","TargetProcessId":"1868","CallTrace":"C:\\windows\\SYSTEM32\\ntdll.dll+9fc24|C:\\windows\\System32\\KERNELBASE.dll+6c2d5|c:\\windows\\system32\\lsm.dll+e625|C:\\windows\\System32\\RPCRT4.dll+77883|C:\\windows\\System32\\RPCRT4.dll+db4a6|C:\\windows\\System32\\RPCRT4.dll+10d50|C:\\windows\\System32\\RPCRT4.dll+54a78|C:\\windows\\System32\\RPCRT4.dll+304f0|C:\\windows\\System32\\RPCRT4.dll+2fe9b|C:\\windows\\System32\\RPCRT4.dll+2222f|C:\\windows\\System32\\RPCRT4.dll+2168a|C:\\windows\\System32\\RPCRT4.dll+20c51|C:\\windows\\System32\\RPCRT4.dll+206c2|C:\\windows\\System32\\RPCRT4.dll+17495|C:\\windows\\SYSTEM32\\ntdll.dll+4f4d0|C:\\windows\\SYSTEM32\\ntdll.dll+50358|C:\\windows\\System32\\KERNEL32.DLL+17974|C:\\windows\\SYSTEM32\\ntdll.dll+6a271","RecordNumber":243381,"ThreadID":4300,"SourceProcessGUID":"{029f9482-bfa2-5f84-1000-000000000400}","TargetImage":"C:\\windows\\System32\\svchost.exe","ProcessId":"68","Version":3,"Hostname":"MORDORDC.theshire.local","EventReceivedTime":"2020-10-12 18:34:20","ProviderGuid":"{5770385F-C22A-43E0-BF4C-06F5698FFBD9}","UtcTime":"2020-10-12 22:34:19.360","port":61041,"Severity":"INFO","tags":["mordorDataset"],"Task":10,"SourceThreadId":"3304","SourceModuleType":"im_msvistalog","OpcodeValue":0,"EventType":"INFO","ExecutionProcessID":3984,"Opcode":"Info","SourceName":"Microsoft-Windows-Sysmon","Keywords":-9223372036854775808,"EventID":10,"Domain":"NT AUTHORITY","Category":"Process accessed (rule: ProcessAccess)","@version":"1","AccountName":"SYSTEM","host":"wec.internal.cloudapp.net","SourceImage":"C:\\windows\\system32\\svchost.exe","SeverityValue":2,"EventTime":"2020-10-12 18:34:19","Message":"Process accessed:\r\nRuleName: -\r\nUtcTime: 2020-10-12 22:34:19.360\r\nSourceProcessGUID: {029f9482-bfa2-5f84-1000-000000000400}\r\nSourceProcessId: 68\r\nSourceThreadId: 3304\r\nSourceImage: C:\\windows\\system32\\svchost.exe\r\nTargetProcessGUID: {029f9482-bfa4-5f84-2900-000000000400}\r\nTargetProcessId: 1868\r\nTargetImage: C:\\windows\\System32\\svchost.exe\r\nGrantedAccess: 0x1000\r\nCallTrace: C:\\windows\\SYSTEM32\\ntdll.dll+9fc24|C:\\windows\\System32\\KERNELBASE.dll+6c2d5|c:\\windows\\system32\\lsm.dll+e625|C:\\windows\\System32\\RPCRT4.dll+77883|C:\\windows\\System32\\RPCRT4.dll+db4a6|C:\\windows\\System32\\RPCRT4.dll+10d50|C:\\windows\\System32\\RPCRT4.dll+54a78|C:\\windows\\System32\\RPCRT4.dll+304f0|C:\\windows\\System32\\RPCRT4.dll+2fe9b|C:\\windows\\System32\\RPCRT4.dll+2222f|C:\\windows\\System32\\RPCRT4.dll+2168a|C:\\windows\\System32\\RPCRT4.dll+20c51|C:\\windows\\System32\\RPCRT4.dll+206c2|C:\\windows\\System32\\RPCRT4.dll+17495|C:\\windows\\SYSTEM32\\ntdll.dll+4f4d0|C:\\windows\\SYSTEM32\\ntdll.dll+50358|C:\\windows\\System32\\KERNEL32.DLL+17974|C:\\windows\\SYSTEM32\\ntdll.dll+6a271","SourceModuleName":"eventlog","GrantedAccess":"0x1000","AccountType":"User","TargetProcessGUID":"{029f9482-bfa4-5f84-2900-000000000400}"}
{"@timestamp":"2020-10-12T22:34:20.699Z","AccessReason":"-","Channel":"Security","SubjectDomainName":"THESHIRE","RecordNumber":202309,"ThreadID":1452,"SubjectLogonId":"0x3e7","TransactionId":"{00000000-0000-0000-0000-000000000000}","ObjectName":"\\REGISTRY\\MACHINE\\SOFTWARE\\Microsoft\\Windows NT\\CurrentVersion\\Winlogon","ProcessId":"0x6d8","Version":1,"Hostname":"MORDORDC.theshire.local","EventReceivedTime":"2020-10-12 18:34:20","ProviderGuid":"{54849625-5478-4994-A5BA-3E3B0328C30D}","SubjectUserName":"MORDORDC$","RestrictedSidCount":"0","port":61041,"Severity":"INFO","ResourceAttributes":"-","Task":12801,"tags":["mordorDataset"],"SourceModuleType":"im_msvistalog","OpcodeValue":0,"EventType":"AUDIT_SUCCESS","ExecutionProcessID":4,"Opcode":"Info","ObjectType":"Key","SourceName":"Microsoft-Windows-Security-Auditing","Keywords":-9214364837600034816,"AccessList":"%%1538\r\n\t\t\t\t%%4432\r\n\t\t\t\t%%4435\r\n\t\t\t\t%%4436\r\n\t\t\t\t","HandleId":"0x200","EventID":4656,"Category":"Registry","@version":"1","host":"wec.internal.cloudapp.net","AccessMask":"0x20019","ObjectServer":"Security","ProcessName":"C:\\Windows\\System32\\svchost.exe","SeverityValue":2,"EventTime":"2020-10-12 18:34:19","Message":"A handle to an object was requested.\r\n\r\nSubject:\r\n\tSecurity ID:\t\tS-1-5-18\r\n\tAccount Name:\t\tMORDORDC$\r\n\tAccount Domain:\t\tTHESHIRE\r\n\tLogon ID:\t\t0x3E7\r\n\r\nObject:\r\n\tObject Server:\t\tSecurity\r\n\tObject Type:\t\tKey\r\n\tObject Name:\t\t\\REGISTRY\\MACHINE\\SOFTWARE\\Microsoft\\Windows NT\\CurrentVersion\\Winlogon\r\n\tHandle ID:\t\t0x200\r\n\tResource Attributes:\t-\r\n\r\nProcess Information:\r\n\tProcess ID:\t\t0x6d8\r\n\tProcess Name:\t\tC:\\Windows\\System32\\svchost.exe\r\n\r\nAccess Request Information:\r\n\tTransaction ID:\t\t{00000000-0000-0000-0000-000000000000}\r\n\tAccesses:\t\tREAD_CONTROL\r\n\t\t\t\tQuery key value\r\n\t\t\t\tEnumerate sub-keys\r\n\t\t\t\tNotify about changes to keys\r\n\t\t\t\t\r\n\tAccess Reasons:\t\t-\r\n\tAccess Mask:\t\t0x20019\r\n\tPrivileges Used for Access Check:\t-\r\n\tRestricted SID Count:\t0","PrivilegeList":"-","SourceModuleName":"eventlog","SubjectUserSid":"S-1-5-18"}
{"@timestamp":"2020-10-12T22:34:20.701Z","port":61041,"Severity":"INFO","Task":12801,"Channel":"Security","ResourceAttributes":"-","SourceModuleType":"im_msvistalog","tags":["mordorDataset"],"OpcodeValue":0,"EventType":"AUDIT_SUCCESS","ExecutionProcessID":4,"Opcode":"Info","RecordNumber":202310,"ThreadID":1452,"SubjectDomainName":"THESHIRE","SubjectLogonId":"0x3e7","SourceName":"Microsoft-Windows-Security-Auditing","ObjectType":"Key","Keywords":-9214364837600034816,"AccessList":"%%4432\r\n\t\t\t\t","HandleId":"0x200","EventID":4663,"Category":"Registry","ObjectName":"\\REGISTRY\\MACHINE\\SOFTWARE\\Microsoft\\Windows NT\\CurrentVersion\\Winlogon","Version":1,"ProcessId":"0x6d8","@version":"1","host":"wec.internal.cloudapp.net","Hostname":"MORDORDC.theshire.local","AccessMask":"0x1","ObjectServer":"Security","ProcessName":"C:\\Windows\\System32\\svchost.exe","EventReceivedTime":"2020-10-12 18:34:20","SeverityValue":2,"EventTime":"2020-10-12 18:34:19","ProviderGuid":"{54849625-5478-4994-A5BA-3E3B0328C30D}","Message":"An attempt was made to access an object.\r\n\r\nSubject:\r\n\tSecurity ID:\t\tS-1-5-18\r\n\tAccount Name:\t\tMORDORDC$\r\n\tAccount Domain:\t\tTHESHIRE\r\n\tLogon ID:\t\t0x3E7\r\n\r\nObject:\r\n\tObject Server:\t\tSecurity\r\n\tObject Type:\t\tKey\r\n\tObject Name:\t\t\\REGISTRY\\MACHINE\\SOFTWARE\\Microsoft\\Windows NT\\CurrentVersion\\Winlogon\r\n\tHandle ID:\t\t0x200\r\n\tResource Attributes:\t-\r\n\r\nProcess Information:\r\n\tProcess ID:\t\t0x6d8\r\n\tProcess Name:\t\tC:\\Windows\\System32\\svchost.exe\r\n\r\nAccess Request Information:\r\n\tAccesses:\t\tQuery key value\r\n\t\t\t\t\r\n\tAccess Mask:\t\t0x1","SubjectUserName":"MORDORDC$","SourceModuleName":"eventlog","SubjectUserSid":"S-1-5-18"}
{"SourceProcessId":"68","RuleName":"-","@timestamp":"2020-10-12T22:34:20.701Z","Channel":"Microsoft-Windows-Sysmon/Operational","UserID":"S-1-5-18","TargetProcessId":"1868","CallTrace":"C:\\windows\\SYSTEM32\\ntdll.dll+9fc24|C:\\windows\\System32\\KERNELBASE.dll+6c2d5|c:\\windows\\system32\\lsm.dll+eca0|C:\\windows\\System32\\RPCRT4.dll+77883|C:\\windows\\System32\\RPCRT4.dll+db4a6|C:\\windows\\System32\\RPCRT4.dll+10d50|C:\\windows\\System32\\RPCRT4.dll+54a78|C:\\windows\\System32\\RPCRT4.dll+304f0|C:\\windows\\System32\\RPCRT4.dll+2fe9b|C:\\windows\\System32\\RPCRT4.dll+2222f|C:\\windows\\System32\\RPCRT4.dll+2168a|C:\\windows\\System32\\RPCRT4.dll+20c51|C:\\windows\\System32\\RPCRT4.dll+206c2|C:\\windows\\System32\\RPCRT4.dll+17495|C:\\windows\\SYSTEM32\\ntdll.dll+4f4d0|C:\\windows\\SYSTEM32\\ntdll.dll+50358|C:\\windows\\System32\\KERNEL32.DLL+17974|C:\\windows\\SYSTEM32\\ntdll.dll+6a271","RecordNumber":243382,"ThreadID":4300,"SourceProcessGUID":"{029f9482-bfa2-5f84-1000-000000000400}","TargetImage":"C:\\windows\\System32\\svchost.exe","ProcessId":"68","Version":3,"Hostname":"MORDORDC.theshire.local","EventReceivedTime":"2020-10-12 18:34:20","ProviderGuid":"{5770385F-C22A-43E0-BF4C-06F5698FFBD9}","UtcTime":"2020-10-12 22:34:19.360","port":61041,"Severity":"INFO","tags":["mordorDataset"],"Task":10,"SourceThreadId":"3304","SourceModuleType":"im_msvistalog","OpcodeValue":0,"EventType":"INFO","ExecutionProcessID":3984,"Opcode":"Info","SourceName":"Microsoft-Windows-Sysmon","Keywords":-9223372036854775808,"EventID":10,"Domain":"NT AUTHORITY","Category":"Process accessed (rule: ProcessAccess)","@version":"1","AccountName":"SYSTEM","host":"wec.internal.cloudapp.net","SourceImage":"C:\\windows\\system32\\svchost.exe","SeverityValue":2,"EventTime":"2020-10-12 18:34:19","Message":"Process accessed:\r\nRuleName: -\r\nUtcTime: 2020-10-12 22:34:19.360\r\nSourceProcessGUID: {029f9482-bfa2-5f84-1000-000000000400}\r\nSourceProcessId: 68\r\nSourceThreadId: 3304\r\nSourceImage: C:\\windows\\system32\\svchost.exe\r\nTargetProcessGUID: {029f9482-bfa4-5f84-2900-000000000400}\r\nTargetProcessId: 1868\r\nTargetImage: C:\\windows\\System32\\svchost.exe\r\nGrantedAccess: 0x1000\r\nCallTrace: C:\\windows\\SYSTEM32\\ntdll.dll+9fc24|C:\\windows\\System32\\KERNELBASE.dll+6c2d5|c:\\windows\\system32\\lsm.dll+eca0|C:\\windows\\System32\\RPCRT4.dll+77883|C:\\windows\\System32\\RPCRT4.dll+db4a6|C:\\windows\\System32\\RPCRT4.dll+10d50|C:\\windows\\System32\\RPCRT4.dll+54a78|C:\\windows\\System32\\RPCRT4.dll+304f0|C:\\windows\\System32\\RPCRT4.dll+2fe9b|C:\\windows\\System32\\RPCRT4.dll+2222f|C:\\windows\\System32\\RPCRT4.dll+2168a|C:\\windows\\System32\\RPCRT4.dll+20c51|C:\\windows\\System32\\RPCRT4.dll+206c2|C:\\windows\\System32\\RPCRT4.dll+17495|C:\\windows\\SYSTEM32\\ntdll.dll+4f4d0|C:\\windows\\SYSTEM32\\ntdll.dll+50358|C:\\windows\\System32\\KERNEL32.DLL+17974|C:\\windows\\SYSTEM32\\ntdll.dll+6a271","SourceModuleName":"eventlog","GrantedAccess":"0x1000","AccountType":"User","TargetProcessGUID":"{029f9482-bfa4-5f84-2900-000000000400}"}
{"@timestamp":"2020-10-12T22:34:20.702Z","port":61041,"Severity":"INFO","Task":12801,"Channel":"Security","tags":["mordorDataset"],"SourceModuleType":"im_msvistalog","OpcodeValue":0,"EventType":"AUDIT_SUCCESS","ExecutionProcessID":4,"Opcode":"Info","RecordNumber":202311,"ThreadID":1452,"SubjectDomainName":"THESHIRE","SubjectLogonId":"0x3e7","SourceName":"Microsoft-Windows-Security-Auditing","Keywords":-9214364837600034816,"HandleId":"0x200","EventID":4658,"Category":"Registry","ProcessId":"0x6d8","Version":0,"@version":"1","host":"wec.internal.cloudapp.net","Hostname":"MORDORDC.theshire.local","ProcessName":"C:\\Windows\\System32\\svchost.exe","ObjectServer":"Security","EventReceivedTime":"2020-10-12 18:34:20","SeverityValue":2,"EventTime":"2020-10-12 18:34:19","ProviderGuid":"{54849625-5478-4994-A5BA-3E3B0328C30D}","Message":"The handle to an object was closed.\r\n\r\nSubject :\r\n\tSecurity ID:\t\tS-1-5-18\r\n\tAccount Name:\t\tMORDORDC$\r\n\tAccount Domain:\t\tTHESHIRE\r\n\tLogon ID:\t\t0x3E7\r\n\r\nObject:\r\n\tObject Server:\t\tSecurity\r\n\tHandle ID:\t\t0x200\r\n\r\nProcess Information:\r\n\tProcess ID:\t\t0x6d8\r\n\tProcess Name:\t\tC:\\Windows\\System32\\svchost.exe","SubjectUserName":"MORDORDC$","SourceModuleName":"eventlog","SubjectUserSid":"S-1-5-18"}
{"SourceProcessId":"68","RuleName":"-","@timestamp":"2020-10-12T22:34:20.702Z","Channel":"Microsoft-Windows-Sysmon/Operational","UserID":"S-1-5-18","TargetProcessId":"1868","CallTrace":"C:\\windows\\SYSTEM32\\ntdll.dll+9fc24|C:\\windows\\System32\\KERNELBASE.dll+6c2d5|c:\\windows\\system32\\lsm.dll+eafe|C:\\windows\\System32\\RPCRT4.dll+77883|C:\\windows\\System32\\RPCRT4.dll+db4a6|C:\\windows\\System32\\RPCRT4.dll+10d50|C:\\windows\\System32\\RPCRT4.dll+54a78|C:\\windows\\System32\\RPCRT4.dll+304f0|C:\\windows\\System32\\RPCRT4.dll+2fe9b|C:\\windows\\System32\\RPCRT4.dll+2222f|C:\\windows\\System32\\RPCRT4.dll+2168a|C:\\windows\\System32\\RPCRT4.dll+20c51|C:\\windows\\System32\\RPCRT4.dll+206c2|C:\\windows\\System32\\RPCRT4.dll+17495|C:\\windows\\SYSTEM32\\ntdll.dll+4f4d0|C:\\windows\\SYSTEM32\\ntdll.dll+50358|C:\\windows\\System32\\KERNEL32.DLL+17974|C:\\windows\\SYSTEM32\\ntdll.dll+6a271","RecordNumber":243383,"ThreadID":4300,"SourceProcessGUID":"{029f9482-bfa2-5f84-1000-000000000400}","TargetImage":"C:\\windows\\System32\\svchost.exe","ProcessId":"68","Version":3,"Hostname":"MORDORDC.theshire.local","EventReceivedTime":"2020-10-12 18:34:20","ProviderGuid":"{5770385F-C22A-43E0-BF4C-06F5698FFBD9}","UtcTime":"2020-10-12 22:34:19.360","port":61041,"Severity":"INFO","tags":["mordorDataset"],"Task":10,"SourceThreadId":"3304","SourceModuleType":"im_msvistalog","OpcodeValue":0,"EventType":"INFO","ExecutionProcessID":3984,"Opcode":"Info","SourceName":"Microsoft-Windows-Sysmon","Keywords":-9223372036854775808,"EventID":10,"Domain":"NT AUTHORITY","Category":"Process accessed (rule: ProcessAccess)","@version":"1","AccountName":"SYSTEM","host":"wec.internal.cloudapp.net","SourceImage":"C:\\windows\\system32\\svchost.exe","SeverityValue":2,"EventTime":"2020-10-12 18:34:19","Message":"Process accessed:\r\nRuleName: -\r\nUtcTime: 2020-10-12 22:34:19.360\r\nSourceProcessGUID: {029f9482-bfa2-5f84-1000-000000000400}\r\nSourceProcessId: 68\r\nSourceThreadId: 3304\r\nSourceImage: C:\\windows\\system32\\svchost.exe\r\nTargetProcessGUID: {029f9482-bfa4-5f84-2900-000000000400}\r\nTargetProcessId: 1868\r\nTargetImage: C:\\windows\\System32\\svchost.exe\r\nGrantedAccess: 0x1000\r\nCallTrace: C:\\windows\\SYSTEM32\\ntdll.dll+9fc24|C:\\windows\\System32\\KERNELBASE.dll+6c2d5|c:\\windows\\system32\\lsm.dll+eafe|C:\\windows\\System32\\RPCRT4.dll+77883|C:\\windows\\System32\\RPCRT4.dll+db4a6|C:\\windows\\System32\\RPCRT4.dll+10d50|C:\\windows\\System32\\RPCRT4.dll+54a78|C:\\windows\\System32\\RPCRT4.dll+304f0|C:\\windows\\System32\\RPCRT4.dll+2fe9b|C:\\windows\\System32\\RPCRT4.dll+2222f|C:\\windows\\System32\\RPCRT4.dll+2168a|C:\\windows\\System32\\RPCRT4.dll+20c51|C:\\windows\\System32\\RPCRT4.dll+206c2|C:\\windows\\System32\\RPCRT4.dll+17495|C:\\windows\\SYSTEM32\\ntdll.dll+4f4d0|C:\\windows\\SYSTEM32\\ntdll.dll+50358|C:\\windows\\System32\\KERNEL32.DLL+17974|C:\\windows\\SYSTEM32\\ntdll.dll+6a271","SourceModuleName":"eventlog","GrantedAccess":"0x1000","AccountType":"User","TargetProcessGUID":"{029f9482-bfa4-5f84-2900-000000000400}"}
{"@timestamp":"2020-10-12T22:34:20.702Z","port":61041,"Severity":"INFO","Task":12810,"Channel":"Security","tags":["mordorDataset"],"LayerName":"%%14608","SourceModuleType":"im_msvistalog","OpcodeValue":0,"Application":"\\device\\harddiskvolume2\\windows\\system32\\svchost.exe","EventType":"AUDIT_SUCCESS","ExecutionProcessID":4,"Opcode":"Info","RecordNumber":202312,"ThreadID":1452,"FilterRTID":"0","SourceName":"Microsoft-Windows-Security-Auditing","LayerRTID":"38","Keywords":-9214364837600034816,"EventID":5158,"Category":"Filtering Platform Connection","ProcessId":"1752","Version":0,"@version":"1","host":"wec.internal.cloudapp.net","Hostname":"MORDORDC.theshire.local","SourcePort":"61041","EventReceivedTime":"2020-10-12 18:34:20","SeverityValue":2,"EventTime":"2020-10-12 18:34:19","ProviderGuid":"{54849625-5478-4994-A5BA-3E3B0328C30D}","Message":"The Windows Filtering Platform has permitted a bind to a local port.\r\n\r\nApplication Information:\r\n\tProcess ID:\t\t1752\r\n\tApplication Name:\t\\device\\harddiskvolume2\\windows\\system32\\svchost.exe\r\n\r\nNetwork Information:\r\n\tSource Address:\t\t::\r\n\tSource Port:\t\t61041\r\n\tProtocol:\t\t6\r\n\r\nFilter Information:\r\n\tFilter Run-Time ID:\t0\r\n\tLayer Name:\t\tResource Assignment\r\n\tLayer Run-Time ID:\t38","SourceAddress":"::","SourceModuleName":"eventlog","Protocol":"6"}
{"EventTypeOrignal":"INFO","RuleName":"-","@timestamp":"2020-10-12T22:34:20.703Z","port":61041,"Severity":"INFO","Task":12,"Channel":"Microsoft-Windows-Sysmon/Operational","UtcTime":"2020-10-12 22:34:19.360","UserID":"S-1-5-18","SourceModuleType":"im_msvistalog","OpcodeValue":0,"tags":["mordorDataset"],"TargetObject":"HKU\\.DEFAULT\\Software\\Microsoft\\Windows NT\\CurrentVersion\\Network\\Location Awareness","ExecutionProcessID":3984,"Opcode":"Info","RecordNumber":243384,"ThreadID":4300,"EventType":"CreateKey","SourceName":"Microsoft-Windows-Sysmon","Keywords":-9223372036854775808,"Image":"C:\\windows\\system32\\svchost.exe","EventID":12,"Domain":"NT AUTHORITY","Category":"Registry object added or deleted (rule: RegistryEvent)","Version":2,"ProcessId":"1752","@version":"1","AccountName":"SYSTEM","ProcessGuid":"{029f9482-bfa4-5f84-2500-000000000400}","host":"wec.internal.cloudapp.net","Hostname":"MORDORDC.theshire.local","EventReceivedTime":"2020-10-12 18:34:20","SeverityValue":2,"EventTime":"2020-10-12 18:34:19","ProviderGuid":"{5770385F-C22A-43E0-BF4C-06F5698FFBD9}","Message":"Registry object added or deleted:\r\nRuleName: -\r\nEventType: CreateKey\r\nUtcTime: 2020-10-12 22:34:19.360\r\nProcessGuid: {029f9482-bfa4-5f84-2500-000000000400}\r\nProcessId: 1752\r\nImage: C:\\windows\\system32\\svchost.exe\r\nTargetObject: HKU\\.DEFAULT\\Software\\Microsoft\\Windows NT\\CurrentVersion\\Network\\Location Awareness","SourceModuleName":"eventlog","AccountType":"User"}
{"EventTypeOrignal":"INFO","RuleName":"-","@timestamp":"2020-10-12T22:34:20.704Z","port":61041,"Severity":"INFO","Task":12,"Channel":"Microsoft-Windows-Sysmon/Operational","UtcTime":"2020-10-12 22:34:19.360","UserID":"S-1-5-18","SourceModuleType":"im_msvistalog","OpcodeValue":0,"tags":["mordorDataset"],"TargetObject":"HKLM\\SOFTWARE\\Microsoft\\Windows\\CurrentVersion\\Group Policy\\History","ExecutionProcessID":3984,"Opcode":"Info","RecordNumber":243385,"ThreadID":4300,"EventType":"CreateKey","SourceName":"Microsoft-Windows-Sysmon","Keywords":-9223372036854775808,"Image":"C:\\windows\\system32\\svchost.exe","EventID":12,"Domain":"NT AUTHORITY","Category":"Registry object added or deleted (rule: RegistryEvent)","Version":2,"ProcessId":"1752","@version":"1","AccountName":"SYSTEM","ProcessGuid":"{029f9482-bfa4-5f84-2500-000000000400}","host":"wec.internal.cloudapp.net","Hostname":"MORDORDC.theshire.local","EventReceivedTime":"2020-10-12 18:34:20","SeverityValue":2,"EventTime":"2020-10-12 18:34:19","ProviderGuid":"{5770385F-C22A-43E0-BF4C-06F5698FFBD9}","Message":"Registry object added or deleted:\r\nRuleName: -\r\nEventType: CreateKey\r\nUtcTime: 2020-10-12 22:34:19.360\r\nProcessGuid: {029f9482-bfa4-5f84-2500-000000000400}\r\nProcessId: 1752\r\nImage: C:\\windows\\system32\\svchost.exe\r\nTargetObject: HKLM\\SOFTWARE\\Microsoft\\Windows\\CurrentVersion\\Group Policy\\History","SourceModuleName":"eventlog","AccountType":"User"}
{"@timestamp":"2020-10-12T22:34:20.704Z","port":61041,"Severity":"INFO","Task":12810,"Channel":"Security","tags":["mordorDataset"],"LayerName":"%%14611","SourceModuleType":"im_msvistalog","OpcodeValue":0,"Application":"\\device\\harddiskvolume2\\windows\\system32\\svchost.exe","EventType":"AUDIT_SUCCESS","ExecutionProcessID":4,"Opcode":"Info","RecordNumber":202313,"ThreadID":1452,"FilterRTID":"65853","SourceName":"Microsoft-Windows-Security-Auditing","DestPort":"389","LayerRTID":"50","Keywords":-9214364837600034816,"EventID":5156,"Category":"Filtering Platform Connection","ProcessId":"1752","Version":1,"@version":"1","Direction":"%%14593","DestAddress":"fe80::74bc:2942:9832:aa63","RemoteUserID":"S-1-0-0","host":"wec.internal.cloudapp.net","Hostname":"MORDORDC.theshire.local","SourcePort":"61041","RemoteMachineID":"S-1-0-0","EventReceivedTime":"2020-10-12 18:34:20","SeverityValue":2,"EventTime":"2020-10-12 18:34:19","ProviderGuid":"{54849625-5478-4994-A5BA-3E3B0328C30D}","Message":"The Windows Filtering Platform has permitted a connection.\r\n\r\nApplication Information:\r\n\tProcess ID:\t\t1752\r\n\tApplication Name:\t\\device\\harddiskvolume2\\windows\\system32\\svchost.exe\r\n\r\nNetwork Information:\r\n\tDirection:\t\tOutbound\r\n\tSource Address:\t\tfe80::74bc:2942:9832:aa63\r\n\tSource Port:\t\t61041\r\n\tDestination Address:\tfe80::74bc:2942:9832:aa63\r\n\tDestination Port:\t\t389\r\n\tProtocol:\t\t6\r\n\r\nFilter Information:\r\n\tFilter Run-Time ID:\t65853\r\n\tLayer Name:\t\tConnect\r\n\tLayer Run-Time ID:\t50","SourceAddress":"fe80::74bc:2942:9832:aa63","SourceModuleName":"eventlog","Protocol":"6"}
{"@timestamp":"2020-10-12T22:34:20.704Z","port":61041,"Severity":"INFO","Task":12810,"Channel":"Security","tags":["mordorDataset"],"LayerName":"%%14610","SourceModuleType":"im_msvistalog","OpcodeValue":0,"Application":"\\device\\harddiskvolume2\\windows\\system32\\lsass.exe","EventType":"AUDIT_SUCCESS","ExecutionProcessID":4,"Opcode":"Info","RecordNumber":202314,"ThreadID":1452,"FilterRTID":"65851","SourceName":"Microsoft-Windows-Security-Auditing","DestPort":"389","LayerRTID":"46","Keywords":-9214364837600034816,"EventID":5156,"Category":"Filtering Platform Connection","ProcessId":"708","Version":1,"@version":"1","Direction":"%%14592","DestAddress":"fe80::74bc:2942:9832:aa63","RemoteUserID":"S-1-0-0","host":"wec.internal.cloudapp.net","Hostname":"MORDORDC.theshire.local","SourcePort":"61041","RemoteMachineID":"S-1-0-0","EventReceivedTime":"2020-10-12 18:34:20","SeverityValue":2,"EventTime":"2020-10-12 18:34:19","ProviderGuid":"{54849625-5478-4994-A5BA-3E3B0328C30D}","Message":"The Windows Filtering Platform has permitted a connection.\r\n\r\nApplication Information:\r\n\tProcess ID:\t\t708\r\n\tApplication Name:\t\\device\\harddiskvolume2\\windows\\system32\\lsass.exe\r\n\r\nNetwork Information:\r\n\tDirection:\t\tInbound\r\n\tSource Address:\t\tfe80::74bc:2942:9832:aa63\r\n\tSource Port:\t\t61041\r\n\tDestination Address:\tfe80::74bc:2942:9832:aa63\r\n\tDestination Port:\t\t389\r\n\tProtocol:\t\t6\r\n\r\nFilter Information:\r\n\tFilter Run-Time ID:\t65851\r\n\tLayer Name:\t\tReceive/Accept\r\n\tLayer Run-Time ID:\t46","SourceAddress":"fe80::74bc:2942:9832:aa63","SourceModuleName":"eventlog","Protocol":"6"}
{"EventTypeOrignal":"INFO","RuleName":"-","@timestamp":"2020-10-12T22:34:20.705Z","port":61041,"Severity":"INFO","Task":13,"Channel":"Microsoft-Windows-Sysmon/Operational","UtcTime":"2020-10-12 22:34:19.360","UserID":"S-1-5-18","SourceModuleType":"im_msvistalog","OpcodeValue":0,"tags":["mordorDataset"],"TargetObject":"HKLM\\SOFTWARE\\Microsoft\\Windows\\CurrentVersion\\Group Policy\\History\\DCName","ExecutionProcessID":3984,"Opcode":"Info","RecordNumber":243386,"ThreadID":4300,"EventType":"SetValue","SourceName":"Microsoft-Windows-Sysmon","Keywords":-9223372036854775808,"Image":"C:\\windows\\system32\\svchost.exe","EventID":13,"Domain":"NT AUTHORITY","Category":"Registry value set (rule: RegistryEvent)","Version":2,"ProcessId":"1752","@version":"1","AccountName":"SYSTEM","Details":"\\\\MORDORDC.theshire.local","ProcessGuid":"{029f9482-bfa4-5f84-2500-000000000400}","host":"wec.internal.cloudapp.net","Hostname":"MORDORDC.theshire.local","EventReceivedTime":"2020-10-12 18:34:20","SeverityValue":2,"EventTime":"2020-10-12 18:34:19","ProviderGuid":"{5770385F-C22A-43E0-BF4C-06F5698FFBD9}","Message":"Registry value set:\r\nRuleName: -\r\nEventType: SetValue\r\nUtcTime: 2020-10-12 22:34:19.360\r\nProcessGuid: {029f9482-bfa4-5f84-2500-000000000400}\r\nProcessId: 1752\r\nImage: C:\\windows\\system32\\svchost.exe\r\nTargetObject: HKLM\\SOFTWARE\\Microsoft\\Windows\\CurrentVersion\\Group Policy\\History\\DCName\r\nDetails: \\\\MORDORDC.theshire.local","SourceModuleName":"eventlog","AccountType":"User"}
{"EventTypeOrignal":"INFO","RuleName":"-","@timestamp":"2020-10-12T22:34:20.705Z","port":61041,"Severity":"INFO","Task":13,"Channel":"Microsoft-Windows-Sysmon/Operational","UtcTime":"2020-10-12 22:34:19.360","UserID":"S-1-5-18","SourceModuleType":"im_msvistalog","OpcodeValue":0,"tags":["mordorDataset"],"TargetObject":"HKLM\\SOFTWARE\\Microsoft\\Windows\\CurrentVersion\\Group Policy\\History\\NetworkName","ExecutionProcessID":3984,"Opcode":"Info","RecordNumber":243387,"ThreadID":4300,"EventType":"SetValue","SourceName":"Microsoft-Windows-Sysmon","Keywords":-9223372036854775808,"Image":"C:\\windows\\system32\\svchost.exe","EventID":13,"Domain":"NT AUTHORITY","Category":"Registry value set (rule: RegistryEvent)","Version":2,"ProcessId":"1752","@version":"1","AccountName":"SYSTEM","Details":"tdjofgd1w33e5be00clhasu4fg.bx.internal.cloudapp.net","ProcessGuid":"{029f9482-bfa4-5f84-2500-000000000400}","host":"wec.internal.cloudapp.net","Hostname":"MORDORDC.theshire.local","EventReceivedTime":"2020-10-12 18:34:20","SeverityValue":2,"EventTime":"2020-10-12 18:34:19","ProviderGuid":"{5770385F-C22A-43E0-BF4C-06F5698FFBD9}","Message":"Registry value set:\r\nRuleName: -\r\nEventType: SetValue\r\nUtcTime: 2020-10-12 22:34:19.360\r\nProcessGuid: {029f9482-bfa4-5f84-2500-000000000400}\r\nProcessId: 1752\r\nImage: C:\\windows\\system32\\svchost.exe\r\nTargetObject: HKLM\\SOFTWARE\\Microsoft\\Windows\\CurrentVersion\\Group Policy\\History\\NetworkName\r\nDetails: tdjofgd1w33e5be00clhasu4fg.bx.internal.cloudapp.net","SourceModuleName":"eventlog","AccountType":"User"}
{"@timestamp":"2020-10-12T22:34:20.706Z","port":61041,"Severity":"INFO","Task":12548,"Channel":"Security","tags":["mordorDataset"],"SourceModuleType":"im_msvistalog","OpcodeValue":0,"EventType":"AUDIT_SUCCESS","ExecutionProcessID":708,"Opcode":"Info","RecordNumber":202315,"ThreadID":2716,"SubjectDomainName":"THESHIRE","SubjectLogonId":"0x590019","SourceName":"Microsoft-Windows-Security-Auditing","Keywords":-9214364837600034816,"EventID":4672,"Category":"Special Logon","Version":0,"@version":"1","host":"wec.internal.cloudapp.net","Hostname":"MORDORDC.theshire.local","EventReceivedTime":"2020-10-12 18:34:20","SeverityValue":2,"EventTime":"2020-10-12 18:34:19","ProviderGuid":"{54849625-5478-4994-A5BA-3E3B0328C30D}","Message":"Special privileges assigned to new logon.\r\n\r\nSubject:\r\n\tSecurity ID:\t\tS-1-5-18\r\n\tAccount Name:\t\tMORDORDC$\r\n\tAccount Domain:\t\tTHESHIRE\r\n\tLogon ID:\t\t0x590019\r\n\r\nPrivileges:\t\tSeSecurityPrivilege\r\n\t\t\tSeBackupPrivilege\r\n\t\t\tSeRestorePrivilege\r\n\t\t\tSeTakeOwnershipPrivilege\r\n\t\t\tSeDebugPrivilege\r\n\t\t\tSeSystemEnvironmentPrivilege\r\n\t\t\tSeLoadDriverPrivilege\r\n\t\t\tSeImpersonatePrivilege\r\n\t\t\tSeDelegateSessionUserImpersonatePrivilege\r\n\t\t\tSeEnableDelegationPrivilege","SubjectUserName":"MORDORDC$","PrivilegeList":"SeSecurityPrivilege\r\n\t\t\tSeBackupPrivilege\r\n\t\t\tSeRestorePrivilege\r\n\t\t\tSeTakeOwnershipPrivilege\r\n\t\t\tSeDebugPrivilege\r\n\t\t\tSeSystemEnvironmentPrivilege\r\n\t\t\tSeLoadDriverPrivilege\r\n\t\t\tSeImpersonatePrivilege\r\n\t\t\tSeDelegateSessionUserImpersonatePrivilege\r\n\t\t\tSeEnableDelegationPrivilege","SourceModuleName":"eventlog","SubjectUserSid":"S-1-5-18"}
{"SourceProcessId":"68","RuleName":"-","@timestamp":"2020-10-12T22:34:20.706Z","Channel":"Microsoft-Windows-Sysmon/Operational","UserID":"S-1-5-18","TargetProcessId":"1868","CallTrace":"C:\\windows\\SYSTEM32\\ntdll.dll+9fc24|C:\\windows\\System32\\KERNELBASE.dll+6c2d5|c:\\windows\\system32\\lsm.dll+e625|C:\\windows\\System32\\RPCRT4.dll+77883|C:\\windows\\System32\\RPCRT4.dll+db4a6|C:\\windows\\System32\\RPCRT4.dll+10d50|C:\\windows\\System32\\RPCRT4.dll+54a78|C:\\windows\\System32\\RPCRT4.dll+304f0|C:\\windows\\System32\\RPCRT4.dll+2fe9b|C:\\windows\\System32\\RPCRT4.dll+2222f|C:\\windows\\System32\\RPCRT4.dll+2168a|C:\\windows\\System32\\RPCRT4.dll+20c51|C:\\windows\\System32\\RPCRT4.dll+206c2|C:\\windows\\System32\\RPCRT4.dll+17495|C:\\windows\\SYSTEM32\\ntdll.dll+4f4d0|C:\\windows\\SYSTEM32\\ntdll.dll+50358|C:\\windows\\System32\\KERNEL32.DLL+17974|C:\\windows\\SYSTEM32\\ntdll.dll+6a271","RecordNumber":243388,"ThreadID":4300,"SourceProcessGUID":"{029f9482-bfa2-5f84-1000-000000000400}","TargetImage":"C:\\windows\\System32\\svchost.exe","ProcessId":"68","Version":3,"Hostname":"MORDORDC.theshire.local","EventReceivedTime":"2020-10-12 18:34:20","ProviderGuid":"{5770385F-C22A-43E0-BF4C-06F5698FFBD9}","UtcTime":"2020-10-12 22:34:19.360","port":61041,"Severity":"INFO","tags":["mordorDataset"],"Task":10,"SourceThreadId":"3304","SourceModuleType":"im_msvistalog","OpcodeValue":0,"EventType":"INFO","ExecutionProcessID":3984,"Opcode":"Info","SourceName":"Microsoft-Windows-Sysmon","Keywords":-9223372036854775808,"EventID":10,"Domain":"NT AUTHORITY","Category":"Process accessed (rule: ProcessAccess)","@version":"1","AccountName":"SYSTEM","host":"wec.internal.cloudapp.net","SourceImage":"C:\\windows\\system32\\svchost.exe","SeverityValue":2,"EventTime":"2020-10-12 18:34:19","Message":"Process accessed:\r\nRuleName: -\r\nUtcTime: 2020-10-12 22:34:19.360\r\nSourceProcessGUID: {029f9482-bfa2-5f84-1000-000000000400}\r\nSourceProcessId: 68\r\nSourceThreadId: 3304\r\nSourceImage: C:\\windows\\system32\\svchost.exe\r\nTargetProcessGUID: {029f9482-bfa4-5f84-2900-000000000400}\r\nTargetProcessId: 1868\r\nTargetImage: C:\\windows\\System32\\svchost.exe\r\nGrantedAccess: 0x1000\r\nCallTrace: C:\\windows\\SYSTEM32\\ntdll.dll+9fc24|C:\\windows\\System32\\KERNELBASE.dll+6c2d5|c:\\windows\\system32\\lsm.dll+e625|C:\\windows\\System32\\RPCRT4.dll+77883|C:\\windows\\System32\\RPCRT4.dll+db4a6|C:\\windows\\System32\\RPCRT4.dll+10d50|C:\\windows\\System32\\RPCRT4.dll+54a78|C:\\windows\\System32\\RPCRT4.dll+304f0|C:\\windows\\System32\\RPCRT4.dll+2fe9b|C:\\windows\\System32\\RPCRT4.dll+2222f|C:\\windows\\System32\\RPCRT4.dll+2168a|C:\\windows\\System32\\RPCRT4.dll+20c51|C:\\windows\\System32\\RPCRT4.dll+206c2|C:\\windows\\System32\\RPCRT4.dll+17495|C:\\windows\\SYSTEM32\\ntdll.dll+4f4d0|C:\\windows\\SYSTEM32\\ntdll.dll+50358|C:\\windows\\System32\\KERNEL32.DLL+17974|C:\\windows\\SYSTEM32\\ntdll.dll+6a271","SourceModuleName":"eventlog","GrantedAccess":"0x1000","AccountType":"User","TargetProcessGUID":"{029f9482-bfa4-5f84-2900-000000000400}"}
