{"RuleName":"-","@timestamp":"2020-10-12T22:34:12.624Z","Channel":"Microsoft-Windows-Sysmon/Operational","UserID":"S-1-5-18","RecordNumber":338489,"ThreadID":1892,"Image":"C:\\Windows\\System32\\svchost.exe","ProcessId":"3164","Version":5,"Hostname":"WORKSTATION5.theshire.local","SourcePort":"50119","DestinationHostname":"-","EventReceivedTime":"2020-10-12 18:34:12","ProviderGuid":"{5770385F-C22A-43E0-BF4C-06F5698FFBD9}","DestinationPortName":"-","Protocol":"tcp","UtcTime":"2020-10-12 22:34:08.965","port":61041,"Severity":"INFO","SourceIsIpv6":"false","Task":3,"tags":["mordorDataset"],"SourceModuleType":"im_msvistalog","OpcodeValue":0,"Initiated":"true","EventType":"INFO","ExecutionProcessID":3312,"Opcode":"Info","DestinationPort":"443","SourcePortName":"-","SourceName":"Microsoft-Windows-Sysmon","User":"NT AUTHORITY\\SYSTEM","Keywords":-9223372036854775808,"SourceHostname":"-","EventID":3,"Domain":"NT AUTHORITY","Category":"Network connection detected (rule: NetworkConnect)","@version":"1","AccountName":"SYSTEM","ProcessGuid":"{71b87c12-d259-5f84-4a00-000000000500}","host":"wec.internal.cloudapp.net","SourceIp":"172.18.39.5","SeverityValue":2,"EventTime":"2020-10-12 18:34:10","Message":"Network connection detected:\r\nRuleName: -\r\nUtcTime: 2020-10-12 22:34:08.965\r\nProcessGuid: {71b87c12-d259-5f84-4a00-000000000500}\r\nProcessId: 3164\r\nImage: C:\\Windows\\System32\\svchost.exe\r\nUser: NT AUTHORITY\\SYSTEM\r\nProtocol: tcp\r\nInitiated: true\r\nSourceIsIpv6: false\r\nSourceIp: 172.18.39.5\r\nSourceHostname: -\r\nSourcePort: 50119\r\nSourcePortName: -\r\nDestinationIsIpv6: false\r\nDestinationIp: 20.44.239.154\r\nDestinationHostname: -\r\nDestinationPort: 443\r\nDestinationPortName: -","DestinationIsIpv6":"false","SourceModuleName":"eventlog","DestinationIp":"20.44.239.154","AccountType":"User"}
{"UtcTime":"2020-10-12 22:34:08.738","RuleName":"-","@timestamp":"2020-10-12T22:34:13.640Z","port":61041,"Severity":"INFO","Task":22,"Channel":"Microsoft-Windows-Sysmon/Operational","tags":["mordorDataset"],"UserID":"S-1-5-18","SourceModuleType":"im_msvistalog","OpcodeValue":0,"EventType":"INFO","ExecutionProcessID":3312,"Opcode":"Info","RecordNumber":338490,"ThreadID":3368,"SourceName":"Microsoft-Windows-Sysmon","Keywords":-9223372036854775808,"Image":"C:\\Windows\\System32\\svchost.exe","EventID":22,"Domain":"NT AUTHORITY","Category":"Dns query (rule: DnsQuery)","Version":5,"QueryStatus":"0","ProcessId":"3164","@version":"1","AccountName":"SYSTEM","ProcessGuid":"{71b87c12-d259-5f84-4a00-000000000500}","host":"wec.internal.cloudapp.net","Hostname":"WORKSTATION5.theshire.local","EventReceivedTime":"2020-10-12 18:34:13","SeverityValue":2,"EventTime":"2020-10-12 18:34:10","ProviderGuid":"{5770385F-C22A-43E0-BF4C-06F5698FFBD9}","Message":"Dns query:\r\nRuleName: -\r\nUtcTime: 2020-10-12 22:34:08.738\r\nProcessGuid: {71b87c12-d259-5f84-4a00-000000000500}\r\nProcessId: 3164\r\nQueryName: settings-win.data.microsoft.com\r\nQueryStatus: 0\r\nQueryResults: type:  5 settingsfd-geo.trafficmanager.net;::ffff:20.44.239.154;\r\nImage: C:\\Windows\\System32\\svchost.exe","SourceModuleName":"eventlog","QueryName":"settings-win.data.microsoft.com","AccountType":"User","QueryResults":"type:  5 settingsfd-geo.trafficmanager.net;::ffff:20.44.239.154;"}
{"SourceProcessId":"924","RuleName":"-","@timestamp":"2020-10-12T22:34:14.641Z","Channel":"Microsoft-Windows-Sysmon/Operational","UserID":"S-1-5-18","TargetProcessId":"1056","CallTrace":"C:\\windows\\SYSTEM32\\ntdll.dll+9c534|C:\\windows\\SYSTEM32\\psmserviceexthost.dll+222a3|C:\\windows\\SYSTEM32\\psmserviceexthost.dll+1a172|C:\\windows\\SYSTEM32\\psmserviceexthost.dll+19e3b|C:\\windows\\SYSTEM32\\psmserviceexthost.dll+19318|C:\\windows\\SYSTEM32\\ntdll.dll+3081d|C:\\windows\\SYSTEM32\\ntdll.dll+345b4|C:\\windows\\System32\\KERNEL32.DLL+17bd4|C:\\windows\\SYSTEM32\\ntdll.dll+6ce51","RecordNumber":111673,"ThreadID":4780,"SourceProcessGUID":"{37c5a1b2-c0c9-5f84-1000-000000000400}","TargetImage":"C:\\windows\\System32\\svchost.exe","ProcessId":"924","Version":3,"Hostname":"WORKSTATION6.theshire.local","EventReceivedTime":"2020-10-12 18:34:14","ProviderGuid":"{5770385F-C22A-43E0-BF4C-06F5698FFBD9}","UtcTime":"2020-10-12 22:34:12.088","port":61041,"Severity":"INFO","tags":["mordorDataset"],"Task":10,"SourceThreadId":"4360","SourceModuleType":"im_msvistalog","OpcodeValue":0,"EventType":"INFO","ExecutionProcessID":3592,"Opcode":"Info","SourceName":"Microsoft-Windows-Sysmon","Keywords":-9223372036854775808,"EventID":10,"Domain":"NT AUTHORITY","Category":"Process accessed (rule: ProcessAccess)","@version":"1","AccountName":"SYSTEM","host":"wec.internal.cloudapp.net","SourceImage":"C:\\windows\\system32\\svchost.exe","SeverityValue":2,"EventTime":"2020-10-12 18:34:12","Message":"Process accessed:\r\nRuleName: -\r\nUtcTime: 2020-10-12 22:34:12.088\r\nSourceProcessGUID: {37c5a1b2-c0c9-5f84-1000-000000000400}\r\nSourceProcessId: 924\r\nSourceThreadId: 4360\r\nSourceImage: C:\\windows\\system32\\svchost.exe\r\nTargetProcessGUID: {37c5a1b2-c0ca-5f84-1600-000000000400}\r\nTargetProcessId: 1056\r\nTargetImage: C:\\windows\\System32\\svchost.exe\r\nGrantedAccess: 0x1000\r\nCallTrace: C:\\windows\\SYSTEM32\\ntdll.dll+9c534|C:\\windows\\SYSTEM32\\psmserviceexthost.dll+222a3|C:\\windows\\SYSTEM32\\psmserviceexthost.dll+1a172|C:\\windows\\SYSTEM32\\psmserviceexthost.dll+19e3b|C:\\windows\\SYSTEM32\\psmserviceexthost.dll+19318|C:\\windows\\SYSTEM32\\ntdll.dll+3081d|C:\\windows\\SYSTEM32\\ntdll.dll+345b4|C:\\windows\\System32\\KERNEL32.DLL+17bd4|C:\\windows\\SYSTEM32\\ntdll.dll+6ce51","SourceModuleName":"eventlog","GrantedAccess":"0x1000","AccountType":"User","TargetProcessGUID":"{37c5a1b2-c0ca-5f84-1600-000000000400}"}
{"SourceProcessId":"924","RuleName":"-","@timestamp":"2020-10-12T22:34:14.641Z","Channel":"Microsoft-Windows-Sysmon/Operational","UserID":"S-1-5-18","TargetProcessId":"1056","CallTrace":"C:\\windows\\SYSTEM32\\ntdll.dll+9c534|C:\\windows\\SYSTEM32\\psmserviceexthost.dll+222a3|C:\\windows\\SYSTEM32\\psmserviceexthost.dll+1a172|C:\\windows\\SYSTEM32\\psmserviceexthost.dll+19e3b|C:\\windows\\SYSTEM32\\psmserviceexthost.dll+19318|C:\\windows\\SYSTEM32\\ntdll.dll+3081d|C:\\windows\\SYSTEM32\\ntdll.dll+345b4|C:\\windows\\System32\\KERNEL32.DLL+17bd4|C:\\windows\\SYSTEM32\\ntdll.dll+6ce51","RecordNumber":111674,"ThreadID":4780,"SourceProcessGUID":"{37c5a1b2-c0c9-5f84-1000-000000000400}","TargetImage":"C:\\windows\\System32\\svchost.exe","ProcessId":"924","Version":3,"Hostname":"WORKSTATION6.theshire.local","EventReceivedTime":"2020-10-12 18:34:14","ProviderGuid":"{5770385F-C22A-43E0-BF4C-06F5698FFBD9}","UtcTime":"2020-10-12 22:34:12.088","port":61041,"Severity":"INFO","tags":["mordorDataset"],"Task":10,"SourceThreadId":"4360","SourceModuleType":"im_msvistalog","OpcodeValue":0,"EventType":"INFO","ExecutionProcessID":3592,"Opcode":"Info","SourceName":"Microsoft-Windows-Sysmon","Keywords":-9223372036854775808,"EventID":10,"Domain":"NT AUTHORITY","Category":"Process accessed (rule: ProcessAccess)","@version":"1","AccountName":"SYSTEM","host":"wec.internal.cloudapp.net","SourceImage":"C:\\windows\\system32\\svchost.exe","SeverityValue":2,"EventTime":"2020-10-12 18:34:12","Message":"Process accessed:\r\nRuleName: -\r\nUtcTime: 2020-10-12 22:34:12.088\r\nSourceProcessGUID: {37c5a1b2-c0c9-5f84-1000-000000000400}\r\nSourceProcessId: 924\r\nSourceThreadId: 4360\r\nSourceImage: C:\\windows\\system32\\svchost.exe\r\nTargetProcessGUID: {37c5a1b2-c0ca-5f84-1600-000000000400}\r\nTargetProcessId: 1056\r\nTargetImage: C:\\windows\\System32\\svchost.exe\r\nGrantedAccess: 0x1000\r\nCallTrace: C:\\windows\\SYSTEM32\\ntdll.dll+9c534|C:\\windows\\SYSTEM32\\psmserviceexthost.dll+222a3|C:\\windows\\SYSTEM32\\psmserviceexthost.dll+1a172|C:\\windows\\SYSTEM32\\psmserviceexthost.dll+19e3b|C:\\windows\\SYSTEM32\\psmserviceexthost.dll+19318|C:\\windows\\SYSTEM32\\ntdll.dll+3081d|C:\\windows\\SYSTEM32\\ntdll.dll+345b4|C:\\windows\\System32\\KERNEL32.DLL+17bd4|C:\\windows\\SYSTEM32\\ntdll.dll+6ce51","SourceModuleName":"eventlog","GrantedAccess":"0x1000","AccountType":"User","TargetProcessGUID":"{37c5a1b2-c0ca-5f84-1600-000000000400}"}
{"@timestamp":"2020-10-12T22:34:15.652Z","port":61041,"Severity":"INFO","Task":12810,"Channel":"Security","tags":["mordorDataset"],"LayerName":"%%14608","SourceModuleType":"im_msvistalog","OpcodeValue":0,"Application":"\\device\\harddiskvolume2\\windows\\system32\\svchost.exe","EventType":"AUDIT_SUCCESS","ExecutionProcessID":4,"Opcode":"Info","RecordNumber":60993,"ThreadID":1752,"FilterRTID":"0","SourceName":"Microsoft-Windows-Security-Auditing","LayerRTID":"36","Keywords":-9214364837600034816,"EventID":5158,"Category":"Filtering Platform Connection","ProcessId":"2928","Version":0,"@version":"1","host":"wec.internal.cloudapp.net","Hostname":"WORKSTATION6.theshire.local","SourcePort":"58397","EventReceivedTime":"2020-10-12 18:34:15","SeverityValue":2,"EventTime":"2020-10-12 18:34:13","ProviderGuid":"{54849625-5478-4994-A5BA-3E3B0328C30D}","Message":"The Windows Filtering Platform has permitted a bind to a local port.\r\n\r\nApplication Information:\r\n\tProcess ID:\t\t2928\r\n\tApplication Name:\t\\device\\harddiskvolume2\\windows\\system32\\svchost.exe\r\n\r\nNetwork Information:\r\n\tSource Address:\t\t0.0.0.0\r\n\tSource Port:\t\t58397\r\n\tProtocol:\t\t6\r\n\r\nFilter Information:\r\n\tFilter Run-Time ID:\t0\r\n\tLayer Name:\t\tResource Assignment\r\n\tLayer Run-Time ID:\t36","SourceAddress":"0.0.0.0","SourceModuleName":"eventlog","Protocol":"6"}
{"EventTypeOrignal":"INFO","RuleName":"-","@timestamp":"2020-10-12T22:34:15.652Z","port":61041,"Severity":"INFO","Task":12,"Channel":"Microsoft-Windows-Sysmon/Operational","UtcTime":"2020-10-12 22:34:13.183","UserID":"S-1-5-18","SourceModuleType":"im_msvistalog","OpcodeValue":0,"tags":["mordorDataset"],"TargetObject":"HKLM\\SOFTWARE\\Microsoft\\Windows\\CurrentVersion\\Internet Settings\\Connections","ExecutionProcessID":3592,"Opcode":"Info","RecordNumber":111675,"ThreadID":4780,"EventType":"CreateKey","SourceName":"Microsoft-Windows-Sysmon","Keywords":-9223372036854775808,"Image":"C:\\windows\\System32\\svchost.exe","EventID":12,"Domain":"NT AUTHORITY","Category":"Registry object added or deleted (rule: RegistryEvent)","Version":2,"ProcessId":"2928","@version":"1","AccountName":"SYSTEM","ProcessGuid":"{37c5a1b2-c15f-5f84-5902-000000000400}","host":"wec.internal.cloudapp.net","Hostname":"WORKSTATION6.theshire.local","EventReceivedTime":"2020-10-12 18:34:15","SeverityValue":2,"EventTime":"2020-10-12 18:34:13","ProviderGuid":"{5770385F-C22A-43E0-BF4C-06F5698FFBD9}","Message":"Registry object added or deleted:\r\nRuleName: -\r\nEventType: CreateKey\r\nUtcTime: 2020-10-12 22:34:13.183\r\nProcessGuid: {37c5a1b2-c15f-5f84-5902-000000000400}\r\nProcessId: 2928\r\nImage: C:\\windows\\System32\\svchost.exe\r\nTargetObject: HKLM\\SOFTWARE\\Microsoft\\Windows\\CurrentVersion\\Internet Settings\\Connections","SourceModuleName":"eventlog","AccountType":"User"}
{"UtcTime":"2020-10-12 22:34:13.938","RuleName":"-","@timestamp":"2020-10-12T22:34:15.653Z","port":61041,"Severity":"INFO","Task":11,"Channel":"Microsoft-Windows-Sysmon/Operational","tags":["mordorDataset"],"UserID":"S-1-5-18","SourceModuleType":"im_msvistalog","OpcodeValue":0,"EventType":"INFO","ExecutionProcessID":3984,"Opcode":"Info","RecordNumber":243368,"ThreadID":4300,"SourceName":"Microsoft-Windows-Sysmon","TargetFilename":"C:\\Windows\\ServiceState\\EventLog\\Data\\lastalive0.dat","Keywords":-9223372036854775808,"Image":"C:\\windows\\System32\\svchost.exe","EventID":11,"Domain":"NT AUTHORITY","Category":"File created (rule: FileCreate)","Version":2,"ProcessId":"1588","@version":"1","AccountName":"SYSTEM","CreationUtcTime":"2020-10-12 20:42:12.568","ProcessGuid":"{029f9482-bfa4-5f84-2300-000000000400}","host":"wec.internal.cloudapp.net","Hostname":"MORDORDC.theshire.local","EventReceivedTime":"2020-10-12 18:34:15","SeverityValue":2,"EventTime":"2020-10-12 18:34:13","ProviderGuid":"{5770385F-C22A-43E0-BF4C-06F5698FFBD9}","Message":"File created:\r\nRuleName: -\r\nUtcTime: 2020-10-12 22:34:13.938\r\nProcessGuid: {029f9482-bfa4-5f84-2300-000000000400}\r\nProcessId: 1588\r\nImage: C:\\windows\\System32\\svchost.exe\r\nTargetFilename: C:\\Windows\\ServiceState\\EventLog\\Data\\lastalive0.dat\r\nCreationUtcTime: 2020-10-12 20:42:12.568","SourceModuleName":"eventlog","AccountType":"User"}
{"@timestamp":"2020-10-12T22:34:20.677Z","port":61041,"Severity":"INFO","Task":12810,"Channel":"Security","tags":["mordorDataset"],"LayerName":"%%14608","SourceModuleType":"im_msvistalog","OpcodeValue":0,"Application":"\\device\\harddiskvolume2\\packages\\plugins\\microsoft.azure.networkwatcher.networkwatcheragentwindows\\1.4.1654.1\\networkwatcheragent\\networkwatcheragent.exe","EventType":"AUDIT_SUCCESS","ExecutionProcessID":4,"Opcode":"Info","RecordNumber":60995,"ThreadID":5396,"FilterRTID":"0","SourceName":"Microsoft-Windows-Security-Auditing","LayerRTID":"36","Keywords":-9214364837600034816,"EventID":5158,"Category":"Filtering Platform Connection","ProcessId":"3736","Version":0,"@version":"1","host":"wec.internal.cloudapp.net","Hostname":"WORKSTATION6.theshire.local","SourcePort":"58398","EventReceivedTime":"2020-10-12 18:34:20","SeverityValue":2,"EventTime":"2020-10-12 18:34:18","ProviderGuid":"{54849625-5478-4994-A5BA-3E3B0328C30D}","Message":"The Windows Filtering Platform has permitted a bind to a local port.\r\n\r\nApplication Information:\r\n\tProcess ID:\t\t3736\r\n\tApplication Name:\t\\device\\harddiskvolume2\\packages\\plugins\\microsoft.azure.networkwatcher.networkwatcheragentwindows\\1.4.1654.1\\networkwatcheragent\\networkwatcheragent.exe\r\n\r\nNetwork Information:\r\n\tSource Address:\t\t0.0.0.0\r\n\tSource Port:\t\t58398\r\n\tProtocol:\t\t6\r\n\r\nFilter Information:\r\n\tFilter Run-Time ID:\t0\r\n\tLayer Name:\t\tResource Assignment\r\n\tLayer Run-Time ID:\t36","SourceAddress":"0.0.0.0","SourceModuleName":"eventlog","Protocol":"6"}
{"@timestamp":"2020-10-12T22:34:20.677Z","port":61041,"Severity":"INFO","Task":12810,"Channel":"Security","tags":["mordorDataset"],"LayerName":"%%14611","SourceModuleType":"im_msvistalog","OpcodeValue":0,"Application":"\\device\\harddiskvolume2\\packages\\plugins\\microsoft.azure.networkwatcher.networkwatcheragentwindows\\1.4.1654.1\\networkwatcheragent\\networkwatcheragent.exe","EventType":"AUDIT_SUCCESS","ExecutionProcessID":4,"Opcode":"Info","RecordNumber":60996,"ThreadID":5396,"FilterRTID":"68738","SourceName":"Microsoft-Windows-Security-Auditing","DestPort":"8037","LayerRTID":"48","Keywords":-9214364837600034816,"EventID":5156,"Category":"Filtering Platform Connection","ProcessId":"3736","Version":1,"@version":"1","Direction":"%%14593","DestAddress":"168.63.129.16","RemoteUserID":"S-1-0-0","host":"wec.internal.cloudapp.net","Hostname":"WORKSTATION6.theshire.local","SourcePort":"58398","RemoteMachineID":"S-1-0-0","EventReceivedTime":"2020-10-12 18:34:20","SeverityValue":2,"EventTime":"2020-10-12 18:34:18","ProviderGuid":"{54849625-5478-4994-A5BA-3E3B0328C30D}","Message":"The Windows Filtering Platform has permitted a connection.\r\n\r\nApplication Information:\r\n\tProcess ID:\t\t3736\r\n\tApplication Name:\t\\device\\harddiskvolume2\\packages\\plugins\\microsoft.azure.networkwatcher.networkwatcheragentwindows\\1.4.1654.1\\networkwatcheragent\\networkwatcheragent.exe\r\n\r\nNetwork Information:\r\n\tDirection:\t\tOutbound\r\n\tSource Address:\t\t172.18.39.6\r\n\tSource Port:\t\t58398\r\n\tDestination Address:\t168.63.129.16\r\n\tDestination Port:\t\t8037\r\n\tProtocol:\t\t6\r\n\r\nFilter Information:\r\n\tFilter Run-Time ID:\t68738\r\n\tLayer Name:\t\tConnect\r\n\tLayer Run-Time ID:\t48","SourceAddress":"172.18.39.6","SourceModuleName":"eventlog","Protocol":"6"}
{"EventTypeOrignal":"INFO","RuleName":"-","@timestamp":"2020-10-12T22:34:20.678Z","port":61041,"Severity":"INFO","Task":12,"Channel":"Microsoft-Windows-Sysmon/Operational","UtcTime":"2020-10-12 22:34:18.748","UserID":"S-1-5-18","SourceModuleType":"im_msvistalog","OpcodeValue":0,"tags":["mordorDataset"],"TargetObject":"HKLM\\SOFTWARE\\Microsoft\\Windows\\CurrentVersion\\Internet Settings\\Connections","ExecutionProcessID":3312,"Opcode":"Info","RecordNumber":338491,"ThreadID":3444,"EventType":"CreateKey","SourceName":"Microsoft-Windows-Sysmon","Keywords":-9223372036854775808,"Image":"C:\\windows\\System32\\svchost.exe","EventID":12,"Domain":"NT AUTHORITY","Category":"Registry object added or deleted (rule: RegistryEvent)","Version":2,"ProcessId":"3448","@version":"1","AccountName":"SYSTEM","ProcessGuid":"{71b87c12-d259-5f84-5600-000000000500}","host":"wec.internal.cloudapp.net","Hostname":"WORKSTATION5.theshire.local","EventReceivedTime":"2020-10-12 18:34:20","SeverityValue":2,"EventTime":"2020-10-12 18:34:18","ProviderGuid":"{5770385F-C22A-43E0-BF4C-06F5698FFBD9}","Message":"Registry object added or deleted:\r\nRuleName: -\r\nEventType: CreateKey\r\nUtcTime: 2020-10-12 22:34:18.748\r\nProcessGuid: {71b87c12-d259-5f84-5600-000000000500}\r\nProcessId: 3448\r\nImage: C:\\windows\\System32\\svchost.exe\r\nTargetObject: HKLM\\SOFTWARE\\Microsoft\\Windows\\CurrentVersion\\Internet Settings\\Connections","SourceModuleName":"eventlog","AccountType":"User"}
{"@timestamp":"2020-10-12T22:34:20.679Z","port":61041,"Severity":"INFO","Task":12810,"Channel":"security","tags":["mordorDataset"],"LayerName":"%%14608","SourceModuleType":"im_msvistalog","OpcodeValue":0,"Application":"\\device\\harddiskvolume2\\windows\\system32\\svchost.exe","EventType":"AUDIT_SUCCESS","ExecutionProcessID":4,"Opcode":"Info","RecordNumber":100645,"ThreadID":5556,"FilterRTID":"0","SourceName":"Microsoft-Windows-Security-Auditing","LayerRTID":"36","Keywords":-9214364837600034816,"EventID":5158,"Category":"Filtering Platform Connection","ProcessId":"3448","Version":0,"@version":"1","host":"wec.internal.cloudapp.net","Hostname":"WORKSTATION5.theshire.local","SourcePort":"50120","EventReceivedTime":"2020-10-12 18:34:20","SeverityValue":2,"EventTime":"2020-10-12 18:34:18","ProviderGuid":"{54849625-5478-4994-A5BA-3E3B0328C30D}","Message":"The Windows Filtering Platform has permitted a bind to a local port.\r\n\r\nApplication Information:\r\n\tProcess ID:\t\t3448\r\n\tApplication Name:\t\\device\\harddiskvolume2\\windows\\system32\\svchost.exe\r\n\r\nNetwork Information:\r\n\tSource Address:\t\t0.0.0.0\r\n\tSource Port:\t\t50120\r\n\tProtocol:\t\t6\r\n\r\nFilter Information:\r\n\tFilter Run-Time ID:\t0\r\n\tLayer Name:\t\tResource Assignment\r\n\tLayer Run-Time ID:\t36","SourceAddress":"0.0.0.0","SourceModuleName":"eventlog","Protocol":"6"}
{"SourceProcessId":"68","RuleName":"-","@timestamp":"2020-10-12T22:34:20.680Z","Channel":"Microsoft-Windows-Sysmon/Operational","UserID":"S-1-5-18","TargetProcessId":"1868","CallTrace":"C:\\windows\\SYSTEM32\\ntdll.dll+9fc24|C:\\windows\\System32\\KERNELBASE.dll+6c2d5|c:\\windows\\system32\\lsm.dll+e625|C:\\windows\\System32\\RPCRT4.dll+77883|C:\\windows\\System32\\RPCRT4.dll+db4a6|C:\\windows\\System32\\RPCRT4.dll+10d50|C:\\windows\\System32\\RPCRT4.dll+54a78|C:\\windows\\System32\\RPCRT4.dll+304f0|C:\\windows\\System32\\RPCRT4.dll+2fe9b|C:\\windows\\System32\\RPCRT4.dll+2222f|C:\\windows\\System32\\RPCRT4.dll+2168a|C:\\windows\\System32\\RPCRT4.dll+20c51|C:\\windows\\System32\\RPCRT4.dll+206c2|C:\\windows\\System32\\RPCRT4.dll+17495|C:\\windows\\SYSTEM32\\ntdll.dll+4f4d0|C:\\windows\\SYSTEM32\\ntdll.dll+50358|C:\\windows\\System32\\KERNEL32.DLL+17974|C:\\windows\\SYSTEM32\\ntdll.dll+6a271","RecordNumber":243369,"ThreadID":4300,"SourceProcessGUID":"{029f9482-bfa2-5f84-1000-000000000400}","TargetImage":"C:\\windows\\System32\\svchost.exe","ProcessId":"68","Version":3,"Hostname":"MORDORDC.theshire.local","EventReceivedTime":"2020-10-12 18:34:20","ProviderGuid":"{5770385F-C22A-43E0-BF4C-06F5698FFBD9}","UtcTime":"2020-10-12 22:34:19.360","port":61041,"Severity":"INFO","tags":["mordorDataset"],"Task":10,"SourceThreadId":"3304","SourceModuleType":"im_msvistalog","OpcodeValue":0,"EventType":"INFO","ExecutionProcessID":3984,"Opcode":"Info","SourceName":"Microsoft-Windows-Sysmon","Keywords":-9223372036854775808,"EventID":10,"Domain":"NT AUTHORITY","Category":"Process accessed (rule: ProcessAccess)","@version":"1","AccountName":"SYSTEM","host":"wec.internal.cloudapp.net","SourceImage":"C:\\windows\\system32\\svchost.exe","SeverityValue":2,"EventTime":"2020-10-12 18:34:19","Message":"Process accessed:\r\nRuleName: -\r\nUtcTime: 2020-10-12 22:34:19.360\r\nSourceProcessGUID: {029f9482-bfa2-5f84-1000-000000000400}\r\nSourceProcessId: 68\r\nSourceThreadId: 3304\r\nSourceImage: C:\\windows\\system32\\svchost.exe\r\nTargetProcessGUID: {029f9482-bfa4-5f84-2900-000000000400}\r\nTargetProcessId: 1868\r\nTargetImage: C:\\windows\\System32\\svchost.exe\r\nGrantedAccess: 0x1000\r\nCallTrace: C:\\windows\\SYSTEM32\\ntdll.dll+9fc24|C:\\windows\\System32\\KERNELBASE.dll+6c2d5|c:\\windows\\system32\\lsm.dll+e625|C:\\windows\\System32\\RPCRT4.dll+77883|C:\\windows\\System32\\RPCRT4.dll+db4a6|C:\\windows\\System32\\RPCRT4.dll+10d50|C:\\windows\\System32\\RPCRT4.dll+54a78|C:\\windows\\System32\\RPCRT4.dll+304f0|C:\\windows\\System32\\RPCRT4.dll+2fe9b|C:\\windows\\System32\\RPCRT4.dll+2222f|C:\\windows\\System32\\RPCRT4.dll+2168a|C:\\windows\\System32\\RPCRT4.dll+20c51|C:\\windows\\System32\\RPCRT4.dll+206c2|C:\\windows\\System32\\RPCRT4.dll+17495|C:\\windows\\SYSTEM32\\ntdll.dll+4f4d0|C:\\windows\\SYSTEM32\\ntdll.dll+50358|C:\\windows\\System32\\KERNEL32.DLL+17974|C:\\windows\\SYSTEM32\\ntdll.dll+6a271","SourceModuleName":"eventlog","GrantedAccess":"0x1000","AccountType":"User","TargetProcessGUID":"{029f9482-bfa4-5f84-2900-000000000400}"}
{"SourceProcessId":"0x6d8","@timestamp":"2020-10-12T22:34:20.680Z","port":61041,"Severity":"INFO","Task":12807,"Channel":"Security","tags":["mordorDataset"],"SourceModuleType":"im_msvistalog","OpcodeValue":0,"TargetProcessId":"0x4","EventType":"AUDIT_SUCCESS","ExecutionProcessID":4,"Opcode":"Info","RecordNumber":202297,"ThreadID":1452,"SubjectDomainName":"THESHIRE","SubjectLogonId":"0x3e7","SourceName":"Microsoft-Windows-Security-Auditing","TargetHandleId":"0x1b54","Keywords":-9214364837600034816,"EventID":4690,"Category":"Handle Manipulation","SourceHandleId":"0x200","Version":0,"ProcessId":"0x6d8","@version":"1","host":"wec.internal.cloudapp.net","Hostname":"MORDORDC.theshire.local","EventReceivedTime":"2020-10-12 18:34:20","SeverityValue":2,"EventTime":"2020-10-12 18:34:19","ProviderGuid":"{54849625-5478-4994-A5BA-3E3B0328C30D}","Message":"An attempt was made to duplicate a handle to an object.\r\n\r\nSubject:\r\n\tSecurity ID:\t\tS-1-5-18\r\n\tAccount Name:\t\tMORDORDC$\r\n\tAccount Domain:\t\tTHESHIRE\r\n\tLogon ID:\t\t0x3E7\r\n\r\nSource Handle Information:\r\n\tSource Handle ID:\t0x200\r\n\tSource Process ID:\t0x6d8\r\n\r\nNew Handle Information:\r\n\tTarget Handle ID:\t0x1b54\r\n\tTarget Process ID:\t0x4","SubjectUserName":"MORDORDC$","SourceModuleName":"eventlog","SubjectUserSid":"S-1-5-18"}
{"@timestamp":"2020-10-12T22:34:20.681Z","port":61041,"Severity":"INFO","Task":12801,"Channel":"Security","tags":["mordorDataset"],"SourceModuleType":"im_msvistalog","OpcodeValue":0,"EventType":"AUDIT_SUCCESS","ExecutionProcessID":4,"Opcode":"Info","RecordNumber":202298,"ThreadID":1452,"SubjectDomainName":"THESHIRE","SubjectLogonId":"0x3e7","SourceName":"Microsoft-Windows-Security-Auditing","Keywords":-9214364837600034816,"HandleId":"0x1b54","EventID":4658,"Category":"Registry","ProcessId":"0x6d8","Version":0,"@version":"1","host":"wec.internal.cloudapp.net","Hostname":"MORDORDC.theshire.local","ProcessName":"C:\\Windows\\System32\\svchost.exe","ObjectServer":"Security","EventReceivedTime":"2020-10-12 18:34:20","SeverityValue":2,"EventTime":"2020-10-12 18:34:19","ProviderGuid":"{54849625-5478-4994-A5BA-3E3B0328C30D}","Message":"The handle to an object was closed.\r\n\r\nSubject :\r\n\tSecurity ID:\t\tS-1-5-18\r\n\tAccount Name:\t\tMORDORDC$\r\n\tAccount Domain:\t\tTHESHIRE\r\n\tLogon ID:\t\t0x3E7\r\n\r\nObject:\r\n\tObject Server:\t\tSecurity\r\n\tHandle ID:\t\t0x1b54\r\n\r\nProcess Information:\r\n\tProcess ID:\t\t0x6d8\r\n\tProcess Name:\t\tC:\\Windows\\System32\\svchost.exe","SubjectUserName":"MORDORDC$","SourceModuleName":"eventlog","SubjectUserSid":"S-1-5-18"}
{"SourceProcessId":"68","RuleName":"-","@timestamp":"2020-10-12T22:34:20.681Z","Channel":"Microsoft-Windows-Sysmon/Operational","UserID":"S-1-5-18","TargetProcessId":"1868","CallTrace":"C:\\windows\\SYSTEM32\\ntdll.dll+9fc24|C:\\windows\\System32\\KERNELBASE.dll+6c2d5|c:\\windows\\system32\\lsm.dll+eca0|C:\\windows\\System32\\RPCRT4.dll+77883|C:\\windows\\System32\\RPCRT4.dll+db4a6|C:\\windows\\System32\\RPCRT4.dll+10d50|C:\\windows\\System32\\RPCRT4.dll+54a78|C:\\windows\\System32\\RPCRT4.dll+304f0|C:\\windows\\System32\\RPCRT4.dll+2fe9b|C:\\windows\\System32\\RPCRT4.dll+2222f|C:\\windows\\System32\\RPCRT4.dll+2168a|C:\\windows\\System32\\RPCRT4.dll+20c51|C:\\windows\\System32\\RPCRT4.dll+206c2|C:\\windows\\System32\\RPCRT4.dll+17495|C:\\windows\\SYSTEM32\\ntdll.dll+4f4d0|C:\\windows\\SYSTEM32\\ntdll.dll+50358|C:\\windows\\System32\\KERNEL32.DLL+17974|C:\\windows\\SYSTEM32\\ntdll.dll+6a271","RecordNumber":243370,"ThreadID":4300,"SourceProcessGUID":"{029f9482-bfa2-5f84-1000-000000000400}","TargetImage":"C:\\windows\\System32\\svchost.exe","ProcessId":"68","Version":3,"Hostname":"MORDORDC.theshire.local","EventReceivedTime":"2020-10-12 18:34:20","ProviderGuid":"{5770385F-C22A-43E0-BF4C-06F5698FFBD9}","UtcTime":"2020-10-12 22:34:19.360","port":61041,"Severity":"INFO","tags":["mordorDataset"],"Task":10,"SourceThreadId":"3304","SourceModuleType":"im_msvistalog","OpcodeValue":0,"EventType":"INFO","ExecutionProcessID":3984,"Opcode":"Info","SourceName":"Microsoft-Windows-Sysmon","Keywords":-9223372036854775808,"EventID":10,"Domain":"NT AUTHORITY","Category":"Process accessed (rule: ProcessAccess)","@version":"1","AccountName":"SYSTEM","host":"wec.internal.cloudapp.net","SourceImage":"C:\\windows\\system32\\svchost.exe","SeverityValue":2,"EventTime":"2020-10-12 18:34:19","Message":"Process accessed:\r\nRuleName: -\r\nUtcTime: 2020-10-12 22:34:19.360\r\nSourceProcessGUID: {029f9482-bfa2-5f84-1000-000000000400}\r\nSourceProcessId: 68\r\nSourceThreadId: 3304\r\nSourceImage: C:\\windows\\system32\\svchost.exe\r\nTargetProcessGUID: {029f9482-bfa4-5f84-2900-000000000400}\r\nTargetProcessId: 1868\r\nTargetImage: C:\\windows\\System32\\svchost.exe\r\nGrantedAccess: 0x1000\r\nCallTrace: C:\\windows\\SYSTEM32\\ntdll.dll+9fc24|C:\\windows\\System32\\KERNELBASE.dll+6c2d5|c:\\windows\\system32\\lsm.dll+eca0|C:\\windows\\System32\\RPCRT4.dll+77883|C:\\windows\\System32\\RPCRT4.dll+db4a6|C:\\windows\\System32\\RPCRT4.dll+10d50|C:\\windows\\System32\\RPCRT4.dll+54a78|C:\\windows\\System32\\RPCRT4.dll+304f0|C:\\windows\\System32\\RPCRT4.dll+2fe9b|C:\\windows\\System32\\RPCRT4.dll+2222f|C:\\windows\\System32\\RPCRT4.dll+2168a|C:\\windows\\System32\\RPCRT4.dll+20c51|C:\\windows\\System32\\RPCRT4.dll+206c2|C:\\windows\\System32\\RPCRT4.dll+17495|C:\\windows\\SYSTEM32\\ntdll.dll+4f4d0|C:\\windows\\SYSTEM32\\ntdll.dll+50358|C:\\windows\\System32\\KERNEL32.DLL+17974|C:\\windows\\SYSTEM32\\ntdll.dll+6a271","SourceModuleName":"eventlog","GrantedAccess":"0x1000","AccountType":"User","TargetProcessGUID":"{029f9482-bfa4-5f84-2900-000000000400}"}
{"SourceProcessId":"68","RuleName":"-","@timestamp":"2020-10-12T22:34:20.682Z","Channel":"Microsoft-Windows-Sysmon/Operational","UserID":"S-1-5-18","TargetProcessId":"1868","CallTrace":"C:\\windows\\SYSTEM32\\ntdll.dll+9fc24|C:\\windows\\System32\\KERNELBASE.dll+6c2d5|c:\\windows\\system32\\lsm.dll+eafe|C:\\windows\\System32\\RPCRT4.dll+77883|C:\\windows\\System32\\RPCRT4.dll+db4a6|C:\\windows\\System32\\RPCRT4.dll+10d50|C:\\windows\\System32\\RPCRT4.dll+54a78|C:\\windows\\System32\\RPCRT4.dll+304f0|C:\\windows\\System32\\RPCRT4.dll+2fe9b|C:\\windows\\System32\\RPCRT4.dll+2222f|C:\\windows\\System32\\RPCRT4.dll+2168a|C:\\windows\\System32\\RPCRT4.dll+20c51|C:\\windows\\System32\\RPCRT4.dll+206c2|C:\\windows\\System32\\RPCRT4.dll+17495|C:\\windows\\SYSTEM32\\ntdll.dll+4f4d0|C:\\windows\\SYSTEM32\\ntdll.dll+50358|C:\\windows\\System32\\KERNEL32.DLL+17974|C:\\windows\\SYSTEM32\\ntdll.dll+6a271","RecordNumber":243371,"ThreadID":4300,"SourceProcessGUID":"{029f9482-bfa2-5f84-1000-000000000400}","TargetImage":"C:\\windows\\System32\\svchost.exe","ProcessId":"68","Version":3,"Hostname":"MORDORDC.theshire.local","EventReceivedTime":"2020-10-12 18:34:20","ProviderGuid":"{5770385F-C22A-43E0-BF4C-06F5698FFBD9}","UtcTime":"2020-10-12 22:34:19.360","port":61041,"Severity":"INFO","tags":["mordorDataset"],"Task":10,"SourceThreadId":"3304","SourceModuleType":"im_msvistalog","OpcodeValue":0,"EventType":"INFO","ExecutionProcessID":3984,"Opcode":"Info","SourceName":"Microsoft-Windows-Sysmon","Keywords":-9223372036854775808,"EventID":10,"Domain":"NT AUTHORITY","Category":"Process accessed (rule: ProcessAccess)","@version":"1","AccountName":"SYSTEM","host":"wec.internal.cloudapp.net","SourceImage":"C:\\windows\\system32\\svchost.exe","SeverityValue":2,"EventTime":"2020-10-12 18:34:19","Message":"Process accessed:\r\nRuleName: -\r\nUtcTime: 2020-10-12 22:34:19.360\r\nSourceProcessGUID: {029f9482-bfa2-5f84-1000-000000000400}\r\nSourceProcessId: 68\r\nSourceThreadId: 3304\r\nSourceImage: C:\\windows\\system32\\svchost.exe\r\nTargetProcessGUID: {029f9482-bfa4-5f84-2900-000000000400}\r\nTargetProcessId: 1868\r\nTargetImage: C:\\windows\\System32\\svchost.exe\r\nGrantedAccess: 0x1000\r\nCallTrace: C:\\windows\\SYSTEM32\\ntdll.dll+9fc24|C:\\windows\\System32\\KERNELBASE.dll+6c2d5|c:\\windows\\system32\\lsm.dll+eafe|C:\\windows\\System32\\RPCRT4.dll+77883|C:\\windows\\System32\\RPCRT4.dll+db4a6|C:\\windows\\System32\\RPCRT4.dll+10d50|C:\\windows\\System32\\RPCRT4.dll+54a78|C:\\windows\\System32\\RPCRT4.dll+304f0|C:\\windows\\System32\\RPCRT4.dll+2fe9b|C:\\windows\\System32\\RPCRT4.dll+2222f|C:\\windows\\System32\\RPCRT4.dll+2168a|C:\\windows\\System32\\RPCRT4.dll+20c51|C:\\windows\\System32\\RPCRT4.dll+206c2|C:\\windows\\System32\\RPCRT4.dll+17495|C:\\windows\\SYSTEM32\\ntdll.dll+4f4d0|C:\\windows\\SYSTEM32\\ntdll.dll+50358|C:\\windows\\System32\\KERNEL32.DLL+17974|C:\\windows\\SYSTEM32\\ntdll.dll+6a271","SourceModuleName":"eventlog","GrantedAccess":"0x1000","AccountType":"User","TargetProcessGUID":"{029f9482-bfa4-5f84-2900-000000000400}"}
{"@timestamp":"2020-10-12T22:34:20.682Z","AccessReason":"-","Channel":"Security","SubjectDomainName":"THESHIRE","RecordNumber":202299,"ThreadID":1452,"SubjectLogonId":"0x3e7","TransactionId":"{00000000-0000-0000-0000-000000000000}","ObjectName":"\\REGISTRY\\MACHINE\\SOFTWARE\\Microsoft\\Windows NT\\CurrentVersion\\Winlogon","ProcessId":"0x6d8","Version":1,"Hostname":"MORDORDC.theshire.local","EventReceivedTime":"2020-10-12 18:34:20","ProviderGuid":"{54849625-5478-4994-A5BA-3E3B0328C30D}","SubjectUserName":"MORDORDC$","RestrictedSidCount":"0","port":61041,"Severity":"INFO","ResourceAttributes":"-","Task":12801,"tags":["mordorDataset"],"SourceModuleType":"im_msvistalog","OpcodeValue":0,"EventType":"AUDIT_SUCCESS","ExecutionProcessID":4,"Opcode":"Info","ObjectType":"Key","SourceName":"Microsoft-Windows-Security-Auditing","Keywords":-9214364837600034816,"AccessList":"%%1538\r\n\t\t\t\t%%4432\r\n\t\t\t\t%%4435\r\n\t\t\t\t%%4436\r\n\t\t\t\t","HandleId":"0x200","EventID":4656,"Category":"Registry","@version":"1","host":"wec.internal.cloudapp.net","AccessMask":"0x20019","ObjectServer":"Security","ProcessName":"C:\\Windows\\System32\\svchost.exe","SeverityValue":2,"EventTime":"2020-10-12 18:34:19","Message":"A handle to an object was requested.\r\n\r\nSubject:\r\n\tSecurity ID:\t\tS-1-5-18\r\n\tAccount Name:\t\tMORDORDC$\r\n\tAccount Domain:\t\tTHESHIRE\r\n\tLogon ID:\t\t0x3E7\r\n\r\nObject:\r\n\tObject Server:\t\tSecurity\r\n\tObject Type:\t\tKey\r\n\tObject Name:\t\t\\REGISTRY\\MACHINE\\SOFTWARE\\Microsoft\\Windows NT\\CurrentVersion\\Winlogon\r\n\tHandle ID:\t\t0x200\r\n\tResource Attributes:\t-\r\n\r\nProcess Information:\r\n\tProcess ID:\t\t0x6d8\r\n\tProcess Name:\t\tC:\\Windows\\System32\\svchost.exe\r\n\r\nAccess Request Information:\r\n\tTransaction ID:\t\t{00000000-0000-0000-0000-000000000000}\r\n\tAccesses:\t\tREAD_CONTROL\r\n\t\t\t\tQuery key value\r\n\t\t\t\tEnumerate sub-keys\r\n\t\t\t\tNotify about changes to keys\r\n\t\t\t\t\r\n\tAccess Reasons:\t\t-\r\n\tAccess Mask:\t\t0x20019\r\n\tPrivileges Used for Access Check:\t-\r\n\tRestricted SID Count:\t0","PrivilegeList":"-","SourceModuleName":"eventlog","SubjectUserSid":"S-1-5-18"}
{"SourceProcessId":"68","RuleName":"-","@timestamp":"2020-10-12T22:34:20.683Z","Channel":"Microsoft-Windows-Sysmon/Operational","UserID":"S-1-5-18","TargetProcessId":"1868","CallTrace":"C:\\windows\\SYSTEM32\\ntdll.dll+9fc24|C:\\windows\\System32\\KERNELBASE.dll+6c2d5|c:\\windows\\system32\\lsm.dll+e625|C:\\windows\\System32\\RPCRT4.dll+77883|C:\\windows\\System32\\RPCRT4.dll+db4a6|C:\\windows\\System32\\RPCRT4.dll+10d50|C:\\windows\\System32\\RPCRT4.dll+54a78|C:\\windows\\System32\\RPCRT4.dll+304f0|C:\\windows\\System32\\RPCRT4.dll+2fe9b|C:\\windows\\System32\\RPCRT4.dll+2222f|C:\\windows\\System32\\RPCRT4.dll+2168a|C:\\windows\\System32\\RPCRT4.dll+20c51|C:\\windows\\System32\\RPCRT4.dll+206c2|C:\\windows\\System32\\RPCRT4.dll+17495|C:\\windows\\SYSTEM32\\ntdll.dll+4f4d0|C:\\windows\\SYSTEM32\\ntdll.dll+50358|C:\\windows\\System32\\KERNEL32.DLL+17974|C:\\windows\\SYSTEM32\\ntdll.dll+6a271","RecordNumber":243372,"ThreadID":4300,"SourceProcessGUID":"{029f9482-bfa2-5f84-1000-000000000400}","TargetImage":"C:\\windows\\System32\\svchost.exe","ProcessId":"68","Version":3,"Hostname":"MORDORDC.theshire.local","EventReceivedTime":"2020-10-12 18:34:20","ProviderGuid":"{5770385F-C22A-43E0-BF4C-06F5698FFBD9}","UtcTime":"2020-10-12 22:34:19.360","port":61041,"Severity":"INFO","tags":["mordorDataset"],"Task":10,"SourceThreadId":"3304","SourceModuleType":"im_msvistalog","OpcodeValue":0,"EventType":"INFO","ExecutionProcessID":3984,"Opcode":"Info","SourceName":"Microsoft-Windows-Sysmon","Keywords":-9223372036854775808,"EventID":10,"Domain":"NT AUTHORITY","Category":"Process accessed (rule: ProcessAccess)","@version":"1","AccountName":"SYSTEM","host":"wec.internal.cloudapp.net","SourceImage":"C:\\windows\\system32\\svchost.exe","SeverityValue":2,"EventTime":"2020-10-12 18:34:19","Message":"Process accessed:\r\nRuleName: -\r\nUtcTime: 2020-10-12 22:34:19.360\r\nSourceProcessGUID: {029f9482-bfa2-5f84-1000-000000000400}\r\nSourceProcessId: 68\r\nSourceThreadId: 3304\r\nSourceImage: C:\\windows\\system32\\svchost.exe\r\nTargetProcessGUID: {029f9482-bfa4-5f84-2900-000000000400}\r\nTargetProcessId: 1868\r\nTargetImage: C:\\windows\\System32\\svchost.exe\r\nGrantedAccess: 0x1000\r\nCallTrace: C:\\windows\\SYSTEM32\\ntdll.dll+9fc24|C:\\windows\\System32\\KERNELBASE.dll+6c2d5|c:\\windows\\system32\\lsm.dll+e625|C:\\windows\\System32\\RPCRT4.dll+77883|C:\\windows\\System32\\RPCRT4.dll+db4a6|C:\\windows\\System32\\RPCRT4.dll+10d50|C:\\windows\\System32\\RPCRT4.dll+54a78|C:\\windows\\System32\\RPCRT4.dll+304f0|C:\\windows\\System32\\RPCRT4.dll+2fe9b|C:\\windows\\System32\\RPCRT4.dll+2222f|C:\\windows\\System32\\RPCRT4.dll+2168a|C:\\windows\\System32\\RPCRT4.dll+20c51|C:\\windows\\System32\\RPCRT4.dll+206c2|C:\\windows\\System32\\RPCRT4.dll+17495|C:\\windows\\SYSTEM32\\ntdll.dll+4f4d0|C:\\windows\\SYSTEM32\\ntdll.dll+50358|C:\\windows\\System32\\KERNEL32.DLL+17974|C:\\windows\\SYSTEM32\\ntdll.dll+6a271","SourceModuleName":"eventlog","GrantedAccess":"0x1000","AccountType":"User","TargetProcessGUID":"{029f9482-bfa4-5f84-2900-000000000400}"}
{"@timestamp":"2020-10-12T22:34:20.683Z","port":61041,"Severity":"INFO","Task":12801,"Channel":"Security","ResourceAttributes":"-","SourceModuleType":"im_msvistalog","tags":["mordorDataset"],"OpcodeValue":0,"EventType":"AUDIT_SUCCESS","ExecutionProcessID":4,"Opcode":"Info","RecordNumber":202300,"ThreadID":1452,"SubjectDomainName":"THESHIRE","SubjectLogonId":"0x3e7","SourceName":"Microsoft-Windows-Security-Auditing","ObjectType":"Key","Keywords":-9214364837600034816,"AccessList":"%%4432\r\n\t\t\t\t","HandleId":"0x200","EventID":4663,"Category":"Registry","ObjectName":"\\REGISTRY\\MACHINE\\SOFTWARE\\Microsoft\\Windows NT\\CurrentVersion\\Winlogon","Version":1,"ProcessId":"0x6d8","@version":"1","host":"wec.internal.cloudapp.net","Hostname":"MORDORDC.theshire.local","AccessMask":"0x1","ObjectServer":"Security","ProcessName":"C:\\Windows\\System32\\svchost.exe","EventReceivedTime":"2020-10-12 18:34:20","SeverityValue":2,"EventTime":"2020-10-12 18:34:19","ProviderGuid":"{54849625-5478-4994-A5BA-3E3B0328C30D}","Message":"An attempt was made to access an object.\r\n\r\nSubject:\r\n\tSecurity ID:\t\tS-1-5-18\r\n\tAccount Name:\t\tMORDORDC$\r\n\tAccount Domain:\t\tTHESHIRE\r\n\tLogon ID:\t\t0x3E7\r\n\r\nObject:\r\n\tObject Server:\t\tSecurity\r\n\tObject Type:\t\tKey\r\n\tObject Name:\t\t\\REGISTRY\\MACHINE\\SOFTWARE\\Microsoft\\Windows NT\\CurrentVersion\\Winlogon\r\n\tHandle ID:\t\t0x200\r\n\tResource Attributes:\t-\r\n\r\nProcess Information:\r\n\tProcess ID:\t\t0x6d8\r\n\tProcess Name:\t\tC:\\Windows\\System32\\svchost.exe\r\n\r\nAccess Request Information:\r\n\tAccesses:\t\tQuery key value\r\n\t\t\t\t\r\n\tAccess Mask:\t\t0x1","SubjectUserName":"MORDORDC$","SourceModuleName":"eventlog","SubjectUserSid":"S-1-5-18"}
{"@timestamp":"2020-10-12T22:34:20.684Z","port":61041,"Severity":"INFO","Task":12801,"Channel":"Security","tags":["mordorDataset"],"SourceModuleType":"im_msvistalog","OpcodeValue":0,"EventType":"AUDIT_SUCCESS","ExecutionProcessID":4,"Opcode":"Info","RecordNumber":202301,"ThreadID":1452,"SubjectDomainName":"THESHIRE","SubjectLogonId":"0x3e7","SourceName":"Microsoft-Windows-Security-Auditing","Keywords":-9214364837600034816,"HandleId":"0x200","EventID":4658,"Category":"Registry","ProcessId":"0x6d8","Version":0,"@version":"1","host":"wec.internal.cloudapp.net","Hostname":"MORDORDC.theshire.local","ProcessName":"C:\\Windows\\System32\\svchost.exe","ObjectServer":"Security","EventReceivedTime":"2020-10-12 18:34:20","SeverityValue":2,"EventTime":"2020-10-12 18:34:19","ProviderGuid":"{54849625-5478-4994-A5BA-3E3B0328C30D}","Message":"The handle to an object was closed.\r\n\r\nSubject :\r\n\tSecurity ID:\t\tS-1-5-18\r\n\tAccount Name:\t\tMORDORDC$\r\n\tAccount Domain:\t\tTHESHIRE\r\n\tLogon ID:\t\t0x3E7\r\n\r\nObject:\r\n\tObject Server:\t\tSecurity\r\n\tHandle ID:\t\t0x200\r\n\r\nProcess Information:\r\n\tProcess ID:\t\t0x6d8\r\n\tProcess Name:\t\tC:\\Windows\\System32\\svchost.exe","SubjectUserName":"MORDORDC$","SourceModuleName":"eventlog","SubjectUserSid":"S-1-5-18"}
{"SourceProcessId":"68","RuleName":"-","@timestamp":"2020-10-12T22:34:20.684Z","Channel":"Microsoft-Windows-Sysmon/Operational","UserID":"S-1-5-18","TargetProcessId":"1868","CallTrace":"C:\\windows\\SYSTEM32\\ntdll.dll+9fc24|C:\\windows\\System32\\KERNELBASE.dll+6c2d5|c:\\windows\\system32\\lsm.dll+eca0|C:\\windows\\System32\\RPCRT4.dll+77883|C:\\windows\\System32\\RPCRT4.dll+db4a6|C:\\windows\\System32\\RPCRT4.dll+10d50|C:\\windows\\System32\\RPCRT4.dll+54a78|C:\\windows\\System32\\RPCRT4.dll+304f0|C:\\windows\\System32\\RPCRT4.dll+2fe9b|C:\\windows\\System32\\RPCRT4.dll+2222f|C:\\windows\\System32\\RPCRT4.dll+2168a|C:\\windows\\System32\\RPCRT4.dll+20c51|C:\\windows\\System32\\RPCRT4.dll+206c2|C:\\windows\\System32\\RPCRT4.dll+17495|C:\\windows\\SYSTEM32\\ntdll.dll+4f4d0|C:\\windows\\SYSTEM32\\ntdll.dll+50358|C:\\windows\\System32\\KERNEL32.DLL+17974|C:\\windows\\SYSTEM32\\ntdll.dll+6a271","RecordNumber":243373,"ThreadID":4300,"SourceProcessGUID":"{029f9482-bfa2-5f84-1000-000000000400}","TargetImage":"C:\\windows\\System32\\svchost.exe","ProcessId":"68","Version":3,"Hostname":"MORDORDC.theshire.local","EventReceivedTime":"2020-10-12 18:34:20","ProviderGuid":"{5770385F-C22A-43E0-BF4C-06F5698FFBD9}","UtcTime":"2020-10-12 22:34:19.360","port":61041,"Severity":"INFO","tags":["mordorDataset"],"Task":10,"SourceThreadId":"3304","SourceModuleType":"im_msvistalog","OpcodeValue":0,"EventType":"INFO","ExecutionProcessID":3984,"Opcode":"Info","SourceName":"Microsoft-Windows-Sysmon","Keywords":-9223372036854775808,"EventID":10,"Domain":"NT AUTHORITY","Category":"Process accessed (rule: ProcessAccess)","@version":"1","AccountName":"SYSTEM","host":"wec.internal.cloudapp.net","SourceImage":"C:\\windows\\system32\\svchost.exe","SeverityValue":2,"EventTime":"2020-10-12 18:34:19","Message":"Process accessed:\r\nRuleName: -\r\nUtcTime: 2020-10-12 22:34:19.360\r\nSourceProcessGUID: {029f9482-bfa2-5f84-1000-000000000400}\r\nSourceProcessId: 68\r\nSourceThreadId: 3304\r\nSourceImage: C:\\windows\\system32\\svchost.exe\r\nTargetProcessGUID: {029f9482-bfa4-5f84-2900-000000000400}\r\nTargetProcessId: 1868\r\nTargetImage: C:\\windows\\System32\\svchost.exe\r\nGrantedAccess: 0x1000\r\nCallTrace: C:\\windows\\SYSTEM32\\ntdll.dll+9fc24|C:\\windows\\System32\\KERNELBASE.dll+6c2d5|c:\\windows\\system32\\lsm.dll+eca0|C:\\windows\\System32\\RPCRT4.dll+77883|C:\\windows\\System32\\RPCRT4.dll+db4a6|C:\\windows\\System32\\RPCRT4.dll+10d50|C:\\windows\\System32\\RPCRT4.dll+54a78|C:\\windows\\System32\\RPCRT4.dll+304f0|C:\\windows\\System32\\RPCRT4.dll+2fe9b|C:\\windows\\System32\\RPCRT4.dll+2222f|C:\\windows\\System32\\RPCRT4.dll+2168a|C:\\windows\\System32\\RPCRT4.dll+20c51|C:\\windows\\System32\\RPCRT4.dll+206c2|C:\\windows\\System32\\RPCRT4.dll+17495|C:\\windows\\SYSTEM32\\ntdll.dll+4f4d0|C:\\windows\\SYSTEM32\\ntdll.dll+50358|C:\\windows\\System32\\KERNEL32.DLL+17974|C:\\windows\\SYSTEM32\\ntdll.dll+6a271","SourceModuleName":"eventlog","GrantedAccess":"0x1000","AccountType":"User","TargetProcessGUID":"{029f9482-bfa4-5f84-2900-000000000400}"}
{"SourceProcessId":"0x6d8","@timestamp":"2020-10-12T22:34:20.685Z","port":61041,"Severity":"INFO","Task":12807,"Channel":"Security","tags":["mordorDataset"],"SourceModuleType":"im_msvistalog","OpcodeValue":0,"TargetProcessId":"0x4","EventType":"AUDIT_SUCCESS","ExecutionProcessID":4,"Opcode":"Info","RecordNumber":202302,"ThreadID":1452,"SubjectDomainName":"THESHIRE","SubjectLogonId":"0x3e7","SourceName":"Microsoft-Windows-Security-Auditing","TargetHandleId":"0x1d10","Keywords":-9214364837600034816,"EventID":4690,"Category":"Handle Manipulation","SourceHandleId":"0x2f4","Version":0,"ProcessId":"0x6d8","@version":"1","host":"wec.internal.cloudapp.net","Hostname":"MORDORDC.theshire.local","EventReceivedTime":"2020-10-12 18:34:20","SeverityValue":2,"EventTime":"2020-10-12 18:34:19","ProviderGuid":"{54849625-5478-4994-A5BA-3E3B0328C30D}","Message":"An attempt was made to duplicate a handle to an object.\r\n\r\nSubject:\r\n\tSecurity ID:\t\tS-1-5-18\r\n\tAccount Name:\t\tMORDORDC$\r\n\tAccount Domain:\t\tTHESHIRE\r\n\tLogon ID:\t\t0x3E7\r\n\r\nSource Handle Information:\r\n\tSource Handle ID:\t0x2f4\r\n\tSource Process ID:\t0x6d8\r\n\r\nNew Handle Information:\r\n\tTarget Handle ID:\t0x1d10\r\n\tTarget Process ID:\t0x4","SubjectUserName":"MORDORDC$","SourceModuleName":"eventlog","SubjectUserSid":"S-1-5-18"}
{"SourceProcessId":"68","RuleName":"-","@timestamp":"2020-10-12T22:34:20.685Z","Channel":"Microsoft-Windows-Sysmon/Operational","UserID":"S-1-5-18","TargetProcessId":"1868","CallTrace":"C:\\windows\\SYSTEM32\\ntdll.dll+9fc24|C:\\windows\\System32\\KERNELBASE.dll+6c2d5|c:\\windows\\system32\\lsm.dll+eafe|C:\\windows\\System32\\RPCRT4.dll+77883|C:\\windows\\System32\\RPCRT4.dll+db4a6|C:\\windows\\System32\\RPCRT4.dll+10d50|C:\\windows\\System32\\RPCRT4.dll+54a78|C:\\windows\\System32\\RPCRT4.dll+304f0|C:\\windows\\System32\\RPCRT4.dll+2fe9b|C:\\windows\\System32\\RPCRT4.dll+2222f|C:\\windows\\System32\\RPCRT4.dll+2168a|C:\\windows\\System32\\RPCRT4.dll+20c51|C:\\windows\\System32\\RPCRT4.dll+206c2|C:\\windows\\System32\\RPCRT4.dll+17495|C:\\windows\\SYSTEM32\\ntdll.dll+4f4d0|C:\\windows\\SYSTEM32\\ntdll.dll+50358|C:\\windows\\System32\\KERNEL32.DLL+17974|C:\\windows\\SYSTEM32\\ntdll.dll+6a271","RecordNumber":243374,"ThreadID":4300,"SourceProcessGUID":"{029f9482-bfa2-5f84-1000-000000000400}","TargetImage":"C:\\windows\\System32\\svchost.exe","ProcessId":"68","Version":3,"Hostname":"MORDORDC.theshire.local","EventReceivedTime":"2020-10-12 18:34:20","ProviderGuid":"{5770385F-C22A-43E0-BF4C-06F5698FFBD9}","UtcTime":"2020-10-12 22:34:19.360","port":61041,"Severity":"INFO","tags":["mordorDataset"],"Task":10,"SourceThreadId":"3304","SourceModuleType":"im_msvistalog","OpcodeValue":0,"EventType":"INFO","ExecutionProcessID":3984,"Opcode":"Info","SourceName":"Microsoft-Windows-Sysmon","Keywords":-9223372036854775808,"EventID":10,"Domain":"NT AUTHORITY","Category":"Process accessed (rule: ProcessAccess)","@version":"1","AccountName":"SYSTEM","host":"wec.internal.cloudapp.net","SourceImage":"C:\\windows\\system32\\svchost.exe","SeverityValue":2,"EventTime":"2020-10-12 18:34:19","Message":"Process accessed:\r\nRuleName: -\r\nUtcTime: 2020-10-12 22:34:19.360\r\nSourceProcessGUID: {029f9482-bfa2-5f84-1000-000000000400}\r\nSourceProcessId: 68\r\nSourceThreadId: 3304\r\nSourceImage: C:\\windows\\system32\\svchost.exe\r\nTargetProcessGUID: {029f9482-bfa4-5f84-2900-000000000400}\r\nTargetProcessId: 1868\r\nTargetImage: C:\\windows\\System32\\svchost.exe\r\nGrantedAccess: 0x1000\r\nCallTrace: C:\\windows\\SYSTEM32\\ntdll.dll+9fc24|C:\\windows\\System32\\KERNELBASE.dll+6c2d5|c:\\windows\\system32\\lsm.dll+eafe|C:\\windows\\System32\\RPCRT4.dll+77883|C:\\windows\\System32\\RPCRT4.dll+db4a6|C:\\windows\\System32\\RPCRT4.dll+10d50|C:\\windows\\System32\\RPCRT4.dll+54a78|C:\\windows\\System32\\RPCRT4.dll+304f0|C:\\windows\\System32\\RPCRT4.dll+2fe9b|C:\\windows\\System32\\RPCRT4.dll+2222f|C:\\windows\\System32\\RPCRT4.dll+2168a|C:\\windows\\System32\\RPCRT4.dll+20c51|C:\\windows\\System32\\RPCRT4.dll+206c2|C:\\windows\\System32\\RPCRT4.dll+17495|C:\\windows\\SYSTEM32\\ntdll.dll+4f4d0|C:\\windows\\SYSTEM32\\ntdll.dll+50358|C:\\windows\\System32\\KERNEL32.DLL+17974|C:\\windows\\SYSTEM32\\ntdll.dll+6a271","SourceModuleName":"eventlog","GrantedAccess":"0x1000","AccountType":"User","TargetProcessGUID":"{029f9482-bfa4-5f84-2900-000000000400}"}
{"@timestamp":"2020-10-12T22:34:20.685Z","port":61041,"Severity":"INFO","Task":12801,"Channel":"Security","tags":["mordorDataset"],"SourceModuleType":"im_msvistalog","OpcodeValue":0,"EventType":"AUDIT_SUCCESS","ExecutionProcessID":4,"Opcode":"Info","RecordNumber":202303,"ThreadID":1452,"SubjectDomainName":"THESHIRE","SubjectLogonId":"0x3e7","SourceName":"Microsoft-Windows-Security-Auditing","Keywords":-9214364837600034816,"HandleId":"0x1d10","EventID":4658,"Category":"Registry","ProcessId":"0x6d8","Version":0,"@version":"1","host":"wec.internal.cloudapp.net","Hostname":"MORDORDC.theshire.local","ProcessName":"C:\\Windows\\System32\\svchost.exe","ObjectServer":"Security","EventReceivedTime":"2020-10-12 18:34:20","SeverityValue":2,"EventTime":"2020-10-12 18:34:19","ProviderGuid":"{54849625-5478-4994-A5BA-3E3B0328C30D}","Message":"The handle to an object was closed.\r\n\r\nSubject :\r\n\tSecurity ID:\t\tS-1-5-18\r\n\tAccount Name:\t\tMORDORDC$\r\n\tAccount Domain:\t\tTHESHIRE\r\n\tLogon ID:\t\t0x3E7\r\n\r\nObject:\r\n\tObject Server:\t\tSecurity\r\n\tHandle ID:\t\t0x1d10\r\n\r\nProcess Information:\r\n\tProcess ID:\t\t0x6d8\r\n\tProcess Name:\t\tC:\\Windows\\System32\\svchost.exe","SubjectUserName":"MORDORDC$","SourceModuleName":"eventlog","SubjectUserSid":"S-1-5-18"}
{"EventTypeOrignal":"INFO","RuleName":"-","@timestamp":"2020-10-12T22:34:20.686Z","port":61041,"Severity":"INFO","Task":12,"Channel":"Microsoft-Windows-Sysmon/Operational","UtcTime":"2020-10-12 22:34:19.360","UserID":"S-1-5-18","SourceModuleType":"im_msvistalog","OpcodeValue":0,"tags":["mordorDataset"],"TargetObject":"HKLM\\SOFTWARE\\Microsoft\\Windows\\CurrentVersion\\Group Policy","ExecutionProcessID":3984,"Opcode":"Info","RecordNumber":243375,"ThreadID":4300,"EventType":"CreateKey","SourceName":"Microsoft-Windows-Sysmon","Keywords":-9223372036854775808,"Image":"C:\\windows\\system32\\svchost.exe","EventID":12,"Domain":"NT AUTHORITY","Category":"Registry object added or deleted (rule: RegistryEvent)","Version":2,"ProcessId":"1752","@version":"1","AccountName":"SYSTEM","ProcessGuid":"{029f9482-bfa4-5f84-2500-000000000400}","host":"wec.internal.cloudapp.net","Hostname":"MORDORDC.theshire.local","EventReceivedTime":"2020-10-12 18:34:20","SeverityValue":2,"EventTime":"2020-10-12 18:34:19","ProviderGuid":"{5770385F-C22A-43E0-BF4C-06F5698FFBD9}","Message":"Registry object added or deleted:\r\nRuleName: -\r\nEventType: CreateKey\r\nUtcTime: 2020-10-12 22:34:19.360\r\nProcessGuid: {029f9482-bfa4-5f84-2500-000000000400}\r\nProcessId: 1752\r\nImage: C:\\windows\\system32\\svchost.exe\r\nTargetObject: HKLM\\SOFTWARE\\Microsoft\\Windows\\CurrentVersion\\Group Policy","SourceModuleName":"eventlog","AccountType":"User"}
