{"@timestamp":"2020-10-12T22:34:20.745Z","port":61041,"Severity":"INFO","Task":12801,"Channel":"Security","ResourceAttributes":"-","SourceModuleType":"im_msvistalog","tags":["mordorDataset"],"OpcodeValue":0,"EventType":"AUDIT_SUCCESS","ExecutionProcessID":4,"Opcode":"Info","RecordNumber":202357,"ThreadID":472,"SubjectDomainName":"THESHIRE","SubjectLogonId":"0x3e7","SourceName":"Microsoft-Windows-Security-Auditing","ObjectType":"Key","Keywords":-9214364837600034816,"AccessList":"%%4432\r\n\t\t\t\t","HandleId":"0x390","EventID":4663,"Category":"Registry","ObjectName":"\\REGISTRY\\MACHINE\\SOFTWARE\\Microsoft\\Windows NT\\CurrentVersion\\Winlogon","Version":1,"ProcessId":"0x6d8","@version":"1","host":"wec.internal.cloudapp.net","Hostname":"MORDORDC.theshire.local","AccessMask":"0x1","ObjectServer":"Security","ProcessName":"C:\\Windows\\System32\\svchost.exe","EventReceivedTime":"2020-10-12 18:34:20","SeverityValue":2,"EventTime":"2020-10-12 18:34:19","ProviderGuid":"{54849625-5478-4994-A5BA-3E3B0328C30D}","Message":"An attempt was made to access an object.\r\n\r\nSubject:\r\n\tSecurity ID:\t\tS-1-5-18\r\n\tAccount Name:\t\tMORDORDC$\r\n\tAccount Domain:\t\tTHESHIRE\r\n\tLogon ID:\t\t0x3E7\r\n\r\nObject:\r\n\tObject Server:\t\tSecurity\r\n\tObject Type:\t\tKey\r\n\tObject Name:\t\t\\REGISTRY\\MACHINE\\SOFTWARE\\Microsoft\\Windows NT\\CurrentVersion\\Winlogon\r\n\tHandle ID:\t\t0x390\r\n\tResource Attributes:\t-\r\n\r\nProcess Information:\r\n\tProcess ID:\t\t0x6d8\r\n\tProcess Name:\t\tC:\\Windows\\System32\\svchost.exe\r\n\r\nAccess Request Information:\r\n\tAccesses:\t\tQuery key value\r\n\t\t\t\t\r\n\tAccess Mask:\t\t0x1","SubjectUserName":"MORDORDC$","SourceModuleName":"eventlog","SubjectUserSid":"S-1-5-18"}
{"@timestamp":"2020-10-12T22:34:20.745Z","port":61041,"Severity":"INFO","Task":12801,"Channel":"Security","tags":["mordorDataset"],"SourceModuleType":"im_msvistalog","OpcodeValue":0,"EventType":"AUDIT_SUCCESS","ExecutionProcessID":4,"Opcode":"Info","RecordNumber":202358,"ThreadID":472,"SubjectDomainName":"THESHIRE","SubjectLogonId":"0x3e7","SourceName":"Microsoft-Windows-Security-Auditing","Keywords":-9214364837600034816,"HandleId":"0x390","EventID":4658,"Category":"Registry","ProcessId":"0x6d8","Version":0,"@version":"1","host":"wec.internal.cloudapp.net","Hostname":"MORDORDC.theshire.local","ProcessName":"C:\\Windows\\System32\\svchost.exe","ObjectServer":"Security","EventReceivedTime":"2020-10-12 18:34:20","SeverityValue":2,"EventTime":"2020-10-12 18:34:19","ProviderGuid":"{54849625-5478-4994-A5BA-3E3B0328C30D}","Message":"The handle to an object was closed.\r\n\r\nSubject :\r\n\tSecurity ID:\t\tS-1-5-18\r\n\tAccount Name:\t\tMORDORDC$\r\n\tAccount Domain:\t\tTHESHIRE\r\n\tLogon ID:\t\t0x3E7\r\n\r\nObject:\r\n\tObject Server:\t\tSecurity\r\n\tHandle ID:\t\t0x390\r\n\r\nProcess Information:\r\n\tProcess ID:\t\t0x6d8\r\n\tProcess Name:\t\tC:\\Windows\\System32\\svchost.exe","SubjectUserName":"MORDORDC$","SourceModuleName":"eventlog","SubjectUserSid":"S-1-5-18"}
{"@timestamp":"2020-10-12T22:34:20.746Z","port":61041,"Severity":"INFO","Task":12545,"Channel":"Security","LogonType":"3","SourceModuleType":"im_msvistalog","tags":["mordorDataset"],"OpcodeValue":0,"EventType":"AUDIT_SUCCESS","ExecutionProcessID":708,"Opcode":"Info","RecordNumber":202359,"ThreadID":4748,"TargetLogonId":"0x590019","SourceName":"Microsoft-Windows-Security-Auditing","Keywords":-9214364837600034816,"TargetUserSid":"S-1-5-18","EventID":4634,"Category":"Logoff","Version":0,"@version":"1","host":"wec.internal.cloudapp.net","Hostname":"MORDORDC.theshire.local","EventReceivedTime":"2020-10-12 18:34:20","SeverityValue":2,"EventTime":"2020-10-12 18:34:19","ProviderGuid":"{54849625-5478-4994-A5BA-3E3B0328C30D}","Message":"An account was logged off.\r\n\r\nSubject:\r\n\tSecurity ID:\t\tS-1-5-18\r\n\tAccount Name:\t\tMORDORDC$\r\n\tAccount Domain:\t\tTHESHIRE\r\n\tLogon ID:\t\t0x590019\r\n\r\nLogon Type:\t\t\t3\r\n\r\nThis event is generated when a logon session is destroyed. It may be positively correlated with a logon event using the Logon ID value. Logon IDs are only unique between reboots on the same computer.","SourceModuleName":"eventlog","TargetDomainName":"THESHIRE","TargetUserName":"MORDORDC$"}
{"SourceProcessId":"0x6d8","@timestamp":"2020-10-12T22:34:20.746Z","port":61041,"Severity":"INFO","Task":12807,"Channel":"Security","tags":["mordorDataset"],"SourceModuleType":"im_msvistalog","OpcodeValue":0,"TargetProcessId":"0x4","EventType":"AUDIT_SUCCESS","ExecutionProcessID":4,"Opcode":"Info","RecordNumber":202360,"ThreadID":472,"SubjectDomainName":"THESHIRE","SubjectLogonId":"0x3e7","SourceName":"Microsoft-Windows-Security-Auditing","TargetHandleId":"0x17b8","Keywords":-9214364837600034816,"EventID":4690,"Category":"Handle Manipulation","SourceHandleId":"0x450","Version":0,"ProcessId":"0x6d8","@version":"1","host":"wec.internal.cloudapp.net","Hostname":"MORDORDC.theshire.local","EventReceivedTime":"2020-10-12 18:34:20","SeverityValue":2,"EventTime":"2020-10-12 18:34:19","ProviderGuid":"{54849625-5478-4994-A5BA-3E3B0328C30D}","Message":"An attempt was made to duplicate a handle to an object.\r\n\r\nSubject:\r\n\tSecurity ID:\t\tS-1-5-18\r\n\tAccount Name:\t\tMORDORDC$\r\n\tAccount Domain:\t\tTHESHIRE\r\n\tLogon ID:\t\t0x3E7\r\n\r\nSource Handle Information:\r\n\tSource Handle ID:\t0x450\r\n\tSource Process ID:\t0x6d8\r\n\r\nNew Handle Information:\r\n\tTarget Handle ID:\t0x17b8\r\n\tTarget Process ID:\t0x4","SubjectUserName":"MORDORDC$","SourceModuleName":"eventlog","SubjectUserSid":"S-1-5-18"}
{"@timestamp":"2020-10-12T22:34:20.747Z","port":61041,"Severity":"INFO","Task":12801,"Channel":"Security","tags":["mordorDataset"],"SourceModuleType":"im_msvistalog","OpcodeValue":0,"EventType":"AUDIT_SUCCESS","ExecutionProcessID":4,"Opcode":"Info","RecordNumber":202361,"ThreadID":472,"SubjectDomainName":"THESHIRE","SubjectLogonId":"0x3e7","SourceName":"Microsoft-Windows-Security-Auditing","Keywords":-9214364837600034816,"HandleId":"0x17b8","EventID":4658,"Category":"Registry","ProcessId":"0x6d8","Version":0,"@version":"1","host":"wec.internal.cloudapp.net","Hostname":"MORDORDC.theshire.local","ProcessName":"C:\\Windows\\System32\\svchost.exe","ObjectServer":"Security","EventReceivedTime":"2020-10-12 18:34:20","SeverityValue":2,"EventTime":"2020-10-12 18:34:19","ProviderGuid":"{54849625-5478-4994-A5BA-3E3B0328C30D}","Message":"The handle to an object was closed.\r\n\r\nSubject :\r\n\tSecurity ID:\t\tS-1-5-18\r\n\tAccount Name:\t\tMORDORDC$\r\n\tAccount Domain:\t\tTHESHIRE\r\n\tLogon ID:\t\t0x3E7\r\n\r\nObject:\r\n\tObject Server:\t\tSecurity\r\n\tHandle ID:\t\t0x17b8\r\n\r\nProcess Information:\r\n\tProcess ID:\t\t0x6d8\r\n\tProcess Name:\t\tC:\\Windows\\System32\\svchost.exe","SubjectUserName":"MORDORDC$","SourceModuleName":"eventlog","SubjectUserSid":"S-1-5-18"}
{"@timestamp":"2020-10-12T22:34:20.747Z","AccessReason":"-","Channel":"Security","SubjectDomainName":"THESHIRE","RecordNumber":202362,"ThreadID":472,"SubjectLogonId":"0x3e7","TransactionId":"{00000000-0000-0000-0000-000000000000}","ObjectName":"\\REGISTRY\\MACHINE\\SOFTWARE\\Microsoft\\Windows NT\\CurrentVersion\\Winlogon","ProcessId":"0x6d8","Version":1,"Hostname":"MORDORDC.theshire.local","EventReceivedTime":"2020-10-12 18:34:20","ProviderGuid":"{54849625-5478-4994-A5BA-3E3B0328C30D}","SubjectUserName":"MORDORDC$","RestrictedSidCount":"0","port":61041,"Severity":"INFO","ResourceAttributes":"-","Task":12801,"tags":["mordorDataset"],"SourceModuleType":"im_msvistalog","OpcodeValue":0,"EventType":"AUDIT_SUCCESS","ExecutionProcessID":4,"Opcode":"Info","ObjectType":"Key","SourceName":"Microsoft-Windows-Security-Auditing","Keywords":-9214364837600034816,"AccessList":"%%1538\r\n\t\t\t\t%%4432\r\n\t\t\t\t%%4435\r\n\t\t\t\t%%4436\r\n\t\t\t\t","HandleId":"0x450","EventID":4656,"Category":"Registry","@version":"1","host":"wec.internal.cloudapp.net","AccessMask":"0x20019","ObjectServer":"Security","ProcessName":"C:\\Windows\\System32\\svchost.exe","SeverityValue":2,"EventTime":"2020-10-12 18:34:19","Message":"A handle to an object was requested.\r\n\r\nSubject:\r\n\tSecurity ID:\t\tS-1-5-18\r\n\tAccount Name:\t\tMORDORDC$\r\n\tAccount Domain:\t\tTHESHIRE\r\n\tLogon ID:\t\t0x3E7\r\n\r\nObject:\r\n\tObject Server:\t\tSecurity\r\n\tObject Type:\t\tKey\r\n\tObject Name:\t\t\\REGISTRY\\MACHINE\\SOFTWARE\\Microsoft\\Windows NT\\CurrentVersion\\Winlogon\r\n\tHandle ID:\t\t0x450\r\n\tResource Attributes:\t-\r\n\r\nProcess Information:\r\n\tProcess ID:\t\t0x6d8\r\n\tProcess Name:\t\tC:\\Windows\\System32\\svchost.exe\r\n\r\nAccess Request Information:\r\n\tTransaction ID:\t\t{00000000-0000-0000-0000-000000000000}\r\n\tAccesses:\t\tREAD_CONTROL\r\n\t\t\t\tQuery key value\r\n\t\t\t\tEnumerate sub-keys\r\n\t\t\t\tNotify about changes to keys\r\n\t\t\t\t\r\n\tAccess Reasons:\t\t-\r\n\tAccess Mask:\t\t0x20019\r\n\tPrivileges Used for Access Check:\t-\r\n\tRestricted SID Count:\t0","PrivilegeList":"-","SourceModuleName":"eventlog","SubjectUserSid":"S-1-5-18"}
{"@timestamp":"2020-10-12T22:34:20.747Z","port":61041,"Severity":"INFO","Task":12801,"Channel":"Security","ResourceAttributes":"-","SourceModuleType":"im_msvistalog","tags":["mordorDataset"],"OpcodeValue":0,"EventType":"AUDIT_SUCCESS","ExecutionProcessID":4,"Opcode":"Info","RecordNumber":202363,"ThreadID":472,"SubjectDomainName":"THESHIRE","SubjectLogonId":"0x3e7","SourceName":"Microsoft-Windows-Security-Auditing","ObjectType":"Key","Keywords":-9214364837600034816,"AccessList":"%%4432\r\n\t\t\t\t","HandleId":"0x450","EventID":4663,"Category":"Registry","ObjectName":"\\REGISTRY\\MACHINE\\SOFTWARE\\Microsoft\\Windows NT\\CurrentVersion\\Winlogon","Version":1,"ProcessId":"0x6d8","@version":"1","host":"wec.internal.cloudapp.net","Hostname":"MORDORDC.theshire.local","AccessMask":"0x1","ObjectServer":"Security","ProcessName":"C:\\Windows\\System32\\svchost.exe","EventReceivedTime":"2020-10-12 18:34:20","SeverityValue":2,"EventTime":"2020-10-12 18:34:19","ProviderGuid":"{54849625-5478-4994-A5BA-3E3B0328C30D}","Message":"An attempt was made to access an object.\r\n\r\nSubject:\r\n\tSecurity ID:\t\tS-1-5-18\r\n\tAccount Name:\t\tMORDORDC$\r\n\tAccount Domain:\t\tTHESHIRE\r\n\tLogon ID:\t\t0x3E7\r\n\r\nObject:\r\n\tObject Server:\t\tSecurity\r\n\tObject Type:\t\tKey\r\n\tObject Name:\t\t\\REGISTRY\\MACHINE\\SOFTWARE\\Microsoft\\Windows NT\\CurrentVersion\\Winlogon\r\n\tHandle ID:\t\t0x450\r\n\tResource Attributes:\t-\r\n\r\nProcess Information:\r\n\tProcess ID:\t\t0x6d8\r\n\tProcess Name:\t\tC:\\Windows\\System32\\svchost.exe\r\n\r\nAccess Request Information:\r\n\tAccesses:\t\tQuery key value\r\n\t\t\t\t\r\n\tAccess Mask:\t\t0x1","SubjectUserName":"MORDORDC$","SourceModuleName":"eventlog","SubjectUserSid":"S-1-5-18"}
{"@timestamp":"2020-10-12T22:34:20.748Z","port":61041,"Severity":"INFO","Task":12801,"Channel":"Security","tags":["mordorDataset"],"SourceModuleType":"im_msvistalog","OpcodeValue":0,"EventType":"AUDIT_SUCCESS","ExecutionProcessID":4,"Opcode":"Info","RecordNumber":202364,"ThreadID":472,"SubjectDomainName":"THESHIRE","SubjectLogonId":"0x3e7","SourceName":"Microsoft-Windows-Security-Auditing","Keywords":-9214364837600034816,"HandleId":"0x450","EventID":4658,"Category":"Registry","ProcessId":"0x6d8","Version":0,"@version":"1","host":"wec.internal.cloudapp.net","Hostname":"MORDORDC.theshire.local","ProcessName":"C:\\Windows\\System32\\svchost.exe","ObjectServer":"Security","EventReceivedTime":"2020-10-12 18:34:20","SeverityValue":2,"EventTime":"2020-10-12 18:34:19","ProviderGuid":"{54849625-5478-4994-A5BA-3E3B0328C30D}","Message":"The handle to an object was closed.\r\n\r\nSubject :\r\n\tSecurity ID:\t\tS-1-5-18\r\n\tAccount Name:\t\tMORDORDC$\r\n\tAccount Domain:\t\tTHESHIRE\r\n\tLogon ID:\t\t0x3E7\r\n\r\nObject:\r\n\tObject Server:\t\tSecurity\r\n\tHandle ID:\t\t0x450\r\n\r\nProcess Information:\r\n\tProcess ID:\t\t0x6d8\r\n\tProcess Name:\t\tC:\\Windows\\System32\\svchost.exe","SubjectUserName":"MORDORDC$","SourceModuleName":"eventlog","SubjectUserSid":"S-1-5-18"}
{"@timestamp":"2020-10-12T22:34:20.748Z","port":61041,"Severity":"INFO","Task":13317,"Channel":"Security","tags":["mordorDataset"],"SourceModuleType":"im_msvistalog","OpcodeValue":0,"EventType":"AUDIT_SUCCESS","ExecutionProcessID":4,"Opcode":"Info","RecordNumber":202365,"ThreadID":472,"SubjectDomainName":"THESHIRE","SubjectLogonId":"0x3e7","SourceName":"Microsoft-Windows-Security-Auditing","TargetLogonId":"0x3e7","Keywords":-9214364837600034816,"TargetUserSid":"S-1-0-0","EventID":4703,"Category":"Token Right Adjusted Events","ProcessId":"0x98c","Version":0,"@version":"1","DisabledPrivilegeList":"-","host":"wec.internal.cloudapp.net","Hostname":"MORDORDC.theshire.local","ProcessName":"C:\\Windows\\System32\\svchost.exe","EventReceivedTime":"2020-10-12 18:34:20","EnabledPrivilegeList":"SeAssignPrimaryTokenPrivilege\r\n\t\t\tSeIncreaseQuotaPrivilege\r\n\t\t\tSeSecurityPrivilege\r\n\t\t\tSeTakeOwnershipPrivilege\r\n\t\t\tSeLoadDriverPrivilege\r\n\t\t\tSeBackupPrivilege\r\n\t\t\tSeRestorePrivilege\r\n\t\t\tSeShutdownPrivilege","SeverityValue":2,"EventTime":"2020-10-12 18:34:19","ProviderGuid":"{54849625-5478-4994-A5BA-3E3B0328C30D}","Message":"A token right was adjusted.\r\n\r\nSubject:\r\n\tSecurity ID:\t\tS-1-5-18\r\n\tAccount Name:\t\tMORDORDC$\r\n\tAccount Domain:\t\tTHESHIRE\r\n\tLogon ID:\t\t0x3E7\r\n\r\nTarget Account:\r\n\tSecurity ID:\t\tS-1-0-0\r\n\tAccount Name:\t\tMORDORDC$\r\n\tAccount Domain:\t\tTHESHIRE\r\n\tLogon ID:\t\t0x3E7\r\n\r\nProcess Information:\r\n\tProcess ID:\t\t0x98c\r\n\tProcess Name:\t\tC:\\Windows\\System32\\svchost.exe\r\n\r\nEnabled Privileges:\r\n\t\t\tSeAssignPrimaryTokenPrivilege\r\n\t\t\tSeIncreaseQuotaPrivilege\r\n\t\t\tSeSecurityPrivilege\r\n\t\t\tSeTakeOwnershipPrivilege\r\n\t\t\tSeLoadDriverPrivilege\r\n\t\t\tSeBackupPrivilege\r\n\t\t\tSeRestorePrivilege\r\n\t\t\tSeShutdownPrivilege\r\n\r\nDisabled Privileges:\r\n\t\t\t-","SubjectUserName":"MORDORDC$","SourceModuleName":"eventlog","SubjectUserSid":"S-1-5-18","TargetDomainName":"THESHIRE","TargetUserName":"MORDORDC$"}
{"@timestamp":"2020-10-12T22:34:20.749Z","port":61041,"Severity":"INFO","Task":13317,"Channel":"Security","tags":["mordorDataset"],"SourceModuleType":"im_msvistalog","OpcodeValue":0,"EventType":"AUDIT_SUCCESS","ExecutionProcessID":4,"Opcode":"Info","RecordNumber":202366,"ThreadID":472,"SubjectDomainName":"THESHIRE","SubjectLogonId":"0x3e7","SourceName":"Microsoft-Windows-Security-Auditing","TargetLogonId":"0x3e7","Keywords":-9214364837600034816,"TargetUserSid":"S-1-0-0","EventID":4703,"Category":"Token Right Adjusted Events","ProcessId":"0x98c","Version":0,"@version":"1","DisabledPrivilegeList":"-","host":"wec.internal.cloudapp.net","Hostname":"MORDORDC.theshire.local","ProcessName":"C:\\Windows\\System32\\svchost.exe","EventReceivedTime":"2020-10-12 18:34:20","EnabledPrivilegeList":"SeAssignPrimaryTokenPrivilege\r\n\t\t\tSeIncreaseQuotaPrivilege\r\n\t\t\tSeSecurityPrivilege\r\n\t\t\tSeTakeOwnershipPrivilege\r\n\t\t\tSeLoadDriverPrivilege\r\n\t\t\tSeBackupPrivilege\r\n\t\t\tSeRestorePrivilege\r\n\t\t\tSeShutdownPrivilege","SeverityValue":2,"EventTime":"2020-10-12 18:34:19","ProviderGuid":"{54849625-5478-4994-A5BA-3E3B0328C30D}","Message":"A token right was adjusted.\r\n\r\nSubject:\r\n\tSecurity ID:\t\tS-1-5-18\r\n\tAccount Name:\t\tMORDORDC$\r\n\tAccount Domain:\t\tTHESHIRE\r\n\tLogon ID:\t\t0x3E7\r\n\r\nTarget Account:\r\n\tSecurity ID:\t\tS-1-0-0\r\n\tAccount Name:\t\tMORDORDC$\r\n\tAccount Domain:\t\tTHESHIRE\r\n\tLogon ID:\t\t0x3E7\r\n\r\nProcess Information:\r\n\tProcess ID:\t\t0x98c\r\n\tProcess Name:\t\tC:\\Windows\\System32\\svchost.exe\r\n\r\nEnabled Privileges:\r\n\t\t\tSeAssignPrimaryTokenPrivilege\r\n\t\t\tSeIncreaseQuotaPrivilege\r\n\t\t\tSeSecurityPrivilege\r\n\t\t\tSeTakeOwnershipPrivilege\r\n\t\t\tSeLoadDriverPrivilege\r\n\t\t\tSeBackupPrivilege\r\n\t\t\tSeRestorePrivilege\r\n\t\t\tSeShutdownPrivilege\r\n\r\nDisabled Privileges:\r\n\t\t\t-","SubjectUserName":"MORDORDC$","SourceModuleName":"eventlog","SubjectUserSid":"S-1-5-18","TargetDomainName":"THESHIRE","TargetUserName":"MORDORDC$"}
{"@timestamp":"2020-10-12T22:34:20.749Z","port":61041,"Severity":"INFO","Task":13317,"Channel":"Security","tags":["mordorDataset"],"SourceModuleType":"im_msvistalog","OpcodeValue":0,"EventType":"AUDIT_SUCCESS","ExecutionProcessID":4,"Opcode":"Info","RecordNumber":202367,"ThreadID":472,"SubjectDomainName":"THESHIRE","SubjectLogonId":"0x3e7","SourceName":"Microsoft-Windows-Security-Auditing","TargetLogonId":"0x3e7","Keywords":-9214364837600034816,"TargetUserSid":"S-1-0-0","EventID":4703,"Category":"Token Right Adjusted Events","ProcessId":"0x98c","Version":0,"@version":"1","DisabledPrivilegeList":"-","host":"wec.internal.cloudapp.net","Hostname":"MORDORDC.theshire.local","ProcessName":"C:\\Windows\\System32\\svchost.exe","EventReceivedTime":"2020-10-12 18:34:20","EnabledPrivilegeList":"SeAssignPrimaryTokenPrivilege\r\n\t\t\tSeIncreaseQuotaPrivilege\r\n\t\t\tSeSecurityPrivilege\r\n\t\t\tSeTakeOwnershipPrivilege\r\n\t\t\tSeLoadDriverPrivilege\r\n\t\t\tSeSystemtimePrivilege\r\n\t\t\tSeBackupPrivilege\r\n\t\t\tSeRestorePrivilege\r\n\t\t\tSeShutdownPrivilege\r\n\t\t\tSeSystemEnvironmentPrivilege\r\n\t\t\tSeUndockPrivilege\r\n\t\t\tSeManageVolumePrivilege","SeverityValue":2,"EventTime":"2020-10-12 18:34:19","ProviderGuid":"{54849625-5478-4994-A5BA-3E3B0328C30D}","Message":"A token right was adjusted.\r\n\r\nSubject:\r\n\tSecurity ID:\t\tS-1-5-18\r\n\tAccount Name:\t\tMORDORDC$\r\n\tAccount Domain:\t\tTHESHIRE\r\n\tLogon ID:\t\t0x3E7\r\n\r\nTarget Account:\r\n\tSecurity ID:\t\tS-1-0-0\r\n\tAccount Name:\t\tMORDORDC$\r\n\tAccount Domain:\t\tTHESHIRE\r\n\tLogon ID:\t\t0x3E7\r\n\r\nProcess Information:\r\n\tProcess ID:\t\t0x98c\r\n\tProcess Name:\t\tC:\\Windows\\System32\\svchost.exe\r\n\r\nEnabled Privileges:\r\n\t\t\tSeAssignPrimaryTokenPrivilege\r\n\t\t\tSeIncreaseQuotaPrivilege\r\n\t\t\tSeSecurityPrivilege\r\n\t\t\tSeTakeOwnershipPrivilege\r\n\t\t\tSeLoadDriverPrivilege\r\n\t\t\tSeSystemtimePrivilege\r\n\t\t\tSeBackupPrivilege\r\n\t\t\tSeRestorePrivilege\r\n\t\t\tSeShutdownPrivilege\r\n\t\t\tSeSystemEnvironmentPrivilege\r\n\t\t\tSeUndockPrivilege\r\n\t\t\tSeManageVolumePrivilege\r\n\r\nDisabled Privileges:\r\n\t\t\t-","SubjectUserName":"MORDORDC$","SourceModuleName":"eventlog","SubjectUserSid":"S-1-5-18","TargetDomainName":"THESHIRE","TargetUserName":"MORDORDC$"}
{"SourceProcessId":"944","RuleName":"-","@timestamp":"2020-10-12T22:34:22.742Z","Channel":"Microsoft-Windows-Sysmon/Operational","UserID":"S-1-5-18","TargetProcessId":"1588","CallTrace":"C:\\windows\\SYSTEM32\\ntdll.dll+9fc24|C:\\windows\\SYSTEM32\\psmserviceexthost.dll+12b34|C:\\windows\\SYSTEM32\\psmserviceexthost.dll+129af|C:\\windows\\SYSTEM32\\psmserviceexthost.dll+1265e|C:\\windows\\SYSTEM32\\psmserviceexthost.dll+11e83|C:\\windows\\SYSTEM32\\ntdll.dll+64db0|C:\\windows\\SYSTEM32\\ntdll.dll+505d4|C:\\windows\\System32\\KERNEL32.DLL+17974|C:\\windows\\SYSTEM32\\ntdll.dll+6a271","RecordNumber":243427,"ThreadID":4300,"SourceProcessGUID":"{029f9482-bfa2-5f84-0e00-000000000400}","TargetImage":"C:\\windows\\System32\\svchost.exe","ProcessId":"944","Version":3,"Hostname":"MORDORDC.theshire.local","EventReceivedTime":"2020-10-12 18:34:22","ProviderGuid":"{5770385F-C22A-43E0-BF4C-06F5698FFBD9}","UtcTime":"2020-10-12 22:34:20.366","port":61041,"Severity":"INFO","tags":["mordorDataset"],"Task":10,"SourceThreadId":"1808","SourceModuleType":"im_msvistalog","OpcodeValue":0,"EventType":"INFO","ExecutionProcessID":3984,"Opcode":"Info","SourceName":"Microsoft-Windows-Sysmon","Keywords":-9223372036854775808,"EventID":10,"Domain":"NT AUTHORITY","Category":"Process accessed (rule: ProcessAccess)","@version":"1","AccountName":"SYSTEM","host":"wec.internal.cloudapp.net","SourceImage":"C:\\windows\\system32\\svchost.exe","SeverityValue":2,"EventTime":"2020-10-12 18:34:20","Message":"Process accessed:\r\nRuleName: -\r\nUtcTime: 2020-10-12 22:34:20.366\r\nSourceProcessGUID: {029f9482-bfa2-5f84-0e00-000000000400}\r\nSourceProcessId: 944\r\nSourceThreadId: 1808\r\nSourceImage: C:\\windows\\system32\\svchost.exe\r\nTargetProcessGUID: {029f9482-bfa4-5f84-2300-000000000400}\r\nTargetProcessId: 1588\r\nTargetImage: C:\\windows\\System32\\svchost.exe\r\nGrantedAccess: 0x1000\r\nCallTrace: C:\\windows\\SYSTEM32\\ntdll.dll+9fc24|C:\\windows\\SYSTEM32\\psmserviceexthost.dll+12b34|C:\\windows\\SYSTEM32\\psmserviceexthost.dll+129af|C:\\windows\\SYSTEM32\\psmserviceexthost.dll+1265e|C:\\windows\\SYSTEM32\\psmserviceexthost.dll+11e83|C:\\windows\\SYSTEM32\\ntdll.dll+64db0|C:\\windows\\SYSTEM32\\ntdll.dll+505d4|C:\\windows\\System32\\KERNEL32.DLL+17974|C:\\windows\\SYSTEM32\\ntdll.dll+6a271","SourceModuleName":"eventlog","GrantedAccess":"0x1000","AccountType":"User","TargetProcessGUID":"{029f9482-bfa4-5f84-2300-000000000400}"}
{"SourceProcessId":"944","RuleName":"-","@timestamp":"2020-10-12T22:34:22.743Z","Channel":"Microsoft-Windows-Sysmon/Operational","UserID":"S-1-5-18","TargetProcessId":"1588","CallTrace":"C:\\windows\\SYSTEM32\\ntdll.dll+9fc24|C:\\windows\\SYSTEM32\\psmserviceexthost.dll+12b34|C:\\windows\\SYSTEM32\\psmserviceexthost.dll+129af|C:\\windows\\SYSTEM32\\psmserviceexthost.dll+1265e|C:\\windows\\SYSTEM32\\psmserviceexthost.dll+11e83|C:\\windows\\SYSTEM32\\ntdll.dll+64db0|C:\\windows\\SYSTEM32\\ntdll.dll+505d4|C:\\windows\\System32\\KERNEL32.DLL+17974|C:\\windows\\SYSTEM32\\ntdll.dll+6a271","RecordNumber":243428,"ThreadID":4300,"SourceProcessGUID":"{029f9482-bfa2-5f84-0e00-000000000400}","TargetImage":"C:\\windows\\System32\\svchost.exe","ProcessId":"944","Version":3,"Hostname":"MORDORDC.theshire.local","EventReceivedTime":"2020-10-12 18:34:22","ProviderGuid":"{5770385F-C22A-43E0-BF4C-06F5698FFBD9}","UtcTime":"2020-10-12 22:34:20.366","port":61041,"Severity":"INFO","tags":["mordorDataset"],"Task":10,"SourceThreadId":"1808","SourceModuleType":"im_msvistalog","OpcodeValue":0,"EventType":"INFO","ExecutionProcessID":3984,"Opcode":"Info","SourceName":"Microsoft-Windows-Sysmon","Keywords":-9223372036854775808,"EventID":10,"Domain":"NT AUTHORITY","Category":"Process accessed (rule: ProcessAccess)","@version":"1","AccountName":"SYSTEM","host":"wec.internal.cloudapp.net","SourceImage":"C:\\windows\\system32\\svchost.exe","SeverityValue":2,"EventTime":"2020-10-12 18:34:20","Message":"Process accessed:\r\nRuleName: -\r\nUtcTime: 2020-10-12 22:34:20.366\r\nSourceProcessGUID: {029f9482-bfa2-5f84-0e00-000000000400}\r\nSourceProcessId: 944\r\nSourceThreadId: 1808\r\nSourceImage: C:\\windows\\system32\\svchost.exe\r\nTargetProcessGUID: {029f9482-bfa4-5f84-2300-000000000400}\r\nTargetProcessId: 1588\r\nTargetImage: C:\\windows\\System32\\svchost.exe\r\nGrantedAccess: 0x1000\r\nCallTrace: C:\\windows\\SYSTEM32\\ntdll.dll+9fc24|C:\\windows\\SYSTEM32\\psmserviceexthost.dll+12b34|C:\\windows\\SYSTEM32\\psmserviceexthost.dll+129af|C:\\windows\\SYSTEM32\\psmserviceexthost.dll+1265e|C:\\windows\\SYSTEM32\\psmserviceexthost.dll+11e83|C:\\windows\\SYSTEM32\\ntdll.dll+64db0|C:\\windows\\SYSTEM32\\ntdll.dll+505d4|C:\\windows\\System32\\KERNEL32.DLL+17974|C:\\windows\\SYSTEM32\\ntdll.dll+6a271","SourceModuleName":"eventlog","GrantedAccess":"0x1000","AccountType":"User","TargetProcessGUID":"{029f9482-bfa4-5f84-2300-000000000400}"}
{"RuleName":"-","@timestamp":"2020-10-12T22:34:22.744Z","Channel":"Microsoft-Windows-Sysmon/Operational","UserID":"S-1-5-18","RecordNumber":243429,"ThreadID":4308,"Image":"C:\\Windows\\System32\\svchost.exe","ProcessId":"1752","Version":5,"Hostname":"MORDORDC.theshire.local","SourcePort":"61041","DestinationHostname":"-","EventReceivedTime":"2020-10-12 18:34:22","ProviderGuid":"{5770385F-C22A-43E0-BF4C-06F5698FFBD9}","DestinationPortName":"-","Protocol":"tcp","UtcTime":"2020-10-12 22:34:19.304","port":61041,"Severity":"INFO","SourceIsIpv6":"true","Task":3,"tags":["mordorDataset"],"SourceModuleType":"im_msvistalog","OpcodeValue":0,"Initiated":"true","EventType":"INFO","ExecutionProcessID":3984,"Opcode":"Info","DestinationPort":"389","SourcePortName":"-","SourceName":"Microsoft-Windows-Sysmon","User":"NT AUTHORITY\\SYSTEM","Keywords":-9223372036854775808,"SourceHostname":"-","EventID":3,"Domain":"NT AUTHORITY","Category":"Network connection detected (rule: NetworkConnect)","@version":"1","AccountName":"SYSTEM","ProcessGuid":"{029f9482-bfa4-5f84-2500-000000000400}","host":"wec.internal.cloudapp.net","SourceIp":"fe80:0:0:0:74bc:2942:9832:aa63","SeverityValue":2,"EventTime":"2020-10-12 18:34:20","Message":"Network connection detected:\r\nRuleName: -\r\nUtcTime: 2020-10-12 22:34:19.304\r\nProcessGuid: {029f9482-bfa4-5f84-2500-000000000400}\r\nProcessId: 1752\r\nImage: C:\\Windows\\System32\\svchost.exe\r\nUser: NT AUTHORITY\\SYSTEM\r\nProtocol: tcp\r\nInitiated: true\r\nSourceIsIpv6: true\r\nSourceIp: fe80:0:0:0:74bc:2942:9832:aa63\r\nSourceHostname: -\r\nSourcePort: 61041\r\nSourcePortName: -\r\nDestinationIsIpv6: true\r\nDestinationIp: fe80:0:0:0:74bc:2942:9832:aa63\r\nDestinationHostname: -\r\nDestinationPort: 389\r\nDestinationPortName: -","DestinationIsIpv6":"true","SourceModuleName":"eventlog","DestinationIp":"fe80:0:0:0:74bc:2942:9832:aa63","AccountType":"User"}
{"RuleName":"-","@timestamp":"2020-10-12T22:34:22.744Z","Channel":"Microsoft-Windows-Sysmon/Operational","UserID":"S-1-5-18","RecordNumber":243430,"ThreadID":4308,"Image":"C:\\Windows\\System32\\lsass.exe","ProcessId":"708","Version":5,"Hostname":"MORDORDC.theshire.local","SourcePort":"61041","DestinationHostname":"-","EventReceivedTime":"2020-10-12 18:34:22","ProviderGuid":"{5770385F-C22A-43E0-BF4C-06F5698FFBD9}","DestinationPortName":"-","Protocol":"tcp","UtcTime":"2020-10-12 22:34:19.304","port":61041,"Severity":"INFO","SourceIsIpv6":"true","Task":3,"tags":["mordorDataset"],"SourceModuleType":"im_msvistalog","OpcodeValue":0,"Initiated":"false","EventType":"INFO","ExecutionProcessID":3984,"Opcode":"Info","DestinationPort":"389","SourcePortName":"-","SourceName":"Microsoft-Windows-Sysmon","User":"NT AUTHORITY\\SYSTEM","Keywords":-9223372036854775808,"SourceHostname":"-","EventID":3,"Domain":"NT AUTHORITY","Category":"Network connection detected (rule: NetworkConnect)","@version":"1","AccountName":"SYSTEM","ProcessGuid":"{029f9482-bf9e-5f84-0c00-000000000400}","host":"wec.internal.cloudapp.net","SourceIp":"fe80:0:0:0:74bc:2942:9832:aa63","SeverityValue":2,"EventTime":"2020-10-12 18:34:20","Message":"Network connection detected:\r\nRuleName: -\r\nUtcTime: 2020-10-12 22:34:19.304\r\nProcessGuid: {029f9482-bf9e-5f84-0c00-000000000400}\r\nProcessId: 708\r\nImage: C:\\Windows\\System32\\lsass.exe\r\nUser: NT AUTHORITY\\SYSTEM\r\nProtocol: tcp\r\nInitiated: false\r\nSourceIsIpv6: true\r\nSourceIp: fe80:0:0:0:74bc:2942:9832:aa63\r\nSourceHostname: -\r\nSourcePort: 61041\r\nSourcePortName: -\r\nDestinationIsIpv6: true\r\nDestinationIp: fe80:0:0:0:74bc:2942:9832:aa63\r\nDestinationHostname: -\r\nDestinationPort: 389\r\nDestinationPortName: -","DestinationIsIpv6":"true","SourceModuleName":"eventlog","DestinationIp":"fe80:0:0:0:74bc:2942:9832:aa63","AccountType":"User"}
{"RuleName":"-","@timestamp":"2020-10-12T22:34:22.746Z","Channel":"Microsoft-Windows-Sysmon/Operational","UserID":"S-1-5-18","RecordNumber":243431,"ThreadID":4308,"Image":"C:\\Windows\\System32\\svchost.exe","ProcessId":"1752","Version":5,"Hostname":"MORDORDC.theshire.local","SourcePort":"61042","DestinationHostname":"-","EventReceivedTime":"2020-10-12 18:34:22","ProviderGuid":"{5770385F-C22A-43E0-BF4C-06F5698FFBD9}","DestinationPortName":"-","Protocol":"tcp","UtcTime":"2020-10-12 22:34:19.315","port":61041,"Severity":"INFO","SourceIsIpv6":"false","Task":3,"tags":["mordorDataset"],"SourceModuleType":"im_msvistalog","OpcodeValue":0,"Initiated":"true","EventType":"INFO","ExecutionProcessID":3984,"Opcode":"Info","DestinationPort":"389","SourcePortName":"-","SourceName":"Microsoft-Windows-Sysmon","User":"NT AUTHORITY\\SYSTEM","Keywords":-9223372036854775808,"SourceHostname":"-","EventID":3,"Domain":"NT AUTHORITY","Category":"Network connection detected (rule: NetworkConnect)","@version":"1","AccountName":"SYSTEM","ProcessGuid":"{029f9482-bfa4-5f84-2500-000000000400}","host":"wec.internal.cloudapp.net","SourceIp":"172.18.38.5","SeverityValue":2,"EventTime":"2020-10-12 18:34:20","Message":"Network connection detected:\r\nRuleName: -\r\nUtcTime: 2020-10-12 22:34:19.315\r\nProcessGuid: {029f9482-bfa4-5f84-2500-000000000400}\r\nProcessId: 1752\r\nImage: C:\\Windows\\System32\\svchost.exe\r\nUser: NT AUTHORITY\\SYSTEM\r\nProtocol: tcp\r\nInitiated: true\r\nSourceIsIpv6: false\r\nSourceIp: 172.18.38.5\r\nSourceHostname: -\r\nSourcePort: 61042\r\nSourcePortName: -\r\nDestinationIsIpv6: false\r\nDestinationIp: 172.18.38.5\r\nDestinationHostname: -\r\nDestinationPort: 389\r\nDestinationPortName: -","DestinationIsIpv6":"false","SourceModuleName":"eventlog","DestinationIp":"172.18.38.5","AccountType":"User"}
{"RuleName":"-","@timestamp":"2020-10-12T22:34:22.746Z","Channel":"Microsoft-Windows-Sysmon/Operational","UserID":"S-1-5-18","RecordNumber":243432,"ThreadID":4308,"Image":"C:\\Windows\\System32\\lsass.exe","ProcessId":"708","Version":5,"Hostname":"MORDORDC.theshire.local","SourcePort":"61042","DestinationHostname":"-","EventReceivedTime":"2020-10-12 18:34:22","ProviderGuid":"{5770385F-C22A-43E0-BF4C-06F5698FFBD9}","DestinationPortName":"-","Protocol":"tcp","UtcTime":"2020-10-12 22:34:19.316","port":61041,"Severity":"INFO","SourceIsIpv6":"false","Task":3,"tags":["mordorDataset"],"SourceModuleType":"im_msvistalog","OpcodeValue":0,"Initiated":"false","EventType":"INFO","ExecutionProcessID":3984,"Opcode":"Info","DestinationPort":"389","SourcePortName":"-","SourceName":"Microsoft-Windows-Sysmon","User":"NT AUTHORITY\\SYSTEM","Keywords":-9223372036854775808,"SourceHostname":"-","EventID":3,"Domain":"NT AUTHORITY","Category":"Network connection detected (rule: NetworkConnect)","@version":"1","AccountName":"SYSTEM","ProcessGuid":"{029f9482-bf9e-5f84-0c00-000000000400}","host":"wec.internal.cloudapp.net","SourceIp":"172.18.38.5","SeverityValue":2,"EventTime":"2020-10-12 18:34:20","Message":"Network connection detected:\r\nRuleName: -\r\nUtcTime: 2020-10-12 22:34:19.316\r\nProcessGuid: {029f9482-bf9e-5f84-0c00-000000000400}\r\nProcessId: 708\r\nImage: C:\\Windows\\System32\\lsass.exe\r\nUser: NT AUTHORITY\\SYSTEM\r\nProtocol: tcp\r\nInitiated: false\r\nSourceIsIpv6: false\r\nSourceIp: 172.18.38.5\r\nSourceHostname: -\r\nSourcePort: 61042\r\nSourcePortName: -\r\nDestinationIsIpv6: false\r\nDestinationIp: 172.18.38.5\r\nDestinationHostname: -\r\nDestinationPort: 389\r\nDestinationPortName: -","DestinationIsIpv6":"false","SourceModuleName":"eventlog","DestinationIp":"172.18.38.5","AccountType":"User"}
{"RuleName":"-","@timestamp":"2020-10-12T22:34:22.748Z","Channel":"Microsoft-Windows-Sysmon/Operational","UserID":"S-1-5-18","RecordNumber":243433,"ThreadID":4308,"Image":"System","ProcessId":"4","Version":5,"Hostname":"MORDORDC.theshire.local","SourcePort":"61043","DestinationHostname":"-","EventReceivedTime":"2020-10-12 18:34:22","ProviderGuid":"{5770385F-C22A-43E0-BF4C-06F5698FFBD9}","DestinationPortName":"-","Protocol":"tcp","UtcTime":"2020-10-12 22:34:19.410","port":61041,"Severity":"INFO","SourceIsIpv6":"true","Task":3,"tags":["mordorDataset"],"SourceModuleType":"im_msvistalog","OpcodeValue":0,"Initiated":"true","EventType":"INFO","ExecutionProcessID":3984,"Opcode":"Info","DestinationPort":"445","SourcePortName":"-","SourceName":"Microsoft-Windows-Sysmon","User":"NT AUTHORITY\\SYSTEM","Keywords":-9223372036854775808,"SourceHostname":"-","EventID":3,"Domain":"NT AUTHORITY","Category":"Network connection detected (rule: NetworkConnect)","@version":"1","AccountName":"SYSTEM","ProcessGuid":"{029f9482-bf96-5f84-0100-000000000400}","host":"wec.internal.cloudapp.net","SourceIp":"fe80:0:0:0:74bc:2942:9832:aa63","SeverityValue":2,"EventTime":"2020-10-12 18:34:20","Message":"Network connection detected:\r\nRuleName: -\r\nUtcTime: 2020-10-12 22:34:19.410\r\nProcessGuid: {029f9482-bf96-5f84-0100-000000000400}\r\nProcessId: 4\r\nImage: System\r\nUser: NT AUTHORITY\\SYSTEM\r\nProtocol: tcp\r\nInitiated: true\r\nSourceIsIpv6: true\r\nSourceIp: fe80:0:0:0:74bc:2942:9832:aa63\r\nSourceHostname: -\r\nSourcePort: 61043\r\nSourcePortName: -\r\nDestinationIsIpv6: true\r\nDestinationIp: fe80:0:0:0:74bc:2942:9832:aa63\r\nDestinationHostname: -\r\nDestinationPort: 445\r\nDestinationPortName: -","DestinationIsIpv6":"true","SourceModuleName":"eventlog","DestinationIp":"fe80:0:0:0:74bc:2942:9832:aa63","AccountType":"User"}
{"RuleName":"-","@timestamp":"2020-10-12T22:34:22.749Z","Channel":"Microsoft-Windows-Sysmon/Operational","UserID":"S-1-5-18","RecordNumber":243434,"ThreadID":4308,"Image":"System","ProcessId":"4","Version":5,"Hostname":"MORDORDC.theshire.local","SourcePort":"61043","DestinationHostname":"-","EventReceivedTime":"2020-10-12 18:34:22","ProviderGuid":"{5770385F-C22A-43E0-BF4C-06F5698FFBD9}","DestinationPortName":"-","Protocol":"tcp","UtcTime":"2020-10-12 22:34:19.410","port":61041,"Severity":"INFO","SourceIsIpv6":"true","Task":3,"tags":["mordorDataset"],"SourceModuleType":"im_msvistalog","OpcodeValue":0,"Initiated":"false","EventType":"INFO","ExecutionProcessID":3984,"Opcode":"Info","DestinationPort":"445","SourcePortName":"-","SourceName":"Microsoft-Windows-Sysmon","User":"NT AUTHORITY\\SYSTEM","Keywords":-9223372036854775808,"SourceHostname":"-","EventID":3,"Domain":"NT AUTHORITY","Category":"Network connection detected (rule: NetworkConnect)","@version":"1","AccountName":"SYSTEM","ProcessGuid":"{029f9482-bf96-5f84-0100-000000000400}","host":"wec.internal.cloudapp.net","SourceIp":"fe80:0:0:0:74bc:2942:9832:aa63","SeverityValue":2,"EventTime":"2020-10-12 18:34:20","Message":"Network connection detected:\r\nRuleName: -\r\nUtcTime: 2020-10-12 22:34:19.410\r\nProcessGuid: {029f9482-bf96-5f84-0100-000000000400}\r\nProcessId: 4\r\nImage: System\r\nUser: NT AUTHORITY\\SYSTEM\r\nProtocol: tcp\r\nInitiated: false\r\nSourceIsIpv6: true\r\nSourceIp: fe80:0:0:0:74bc:2942:9832:aa63\r\nSourceHostname: -\r\nSourcePort: 61043\r\nSourcePortName: -\r\nDestinationIsIpv6: true\r\nDestinationIp: fe80:0:0:0:74bc:2942:9832:aa63\r\nDestinationHostname: -\r\nDestinationPort: 445\r\nDestinationPortName: -","DestinationIsIpv6":"true","SourceModuleName":"eventlog","DestinationIp":"fe80:0:0:0:74bc:2942:9832:aa63","AccountType":"User"}
{"@timestamp":"2020-10-12T22:34:22.749Z","port":61041,"Severity":"INFO","Task":12810,"Channel":"Security","tags":["mordorDataset"],"LayerName":"%%14608","SourceModuleType":"im_msvistalog","OpcodeValue":0,"Application":"\\device\\harddiskvolume2\\packages\\plugins\\microsoft.azure.networkwatcher.networkwatcheragentwindows\\1.4.1654.1\\networkwatcheragent\\networkwatcheragent.exe","EventType":"AUDIT_SUCCESS","ExecutionProcessID":4,"Opcode":"Info","RecordNumber":60997,"ThreadID":5396,"FilterRTID":"0","SourceName":"Microsoft-Windows-Security-Auditing","LayerRTID":"36","Keywords":-9214364837600034816,"EventID":5158,"Category":"Filtering Platform Connection","ProcessId":"3736","Version":0,"@version":"1","host":"wec.internal.cloudapp.net","Hostname":"WORKSTATION6.theshire.local","SourcePort":"58399","EventReceivedTime":"2020-10-12 18:34:22","SeverityValue":2,"EventTime":"2020-10-12 18:34:20","ProviderGuid":"{54849625-5478-4994-A5BA-3E3B0328C30D}","Message":"The Windows Filtering Platform has permitted a bind to a local port.\r\n\r\nApplication Information:\r\n\tProcess ID:\t\t3736\r\n\tApplication Name:\t\\device\\harddiskvolume2\\packages\\plugins\\microsoft.azure.networkwatcher.networkwatcheragentwindows\\1.4.1654.1\\networkwatcheragent\\networkwatcheragent.exe\r\n\r\nNetwork Information:\r\n\tSource Address:\t\t0.0.0.0\r\n\tSource Port:\t\t58399\r\n\tProtocol:\t\t6\r\n\r\nFilter Information:\r\n\tFilter Run-Time ID:\t0\r\n\tLayer Name:\t\tResource Assignment\r\n\tLayer Run-Time ID:\t36","SourceAddress":"0.0.0.0","SourceModuleName":"eventlog","Protocol":"6"}
{"@timestamp":"2020-10-12T22:34:22.750Z","port":61041,"Severity":"INFO","Task":12810,"Channel":"Security","tags":["mordorDataset"],"LayerName":"%%14611","SourceModuleType":"im_msvistalog","OpcodeValue":0,"Application":"\\device\\harddiskvolume2\\packages\\plugins\\microsoft.azure.networkwatcher.networkwatcheragentwindows\\1.4.1654.1\\networkwatcheragent\\networkwatcheragent.exe","EventType":"AUDIT_SUCCESS","ExecutionProcessID":4,"Opcode":"Info","RecordNumber":60998,"ThreadID":5396,"FilterRTID":"68738","SourceName":"Microsoft-Windows-Security-Auditing","DestPort":"8037","LayerRTID":"48","Keywords":-9214364837600034816,"EventID":5156,"Category":"Filtering Platform Connection","ProcessId":"3736","Version":1,"@version":"1","Direction":"%%14593","DestAddress":"168.63.129.16","RemoteUserID":"S-1-0-0","host":"wec.internal.cloudapp.net","Hostname":"WORKSTATION6.theshire.local","SourcePort":"58399","RemoteMachineID":"S-1-0-0","EventReceivedTime":"2020-10-12 18:34:22","SeverityValue":2,"EventTime":"2020-10-12 18:34:20","ProviderGuid":"{54849625-5478-4994-A5BA-3E3B0328C30D}","Message":"The Windows Filtering Platform has permitted a connection.\r\n\r\nApplication Information:\r\n\tProcess ID:\t\t3736\r\n\tApplication Name:\t\\device\\harddiskvolume2\\packages\\plugins\\microsoft.azure.networkwatcher.networkwatcheragentwindows\\1.4.1654.1\\networkwatcheragent\\networkwatcheragent.exe\r\n\r\nNetwork Information:\r\n\tDirection:\t\tOutbound\r\n\tSource Address:\t\t172.18.39.6\r\n\tSource Port:\t\t58399\r\n\tDestination Address:\t168.63.129.16\r\n\tDestination Port:\t\t8037\r\n\tProtocol:\t\t6\r\n\r\nFilter Information:\r\n\tFilter Run-Time ID:\t68738\r\n\tLayer Name:\t\tConnect\r\n\tLayer Run-Time ID:\t48","SourceAddress":"172.18.39.6","SourceModuleName":"eventlog","Protocol":"6"}
{"EventTypeOrignal":"INFO","RuleName":"-","@timestamp":"2020-10-12T22:34:23.749Z","port":61041,"Severity":"INFO","Task":12,"Channel":"Microsoft-Windows-Sysmon/Operational","UtcTime":"2020-10-12 22:34:21.535","UserID":"S-1-5-18","SourceModuleType":"im_msvistalog","OpcodeValue":0,"tags":["mordorDataset"],"TargetObject":"HKU\\S-1-5-21-4107722679-1012484280-3777968168-1104\\Control Panel\\Desktop","ExecutionProcessID":3312,"Opcode":"Info","RecordNumber":338492,"ThreadID":3444,"EventType":"CreateKey","SourceName":"Microsoft-Windows-Sysmon","Keywords":-9223372036854775808,"Image":"C:\\windows\\Explorer.EXE","EventID":12,"Domain":"NT AUTHORITY","Category":"Registry object added or deleted (rule: RegistryEvent)","Version":2,"ProcessId":"4640","@version":"1","AccountName":"SYSTEM","ProcessGuid":"{71b87c12-d429-5f84-d400-000000000500}","host":"wec.internal.cloudapp.net","Hostname":"WORKSTATION5.theshire.local","EventReceivedTime":"2020-10-12 18:34:23","SeverityValue":2,"EventTime":"2020-10-12 18:34:21","ProviderGuid":"{5770385F-C22A-43E0-BF4C-06F5698FFBD9}","Message":"Registry object added or deleted:\r\nRuleName: -\r\nEventType: CreateKey\r\nUtcTime: 2020-10-12 22:34:21.535\r\nProcessGuid: {71b87c12-d429-5f84-d400-000000000500}\r\nProcessId: 4640\r\nImage: C:\\windows\\Explorer.EXE\r\nTargetObject: HKU\\S-1-5-21-4107722679-1012484280-3777968168-1104\\Control Panel\\Desktop","SourceModuleName":"eventlog","AccountType":"User"}
{"EventTypeOrignal":"INFO","RuleName":"-","@timestamp":"2020-10-12T22:34:23.750Z","port":61041,"Severity":"INFO","Task":13,"Channel":"Microsoft-Windows-Sysmon/Operational","UtcTime":"2020-10-12 22:34:21.535","UserID":"S-1-5-18","SourceModuleType":"im_msvistalog","OpcodeValue":0,"tags":["mordorDataset"],"TargetObject":"HKU\\S-1-5-21-4107722679-1012484280-3777968168-1104\\Control Panel\\Desktop\\TranscodedImageCount","ExecutionProcessID":3312,"Opcode":"Info","RecordNumber":338493,"ThreadID":3444,"EventType":"SetValue","SourceName":"Microsoft-Windows-Sysmon","Keywords":-9223372036854775808,"Image":"C:\\windows\\Explorer.EXE","EventID":13,"Domain":"NT AUTHORITY","Category":"Registry value set (rule: RegistryEvent)","Version":2,"ProcessId":"4640","@version":"1","AccountName":"SYSTEM","Details":"DWORD (0x00000002)","ProcessGuid":"{71b87c12-d429-5f84-d400-000000000500}","host":"wec.internal.cloudapp.net","Hostname":"WORKSTATION5.theshire.local","EventReceivedTime":"2020-10-12 18:34:23","SeverityValue":2,"EventTime":"2020-10-12 18:34:21","ProviderGuid":"{5770385F-C22A-43E0-BF4C-06F5698FFBD9}","Message":"Registry value set:\r\nRuleName: -\r\nEventType: SetValue\r\nUtcTime: 2020-10-12 22:34:21.535\r\nProcessGuid: {71b87c12-d429-5f84-d400-000000000500}\r\nProcessId: 4640\r\nImage: C:\\windows\\Explorer.EXE\r\nTargetObject: HKU\\S-1-5-21-4107722679-1012484280-3777968168-1104\\Control Panel\\Desktop\\TranscodedImageCount\r\nDetails: DWORD (0x00000002)","SourceModuleName":"eventlog","AccountType":"User"}
{"SourceProcessId":"3584","RuleName":"-","@timestamp":"2020-10-12T22:34:23.750Z","Channel":"Microsoft-Windows-Sysmon/Operational","UserID":"S-1-5-18","TargetProcessId":"4640","CallTrace":"C:\\windows\\SYSTEM32\\ntdll.dll+9d104|C:\\windows\\System32\\RPCRT4.dll+2d2f4|C:\\windows\\System32\\combase.dll+b84ab|c:\\windows\\system32\\windows.staterepository.dll+2231c|c:\\windows\\system32\\windows.staterepository.dll+1e507|C:\\windows\\System32\\RPCRT4.dll+76a53|C:\\windows\\System32\\RPCRT4.dll+da036|C:\\windows\\System32\\RPCRT4.dll+38359|C:\\windows\\System32\\combase.dll+a5cd3|C:\\windows\\System32\\RPCRT4.dll+59b4b|C:\\windows\\System32\\combase.dll+8d0a3|C:\\windows\\System32\\combase.dll+8ce93|C:\\windows\\System32\\combase.dll+a9516|C:\\windows\\System32\\combase.dll+8a4ba|C:\\windows\\System32\\combase.dll+a47ad|C:\\windows\\System32\\combase.dll+4019c|C:\\windows\\System32\\combase.dll+40a01|C:\\windows\\System32\\combase.dll+421a8|C:\\windows\\System32\\RPCRT4.dll+54998|C:\\windows\\System32\\RPCRT4.dll+2c951|C:\\windows\\System32\\RPCRT4.dll+2c4a0|C:\\windows\\System32\\RPCRT4.dll+1a6bf|C:\\windows\\System32\\RPCRT4.dll+19d1a|C:\\windows\\System32\\RPCRT4.dll+19301","RecordNumber":338494,"ThreadID":3444,"SourceProcessGUID":"{71b87c12-d26a-5f84-7a00-000000000500}","TargetImage":"C:\\windows\\Explorer.EXE","ProcessId":"3584","Version":3,"Hostname":"WORKSTATION5.theshire.local","EventReceivedTime":"2020-10-12 18:34:23","ProviderGuid":"{5770385F-C22A-43E0-BF4C-06F5698FFBD9}","UtcTime":"2020-10-12 22:34:21.550","port":61041,"Severity":"INFO","tags":["mordorDataset"],"Task":10,"SourceThreadId":"6436","SourceModuleType":"im_msvistalog","OpcodeValue":0,"EventType":"INFO","ExecutionProcessID":3312,"Opcode":"Info","SourceName":"Microsoft-Windows-Sysmon","Keywords":-9223372036854775808,"EventID":10,"Domain":"NT AUTHORITY","Category":"Process accessed (rule: ProcessAccess)","@version":"1","AccountName":"SYSTEM","host":"wec.internal.cloudapp.net","SourceImage":"C:\\windows\\system32\\svchost.exe","SeverityValue":2,"EventTime":"2020-10-12 18:34:21","Message":"Process accessed:\r\nRuleName: -\r\nUtcTime: 2020-10-12 22:34:21.550\r\nSourceProcessGUID: {71b87c12-d26a-5f84-7a00-000000000500}\r\nSourceProcessId: 3584\r\nSourceThreadId: 6436\r\nSourceImage: C:\\windows\\system32\\svchost.exe\r\nTargetProcessGUID: {71b87c12-d429-5f84-d400-000000000500}\r\nTargetProcessId: 4640\r\nTargetImage: C:\\windows\\Explorer.EXE\r\nGrantedAccess: 0x1000\r\nCallTrace: C:\\windows\\SYSTEM32\\ntdll.dll+9d104|C:\\windows\\System32\\RPCRT4.dll+2d2f4|C:\\windows\\System32\\combase.dll+b84ab|c:\\windows\\system32\\windows.staterepository.dll+2231c|c:\\windows\\system32\\windows.staterepository.dll+1e507|C:\\windows\\System32\\RPCRT4.dll+76a53|C:\\windows\\System32\\RPCRT4.dll+da036|C:\\windows\\System32\\RPCRT4.dll+38359|C:\\windows\\System32\\combase.dll+a5cd3|C:\\windows\\System32\\RPCRT4.dll+59b4b|C:\\windows\\System32\\combase.dll+8d0a3|C:\\windows\\System32\\combase.dll+8ce93|C:\\windows\\System32\\combase.dll+a9516|C:\\windows\\System32\\combase.dll+8a4ba|C:\\windows\\System32\\combase.dll+a47ad|C:\\windows\\System32\\combase.dll+4019c|C:\\windows\\System32\\combase.dll+40a01|C:\\windows\\System32\\combase.dll+421a8|C:\\windows\\System32\\RPCRT4.dll+54998|C:\\windows\\System32\\RPCRT4.dll+2c951|C:\\windows\\System32\\RPCRT4.dll+2c4a0|C:\\windows\\System32\\RPCRT4.dll+1a6bf|C:\\windows\\System32\\RPCRT4.dll+19d1a|C:\\windows\\System32\\RPCRT4.dll+19301","SourceModuleName":"eventlog","GrantedAccess":"0x1000","AccountType":"User","TargetProcessGUID":"{71b87c12-d429-5f84-d400-000000000500}"}
{"SourceProcessId":"3584","RuleName":"-","@timestamp":"2020-10-12T22:34:23.751Z","Channel":"Microsoft-Windows-Sysmon/Operational","UserID":"S-1-5-18","TargetProcessId":"4640","CallTrace":"C:\\windows\\SYSTEM32\\ntdll.dll+9d104|C:\\windows\\System32\\RPCRT4.dll+2d2f4|C:\\windows\\System32\\combase.dll+b84ab|c:\\windows\\system32\\windows.staterepository.dll+22029|C:\\windows\\System32\\RPCRT4.dll+76a53|C:\\windows\\System32\\RPCRT4.dll+da036|C:\\windows\\System32\\RPCRT4.dll+38359|C:\\windows\\System32\\combase.dll+a5cd3|C:\\windows\\System32\\RPCRT4.dll+59b4b|C:\\windows\\System32\\combase.dll+8d0a3|C:\\windows\\System32\\combase.dll+8ce93|C:\\windows\\System32\\combase.dll+a9516|C:\\windows\\System32\\combase.dll+8a4ba|C:\\windows\\System32\\combase.dll+a47ad|C:\\windows\\System32\\combase.dll+4019c|C:\\windows\\System32\\combase.dll+40a01|C:\\windows\\System32\\combase.dll+421a8|C:\\windows\\System32\\RPCRT4.dll+54998|C:\\windows\\System32\\RPCRT4.dll+2c951|C:\\windows\\System32\\RPCRT4.dll+2c4a0|C:\\windows\\System32\\RPCRT4.dll+1a6bf|C:\\windows\\System32\\RPCRT4.dll+19d1a|C:\\windows\\System32\\RPCRT4.dll+19301|C:\\windows\\System32\\RPCRT4.dll+18d6e","RecordNumber":338495,"ThreadID":3444,"SourceProcessGUID":"{71b87c12-d26a-5f84-7a00-000000000500}","TargetImage":"C:\\windows\\Explorer.EXE","ProcessId":"3584","Version":3,"Hostname":"WORKSTATION5.theshire.local","EventReceivedTime":"2020-10-12 18:34:23","ProviderGuid":"{5770385F-C22A-43E0-BF4C-06F5698FFBD9}","UtcTime":"2020-10-12 22:34:21.550","port":61041,"Severity":"INFO","tags":["mordorDataset"],"Task":10,"SourceThreadId":"6436","SourceModuleType":"im_msvistalog","OpcodeValue":0,"EventType":"INFO","ExecutionProcessID":3312,"Opcode":"Info","SourceName":"Microsoft-Windows-Sysmon","Keywords":-9223372036854775808,"EventID":10,"Domain":"NT AUTHORITY","Category":"Process accessed (rule: ProcessAccess)","@version":"1","AccountName":"SYSTEM","host":"wec.internal.cloudapp.net","SourceImage":"C:\\windows\\system32\\svchost.exe","SeverityValue":2,"EventTime":"2020-10-12 18:34:21","Message":"Process accessed:\r\nRuleName: -\r\nUtcTime: 2020-10-12 22:34:21.550\r\nSourceProcessGUID: {71b87c12-d26a-5f84-7a00-000000000500}\r\nSourceProcessId: 3584\r\nSourceThreadId: 6436\r\nSourceImage: C:\\windows\\system32\\svchost.exe\r\nTargetProcessGUID: {71b87c12-d429-5f84-d400-000000000500}\r\nTargetProcessId: 4640\r\nTargetImage: C:\\windows\\Explorer.EXE\r\nGrantedAccess: 0x1000\r\nCallTrace: C:\\windows\\SYSTEM32\\ntdll.dll+9d104|C:\\windows\\System32\\RPCRT4.dll+2d2f4|C:\\windows\\System32\\combase.dll+b84ab|c:\\windows\\system32\\windows.staterepository.dll+22029|C:\\windows\\System32\\RPCRT4.dll+76a53|C:\\windows\\System32\\RPCRT4.dll+da036|C:\\windows\\System32\\RPCRT4.dll+38359|C:\\windows\\System32\\combase.dll+a5cd3|C:\\windows\\System32\\RPCRT4.dll+59b4b|C:\\windows\\System32\\combase.dll+8d0a3|C:\\windows\\System32\\combase.dll+8ce93|C:\\windows\\System32\\combase.dll+a9516|C:\\windows\\System32\\combase.dll+8a4ba|C:\\windows\\System32\\combase.dll+a47ad|C:\\windows\\System32\\combase.dll+4019c|C:\\windows\\System32\\combase.dll+40a01|C:\\windows\\System32\\combase.dll+421a8|C:\\windows\\System32\\RPCRT4.dll+54998|C:\\windows\\System32\\RPCRT4.dll+2c951|C:\\windows\\System32\\RPCRT4.dll+2c4a0|C:\\windows\\System32\\RPCRT4.dll+1a6bf|C:\\windows\\System32\\RPCRT4.dll+19d1a|C:\\windows\\System32\\RPCRT4.dll+19301|C:\\windows\\System32\\RPCRT4.dll+18d6e","SourceModuleName":"eventlog","GrantedAccess":"0x1000","AccountType":"User","TargetProcessGUID":"{71b87c12-d429-5f84-d400-000000000500}"}
