{"RuleName":"-","@timestamp":"2020-10-12T22:34:38.910Z","SignatureStatus":"Valid","Channel":"Microsoft-Windows-Sysmon/Operational","UserID":"S-1-5-18","RecordNumber":338525,"ThreadID":3444,"Image":"C:\\Windows\\System32\\conhost.exe","ProcessId":"4288","Company":"Microsoft Corporation","Version":3,"Hostname":"WORKSTATION5.theshire.local","ImageLoaded":"C:\\Windows\\System32\\bcryptprimitives.dll","Description":"Windows Cryptographic Primitives Library","EventReceivedTime":"2020-10-12 18:34:38","ProviderGuid":"{5770385F-C22A-43E0-BF4C-06F5698FFBD9}","Signed":"true","UtcTime":"2020-10-12 22:34:38.122","port":61041,"Severity":"INFO","tags":["mordorDataset"],"Task":7,"SourceModuleType":"im_msvistalog","OpcodeValue":0,"EventType":"INFO","ExecutionProcessID":3312,"Opcode":"Info","SourceName":"Microsoft-Windows-Sysmon","Product":"Microsoft® Windows® Operating System","Keywords":-9223372036854775808,"FileVersion":"10.0.18362.836 (WinBuild.160101.0800)","EventID":7,"Domain":"NT AUTHORITY","Category":"Image loaded (rule: ImageLoad)","OriginalFileName":"bcryptprimitives.dll","@version":"1","AccountName":"SYSTEM","ProcessGuid":"{71b87c12-d9fe-5f84-1801-000000000500}","host":"wec.internal.cloudapp.net","Hashes":"SHA1=B4222C8DC3274CFC3FE54F322D827B2F01FFF036,MD5=EF2BBEAFF07D32A2EC77FB4602FA9664,SHA256=6B47F3E88CDEDF8F31F91940E38A4544818C79D153323262F9F46B21F41D262C,IMPHASH=402DA460E2AC467F4489C588A9941032","SeverityValue":2,"EventTime":"2020-10-12 18:34:38","Message":"Image loaded:\r\nRuleName: -\r\nUtcTime: 2020-10-12 22:34:38.122\r\nProcessGuid: {71b87c12-d9fe-5f84-1801-000000000500}\r\nProcessId: 4288\r\nImage: C:\\Windows\\System32\\conhost.exe\r\nImageLoaded: C:\\Windows\\System32\\bcryptprimitives.dll\r\nFileVersion: 10.0.18362.836 (WinBuild.160101.0800)\r\nDescription: Windows Cryptographic Primitives Library\r\nProduct: Microsoft® Windows® Operating System\r\nCompany: Microsoft Corporation\r\nOriginalFileName: bcryptprimitives.dll\r\nHashes: SHA1=B4222C8DC3274CFC3FE54F322D827B2F01FFF036,MD5=EF2BBEAFF07D32A2EC77FB4602FA9664,SHA256=6B47F3E88CDEDF8F31F91940E38A4544818C79D153323262F9F46B21F41D262C,IMPHASH=402DA460E2AC467F4489C588A9941032\r\nSigned: true\r\nSignature: Microsoft Windows\r\nSignatureStatus: Valid","SourceModuleName":"eventlog","AccountType":"User","Signature":"Microsoft Windows"}
{"RuleName":"-","@timestamp":"2020-10-12T22:34:38.911Z","SignatureStatus":"Valid","Channel":"Microsoft-Windows-Sysmon/Operational","UserID":"S-1-5-18","RecordNumber":338526,"ThreadID":3444,"Image":"C:\\Windows\\System32\\conhost.exe","ProcessId":"4288","Company":"Microsoft Corporation","Version":3,"Hostname":"WORKSTATION5.theshire.local","ImageLoaded":"C:\\Windows\\System32\\advapi32.dll","Description":"Advanced Windows 32 Base API","EventReceivedTime":"2020-10-12 18:34:38","ProviderGuid":"{5770385F-C22A-43E0-BF4C-06F5698FFBD9}","Signed":"true","UtcTime":"2020-10-12 22:34:38.122","port":61041,"Severity":"INFO","tags":["mordorDataset"],"Task":7,"SourceModuleType":"im_msvistalog","OpcodeValue":0,"EventType":"INFO","ExecutionProcessID":3312,"Opcode":"Info","SourceName":"Microsoft-Windows-Sysmon","Product":"Microsoft® Windows® Operating System","Keywords":-9223372036854775808,"FileVersion":"10.0.18362.752 (WinBuild.160101.0800)","EventID":7,"Domain":"NT AUTHORITY","Category":"Image loaded (rule: ImageLoad)","OriginalFileName":"advapi32.dll","@version":"1","AccountName":"SYSTEM","ProcessGuid":"{71b87c12-d9fe-5f84-1801-000000000500}","host":"wec.internal.cloudapp.net","Hashes":"SHA1=35C61DDE6F8F4ED05F9C4837E2B91C886CA79F82,MD5=EA4F6E7961B4A402F6F5EC33C655260A,SHA256=5E2D103E7E1FD7CA0492E541F082D274EF6259AF2158A3562986C796C5C869DD,IMPHASH=8EEA175C33205685FB8A14876D7564DB","SeverityValue":2,"EventTime":"2020-10-12 18:34:38","Message":"Image loaded:\r\nRuleName: -\r\nUtcTime: 2020-10-12 22:34:38.122\r\nProcessGuid: {71b87c12-d9fe-5f84-1801-000000000500}\r\nProcessId: 4288\r\nImage: C:\\Windows\\System32\\conhost.exe\r\nImageLoaded: C:\\Windows\\System32\\advapi32.dll\r\nFileVersion: 10.0.18362.752 (WinBuild.160101.0800)\r\nDescription: Advanced Windows 32 Base API\r\nProduct: Microsoft® Windows® Operating System\r\nCompany: Microsoft Corporation\r\nOriginalFileName: advapi32.dll\r\nHashes: SHA1=35C61DDE6F8F4ED05F9C4837E2B91C886CA79F82,MD5=EA4F6E7961B4A402F6F5EC33C655260A,SHA256=5E2D103E7E1FD7CA0492E541F082D274EF6259AF2158A3562986C796C5C869DD,IMPHASH=8EEA175C33205685FB8A14876D7564DB\r\nSigned: true\r\nSignature: Microsoft Windows\r\nSignatureStatus: Valid","SourceModuleName":"eventlog","AccountType":"User","Signature":"Microsoft Windows"}
{"RuleName":"-","@timestamp":"2020-10-12T22:34:38.911Z","SignatureStatus":"Valid","Channel":"Microsoft-Windows-Sysmon/Operational","UserID":"S-1-5-18","RecordNumber":338527,"ThreadID":3444,"Image":"C:\\Windows\\System32\\conhost.exe","ProcessId":"4288","Company":"Microsoft Corporation","Version":3,"Hostname":"WORKSTATION5.theshire.local","ImageLoaded":"C:\\Windows\\System32\\sechost.dll","Description":"Host for SCM/SDDL/LSA Lookup APIs","EventReceivedTime":"2020-10-12 18:34:38","ProviderGuid":"{5770385F-C22A-43E0-BF4C-06F5698FFBD9}","Signed":"true","UtcTime":"2020-10-12 22:34:38.122","port":61041,"Severity":"INFO","tags":["mordorDataset"],"Task":7,"SourceModuleType":"im_msvistalog","OpcodeValue":0,"EventType":"INFO","ExecutionProcessID":3312,"Opcode":"Info","SourceName":"Microsoft-Windows-Sysmon","Product":"Microsoft® Windows® Operating System","Keywords":-9223372036854775808,"FileVersion":"10.0.18362.959 (WinBuild.160101.0800)","EventID":7,"Domain":"NT AUTHORITY","Category":"Image loaded (rule: ImageLoad)","OriginalFileName":"sechost.dll","@version":"1","AccountName":"SYSTEM","ProcessGuid":"{71b87c12-d9fe-5f84-1801-000000000500}","host":"wec.internal.cloudapp.net","Hashes":"SHA1=A330EDE32DFA03AE6808EE7FB6916D8DEB8F5DDE,MD5=A094E2B38D3DD864B07580D243CB6E43,SHA256=C441E19D20961D4E990E117A300ED318BEDBF2F8BA0FF07BEE7832AC502CDDF2,IMPHASH=CE4BD072766253F6A267D0284CA82002","SeverityValue":2,"EventTime":"2020-10-12 18:34:38","Message":"Image loaded:\r\nRuleName: -\r\nUtcTime: 2020-10-12 22:34:38.122\r\nProcessGuid: {71b87c12-d9fe-5f84-1801-000000000500}\r\nProcessId: 4288\r\nImage: C:\\Windows\\System32\\conhost.exe\r\nImageLoaded: C:\\Windows\\System32\\sechost.dll\r\nFileVersion: 10.0.18362.959 (WinBuild.160101.0800)\r\nDescription: Host for SCM/SDDL/LSA Lookup APIs\r\nProduct: Microsoft® Windows® Operating System\r\nCompany: Microsoft Corporation\r\nOriginalFileName: sechost.dll\r\nHashes: SHA1=A330EDE32DFA03AE6808EE7FB6916D8DEB8F5DDE,MD5=A094E2B38D3DD864B07580D243CB6E43,SHA256=C441E19D20961D4E990E117A300ED318BEDBF2F8BA0FF07BEE7832AC502CDDF2,IMPHASH=CE4BD072766253F6A267D0284CA82002\r\nSigned: true\r\nSignature: Microsoft Windows\r\nSignatureStatus: Valid","SourceModuleName":"eventlog","AccountType":"User","Signature":"Microsoft Windows"}
{"SourceProcessId":"4288","RuleName":"-","@timestamp":"2020-10-12T22:34:38.912Z","Channel":"Microsoft-Windows-Sysmon/Operational","UserID":"S-1-5-18","TargetProcessId":"3148","CallTrace":"C:\\windows\\SYSTEM32\\ntdll.dll+9c534|C:\\windows\\System32\\KERNELBASE.dll+305fe|C:\\windows\\system32\\conhost.exe+1260d|C:\\windows\\system32\\conhost.exe+12505|C:\\windows\\system32\\conhost.exe+895c|C:\\windows\\system32\\conhost.exe+f2e6|C:\\windows\\System32\\KERNEL32.DLL+17bd4|C:\\windows\\SYSTEM32\\ntdll.dll+6ce51","RecordNumber":338528,"ThreadID":3444,"SourceProcessGUID":"{71b87c12-d9fe-5f84-1801-000000000500}","TargetImage":"C:\\windows\\SYSTEM32\\cmd.exe","ProcessId":"4288","Version":3,"Hostname":"WORKSTATION5.theshire.local","EventReceivedTime":"2020-10-12 18:34:38","ProviderGuid":"{5770385F-C22A-43E0-BF4C-06F5698FFBD9}","UtcTime":"2020-10-12 22:34:38.122","port":61041,"Severity":"INFO","tags":["mordorDataset"],"Task":10,"SourceThreadId":"4852","SourceModuleType":"im_msvistalog","OpcodeValue":0,"EventType":"INFO","ExecutionProcessID":3312,"Opcode":"Info","SourceName":"Microsoft-Windows-Sysmon","Keywords":-9223372036854775808,"EventID":10,"Domain":"NT AUTHORITY","Category":"Process accessed (rule: ProcessAccess)","@version":"1","AccountName":"SYSTEM","host":"wec.internal.cloudapp.net","SourceImage":"C:\\windows\\system32\\conhost.exe","SeverityValue":2,"EventTime":"2020-10-12 18:34:38","Message":"Process accessed:\r\nRuleName: -\r\nUtcTime: 2020-10-12 22:34:38.122\r\nSourceProcessGUID: {71b87c12-d9fe-5f84-1801-000000000500}\r\nSourceProcessId: 4288\r\nSourceThreadId: 4852\r\nSourceImage: C:\\windows\\system32\\conhost.exe\r\nTargetProcessGUID: {71b87c12-d9fe-5f84-1701-000000000500}\r\nTargetProcessId: 3148\r\nTargetImage: C:\\windows\\SYSTEM32\\cmd.exe\r\nGrantedAccess: 0x1FFFFF\r\nCallTrace: C:\\windows\\SYSTEM32\\ntdll.dll+9c534|C:\\windows\\System32\\KERNELBASE.dll+305fe|C:\\windows\\system32\\conhost.exe+1260d|C:\\windows\\system32\\conhost.exe+12505|C:\\windows\\system32\\conhost.exe+895c|C:\\windows\\system32\\conhost.exe+f2e6|C:\\windows\\System32\\KERNEL32.DLL+17bd4|C:\\windows\\SYSTEM32\\ntdll.dll+6ce51","SourceModuleName":"eventlog","GrantedAccess":"0x1fffff","AccountType":"User","TargetProcessGUID":"{71b87c12-d9fe-5f84-1701-000000000500}"}
{"RuleName":"-","@timestamp":"2020-10-12T22:34:38.913Z","SignatureStatus":"Valid","Channel":"Microsoft-Windows-Sysmon/Operational","UserID":"S-1-5-18","RecordNumber":338529,"ThreadID":3444,"Image":"C:\\Windows\\System32\\conhost.exe","ProcessId":"4288","Company":"Microsoft Corporation","Version":3,"Hostname":"WORKSTATION5.theshire.local","ImageLoaded":"C:\\Windows\\System32\\user32.dll","Description":"Multi-User Windows USER API Client DLL","EventReceivedTime":"2020-10-12 18:34:38","ProviderGuid":"{5770385F-C22A-43E0-BF4C-06F5698FFBD9}","Signed":"true","UtcTime":"2020-10-12 22:34:38.122","port":61041,"Severity":"INFO","tags":["mordorDataset"],"Task":7,"SourceModuleType":"im_msvistalog","OpcodeValue":0,"EventType":"INFO","ExecutionProcessID":3312,"Opcode":"Info","SourceName":"Microsoft-Windows-Sysmon","Product":"Microsoft® Windows® Operating System","Keywords":-9223372036854775808,"FileVersion":"10.0.18362.997 (WinBuild.160101.0800)","EventID":7,"Domain":"NT AUTHORITY","Category":"Image loaded (rule: ImageLoad)","OriginalFileName":"user32","@version":"1","AccountName":"SYSTEM","ProcessGuid":"{71b87c12-d9fe-5f84-1801-000000000500}","host":"wec.internal.cloudapp.net","Hashes":"SHA1=75625F56E7F2AC8E56CE8A00A3EA4C0C6B0807EF,MD5=C7255260A37B185705C47AA5824AF151,SHA256=116DFE7CC1C09CB0CF7B6D3936D6F2BBC0739A9267CF840FB873B142150253BE,IMPHASH=4C2FEDA3D715107818B9354EC0C836B2","SeverityValue":2,"EventTime":"2020-10-12 18:34:38","Message":"Image loaded:\r\nRuleName: -\r\nUtcTime: 2020-10-12 22:34:38.122\r\nProcessGuid: {71b87c12-d9fe-5f84-1801-000000000500}\r\nProcessId: 4288\r\nImage: C:\\Windows\\System32\\conhost.exe\r\nImageLoaded: C:\\Windows\\System32\\user32.dll\r\nFileVersion: 10.0.18362.997 (WinBuild.160101.0800)\r\nDescription: Multi-User Windows USER API Client DLL\r\nProduct: Microsoft® Windows® Operating System\r\nCompany: Microsoft Corporation\r\nOriginalFileName: user32\r\nHashes: SHA1=75625F56E7F2AC8E56CE8A00A3EA4C0C6B0807EF,MD5=C7255260A37B185705C47AA5824AF151,SHA256=116DFE7CC1C09CB0CF7B6D3936D6F2BBC0739A9267CF840FB873B142150253BE,IMPHASH=4C2FEDA3D715107818B9354EC0C836B2\r\nSigned: true\r\nSignature: Microsoft Windows\r\nSignatureStatus: Valid","SourceModuleName":"eventlog","AccountType":"User","Signature":"Microsoft Windows"}
{"RuleName":"-","@timestamp":"2020-10-12T22:34:38.913Z","SignatureStatus":"Valid","Channel":"Microsoft-Windows-Sysmon/Operational","UserID":"S-1-5-18","RecordNumber":338530,"ThreadID":3444,"Image":"C:\\Windows\\System32\\conhost.exe","ProcessId":"4288","Company":"Microsoft Corporation","Version":3,"Hostname":"WORKSTATION5.theshire.local","ImageLoaded":"C:\\Windows\\System32\\win32u.dll","Description":"Win32u","EventReceivedTime":"2020-10-12 18:34:38","ProviderGuid":"{5770385F-C22A-43E0-BF4C-06F5698FFBD9}","Signed":"true","UtcTime":"2020-10-12 22:34:38.122","port":61041,"Severity":"INFO","tags":["mordorDataset"],"Task":7,"SourceModuleType":"im_msvistalog","OpcodeValue":0,"EventType":"INFO","ExecutionProcessID":3312,"Opcode":"Info","SourceName":"Microsoft-Windows-Sysmon","Product":"Microsoft® Windows® Operating System","Keywords":-9223372036854775808,"FileVersion":"10.0.18362.1082 (WinBuild.160101.0800)","EventID":7,"Domain":"NT AUTHORITY","Category":"Image loaded (rule: ImageLoad)","OriginalFileName":"Win32u.DLL","@version":"1","AccountName":"SYSTEM","ProcessGuid":"{71b87c12-d9fe-5f84-1801-000000000500}","host":"wec.internal.cloudapp.net","Hashes":"SHA1=513CA7ADBF528DE9D0770936A2748FBEE92FD4B1,MD5=59FC84F38585E8F4D32424A05612E4FA,SHA256=68BBFE7153072E5A8D11972AA38B0E2CEF94D2149960E543DD80168C1F92BD24,IMPHASH=00000000000000000000000000000000","SeverityValue":2,"EventTime":"2020-10-12 18:34:38","Message":"Image loaded:\r\nRuleName: -\r\nUtcTime: 2020-10-12 22:34:38.122\r\nProcessGuid: {71b87c12-d9fe-5f84-1801-000000000500}\r\nProcessId: 4288\r\nImage: C:\\Windows\\System32\\conhost.exe\r\nImageLoaded: C:\\Windows\\System32\\win32u.dll\r\nFileVersion: 10.0.18362.1082 (WinBuild.160101.0800)\r\nDescription: Win32u\r\nProduct: Microsoft® Windows® Operating System\r\nCompany: Microsoft Corporation\r\nOriginalFileName: Win32u.DLL\r\nHashes: SHA1=513CA7ADBF528DE9D0770936A2748FBEE92FD4B1,MD5=59FC84F38585E8F4D32424A05612E4FA,SHA256=68BBFE7153072E5A8D11972AA38B0E2CEF94D2149960E543DD80168C1F92BD24,IMPHASH=00000000000000000000000000000000\r\nSigned: true\r\nSignature: Microsoft Windows\r\nSignatureStatus: Valid","SourceModuleName":"eventlog","AccountType":"User","Signature":"Microsoft Windows"}
{"RuleName":"-","@timestamp":"2020-10-12T22:34:38.914Z","SignatureStatus":"Valid","Channel":"Microsoft-Windows-Sysmon/Operational","UserID":"S-1-5-18","RecordNumber":338531,"ThreadID":3444,"Image":"C:\\Windows\\System32\\conhost.exe","ProcessId":"4288","Company":"Microsoft Corporation","Version":3,"Hostname":"WORKSTATION5.theshire.local","ImageLoaded":"C:\\Windows\\System32\\gdi32.dll","Description":"GDI Client DLL","EventReceivedTime":"2020-10-12 18:34:38","ProviderGuid":"{5770385F-C22A-43E0-BF4C-06F5698FFBD9}","Signed":"true","UtcTime":"2020-10-12 22:34:38.122","port":61041,"Severity":"INFO","tags":["mordorDataset"],"Task":7,"SourceModuleType":"im_msvistalog","OpcodeValue":0,"EventType":"INFO","ExecutionProcessID":3312,"Opcode":"Info","SourceName":"Microsoft-Windows-Sysmon","Product":"Microsoft® Windows® Operating System","Keywords":-9223372036854775808,"FileVersion":"10.0.18362.1 (WinBuild.160101.0800)","EventID":7,"Domain":"NT AUTHORITY","Category":"Image loaded (rule: ImageLoad)","OriginalFileName":"gdi32","@version":"1","AccountName":"SYSTEM","ProcessGuid":"{71b87c12-d9fe-5f84-1801-000000000500}","host":"wec.internal.cloudapp.net","Hashes":"SHA1=9E91D74D5B9BF64A3D4BE8C5EA3594F5DA2BC299,MD5=2839609118F48DEA292084E43FAA72D8,SHA256=4FC9460147D5A3AA1F9498863CF10BB7BE6099BEF1A3D55503164CA51E36E27E,IMPHASH=C5F30E6A06AB646153863B68366FE58A","SeverityValue":2,"EventTime":"2020-10-12 18:34:38","Message":"Image loaded:\r\nRuleName: -\r\nUtcTime: 2020-10-12 22:34:38.122\r\nProcessGuid: {71b87c12-d9fe-5f84-1801-000000000500}\r\nProcessId: 4288\r\nImage: C:\\Windows\\System32\\conhost.exe\r\nImageLoaded: C:\\Windows\\System32\\gdi32.dll\r\nFileVersion: 10.0.18362.1 (WinBuild.160101.0800)\r\nDescription: GDI Client DLL\r\nProduct: Microsoft® Windows® Operating System\r\nCompany: Microsoft Corporation\r\nOriginalFileName: gdi32\r\nHashes: SHA1=9E91D74D5B9BF64A3D4BE8C5EA3594F5DA2BC299,MD5=2839609118F48DEA292084E43FAA72D8,SHA256=4FC9460147D5A3AA1F9498863CF10BB7BE6099BEF1A3D55503164CA51E36E27E,IMPHASH=C5F30E6A06AB646153863B68366FE58A\r\nSigned: true\r\nSignature: Microsoft Windows\r\nSignatureStatus: Valid","SourceModuleName":"eventlog","AccountType":"User","Signature":"Microsoft Windows"}
{"RuleName":"-","@timestamp":"2020-10-12T22:34:38.914Z","SignatureStatus":"Valid","Channel":"Microsoft-Windows-Sysmon/Operational","UserID":"S-1-5-18","RecordNumber":338532,"ThreadID":3444,"Image":"C:\\Windows\\System32\\conhost.exe","ProcessId":"4288","Company":"Microsoft Corporation","Version":3,"Hostname":"WORKSTATION5.theshire.local","ImageLoaded":"C:\\Windows\\System32\\gdi32full.dll","Description":"GDI Client DLL","EventReceivedTime":"2020-10-12 18:34:38","ProviderGuid":"{5770385F-C22A-43E0-BF4C-06F5698FFBD9}","Signed":"true","UtcTime":"2020-10-12 22:34:38.122","port":61041,"Severity":"INFO","tags":["mordorDataset"],"Task":7,"SourceModuleType":"im_msvistalog","OpcodeValue":0,"EventType":"INFO","ExecutionProcessID":3312,"Opcode":"Info","SourceName":"Microsoft-Windows-Sysmon","Product":"Microsoft® Windows® Operating System","Keywords":-9223372036854775808,"FileVersion":"10.0.18362.1082 (WinBuild.160101.0800)","EventID":7,"Domain":"NT AUTHORITY","Category":"Image loaded (rule: ImageLoad)","OriginalFileName":"gdi32","@version":"1","AccountName":"SYSTEM","ProcessGuid":"{71b87c12-d9fe-5f84-1801-000000000500}","host":"wec.internal.cloudapp.net","Hashes":"SHA1=F7A63E3541F18A55EB874AAD899373D0C6EDED74,MD5=9B9E9E68B817D79F296AB1CCF378D017,SHA256=1CF582623B0CB3868554E78574B599F39B10B5CA4A51FA898F89286DDD15CE13,IMPHASH=4D32F6E2211CD04CA28C2CD4FAC607E8","SeverityValue":2,"EventTime":"2020-10-12 18:34:38","Message":"Image loaded:\r\nRuleName: -\r\nUtcTime: 2020-10-12 22:34:38.122\r\nProcessGuid: {71b87c12-d9fe-5f84-1801-000000000500}\r\nProcessId: 4288\r\nImage: C:\\Windows\\System32\\conhost.exe\r\nImageLoaded: C:\\Windows\\System32\\gdi32full.dll\r\nFileVersion: 10.0.18362.1082 (WinBuild.160101.0800)\r\nDescription: GDI Client DLL\r\nProduct: Microsoft® Windows® Operating System\r\nCompany: Microsoft Corporation\r\nOriginalFileName: gdi32\r\nHashes: SHA1=F7A63E3541F18A55EB874AAD899373D0C6EDED74,MD5=9B9E9E68B817D79F296AB1CCF378D017,SHA256=1CF582623B0CB3868554E78574B599F39B10B5CA4A51FA898F89286DDD15CE13,IMPHASH=4D32F6E2211CD04CA28C2CD4FAC607E8\r\nSigned: true\r\nSignature: Microsoft Windows\r\nSignatureStatus: Valid","SourceModuleName":"eventlog","AccountType":"User","Signature":"Microsoft Windows"}
{"RuleName":"-","@timestamp":"2020-10-12T22:34:38.915Z","SignatureStatus":"Valid","Channel":"Microsoft-Windows-Sysmon/Operational","UserID":"S-1-5-18","RecordNumber":338533,"ThreadID":3444,"Image":"C:\\Windows\\System32\\conhost.exe","ProcessId":"4288","Company":"Microsoft Corporation","Version":3,"Hostname":"WORKSTATION5.theshire.local","ImageLoaded":"C:\\Windows\\System32\\imm32.dll","Description":"Multi-User Windows IMM32 API Client DLL","EventReceivedTime":"2020-10-12 18:34:38","ProviderGuid":"{5770385F-C22A-43E0-BF4C-06F5698FFBD9}","Signed":"true","UtcTime":"2020-10-12 22:34:38.122","port":61041,"Severity":"INFO","tags":["mordorDataset"],"Task":7,"SourceModuleType":"im_msvistalog","OpcodeValue":0,"EventType":"INFO","ExecutionProcessID":3312,"Opcode":"Info","SourceName":"Microsoft-Windows-Sysmon","Product":"Microsoft® Windows® Operating System","Keywords":-9223372036854775808,"FileVersion":"10.0.18362.387 (WinBuild.160101.0800)","EventID":7,"Domain":"NT AUTHORITY","Category":"Image loaded (rule: ImageLoad)","OriginalFileName":"imm32","@version":"1","AccountName":"SYSTEM","ProcessGuid":"{71b87c12-d9fe-5f84-1801-000000000500}","host":"wec.internal.cloudapp.net","Hashes":"SHA1=76BB2AB8D3CB6DB6D23F4771334C9AA9C231B03A,MD5=025CC332EDC4B1A38290F3E36BCEF4FB,SHA256=0FE3C1C575EA1B0257B2EB12527EC35E3004CD88EA5BAEC7095386A9F9EB70AD,IMPHASH=24F54B6761C10BA12481CF6C780605BF","SeverityValue":2,"EventTime":"2020-10-12 18:34:38","Message":"Image loaded:\r\nRuleName: -\r\nUtcTime: 2020-10-12 22:34:38.122\r\nProcessGuid: {71b87c12-d9fe-5f84-1801-000000000500}\r\nProcessId: 4288\r\nImage: C:\\Windows\\System32\\conhost.exe\r\nImageLoaded: C:\\Windows\\System32\\imm32.dll\r\nFileVersion: 10.0.18362.387 (WinBuild.160101.0800)\r\nDescription: Multi-User Windows IMM32 API Client DLL\r\nProduct: Microsoft® Windows® Operating System\r\nCompany: Microsoft Corporation\r\nOriginalFileName: imm32\r\nHashes: SHA1=76BB2AB8D3CB6DB6D23F4771334C9AA9C231B03A,MD5=025CC332EDC4B1A38290F3E36BCEF4FB,SHA256=0FE3C1C575EA1B0257B2EB12527EC35E3004CD88EA5BAEC7095386A9F9EB70AD,IMPHASH=24F54B6761C10BA12481CF6C780605BF\r\nSigned: true\r\nSignature: Microsoft Windows\r\nSignatureStatus: Valid","SourceModuleName":"eventlog","AccountType":"User","Signature":"Microsoft Windows"}
{"RuleName":"-","@timestamp":"2020-10-12T22:34:38.915Z","SignatureStatus":"Valid","Channel":"Microsoft-Windows-Sysmon/Operational","UserID":"S-1-5-18","RecordNumber":338534,"ThreadID":3444,"Image":"C:\\Windows\\System32\\conhost.exe","ProcessId":"4288","Company":"Microsoft Corporation","Version":3,"Hostname":"WORKSTATION5.theshire.local","ImageLoaded":"C:\\Windows\\System32\\shell32.dll","Description":"Windows Shell Common Dll","EventReceivedTime":"2020-10-12 18:34:38","ProviderGuid":"{5770385F-C22A-43E0-BF4C-06F5698FFBD9}","Signed":"true","UtcTime":"2020-10-12 22:34:38.122","port":61041,"Severity":"INFO","tags":["mordorDataset"],"Task":7,"SourceModuleType":"im_msvistalog","OpcodeValue":0,"EventType":"INFO","ExecutionProcessID":3312,"Opcode":"Info","SourceName":"Microsoft-Windows-Sysmon","Product":"Microsoft® Windows® Operating System","Keywords":-9223372036854775808,"FileVersion":"10.0.18362.1049 (WinBuild.160101.0800)","EventID":7,"Domain":"NT AUTHORITY","Category":"Image loaded (rule: ImageLoad)","OriginalFileName":"SHELL32.DLL","@version":"1","AccountName":"SYSTEM","ProcessGuid":"{71b87c12-d9fe-5f84-1801-000000000500}","host":"wec.internal.cloudapp.net","Hashes":"SHA1=EB21D4919DBF6310400D04D81C2752209E53BCC2,MD5=14500F0CBAA1E523A1B695E3BD582000,SHA256=2DB38191D0619097F21C046C4D826558494CA44F7CCA0E45CA1560AAE0E6B46D,IMPHASH=5DE31297232BD99BC22531D7CE95B80E","SeverityValue":2,"EventTime":"2020-10-12 18:34:38","Message":"Image loaded:\r\nRuleName: -\r\nUtcTime: 2020-10-12 22:34:38.122\r\nProcessGuid: {71b87c12-d9fe-5f84-1801-000000000500}\r\nProcessId: 4288\r\nImage: C:\\Windows\\System32\\conhost.exe\r\nImageLoaded: C:\\Windows\\System32\\shell32.dll\r\nFileVersion: 10.0.18362.1049 (WinBuild.160101.0800)\r\nDescription: Windows Shell Common Dll\r\nProduct: Microsoft® Windows® Operating System\r\nCompany: Microsoft Corporation\r\nOriginalFileName: SHELL32.DLL\r\nHashes: SHA1=EB21D4919DBF6310400D04D81C2752209E53BCC2,MD5=14500F0CBAA1E523A1B695E3BD582000,SHA256=2DB38191D0619097F21C046C4D826558494CA44F7CCA0E45CA1560AAE0E6B46D,IMPHASH=5DE31297232BD99BC22531D7CE95B80E\r\nSigned: true\r\nSignature: Microsoft Windows\r\nSignatureStatus: Valid","SourceModuleName":"eventlog","AccountType":"User","Signature":"Microsoft Windows"}
{"RuleName":"-","@timestamp":"2020-10-12T22:34:38.916Z","SignatureStatus":"Valid","Channel":"Microsoft-Windows-Sysmon/Operational","UserID":"S-1-5-18","RecordNumber":338535,"ThreadID":3444,"Image":"C:\\Windows\\System32\\conhost.exe","ProcessId":"4288","Company":"Microsoft Corporation","Version":3,"Hostname":"WORKSTATION5.theshire.local","ImageLoaded":"C:\\Windows\\System32\\cfgmgr32.dll","Description":"Configuration Manager DLL","EventReceivedTime":"2020-10-12 18:34:38","ProviderGuid":"{5770385F-C22A-43E0-BF4C-06F5698FFBD9}","Signed":"true","UtcTime":"2020-10-12 22:34:38.122","port":61041,"Severity":"INFO","tags":["mordorDataset"],"Task":7,"SourceModuleType":"im_msvistalog","OpcodeValue":0,"EventType":"INFO","ExecutionProcessID":3312,"Opcode":"Info","SourceName":"Microsoft-Windows-Sysmon","Product":"Microsoft® Windows® Operating System","Keywords":-9223372036854775808,"FileVersion":"10.0.18362.387 (WinBuild.160101.0800)","EventID":7,"Domain":"NT AUTHORITY","Category":"Image loaded (rule: ImageLoad)","OriginalFileName":"CFGMGR32.DLL","@version":"1","AccountName":"SYSTEM","ProcessGuid":"{71b87c12-d9fe-5f84-1801-000000000500}","host":"wec.internal.cloudapp.net","Hashes":"SHA1=FA3A718BEED81C7084675E250ADC305677A6B5E4,MD5=3A99A40872AF3B87406CC57DBDF53748,SHA256=96A1DB38C74A81FBA4C4AB29020551364FD1ADA3B6FED789D193C787E757979D,IMPHASH=4B4464C7677B6F07342800F4CF0BA273","SeverityValue":2,"EventTime":"2020-10-12 18:34:38","Message":"Image loaded:\r\nRuleName: -\r\nUtcTime: 2020-10-12 22:34:38.122\r\nProcessGuid: {71b87c12-d9fe-5f84-1801-000000000500}\r\nProcessId: 4288\r\nImage: C:\\Windows\\System32\\conhost.exe\r\nImageLoaded: C:\\Windows\\System32\\cfgmgr32.dll\r\nFileVersion: 10.0.18362.387 (WinBuild.160101.0800)\r\nDescription: Configuration Manager DLL\r\nProduct: Microsoft® Windows® Operating System\r\nCompany: Microsoft Corporation\r\nOriginalFileName: CFGMGR32.DLL\r\nHashes: SHA1=FA3A718BEED81C7084675E250ADC305677A6B5E4,MD5=3A99A40872AF3B87406CC57DBDF53748,SHA256=96A1DB38C74A81FBA4C4AB29020551364FD1ADA3B6FED789D193C787E757979D,IMPHASH=4B4464C7677B6F07342800F4CF0BA273\r\nSigned: true\r\nSignature: Microsoft Windows\r\nSignatureStatus: Valid","SourceModuleName":"eventlog","AccountType":"User","Signature":"Microsoft Windows"}
{"RuleName":"-","@timestamp":"2020-10-12T22:34:38.916Z","SignatureStatus":"Valid","Channel":"Microsoft-Windows-Sysmon/Operational","UserID":"S-1-5-18","RecordNumber":338536,"ThreadID":3444,"Image":"C:\\Windows\\System32\\conhost.exe","ProcessId":"4288","Company":"Microsoft Corporation","Version":3,"Hostname":"WORKSTATION5.theshire.local","ImageLoaded":"C:\\Windows\\System32\\windows.storage.dll","Description":"Microsoft WinRT Storage API","EventReceivedTime":"2020-10-12 18:34:38","ProviderGuid":"{5770385F-C22A-43E0-BF4C-06F5698FFBD9}","Signed":"true","UtcTime":"2020-10-12 22:34:38.122","port":61041,"Severity":"INFO","tags":["mordorDataset"],"Task":7,"SourceModuleType":"im_msvistalog","OpcodeValue":0,"EventType":"INFO","ExecutionProcessID":3312,"Opcode":"Info","SourceName":"Microsoft-Windows-Sysmon","Product":"Microsoft® Windows® Operating System","Keywords":-9223372036854775808,"FileVersion":"10.0.18362.1082 (WinBuild.160101.0800)","EventID":7,"Domain":"NT AUTHORITY","Category":"Image loaded (rule: ImageLoad)","OriginalFileName":"Windows.Storage.dll","@version":"1","AccountName":"SYSTEM","ProcessGuid":"{71b87c12-d9fe-5f84-1801-000000000500}","host":"wec.internal.cloudapp.net","Hashes":"SHA1=DF7D0248848C0247FD5F65ABD9799FDA0380C77D,MD5=DDD102204FDCD3FC8DD0AA89CF6609A3,SHA256=49F37639155096444C1B780071B8D63320FD8F8DC1D7CEF7A9031830C4F90968,IMPHASH=BDB3E400A78EE2D42C647E85CD2D827B","SeverityValue":2,"EventTime":"2020-10-12 18:34:38","Message":"Image loaded:\r\nRuleName: -\r\nUtcTime: 2020-10-12 22:34:38.122\r\nProcessGuid: {71b87c12-d9fe-5f84-1801-000000000500}\r\nProcessId: 4288\r\nImage: C:\\Windows\\System32\\conhost.exe\r\nImageLoaded: C:\\Windows\\System32\\windows.storage.dll\r\nFileVersion: 10.0.18362.1082 (WinBuild.160101.0800)\r\nDescription: Microsoft WinRT Storage API\r\nProduct: Microsoft® Windows® Operating System\r\nCompany: Microsoft Corporation\r\nOriginalFileName: Windows.Storage.dll\r\nHashes: SHA1=DF7D0248848C0247FD5F65ABD9799FDA0380C77D,MD5=DDD102204FDCD3FC8DD0AA89CF6609A3,SHA256=49F37639155096444C1B780071B8D63320FD8F8DC1D7CEF7A9031830C4F90968,IMPHASH=BDB3E400A78EE2D42C647E85CD2D827B\r\nSigned: true\r\nSignature: Microsoft Windows\r\nSignatureStatus: Valid","SourceModuleName":"eventlog","AccountType":"User","Signature":"Microsoft Windows"}
{"RuleName":"-","@timestamp":"2020-10-12T22:34:38.917Z","SignatureStatus":"Valid","Channel":"Microsoft-Windows-Sysmon/Operational","UserID":"S-1-5-18","RecordNumber":338537,"ThreadID":3444,"Image":"C:\\Windows\\System32\\conhost.exe","ProcessId":"4288","Company":"Microsoft Corporation","Version":3,"Hostname":"WORKSTATION5.theshire.local","ImageLoaded":"C:\\Windows\\System32\\profapi.dll","Description":"User Profile Basic API","EventReceivedTime":"2020-10-12 18:34:38","ProviderGuid":"{5770385F-C22A-43E0-BF4C-06F5698FFBD9}","Signed":"true","UtcTime":"2020-10-12 22:34:38.122","port":61041,"Severity":"INFO","tags":["mordorDataset"],"Task":7,"SourceModuleType":"im_msvistalog","OpcodeValue":0,"EventType":"INFO","ExecutionProcessID":3312,"Opcode":"Info","SourceName":"Microsoft-Windows-Sysmon","Product":"Microsoft® Windows® Operating System","Keywords":-9223372036854775808,"FileVersion":"10.0.18362.693 (WinBuild.160101.0800)","EventID":7,"Domain":"NT AUTHORITY","Category":"Image loaded (rule: ImageLoad)","OriginalFileName":"PROFAPI.DLL","@version":"1","AccountName":"SYSTEM","ProcessGuid":"{71b87c12-d9fe-5f84-1801-000000000500}","host":"wec.internal.cloudapp.net","Hashes":"SHA1=387FC7660AFDEC45CFFB84980EB77D0E787ED31B,MD5=F4862E1CC68687B9D4B245512BDF8383,SHA256=A2DF0AC95B9AA338EB6062BA5739F65BFBA86658546F4C5CAC6045C363F55E24,IMPHASH=192CF98320740B7D296297054A9C3EEA","SeverityValue":2,"EventTime":"2020-10-12 18:34:38","Message":"Image loaded:\r\nRuleName: -\r\nUtcTime: 2020-10-12 22:34:38.122\r\nProcessGuid: {71b87c12-d9fe-5f84-1801-000000000500}\r\nProcessId: 4288\r\nImage: C:\\Windows\\System32\\conhost.exe\r\nImageLoaded: C:\\Windows\\System32\\profapi.dll\r\nFileVersion: 10.0.18362.693 (WinBuild.160101.0800)\r\nDescription: User Profile Basic API\r\nProduct: Microsoft® Windows® Operating System\r\nCompany: Microsoft Corporation\r\nOriginalFileName: PROFAPI.DLL\r\nHashes: SHA1=387FC7660AFDEC45CFFB84980EB77D0E787ED31B,MD5=F4862E1CC68687B9D4B245512BDF8383,SHA256=A2DF0AC95B9AA338EB6062BA5739F65BFBA86658546F4C5CAC6045C363F55E24,IMPHASH=192CF98320740B7D296297054A9C3EEA\r\nSigned: true\r\nSignature: Microsoft Windows\r\nSignatureStatus: Valid","SourceModuleName":"eventlog","AccountType":"User","Signature":"Microsoft Windows"}
{"RuleName":"-","@timestamp":"2020-10-12T22:34:38.917Z","SignatureStatus":"Valid","Channel":"Microsoft-Windows-Sysmon/Operational","UserID":"S-1-5-18","RecordNumber":338538,"ThreadID":3444,"Image":"C:\\Windows\\System32\\conhost.exe","ProcessId":"4288","Company":"Microsoft Corporation","Version":3,"Hostname":"WORKSTATION5.theshire.local","ImageLoaded":"C:\\Windows\\System32\\powrprof.dll","Description":"Power Profile Helper DLL","EventReceivedTime":"2020-10-12 18:34:38","ProviderGuid":"{5770385F-C22A-43E0-BF4C-06F5698FFBD9}","Signed":"true","UtcTime":"2020-10-12 22:34:38.122","port":61041,"Severity":"INFO","tags":["mordorDataset"],"Task":7,"SourceModuleType":"im_msvistalog","OpcodeValue":0,"EventType":"INFO","ExecutionProcessID":3312,"Opcode":"Info","SourceName":"Microsoft-Windows-Sysmon","Product":"Microsoft® Windows® Operating System","Keywords":-9223372036854775808,"FileVersion":"10.0.18362.1 (WinBuild.160101.0800)","EventID":7,"Domain":"NT AUTHORITY","Category":"Image loaded (rule: ImageLoad)","OriginalFileName":"POWRPROF.DLL","@version":"1","AccountName":"SYSTEM","ProcessGuid":"{71b87c12-d9fe-5f84-1801-000000000500}","host":"wec.internal.cloudapp.net","Hashes":"SHA1=30D5ADBC0664977C27B65622F514632581C9AF45,MD5=07B027B1E0B775FAE815E487F28137B9,SHA256=21358CE9A416C7F6DB063095102E91F014BDB85B08A4E783E17234792C9B483A,IMPHASH=817FF4748665EB442F0081A91349F764","SeverityValue":2,"EventTime":"2020-10-12 18:34:38","Message":"Image loaded:\r\nRuleName: -\r\nUtcTime: 2020-10-12 22:34:38.122\r\nProcessGuid: {71b87c12-d9fe-5f84-1801-000000000500}\r\nProcessId: 4288\r\nImage: C:\\Windows\\System32\\conhost.exe\r\nImageLoaded: C:\\Windows\\System32\\powrprof.dll\r\nFileVersion: 10.0.18362.1 (WinBuild.160101.0800)\r\nDescription: Power Profile Helper DLL\r\nProduct: Microsoft® Windows® Operating System\r\nCompany: Microsoft Corporation\r\nOriginalFileName: POWRPROF.DLL\r\nHashes: SHA1=30D5ADBC0664977C27B65622F514632581C9AF45,MD5=07B027B1E0B775FAE815E487F28137B9,SHA256=21358CE9A416C7F6DB063095102E91F014BDB85B08A4E783E17234792C9B483A,IMPHASH=817FF4748665EB442F0081A91349F764\r\nSigned: true\r\nSignature: Microsoft Windows\r\nSignatureStatus: Valid","SourceModuleName":"eventlog","AccountType":"User","Signature":"Microsoft Windows"}
{"RuleName":"-","@timestamp":"2020-10-12T22:34:38.918Z","SignatureStatus":"Valid","Channel":"Microsoft-Windows-Sysmon/Operational","UserID":"S-1-5-18","RecordNumber":338539,"ThreadID":3444,"Image":"C:\\Windows\\System32\\conhost.exe","ProcessId":"4288","Company":"-","Version":3,"Hostname":"WORKSTATION5.theshire.local","ImageLoaded":"C:\\Windows\\System32\\umpdc.dll","Description":"-","EventReceivedTime":"2020-10-12 18:34:38","ProviderGuid":"{5770385F-C22A-43E0-BF4C-06F5698FFBD9}","Signed":"true","UtcTime":"2020-10-12 22:34:38.122","port":61041,"Severity":"INFO","tags":["mordorDataset"],"Task":7,"SourceModuleType":"im_msvistalog","OpcodeValue":0,"EventType":"INFO","ExecutionProcessID":3312,"Opcode":"Info","SourceName":"Microsoft-Windows-Sysmon","Product":"-","Keywords":-9223372036854775808,"FileVersion":"-","EventID":7,"Domain":"NT AUTHORITY","Category":"Image loaded (rule: ImageLoad)","OriginalFileName":"-","@version":"1","AccountName":"SYSTEM","ProcessGuid":"{71b87c12-d9fe-5f84-1801-000000000500}","host":"wec.internal.cloudapp.net","Hashes":"SHA1=6ABB78FB1614C12E3E9FFF3DE98B0E13E79201D9,MD5=B9A75ED4500DD953DF172FE6F63578E8,SHA256=709B99BA1DFEF6D9B2483F37D242B12F29B1E1ADE13E338B4D7041C55B55204B,IMPHASH=5A0FF5293A05BFEBAE6F2C9C302FC5E7","SeverityValue":2,"EventTime":"2020-10-12 18:34:38","Message":"Image loaded:\r\nRuleName: -\r\nUtcTime: 2020-10-12 22:34:38.122\r\nProcessGuid: {71b87c12-d9fe-5f84-1801-000000000500}\r\nProcessId: 4288\r\nImage: C:\\Windows\\System32\\conhost.exe\r\nImageLoaded: C:\\Windows\\System32\\umpdc.dll\r\nFileVersion: -\r\nDescription: -\r\nProduct: -\r\nCompany: -\r\nOriginalFileName: -\r\nHashes: SHA1=6ABB78FB1614C12E3E9FFF3DE98B0E13E79201D9,MD5=B9A75ED4500DD953DF172FE6F63578E8,SHA256=709B99BA1DFEF6D9B2483F37D242B12F29B1E1ADE13E338B4D7041C55B55204B,IMPHASH=5A0FF5293A05BFEBAE6F2C9C302FC5E7\r\nSigned: true\r\nSignature: Microsoft Windows\r\nSignatureStatus: Valid","SourceModuleName":"eventlog","AccountType":"User","Signature":"Microsoft Windows"}
{"RuleName":"-","@timestamp":"2020-10-12T22:34:38.919Z","SignatureStatus":"Valid","Channel":"Microsoft-Windows-Sysmon/Operational","UserID":"S-1-5-18","RecordNumber":338540,"ThreadID":3444,"Image":"C:\\Windows\\System32\\conhost.exe","ProcessId":"4288","Company":"Microsoft Corporation","Version":3,"Hostname":"WORKSTATION5.theshire.local","ImageLoaded":"C:\\Windows\\System32\\shlwapi.dll","Description":"Shell Light-weight Utility Library","EventReceivedTime":"2020-10-12 18:34:38","ProviderGuid":"{5770385F-C22A-43E0-BF4C-06F5698FFBD9}","Signed":"true","UtcTime":"2020-10-12 22:34:38.122","port":61041,"Severity":"INFO","tags":["mordorDataset"],"Task":7,"SourceModuleType":"im_msvistalog","OpcodeValue":0,"EventType":"INFO","ExecutionProcessID":3312,"Opcode":"Info","SourceName":"Microsoft-Windows-Sysmon","Product":"Microsoft® Windows® Operating System","Keywords":-9223372036854775808,"FileVersion":"10.0.18362.1 (WinBuild.160101.0800)","EventID":7,"Domain":"NT AUTHORITY","Category":"Image loaded (rule: ImageLoad)","OriginalFileName":"SHLWAPI.DLL","@version":"1","AccountName":"SYSTEM","ProcessGuid":"{71b87c12-d9fe-5f84-1801-000000000500}","host":"wec.internal.cloudapp.net","Hashes":"SHA1=9074DF3335B785BB00B43AE76ACC66B799118FAE,MD5=BFB85A9022324E41FCEC5011BCB5FD23,SHA256=3CDA144CFB6278DA47267FE1E1FE258716A074C3D3DD8413B259DA7DA1039871,IMPHASH=6659A49ABF33952444C5A7FA22FD9032","SeverityValue":2,"EventTime":"2020-10-12 18:34:38","Message":"Image loaded:\r\nRuleName: -\r\nUtcTime: 2020-10-12 22:34:38.122\r\nProcessGuid: {71b87c12-d9fe-5f84-1801-000000000500}\r\nProcessId: 4288\r\nImage: C:\\Windows\\System32\\conhost.exe\r\nImageLoaded: C:\\Windows\\System32\\shlwapi.dll\r\nFileVersion: 10.0.18362.1 (WinBuild.160101.0800)\r\nDescription: Shell Light-weight Utility Library\r\nProduct: Microsoft® Windows® Operating System\r\nCompany: Microsoft Corporation\r\nOriginalFileName: SHLWAPI.DLL\r\nHashes: SHA1=9074DF3335B785BB00B43AE76ACC66B799118FAE,MD5=BFB85A9022324E41FCEC5011BCB5FD23,SHA256=3CDA144CFB6278DA47267FE1E1FE258716A074C3D3DD8413B259DA7DA1039871,IMPHASH=6659A49ABF33952444C5A7FA22FD9032\r\nSigned: true\r\nSignature: Microsoft Windows\r\nSignatureStatus: Valid","SourceModuleName":"eventlog","AccountType":"User","Signature":"Microsoft Windows"}
{"RuleName":"-","@timestamp":"2020-10-12T22:34:38.919Z","SignatureStatus":"Valid","Channel":"Microsoft-Windows-Sysmon/Operational","UserID":"S-1-5-18","RecordNumber":338541,"ThreadID":3444,"Image":"C:\\Windows\\System32\\conhost.exe","ProcessId":"4288","Company":"Microsoft Corporation","Version":3,"Hostname":"WORKSTATION5.theshire.local","ImageLoaded":"C:\\Windows\\System32\\kernel.appcore.dll","Description":"AppModel API Host","EventReceivedTime":"2020-10-12 18:34:38","ProviderGuid":"{5770385F-C22A-43E0-BF4C-06F5698FFBD9}","Signed":"true","UtcTime":"2020-10-12 22:34:38.122","port":61041,"Severity":"INFO","tags":["mordorDataset"],"Task":7,"SourceModuleType":"im_msvistalog","OpcodeValue":0,"EventType":"INFO","ExecutionProcessID":3312,"Opcode":"Info","SourceName":"Microsoft-Windows-Sysmon","Product":"Microsoft® Windows® Operating System","Keywords":-9223372036854775808,"FileVersion":"10.0.18362.1 (WinBuild.160101.0800)","EventID":7,"Domain":"NT AUTHORITY","Category":"Image loaded (rule: ImageLoad)","OriginalFileName":"kernel.appcore.dll","@version":"1","AccountName":"SYSTEM","ProcessGuid":"{71b87c12-d9fe-5f84-1801-000000000500}","host":"wec.internal.cloudapp.net","Hashes":"SHA1=4985EC8C3309DB6CCCCFD4D18423A84E37BEC172,MD5=EDF981437C0FD1B9DBF9EA42CE97CE60,SHA256=42164F81BC8FC2D0A6B71DAA492BE6A6D4785821AA4FDCA27B9273721EDB23D9,IMPHASH=8899216954AA228EAA7E8EEDC31DBC03","SeverityValue":2,"EventTime":"2020-10-12 18:34:38","Message":"Image loaded:\r\nRuleName: -\r\nUtcTime: 2020-10-12 22:34:38.122\r\nProcessGuid: {71b87c12-d9fe-5f84-1801-000000000500}\r\nProcessId: 4288\r\nImage: C:\\Windows\\System32\\conhost.exe\r\nImageLoaded: C:\\Windows\\System32\\kernel.appcore.dll\r\nFileVersion: 10.0.18362.1 (WinBuild.160101.0800)\r\nDescription: AppModel API Host\r\nProduct: Microsoft® Windows® Operating System\r\nCompany: Microsoft Corporation\r\nOriginalFileName: kernel.appcore.dll\r\nHashes: SHA1=4985EC8C3309DB6CCCCFD4D18423A84E37BEC172,MD5=EDF981437C0FD1B9DBF9EA42CE97CE60,SHA256=42164F81BC8FC2D0A6B71DAA492BE6A6D4785821AA4FDCA27B9273721EDB23D9,IMPHASH=8899216954AA228EAA7E8EEDC31DBC03\r\nSigned: true\r\nSignature: Microsoft Windows\r\nSignatureStatus: Valid","SourceModuleName":"eventlog","AccountType":"User","Signature":"Microsoft Windows"}
{"RuleName":"-","@timestamp":"2020-10-12T22:34:38.920Z","SignatureStatus":"Valid","Channel":"Microsoft-Windows-Sysmon/Operational","UserID":"S-1-5-18","RecordNumber":338542,"ThreadID":3444,"Image":"C:\\Windows\\System32\\conhost.exe","ProcessId":"4288","Company":"Microsoft Corporation","Version":3,"Hostname":"WORKSTATION5.theshire.local","ImageLoaded":"C:\\Windows\\System32\\cryptsp.dll","Description":"Cryptographic Service Provider API","EventReceivedTime":"2020-10-12 18:34:38","ProviderGuid":"{5770385F-C22A-43E0-BF4C-06F5698FFBD9}","Signed":"true","UtcTime":"2020-10-12 22:34:38.122","port":61041,"Severity":"INFO","tags":["mordorDataset"],"Task":7,"SourceModuleType":"im_msvistalog","OpcodeValue":0,"EventType":"INFO","ExecutionProcessID":3312,"Opcode":"Info","SourceName":"Microsoft-Windows-Sysmon","Product":"Microsoft® Windows® Operating System","Keywords":-9223372036854775808,"FileVersion":"10.0.18362.1 (WinBuild.160101.0800)","EventID":7,"Domain":"NT AUTHORITY","Category":"Image loaded (rule: ImageLoad)","OriginalFileName":"cryptsp.dll","@version":"1","AccountName":"SYSTEM","ProcessGuid":"{71b87c12-d9fe-5f84-1801-000000000500}","host":"wec.internal.cloudapp.net","Hashes":"SHA1=90F229FB5DB52DF3604195B10C48E946684929ED,MD5=ACE18C6797090A1AA259BB8713917F98,SHA256=F5E118F67745792909973717FAE1F9FE68B2619332A4451AD04E0C9072B8D605,IMPHASH=A9B9D04D0B53DC48ABB37BE77AD01B55","SeverityValue":2,"EventTime":"2020-10-12 18:34:38","Message":"Image loaded:\r\nRuleName: -\r\nUtcTime: 2020-10-12 22:34:38.122\r\nProcessGuid: {71b87c12-d9fe-5f84-1801-000000000500}\r\nProcessId: 4288\r\nImage: C:\\Windows\\System32\\conhost.exe\r\nImageLoaded: C:\\Windows\\System32\\cryptsp.dll\r\nFileVersion: 10.0.18362.1 (WinBuild.160101.0800)\r\nDescription: Cryptographic Service Provider API\r\nProduct: Microsoft® Windows® Operating System\r\nCompany: Microsoft Corporation\r\nOriginalFileName: cryptsp.dll\r\nHashes: SHA1=90F229FB5DB52DF3604195B10C48E946684929ED,MD5=ACE18C6797090A1AA259BB8713917F98,SHA256=F5E118F67745792909973717FAE1F9FE68B2619332A4451AD04E0C9072B8D605,IMPHASH=A9B9D04D0B53DC48ABB37BE77AD01B55\r\nSigned: true\r\nSignature: Microsoft Windows\r\nSignatureStatus: Valid","SourceModuleName":"eventlog","AccountType":"User","Signature":"Microsoft Windows"}
{"RuleName":"-","@timestamp":"2020-10-12T22:34:38.920Z","SignatureStatus":"Valid","Channel":"Microsoft-Windows-Sysmon/Operational","UserID":"S-1-5-18","RecordNumber":338543,"ThreadID":3444,"Image":"C:\\Windows\\System32\\conhost.exe","ProcessId":"4288","Company":"Microsoft Corporation","Version":3,"Hostname":"WORKSTATION5.theshire.local","ImageLoaded":"C:\\Windows\\System32\\uxtheme.dll","Description":"Microsoft UxTheme Library","EventReceivedTime":"2020-10-12 18:34:38","ProviderGuid":"{5770385F-C22A-43E0-BF4C-06F5698FFBD9}","Signed":"true","UtcTime":"2020-10-12 22:34:38.122","port":61041,"Severity":"INFO","tags":["mordorDataset"],"Task":7,"SourceModuleType":"im_msvistalog","OpcodeValue":0,"EventType":"INFO","ExecutionProcessID":3312,"Opcode":"Info","SourceName":"Microsoft-Windows-Sysmon","Product":"Microsoft® Windows® Operating System","Keywords":-9223372036854775808,"FileVersion":"10.0.18362.449 (WinBuild.160101.0800)","EventID":7,"Domain":"NT AUTHORITY","Category":"Image loaded (rule: ImageLoad)","OriginalFileName":"UxTheme.dll","@version":"1","AccountName":"SYSTEM","ProcessGuid":"{71b87c12-d9fe-5f84-1801-000000000500}","host":"wec.internal.cloudapp.net","Hashes":"SHA1=62956D6FAEB4EC8EA54315A8E3CC15F06165AD57,MD5=3C9D22CAE173AD19806B6A016CD4CC28,SHA256=D95E7D07EA46D7D2AEFA01CD0A64CF266BE26D40FA6BE42F7CF60F6DEB8FBAF3,IMPHASH=64BAD10B75B987F62BF08E1852DE4022","SeverityValue":2,"EventTime":"2020-10-12 18:34:38","Message":"Image loaded:\r\nRuleName: -\r\nUtcTime: 2020-10-12 22:34:38.122\r\nProcessGuid: {71b87c12-d9fe-5f84-1801-000000000500}\r\nProcessId: 4288\r\nImage: C:\\Windows\\System32\\conhost.exe\r\nImageLoaded: C:\\Windows\\System32\\uxtheme.dll\r\nFileVersion: 10.0.18362.449 (WinBuild.160101.0800)\r\nDescription: Microsoft UxTheme Library\r\nProduct: Microsoft® Windows® Operating System\r\nCompany: Microsoft Corporation\r\nOriginalFileName: UxTheme.dll\r\nHashes: SHA1=62956D6FAEB4EC8EA54315A8E3CC15F06165AD57,MD5=3C9D22CAE173AD19806B6A016CD4CC28,SHA256=D95E7D07EA46D7D2AEFA01CD0A64CF266BE26D40FA6BE42F7CF60F6DEB8FBAF3,IMPHASH=64BAD10B75B987F62BF08E1852DE4022\r\nSigned: true\r\nSignature: Microsoft Windows\r\nSignatureStatus: Valid","SourceModuleName":"eventlog","AccountType":"User","Signature":"Microsoft Windows"}
{"SourceProcessId":"2084","RuleName":"-","@timestamp":"2020-10-12T22:34:38.921Z","Channel":"Microsoft-Windows-Sysmon/Operational","UserID":"S-1-5-18","TargetProcessId":"4288","CallTrace":"C:\\windows\\SYSTEM32\\ntdll.dll+9c534|c:\\windows\\system32\\themeservice.dll+1a9a|c:\\windows\\system32\\themeservice.dll+1736|c:\\windows\\system32\\themeservice.dll+6026|c:\\windows\\system32\\themeservice.dll+ad9a|c:\\windows\\system32\\themeservice.dll+9dcf|C:\\windows\\System32\\svchost.exe+314c|C:\\windows\\System32\\sechost.dll+2de2|C:\\windows\\System32\\KERNEL32.DLL+17bd4|C:\\windows\\SYSTEM32\\ntdll.dll+6ce51","RecordNumber":338544,"ThreadID":3444,"SourceProcessGUID":"{71b87c12-d257-5f84-3200-000000000500}","TargetImage":"C:\\windows\\system32\\conhost.exe","ProcessId":"2084","Version":3,"Hostname":"WORKSTATION5.theshire.local","EventReceivedTime":"2020-10-12 18:34:38","ProviderGuid":"{5770385F-C22A-43E0-BF4C-06F5698FFBD9}","UtcTime":"2020-10-12 22:34:38.122","port":61041,"Severity":"INFO","tags":["mordorDataset"],"Task":10,"SourceThreadId":"2248","SourceModuleType":"im_msvistalog","OpcodeValue":0,"EventType":"INFO","ExecutionProcessID":3312,"Opcode":"Info","SourceName":"Microsoft-Windows-Sysmon","Keywords":-9223372036854775808,"EventID":10,"Domain":"NT AUTHORITY","Category":"Process accessed (rule: ProcessAccess)","@version":"1","AccountName":"SYSTEM","host":"wec.internal.cloudapp.net","SourceImage":"C:\\windows\\System32\\svchost.exe","SeverityValue":2,"EventTime":"2020-10-12 18:34:38","Message":"Process accessed:\r\nRuleName: -\r\nUtcTime: 2020-10-12 22:34:38.122\r\nSourceProcessGUID: {71b87c12-d257-5f84-3200-000000000500}\r\nSourceProcessId: 2084\r\nSourceThreadId: 2248\r\nSourceImage: C:\\windows\\System32\\svchost.exe\r\nTargetProcessGUID: {71b87c12-d9fe-5f84-1801-000000000500}\r\nTargetProcessId: 4288\r\nTargetImage: C:\\windows\\system32\\conhost.exe\r\nGrantedAccess: 0x1478\r\nCallTrace: C:\\windows\\SYSTEM32\\ntdll.dll+9c534|c:\\windows\\system32\\themeservice.dll+1a9a|c:\\windows\\system32\\themeservice.dll+1736|c:\\windows\\system32\\themeservice.dll+6026|c:\\windows\\system32\\themeservice.dll+ad9a|c:\\windows\\system32\\themeservice.dll+9dcf|C:\\windows\\System32\\svchost.exe+314c|C:\\windows\\System32\\sechost.dll+2de2|C:\\windows\\System32\\KERNEL32.DLL+17bd4|C:\\windows\\SYSTEM32\\ntdll.dll+6ce51","SourceModuleName":"eventlog","GrantedAccess":"0x1478","AccountType":"User","TargetProcessGUID":"{71b87c12-d9fe-5f84-1801-000000000500}"}
{"SourceProcessId":"2084","RuleName":"-","@timestamp":"2020-10-12T22:34:38.921Z","Channel":"Microsoft-Windows-Sysmon/Operational","UserID":"S-1-5-18","TargetProcessId":"4288","CallTrace":"C:\\windows\\SYSTEM32\\ntdll.dll+9c534|c:\\windows\\system32\\themeservice.dll+1d60|c:\\windows\\system32\\themeservice.dll+1595|c:\\windows\\system32\\themeservice.dll+1461|c:\\windows\\system32\\themeservice.dll+1886|C:\\windows\\SYSTEM32\\ntdll.dll+2f655|C:\\windows\\SYSTEM32\\ntdll.dll+345b4|C:\\windows\\System32\\KERNEL32.DLL+17bd4|C:\\windows\\SYSTEM32\\ntdll.dll+6ce51","RecordNumber":338545,"ThreadID":3444,"SourceProcessGUID":"{71b87c12-d257-5f84-3200-000000000500}","TargetImage":"C:\\windows\\system32\\conhost.exe","ProcessId":"2084","Version":3,"Hostname":"WORKSTATION5.theshire.local","EventReceivedTime":"2020-10-12 18:34:38","ProviderGuid":"{5770385F-C22A-43E0-BF4C-06F5698FFBD9}","UtcTime":"2020-10-12 22:34:38.138","port":61041,"Severity":"INFO","tags":["mordorDataset"],"Task":10,"SourceThreadId":"2440","SourceModuleType":"im_msvistalog","OpcodeValue":0,"EventType":"INFO","ExecutionProcessID":3312,"Opcode":"Info","SourceName":"Microsoft-Windows-Sysmon","Keywords":-9223372036854775808,"EventID":10,"Domain":"NT AUTHORITY","Category":"Process accessed (rule: ProcessAccess)","@version":"1","AccountName":"SYSTEM","host":"wec.internal.cloudapp.net","SourceImage":"C:\\windows\\System32\\svchost.exe","SeverityValue":2,"EventTime":"2020-10-12 18:34:38","Message":"Process accessed:\r\nRuleName: -\r\nUtcTime: 2020-10-12 22:34:38.138\r\nSourceProcessGUID: {71b87c12-d257-5f84-3200-000000000500}\r\nSourceProcessId: 2084\r\nSourceThreadId: 2440\r\nSourceImage: C:\\windows\\System32\\svchost.exe\r\nTargetProcessGUID: {71b87c12-d9fe-5f84-1801-000000000500}\r\nTargetProcessId: 4288\r\nTargetImage: C:\\windows\\system32\\conhost.exe\r\nGrantedAccess: 0x1400\r\nCallTrace: C:\\windows\\SYSTEM32\\ntdll.dll+9c534|c:\\windows\\system32\\themeservice.dll+1d60|c:\\windows\\system32\\themeservice.dll+1595|c:\\windows\\system32\\themeservice.dll+1461|c:\\windows\\system32\\themeservice.dll+1886|C:\\windows\\SYSTEM32\\ntdll.dll+2f655|C:\\windows\\SYSTEM32\\ntdll.dll+345b4|C:\\windows\\System32\\KERNEL32.DLL+17bd4|C:\\windows\\SYSTEM32\\ntdll.dll+6ce51","SourceModuleName":"eventlog","GrantedAccess":"0x1400","AccountType":"User","TargetProcessGUID":"{71b87c12-d9fe-5f84-1801-000000000500}"}
{"RuleName":"-","@timestamp":"2020-10-12T22:34:38.922Z","SignatureStatus":"Valid","Channel":"Microsoft-Windows-Sysmon/Operational","UserID":"S-1-5-18","RecordNumber":338546,"ThreadID":3216,"Image":"C:\\Windows\\System32\\conhost.exe","ProcessId":"4288","Company":"Microsoft Corporation","Version":3,"Hostname":"WORKSTATION5.theshire.local","ImageLoaded":"C:\\Windows\\System32\\conhost.exe","Description":"Console Window Host","EventReceivedTime":"2020-10-12 18:34:38","ProviderGuid":"{5770385F-C22A-43E0-BF4C-06F5698FFBD9}","Signed":"true","UtcTime":"2020-10-12 22:34:38.107","port":61041,"Severity":"INFO","tags":["mordorDataset"],"Task":7,"SourceModuleType":"im_msvistalog","OpcodeValue":0,"EventType":"INFO","ExecutionProcessID":3312,"Opcode":"Info","SourceName":"Microsoft-Windows-Sysmon","Product":"Microsoft® Windows® Operating System","Keywords":-9223372036854775808,"FileVersion":"10.0.18362.1 (WinBuild.160101.0800)","EventID":7,"Domain":"NT AUTHORITY","Category":"Image loaded (rule: ImageLoad)","OriginalFileName":"CONHOST.EXE","@version":"1","AccountName":"SYSTEM","ProcessGuid":"{71b87c12-d9fe-5f84-1801-000000000500}","host":"wec.internal.cloudapp.net","Hashes":"SHA1=11996F32DD85863A8C3BFF6D520F788A9211C8F7,MD5=C5E9B1D1103EDCEA2E408E9497A5A88F,SHA256=BAF97B2A629723947539CFF84E896CD29565AB4BB68B0CEC515EB5C5D6637B69,IMPHASH=F8DD0EF565DE87D97ABF9C62EA63EC21","SeverityValue":2,"EventTime":"2020-10-12 18:34:38","Message":"Image loaded:\r\nRuleName: -\r\nUtcTime: 2020-10-12 22:34:38.107\r\nProcessGuid: {71b87c12-d9fe-5f84-1801-000000000500}\r\nProcessId: 4288\r\nImage: C:\\Windows\\System32\\conhost.exe\r\nImageLoaded: C:\\Windows\\System32\\conhost.exe\r\nFileVersion: 10.0.18362.1 (WinBuild.160101.0800)\r\nDescription: Console Window Host\r\nProduct: Microsoft® Windows® Operating System\r\nCompany: Microsoft Corporation\r\nOriginalFileName: CONHOST.EXE\r\nHashes: SHA1=11996F32DD85863A8C3BFF6D520F788A9211C8F7,MD5=C5E9B1D1103EDCEA2E408E9497A5A88F,SHA256=BAF97B2A629723947539CFF84E896CD29565AB4BB68B0CEC515EB5C5D6637B69,IMPHASH=F8DD0EF565DE87D97ABF9C62EA63EC21\r\nSigned: true\r\nSignature: Microsoft Windows\r\nSignatureStatus: Valid","SourceModuleName":"eventlog","AccountType":"User","Signature":"Microsoft Windows"}
