{"EventTypeOrignal":"INFO","RuleName":"-","@timestamp":"2020-10-12T22:34:40.025Z","port":61041,"Severity":"INFO","Task":12,"Channel":"Microsoft-Windows-Sysmon/Operational","UtcTime":"2020-10-12 22:34:38.560","UserID":"S-1-5-18","SourceModuleType":"im_msvistalog","OpcodeValue":0,"tags":["mordorDataset"],"TargetObject":"HKLM\\System\\CurrentControlSet\\Services\\Tcpip\\Parameters","ExecutionProcessID":3312,"Opcode":"Info","RecordNumber":338708,"ThreadID":3444,"EventType":"CreateKey","SourceName":"Microsoft-Windows-Sysmon","Keywords":-9223372036854775808,"Image":"c:\\windows\\system32\\notepad.exe","EventID":12,"Domain":"NT AUTHORITY","Category":"Registry object added or deleted (rule: RegistryEvent)","Version":2,"ProcessId":"2368","@version":"1","AccountName":"SYSTEM","ProcessGuid":"{71b87c12-d9fe-5f84-1a01-000000000500}","host":"wec.internal.cloudapp.net","Hostname":"WORKSTATION5.theshire.local","EventReceivedTime":"2020-10-12 18:34:39","SeverityValue":2,"EventTime":"2020-10-12 18:34:38","ProviderGuid":"{5770385F-C22A-43E0-BF4C-06F5698FFBD9}","Message":"Registry object added or deleted:\r\nRuleName: -\r\nEventType: CreateKey\r\nUtcTime: 2020-10-12 22:34:38.560\r\nProcessGuid: {71b87c12-d9fe-5f84-1a01-000000000500}\r\nProcessId: 2368\r\nImage: c:\\windows\\system32\\notepad.exe\r\nTargetObject: HKLM\\System\\CurrentControlSet\\Services\\Tcpip\\Parameters","SourceModuleName":"eventlog","AccountType":"User"}
{"SourceProcessId":"0x1840","@timestamp":"2020-10-12T22:34:40.025Z","port":61041,"Severity":"INFO","Task":12807,"Channel":"security","tags":["mordorDataset"],"SourceModuleType":"im_msvistalog","OpcodeValue":0,"TargetProcessId":"0x4","EventType":"AUDIT_SUCCESS","ExecutionProcessID":4,"Opcode":"Info","RecordNumber":100665,"ThreadID":108,"SubjectDomainName":"THESHIRE","SubjectLogonId":"0x163d26","SourceName":"Microsoft-Windows-Security-Auditing","TargetHandleId":"0x1ff8","Keywords":-9214364837600034816,"EventID":4690,"Category":"Handle Manipulation","SourceHandleId":"0xa0","Version":0,"ProcessId":"0x1840","@version":"1","host":"wec.internal.cloudapp.net","Hostname":"WORKSTATION5.theshire.local","EventReceivedTime":"2020-10-12 18:34:39","SeverityValue":2,"EventTime":"2020-10-12 18:34:38","ProviderGuid":"{54849625-5478-4994-A5BA-3E3B0328C30D}","Message":"An attempt was made to duplicate a handle to an object.\r\n\r\nSubject:\r\n\tSecurity ID:\t\tS-1-5-21-4107722679-1012484280-3777968168-1104\r\n\tAccount Name:\t\tpgustavo\r\n\tAccount Domain:\t\tTHESHIRE\r\n\tLogon ID:\t\t0x163D26\r\n\r\nSource Handle Information:\r\n\tSource Handle ID:\t0xa0\r\n\tSource Process ID:\t0x1840\r\n\r\nNew Handle Information:\r\n\tTarget Handle ID:\t0x1ff8\r\n\tTarget Process ID:\t0x4","SubjectUserName":"pgustavo","SourceModuleName":"eventlog","SubjectUserSid":"S-1-5-21-4107722679-1012484280-3777968168-1104"}
{"EventTypeOrignal":"INFO","RuleName":"-","@timestamp":"2020-10-12T22:34:40.026Z","port":61041,"Severity":"INFO","Task":12,"Channel":"Microsoft-Windows-Sysmon/Operational","UtcTime":"2020-10-12 22:34:38.560","UserID":"S-1-5-18","SourceModuleType":"im_msvistalog","OpcodeValue":0,"tags":["mordorDataset"],"TargetObject":"HKLM\\System\\CurrentControlSet\\Services\\Tcpip\\Parameters","ExecutionProcessID":3312,"Opcode":"Info","RecordNumber":338709,"ThreadID":3444,"EventType":"CreateKey","SourceName":"Microsoft-Windows-Sysmon","Keywords":-9223372036854775808,"Image":"c:\\windows\\system32\\notepad.exe","EventID":12,"Domain":"NT AUTHORITY","Category":"Registry object added or deleted (rule: RegistryEvent)","Version":2,"ProcessId":"2368","@version":"1","AccountName":"SYSTEM","ProcessGuid":"{71b87c12-d9fe-5f84-1a01-000000000500}","host":"wec.internal.cloudapp.net","Hostname":"WORKSTATION5.theshire.local","EventReceivedTime":"2020-10-12 18:34:39","SeverityValue":2,"EventTime":"2020-10-12 18:34:38","ProviderGuid":"{5770385F-C22A-43E0-BF4C-06F5698FFBD9}","Message":"Registry object added or deleted:\r\nRuleName: -\r\nEventType: CreateKey\r\nUtcTime: 2020-10-12 22:34:38.560\r\nProcessGuid: {71b87c12-d9fe-5f84-1a01-000000000500}\r\nProcessId: 2368\r\nImage: c:\\windows\\system32\\notepad.exe\r\nTargetObject: HKLM\\System\\CurrentControlSet\\Services\\Tcpip\\Parameters","SourceModuleName":"eventlog","AccountType":"User"}
{"EventTypeOrignal":"INFO","RuleName":"-","@timestamp":"2020-10-12T22:34:40.026Z","port":61041,"Severity":"INFO","Task":12,"Channel":"Microsoft-Windows-Sysmon/Operational","UtcTime":"2020-10-12 22:34:38.560","UserID":"S-1-5-18","SourceModuleType":"im_msvistalog","OpcodeValue":0,"tags":["mordorDataset"],"TargetObject":"HKLM\\System\\CurrentControlSet\\Services\\Tcpip\\Parameters","ExecutionProcessID":3312,"Opcode":"Info","RecordNumber":338710,"ThreadID":3444,"EventType":"CreateKey","SourceName":"Microsoft-Windows-Sysmon","Keywords":-9223372036854775808,"Image":"c:\\windows\\system32\\notepad.exe","EventID":12,"Domain":"NT AUTHORITY","Category":"Registry object added or deleted (rule: RegistryEvent)","Version":2,"ProcessId":"2368","@version":"1","AccountName":"SYSTEM","ProcessGuid":"{71b87c12-d9fe-5f84-1a01-000000000500}","host":"wec.internal.cloudapp.net","Hostname":"WORKSTATION5.theshire.local","EventReceivedTime":"2020-10-12 18:34:39","SeverityValue":2,"EventTime":"2020-10-12 18:34:38","ProviderGuid":"{5770385F-C22A-43E0-BF4C-06F5698FFBD9}","Message":"Registry object added or deleted:\r\nRuleName: -\r\nEventType: CreateKey\r\nUtcTime: 2020-10-12 22:34:38.560\r\nProcessGuid: {71b87c12-d9fe-5f84-1a01-000000000500}\r\nProcessId: 2368\r\nImage: c:\\windows\\system32\\notepad.exe\r\nTargetObject: HKLM\\System\\CurrentControlSet\\Services\\Tcpip\\Parameters","SourceModuleName":"eventlog","AccountType":"User"}
{"@timestamp":"2020-10-12T22:34:40.027Z","port":61041,"Severity":"INFO","Task":12801,"Channel":"security","tags":["mordorDataset"],"SourceModuleType":"im_msvistalog","OpcodeValue":0,"EventType":"AUDIT_SUCCESS","ExecutionProcessID":4,"Opcode":"Info","RecordNumber":100666,"ThreadID":108,"SubjectDomainName":"THESHIRE","SubjectLogonId":"0x163d26","SourceName":"Microsoft-Windows-Security-Auditing","Keywords":-9214364837600034816,"HandleId":"0x1ff8","EventID":4658,"Category":"Registry","ProcessId":"0x1840","Version":0,"@version":"1","host":"wec.internal.cloudapp.net","Hostname":"WORKSTATION5.theshire.local","ProcessName":"C:\\Windows\\System32\\wuauclt.exe","ObjectServer":"Security","EventReceivedTime":"2020-10-12 18:34:40","SeverityValue":2,"EventTime":"2020-10-12 18:34:38","ProviderGuid":"{54849625-5478-4994-A5BA-3E3B0328C30D}","Message":"The handle to an object was closed.\r\n\r\nSubject :\r\n\tSecurity ID:\t\tS-1-5-21-4107722679-1012484280-3777968168-1104\r\n\tAccount Name:\t\tpgustavo\r\n\tAccount Domain:\t\tTHESHIRE\r\n\tLogon ID:\t\t0x163D26\r\n\r\nObject:\r\n\tObject Server:\t\tSecurity\r\n\tHandle ID:\t\t0x1ff8\r\n\r\nProcess Information:\r\n\tProcess ID:\t\t0x1840\r\n\tProcess Name:\t\tC:\\Windows\\System32\\wuauclt.exe","SubjectUserName":"pgustavo","SourceModuleName":"eventlog","SubjectUserSid":"S-1-5-21-4107722679-1012484280-3777968168-1104"}
{"EventTypeOrignal":"INFO","RuleName":"-","@timestamp":"2020-10-12T22:34:40.027Z","port":61041,"Severity":"INFO","Task":12,"Channel":"Microsoft-Windows-Sysmon/Operational","UtcTime":"2020-10-12 22:34:38.560","UserID":"S-1-5-18","SourceModuleType":"im_msvistalog","OpcodeValue":0,"tags":["mordorDataset"],"TargetObject":"HKLM\\System\\CurrentControlSet\\Services\\Tcpip\\Parameters","ExecutionProcessID":3312,"Opcode":"Info","RecordNumber":338711,"ThreadID":3444,"EventType":"CreateKey","SourceName":"Microsoft-Windows-Sysmon","Keywords":-9223372036854775808,"Image":"c:\\windows\\system32\\notepad.exe","EventID":12,"Domain":"NT AUTHORITY","Category":"Registry object added or deleted (rule: RegistryEvent)","Version":2,"ProcessId":"2368","@version":"1","AccountName":"SYSTEM","ProcessGuid":"{71b87c12-d9fe-5f84-1a01-000000000500}","host":"wec.internal.cloudapp.net","Hostname":"WORKSTATION5.theshire.local","EventReceivedTime":"2020-10-12 18:34:40","SeverityValue":2,"EventTime":"2020-10-12 18:34:38","ProviderGuid":"{5770385F-C22A-43E0-BF4C-06F5698FFBD9}","Message":"Registry object added or deleted:\r\nRuleName: -\r\nEventType: CreateKey\r\nUtcTime: 2020-10-12 22:34:38.560\r\nProcessGuid: {71b87c12-d9fe-5f84-1a01-000000000500}\r\nProcessId: 2368\r\nImage: c:\\windows\\system32\\notepad.exe\r\nTargetObject: HKLM\\System\\CurrentControlSet\\Services\\Tcpip\\Parameters","SourceModuleName":"eventlog","AccountType":"User"}
{"@timestamp":"2020-10-12T22:34:40.028Z","AccessReason":"-","Channel":"security","SubjectDomainName":"THESHIRE","RecordNumber":100667,"ThreadID":108,"SubjectLogonId":"0x163d26","TransactionId":"{00000000-0000-0000-0000-000000000000}","ObjectName":"\\REGISTRY\\MACHINE\\SYSTEM\\ControlSet001\\Control\\Lsa","ProcessId":"0x1840","Version":1,"Hostname":"WORKSTATION5.theshire.local","EventReceivedTime":"2020-10-12 18:34:40","ProviderGuid":"{54849625-5478-4994-A5BA-3E3B0328C30D}","SubjectUserName":"pgustavo","RestrictedSidCount":"0","port":61041,"Severity":"INFO","ResourceAttributes":"-","Task":12801,"tags":["mordorDataset"],"SourceModuleType":"im_msvistalog","OpcodeValue":0,"EventType":"AUDIT_SUCCESS","ExecutionProcessID":4,"Opcode":"Info","ObjectType":"Key","SourceName":"Microsoft-Windows-Security-Auditing","Keywords":-9214364837600034816,"AccessList":"%%4432\r\n\t\t\t\t","HandleId":"0xa0","EventID":4656,"Category":"Registry","@version":"1","host":"wec.internal.cloudapp.net","AccessMask":"0x1","ObjectServer":"Security","ProcessName":"C:\\Windows\\System32\\wuauclt.exe","SeverityValue":2,"EventTime":"2020-10-12 18:34:38","Message":"A handle to an object was requested.\r\n\r\nSubject:\r\n\tSecurity ID:\t\tS-1-5-21-4107722679-1012484280-3777968168-1104\r\n\tAccount Name:\t\tpgustavo\r\n\tAccount Domain:\t\tTHESHIRE\r\n\tLogon ID:\t\t0x163D26\r\n\r\nObject:\r\n\tObject Server:\t\tSecurity\r\n\tObject Type:\t\tKey\r\n\tObject Name:\t\t\\REGISTRY\\MACHINE\\SYSTEM\\ControlSet001\\Control\\Lsa\r\n\tHandle ID:\t\t0xa0\r\n\tResource Attributes:\t-\r\n\r\nProcess Information:\r\n\tProcess ID:\t\t0x1840\r\n\tProcess Name:\t\tC:\\Windows\\System32\\wuauclt.exe\r\n\r\nAccess Request Information:\r\n\tTransaction ID:\t\t{00000000-0000-0000-0000-000000000000}\r\n\tAccesses:\t\tQuery key value\r\n\t\t\t\t\r\n\tAccess Reasons:\t\t-\r\n\tAccess Mask:\t\t0x1\r\n\tPrivileges Used for Access Check:\t-\r\n\tRestricted SID Count:\t0","PrivilegeList":"-","SourceModuleName":"eventlog","SubjectUserSid":"S-1-5-21-4107722679-1012484280-3777968168-1104"}
{"EventTypeOrignal":"INFO","RuleName":"-","@timestamp":"2020-10-12T22:34:40.028Z","port":61041,"Severity":"INFO","Task":12,"Channel":"Microsoft-Windows-Sysmon/Operational","UtcTime":"2020-10-12 22:34:38.560","UserID":"S-1-5-18","SourceModuleType":"im_msvistalog","OpcodeValue":0,"tags":["mordorDataset"],"TargetObject":"HKLM\\System\\CurrentControlSet\\Services\\Tcpip\\Parameters","ExecutionProcessID":3312,"Opcode":"Info","RecordNumber":338712,"ThreadID":3444,"EventType":"CreateKey","SourceName":"Microsoft-Windows-Sysmon","Keywords":-9223372036854775808,"Image":"c:\\windows\\system32\\notepad.exe","EventID":12,"Domain":"NT AUTHORITY","Category":"Registry object added or deleted (rule: RegistryEvent)","Version":2,"ProcessId":"2368","@version":"1","AccountName":"SYSTEM","ProcessGuid":"{71b87c12-d9fe-5f84-1a01-000000000500}","host":"wec.internal.cloudapp.net","Hostname":"WORKSTATION5.theshire.local","EventReceivedTime":"2020-10-12 18:34:40","SeverityValue":2,"EventTime":"2020-10-12 18:34:38","ProviderGuid":"{5770385F-C22A-43E0-BF4C-06F5698FFBD9}","Message":"Registry object added or deleted:\r\nRuleName: -\r\nEventType: CreateKey\r\nUtcTime: 2020-10-12 22:34:38.560\r\nProcessGuid: {71b87c12-d9fe-5f84-1a01-000000000500}\r\nProcessId: 2368\r\nImage: c:\\windows\\system32\\notepad.exe\r\nTargetObject: HKLM\\System\\CurrentControlSet\\Services\\Tcpip\\Parameters","SourceModuleName":"eventlog","AccountType":"User"}
{"@timestamp":"2020-10-12T22:34:40.029Z","port":61041,"Severity":"INFO","Task":12801,"Channel":"security","ResourceAttributes":"-","SourceModuleType":"im_msvistalog","tags":["mordorDataset"],"OpcodeValue":0,"EventType":"AUDIT_SUCCESS","ExecutionProcessID":4,"Opcode":"Info","RecordNumber":100668,"ThreadID":108,"SubjectDomainName":"THESHIRE","SubjectLogonId":"0x163d26","SourceName":"Microsoft-Windows-Security-Auditing","ObjectType":"Key","Keywords":-9214364837600034816,"AccessList":"%%4432\r\n\t\t\t\t","HandleId":"0xa0","EventID":4663,"Category":"Registry","ObjectName":"\\REGISTRY\\MACHINE\\SYSTEM\\ControlSet001\\Control\\Lsa","Version":1,"ProcessId":"0x1840","@version":"1","host":"wec.internal.cloudapp.net","Hostname":"WORKSTATION5.theshire.local","AccessMask":"0x1","ObjectServer":"Security","ProcessName":"C:\\Windows\\System32\\wuauclt.exe","EventReceivedTime":"2020-10-12 18:34:40","SeverityValue":2,"EventTime":"2020-10-12 18:34:38","ProviderGuid":"{54849625-5478-4994-A5BA-3E3B0328C30D}","Message":"An attempt was made to access an object.\r\n\r\nSubject:\r\n\tSecurity ID:\t\tS-1-5-21-4107722679-1012484280-3777968168-1104\r\n\tAccount Name:\t\tpgustavo\r\n\tAccount Domain:\t\tTHESHIRE\r\n\tLogon ID:\t\t0x163D26\r\n\r\nObject:\r\n\tObject Server:\t\tSecurity\r\n\tObject Type:\t\tKey\r\n\tObject Name:\t\t\\REGISTRY\\MACHINE\\SYSTEM\\ControlSet001\\Control\\Lsa\r\n\tHandle ID:\t\t0xa0\r\n\tResource Attributes:\t-\r\n\r\nProcess Information:\r\n\tProcess ID:\t\t0x1840\r\n\tProcess Name:\t\tC:\\Windows\\System32\\wuauclt.exe\r\n\r\nAccess Request Information:\r\n\tAccesses:\t\tQuery key value\r\n\t\t\t\t\r\n\tAccess Mask:\t\t0x1","SubjectUserName":"pgustavo","SourceModuleName":"eventlog","SubjectUserSid":"S-1-5-21-4107722679-1012484280-3777968168-1104"}
{"@timestamp":"2020-10-12T22:34:40.029Z","port":61041,"Severity":"INFO","Task":12801,"Channel":"security","tags":["mordorDataset"],"SourceModuleType":"im_msvistalog","OpcodeValue":0,"EventType":"AUDIT_SUCCESS","ExecutionProcessID":4,"Opcode":"Info","RecordNumber":100669,"ThreadID":108,"SubjectDomainName":"THESHIRE","SubjectLogonId":"0x163d26","SourceName":"Microsoft-Windows-Security-Auditing","Keywords":-9214364837600034816,"HandleId":"0xa0","EventID":4658,"Category":"Registry","ProcessId":"0x1840","Version":0,"@version":"1","host":"wec.internal.cloudapp.net","Hostname":"WORKSTATION5.theshire.local","ProcessName":"C:\\Windows\\System32\\wuauclt.exe","ObjectServer":"Security","EventReceivedTime":"2020-10-12 18:34:40","SeverityValue":2,"EventTime":"2020-10-12 18:34:38","ProviderGuid":"{54849625-5478-4994-A5BA-3E3B0328C30D}","Message":"The handle to an object was closed.\r\n\r\nSubject :\r\n\tSecurity ID:\t\tS-1-5-21-4107722679-1012484280-3777968168-1104\r\n\tAccount Name:\t\tpgustavo\r\n\tAccount Domain:\t\tTHESHIRE\r\n\tLogon ID:\t\t0x163D26\r\n\r\nObject:\r\n\tObject Server:\t\tSecurity\r\n\tHandle ID:\t\t0xa0\r\n\r\nProcess Information:\r\n\tProcess ID:\t\t0x1840\r\n\tProcess Name:\t\tC:\\Windows\\System32\\wuauclt.exe","SubjectUserName":"pgustavo","SourceModuleName":"eventlog","SubjectUserSid":"S-1-5-21-4107722679-1012484280-3777968168-1104"}
{"RuleName":"-","@timestamp":"2020-10-12T22:34:40.029Z","SignatureStatus":"Valid","Channel":"Microsoft-Windows-Sysmon/Operational","UserID":"S-1-5-18","RecordNumber":338713,"ThreadID":3444,"Image":"C:\\Windows\\System32\\notepad.exe","ProcessId":"2368","Company":"Microsoft Corporation","Version":3,"Hostname":"WORKSTATION5.theshire.local","ImageLoaded":"C:\\Windows\\System32\\rasapi32.dll","Description":"Remote Access API","EventReceivedTime":"2020-10-12 18:34:40","ProviderGuid":"{5770385F-C22A-43E0-BF4C-06F5698FFBD9}","Signed":"true","UtcTime":"2020-10-12 22:34:38.560","port":61041,"Severity":"INFO","tags":["mordorDataset"],"Task":7,"SourceModuleType":"im_msvistalog","OpcodeValue":0,"EventType":"INFO","ExecutionProcessID":3312,"Opcode":"Info","SourceName":"Microsoft-Windows-Sysmon","Product":"Microsoft® Windows® Operating System","Keywords":-9223372036854775808,"FileVersion":"10.0.18362.1016 (WinBuild.160101.0800)","EventID":7,"Domain":"NT AUTHORITY","Category":"Image loaded (rule: ImageLoad)","OriginalFileName":"rasapi32.dll","@version":"1","AccountName":"SYSTEM","ProcessGuid":"{71b87c12-d9fe-5f84-1a01-000000000500}","host":"wec.internal.cloudapp.net","Hashes":"SHA1=7ACB0FF46499B6DCC5B1F62BE61A6FCEF9E331EB,MD5=F1C4AE57A163AA8F9F5EAF22EDA4E213,SHA256=4469520EBA030A65DD7EAB3ED658F7A920F561093B57A6FD948B6967464B6520,IMPHASH=67771DF1A810323891350EAA22042452","SeverityValue":2,"EventTime":"2020-10-12 18:34:38","Message":"Image loaded:\r\nRuleName: -\r\nUtcTime: 2020-10-12 22:34:38.560\r\nProcessGuid: {71b87c12-d9fe-5f84-1a01-000000000500}\r\nProcessId: 2368\r\nImage: C:\\Windows\\System32\\notepad.exe\r\nImageLoaded: C:\\Windows\\System32\\rasapi32.dll\r\nFileVersion: 10.0.18362.1016 (WinBuild.160101.0800)\r\nDescription: Remote Access API\r\nProduct: Microsoft® Windows® Operating System\r\nCompany: Microsoft Corporation\r\nOriginalFileName: rasapi32.dll\r\nHashes: SHA1=7ACB0FF46499B6DCC5B1F62BE61A6FCEF9E331EB,MD5=F1C4AE57A163AA8F9F5EAF22EDA4E213,SHA256=4469520EBA030A65DD7EAB3ED658F7A920F561093B57A6FD948B6967464B6520,IMPHASH=67771DF1A810323891350EAA22042452\r\nSigned: true\r\nSignature: Microsoft Windows\r\nSignatureStatus: Valid","SourceModuleName":"eventlog","AccountType":"User","Signature":"Microsoft Windows"}
{"RuleName":"-","@timestamp":"2020-10-12T22:34:40.031Z","SignatureStatus":"Valid","Channel":"Microsoft-Windows-Sysmon/Operational","UserID":"S-1-5-18","RecordNumber":338714,"ThreadID":3444,"Image":"C:\\Windows\\System32\\notepad.exe","ProcessId":"2368","Company":"Microsoft Corporation","Version":3,"Hostname":"WORKSTATION5.theshire.local","ImageLoaded":"C:\\Windows\\System32\\rasman.dll","Description":"Remote Access Connection Manager","EventReceivedTime":"2020-10-12 18:34:40","ProviderGuid":"{5770385F-C22A-43E0-BF4C-06F5698FFBD9}","Signed":"true","UtcTime":"2020-10-12 22:34:38.576","port":61041,"Severity":"INFO","tags":["mordorDataset"],"Task":7,"SourceModuleType":"im_msvistalog","OpcodeValue":0,"EventType":"INFO","ExecutionProcessID":3312,"Opcode":"Info","SourceName":"Microsoft-Windows-Sysmon","Product":"Microsoft® Windows® Operating System","Keywords":-9223372036854775808,"FileVersion":"10.0.18362.1 (WinBuild.160101.0800)","EventID":7,"Domain":"NT AUTHORITY","Category":"Image loaded (rule: ImageLoad)","OriginalFileName":"Rasman.dll","@version":"1","AccountName":"SYSTEM","ProcessGuid":"{71b87c12-d9fe-5f84-1a01-000000000500}","host":"wec.internal.cloudapp.net","Hashes":"SHA1=0B50337E75AFB93240FC7E49045CC3141DCFC01B,MD5=84587E382BC8AA17CEA1128AFAD459B7,SHA256=AA1EFC39F6C3469932F816E17EA3A87BB3DFF8265D571322234435C691EED314,IMPHASH=4FB0C8ACCF918806EAFFAE9F49027D05","SeverityValue":2,"EventTime":"2020-10-12 18:34:38","Message":"Image loaded:\r\nRuleName: -\r\nUtcTime: 2020-10-12 22:34:38.576\r\nProcessGuid: {71b87c12-d9fe-5f84-1a01-000000000500}\r\nProcessId: 2368\r\nImage: C:\\Windows\\System32\\notepad.exe\r\nImageLoaded: C:\\Windows\\System32\\rasman.dll\r\nFileVersion: 10.0.18362.1 (WinBuild.160101.0800)\r\nDescription: Remote Access Connection Manager\r\nProduct: Microsoft® Windows® Operating System\r\nCompany: Microsoft Corporation\r\nOriginalFileName: Rasman.dll\r\nHashes: SHA1=0B50337E75AFB93240FC7E49045CC3141DCFC01B,MD5=84587E382BC8AA17CEA1128AFAD459B7,SHA256=AA1EFC39F6C3469932F816E17EA3A87BB3DFF8265D571322234435C691EED314,IMPHASH=4FB0C8ACCF918806EAFFAE9F49027D05\r\nSigned: true\r\nSignature: Microsoft Windows\r\nSignatureStatus: Valid","SourceModuleName":"eventlog","AccountType":"User","Signature":"Microsoft Windows"}
{"@timestamp":"2020-10-12T22:34:40.031Z","port":61041,"Severity":"INFO","Task":13312,"Channel":"security","tags":["mordorDataset"],"SourceModuleType":"im_msvistalog","OpcodeValue":0,"EventType":"AUDIT_SUCCESS","ExecutionProcessID":4,"Opcode":"Info","RecordNumber":100670,"ThreadID":3136,"SubjectDomainName":"THESHIRE","SubjectLogonId":"0x163d26","SourceName":"Microsoft-Windows-Security-Auditing","NewProcessId":"0x940","TargetLogonId":"0x0","Keywords":-9214364837600034816,"TargetUserSid":"S-1-0-0","EventID":4688,"Category":"Process Creation","NewProcessName":"C:\\Windows\\System32\\notepad.exe","Version":2,"CommandLine":"c:\\windows\\system32\\notepad.exe","ParentProcessName":"C:\\Windows\\System32\\wuauclt.exe","@version":"1","ProcessId":"0x1840","host":"wec.internal.cloudapp.net","Hostname":"WORKSTATION5.theshire.local","EventReceivedTime":"2020-10-12 18:34:40","SeverityValue":2,"EventTime":"2020-10-12 18:34:38","ProviderGuid":"{54849625-5478-4994-A5BA-3E3B0328C30D}","Message":"A new process has been created.\r\n\r\nCreator Subject:\r\n\tSecurity ID:\t\tS-1-5-21-4107722679-1012484280-3777968168-1104\r\n\tAccount Name:\t\tpgustavo\r\n\tAccount Domain:\t\tTHESHIRE\r\n\tLogon ID:\t\t0x163D26\r\n\r\nTarget Subject:\r\n\tSecurity ID:\t\tS-1-0-0\r\n\tAccount Name:\t\t-\r\n\tAccount Domain:\t\t-\r\n\tLogon ID:\t\t0x0\r\n\r\nProcess Information:\r\n\tNew Process ID:\t\t0x940\r\n\tNew Process Name:\tC:\\Windows\\System32\\notepad.exe\r\n\tToken Elevation Type:\t%%1937\r\n\tMandatory Label:\t\tS-1-16-12288\r\n\tCreator Process ID:\t0x1840\r\n\tCreator Process Name:\tC:\\Windows\\System32\\wuauclt.exe\r\n\tProcess Command Line:\tc:\\windows\\system32\\notepad.exe\r\n\r\nToken Elevation Type indicates the type of token that was assigned to the new process in accordance with User Account Control policy.\r\n\r\nType 1 is a full token with no privileges removed or groups disabled.  A full token is only used if User Account Control is disabled or if the user is the built-in Administrator account or a service account.\r\n\r\nType 2 is an elevated token with no privileges removed or groups disabled.  An elevated token is used when User Account Control is enabled and the user chooses to start the program using Run as administrator.  An elevated token is also used when an application is configured to always require administrative privilege or to always require maximum privilege, and the user is a member of the Administrators group.\r\n\r\nType 3 is a limited token with administrative privileges removed and administrative groups disabled.  The limited token is used when User Account Control is enabled, the application does not require administrative privilege, and the user does not choose to start the program using Run as administrator.","SubjectUserName":"pgustavo","TokenElevationType":"%%1937","MandatoryLabel":"S-1-16-12288","SourceModuleName":"eventlog","SubjectUserSid":"S-1-5-21-4107722679-1012484280-3777968168-1104","TargetDomainName":"-","TargetUserName":"-"}
{"@timestamp":"2020-10-12T22:34:40.032Z","port":61041,"Severity":"INFO","Task":13313,"Channel":"security","tags":["mordorDataset"],"SourceModuleType":"im_msvistalog","OpcodeValue":0,"EventType":"AUDIT_SUCCESS","ExecutionProcessID":4,"Opcode":"Info","RecordNumber":100671,"ThreadID":5556,"SubjectDomainName":"THESHIRE","SubjectLogonId":"0x163d26","SourceName":"Microsoft-Windows-Security-Auditing","Status":"0x800700b6","Keywords":-9214364837600034816,"EventID":4689,"Category":"Process Termination","ProcessId":"0x1840","Version":0,"@version":"1","host":"wec.internal.cloudapp.net","Hostname":"WORKSTATION5.theshire.local","ProcessName":"C:\\Windows\\System32\\wuauclt.exe","EventReceivedTime":"2020-10-12 18:34:40","SeverityValue":2,"EventTime":"2020-10-12 18:34:38","ProviderGuid":"{54849625-5478-4994-A5BA-3E3B0328C30D}","Message":"A process has exited.\r\n\r\nSubject:\r\n\tSecurity ID:\t\tS-1-5-21-4107722679-1012484280-3777968168-1104\r\n\tAccount Name:\t\tpgustavo\r\n\tAccount Domain:\t\tTHESHIRE\r\n\tLogon ID:\t\t0x163D26\r\n\r\nProcess Information:\r\n\tProcess ID:\t0x1840\r\n\tProcess Name:\tC:\\Windows\\System32\\wuauclt.exe\r\n\tExit Status:\t0x800700B6","SubjectUserName":"pgustavo","SourceModuleName":"eventlog","SubjectUserSid":"S-1-5-21-4107722679-1012484280-3777968168-1104"}
{"RuleName":"-","@timestamp":"2020-10-12T22:34:40.032Z","SignatureStatus":"Valid","Channel":"Microsoft-Windows-Sysmon/Operational","UserID":"S-1-5-18","RecordNumber":338715,"ThreadID":3444,"Image":"C:\\Windows\\System32\\notepad.exe","ProcessId":"2368","Company":"Microsoft Corporation","Version":3,"Hostname":"WORKSTATION5.theshire.local","ImageLoaded":"C:\\Windows\\System32\\rtutils.dll","Description":"Routing Utilities","EventReceivedTime":"2020-10-12 18:34:40","ProviderGuid":"{5770385F-C22A-43E0-BF4C-06F5698FFBD9}","Signed":"true","UtcTime":"2020-10-12 22:34:38.576","port":61041,"Severity":"INFO","tags":["mordorDataset"],"Task":7,"SourceModuleType":"im_msvistalog","OpcodeValue":0,"EventType":"INFO","ExecutionProcessID":3312,"Opcode":"Info","SourceName":"Microsoft-Windows-Sysmon","Product":"Microsoft® Windows® Operating System","Keywords":-9223372036854775808,"FileVersion":"10.0.18362.1082 (WinBuild.160101.0800)","EventID":7,"Domain":"NT AUTHORITY","Category":"Image loaded (rule: ImageLoad)","OriginalFileName":"RTUTILS.DLL","@version":"1","AccountName":"SYSTEM","ProcessGuid":"{71b87c12-d9fe-5f84-1a01-000000000500}","host":"wec.internal.cloudapp.net","Hashes":"SHA1=1B4D79B7B22D65E56A7D71DB942E947268782DEC,MD5=F26BC38017B1E828A2B437513DF78D24,SHA256=9D331DD4364EA1BFAD25099436B31DCF36488917C4E6A6E19223DC5E9FC10F1A,IMPHASH=09F1F82E64030E84C5CE08D226E28072","SeverityValue":2,"EventTime":"2020-10-12 18:34:38","Message":"Image loaded:\r\nRuleName: -\r\nUtcTime: 2020-10-12 22:34:38.576\r\nProcessGuid: {71b87c12-d9fe-5f84-1a01-000000000500}\r\nProcessId: 2368\r\nImage: C:\\Windows\\System32\\notepad.exe\r\nImageLoaded: C:\\Windows\\System32\\rtutils.dll\r\nFileVersion: 10.0.18362.1082 (WinBuild.160101.0800)\r\nDescription: Routing Utilities\r\nProduct: Microsoft® Windows® Operating System\r\nCompany: Microsoft Corporation\r\nOriginalFileName: RTUTILS.DLL\r\nHashes: SHA1=1B4D79B7B22D65E56A7D71DB942E947268782DEC,MD5=F26BC38017B1E828A2B437513DF78D24,SHA256=9D331DD4364EA1BFAD25099436B31DCF36488917C4E6A6E19223DC5E9FC10F1A,IMPHASH=09F1F82E64030E84C5CE08D226E28072\r\nSigned: true\r\nSignature: Microsoft Windows\r\nSignatureStatus: Valid","SourceModuleName":"eventlog","AccountType":"User","Signature":"Microsoft Windows"}
{"EventTypeOrignal":"INFO","RuleName":"-","@timestamp":"2020-10-12T22:34:40.033Z","port":61041,"Severity":"INFO","Task":12,"Channel":"Microsoft-Windows-Sysmon/Operational","UtcTime":"2020-10-12 22:34:38.576","UserID":"S-1-5-18","SourceModuleType":"im_msvistalog","OpcodeValue":0,"tags":["mordorDataset"],"TargetObject":"HKLM\\SOFTWARE\\Microsoft\\Tracing","ExecutionProcessID":3312,"Opcode":"Info","RecordNumber":338716,"ThreadID":3444,"EventType":"CreateKey","SourceName":"Microsoft-Windows-Sysmon","Keywords":-9223372036854775808,"Image":"c:\\windows\\system32\\notepad.exe","EventID":12,"Domain":"NT AUTHORITY","Category":"Registry object added or deleted (rule: RegistryEvent)","Version":2,"ProcessId":"2368","@version":"1","AccountName":"SYSTEM","ProcessGuid":"{71b87c12-d9fe-5f84-1a01-000000000500}","host":"wec.internal.cloudapp.net","Hostname":"WORKSTATION5.theshire.local","EventReceivedTime":"2020-10-12 18:34:40","SeverityValue":2,"EventTime":"2020-10-12 18:34:38","ProviderGuid":"{5770385F-C22A-43E0-BF4C-06F5698FFBD9}","Message":"Registry object added or deleted:\r\nRuleName: -\r\nEventType: CreateKey\r\nUtcTime: 2020-10-12 22:34:38.576\r\nProcessGuid: {71b87c12-d9fe-5f84-1a01-000000000500}\r\nProcessId: 2368\r\nImage: c:\\windows\\system32\\notepad.exe\r\nTargetObject: HKLM\\SOFTWARE\\Microsoft\\Tracing","SourceModuleName":"eventlog","AccountType":"User"}
{"SourceProcessId":"0x940","@timestamp":"2020-10-12T22:34:40.033Z","port":61041,"Severity":"INFO","Task":12807,"Channel":"security","tags":["mordorDataset"],"SourceModuleType":"im_msvistalog","OpcodeValue":0,"TargetProcessId":"0x4","EventType":"AUDIT_SUCCESS","ExecutionProcessID":4,"Opcode":"Info","RecordNumber":100672,"ThreadID":108,"SubjectDomainName":"THESHIRE","SubjectLogonId":"0x163d26","SourceName":"Microsoft-Windows-Security-Auditing","TargetHandleId":"0x2914","Keywords":-9214364837600034816,"EventID":4690,"Category":"Handle Manipulation","SourceHandleId":"0xb0","Version":0,"ProcessId":"0x940","@version":"1","host":"wec.internal.cloudapp.net","Hostname":"WORKSTATION5.theshire.local","EventReceivedTime":"2020-10-12 18:34:40","SeverityValue":2,"EventTime":"2020-10-12 18:34:38","ProviderGuid":"{54849625-5478-4994-A5BA-3E3B0328C30D}","Message":"An attempt was made to duplicate a handle to an object.\r\n\r\nSubject:\r\n\tSecurity ID:\t\tS-1-5-21-4107722679-1012484280-3777968168-1104\r\n\tAccount Name:\t\tpgustavo\r\n\tAccount Domain:\t\tTHESHIRE\r\n\tLogon ID:\t\t0x163D26\r\n\r\nSource Handle Information:\r\n\tSource Handle ID:\t0xb0\r\n\tSource Process ID:\t0x940\r\n\r\nNew Handle Information:\r\n\tTarget Handle ID:\t0x2914\r\n\tTarget Process ID:\t0x4","SubjectUserName":"pgustavo","SourceModuleName":"eventlog","SubjectUserSid":"S-1-5-21-4107722679-1012484280-3777968168-1104"}
{"RuleName":"-","@timestamp":"2020-10-12T22:34:40.034Z","SignatureStatus":"Valid","Channel":"Microsoft-Windows-Sysmon/Operational","UserID":"S-1-5-18","RecordNumber":338717,"ThreadID":3444,"Image":"C:\\Windows\\System32\\notepad.exe","ProcessId":"2368","Company":"Microsoft Corporation","Version":3,"Hostname":"WORKSTATION5.theshire.local","ImageLoaded":"C:\\Windows\\System32\\mswsock.dll","Description":"Microsoft Windows Sockets 2.0 Service Provider","EventReceivedTime":"2020-10-12 18:34:40","ProviderGuid":"{5770385F-C22A-43E0-BF4C-06F5698FFBD9}","Signed":"true","UtcTime":"2020-10-12 22:34:38.576","port":61041,"Severity":"INFO","tags":["mordorDataset"],"Task":7,"SourceModuleType":"im_msvistalog","OpcodeValue":0,"EventType":"INFO","ExecutionProcessID":3312,"Opcode":"Info","SourceName":"Microsoft-Windows-Sysmon","Product":"Microsoft® Windows® Operating System","Keywords":-9223372036854775808,"FileVersion":"10.0.18362.815 (WinBuild.160101.0800)","EventID":7,"Domain":"NT AUTHORITY","Category":"Image loaded (rule: ImageLoad)","OriginalFileName":"mswsock.dll","@version":"1","AccountName":"SYSTEM","ProcessGuid":"{71b87c12-d9fe-5f84-1a01-000000000500}","host":"wec.internal.cloudapp.net","Hashes":"SHA1=2E03CA141D735D13491049B4D6C2DC2B928B4C01,MD5=8578F1F72C6550CF62965D520FA7C6E9,SHA256=20008AAB6285FB2B24DE1E72D11654316FF601918FD05B7DF2F9894C64A16956,IMPHASH=E5E26C86BC73F56D7EDD17D98802AA21","SeverityValue":2,"EventTime":"2020-10-12 18:34:38","Message":"Image loaded:\r\nRuleName: -\r\nUtcTime: 2020-10-12 22:34:38.576\r\nProcessGuid: {71b87c12-d9fe-5f84-1a01-000000000500}\r\nProcessId: 2368\r\nImage: C:\\Windows\\System32\\notepad.exe\r\nImageLoaded: C:\\Windows\\System32\\mswsock.dll\r\nFileVersion: 10.0.18362.815 (WinBuild.160101.0800)\r\nDescription: Microsoft Windows Sockets 2.0 Service Provider\r\nProduct: Microsoft® Windows® Operating System\r\nCompany: Microsoft Corporation\r\nOriginalFileName: mswsock.dll\r\nHashes: SHA1=2E03CA141D735D13491049B4D6C2DC2B928B4C01,MD5=8578F1F72C6550CF62965D520FA7C6E9,SHA256=20008AAB6285FB2B24DE1E72D11654316FF601918FD05B7DF2F9894C64A16956,IMPHASH=E5E26C86BC73F56D7EDD17D98802AA21\r\nSigned: true\r\nSignature: Microsoft Windows\r\nSignatureStatus: Valid","SourceModuleName":"eventlog","AccountType":"User","Signature":"Microsoft Windows"}
{"@timestamp":"2020-10-12T22:34:40.034Z","port":61041,"Severity":"INFO","Task":12801,"Channel":"security","tags":["mordorDataset"],"SourceModuleType":"im_msvistalog","OpcodeValue":0,"EventType":"AUDIT_SUCCESS","ExecutionProcessID":4,"Opcode":"Info","RecordNumber":100673,"ThreadID":108,"SubjectDomainName":"THESHIRE","SubjectLogonId":"0x163d26","SourceName":"Microsoft-Windows-Security-Auditing","Keywords":-9214364837600034816,"HandleId":"0x2914","EventID":4658,"Category":"Registry","ProcessId":"0x940","Version":0,"@version":"1","host":"wec.internal.cloudapp.net","Hostname":"WORKSTATION5.theshire.local","ProcessName":"C:\\Windows\\System32\\notepad.exe","ObjectServer":"Security","EventReceivedTime":"2020-10-12 18:34:40","SeverityValue":2,"EventTime":"2020-10-12 18:34:38","ProviderGuid":"{54849625-5478-4994-A5BA-3E3B0328C30D}","Message":"The handle to an object was closed.\r\n\r\nSubject :\r\n\tSecurity ID:\t\tS-1-5-21-4107722679-1012484280-3777968168-1104\r\n\tAccount Name:\t\tpgustavo\r\n\tAccount Domain:\t\tTHESHIRE\r\n\tLogon ID:\t\t0x163D26\r\n\r\nObject:\r\n\tObject Server:\t\tSecurity\r\n\tHandle ID:\t\t0x2914\r\n\r\nProcess Information:\r\n\tProcess ID:\t\t0x940\r\n\tProcess Name:\t\tC:\\Windows\\System32\\notepad.exe","SubjectUserName":"pgustavo","SourceModuleName":"eventlog","SubjectUserSid":"S-1-5-21-4107722679-1012484280-3777968168-1104"}
{"RuleName":"-","@timestamp":"2020-10-12T22:34:40.036Z","SignatureStatus":"Valid","Channel":"Microsoft-Windows-Sysmon/Operational","UserID":"S-1-5-18","RecordNumber":338718,"ThreadID":3444,"Image":"C:\\Windows\\System32\\notepad.exe","ProcessId":"2368","Company":"Microsoft Corporation","Version":3,"Hostname":"WORKSTATION5.theshire.local","ImageLoaded":"C:\\Windows\\System32\\winhttp.dll","Description":"Windows HTTP Services","EventReceivedTime":"2020-10-12 18:34:40","ProviderGuid":"{5770385F-C22A-43E0-BF4C-06F5698FFBD9}","Signed":"true","UtcTime":"2020-10-12 22:34:38.576","port":61041,"Severity":"INFO","tags":["mordorDataset"],"Task":7,"SourceModuleType":"im_msvistalog","OpcodeValue":0,"EventType":"INFO","ExecutionProcessID":3312,"Opcode":"Info","SourceName":"Microsoft-Windows-Sysmon","Product":"Microsoft® Windows® Operating System","Keywords":-9223372036854775808,"FileVersion":"10.0.18362.778 (WinBuild.160101.0800)","EventID":7,"Domain":"NT AUTHORITY","Category":"Image loaded (rule: ImageLoad)","OriginalFileName":"winhttp.dll","@version":"1","AccountName":"SYSTEM","ProcessGuid":"{71b87c12-d9fe-5f84-1a01-000000000500}","host":"wec.internal.cloudapp.net","Hashes":"SHA1=92A9A26403E51F2040B10308864F314A0E64126C,MD5=47F6BDF5EA61507053EE2698116E74CA,SHA256=BFF0846B3797A38D44B0FFAFDBFC4F822D56E519A0DA0090C443587F0FFF1971,IMPHASH=744529C7923557B9DDE8E6A14A60CC82","SeverityValue":2,"EventTime":"2020-10-12 18:34:38","Message":"Image loaded:\r\nRuleName: -\r\nUtcTime: 2020-10-12 22:34:38.576\r\nProcessGuid: {71b87c12-d9fe-5f84-1a01-000000000500}\r\nProcessId: 2368\r\nImage: C:\\Windows\\System32\\notepad.exe\r\nImageLoaded: C:\\Windows\\System32\\winhttp.dll\r\nFileVersion: 10.0.18362.778 (WinBuild.160101.0800)\r\nDescription: Windows HTTP Services\r\nProduct: Microsoft® Windows® Operating System\r\nCompany: Microsoft Corporation\r\nOriginalFileName: winhttp.dll\r\nHashes: SHA1=92A9A26403E51F2040B10308864F314A0E64126C,MD5=47F6BDF5EA61507053EE2698116E74CA,SHA256=BFF0846B3797A38D44B0FFAFDBFC4F822D56E519A0DA0090C443587F0FFF1971,IMPHASH=744529C7923557B9DDE8E6A14A60CC82\r\nSigned: true\r\nSignature: Microsoft Windows\r\nSignatureStatus: Valid","SourceModuleName":"eventlog","AccountType":"User","Signature":"Microsoft Windows"}
{"@timestamp":"2020-10-12T22:34:40.036Z","AccessReason":"-","Channel":"security","SubjectDomainName":"THESHIRE","RecordNumber":100674,"ThreadID":108,"SubjectLogonId":"0x163d26","TransactionId":"{00000000-0000-0000-0000-000000000000}","ObjectName":"\\REGISTRY\\MACHINE\\SYSTEM\\ControlSet001\\Control\\Lsa","ProcessId":"0x940","Version":1,"Hostname":"WORKSTATION5.theshire.local","EventReceivedTime":"2020-10-12 18:34:40","ProviderGuid":"{54849625-5478-4994-A5BA-3E3B0328C30D}","SubjectUserName":"pgustavo","RestrictedSidCount":"0","port":61041,"Severity":"INFO","ResourceAttributes":"-","Task":12801,"tags":["mordorDataset"],"SourceModuleType":"im_msvistalog","OpcodeValue":0,"EventType":"AUDIT_SUCCESS","ExecutionProcessID":4,"Opcode":"Info","ObjectType":"Key","SourceName":"Microsoft-Windows-Security-Auditing","Keywords":-9214364837600034816,"AccessList":"%%4432\r\n\t\t\t\t","HandleId":"0xb0","EventID":4656,"Category":"Registry","@version":"1","host":"wec.internal.cloudapp.net","AccessMask":"0x1","ObjectServer":"Security","ProcessName":"C:\\Windows\\System32\\notepad.exe","SeverityValue":2,"EventTime":"2020-10-12 18:34:38","Message":"A handle to an object was requested.\r\n\r\nSubject:\r\n\tSecurity ID:\t\tS-1-5-21-4107722679-1012484280-3777968168-1104\r\n\tAccount Name:\t\tpgustavo\r\n\tAccount Domain:\t\tTHESHIRE\r\n\tLogon ID:\t\t0x163D26\r\n\r\nObject:\r\n\tObject Server:\t\tSecurity\r\n\tObject Type:\t\tKey\r\n\tObject Name:\t\t\\REGISTRY\\MACHINE\\SYSTEM\\ControlSet001\\Control\\Lsa\r\n\tHandle ID:\t\t0xb0\r\n\tResource Attributes:\t-\r\n\r\nProcess Information:\r\n\tProcess ID:\t\t0x940\r\n\tProcess Name:\t\tC:\\Windows\\System32\\notepad.exe\r\n\r\nAccess Request Information:\r\n\tTransaction ID:\t\t{00000000-0000-0000-0000-000000000000}\r\n\tAccesses:\t\tQuery key value\r\n\t\t\t\t\r\n\tAccess Reasons:\t\t-\r\n\tAccess Mask:\t\t0x1\r\n\tPrivileges Used for Access Check:\t-\r\n\tRestricted SID Count:\t0","PrivilegeList":"-","SourceModuleName":"eventlog","SubjectUserSid":"S-1-5-21-4107722679-1012484280-3777968168-1104"}
{"RuleName":"-","@timestamp":"2020-10-12T22:34:40.037Z","SignatureStatus":"Valid","Channel":"Microsoft-Windows-Sysmon/Operational","UserID":"S-1-5-18","RecordNumber":338719,"ThreadID":3444,"Image":"C:\\Windows\\System32\\notepad.exe","ProcessId":"2368","Company":"Microsoft Corporation","Version":3,"Hostname":"WORKSTATION5.theshire.local","ImageLoaded":"C:\\Windows\\System32\\OnDemandConnRouteHelper.dll","Description":"On Demand Connctiond Route Helper","EventReceivedTime":"2020-10-12 18:34:40","ProviderGuid":"{5770385F-C22A-43E0-BF4C-06F5698FFBD9}","Signed":"true","UtcTime":"2020-10-12 22:34:38.576","port":61041,"Severity":"INFO","tags":["mordorDataset"],"Task":7,"SourceModuleType":"im_msvistalog","OpcodeValue":0,"EventType":"INFO","ExecutionProcessID":3312,"Opcode":"Info","SourceName":"Microsoft-Windows-Sysmon","Product":"Microsoft® Windows® Operating System","Keywords":-9223372036854775808,"FileVersion":"10.0.18362.1 (WinBuild.160101.0800)","EventID":7,"Domain":"NT AUTHORITY","Category":"Image loaded (rule: ImageLoad)","OriginalFileName":"OnDemandConnRouteHelper.dll","@version":"1","AccountName":"SYSTEM","ProcessGuid":"{71b87c12-d9fe-5f84-1a01-000000000500}","host":"wec.internal.cloudapp.net","Hashes":"SHA1=CB0FED80A33581425BBEA334D9185F63C5EE315F,MD5=9D1E318E09783AFBBF2F51D6E9950662,SHA256=48C0E264A522173740EBD7627900BE7E6FEDAEE2264F67A00E78D4A6D76865D8,IMPHASH=83BEA6248DF8A10A1D9DF229B452B69F","SeverityValue":2,"EventTime":"2020-10-12 18:34:38","Message":"Image loaded:\r\nRuleName: -\r\nUtcTime: 2020-10-12 22:34:38.576\r\nProcessGuid: {71b87c12-d9fe-5f84-1a01-000000000500}\r\nProcessId: 2368\r\nImage: C:\\Windows\\System32\\notepad.exe\r\nImageLoaded: C:\\Windows\\System32\\OnDemandConnRouteHelper.dll\r\nFileVersion: 10.0.18362.1 (WinBuild.160101.0800)\r\nDescription: On Demand Connctiond Route Helper\r\nProduct: Microsoft® Windows® Operating System\r\nCompany: Microsoft Corporation\r\nOriginalFileName: OnDemandConnRouteHelper.dll\r\nHashes: SHA1=CB0FED80A33581425BBEA334D9185F63C5EE315F,MD5=9D1E318E09783AFBBF2F51D6E9950662,SHA256=48C0E264A522173740EBD7627900BE7E6FEDAEE2264F67A00E78D4A6D76865D8,IMPHASH=83BEA6248DF8A10A1D9DF229B452B69F\r\nSigned: true\r\nSignature: Microsoft Windows\r\nSignatureStatus: Valid","SourceModuleName":"eventlog","AccountType":"User","Signature":"Microsoft Windows"}
{"@timestamp":"2020-10-12T22:34:40.037Z","port":61041,"Severity":"INFO","Task":12801,"Channel":"security","ResourceAttributes":"-","SourceModuleType":"im_msvistalog","tags":["mordorDataset"],"OpcodeValue":0,"EventType":"AUDIT_SUCCESS","ExecutionProcessID":4,"Opcode":"Info","RecordNumber":100675,"ThreadID":108,"SubjectDomainName":"THESHIRE","SubjectLogonId":"0x163d26","SourceName":"Microsoft-Windows-Security-Auditing","ObjectType":"Key","Keywords":-9214364837600034816,"AccessList":"%%4432\r\n\t\t\t\t","HandleId":"0xb0","EventID":4663,"Category":"Registry","ObjectName":"\\REGISTRY\\MACHINE\\SYSTEM\\ControlSet001\\Control\\Lsa","Version":1,"ProcessId":"0x940","@version":"1","host":"wec.internal.cloudapp.net","Hostname":"WORKSTATION5.theshire.local","AccessMask":"0x1","ObjectServer":"Security","ProcessName":"C:\\Windows\\System32\\notepad.exe","EventReceivedTime":"2020-10-12 18:34:40","SeverityValue":2,"EventTime":"2020-10-12 18:34:38","ProviderGuid":"{54849625-5478-4994-A5BA-3E3B0328C30D}","Message":"An attempt was made to access an object.\r\n\r\nSubject:\r\n\tSecurity ID:\t\tS-1-5-21-4107722679-1012484280-3777968168-1104\r\n\tAccount Name:\t\tpgustavo\r\n\tAccount Domain:\t\tTHESHIRE\r\n\tLogon ID:\t\t0x163D26\r\n\r\nObject:\r\n\tObject Server:\t\tSecurity\r\n\tObject Type:\t\tKey\r\n\tObject Name:\t\t\\REGISTRY\\MACHINE\\SYSTEM\\ControlSet001\\Control\\Lsa\r\n\tHandle ID:\t\t0xb0\r\n\tResource Attributes:\t-\r\n\r\nProcess Information:\r\n\tProcess ID:\t\t0x940\r\n\tProcess Name:\t\tC:\\Windows\\System32\\notepad.exe\r\n\r\nAccess Request Information:\r\n\tAccesses:\t\tQuery key value\r\n\t\t\t\t\r\n\tAccess Mask:\t\t0x1","SubjectUserName":"pgustavo","SourceModuleName":"eventlog","SubjectUserSid":"S-1-5-21-4107722679-1012484280-3777968168-1104"}
{"EventTypeOrignal":"INFO","RuleName":"-","@timestamp":"2020-10-12T22:34:40.038Z","port":61041,"Severity":"INFO","Task":12,"Channel":"Microsoft-Windows-Sysmon/Operational","UtcTime":"2020-10-12 22:34:38.576","UserID":"S-1-5-18","SourceModuleType":"im_msvistalog","OpcodeValue":0,"tags":["mordorDataset"],"TargetObject":"HKU\\S-1-5-21-4107722679-1012484280-3777968168-1104\\Software\\Microsoft\\Windows\\CurrentVersion\\Internet Settings\\Connections","ExecutionProcessID":3312,"Opcode":"Info","RecordNumber":338720,"ThreadID":3444,"EventType":"CreateKey","SourceName":"Microsoft-Windows-Sysmon","Keywords":-9223372036854775808,"Image":"c:\\windows\\system32\\notepad.exe","EventID":12,"Domain":"NT AUTHORITY","Category":"Registry object added or deleted (rule: RegistryEvent)","Version":2,"ProcessId":"2368","@version":"1","AccountName":"SYSTEM","ProcessGuid":"{71b87c12-d9fe-5f84-1a01-000000000500}","host":"wec.internal.cloudapp.net","Hostname":"WORKSTATION5.theshire.local","EventReceivedTime":"2020-10-12 18:34:40","SeverityValue":2,"EventTime":"2020-10-12 18:34:38","ProviderGuid":"{5770385F-C22A-43E0-BF4C-06F5698FFBD9}","Message":"Registry object added or deleted:\r\nRuleName: -\r\nEventType: CreateKey\r\nUtcTime: 2020-10-12 22:34:38.576\r\nProcessGuid: {71b87c12-d9fe-5f84-1a01-000000000500}\r\nProcessId: 2368\r\nImage: c:\\windows\\system32\\notepad.exe\r\nTargetObject: HKU\\S-1-5-21-4107722679-1012484280-3777968168-1104\\Software\\Microsoft\\Windows\\CurrentVersion\\Internet Settings\\Connections","SourceModuleName":"eventlog","AccountType":"User"}
{"@timestamp":"2020-10-12T22:34:40.038Z","port":61041,"Severity":"INFO","Task":12801,"Channel":"security","tags":["mordorDataset"],"SourceModuleType":"im_msvistalog","OpcodeValue":0,"EventType":"AUDIT_SUCCESS","ExecutionProcessID":4,"Opcode":"Info","RecordNumber":100676,"ThreadID":108,"SubjectDomainName":"THESHIRE","SubjectLogonId":"0x163d26","SourceName":"Microsoft-Windows-Security-Auditing","Keywords":-9214364837600034816,"HandleId":"0xb0","EventID":4658,"Category":"Registry","ProcessId":"0x940","Version":0,"@version":"1","host":"wec.internal.cloudapp.net","Hostname":"WORKSTATION5.theshire.local","ProcessName":"C:\\Windows\\System32\\notepad.exe","ObjectServer":"Security","EventReceivedTime":"2020-10-12 18:34:40","SeverityValue":2,"EventTime":"2020-10-12 18:34:38","ProviderGuid":"{54849625-5478-4994-A5BA-3E3B0328C30D}","Message":"The handle to an object was closed.\r\n\r\nSubject :\r\n\tSecurity ID:\t\tS-1-5-21-4107722679-1012484280-3777968168-1104\r\n\tAccount Name:\t\tpgustavo\r\n\tAccount Domain:\t\tTHESHIRE\r\n\tLogon ID:\t\t0x163D26\r\n\r\nObject:\r\n\tObject Server:\t\tSecurity\r\n\tHandle ID:\t\t0xb0\r\n\r\nProcess Information:\r\n\tProcess ID:\t\t0x940\r\n\tProcess Name:\t\tC:\\Windows\\System32\\notepad.exe","SubjectUserName":"pgustavo","SourceModuleName":"eventlog","SubjectUserSid":"S-1-5-21-4107722679-1012484280-3777968168-1104"}
{"@timestamp":"2020-10-12T22:34:40.039Z","port":61041,"Severity":"INFO","Task":13313,"Channel":"security","tags":["mordorDataset"],"SourceModuleType":"im_msvistalog","OpcodeValue":0,"EventType":"AUDIT_SUCCESS","ExecutionProcessID":4,"Opcode":"Info","RecordNumber":100677,"ThreadID":108,"SubjectDomainName":"THESHIRE","SubjectLogonId":"0x163d26","SourceName":"Microsoft-Windows-Security-Auditing","Status":"0x800700b6","Keywords":-9214364837600034816,"EventID":4689,"Category":"Process Termination","ProcessId":"0xc4c","Version":0,"@version":"1","host":"wec.internal.cloudapp.net","Hostname":"WORKSTATION5.theshire.local","ProcessName":"C:\\Windows\\System32\\cmd.exe","EventReceivedTime":"2020-10-12 18:34:40","SeverityValue":2,"EventTime":"2020-10-12 18:34:38","ProviderGuid":"{54849625-5478-4994-A5BA-3E3B0328C30D}","Message":"A process has exited.\r\n\r\nSubject:\r\n\tSecurity ID:\t\tS-1-5-21-4107722679-1012484280-3777968168-1104\r\n\tAccount Name:\t\tpgustavo\r\n\tAccount Domain:\t\tTHESHIRE\r\n\tLogon ID:\t\t0x163D26\r\n\r\nProcess Information:\r\n\tProcess ID:\t0xc4c\r\n\tProcess Name:\tC:\\Windows\\System32\\cmd.exe\r\n\tExit Status:\t0x800700B6","SubjectUserName":"pgustavo","SourceModuleName":"eventlog","SubjectUserSid":"S-1-5-21-4107722679-1012484280-3777968168-1104"}
{"@timestamp":"2020-10-12T22:34:40.039Z","port":61041,"Severity":"INFO","Task":12810,"Channel":"Security","tags":["mordorDataset"],"LayerName":"%%14608","SourceModuleType":"im_msvistalog","OpcodeValue":0,"Application":"\\device\\harddiskvolume2\\windowsazure\\guestagent_2.7.41491.993_2020-10-12_203739\\guestagent\\windowsazureguestagent.exe","EventType":"AUDIT_SUCCESS","ExecutionProcessID":4,"Opcode":"Info","RecordNumber":61037,"ThreadID":1752,"FilterRTID":"0","SourceName":"Microsoft-Windows-Security-Auditing","LayerRTID":"36","Keywords":-9214364837600034816,"EventID":5158,"Category":"Filtering Platform Connection","ProcessId":"3600","Version":0,"@version":"1","host":"wec.internal.cloudapp.net","Hostname":"WORKSTATION6.theshire.local","SourcePort":"58419","EventReceivedTime":"2020-10-12 18:34:40","SeverityValue":2,"EventTime":"2020-10-12 18:34:38","ProviderGuid":"{54849625-5478-4994-A5BA-3E3B0328C30D}","Message":"The Windows Filtering Platform has permitted a bind to a local port.\r\n\r\nApplication Information:\r\n\tProcess ID:\t\t3600\r\n\tApplication Name:\t\\device\\harddiskvolume2\\windowsazure\\guestagent_2.7.41491.993_2020-10-12_203739\\guestagent\\windowsazureguestagent.exe\r\n\r\nNetwork Information:\r\n\tSource Address:\t\t0.0.0.0\r\n\tSource Port:\t\t58419\r\n\tProtocol:\t\t6\r\n\r\nFilter Information:\r\n\tFilter Run-Time ID:\t0\r\n\tLayer Name:\t\tResource Assignment\r\n\tLayer Run-Time ID:\t36","SourceAddress":"0.0.0.0","SourceModuleName":"eventlog","Protocol":"6"}
{"@timestamp":"2020-10-12T22:34:40.040Z","port":61041,"Severity":"INFO","Task":13313,"Channel":"security","tags":["mordorDataset"],"SourceModuleType":"im_msvistalog","OpcodeValue":0,"EventType":"AUDIT_SUCCESS","ExecutionProcessID":4,"Opcode":"Info","RecordNumber":100678,"ThreadID":3136,"SubjectDomainName":"THESHIRE","SubjectLogonId":"0x163d26","SourceName":"Microsoft-Windows-Security-Auditing","Status":"0x0","Keywords":-9214364837600034816,"EventID":4689,"Category":"Process Termination","ProcessId":"0x10c0","Version":0,"@version":"1","host":"wec.internal.cloudapp.net","Hostname":"WORKSTATION5.theshire.local","ProcessName":"C:\\Windows\\System32\\conhost.exe","EventReceivedTime":"2020-10-12 18:34:40","SeverityValue":2,"EventTime":"2020-10-12 18:34:38","ProviderGuid":"{54849625-5478-4994-A5BA-3E3B0328C30D}","Message":"A process has exited.\r\n\r\nSubject:\r\n\tSecurity ID:\t\tS-1-5-21-4107722679-1012484280-3777968168-1104\r\n\tAccount Name:\t\tpgustavo\r\n\tAccount Domain:\t\tTHESHIRE\r\n\tLogon ID:\t\t0x163D26\r\n\r\nProcess Information:\r\n\tProcess ID:\t0x10c0\r\n\tProcess Name:\tC:\\Windows\\System32\\conhost.exe\r\n\tExit Status:\t0x0","SubjectUserName":"pgustavo","SourceModuleName":"eventlog","SubjectUserSid":"S-1-5-21-4107722679-1012484280-3777968168-1104"}
{"@timestamp":"2020-10-12T22:34:40.040Z","port":61041,"Severity":"INFO","Task":12810,"Channel":"Security","tags":["mordorDataset"],"LayerName":"%%14611","SourceModuleType":"im_msvistalog","OpcodeValue":0,"Application":"\\device\\harddiskvolume2\\windowsazure\\guestagent_2.7.41491.993_2020-10-12_203739\\guestagent\\windowsazureguestagent.exe","EventType":"AUDIT_SUCCESS","ExecutionProcessID":4,"Opcode":"Info","RecordNumber":61038,"ThreadID":1752,"FilterRTID":"68867","SourceName":"Microsoft-Windows-Security-Auditing","DestPort":"80","LayerRTID":"48","Keywords":-9214364837600034816,"EventID":5156,"Category":"Filtering Platform Connection","ProcessId":"3600","Version":1,"@version":"1","Direction":"%%14593","DestAddress":"168.63.129.16","RemoteUserID":"S-1-0-0","host":"wec.internal.cloudapp.net","Hostname":"WORKSTATION6.theshire.local","SourcePort":"58419","RemoteMachineID":"S-1-0-0","EventReceivedTime":"2020-10-12 18:34:40","SeverityValue":2,"EventTime":"2020-10-12 18:34:38","ProviderGuid":"{54849625-5478-4994-A5BA-3E3B0328C30D}","Message":"The Windows Filtering Platform has permitted a connection.\r\n\r\nApplication Information:\r\n\tProcess ID:\t\t3600\r\n\tApplication Name:\t\\device\\harddiskvolume2\\windowsazure\\guestagent_2.7.41491.993_2020-10-12_203739\\guestagent\\windowsazureguestagent.exe\r\n\r\nNetwork Information:\r\n\tDirection:\t\tOutbound\r\n\tSource Address:\t\t172.18.39.6\r\n\tSource Port:\t\t58419\r\n\tDestination Address:\t168.63.129.16\r\n\tDestination Port:\t\t80\r\n\tProtocol:\t\t6\r\n\r\nFilter Information:\r\n\tFilter Run-Time ID:\t68867\r\n\tLayer Name:\t\tConnect\r\n\tLayer Run-Time ID:\t48","SourceAddress":"172.18.39.6","SourceModuleName":"eventlog","Protocol":"6"}
