{"RuleName":"-","@timestamp":"2020-10-12T22:34:38.935Z","SignatureStatus":"Valid","Channel":"Microsoft-Windows-Sysmon/Operational","UserID":"S-1-5-18","RecordNumber":338568,"ThreadID":3444,"Image":"C:\\Windows\\System32\\wuauclt.exe","ProcessId":"6208","Company":"Microsoft Corporation","Version":3,"Hostname":"WORKSTATION5.theshire.local","ImageLoaded":"C:\\Windows\\System32\\sechost.dll","Description":"Host for SCM/SDDL/LSA Lookup APIs","EventReceivedTime":"2020-10-12 18:34:38","ProviderGuid":"{5770385F-C22A-43E0-BF4C-06F5698FFBD9}","Signed":"true","UtcTime":"2020-10-12 22:34:38.169","port":61041,"Severity":"INFO","tags":["mordorDataset"],"Task":7,"SourceModuleType":"im_msvistalog","OpcodeValue":0,"EventType":"INFO","ExecutionProcessID":3312,"Opcode":"Info","SourceName":"Microsoft-Windows-Sysmon","Product":"Microsoft® Windows® Operating System","Keywords":-9223372036854775808,"FileVersion":"10.0.18362.959 (WinBuild.160101.0800)","EventID":7,"Domain":"NT AUTHORITY","Category":"Image loaded (rule: ImageLoad)","OriginalFileName":"sechost.dll","@version":"1","AccountName":"SYSTEM","ProcessGuid":"{71b87c12-d9fe-5f84-1901-000000000500}","host":"wec.internal.cloudapp.net","Hashes":"SHA1=A330EDE32DFA03AE6808EE7FB6916D8DEB8F5DDE,MD5=A094E2B38D3DD864B07580D243CB6E43,SHA256=C441E19D20961D4E990E117A300ED318BEDBF2F8BA0FF07BEE7832AC502CDDF2,IMPHASH=CE4BD072766253F6A267D0284CA82002","SeverityValue":2,"EventTime":"2020-10-12 18:34:38","Message":"Image loaded:\r\nRuleName: -\r\nUtcTime: 2020-10-12 22:34:38.169\r\nProcessGuid: {71b87c12-d9fe-5f84-1901-000000000500}\r\nProcessId: 6208\r\nImage: C:\\Windows\\System32\\wuauclt.exe\r\nImageLoaded: C:\\Windows\\System32\\sechost.dll\r\nFileVersion: 10.0.18362.959 (WinBuild.160101.0800)\r\nDescription: Host for SCM/SDDL/LSA Lookup APIs\r\nProduct: Microsoft® Windows® Operating System\r\nCompany: Microsoft Corporation\r\nOriginalFileName: sechost.dll\r\nHashes: SHA1=A330EDE32DFA03AE6808EE7FB6916D8DEB8F5DDE,MD5=A094E2B38D3DD864B07580D243CB6E43,SHA256=C441E19D20961D4E990E117A300ED318BEDBF2F8BA0FF07BEE7832AC502CDDF2,IMPHASH=CE4BD072766253F6A267D0284CA82002\r\nSigned: true\r\nSignature: Microsoft Windows\r\nSignatureStatus: Valid","SourceModuleName":"eventlog","AccountType":"User","Signature":"Microsoft Windows"}
{"EventTypeOrignal":"INFO","RuleName":"-","@timestamp":"2020-10-12T22:34:38.935Z","port":61041,"Severity":"INFO","Task":13,"Channel":"Microsoft-Windows-Sysmon/Operational","UtcTime":"2020-10-12 22:34:38.169","UserID":"S-1-5-18","SourceModuleType":"im_msvistalog","OpcodeValue":0,"tags":["mordorDataset"],"TargetObject":"HKLM\\System\\CurrentControlSet\\Services\\bam\\State\\UserSettings\\S-1-5-21-4107722679-1012484280-3777968168-1104\\\\Device\\HarddiskVolume2\\Windows\\System32\\notepad.exe","ExecutionProcessID":3312,"Opcode":"Info","RecordNumber":338569,"ThreadID":3444,"EventType":"SetValue","SourceName":"Microsoft-Windows-Sysmon","Keywords":-9223372036854775808,"Image":"C:\\Windows\\System32\\wuauclt.exe","EventID":13,"Domain":"NT AUTHORITY","Category":"Registry value set (rule: RegistryEvent)","Version":2,"ProcessId":"6208","@version":"1","AccountName":"SYSTEM","Details":"Binary Data","ProcessGuid":"{71b87c12-d9fe-5f84-1901-000000000500}","host":"wec.internal.cloudapp.net","Hostname":"WORKSTATION5.theshire.local","EventReceivedTime":"2020-10-12 18:34:38","SeverityValue":2,"EventTime":"2020-10-12 18:34:38","ProviderGuid":"{5770385F-C22A-43E0-BF4C-06F5698FFBD9}","Message":"Registry value set:\r\nRuleName: -\r\nEventType: SetValue\r\nUtcTime: 2020-10-12 22:34:38.169\r\nProcessGuid: {71b87c12-d9fe-5f84-1901-000000000500}\r\nProcessId: 6208\r\nImage: C:\\Windows\\System32\\wuauclt.exe\r\nTargetObject: HKLM\\System\\CurrentControlSet\\Services\\bam\\State\\UserSettings\\S-1-5-21-4107722679-1012484280-3777968168-1104\\\\Device\\HarddiskVolume2\\Windows\\System32\\notepad.exe\r\nDetails: Binary Data","SourceModuleName":"eventlog","AccountType":"User"}
{"SourceProcessId":"3576","RuleName":"-","@timestamp":"2020-10-12T22:34:38.936Z","Channel":"Microsoft-Windows-Sysmon/Operational","UserID":"S-1-5-18","TargetProcessId":"2368","CallTrace":"C:\\windows\\SYSTEM32\\ntdll.dll+9c534|C:\\windows\\System32\\KERNELBASE.dll+305fe|c:\\windows\\system32\\pcasvc.dll+13827|c:\\windows\\system32\\pcasvc.dll+f736|c:\\windows\\system32\\pcasvc.dll+16844|C:\\windows\\System32\\KERNEL32.DLL+17bd4|C:\\windows\\SYSTEM32\\ntdll.dll+6ce51","RecordNumber":338570,"ThreadID":3444,"SourceProcessGUID":"{71b87c12-d7e5-5f84-0e01-000000000500}","TargetImage":"c:\\windows\\system32\\notepad.exe","ProcessId":"3576","Version":3,"Hostname":"WORKSTATION5.theshire.local","EventReceivedTime":"2020-10-12 18:34:38","ProviderGuid":"{5770385F-C22A-43E0-BF4C-06F5698FFBD9}","UtcTime":"2020-10-12 22:34:38.169","port":61041,"Severity":"INFO","tags":["mordorDataset"],"Task":10,"SourceThreadId":"3976","SourceModuleType":"im_msvistalog","OpcodeValue":0,"EventType":"INFO","ExecutionProcessID":3312,"Opcode":"Info","SourceName":"Microsoft-Windows-Sysmon","Keywords":-9223372036854775808,"EventID":10,"Domain":"NT AUTHORITY","Category":"Process accessed (rule: ProcessAccess)","@version":"1","AccountName":"SYSTEM","host":"wec.internal.cloudapp.net","SourceImage":"C:\\windows\\system32\\svchost.exe","SeverityValue":2,"EventTime":"2020-10-12 18:34:38","Message":"Process accessed:\r\nRuleName: -\r\nUtcTime: 2020-10-12 22:34:38.169\r\nSourceProcessGUID: {71b87c12-d7e5-5f84-0e01-000000000500}\r\nSourceProcessId: 3576\r\nSourceThreadId: 3976\r\nSourceImage: C:\\windows\\system32\\svchost.exe\r\nTargetProcessGUID: {71b87c12-d9fe-5f84-1a01-000000000500}\r\nTargetProcessId: 2368\r\nTargetImage: c:\\windows\\system32\\notepad.exe\r\nGrantedAccess: 0x1FFFFF\r\nCallTrace: C:\\windows\\SYSTEM32\\ntdll.dll+9c534|C:\\windows\\System32\\KERNELBASE.dll+305fe|c:\\windows\\system32\\pcasvc.dll+13827|c:\\windows\\system32\\pcasvc.dll+f736|c:\\windows\\system32\\pcasvc.dll+16844|C:\\windows\\System32\\KERNEL32.DLL+17bd4|C:\\windows\\SYSTEM32\\ntdll.dll+6ce51","SourceModuleName":"eventlog","GrantedAccess":"0x1fffff","AccountType":"User","TargetProcessGUID":"{71b87c12-d9fe-5f84-1a01-000000000500}"}
{"RuleName":"-","@timestamp":"2020-10-12T22:34:38.937Z","ParentProcessGuid":"{71b87c12-d9fe-5f84-1901-000000000500}","Channel":"Microsoft-Windows-Sysmon/Operational","UserID":"S-1-5-18","RecordNumber":338571,"ThreadID":3444,"Image":"C:\\Windows\\System32\\notepad.exe","CurrentDirectory":"C:\\Users\\pgustavo\\Desktop\\","IntegrityLevel":"High","ProcessId":"2368","Company":"Microsoft Corporation","Version":5,"Hostname":"WORKSTATION5.theshire.local","Description":"Notepad","EventReceivedTime":"2020-10-12 18:34:38","ProviderGuid":"{5770385F-C22A-43E0-BF4C-06F5698FFBD9}","ParentProcessId":"6208","UtcTime":"2020-10-12 22:34:38.176","port":61041,"Severity":"INFO","tags":["mordorDataset"],"Task":1,"TerminalSessionId":"2","SourceModuleType":"im_msvistalog","OpcodeValue":0,"EventType":"INFO","ExecutionProcessID":3312,"Opcode":"Info","SourceName":"Microsoft-Windows-Sysmon","Product":"Microsoft® Windows® Operating System","User":"THESHIRE\\pgustavo","Keywords":-9223372036854775808,"FileVersion":"10.0.18362.693 (WinBuild.160101.0800)","LogonGuid":"{71b87c12-d426-5f84-263d-160000000000}","EventID":1,"Domain":"NT AUTHORITY","Category":"Process Create (rule: ProcessCreate)","CommandLine":"c:\\windows\\system32\\notepad.exe","LogonId":"0x163d26","OriginalFileName":"NOTEPAD.EXE","@version":"1","AccountName":"SYSTEM","ProcessGuid":"{71b87c12-d9fe-5f84-1a01-000000000500}","host":"wec.internal.cloudapp.net","Hashes":"SHA1=C401CD335BA6A3BDAF8799FDC09CDC0721F06015,MD5=06E6C0482562459ADB462CA9008262F8,SHA256=E5D90BEEB6F13F4613C3153DABBD1466F4A062B7252D931F37210907A7F914F7,IMPHASH=E2D17AC7541817AA681AE8FF7734AD89","SeverityValue":2,"EventTime":"2020-10-12 18:34:38","Message":"Process Create:\r\nRuleName: -\r\nUtcTime: 2020-10-12 22:34:38.176\r\nProcessGuid: {71b87c12-d9fe-5f84-1a01-000000000500}\r\nProcessId: 2368\r\nImage: C:\\Windows\\System32\\notepad.exe\r\nFileVersion: 10.0.18362.693 (WinBuild.160101.0800)\r\nDescription: Notepad\r\nProduct: Microsoft® Windows® Operating System\r\nCompany: Microsoft Corporation\r\nOriginalFileName: NOTEPAD.EXE\r\nCommandLine: c:\\windows\\system32\\notepad.exe\r\nCurrentDirectory: C:\\Users\\pgustavo\\Desktop\\\r\nUser: THESHIRE\\pgustavo\r\nLogonGuid: {71b87c12-d426-5f84-263d-160000000000}\r\nLogonId: 0x163D26\r\nTerminalSessionId: 2\r\nIntegrityLevel: High\r\nHashes: SHA1=C401CD335BA6A3BDAF8799FDC09CDC0721F06015,MD5=06E6C0482562459ADB462CA9008262F8,SHA256=E5D90BEEB6F13F4613C3153DABBD1466F4A062B7252D931F37210907A7F914F7,IMPHASH=E2D17AC7541817AA681AE8FF7734AD89\r\nParentProcessGuid: {71b87c12-d9fe-5f84-1901-000000000500}\r\nParentProcessId: 6208\r\nParentImage: C:\\Windows\\System32\\wuauclt.exe\r\nParentCommandLine: C:\\Windows\\System32\\wuauclt.exe  /UpdateDeploymentProvider C:\\ProgramData\\SimpleInjection.dll /RunHandlerComServer","SourceModuleName":"eventlog","ParentImage":"C:\\Windows\\System32\\wuauclt.exe","AccountType":"User","ParentCommandLine":"C:\\Windows\\System32\\wuauclt.exe  /UpdateDeploymentProvider C:\\ProgramData\\SimpleInjection.dll /RunHandlerComServer"}
{"SourceProcessId":"6208","RuleName":"-","@timestamp":"2020-10-12T22:34:38.937Z","Channel":"Microsoft-Windows-Sysmon/Operational","UserID":"S-1-5-18","TargetProcessId":"2368","CallTrace":"C:\\windows\\SYSTEM32\\ntdll.dll+9d8e4|C:\\windows\\System32\\KERNELBASE.dll+59e1a|C:\\windows\\System32\\KERNELBASE.dll+5707a|C:\\windows\\System32\\KERNELBASE.dll+56836|C:\\windows\\System32\\KERNEL32.DLL+1b6b3|C:\\ProgramData\\SimpleInjection.dll+10e8|C:\\ProgramData\\SimpleInjection.dll+119e|C:\\ProgramData\\SimpleInjection.dll+145f|C:\\windows\\SYSTEM32\\ntdll.dll+25021|C:\\windows\\SYSTEM32\\ntdll.dll+69385|C:\\windows\\SYSTEM32\\ntdll.dll+69178|C:\\windows\\SYSTEM32\\ntdll.dll+2aa17|C:\\windows\\SYSTEM32\\ntdll.dll+22511|C:\\windows\\SYSTEM32\\ntdll.dll+22228|C:\\windows\\SYSTEM32\\ntdll.dll+216e4|C:\\windows\\System32\\KERNELBASE.dll+2e9c0|C:\\Windows\\System32\\wuauclt.exe+210d|C:\\Windows\\System32\\wuauclt.exe+1366|C:\\Windows\\System32\\wuauclt.exe+1a09|C:\\windows\\System32\\KERNEL32.DLL+17bd4|C:\\windows\\SYSTEM32\\ntdll.dll+6ce51","RecordNumber":338572,"ThreadID":3444,"SourceProcessGUID":"{71b87c12-d9fe-5f84-1901-000000000500}","TargetImage":"c:\\windows\\system32\\notepad.exe","ProcessId":"6208","Version":3,"Hostname":"WORKSTATION5.theshire.local","EventReceivedTime":"2020-10-12 18:34:38","ProviderGuid":"{5770385F-C22A-43E0-BF4C-06F5698FFBD9}","UtcTime":"2020-10-12 22:34:38.169","port":61041,"Severity":"INFO","tags":["mordorDataset"],"Task":10,"SourceThreadId":"2696","SourceModuleType":"im_msvistalog","OpcodeValue":0,"EventType":"INFO","ExecutionProcessID":3312,"Opcode":"Info","SourceName":"Microsoft-Windows-Sysmon","Keywords":-9223372036854775808,"EventID":10,"Domain":"NT AUTHORITY","Category":"Process accessed (rule: ProcessAccess)","@version":"1","AccountName":"SYSTEM","host":"wec.internal.cloudapp.net","SourceImage":"C:\\Windows\\System32\\wuauclt.exe","SeverityValue":2,"EventTime":"2020-10-12 18:34:38","Message":"Process accessed:\r\nRuleName: -\r\nUtcTime: 2020-10-12 22:34:38.169\r\nSourceProcessGUID: {71b87c12-d9fe-5f84-1901-000000000500}\r\nSourceProcessId: 6208\r\nSourceThreadId: 2696\r\nSourceImage: C:\\Windows\\System32\\wuauclt.exe\r\nTargetProcessGUID: {71b87c12-d9fe-5f84-1a01-000000000500}\r\nTargetProcessId: 2368\r\nTargetImage: c:\\windows\\system32\\notepad.exe\r\nGrantedAccess: 0x1FFFFF\r\nCallTrace: C:\\windows\\SYSTEM32\\ntdll.dll+9d8e4|C:\\windows\\System32\\KERNELBASE.dll+59e1a|C:\\windows\\System32\\KERNELBASE.dll+5707a|C:\\windows\\System32\\KERNELBASE.dll+56836|C:\\windows\\System32\\KERNEL32.DLL+1b6b3|C:\\ProgramData\\SimpleInjection.dll+10e8|C:\\ProgramData\\SimpleInjection.dll+119e|C:\\ProgramData\\SimpleInjection.dll+145f|C:\\windows\\SYSTEM32\\ntdll.dll+25021|C:\\windows\\SYSTEM32\\ntdll.dll+69385|C:\\windows\\SYSTEM32\\ntdll.dll+69178|C:\\windows\\SYSTEM32\\ntdll.dll+2aa17|C:\\windows\\SYSTEM32\\ntdll.dll+22511|C:\\windows\\SYSTEM32\\ntdll.dll+22228|C:\\windows\\SYSTEM32\\ntdll.dll+216e4|C:\\windows\\System32\\KERNELBASE.dll+2e9c0|C:\\Windows\\System32\\wuauclt.exe+210d|C:\\Windows\\System32\\wuauclt.exe+1366|C:\\Windows\\System32\\wuauclt.exe+1a09|C:\\windows\\System32\\KERNEL32.DLL+17bd4|C:\\windows\\SYSTEM32\\ntdll.dll+6ce51","SourceModuleName":"eventlog","GrantedAccess":"0x1fffff","AccountType":"User","TargetProcessGUID":"{71b87c12-d9fe-5f84-1a01-000000000500}"}
{"SourceProcessId":"2348","RuleName":"-","@timestamp":"2020-10-12T22:34:38.938Z","Channel":"Microsoft-Windows-Sysmon/Operational","UserID":"S-1-5-18","TargetProcessId":"2368","CallTrace":"C:\\windows\\SYSTEM32\\ntdll.dll+9c534|C:\\windows\\system32\\basesrv.DLL+2fba|C:\\windows\\SYSTEM32\\CSRSRV.dll+5af4|C:\\windows\\SYSTEM32\\ntdll.dll+6ce5f","RecordNumber":338573,"ThreadID":3444,"SourceProcessGUID":"{71b87c12-d423-5f84-bc00-000000000500}","TargetImage":"c:\\windows\\system32\\notepad.exe","ProcessId":"2348","Version":3,"Hostname":"WORKSTATION5.theshire.local","EventReceivedTime":"2020-10-12 18:34:38","ProviderGuid":"{5770385F-C22A-43E0-BF4C-06F5698FFBD9}","UtcTime":"2020-10-12 22:34:38.169","port":61041,"Severity":"INFO","tags":["mordorDataset"],"Task":10,"SourceThreadId":"3644","SourceModuleType":"im_msvistalog","OpcodeValue":0,"EventType":"INFO","ExecutionProcessID":3312,"Opcode":"Info","SourceName":"Microsoft-Windows-Sysmon","Keywords":-9223372036854775808,"EventID":10,"Domain":"NT AUTHORITY","Category":"Process accessed (rule: ProcessAccess)","@version":"1","AccountName":"SYSTEM","host":"wec.internal.cloudapp.net","SourceImage":"C:\\windows\\system32\\csrss.exe","SeverityValue":2,"EventTime":"2020-10-12 18:34:38","Message":"Process accessed:\r\nRuleName: -\r\nUtcTime: 2020-10-12 22:34:38.169\r\nSourceProcessGUID: {71b87c12-d423-5f84-bc00-000000000500}\r\nSourceProcessId: 2348\r\nSourceThreadId: 3644\r\nSourceImage: C:\\windows\\system32\\csrss.exe\r\nTargetProcessGUID: {71b87c12-d9fe-5f84-1a01-000000000500}\r\nTargetProcessId: 2368\r\nTargetImage: c:\\windows\\system32\\notepad.exe\r\nGrantedAccess: 0x1FFFFF\r\nCallTrace: C:\\windows\\SYSTEM32\\ntdll.dll+9c534|C:\\windows\\system32\\basesrv.DLL+2fba|C:\\windows\\SYSTEM32\\CSRSRV.dll+5af4|C:\\windows\\SYSTEM32\\ntdll.dll+6ce5f","SourceModuleName":"eventlog","GrantedAccess":"0x1fffff","AccountType":"User","TargetProcessGUID":"{71b87c12-d9fe-5f84-1a01-000000000500}"}
{"RuleName":"-","@timestamp":"2020-10-12T22:34:38.938Z","SignatureStatus":"Unavailable","Channel":"Microsoft-Windows-Sysmon/Operational","UserID":"S-1-5-18","RecordNumber":338574,"ThreadID":3216,"Image":"C:\\Windows\\System32\\wuauclt.exe","ProcessId":"6208","Company":"-","Version":3,"Hostname":"WORKSTATION5.theshire.local","ImageLoaded":"C:\\ProgramData\\SimpleInjection.dll","Description":"-","EventReceivedTime":"2020-10-12 18:34:38","ProviderGuid":"{5770385F-C22A-43E0-BF4C-06F5698FFBD9}","Signed":"false","UtcTime":"2020-10-12 22:34:38.169","port":61041,"Severity":"INFO","tags":["mordorDataset"],"Task":7,"SourceModuleType":"im_msvistalog","OpcodeValue":0,"EventType":"INFO","ExecutionProcessID":3312,"Opcode":"Info","SourceName":"Microsoft-Windows-Sysmon","Product":"-","Keywords":-9223372036854775808,"FileVersion":"-","EventID":7,"Domain":"NT AUTHORITY","Category":"Image loaded (rule: ImageLoad)","OriginalFileName":"-","@version":"1","AccountName":"SYSTEM","ProcessGuid":"{71b87c12-d9fe-5f84-1901-000000000500}","host":"wec.internal.cloudapp.net","Hashes":"SHA1=B5F503F24A9CB5F790EDEE281852A311F6623DD5,MD5=9BE24CCC644D81F886031BA2C6F32FC5,SHA256=8506ECB7387C1AFCFAD1D7031638D43220DF80130ED5C8D9C58647B23214E029,IMPHASH=E7129F83FB101A6ABDCBCDBC693723D8","SeverityValue":2,"EventTime":"2020-10-12 18:34:38","Message":"Image loaded:\r\nRuleName: -\r\nUtcTime: 2020-10-12 22:34:38.169\r\nProcessGuid: {71b87c12-d9fe-5f84-1901-000000000500}\r\nProcessId: 6208\r\nImage: C:\\Windows\\System32\\wuauclt.exe\r\nImageLoaded: C:\\ProgramData\\SimpleInjection.dll\r\nFileVersion: -\r\nDescription: -\r\nProduct: -\r\nCompany: -\r\nOriginalFileName: -\r\nHashes: SHA1=B5F503F24A9CB5F790EDEE281852A311F6623DD5,MD5=9BE24CCC644D81F886031BA2C6F32FC5,SHA256=8506ECB7387C1AFCFAD1D7031638D43220DF80130ED5C8D9C58647B23214E029,IMPHASH=E7129F83FB101A6ABDCBCDBC693723D8\r\nSigned: false\r\nSignature: -\r\nSignatureStatus: Unavailable","SourceModuleName":"eventlog","AccountType":"User","Signature":"-"}
{"SourceProcessId":"6208","RuleName":"-","@timestamp":"2020-10-12T22:34:38.939Z","StartAddress":"0x000001E811820000","Channel":"Microsoft-Windows-Sysmon/Operational","UserID":"S-1-5-18","TargetProcessId":"2368","RecordNumber":338575,"ThreadID":3444,"TargetImage":"&lt;unknown process&gt;","ProcessId":"6208","Version":2,"Hostname":"WORKSTATION5.theshire.local","EventReceivedTime":"2020-10-12 18:34:38","ProviderGuid":"{5770385F-C22A-43E0-BF4C-06F5698FFBD9}","UtcTime":"2020-10-12 22:34:38.169","port":61041,"Severity":"INFO","tags":["mordorDataset"],"Task":8,"SourceModuleType":"im_msvistalog","NewThreadId":"6932","OpcodeValue":0,"EventType":"INFO","ExecutionProcessID":3312,"Opcode":"Info","SourceName":"Microsoft-Windows-Sysmon","TargetProcessGuid":"{71b87c12-d9fe-5f84-1a01-000000000500}","Keywords":-9223372036854775808,"EventID":8,"Domain":"NT AUTHORITY","Category":"CreateRemoteThread detected (rule: CreateRemoteThread)","SourceProcessGuid":"{71b87c12-d9fe-5f84-1901-000000000500}","@version":"1","AccountName":"SYSTEM","StartFunction":"-","host":"wec.internal.cloudapp.net","SourceImage":"C:\\Windows\\System32\\wuauclt.exe","StartModule":"-","SeverityValue":2,"EventTime":"2020-10-12 18:34:38","Message":"CreateRemoteThread detected:\r\nRuleName: -\r\nUtcTime: 2020-10-12 22:34:38.169\r\nSourceProcessGuid: {71b87c12-d9fe-5f84-1901-000000000500}\r\nSourceProcessId: 6208\r\nSourceImage: C:\\Windows\\System32\\wuauclt.exe\r\nTargetProcessGuid: {71b87c12-d9fe-5f84-1a01-000000000500}\r\nTargetProcessId: 2368\r\nTargetImage: <unknown process>\r\nNewThreadId: 6932\r\nStartAddress: 0x000001E811820000\r\nStartModule: -\r\nStartFunction: -","SourceModuleName":"eventlog","AccountType":"User"}
{"RuleName":"-","@timestamp":"2020-10-12T22:34:38.939Z","SignatureStatus":"Valid","Channel":"Microsoft-Windows-Sysmon/Operational","UserID":"S-1-5-18","RecordNumber":338576,"ThreadID":3444,"Image":"C:\\Windows\\System32\\notepad.exe","ProcessId":"2368","Company":"Microsoft Corporation","Version":3,"Hostname":"WORKSTATION5.theshire.local","ImageLoaded":"C:\\Windows\\System32\\ntdll.dll","Description":"NT Layer DLL","EventReceivedTime":"2020-10-12 18:34:38","ProviderGuid":"{5770385F-C22A-43E0-BF4C-06F5698FFBD9}","Signed":"true","UtcTime":"2020-10-12 22:34:38.169","port":61041,"Severity":"INFO","tags":["mordorDataset"],"Task":7,"SourceModuleType":"im_msvistalog","OpcodeValue":0,"EventType":"INFO","ExecutionProcessID":3312,"Opcode":"Info","SourceName":"Microsoft-Windows-Sysmon","Product":"Microsoft® Windows® Operating System","Keywords":-9223372036854775808,"FileVersion":"10.0.18362.1049 (WinBuild.160101.0800)","EventID":7,"Domain":"NT AUTHORITY","Category":"Image loaded (rule: ImageLoad)","OriginalFileName":"ntdll.dll","@version":"1","AccountName":"SYSTEM","ProcessGuid":"{71b87c12-d9fe-5f84-1a01-000000000500}","host":"wec.internal.cloudapp.net","Hashes":"SHA1=BFD8EE26537D8C30A5FE2C9753AEED3BB6930004,MD5=BD5F9D4684E7BCB9D41D298297A73956,SHA256=FB9DA8BAF27DADDE620C2D8D3CADDD4CF7BF405A9BC8E870A73B6CF163046176,IMPHASH=00000000000000000000000000000000","SeverityValue":2,"EventTime":"2020-10-12 18:34:38","Message":"Image loaded:\r\nRuleName: -\r\nUtcTime: 2020-10-12 22:34:38.169\r\nProcessGuid: {71b87c12-d9fe-5f84-1a01-000000000500}\r\nProcessId: 2368\r\nImage: C:\\Windows\\System32\\notepad.exe\r\nImageLoaded: C:\\Windows\\System32\\ntdll.dll\r\nFileVersion: 10.0.18362.1049 (WinBuild.160101.0800)\r\nDescription: NT Layer DLL\r\nProduct: Microsoft® Windows® Operating System\r\nCompany: Microsoft Corporation\r\nOriginalFileName: ntdll.dll\r\nHashes: SHA1=BFD8EE26537D8C30A5FE2C9753AEED3BB6930004,MD5=BD5F9D4684E7BCB9D41D298297A73956,SHA256=FB9DA8BAF27DADDE620C2D8D3CADDD4CF7BF405A9BC8E870A73B6CF163046176,IMPHASH=00000000000000000000000000000000\r\nSigned: true\r\nSignature: Microsoft Windows\r\nSignatureStatus: Valid","SourceModuleName":"eventlog","AccountType":"User","Signature":"Microsoft Windows"}
{"RuleName":"-","@timestamp":"2020-10-12T22:34:38.940Z","SignatureStatus":"Valid","Channel":"Microsoft-Windows-Sysmon/Operational","UserID":"S-1-5-18","RecordNumber":338577,"ThreadID":3444,"Image":"C:\\Windows\\System32\\notepad.exe","ProcessId":"2368","Company":"Microsoft Corporation","Version":3,"Hostname":"WORKSTATION5.theshire.local","ImageLoaded":"C:\\Windows\\System32\\kernel32.dll","Description":"Windows NT BASE API Client DLL","EventReceivedTime":"2020-10-12 18:34:38","ProviderGuid":"{5770385F-C22A-43E0-BF4C-06F5698FFBD9}","Signed":"true","UtcTime":"2020-10-12 22:34:38.185","port":61041,"Severity":"INFO","tags":["mordorDataset"],"Task":7,"SourceModuleType":"im_msvistalog","OpcodeValue":0,"EventType":"INFO","ExecutionProcessID":3312,"Opcode":"Info","SourceName":"Microsoft-Windows-Sysmon","Product":"Microsoft® Windows® Operating System","Keywords":-9223372036854775808,"FileVersion":"10.0.18362.1082 (WinBuild.160101.0800)","EventID":7,"Domain":"NT AUTHORITY","Category":"Image loaded (rule: ImageLoad)","OriginalFileName":"kernel32","@version":"1","AccountName":"SYSTEM","ProcessGuid":"{71b87c12-d9fe-5f84-1a01-000000000500}","host":"wec.internal.cloudapp.net","Hashes":"SHA1=9044BFB6E7D920BB4586123237B512238F2EA726,MD5=B78D8D39F63C5B7B9A2F4BC31076C954,SHA256=08BE2EE23EE5A7722C4BACA3BD8F0EABA7A56302F0051E6802A36D35AB0BC41C,IMPHASH=F9F97E60CFCD78BE051D9570C88FFB6F","SeverityValue":2,"EventTime":"2020-10-12 18:34:38","Message":"Image loaded:\r\nRuleName: -\r\nUtcTime: 2020-10-12 22:34:38.185\r\nProcessGuid: {71b87c12-d9fe-5f84-1a01-000000000500}\r\nProcessId: 2368\r\nImage: C:\\Windows\\System32\\notepad.exe\r\nImageLoaded: C:\\Windows\\System32\\kernel32.dll\r\nFileVersion: 10.0.18362.1082 (WinBuild.160101.0800)\r\nDescription: Windows NT BASE API Client DLL\r\nProduct: Microsoft® Windows® Operating System\r\nCompany: Microsoft Corporation\r\nOriginalFileName: kernel32\r\nHashes: SHA1=9044BFB6E7D920BB4586123237B512238F2EA726,MD5=B78D8D39F63C5B7B9A2F4BC31076C954,SHA256=08BE2EE23EE5A7722C4BACA3BD8F0EABA7A56302F0051E6802A36D35AB0BC41C,IMPHASH=F9F97E60CFCD78BE051D9570C88FFB6F\r\nSigned: true\r\nSignature: Microsoft Windows\r\nSignatureStatus: Valid","SourceModuleName":"eventlog","AccountType":"User","Signature":"Microsoft Windows"}
{"RuleName":"-","@timestamp":"2020-10-12T22:34:38.941Z","SignatureStatus":"Valid","Channel":"Microsoft-Windows-Sysmon/Operational","UserID":"S-1-5-18","RecordNumber":338578,"ThreadID":3444,"Image":"C:\\Windows\\System32\\notepad.exe","ProcessId":"2368","Company":"Microsoft Corporation","Version":3,"Hostname":"WORKSTATION5.theshire.local","ImageLoaded":"C:\\Windows\\System32\\KernelBase.dll","Description":"Windows NT BASE API Client DLL","EventReceivedTime":"2020-10-12 18:34:38","ProviderGuid":"{5770385F-C22A-43E0-BF4C-06F5698FFBD9}","Signed":"true","UtcTime":"2020-10-12 22:34:38.185","port":61041,"Severity":"INFO","tags":["mordorDataset"],"Task":7,"SourceModuleType":"im_msvistalog","OpcodeValue":0,"EventType":"INFO","ExecutionProcessID":3312,"Opcode":"Info","SourceName":"Microsoft-Windows-Sysmon","Product":"Microsoft® Windows® Operating System","Keywords":-9223372036854775808,"FileVersion":"10.0.18362.1049 (WinBuild.160101.0800)","EventID":7,"Domain":"NT AUTHORITY","Category":"Image loaded (rule: ImageLoad)","OriginalFileName":"Kernelbase.dll","@version":"1","AccountName":"SYSTEM","ProcessGuid":"{71b87c12-d9fe-5f84-1a01-000000000500}","host":"wec.internal.cloudapp.net","Hashes":"SHA1=0BE0E331F4F9C2ED8C9D989CDCFD10463FE3E047,MD5=D62F3401037D0D0CE1F41555B72F1B60,SHA256=B51E88CCD1517E923A7A3E21B2AFC856927D529F5C5668A072B4B12AC70AD46B,IMPHASH=16003AF856720C35351BB8C14AD0B0A8","SeverityValue":2,"EventTime":"2020-10-12 18:34:38","Message":"Image loaded:\r\nRuleName: -\r\nUtcTime: 2020-10-12 22:34:38.185\r\nProcessGuid: {71b87c12-d9fe-5f84-1a01-000000000500}\r\nProcessId: 2368\r\nImage: C:\\Windows\\System32\\notepad.exe\r\nImageLoaded: C:\\Windows\\System32\\KernelBase.dll\r\nFileVersion: 10.0.18362.1049 (WinBuild.160101.0800)\r\nDescription: Windows NT BASE API Client DLL\r\nProduct: Microsoft® Windows® Operating System\r\nCompany: Microsoft Corporation\r\nOriginalFileName: Kernelbase.dll\r\nHashes: SHA1=0BE0E331F4F9C2ED8C9D989CDCFD10463FE3E047,MD5=D62F3401037D0D0CE1F41555B72F1B60,SHA256=B51E88CCD1517E923A7A3E21B2AFC856927D529F5C5668A072B4B12AC70AD46B,IMPHASH=16003AF856720C35351BB8C14AD0B0A8\r\nSigned: true\r\nSignature: Microsoft Windows\r\nSignatureStatus: Valid","SourceModuleName":"eventlog","AccountType":"User","Signature":"Microsoft Windows"}
{"RuleName":"-","@timestamp":"2020-10-12T22:34:38.941Z","SignatureStatus":"Valid","Channel":"Microsoft-Windows-Sysmon/Operational","UserID":"S-1-5-18","RecordNumber":338579,"ThreadID":3216,"Image":"C:\\Windows\\System32\\wuauclt.exe","ProcessId":"6208","Company":"Microsoft Corporation","Version":3,"Hostname":"WORKSTATION5.theshire.local","ImageLoaded":"C:\\Windows\\System32\\vcruntime140.dll","Description":"Microsoft® C Runtime Library","EventReceivedTime":"2020-10-12 18:34:38","ProviderGuid":"{5770385F-C22A-43E0-BF4C-06F5698FFBD9}","Signed":"true","UtcTime":"2020-10-12 22:34:38.169","port":61041,"Severity":"INFO","tags":["mordorDataset"],"Task":7,"SourceModuleType":"im_msvistalog","OpcodeValue":0,"EventType":"INFO","ExecutionProcessID":3312,"Opcode":"Info","SourceName":"Microsoft-Windows-Sysmon","Product":"Microsoft® Visual Studio®","Keywords":-9223372036854775808,"FileVersion":"14.27.29112.0 built by: vcwrkspc","EventID":7,"Domain":"NT AUTHORITY","Category":"Image loaded (rule: ImageLoad)","OriginalFileName":"vcruntime140.dll","@version":"1","AccountName":"SYSTEM","ProcessGuid":"{71b87c12-d9fe-5f84-1901-000000000500}","host":"wec.internal.cloudapp.net","Hashes":"SHA1=DC6679BAC5B36356F6D294F00EE44DDDB1CE9108,MD5=6A6FF61F089628002171EED4AC6900A4,SHA256=2AA86A67CE51FBA3FBF3D90635332FFF61D505E8B9150AD56C98232B3672AE86,IMPHASH=44C3854843F7A3FCCDF8DDBBEA66F302","SeverityValue":2,"EventTime":"2020-10-12 18:34:38","Message":"Image loaded:\r\nRuleName: -\r\nUtcTime: 2020-10-12 22:34:38.169\r\nProcessGuid: {71b87c12-d9fe-5f84-1901-000000000500}\r\nProcessId: 6208\r\nImage: C:\\Windows\\System32\\wuauclt.exe\r\nImageLoaded: C:\\Windows\\System32\\vcruntime140.dll\r\nFileVersion: 14.27.29112.0 built by: vcwrkspc\r\nDescription: Microsoft® C Runtime Library\r\nProduct: Microsoft® Visual Studio®\r\nCompany: Microsoft Corporation\r\nOriginalFileName: vcruntime140.dll\r\nHashes: SHA1=DC6679BAC5B36356F6D294F00EE44DDDB1CE9108,MD5=6A6FF61F089628002171EED4AC6900A4,SHA256=2AA86A67CE51FBA3FBF3D90635332FFF61D505E8B9150AD56C98232B3672AE86,IMPHASH=44C3854843F7A3FCCDF8DDBBEA66F302\r\nSigned: true\r\nSignature: Microsoft Corporation\r\nSignatureStatus: Valid","SourceModuleName":"eventlog","AccountType":"User","Signature":"Microsoft Corporation"}
{"RuleName":"-","@timestamp":"2020-10-12T22:34:38.942Z","SignatureStatus":"Valid","Channel":"Microsoft-Windows-Sysmon/Operational","UserID":"S-1-5-18","RecordNumber":338580,"ThreadID":3444,"Image":"C:\\Windows\\System32\\notepad.exe","ProcessId":"2368","Company":"Microsoft Corporation","Version":3,"Hostname":"WORKSTATION5.theshire.local","ImageLoaded":"C:\\Windows\\System32\\gdi32.dll","Description":"GDI Client DLL","EventReceivedTime":"2020-10-12 18:34:38","ProviderGuid":"{5770385F-C22A-43E0-BF4C-06F5698FFBD9}","Signed":"true","UtcTime":"2020-10-12 22:34:38.185","port":61041,"Severity":"INFO","tags":["mordorDataset"],"Task":7,"SourceModuleType":"im_msvistalog","OpcodeValue":0,"EventType":"INFO","ExecutionProcessID":3312,"Opcode":"Info","SourceName":"Microsoft-Windows-Sysmon","Product":"Microsoft® Windows® Operating System","Keywords":-9223372036854775808,"FileVersion":"10.0.18362.1 (WinBuild.160101.0800)","EventID":7,"Domain":"NT AUTHORITY","Category":"Image loaded (rule: ImageLoad)","OriginalFileName":"gdi32","@version":"1","AccountName":"SYSTEM","ProcessGuid":"{71b87c12-d9fe-5f84-1a01-000000000500}","host":"wec.internal.cloudapp.net","Hashes":"SHA1=9E91D74D5B9BF64A3D4BE8C5EA3594F5DA2BC299,MD5=2839609118F48DEA292084E43FAA72D8,SHA256=4FC9460147D5A3AA1F9498863CF10BB7BE6099BEF1A3D55503164CA51E36E27E,IMPHASH=C5F30E6A06AB646153863B68366FE58A","SeverityValue":2,"EventTime":"2020-10-12 18:34:38","Message":"Image loaded:\r\nRuleName: -\r\nUtcTime: 2020-10-12 22:34:38.185\r\nProcessGuid: {71b87c12-d9fe-5f84-1a01-000000000500}\r\nProcessId: 2368\r\nImage: C:\\Windows\\System32\\notepad.exe\r\nImageLoaded: C:\\Windows\\System32\\gdi32.dll\r\nFileVersion: 10.0.18362.1 (WinBuild.160101.0800)\r\nDescription: GDI Client DLL\r\nProduct: Microsoft® Windows® Operating System\r\nCompany: Microsoft Corporation\r\nOriginalFileName: gdi32\r\nHashes: SHA1=9E91D74D5B9BF64A3D4BE8C5EA3594F5DA2BC299,MD5=2839609118F48DEA292084E43FAA72D8,SHA256=4FC9460147D5A3AA1F9498863CF10BB7BE6099BEF1A3D55503164CA51E36E27E,IMPHASH=C5F30E6A06AB646153863B68366FE58A\r\nSigned: true\r\nSignature: Microsoft Windows\r\nSignatureStatus: Valid","SourceModuleName":"eventlog","AccountType":"User","Signature":"Microsoft Windows"}
{"UtcTime":"2020-10-12 22:34:38.185","RuleName":"-","@timestamp":"2020-10-12T22:34:38.943Z","port":61041,"Severity":"INFO","Task":9,"Channel":"Microsoft-Windows-Sysmon/Operational","tags":["mordorDataset"],"UserID":"S-1-5-18","SourceModuleType":"im_msvistalog","OpcodeValue":0,"EventType":"INFO","ExecutionProcessID":3312,"Opcode":"Info","RecordNumber":338581,"ThreadID":3444,"SourceName":"Microsoft-Windows-Sysmon","Keywords":-9223372036854775808,"Image":"System","EventID":9,"Domain":"NT AUTHORITY","Category":"RawAccessRead detected (rule: RawAccessRead)","Version":2,"ProcessId":"4","@version":"1","AccountName":"SYSTEM","ProcessGuid":"{71b87c12-d247-5f84-0100-000000000500}","host":"wec.internal.cloudapp.net","Hostname":"WORKSTATION5.theshire.local","Device":"\\Device\\HarddiskVolume1","EventReceivedTime":"2020-10-12 18:34:38","SeverityValue":2,"EventTime":"2020-10-12 18:34:38","ProviderGuid":"{5770385F-C22A-43E0-BF4C-06F5698FFBD9}","Message":"RawAccessRead detected:\r\nRuleName: -\r\nUtcTime: 2020-10-12 22:34:38.185\r\nProcessGuid: {71b87c12-d247-5f84-0100-000000000500}\r\nProcessId: 4\r\nImage: System\r\nDevice: \\Device\\HarddiskVolume1","SourceModuleName":"eventlog","AccountType":"User"}
{"UtcTime":"2020-10-12 22:34:38.185","RuleName":"-","@timestamp":"2020-10-12T22:34:38.944Z","port":61041,"Severity":"INFO","Task":9,"Channel":"Microsoft-Windows-Sysmon/Operational","tags":["mordorDataset"],"UserID":"S-1-5-18","SourceModuleType":"im_msvistalog","OpcodeValue":0,"EventType":"INFO","ExecutionProcessID":3312,"Opcode":"Info","RecordNumber":338582,"ThreadID":3444,"SourceName":"Microsoft-Windows-Sysmon","Keywords":-9223372036854775808,"Image":"System","EventID":9,"Domain":"NT AUTHORITY","Category":"RawAccessRead detected (rule: RawAccessRead)","Version":2,"ProcessId":"4","@version":"1","AccountName":"SYSTEM","ProcessGuid":"{71b87c12-d247-5f84-0100-000000000500}","host":"wec.internal.cloudapp.net","Hostname":"WORKSTATION5.theshire.local","Device":"\\Device\\HarddiskVolume3","EventReceivedTime":"2020-10-12 18:34:38","SeverityValue":2,"EventTime":"2020-10-12 18:34:38","ProviderGuid":"{5770385F-C22A-43E0-BF4C-06F5698FFBD9}","Message":"RawAccessRead detected:\r\nRuleName: -\r\nUtcTime: 2020-10-12 22:34:38.185\r\nProcessGuid: {71b87c12-d247-5f84-0100-000000000500}\r\nProcessId: 4\r\nImage: System\r\nDevice: \\Device\\HarddiskVolume3","SourceModuleName":"eventlog","AccountType":"User"}
{"UtcTime":"2020-10-12 22:34:38.185","RuleName":"-","@timestamp":"2020-10-12T22:34:38.944Z","port":61041,"Severity":"INFO","Task":9,"Channel":"Microsoft-Windows-Sysmon/Operational","tags":["mordorDataset"],"UserID":"S-1-5-18","SourceModuleType":"im_msvistalog","OpcodeValue":0,"EventType":"INFO","ExecutionProcessID":3312,"Opcode":"Info","RecordNumber":338583,"ThreadID":3444,"SourceName":"Microsoft-Windows-Sysmon","Keywords":-9223372036854775808,"Image":"System","EventID":9,"Domain":"NT AUTHORITY","Category":"RawAccessRead detected (rule: RawAccessRead)","Version":2,"ProcessId":"4","@version":"1","AccountName":"SYSTEM","ProcessGuid":"{71b87c12-d247-5f84-0100-000000000500}","host":"wec.internal.cloudapp.net","Hostname":"WORKSTATION5.theshire.local","Device":"\\Device\\HarddiskVolume2","EventReceivedTime":"2020-10-12 18:34:38","SeverityValue":2,"EventTime":"2020-10-12 18:34:38","ProviderGuid":"{5770385F-C22A-43E0-BF4C-06F5698FFBD9}","Message":"RawAccessRead detected:\r\nRuleName: -\r\nUtcTime: 2020-10-12 22:34:38.185\r\nProcessGuid: {71b87c12-d247-5f84-0100-000000000500}\r\nProcessId: 4\r\nImage: System\r\nDevice: \\Device\\HarddiskVolume2","SourceModuleName":"eventlog","AccountType":"User"}
{"UtcTime":"2020-10-12 22:34:38.185","RuleName":"-","@timestamp":"2020-10-12T22:34:38.944Z","port":61041,"Severity":"INFO","Task":5,"Channel":"Microsoft-Windows-Sysmon/Operational","tags":["mordorDataset"],"UserID":"S-1-5-18","SourceModuleType":"im_msvistalog","OpcodeValue":0,"EventType":"INFO","ExecutionProcessID":3312,"Opcode":"Info","RecordNumber":338584,"ThreadID":3444,"SourceName":"Microsoft-Windows-Sysmon","Keywords":-9223372036854775808,"Image":"C:\\Windows\\System32\\wuauclt.exe","EventID":5,"Domain":"NT AUTHORITY","Category":"Process terminated (rule: ProcessTerminate)","Version":3,"ProcessId":"6208","@version":"1","AccountName":"SYSTEM","ProcessGuid":"{71b87c12-d9fe-5f84-1901-000000000500}","host":"wec.internal.cloudapp.net","Hostname":"WORKSTATION5.theshire.local","EventReceivedTime":"2020-10-12 18:34:38","SeverityValue":2,"EventTime":"2020-10-12 18:34:38","ProviderGuid":"{5770385F-C22A-43E0-BF4C-06F5698FFBD9}","Message":"Process terminated:\r\nRuleName: -\r\nUtcTime: 2020-10-12 22:34:38.185\r\nProcessGuid: {71b87c12-d9fe-5f84-1901-000000000500}\r\nProcessId: 6208\r\nImage: C:\\Windows\\System32\\wuauclt.exe","SourceModuleName":"eventlog","AccountType":"User"}
{"RuleName":"-","@timestamp":"2020-10-12T22:34:38.945Z","SignatureStatus":"Valid","Channel":"Microsoft-Windows-Sysmon/Operational","UserID":"S-1-5-18","RecordNumber":338585,"ThreadID":3444,"Image":"C:\\Windows\\System32\\notepad.exe","ProcessId":"2368","Company":"Microsoft Corporation","Version":3,"Hostname":"WORKSTATION5.theshire.local","ImageLoaded":"C:\\Windows\\System32\\win32u.dll","Description":"Win32u","EventReceivedTime":"2020-10-12 18:34:38","ProviderGuid":"{5770385F-C22A-43E0-BF4C-06F5698FFBD9}","Signed":"true","UtcTime":"2020-10-12 22:34:38.185","port":61041,"Severity":"INFO","tags":["mordorDataset"],"Task":7,"SourceModuleType":"im_msvistalog","OpcodeValue":0,"EventType":"INFO","ExecutionProcessID":3312,"Opcode":"Info","SourceName":"Microsoft-Windows-Sysmon","Product":"Microsoft® Windows® Operating System","Keywords":-9223372036854775808,"FileVersion":"10.0.18362.1082 (WinBuild.160101.0800)","EventID":7,"Domain":"NT AUTHORITY","Category":"Image loaded (rule: ImageLoad)","OriginalFileName":"Win32u.DLL","@version":"1","AccountName":"SYSTEM","ProcessGuid":"{71b87c12-d9fe-5f84-1a01-000000000500}","host":"wec.internal.cloudapp.net","Hashes":"SHA1=513CA7ADBF528DE9D0770936A2748FBEE92FD4B1,MD5=59FC84F38585E8F4D32424A05612E4FA,SHA256=68BBFE7153072E5A8D11972AA38B0E2CEF94D2149960E543DD80168C1F92BD24,IMPHASH=00000000000000000000000000000000","SeverityValue":2,"EventTime":"2020-10-12 18:34:38","Message":"Image loaded:\r\nRuleName: -\r\nUtcTime: 2020-10-12 22:34:38.185\r\nProcessGuid: {71b87c12-d9fe-5f84-1a01-000000000500}\r\nProcessId: 2368\r\nImage: C:\\Windows\\System32\\notepad.exe\r\nImageLoaded: C:\\Windows\\System32\\win32u.dll\r\nFileVersion: 10.0.18362.1082 (WinBuild.160101.0800)\r\nDescription: Win32u\r\nProduct: Microsoft® Windows® Operating System\r\nCompany: Microsoft Corporation\r\nOriginalFileName: Win32u.DLL\r\nHashes: SHA1=513CA7ADBF528DE9D0770936A2748FBEE92FD4B1,MD5=59FC84F38585E8F4D32424A05612E4FA,SHA256=68BBFE7153072E5A8D11972AA38B0E2CEF94D2149960E543DD80168C1F92BD24,IMPHASH=00000000000000000000000000000000\r\nSigned: true\r\nSignature: Microsoft Windows\r\nSignatureStatus: Valid","SourceModuleName":"eventlog","AccountType":"User","Signature":"Microsoft Windows"}
{"RuleName":"-","@timestamp":"2020-10-12T22:34:38.945Z","SignatureStatus":"Valid","Channel":"Microsoft-Windows-Sysmon/Operational","UserID":"S-1-5-18","RecordNumber":338586,"ThreadID":3444,"Image":"C:\\Windows\\System32\\notepad.exe","ProcessId":"2368","Company":"Microsoft Corporation","Version":3,"Hostname":"WORKSTATION5.theshire.local","ImageLoaded":"C:\\Windows\\System32\\gdi32full.dll","Description":"GDI Client DLL","EventReceivedTime":"2020-10-12 18:34:38","ProviderGuid":"{5770385F-C22A-43E0-BF4C-06F5698FFBD9}","Signed":"true","UtcTime":"2020-10-12 22:34:38.185","port":61041,"Severity":"INFO","tags":["mordorDataset"],"Task":7,"SourceModuleType":"im_msvistalog","OpcodeValue":0,"EventType":"INFO","ExecutionProcessID":3312,"Opcode":"Info","SourceName":"Microsoft-Windows-Sysmon","Product":"Microsoft® Windows® Operating System","Keywords":-9223372036854775808,"FileVersion":"10.0.18362.1082 (WinBuild.160101.0800)","EventID":7,"Domain":"NT AUTHORITY","Category":"Image loaded (rule: ImageLoad)","OriginalFileName":"gdi32","@version":"1","AccountName":"SYSTEM","ProcessGuid":"{71b87c12-d9fe-5f84-1a01-000000000500}","host":"wec.internal.cloudapp.net","Hashes":"SHA1=F7A63E3541F18A55EB874AAD899373D0C6EDED74,MD5=9B9E9E68B817D79F296AB1CCF378D017,SHA256=1CF582623B0CB3868554E78574B599F39B10B5CA4A51FA898F89286DDD15CE13,IMPHASH=4D32F6E2211CD04CA28C2CD4FAC607E8","SeverityValue":2,"EventTime":"2020-10-12 18:34:38","Message":"Image loaded:\r\nRuleName: -\r\nUtcTime: 2020-10-12 22:34:38.185\r\nProcessGuid: {71b87c12-d9fe-5f84-1a01-000000000500}\r\nProcessId: 2368\r\nImage: C:\\Windows\\System32\\notepad.exe\r\nImageLoaded: C:\\Windows\\System32\\gdi32full.dll\r\nFileVersion: 10.0.18362.1082 (WinBuild.160101.0800)\r\nDescription: GDI Client DLL\r\nProduct: Microsoft® Windows® Operating System\r\nCompany: Microsoft Corporation\r\nOriginalFileName: gdi32\r\nHashes: SHA1=F7A63E3541F18A55EB874AAD899373D0C6EDED74,MD5=9B9E9E68B817D79F296AB1CCF378D017,SHA256=1CF582623B0CB3868554E78574B599F39B10B5CA4A51FA898F89286DDD15CE13,IMPHASH=4D32F6E2211CD04CA28C2CD4FAC607E8\r\nSigned: true\r\nSignature: Microsoft Windows\r\nSignatureStatus: Valid","SourceModuleName":"eventlog","AccountType":"User","Signature":"Microsoft Windows"}
{"RuleName":"-","@timestamp":"2020-10-12T22:34:38.946Z","SignatureStatus":"Valid","Channel":"Microsoft-Windows-Sysmon/Operational","UserID":"S-1-5-18","RecordNumber":338587,"ThreadID":3444,"Image":"C:\\Windows\\System32\\notepad.exe","ProcessId":"2368","Company":"Microsoft Corporation","Version":3,"Hostname":"WORKSTATION5.theshire.local","ImageLoaded":"C:\\Windows\\System32\\msvcp_win.dll","Description":"Microsoft® C Runtime Library","EventReceivedTime":"2020-10-12 18:34:38","ProviderGuid":"{5770385F-C22A-43E0-BF4C-06F5698FFBD9}","Signed":"true","UtcTime":"2020-10-12 22:34:38.185","port":61041,"Severity":"INFO","tags":["mordorDataset"],"Task":7,"SourceModuleType":"im_msvistalog","OpcodeValue":0,"EventType":"INFO","ExecutionProcessID":3312,"Opcode":"Info","SourceName":"Microsoft-Windows-Sysmon","Product":"Microsoft® Windows® Operating System","Keywords":-9223372036854775808,"FileVersion":"10.0.18362.815 (WinBuild.160101.0800)","EventID":7,"Domain":"NT AUTHORITY","Category":"Image loaded (rule: ImageLoad)","OriginalFileName":"msvcp_win.dll","@version":"1","AccountName":"SYSTEM","ProcessGuid":"{71b87c12-d9fe-5f84-1a01-000000000500}","host":"wec.internal.cloudapp.net","Hashes":"SHA1=3C9938AFD7E9E2427750B0BBF21D3905502C2416,MD5=D327A488FF346D2A2ACC7D018F80A615,SHA256=F60BA64AF20B44D13275955ECA2949C471F2C812CD3908AF63B145DEAEB4E4F3,IMPHASH=7F555C87AEA488E97B6067A0419ED3B4","SeverityValue":2,"EventTime":"2020-10-12 18:34:38","Message":"Image loaded:\r\nRuleName: -\r\nUtcTime: 2020-10-12 22:34:38.185\r\nProcessGuid: {71b87c12-d9fe-5f84-1a01-000000000500}\r\nProcessId: 2368\r\nImage: C:\\Windows\\System32\\notepad.exe\r\nImageLoaded: C:\\Windows\\System32\\msvcp_win.dll\r\nFileVersion: 10.0.18362.815 (WinBuild.160101.0800)\r\nDescription: Microsoft® C Runtime Library\r\nProduct: Microsoft® Windows® Operating System\r\nCompany: Microsoft Corporation\r\nOriginalFileName: msvcp_win.dll\r\nHashes: SHA1=3C9938AFD7E9E2427750B0BBF21D3905502C2416,MD5=D327A488FF346D2A2ACC7D018F80A615,SHA256=F60BA64AF20B44D13275955ECA2949C471F2C812CD3908AF63B145DEAEB4E4F3,IMPHASH=7F555C87AEA488E97B6067A0419ED3B4\r\nSigned: true\r\nSignature: Microsoft Windows\r\nSignatureStatus: Valid","SourceModuleName":"eventlog","AccountType":"User","Signature":"Microsoft Windows"}
{"RuleName":"-","@timestamp":"2020-10-12T22:34:38.946Z","SignatureStatus":"Valid","Channel":"Microsoft-Windows-Sysmon/Operational","UserID":"S-1-5-18","RecordNumber":338588,"ThreadID":3444,"Image":"C:\\Windows\\System32\\notepad.exe","ProcessId":"2368","Company":"Microsoft Corporation","Version":3,"Hostname":"WORKSTATION5.theshire.local","ImageLoaded":"C:\\Windows\\System32\\ucrtbase.dll","Description":"Microsoft® C Runtime Library","EventReceivedTime":"2020-10-12 18:34:38","ProviderGuid":"{5770385F-C22A-43E0-BF4C-06F5698FFBD9}","Signed":"true","UtcTime":"2020-10-12 22:34:38.185","port":61041,"Severity":"INFO","tags":["mordorDataset"],"Task":7,"SourceModuleType":"im_msvistalog","OpcodeValue":0,"EventType":"INFO","ExecutionProcessID":3312,"Opcode":"Info","SourceName":"Microsoft-Windows-Sysmon","Product":"Microsoft® Windows® Operating System","Keywords":-9223372036854775808,"FileVersion":"10.0.18362.815 (WinBuild.160101.0800)","EventID":7,"Domain":"NT AUTHORITY","Category":"Image loaded (rule: ImageLoad)","OriginalFileName":"ucrtbase.dll","@version":"1","AccountName":"SYSTEM","ProcessGuid":"{71b87c12-d9fe-5f84-1a01-000000000500}","host":"wec.internal.cloudapp.net","Hashes":"SHA1=53F8B431D10FDB2C001D58120280A417B01073BE,MD5=F0DA14E390F0CCB58EAAD34D9B309E4B,SHA256=7EE229626B22799FAA28CD7C22D4FF2AD0603C17E5F5EE9086FA7CF6483331FB,IMPHASH=5AE9A136FAFA10321F3D48251BF4F6A1","SeverityValue":2,"EventTime":"2020-10-12 18:34:38","Message":"Image loaded:\r\nRuleName: -\r\nUtcTime: 2020-10-12 22:34:38.185\r\nProcessGuid: {71b87c12-d9fe-5f84-1a01-000000000500}\r\nProcessId: 2368\r\nImage: C:\\Windows\\System32\\notepad.exe\r\nImageLoaded: C:\\Windows\\System32\\ucrtbase.dll\r\nFileVersion: 10.0.18362.815 (WinBuild.160101.0800)\r\nDescription: Microsoft® C Runtime Library\r\nProduct: Microsoft® Windows® Operating System\r\nCompany: Microsoft Corporation\r\nOriginalFileName: ucrtbase.dll\r\nHashes: SHA1=53F8B431D10FDB2C001D58120280A417B01073BE,MD5=F0DA14E390F0CCB58EAAD34D9B309E4B,SHA256=7EE229626B22799FAA28CD7C22D4FF2AD0603C17E5F5EE9086FA7CF6483331FB,IMPHASH=5AE9A136FAFA10321F3D48251BF4F6A1\r\nSigned: true\r\nSignature: Microsoft Windows\r\nSignatureStatus: Valid","SourceModuleName":"eventlog","AccountType":"User","Signature":"Microsoft Windows"}
{"RuleName":"-","@timestamp":"2020-10-12T22:34:38.947Z","SignatureStatus":"Valid","Channel":"Microsoft-Windows-Sysmon/Operational","UserID":"S-1-5-18","RecordNumber":338589,"ThreadID":3444,"Image":"C:\\Windows\\System32\\notepad.exe","ProcessId":"2368","Company":"Microsoft Corporation","Version":3,"Hostname":"WORKSTATION5.theshire.local","ImageLoaded":"C:\\Windows\\System32\\user32.dll","Description":"Multi-User Windows USER API Client DLL","EventReceivedTime":"2020-10-12 18:34:38","ProviderGuid":"{5770385F-C22A-43E0-BF4C-06F5698FFBD9}","Signed":"true","UtcTime":"2020-10-12 22:34:38.185","port":61041,"Severity":"INFO","tags":["mordorDataset"],"Task":7,"SourceModuleType":"im_msvistalog","OpcodeValue":0,"EventType":"INFO","ExecutionProcessID":3312,"Opcode":"Info","SourceName":"Microsoft-Windows-Sysmon","Product":"Microsoft® Windows® Operating System","Keywords":-9223372036854775808,"FileVersion":"10.0.18362.997 (WinBuild.160101.0800)","EventID":7,"Domain":"NT AUTHORITY","Category":"Image loaded (rule: ImageLoad)","OriginalFileName":"user32","@version":"1","AccountName":"SYSTEM","ProcessGuid":"{71b87c12-d9fe-5f84-1a01-000000000500}","host":"wec.internal.cloudapp.net","Hashes":"SHA1=75625F56E7F2AC8E56CE8A00A3EA4C0C6B0807EF,MD5=C7255260A37B185705C47AA5824AF151,SHA256=116DFE7CC1C09CB0CF7B6D3936D6F2BBC0739A9267CF840FB873B142150253BE,IMPHASH=4C2FEDA3D715107818B9354EC0C836B2","SeverityValue":2,"EventTime":"2020-10-12 18:34:38","Message":"Image loaded:\r\nRuleName: -\r\nUtcTime: 2020-10-12 22:34:38.185\r\nProcessGuid: {71b87c12-d9fe-5f84-1a01-000000000500}\r\nProcessId: 2368\r\nImage: C:\\Windows\\System32\\notepad.exe\r\nImageLoaded: C:\\Windows\\System32\\user32.dll\r\nFileVersion: 10.0.18362.997 (WinBuild.160101.0800)\r\nDescription: Multi-User Windows USER API Client DLL\r\nProduct: Microsoft® Windows® Operating System\r\nCompany: Microsoft Corporation\r\nOriginalFileName: user32\r\nHashes: SHA1=75625F56E7F2AC8E56CE8A00A3EA4C0C6B0807EF,MD5=C7255260A37B185705C47AA5824AF151,SHA256=116DFE7CC1C09CB0CF7B6D3936D6F2BBC0739A9267CF840FB873B142150253BE,IMPHASH=4C2FEDA3D715107818B9354EC0C836B2\r\nSigned: true\r\nSignature: Microsoft Windows\r\nSignatureStatus: Valid","SourceModuleName":"eventlog","AccountType":"User","Signature":"Microsoft Windows"}
{"RuleName":"-","@timestamp":"2020-10-12T22:34:38.948Z","SignatureStatus":"Valid","Channel":"Microsoft-Windows-Sysmon/Operational","UserID":"S-1-5-18","RecordNumber":338590,"ThreadID":3444,"Image":"C:\\Windows\\System32\\notepad.exe","ProcessId":"2368","Company":"Microsoft Corporation","Version":3,"Hostname":"WORKSTATION5.theshire.local","ImageLoaded":"C:\\Windows\\System32\\msvcrt.dll","Description":"Windows NT CRT DLL","EventReceivedTime":"2020-10-12 18:34:38","ProviderGuid":"{5770385F-C22A-43E0-BF4C-06F5698FFBD9}","Signed":"true","UtcTime":"2020-10-12 22:34:38.185","port":61041,"Severity":"INFO","tags":["mordorDataset"],"Task":7,"SourceModuleType":"im_msvistalog","OpcodeValue":0,"EventType":"INFO","ExecutionProcessID":3312,"Opcode":"Info","SourceName":"Microsoft-Windows-Sysmon","Product":"Microsoft® Windows® Operating System","Keywords":-9223372036854775808,"FileVersion":"7.0.18362.1 (WinBuild.160101.0800)","EventID":7,"Domain":"NT AUTHORITY","Category":"Image loaded (rule: ImageLoad)","OriginalFileName":"msvcrt.dll","@version":"1","AccountName":"SYSTEM","ProcessGuid":"{71b87c12-d9fe-5f84-1a01-000000000500}","host":"wec.internal.cloudapp.net","Hashes":"SHA1=0EA4B3CFB14E49CEC0D42FF0F1FA989E69647A8F,MD5=36354D9B5B0A58A4B9A19103852C00A2,SHA256=E5A863D3F4BFEFED7D73A7B1499F81B7235BC9AE3C108065041BCB8E5446B1BB,IMPHASH=1273683626EBBA703979F188A1E64237","SeverityValue":2,"EventTime":"2020-10-12 18:34:38","Message":"Image loaded:\r\nRuleName: -\r\nUtcTime: 2020-10-12 22:34:38.185\r\nProcessGuid: {71b87c12-d9fe-5f84-1a01-000000000500}\r\nProcessId: 2368\r\nImage: C:\\Windows\\System32\\notepad.exe\r\nImageLoaded: C:\\Windows\\System32\\msvcrt.dll\r\nFileVersion: 7.0.18362.1 (WinBuild.160101.0800)\r\nDescription: Windows NT CRT DLL\r\nProduct: Microsoft® Windows® Operating System\r\nCompany: Microsoft Corporation\r\nOriginalFileName: msvcrt.dll\r\nHashes: SHA1=0EA4B3CFB14E49CEC0D42FF0F1FA989E69647A8F,MD5=36354D9B5B0A58A4B9A19103852C00A2,SHA256=E5A863D3F4BFEFED7D73A7B1499F81B7235BC9AE3C108065041BCB8E5446B1BB,IMPHASH=1273683626EBBA703979F188A1E64237\r\nSigned: true\r\nSignature: Microsoft Windows\r\nSignatureStatus: Valid","SourceModuleName":"eventlog","AccountType":"User","Signature":"Microsoft Windows"}
