{"@timestamp":"2020-10-12T22:34:37.874Z","port":61041,"Severity":"INFO","Task":12810,"Channel":"Security","tags":["mordorDataset"],"LayerName":"%%14608","SourceModuleType":"im_msvistalog","OpcodeValue":0,"Application":"\\device\\harddiskvolume2\\windows\\system32\\svchost.exe","EventType":"AUDIT_SUCCESS","ExecutionProcessID":4,"Opcode":"Info","RecordNumber":61009,"ThreadID":1752,"FilterRTID":"0","SourceName":"Microsoft-Windows-Security-Auditing","LayerRTID":"36","Keywords":-9214364837600034816,"EventID":5158,"Category":"Filtering Platform Connection","ProcessId":"2928","Version":0,"@version":"1","host":"wec.internal.cloudapp.net","Hostname":"WORKSTATION6.theshire.local","SourcePort":"58405","EventReceivedTime":"2020-10-12 18:34:37","SeverityValue":2,"EventTime":"2020-10-12 18:34:35","ProviderGuid":"{54849625-5478-4994-A5BA-3E3B0328C30D}","Message":"The Windows Filtering Platform has permitted a bind to a local port.\r\n\r\nApplication Information:\r\n\tProcess ID:\t\t2928\r\n\tApplication Name:\t\\device\\harddiskvolume2\\windows\\system32\\svchost.exe\r\n\r\nNetwork Information:\r\n\tSource Address:\t\t0.0.0.0\r\n\tSource Port:\t\t58405\r\n\tProtocol:\t\t6\r\n\r\nFilter Information:\r\n\tFilter Run-Time ID:\t0\r\n\tLayer Name:\t\tResource Assignment\r\n\tLayer Run-Time ID:\t36","SourceAddress":"0.0.0.0","SourceModuleName":"eventlog","Protocol":"6"}
{"@timestamp":"2020-10-12T22:34:37.875Z","port":61041,"Severity":"INFO","Task":12810,"Channel":"Security","tags":["mordorDataset"],"LayerName":"%%14608","SourceModuleType":"im_msvistalog","OpcodeValue":0,"Application":"\\device\\harddiskvolume2\\windows\\system32\\svchost.exe","EventType":"AUDIT_SUCCESS","ExecutionProcessID":4,"Opcode":"Info","RecordNumber":61011,"ThreadID":1752,"FilterRTID":"0","SourceName":"Microsoft-Windows-Security-Auditing","LayerRTID":"36","Keywords":-9214364837600034816,"EventID":5158,"Category":"Filtering Platform Connection","ProcessId":"2928","Version":0,"@version":"1","host":"wec.internal.cloudapp.net","Hostname":"WORKSTATION6.theshire.local","SourcePort":"58406","EventReceivedTime":"2020-10-12 18:34:37","SeverityValue":2,"EventTime":"2020-10-12 18:34:35","ProviderGuid":"{54849625-5478-4994-A5BA-3E3B0328C30D}","Message":"The Windows Filtering Platform has permitted a bind to a local port.\r\n\r\nApplication Information:\r\n\tProcess ID:\t\t2928\r\n\tApplication Name:\t\\device\\harddiskvolume2\\windows\\system32\\svchost.exe\r\n\r\nNetwork Information:\r\n\tSource Address:\t\t0.0.0.0\r\n\tSource Port:\t\t58406\r\n\tProtocol:\t\t6\r\n\r\nFilter Information:\r\n\tFilter Run-Time ID:\t0\r\n\tLayer Name:\t\tResource Assignment\r\n\tLayer Run-Time ID:\t36","SourceAddress":"0.0.0.0","SourceModuleName":"eventlog","Protocol":"6"}
{"@timestamp":"2020-10-12T22:34:37.875Z","port":61041,"Severity":"INFO","Task":12810,"Channel":"Security","tags":["mordorDataset"],"LayerName":"%%14608","SourceModuleType":"im_msvistalog","OpcodeValue":0,"Application":"\\device\\harddiskvolume2\\windows\\system32\\svchost.exe","EventType":"AUDIT_SUCCESS","ExecutionProcessID":4,"Opcode":"Info","RecordNumber":61013,"ThreadID":1752,"FilterRTID":"0","SourceName":"Microsoft-Windows-Security-Auditing","LayerRTID":"36","Keywords":-9214364837600034816,"EventID":5158,"Category":"Filtering Platform Connection","ProcessId":"2928","Version":0,"@version":"1","host":"wec.internal.cloudapp.net","Hostname":"WORKSTATION6.theshire.local","SourcePort":"58407","EventReceivedTime":"2020-10-12 18:34:37","SeverityValue":2,"EventTime":"2020-10-12 18:34:35","ProviderGuid":"{54849625-5478-4994-A5BA-3E3B0328C30D}","Message":"The Windows Filtering Platform has permitted a bind to a local port.\r\n\r\nApplication Information:\r\n\tProcess ID:\t\t2928\r\n\tApplication Name:\t\\device\\harddiskvolume2\\windows\\system32\\svchost.exe\r\n\r\nNetwork Information:\r\n\tSource Address:\t\t0.0.0.0\r\n\tSource Port:\t\t58407\r\n\tProtocol:\t\t6\r\n\r\nFilter Information:\r\n\tFilter Run-Time ID:\t0\r\n\tLayer Name:\t\tResource Assignment\r\n\tLayer Run-Time ID:\t36","SourceAddress":"0.0.0.0","SourceModuleName":"eventlog","Protocol":"6"}
{"@timestamp":"2020-10-12T22:34:37.875Z","port":61041,"Severity":"INFO","Task":12810,"Channel":"Security","tags":["mordorDataset"],"LayerName":"%%14608","SourceModuleType":"im_msvistalog","OpcodeValue":0,"Application":"\\device\\harddiskvolume2\\windows\\system32\\svchost.exe","EventType":"AUDIT_SUCCESS","ExecutionProcessID":4,"Opcode":"Info","RecordNumber":61015,"ThreadID":1752,"FilterRTID":"0","SourceName":"Microsoft-Windows-Security-Auditing","LayerRTID":"36","Keywords":-9214364837600034816,"EventID":5158,"Category":"Filtering Platform Connection","ProcessId":"2928","Version":0,"@version":"1","host":"wec.internal.cloudapp.net","Hostname":"WORKSTATION6.theshire.local","SourcePort":"58408","EventReceivedTime":"2020-10-12 18:34:37","SeverityValue":2,"EventTime":"2020-10-12 18:34:35","ProviderGuid":"{54849625-5478-4994-A5BA-3E3B0328C30D}","Message":"The Windows Filtering Platform has permitted a bind to a local port.\r\n\r\nApplication Information:\r\n\tProcess ID:\t\t2928\r\n\tApplication Name:\t\\device\\harddiskvolume2\\windows\\system32\\svchost.exe\r\n\r\nNetwork Information:\r\n\tSource Address:\t\t0.0.0.0\r\n\tSource Port:\t\t58408\r\n\tProtocol:\t\t6\r\n\r\nFilter Information:\r\n\tFilter Run-Time ID:\t0\r\n\tLayer Name:\t\tResource Assignment\r\n\tLayer Run-Time ID:\t36","SourceAddress":"0.0.0.0","SourceModuleName":"eventlog","Protocol":"6"}
{"@timestamp":"2020-10-12T22:34:37.876Z","port":61041,"Severity":"INFO","Task":12810,"Channel":"Security","tags":["mordorDataset"],"LayerName":"%%14608","SourceModuleType":"im_msvistalog","OpcodeValue":0,"Application":"\\device\\harddiskvolume2\\windows\\system32\\svchost.exe","EventType":"AUDIT_SUCCESS","ExecutionProcessID":4,"Opcode":"Info","RecordNumber":61017,"ThreadID":1752,"FilterRTID":"0","SourceName":"Microsoft-Windows-Security-Auditing","LayerRTID":"36","Keywords":-9214364837600034816,"EventID":5158,"Category":"Filtering Platform Connection","ProcessId":"2928","Version":0,"@version":"1","host":"wec.internal.cloudapp.net","Hostname":"WORKSTATION6.theshire.local","SourcePort":"58409","EventReceivedTime":"2020-10-12 18:34:37","SeverityValue":2,"EventTime":"2020-10-12 18:34:35","ProviderGuid":"{54849625-5478-4994-A5BA-3E3B0328C30D}","Message":"The Windows Filtering Platform has permitted a bind to a local port.\r\n\r\nApplication Information:\r\n\tProcess ID:\t\t2928\r\n\tApplication Name:\t\\device\\harddiskvolume2\\windows\\system32\\svchost.exe\r\n\r\nNetwork Information:\r\n\tSource Address:\t\t0.0.0.0\r\n\tSource Port:\t\t58409\r\n\tProtocol:\t\t6\r\n\r\nFilter Information:\r\n\tFilter Run-Time ID:\t0\r\n\tLayer Name:\t\tResource Assignment\r\n\tLayer Run-Time ID:\t36","SourceAddress":"0.0.0.0","SourceModuleName":"eventlog","Protocol":"6"}
{"@timestamp":"2020-10-12T22:34:37.876Z","port":61041,"Severity":"INFO","Task":12810,"Channel":"Security","tags":["mordorDataset"],"LayerName":"%%14608","SourceModuleType":"im_msvistalog","OpcodeValue":0,"Application":"\\device\\harddiskvolume2\\windows\\system32\\svchost.exe","EventType":"AUDIT_SUCCESS","ExecutionProcessID":4,"Opcode":"Info","RecordNumber":61019,"ThreadID":1752,"FilterRTID":"0","SourceName":"Microsoft-Windows-Security-Auditing","LayerRTID":"36","Keywords":-9214364837600034816,"EventID":5158,"Category":"Filtering Platform Connection","ProcessId":"2928","Version":0,"@version":"1","host":"wec.internal.cloudapp.net","Hostname":"WORKSTATION6.theshire.local","SourcePort":"58410","EventReceivedTime":"2020-10-12 18:34:37","SeverityValue":2,"EventTime":"2020-10-12 18:34:35","ProviderGuid":"{54849625-5478-4994-A5BA-3E3B0328C30D}","Message":"The Windows Filtering Platform has permitted a bind to a local port.\r\n\r\nApplication Information:\r\n\tProcess ID:\t\t2928\r\n\tApplication Name:\t\\device\\harddiskvolume2\\windows\\system32\\svchost.exe\r\n\r\nNetwork Information:\r\n\tSource Address:\t\t0.0.0.0\r\n\tSource Port:\t\t58410\r\n\tProtocol:\t\t6\r\n\r\nFilter Information:\r\n\tFilter Run-Time ID:\t0\r\n\tLayer Name:\t\tResource Assignment\r\n\tLayer Run-Time ID:\t36","SourceAddress":"0.0.0.0","SourceModuleName":"eventlog","Protocol":"6"}
{"@timestamp":"2020-10-12T22:34:37.876Z","port":61041,"Severity":"INFO","Task":12810,"Channel":"Security","tags":["mordorDataset"],"LayerName":"%%14608","SourceModuleType":"im_msvistalog","OpcodeValue":0,"Application":"\\device\\harddiskvolume2\\windows\\system32\\svchost.exe","EventType":"AUDIT_SUCCESS","ExecutionProcessID":4,"Opcode":"Info","RecordNumber":61021,"ThreadID":1752,"FilterRTID":"0","SourceName":"Microsoft-Windows-Security-Auditing","LayerRTID":"36","Keywords":-9214364837600034816,"EventID":5158,"Category":"Filtering Platform Connection","ProcessId":"2928","Version":0,"@version":"1","host":"wec.internal.cloudapp.net","Hostname":"WORKSTATION6.theshire.local","SourcePort":"58411","EventReceivedTime":"2020-10-12 18:34:37","SeverityValue":2,"EventTime":"2020-10-12 18:34:35","ProviderGuid":"{54849625-5478-4994-A5BA-3E3B0328C30D}","Message":"The Windows Filtering Platform has permitted a bind to a local port.\r\n\r\nApplication Information:\r\n\tProcess ID:\t\t2928\r\n\tApplication Name:\t\\device\\harddiskvolume2\\windows\\system32\\svchost.exe\r\n\r\nNetwork Information:\r\n\tSource Address:\t\t0.0.0.0\r\n\tSource Port:\t\t58411\r\n\tProtocol:\t\t6\r\n\r\nFilter Information:\r\n\tFilter Run-Time ID:\t0\r\n\tLayer Name:\t\tResource Assignment\r\n\tLayer Run-Time ID:\t36","SourceAddress":"0.0.0.0","SourceModuleName":"eventlog","Protocol":"6"}
{"@timestamp":"2020-10-12T22:34:37.877Z","port":61041,"Severity":"INFO","Task":12810,"Channel":"Security","tags":["mordorDataset"],"LayerName":"%%14608","SourceModuleType":"im_msvistalog","OpcodeValue":0,"Application":"\\device\\harddiskvolume2\\windows\\system32\\svchost.exe","EventType":"AUDIT_SUCCESS","ExecutionProcessID":4,"Opcode":"Info","RecordNumber":61023,"ThreadID":1752,"FilterRTID":"0","SourceName":"Microsoft-Windows-Security-Auditing","LayerRTID":"36","Keywords":-9214364837600034816,"EventID":5158,"Category":"Filtering Platform Connection","ProcessId":"2928","Version":0,"@version":"1","host":"wec.internal.cloudapp.net","Hostname":"WORKSTATION6.theshire.local","SourcePort":"58412","EventReceivedTime":"2020-10-12 18:34:37","SeverityValue":2,"EventTime":"2020-10-12 18:34:35","ProviderGuid":"{54849625-5478-4994-A5BA-3E3B0328C30D}","Message":"The Windows Filtering Platform has permitted a bind to a local port.\r\n\r\nApplication Information:\r\n\tProcess ID:\t\t2928\r\n\tApplication Name:\t\\device\\harddiskvolume2\\windows\\system32\\svchost.exe\r\n\r\nNetwork Information:\r\n\tSource Address:\t\t0.0.0.0\r\n\tSource Port:\t\t58412\r\n\tProtocol:\t\t6\r\n\r\nFilter Information:\r\n\tFilter Run-Time ID:\t0\r\n\tLayer Name:\t\tResource Assignment\r\n\tLayer Run-Time ID:\t36","SourceAddress":"0.0.0.0","SourceModuleName":"eventlog","Protocol":"6"}
{"@timestamp":"2020-10-12T22:34:37.877Z","port":61041,"Severity":"INFO","Task":12810,"Channel":"Security","tags":["mordorDataset"],"LayerName":"%%14608","SourceModuleType":"im_msvistalog","OpcodeValue":0,"Application":"\\device\\harddiskvolume2\\windows\\system32\\svchost.exe","EventType":"AUDIT_SUCCESS","ExecutionProcessID":4,"Opcode":"Info","RecordNumber":61025,"ThreadID":1752,"FilterRTID":"0","SourceName":"Microsoft-Windows-Security-Auditing","LayerRTID":"36","Keywords":-9214364837600034816,"EventID":5158,"Category":"Filtering Platform Connection","ProcessId":"2928","Version":0,"@version":"1","host":"wec.internal.cloudapp.net","Hostname":"WORKSTATION6.theshire.local","SourcePort":"58413","EventReceivedTime":"2020-10-12 18:34:37","SeverityValue":2,"EventTime":"2020-10-12 18:34:35","ProviderGuid":"{54849625-5478-4994-A5BA-3E3B0328C30D}","Message":"The Windows Filtering Platform has permitted a bind to a local port.\r\n\r\nApplication Information:\r\n\tProcess ID:\t\t2928\r\n\tApplication Name:\t\\device\\harddiskvolume2\\windows\\system32\\svchost.exe\r\n\r\nNetwork Information:\r\n\tSource Address:\t\t0.0.0.0\r\n\tSource Port:\t\t58413\r\n\tProtocol:\t\t6\r\n\r\nFilter Information:\r\n\tFilter Run-Time ID:\t0\r\n\tLayer Name:\t\tResource Assignment\r\n\tLayer Run-Time ID:\t36","SourceAddress":"0.0.0.0","SourceModuleName":"eventlog","Protocol":"6"}
{"@timestamp":"2020-10-12T22:34:37.877Z","port":61041,"Severity":"INFO","Task":12810,"Channel":"Security","tags":["mordorDataset"],"LayerName":"%%14608","SourceModuleType":"im_msvistalog","OpcodeValue":0,"Application":"\\device\\harddiskvolume2\\windows\\system32\\svchost.exe","EventType":"AUDIT_SUCCESS","ExecutionProcessID":4,"Opcode":"Info","RecordNumber":61027,"ThreadID":1752,"FilterRTID":"0","SourceName":"Microsoft-Windows-Security-Auditing","LayerRTID":"36","Keywords":-9214364837600034816,"EventID":5158,"Category":"Filtering Platform Connection","ProcessId":"2928","Version":0,"@version":"1","host":"wec.internal.cloudapp.net","Hostname":"WORKSTATION6.theshire.local","SourcePort":"58414","EventReceivedTime":"2020-10-12 18:34:37","SeverityValue":2,"EventTime":"2020-10-12 18:34:35","ProviderGuid":"{54849625-5478-4994-A5BA-3E3B0328C30D}","Message":"The Windows Filtering Platform has permitted a bind to a local port.\r\n\r\nApplication Information:\r\n\tProcess ID:\t\t2928\r\n\tApplication Name:\t\\device\\harddiskvolume2\\windows\\system32\\svchost.exe\r\n\r\nNetwork Information:\r\n\tSource Address:\t\t0.0.0.0\r\n\tSource Port:\t\t58414\r\n\tProtocol:\t\t6\r\n\r\nFilter Information:\r\n\tFilter Run-Time ID:\t0\r\n\tLayer Name:\t\tResource Assignment\r\n\tLayer Run-Time ID:\t36","SourceAddress":"0.0.0.0","SourceModuleName":"eventlog","Protocol":"6"}
{"@timestamp":"2020-10-12T22:34:37.878Z","port":61041,"Severity":"INFO","Task":12810,"Channel":"Security","tags":["mordorDataset"],"LayerName":"%%14608","SourceModuleType":"im_msvistalog","OpcodeValue":0,"Application":"\\device\\harddiskvolume2\\windows\\system32\\svchost.exe","EventType":"AUDIT_SUCCESS","ExecutionProcessID":4,"Opcode":"Info","RecordNumber":61029,"ThreadID":1752,"FilterRTID":"0","SourceName":"Microsoft-Windows-Security-Auditing","LayerRTID":"36","Keywords":-9214364837600034816,"EventID":5158,"Category":"Filtering Platform Connection","ProcessId":"2928","Version":0,"@version":"1","host":"wec.internal.cloudapp.net","Hostname":"WORKSTATION6.theshire.local","SourcePort":"58415","EventReceivedTime":"2020-10-12 18:34:37","SeverityValue":2,"EventTime":"2020-10-12 18:34:35","ProviderGuid":"{54849625-5478-4994-A5BA-3E3B0328C30D}","Message":"The Windows Filtering Platform has permitted a bind to a local port.\r\n\r\nApplication Information:\r\n\tProcess ID:\t\t2928\r\n\tApplication Name:\t\\device\\harddiskvolume2\\windows\\system32\\svchost.exe\r\n\r\nNetwork Information:\r\n\tSource Address:\t\t0.0.0.0\r\n\tSource Port:\t\t58415\r\n\tProtocol:\t\t6\r\n\r\nFilter Information:\r\n\tFilter Run-Time ID:\t0\r\n\tLayer Name:\t\tResource Assignment\r\n\tLayer Run-Time ID:\t36","SourceAddress":"0.0.0.0","SourceModuleName":"eventlog","Protocol":"6"}
{"@timestamp":"2020-10-12T22:34:37.878Z","port":61041,"Severity":"INFO","Task":12810,"Channel":"Security","tags":["mordorDataset"],"LayerName":"%%14608","SourceModuleType":"im_msvistalog","OpcodeValue":0,"Application":"\\device\\harddiskvolume2\\windows\\system32\\svchost.exe","EventType":"AUDIT_SUCCESS","ExecutionProcessID":4,"Opcode":"Info","RecordNumber":61031,"ThreadID":1752,"FilterRTID":"0","SourceName":"Microsoft-Windows-Security-Auditing","LayerRTID":"36","Keywords":-9214364837600034816,"EventID":5158,"Category":"Filtering Platform Connection","ProcessId":"2928","Version":0,"@version":"1","host":"wec.internal.cloudapp.net","Hostname":"WORKSTATION6.theshire.local","SourcePort":"58416","EventReceivedTime":"2020-10-12 18:34:37","SeverityValue":2,"EventTime":"2020-10-12 18:34:35","ProviderGuid":"{54849625-5478-4994-A5BA-3E3B0328C30D}","Message":"The Windows Filtering Platform has permitted a bind to a local port.\r\n\r\nApplication Information:\r\n\tProcess ID:\t\t2928\r\n\tApplication Name:\t\\device\\harddiskvolume2\\windows\\system32\\svchost.exe\r\n\r\nNetwork Information:\r\n\tSource Address:\t\t0.0.0.0\r\n\tSource Port:\t\t58416\r\n\tProtocol:\t\t6\r\n\r\nFilter Information:\r\n\tFilter Run-Time ID:\t0\r\n\tLayer Name:\t\tResource Assignment\r\n\tLayer Run-Time ID:\t36","SourceAddress":"0.0.0.0","SourceModuleName":"eventlog","Protocol":"6"}
{"@timestamp":"2020-10-12T22:34:37.879Z","port":61041,"Severity":"INFO","Task":12810,"Channel":"Security","tags":["mordorDataset"],"LayerName":"%%14608","SourceModuleType":"im_msvistalog","OpcodeValue":0,"Application":"\\device\\harddiskvolume2\\windows\\system32\\svchost.exe","EventType":"AUDIT_SUCCESS","ExecutionProcessID":4,"Opcode":"Info","RecordNumber":61033,"ThreadID":1752,"FilterRTID":"0","SourceName":"Microsoft-Windows-Security-Auditing","LayerRTID":"36","Keywords":-9214364837600034816,"EventID":5158,"Category":"Filtering Platform Connection","ProcessId":"2928","Version":0,"@version":"1","host":"wec.internal.cloudapp.net","Hostname":"WORKSTATION6.theshire.local","SourcePort":"58417","EventReceivedTime":"2020-10-12 18:34:37","SeverityValue":2,"EventTime":"2020-10-12 18:34:35","ProviderGuid":"{54849625-5478-4994-A5BA-3E3B0328C30D}","Message":"The Windows Filtering Platform has permitted a bind to a local port.\r\n\r\nApplication Information:\r\n\tProcess ID:\t\t2928\r\n\tApplication Name:\t\\device\\harddiskvolume2\\windows\\system32\\svchost.exe\r\n\r\nNetwork Information:\r\n\tSource Address:\t\t0.0.0.0\r\n\tSource Port:\t\t58417\r\n\tProtocol:\t\t6\r\n\r\nFilter Information:\r\n\tFilter Run-Time ID:\t0\r\n\tLayer Name:\t\tResource Assignment\r\n\tLayer Run-Time ID:\t36","SourceAddress":"0.0.0.0","SourceModuleName":"eventlog","Protocol":"6"}
{"@timestamp":"2020-10-12T22:34:37.879Z","port":61041,"Severity":"INFO","Task":12810,"Channel":"Security","tags":["mordorDataset"],"LayerName":"%%14608","SourceModuleType":"im_msvistalog","OpcodeValue":0,"Application":"\\device\\harddiskvolume2\\windows\\system32\\svchost.exe","EventType":"AUDIT_SUCCESS","ExecutionProcessID":4,"Opcode":"Info","RecordNumber":61035,"ThreadID":1752,"FilterRTID":"0","SourceName":"Microsoft-Windows-Security-Auditing","LayerRTID":"36","Keywords":-9214364837600034816,"EventID":5158,"Category":"Filtering Platform Connection","ProcessId":"2928","Version":0,"@version":"1","host":"wec.internal.cloudapp.net","Hostname":"WORKSTATION6.theshire.local","SourcePort":"58418","EventReceivedTime":"2020-10-12 18:34:37","SeverityValue":2,"EventTime":"2020-10-12 18:34:35","ProviderGuid":"{54849625-5478-4994-A5BA-3E3B0328C30D}","Message":"The Windows Filtering Platform has permitted a bind to a local port.\r\n\r\nApplication Information:\r\n\tProcess ID:\t\t2928\r\n\tApplication Name:\t\\device\\harddiskvolume2\\windows\\system32\\svchost.exe\r\n\r\nNetwork Information:\r\n\tSource Address:\t\t0.0.0.0\r\n\tSource Port:\t\t58418\r\n\tProtocol:\t\t6\r\n\r\nFilter Information:\r\n\tFilter Run-Time ID:\t0\r\n\tLayer Name:\t\tResource Assignment\r\n\tLayer Run-Time ID:\t36","SourceAddress":"0.0.0.0","SourceModuleName":"eventlog","Protocol":"6"}
{"@timestamp":"2020-10-12T22:34:38.890Z","port":61041,"Severity":"INFO","Task":12810,"Channel":"security","tags":["mordorDataset"],"LayerName":"%%14608","SourceModuleType":"im_msvistalog","OpcodeValue":0,"Application":"\\device\\harddiskvolume2\\windowsazure\\guestagent_2.7.41491.993_2020-10-12_203731\\guestagent\\windowsazureguestagent.exe","EventType":"AUDIT_SUCCESS","ExecutionProcessID":4,"Opcode":"Info","RecordNumber":100649,"ThreadID":108,"FilterRTID":"0","SourceName":"Microsoft-Windows-Security-Auditing","LayerRTID":"36","Keywords":-9214364837600034816,"EventID":5158,"Category":"Filtering Platform Connection","ProcessId":"3400","Version":0,"@version":"1","host":"wec.internal.cloudapp.net","Hostname":"WORKSTATION5.theshire.local","SourcePort":"50122","EventReceivedTime":"2020-10-12 18:34:38","SeverityValue":2,"EventTime":"2020-10-12 18:34:37","ProviderGuid":"{54849625-5478-4994-A5BA-3E3B0328C30D}","Message":"The Windows Filtering Platform has permitted a bind to a local port.\r\n\r\nApplication Information:\r\n\tProcess ID:\t\t3400\r\n\tApplication Name:\t\\device\\harddiskvolume2\\windowsazure\\guestagent_2.7.41491.993_2020-10-12_203731\\guestagent\\windowsazureguestagent.exe\r\n\r\nNetwork Information:\r\n\tSource Address:\t\t0.0.0.0\r\n\tSource Port:\t\t50122\r\n\tProtocol:\t\t6\r\n\r\nFilter Information:\r\n\tFilter Run-Time ID:\t0\r\n\tLayer Name:\t\tResource Assignment\r\n\tLayer Run-Time ID:\t36","SourceAddress":"0.0.0.0","SourceModuleName":"eventlog","Protocol":"6"}
{"@timestamp":"2020-10-12T22:34:38.890Z","port":61041,"Severity":"INFO","Task":12810,"Channel":"security","tags":["mordorDataset"],"LayerName":"%%14611","SourceModuleType":"im_msvistalog","OpcodeValue":0,"Application":"\\device\\harddiskvolume2\\windowsazure\\guestagent_2.7.41491.993_2020-10-12_203731\\guestagent\\windowsazureguestagent.exe","EventType":"AUDIT_SUCCESS","ExecutionProcessID":4,"Opcode":"Info","RecordNumber":100650,"ThreadID":108,"FilterRTID":"70706","SourceName":"Microsoft-Windows-Security-Auditing","DestPort":"80","LayerRTID":"48","Keywords":-9214364837600034816,"EventID":5156,"Category":"Filtering Platform Connection","ProcessId":"3400","Version":1,"@version":"1","Direction":"%%14593","DestAddress":"168.63.129.16","RemoteUserID":"S-1-0-0","host":"wec.internal.cloudapp.net","Hostname":"WORKSTATION5.theshire.local","SourcePort":"50122","RemoteMachineID":"S-1-0-0","EventReceivedTime":"2020-10-12 18:34:38","SeverityValue":2,"EventTime":"2020-10-12 18:34:37","ProviderGuid":"{54849625-5478-4994-A5BA-3E3B0328C30D}","Message":"The Windows Filtering Platform has permitted a connection.\r\n\r\nApplication Information:\r\n\tProcess ID:\t\t3400\r\n\tApplication Name:\t\\device\\harddiskvolume2\\windowsazure\\guestagent_2.7.41491.993_2020-10-12_203731\\guestagent\\windowsazureguestagent.exe\r\n\r\nNetwork Information:\r\n\tDirection:\t\tOutbound\r\n\tSource Address:\t\t172.18.39.5\r\n\tSource Port:\t\t50122\r\n\tDestination Address:\t168.63.129.16\r\n\tDestination Port:\t\t80\r\n\tProtocol:\t\t6\r\n\r\nFilter Information:\r\n\tFilter Run-Time ID:\t70706\r\n\tLayer Name:\t\tConnect\r\n\tLayer Run-Time ID:\t48","SourceAddress":"172.18.39.5","SourceModuleName":"eventlog","Protocol":"6"}
{"@timestamp":"2020-10-12T22:34:38.891Z","port":61041,"Severity":"INFO","Task":13312,"Channel":"security","tags":["mordorDataset"],"SourceModuleType":"im_msvistalog","OpcodeValue":0,"EventType":"AUDIT_SUCCESS","ExecutionProcessID":4,"Opcode":"Info","RecordNumber":100651,"ThreadID":108,"SubjectDomainName":"THESHIRE","SubjectLogonId":"0x163d26","SourceName":"Microsoft-Windows-Security-Auditing","NewProcessId":"0xc4c","TargetLogonId":"0x0","Keywords":-9214364837600034816,"TargetUserSid":"S-1-0-0","EventID":4688,"Category":"Process Creation","NewProcessName":"C:\\Windows\\System32\\cmd.exe","Version":2,"CommandLine":"\"cmd.exe\" /c C:\\Windows\\System32\\wuauclt.exe /UpdateDeploymentProvider C:\\ProgramData\\SimpleInjection.dll /RunHandlerComServer","ParentProcessName":"C:\\Users\\pgustavo\\Desktop\\GruntHTTP.exe","@version":"1","ProcessId":"0xd1c","host":"wec.internal.cloudapp.net","Hostname":"WORKSTATION5.theshire.local","EventReceivedTime":"2020-10-12 18:34:38","SeverityValue":2,"EventTime":"2020-10-12 18:34:38","ProviderGuid":"{54849625-5478-4994-A5BA-3E3B0328C30D}","Message":"A new process has been created.\r\n\r\nCreator Subject:\r\n\tSecurity ID:\t\tS-1-5-21-4107722679-1012484280-3777968168-1104\r\n\tAccount Name:\t\tpgustavo\r\n\tAccount Domain:\t\tTHESHIRE\r\n\tLogon ID:\t\t0x163D26\r\n\r\nTarget Subject:\r\n\tSecurity ID:\t\tS-1-0-0\r\n\tAccount Name:\t\t-\r\n\tAccount Domain:\t\t-\r\n\tLogon ID:\t\t0x0\r\n\r\nProcess Information:\r\n\tNew Process ID:\t\t0xc4c\r\n\tNew Process Name:\tC:\\Windows\\System32\\cmd.exe\r\n\tToken Elevation Type:\t%%1937\r\n\tMandatory Label:\t\tS-1-16-12288\r\n\tCreator Process ID:\t0xd1c\r\n\tCreator Process Name:\tC:\\Users\\pgustavo\\Desktop\\GruntHTTP.exe\r\n\tProcess Command Line:\t\"cmd.exe\" /c C:\\Windows\\System32\\wuauclt.exe /UpdateDeploymentProvider C:\\ProgramData\\SimpleInjection.dll /RunHandlerComServer\r\n\r\nToken Elevation Type indicates the type of token that was assigned to the new process in accordance with User Account Control policy.\r\n\r\nType 1 is a full token with no privileges removed or groups disabled.  A full token is only used if User Account Control is disabled or if the user is the built-in Administrator account or a service account.\r\n\r\nType 2 is an elevated token with no privileges removed or groups disabled.  An elevated token is used when User Account Control is enabled and the user chooses to start the program using Run as administrator.  An elevated token is also used when an application is configured to always require administrative privilege or to always require maximum privilege, and the user is a member of the Administrators group.\r\n\r\nType 3 is a limited token with administrative privileges removed and administrative groups disabled.  The limited token is used when User Account Control is enabled, the application does not require administrative privilege, and the user does not choose to start the program using Run as administrator.","SubjectUserName":"pgustavo","TokenElevationType":"%%1937","MandatoryLabel":"S-1-16-12288","SourceModuleName":"eventlog","SubjectUserSid":"S-1-5-21-4107722679-1012484280-3777968168-1104","TargetDomainName":"-","TargetUserName":"-"}
{"@timestamp":"2020-10-12T22:34:38.891Z","port":61041,"Severity":"INFO","Task":13056,"Channel":"security","tags":["mordorDataset"],"SourceModuleType":"im_msvistalog","OpcodeValue":0,"EventType":"AUDIT_SUCCESS","ExecutionProcessID":4,"Opcode":"Info","RecordNumber":100652,"ThreadID":108,"SubjectDomainName":"THESHIRE","SubjectLogonId":"0x163d26","SourceName":"Microsoft-Windows-Security-Auditing","Keywords":-9214364837600034816,"EventID":4673,"Category":"Sensitive Privilege Use","ProcessId":"0xd1c","Version":0,"@version":"1","host":"wec.internal.cloudapp.net","Hostname":"WORKSTATION5.theshire.local","ProcessName":"C:\\Users\\pgustavo\\Desktop\\GruntHTTP.exe","ObjectServer":"Security","EventReceivedTime":"2020-10-12 18:34:38","SeverityValue":2,"EventTime":"2020-10-12 18:34:38","ProviderGuid":"{54849625-5478-4994-A5BA-3E3B0328C30D}","Message":"A privileged service was called.\r\n\r\nSubject:\r\n\tSecurity ID:\t\tS-1-5-21-4107722679-1012484280-3777968168-1104\r\n\tAccount Name:\t\tpgustavo\r\n\tAccount Domain:\t\tTHESHIRE\r\n\tLogon ID:\t\t0x163D26\r\n\r\nService:\r\n\tServer:\tSecurity\r\n\tService Name:\t-\r\n\r\nProcess:\r\n\tProcess ID:\t0xd1c\r\n\tProcess Name:\tC:\\Users\\pgustavo\\Desktop\\GruntHTTP.exe\r\n\r\nService Request Information:\r\n\tPrivileges:\t\tSeCreateGlobalPrivilege","SubjectUserName":"pgustavo","Service":"-","PrivilegeList":"SeCreateGlobalPrivilege","SourceModuleName":"eventlog","SubjectUserSid":"S-1-5-21-4107722679-1012484280-3777968168-1104"}
{"@timestamp":"2020-10-12T22:34:38.891Z","port":61041,"Severity":"INFO","Task":13312,"Channel":"security","tags":["mordorDataset"],"SourceModuleType":"im_msvistalog","OpcodeValue":0,"EventType":"AUDIT_SUCCESS","ExecutionProcessID":4,"Opcode":"Info","RecordNumber":100653,"ThreadID":3136,"SubjectDomainName":"THESHIRE","SubjectLogonId":"0x163d26","SourceName":"Microsoft-Windows-Security-Auditing","NewProcessId":"0x10c0","TargetLogonId":"0x0","Keywords":-9214364837600034816,"TargetUserSid":"S-1-0-0","EventID":4688,"Category":"Process Creation","NewProcessName":"C:\\Windows\\System32\\conhost.exe","Version":2,"CommandLine":"\\??\\C:\\windows\\system32\\conhost.exe 0xffffffff -ForceV1","ParentProcessName":"C:\\Windows\\System32\\cmd.exe","@version":"1","ProcessId":"0xc4c","host":"wec.internal.cloudapp.net","Hostname":"WORKSTATION5.theshire.local","EventReceivedTime":"2020-10-12 18:34:38","SeverityValue":2,"EventTime":"2020-10-12 18:34:38","ProviderGuid":"{54849625-5478-4994-A5BA-3E3B0328C30D}","Message":"A new process has been created.\r\n\r\nCreator Subject:\r\n\tSecurity ID:\t\tS-1-5-21-4107722679-1012484280-3777968168-1104\r\n\tAccount Name:\t\tpgustavo\r\n\tAccount Domain:\t\tTHESHIRE\r\n\tLogon ID:\t\t0x163D26\r\n\r\nTarget Subject:\r\n\tSecurity ID:\t\tS-1-0-0\r\n\tAccount Name:\t\t-\r\n\tAccount Domain:\t\t-\r\n\tLogon ID:\t\t0x0\r\n\r\nProcess Information:\r\n\tNew Process ID:\t\t0x10c0\r\n\tNew Process Name:\tC:\\Windows\\System32\\conhost.exe\r\n\tToken Elevation Type:\t%%1937\r\n\tMandatory Label:\t\tS-1-16-12288\r\n\tCreator Process ID:\t0xc4c\r\n\tCreator Process Name:\tC:\\Windows\\System32\\cmd.exe\r\n\tProcess Command Line:\t\\??\\C:\\windows\\system32\\conhost.exe 0xffffffff -ForceV1\r\n\r\nToken Elevation Type indicates the type of token that was assigned to the new process in accordance with User Account Control policy.\r\n\r\nType 1 is a full token with no privileges removed or groups disabled.  A full token is only used if User Account Control is disabled or if the user is the built-in Administrator account or a service account.\r\n\r\nType 2 is an elevated token with no privileges removed or groups disabled.  An elevated token is used when User Account Control is enabled and the user chooses to start the program using Run as administrator.  An elevated token is also used when an application is configured to always require administrative privilege or to always require maximum privilege, and the user is a member of the Administrators group.\r\n\r\nType 3 is a limited token with administrative privileges removed and administrative groups disabled.  The limited token is used when User Account Control is enabled, the application does not require administrative privilege, and the user does not choose to start the program using Run as administrator.","SubjectUserName":"pgustavo","TokenElevationType":"%%1937","MandatoryLabel":"S-1-16-12288","SourceModuleName":"eventlog","SubjectUserSid":"S-1-5-21-4107722679-1012484280-3777968168-1104","TargetDomainName":"-","TargetUserName":"-"}
{"EventTypeOrignal":"INFO","RuleName":"-","@timestamp":"2020-10-12T22:34:38.892Z","port":61041,"Severity":"INFO","Task":17,"Channel":"Microsoft-Windows-Sysmon/Operational","UtcTime":"2020-10-12 22:34:38.091","UserID":"S-1-5-18","PipeName":"&lt;Anonymous Pipe&gt;","OpcodeValue":0,"SourceModuleType":"im_msvistalog","EventType":"CreatePipe","ExecutionProcessID":3312,"Opcode":"Info","RecordNumber":338499,"ThreadID":3444,"tags":["mordorDataset"],"SourceName":"Microsoft-Windows-Sysmon","Keywords":-9223372036854775808,"Image":"C:\\Users\\pgustavo\\Desktop\\GruntHTTP.exe","EventID":17,"Domain":"NT AUTHORITY","Category":"Pipe Created (rule: PipeEvent)","Version":1,"ProcessId":"3356","@version":"1","AccountName":"SYSTEM","ProcessGuid":"{71b87c12-d7e5-5f84-0d01-000000000500}","host":"wec.internal.cloudapp.net","Hostname":"WORKSTATION5.theshire.local","EventReceivedTime":"2020-10-12 18:34:38","SeverityValue":2,"EventTime":"2020-10-12 18:34:38","ProviderGuid":"{5770385F-C22A-43E0-BF4C-06F5698FFBD9}","Message":"Pipe Created:\r\nRuleName: -\r\nEventType: CreatePipe\r\nUtcTime: 2020-10-12 22:34:38.091\r\nProcessGuid: {71b87c12-d7e5-5f84-0d01-000000000500}\r\nProcessId: 3356\r\nPipeName: <Anonymous Pipe>\r\nImage: C:\\Users\\pgustavo\\Desktop\\GruntHTTP.exe","SourceModuleName":"eventlog","AccountType":"User"}
{"SourceProcessId":"0x10c0","@timestamp":"2020-10-12T22:34:38.892Z","port":61041,"Severity":"INFO","Task":12807,"Channel":"security","tags":["mordorDataset"],"SourceModuleType":"im_msvistalog","OpcodeValue":0,"TargetProcessId":"0x4","EventType":"AUDIT_SUCCESS","ExecutionProcessID":4,"Opcode":"Info","RecordNumber":100654,"ThreadID":3136,"SubjectDomainName":"THESHIRE","SubjectLogonId":"0x163d26","SourceName":"Microsoft-Windows-Security-Auditing","TargetHandleId":"0x255c","Keywords":-9214364837600034816,"EventID":4690,"Category":"Handle Manipulation","SourceHandleId":"0x80","Version":0,"ProcessId":"0x10c0","@version":"1","host":"wec.internal.cloudapp.net","Hostname":"WORKSTATION5.theshire.local","EventReceivedTime":"2020-10-12 18:34:38","SeverityValue":2,"EventTime":"2020-10-12 18:34:38","ProviderGuid":"{54849625-5478-4994-A5BA-3E3B0328C30D}","Message":"An attempt was made to duplicate a handle to an object.\r\n\r\nSubject:\r\n\tSecurity ID:\t\tS-1-5-21-4107722679-1012484280-3777968168-1104\r\n\tAccount Name:\t\tpgustavo\r\n\tAccount Domain:\t\tTHESHIRE\r\n\tLogon ID:\t\t0x163D26\r\n\r\nSource Handle Information:\r\n\tSource Handle ID:\t0x80\r\n\tSource Process ID:\t0x10c0\r\n\r\nNew Handle Information:\r\n\tTarget Handle ID:\t0x255c\r\n\tTarget Process ID:\t0x4","SubjectUserName":"pgustavo","SourceModuleName":"eventlog","SubjectUserSid":"S-1-5-21-4107722679-1012484280-3777968168-1104"}
{"@timestamp":"2020-10-12T22:34:38.893Z","port":61041,"Severity":"INFO","Task":12801,"Channel":"security","tags":["mordorDataset"],"SourceModuleType":"im_msvistalog","OpcodeValue":0,"EventType":"AUDIT_SUCCESS","ExecutionProcessID":4,"Opcode":"Info","RecordNumber":100655,"ThreadID":3136,"SubjectDomainName":"THESHIRE","SubjectLogonId":"0x163d26","SourceName":"Microsoft-Windows-Security-Auditing","Keywords":-9214364837600034816,"HandleId":"0x255c","EventID":4658,"Category":"Registry","ProcessId":"0x10c0","Version":0,"@version":"1","host":"wec.internal.cloudapp.net","Hostname":"WORKSTATION5.theshire.local","ProcessName":"C:\\Windows\\System32\\conhost.exe","ObjectServer":"Security","EventReceivedTime":"2020-10-12 18:34:38","SeverityValue":2,"EventTime":"2020-10-12 18:34:38","ProviderGuid":"{54849625-5478-4994-A5BA-3E3B0328C30D}","Message":"The handle to an object was closed.\r\n\r\nSubject :\r\n\tSecurity ID:\t\tS-1-5-21-4107722679-1012484280-3777968168-1104\r\n\tAccount Name:\t\tpgustavo\r\n\tAccount Domain:\t\tTHESHIRE\r\n\tLogon ID:\t\t0x163D26\r\n\r\nObject:\r\n\tObject Server:\t\tSecurity\r\n\tHandle ID:\t\t0x255c\r\n\r\nProcess Information:\r\n\tProcess ID:\t\t0x10c0\r\n\tProcess Name:\t\tC:\\Windows\\System32\\conhost.exe","SubjectUserName":"pgustavo","SourceModuleName":"eventlog","SubjectUserSid":"S-1-5-21-4107722679-1012484280-3777968168-1104"}
{"EventTypeOrignal":"INFO","RuleName":"-","@timestamp":"2020-10-12T22:34:38.893Z","port":61041,"Severity":"INFO","Task":18,"Channel":"Microsoft-Windows-Sysmon/Operational","UtcTime":"2020-10-12 22:34:38.091","UserID":"S-1-5-18","PipeName":"&lt;Anonymous Pipe&gt;","OpcodeValue":0,"SourceModuleType":"im_msvistalog","EventType":"ConnectPipe","ExecutionProcessID":3312,"Opcode":"Info","RecordNumber":338500,"ThreadID":3444,"tags":["mordorDataset"],"SourceName":"Microsoft-Windows-Sysmon","Keywords":-9223372036854775808,"Image":"C:\\Users\\pgustavo\\Desktop\\GruntHTTP.exe","EventID":18,"Domain":"NT AUTHORITY","Category":"Pipe Connected (rule: PipeEvent)","Version":1,"ProcessId":"3356","@version":"1","AccountName":"SYSTEM","ProcessGuid":"{71b87c12-d7e5-5f84-0d01-000000000500}","host":"wec.internal.cloudapp.net","Hostname":"WORKSTATION5.theshire.local","EventReceivedTime":"2020-10-12 18:34:38","SeverityValue":2,"EventTime":"2020-10-12 18:34:38","ProviderGuid":"{5770385F-C22A-43E0-BF4C-06F5698FFBD9}","Message":"Pipe Connected:\r\nRuleName: -\r\nEventType: ConnectPipe\r\nUtcTime: 2020-10-12 22:34:38.091\r\nProcessGuid: {71b87c12-d7e5-5f84-0d01-000000000500}\r\nProcessId: 3356\r\nPipeName: <Anonymous Pipe>\r\nImage: C:\\Users\\pgustavo\\Desktop\\GruntHTTP.exe","SourceModuleName":"eventlog","AccountType":"User"}
{"EventTypeOrignal":"INFO","RuleName":"-","@timestamp":"2020-10-12T22:34:38.894Z","port":61041,"Severity":"INFO","Task":17,"Channel":"Microsoft-Windows-Sysmon/Operational","UtcTime":"2020-10-12 22:34:38.091","UserID":"S-1-5-18","PipeName":"&lt;Anonymous Pipe&gt;","OpcodeValue":0,"SourceModuleType":"im_msvistalog","EventType":"CreatePipe","ExecutionProcessID":3312,"Opcode":"Info","RecordNumber":338501,"ThreadID":3444,"tags":["mordorDataset"],"SourceName":"Microsoft-Windows-Sysmon","Keywords":-9223372036854775808,"Image":"C:\\Users\\pgustavo\\Desktop\\GruntHTTP.exe","EventID":17,"Domain":"NT AUTHORITY","Category":"Pipe Created (rule: PipeEvent)","Version":1,"ProcessId":"3356","@version":"1","AccountName":"SYSTEM","ProcessGuid":"{71b87c12-d7e5-5f84-0d01-000000000500}","host":"wec.internal.cloudapp.net","Hostname":"WORKSTATION5.theshire.local","EventReceivedTime":"2020-10-12 18:34:38","SeverityValue":2,"EventTime":"2020-10-12 18:34:38","ProviderGuid":"{5770385F-C22A-43E0-BF4C-06F5698FFBD9}","Message":"Pipe Created:\r\nRuleName: -\r\nEventType: CreatePipe\r\nUtcTime: 2020-10-12 22:34:38.091\r\nProcessGuid: {71b87c12-d7e5-5f84-0d01-000000000500}\r\nProcessId: 3356\r\nPipeName: <Anonymous Pipe>\r\nImage: C:\\Users\\pgustavo\\Desktop\\GruntHTTP.exe","SourceModuleName":"eventlog","AccountType":"User"}
{"EventTypeOrignal":"INFO","RuleName":"-","@timestamp":"2020-10-12T22:34:38.894Z","port":61041,"Severity":"INFO","Task":18,"Channel":"Microsoft-Windows-Sysmon/Operational","UtcTime":"2020-10-12 22:34:38.091","UserID":"S-1-5-18","PipeName":"&lt;Anonymous Pipe&gt;","OpcodeValue":0,"SourceModuleType":"im_msvistalog","EventType":"ConnectPipe","ExecutionProcessID":3312,"Opcode":"Info","RecordNumber":338502,"ThreadID":3444,"tags":["mordorDataset"],"SourceName":"Microsoft-Windows-Sysmon","Keywords":-9223372036854775808,"Image":"C:\\Users\\pgustavo\\Desktop\\GruntHTTP.exe","EventID":18,"Domain":"NT AUTHORITY","Category":"Pipe Connected (rule: PipeEvent)","Version":1,"ProcessId":"3356","@version":"1","AccountName":"SYSTEM","ProcessGuid":"{71b87c12-d7e5-5f84-0d01-000000000500}","host":"wec.internal.cloudapp.net","Hostname":"WORKSTATION5.theshire.local","EventReceivedTime":"2020-10-12 18:34:38","SeverityValue":2,"EventTime":"2020-10-12 18:34:38","ProviderGuid":"{5770385F-C22A-43E0-BF4C-06F5698FFBD9}","Message":"Pipe Connected:\r\nRuleName: -\r\nEventType: ConnectPipe\r\nUtcTime: 2020-10-12 22:34:38.091\r\nProcessGuid: {71b87c12-d7e5-5f84-0d01-000000000500}\r\nProcessId: 3356\r\nPipeName: <Anonymous Pipe>\r\nImage: C:\\Users\\pgustavo\\Desktop\\GruntHTTP.exe","SourceModuleName":"eventlog","AccountType":"User"}
{"@timestamp":"2020-10-12T22:34:38.895Z","AccessReason":"-","Channel":"security","SubjectDomainName":"THESHIRE","RecordNumber":100656,"ThreadID":3136,"SubjectLogonId":"0x163d26","TransactionId":"{00000000-0000-0000-0000-000000000000}","ObjectName":"\\REGISTRY\\MACHINE\\SYSTEM\\ControlSet001\\Control\\Lsa","ProcessId":"0x10c0","Version":1,"Hostname":"WORKSTATION5.theshire.local","EventReceivedTime":"2020-10-12 18:34:38","ProviderGuid":"{54849625-5478-4994-A5BA-3E3B0328C30D}","SubjectUserName":"pgustavo","RestrictedSidCount":"0","port":61041,"Severity":"INFO","ResourceAttributes":"-","Task":12801,"tags":["mordorDataset"],"SourceModuleType":"im_msvistalog","OpcodeValue":0,"EventType":"AUDIT_SUCCESS","ExecutionProcessID":4,"Opcode":"Info","ObjectType":"Key","SourceName":"Microsoft-Windows-Security-Auditing","Keywords":-9214364837600034816,"AccessList":"%%4432\r\n\t\t\t\t","HandleId":"0x80","EventID":4656,"Category":"Registry","@version":"1","host":"wec.internal.cloudapp.net","AccessMask":"0x1","ObjectServer":"Security","ProcessName":"C:\\Windows\\System32\\conhost.exe","SeverityValue":2,"EventTime":"2020-10-12 18:34:38","Message":"A handle to an object was requested.\r\n\r\nSubject:\r\n\tSecurity ID:\t\tS-1-5-21-4107722679-1012484280-3777968168-1104\r\n\tAccount Name:\t\tpgustavo\r\n\tAccount Domain:\t\tTHESHIRE\r\n\tLogon ID:\t\t0x163D26\r\n\r\nObject:\r\n\tObject Server:\t\tSecurity\r\n\tObject Type:\t\tKey\r\n\tObject Name:\t\t\\REGISTRY\\MACHINE\\SYSTEM\\ControlSet001\\Control\\Lsa\r\n\tHandle ID:\t\t0x80\r\n\tResource Attributes:\t-\r\n\r\nProcess Information:\r\n\tProcess ID:\t\t0x10c0\r\n\tProcess Name:\t\tC:\\Windows\\System32\\conhost.exe\r\n\r\nAccess Request Information:\r\n\tTransaction ID:\t\t{00000000-0000-0000-0000-000000000000}\r\n\tAccesses:\t\tQuery key value\r\n\t\t\t\t\r\n\tAccess Reasons:\t\t-\r\n\tAccess Mask:\t\t0x1\r\n\tPrivileges Used for Access Check:\t-\r\n\tRestricted SID Count:\t0","PrivilegeList":"-","SourceModuleName":"eventlog","SubjectUserSid":"S-1-5-21-4107722679-1012484280-3777968168-1104"}
{"SourceProcessId":"3576","RuleName":"-","@timestamp":"2020-10-12T22:34:38.895Z","Channel":"Microsoft-Windows-Sysmon/Operational","UserID":"S-1-5-18","TargetProcessId":"3148","CallTrace":"C:\\windows\\SYSTEM32\\ntdll.dll+9c534|C:\\windows\\System32\\KERNELBASE.dll+305fe|c:\\windows\\system32\\pcasvc.dll+13827|c:\\windows\\system32\\pcasvc.dll+f736|c:\\windows\\system32\\pcasvc.dll+16844|C:\\windows\\System32\\KERNEL32.DLL+17bd4|C:\\windows\\SYSTEM32\\ntdll.dll+6ce51","RecordNumber":338503,"ThreadID":3444,"SourceProcessGUID":"{71b87c12-d7e5-5f84-0e01-000000000500}","TargetImage":"C:\\windows\\SYSTEM32\\cmd.exe","ProcessId":"3576","Version":3,"Hostname":"WORKSTATION5.theshire.local","EventReceivedTime":"2020-10-12 18:34:38","ProviderGuid":"{5770385F-C22A-43E0-BF4C-06F5698FFBD9}","UtcTime":"2020-10-12 22:34:38.091","port":61041,"Severity":"INFO","tags":["mordorDataset"],"Task":10,"SourceThreadId":"3976","SourceModuleType":"im_msvistalog","OpcodeValue":0,"EventType":"INFO","ExecutionProcessID":3312,"Opcode":"Info","SourceName":"Microsoft-Windows-Sysmon","Keywords":-9223372036854775808,"EventID":10,"Domain":"NT AUTHORITY","Category":"Process accessed (rule: ProcessAccess)","@version":"1","AccountName":"SYSTEM","host":"wec.internal.cloudapp.net","SourceImage":"C:\\windows\\system32\\svchost.exe","SeverityValue":2,"EventTime":"2020-10-12 18:34:38","Message":"Process accessed:\r\nRuleName: -\r\nUtcTime: 2020-10-12 22:34:38.091\r\nSourceProcessGUID: {71b87c12-d7e5-5f84-0e01-000000000500}\r\nSourceProcessId: 3576\r\nSourceThreadId: 3976\r\nSourceImage: C:\\windows\\system32\\svchost.exe\r\nTargetProcessGUID: {71b87c12-d9fe-5f84-1701-000000000500}\r\nTargetProcessId: 3148\r\nTargetImage: C:\\windows\\SYSTEM32\\cmd.exe\r\nGrantedAccess: 0x1FFFFF\r\nCallTrace: C:\\windows\\SYSTEM32\\ntdll.dll+9c534|C:\\windows\\System32\\KERNELBASE.dll+305fe|c:\\windows\\system32\\pcasvc.dll+13827|c:\\windows\\system32\\pcasvc.dll+f736|c:\\windows\\system32\\pcasvc.dll+16844|C:\\windows\\System32\\KERNEL32.DLL+17bd4|C:\\windows\\SYSTEM32\\ntdll.dll+6ce51","SourceModuleName":"eventlog","GrantedAccess":"0x1fffff","AccountType":"User","TargetProcessGUID":"{71b87c12-d9fe-5f84-1701-000000000500}"}
{"@timestamp":"2020-10-12T22:34:38.896Z","port":61041,"Severity":"INFO","Task":12801,"Channel":"security","ResourceAttributes":"-","SourceModuleType":"im_msvistalog","tags":["mordorDataset"],"OpcodeValue":0,"EventType":"AUDIT_SUCCESS","ExecutionProcessID":4,"Opcode":"Info","RecordNumber":100657,"ThreadID":3136,"SubjectDomainName":"THESHIRE","SubjectLogonId":"0x163d26","SourceName":"Microsoft-Windows-Security-Auditing","ObjectType":"Key","Keywords":-9214364837600034816,"AccessList":"%%4432\r\n\t\t\t\t","HandleId":"0x80","EventID":4663,"Category":"Registry","ObjectName":"\\REGISTRY\\MACHINE\\SYSTEM\\ControlSet001\\Control\\Lsa","Version":1,"ProcessId":"0x10c0","@version":"1","host":"wec.internal.cloudapp.net","Hostname":"WORKSTATION5.theshire.local","AccessMask":"0x1","ObjectServer":"Security","ProcessName":"C:\\Windows\\System32\\conhost.exe","EventReceivedTime":"2020-10-12 18:34:38","SeverityValue":2,"EventTime":"2020-10-12 18:34:38","ProviderGuid":"{54849625-5478-4994-A5BA-3E3B0328C30D}","Message":"An attempt was made to access an object.\r\n\r\nSubject:\r\n\tSecurity ID:\t\tS-1-5-21-4107722679-1012484280-3777968168-1104\r\n\tAccount Name:\t\tpgustavo\r\n\tAccount Domain:\t\tTHESHIRE\r\n\tLogon ID:\t\t0x163D26\r\n\r\nObject:\r\n\tObject Server:\t\tSecurity\r\n\tObject Type:\t\tKey\r\n\tObject Name:\t\t\\REGISTRY\\MACHINE\\SYSTEM\\ControlSet001\\Control\\Lsa\r\n\tHandle ID:\t\t0x80\r\n\tResource Attributes:\t-\r\n\r\nProcess Information:\r\n\tProcess ID:\t\t0x10c0\r\n\tProcess Name:\t\tC:\\Windows\\System32\\conhost.exe\r\n\r\nAccess Request Information:\r\n\tAccesses:\t\tQuery key value\r\n\t\t\t\t\r\n\tAccess Mask:\t\t0x1","SubjectUserName":"pgustavo","SourceModuleName":"eventlog","SubjectUserSid":"S-1-5-21-4107722679-1012484280-3777968168-1104"}
{"EventTypeOrignal":"INFO","RuleName":"-","@timestamp":"2020-10-12T22:34:38.896Z","port":61041,"Severity":"INFO","Task":13,"Channel":"Microsoft-Windows-Sysmon/Operational","UtcTime":"2020-10-12 22:34:38.091","UserID":"S-1-5-18","SourceModuleType":"im_msvistalog","OpcodeValue":0,"tags":["mordorDataset"],"TargetObject":"HKLM\\System\\CurrentControlSet\\Services\\bam\\State\\UserSettings\\S-1-5-21-4107722679-1012484280-3777968168-1104\\\\Device\\HarddiskVolume2\\Windows\\System32\\cmd.exe","ExecutionProcessID":3312,"Opcode":"Info","RecordNumber":338504,"ThreadID":3444,"EventType":"SetValue","SourceName":"Microsoft-Windows-Sysmon","Keywords":-9223372036854775808,"Image":"C:\\Users\\pgustavo\\Desktop\\GruntHTTP.exe","EventID":13,"Domain":"NT AUTHORITY","Category":"Registry value set (rule: RegistryEvent)","Version":2,"ProcessId":"3356","@version":"1","AccountName":"SYSTEM","Details":"Binary Data","ProcessGuid":"{71b87c12-d7e5-5f84-0d01-000000000500}","host":"wec.internal.cloudapp.net","Hostname":"WORKSTATION5.theshire.local","EventReceivedTime":"2020-10-12 18:34:38","SeverityValue":2,"EventTime":"2020-10-12 18:34:38","ProviderGuid":"{5770385F-C22A-43E0-BF4C-06F5698FFBD9}","Message":"Registry value set:\r\nRuleName: -\r\nEventType: SetValue\r\nUtcTime: 2020-10-12 22:34:38.091\r\nProcessGuid: {71b87c12-d7e5-5f84-0d01-000000000500}\r\nProcessId: 3356\r\nImage: C:\\Users\\pgustavo\\Desktop\\GruntHTTP.exe\r\nTargetObject: HKLM\\System\\CurrentControlSet\\Services\\bam\\State\\UserSettings\\S-1-5-21-4107722679-1012484280-3777968168-1104\\\\Device\\HarddiskVolume2\\Windows\\System32\\cmd.exe\r\nDetails: Binary Data","SourceModuleName":"eventlog","AccountType":"User"}
{"@timestamp":"2020-10-12T22:34:38.897Z","port":61041,"Severity":"INFO","Task":12801,"Channel":"security","tags":["mordorDataset"],"SourceModuleType":"im_msvistalog","OpcodeValue":0,"EventType":"AUDIT_SUCCESS","ExecutionProcessID":4,"Opcode":"Info","RecordNumber":100658,"ThreadID":3136,"SubjectDomainName":"THESHIRE","SubjectLogonId":"0x163d26","SourceName":"Microsoft-Windows-Security-Auditing","Keywords":-9214364837600034816,"HandleId":"0x80","EventID":4658,"Category":"Registry","ProcessId":"0x10c0","Version":0,"@version":"1","host":"wec.internal.cloudapp.net","Hostname":"WORKSTATION5.theshire.local","ProcessName":"C:\\Windows\\System32\\conhost.exe","ObjectServer":"Security","EventReceivedTime":"2020-10-12 18:34:38","SeverityValue":2,"EventTime":"2020-10-12 18:34:38","ProviderGuid":"{54849625-5478-4994-A5BA-3E3B0328C30D}","Message":"The handle to an object was closed.\r\n\r\nSubject :\r\n\tSecurity ID:\t\tS-1-5-21-4107722679-1012484280-3777968168-1104\r\n\tAccount Name:\t\tpgustavo\r\n\tAccount Domain:\t\tTHESHIRE\r\n\tLogon ID:\t\t0x163D26\r\n\r\nObject:\r\n\tObject Server:\t\tSecurity\r\n\tHandle ID:\t\t0x80\r\n\r\nProcess Information:\r\n\tProcess ID:\t\t0x10c0\r\n\tProcess Name:\t\tC:\\Windows\\System32\\conhost.exe","SubjectUserName":"pgustavo","SourceModuleName":"eventlog","SubjectUserSid":"S-1-5-21-4107722679-1012484280-3777968168-1104"}
