{"@timestamp":"2020-10-12T22:34:20.707Z","Channel":"Security","WorkstationName":"-","VirtualAccount":"%%1843","SubjectDomainName":"-","TargetLogonId":"0x590019","RecordNumber":202316,"ThreadID":2716,"SubjectLogonId":"0x0","IpAddress":"fe80::74bc:2942:9832:aa63","AuthenticationPackageName":"Kerberos","TargetOutboundDomainName":"-","TargetUserSid":"S-1-5-18","TargetOutboundUserName":"-","ProcessId":"0x0","Version":2,"Hostname":"MORDORDC.theshire.local","EventReceivedTime":"2020-10-12 18:34:20","ProviderGuid":"{54849625-5478-4994-A5BA-3E3B0328C30D}","TransmittedServices":"-","SubjectUserName":"-","LmPackageName":"-","port":61041,"Severity":"INFO","tags":["mordorDataset"],"Task":12544,"LogonType":"3","SourceModuleType":"im_msvistalog","OpcodeValue":0,"KeyLength":"0","EventType":"AUDIT_SUCCESS","ExecutionProcessID":708,"Opcode":"Info","IpPort":"61041","SourceName":"Microsoft-Windows-Security-Auditing","Keywords":-9214364837600034816,"ElevatedToken":"%%1842","LogonGuid":"{464209c6-ea9e-4031-e13a-1ee1c0b05172}","EventID":4624,"Category":"Logon","ImpersonationLevel":"%%1833","@version":"1","host":"wec.internal.cloudapp.net","RestrictedAdminMode":"-","ProcessName":"-","SeverityValue":2,"EventTime":"2020-10-12 18:34:19","Message":"An account was successfully logged on.\r\n\r\nSubject:\r\n\tSecurity ID:\t\tS-1-0-0\r\n\tAccount Name:\t\t-\r\n\tAccount Domain:\t\t-\r\n\tLogon ID:\t\t0x0\r\n\r\nLogon Information:\r\n\tLogon Type:\t\t3\r\n\tRestricted Admin Mode:\t-\r\n\tVirtual Account:\t\tNo\r\n\tElevated Token:\t\tYes\r\n\r\nImpersonation Level:\t\tImpersonation\r\n\r\nNew Logon:\r\n\tSecurity ID:\t\tS-1-5-18\r\n\tAccount Name:\t\tMORDORDC$\r\n\tAccount Domain:\t\tTHESHIRE.LOCAL\r\n\tLogon ID:\t\t0x590019\r\n\tLinked Logon ID:\t\t0x0\r\n\tNetwork Account Name:\t-\r\n\tNetwork Account Domain:\t-\r\n\tLogon GUID:\t\t{464209c6-ea9e-4031-e13a-1ee1c0b05172}\r\n\r\nProcess Information:\r\n\tProcess ID:\t\t0x0\r\n\tProcess Name:\t\t-\r\n\r\nNetwork Information:\r\n\tWorkstation Name:\t-\r\n\tSource Network Address:\tfe80::74bc:2942:9832:aa63\r\n\tSource Port:\t\t61041\r\n\r\nDetailed Authentication Information:\r\n\tLogon Process:\t\tKerberos\r\n\tAuthentication Package:\tKerberos\r\n\tTransited Services:\t-\r\n\tPackage Name (NTLM only):\t-\r\n\tKey Length:\t\t0\r\n\r\nThis event is generated when a logon session is created. It is generated on the computer that was accessed.\r\n\r\nThe subject fields indicate the account on the local system which requested the logon. This is most commonly a service such as the Server service, or a local process such as Winlogon.exe or Services.exe.\r\n\r\nThe logon type field indicates the kind of logon that occurred. The most common types are 2 (interactive) and 3 (network).\r\n\r\nThe New Logon fields indicate the account for whom the new logon was created, i.e. the account that was logged on.\r\n\r\nThe network fields indicate where a remote logon request originated. Workstation name is not always available and may be left blank in some cases.\r\n\r\nThe impersonation level field indicates the extent to which a process in the logon session can impersonate.\r\n\r\nThe authentication information fields provide detailed information about this specific logon request.\r\n\t- Logon GUID is a unique identifier that can be used to correlate this event with a KDC event.\r\n\t- Transited services indicate which intermediate services have participated in this logon request.\r\n\t- Package name indicates which sub-protocol was used among the NTLM protocols.\r\n\t- Key length indicates the length of the generated session key. This will be 0 if no session key was requested.","SourceModuleName":"eventlog","TargetLinkedLogonId":"0x0","SubjectUserSid":"S-1-0-0","TargetDomainName":"THESHIRE.LOCAL","TargetUserName":"MORDORDC$","LogonProcessName":"Kerberos"}
{"SourceProcessId":"68","RuleName":"-","@timestamp":"2020-10-12T22:34:20.707Z","Channel":"Microsoft-Windows-Sysmon/Operational","UserID":"S-1-5-18","TargetProcessId":"1868","CallTrace":"C:\\windows\\SYSTEM32\\ntdll.dll+9fc24|C:\\windows\\System32\\KERNELBASE.dll+6c2d5|c:\\windows\\system32\\lsm.dll+eca0|C:\\windows\\System32\\RPCRT4.dll+77883|C:\\windows\\System32\\RPCRT4.dll+db4a6|C:\\windows\\System32\\RPCRT4.dll+10d50|C:\\windows\\System32\\RPCRT4.dll+54a78|C:\\windows\\System32\\RPCRT4.dll+304f0|C:\\windows\\System32\\RPCRT4.dll+2fe9b|C:\\windows\\System32\\RPCRT4.dll+2222f|C:\\windows\\System32\\RPCRT4.dll+2168a|C:\\windows\\System32\\RPCRT4.dll+20c51|C:\\windows\\System32\\RPCRT4.dll+206c2|C:\\windows\\System32\\RPCRT4.dll+17495|C:\\windows\\SYSTEM32\\ntdll.dll+4f4d0|C:\\windows\\SYSTEM32\\ntdll.dll+50358|C:\\windows\\System32\\KERNEL32.DLL+17974|C:\\windows\\SYSTEM32\\ntdll.dll+6a271","RecordNumber":243389,"ThreadID":4300,"SourceProcessGUID":"{029f9482-bfa2-5f84-1000-000000000400}","TargetImage":"C:\\windows\\System32\\svchost.exe","ProcessId":"68","Version":3,"Hostname":"MORDORDC.theshire.local","EventReceivedTime":"2020-10-12 18:34:20","ProviderGuid":"{5770385F-C22A-43E0-BF4C-06F5698FFBD9}","UtcTime":"2020-10-12 22:34:19.360","port":61041,"Severity":"INFO","tags":["mordorDataset"],"Task":10,"SourceThreadId":"3304","SourceModuleType":"im_msvistalog","OpcodeValue":0,"EventType":"INFO","ExecutionProcessID":3984,"Opcode":"Info","SourceName":"Microsoft-Windows-Sysmon","Keywords":-9223372036854775808,"EventID":10,"Domain":"NT AUTHORITY","Category":"Process accessed (rule: ProcessAccess)","@version":"1","AccountName":"SYSTEM","host":"wec.internal.cloudapp.net","SourceImage":"C:\\windows\\system32\\svchost.exe","SeverityValue":2,"EventTime":"2020-10-12 18:34:19","Message":"Process accessed:\r\nRuleName: -\r\nUtcTime: 2020-10-12 22:34:19.360\r\nSourceProcessGUID: {029f9482-bfa2-5f84-1000-000000000400}\r\nSourceProcessId: 68\r\nSourceThreadId: 3304\r\nSourceImage: C:\\windows\\system32\\svchost.exe\r\nTargetProcessGUID: {029f9482-bfa4-5f84-2900-000000000400}\r\nTargetProcessId: 1868\r\nTargetImage: C:\\windows\\System32\\svchost.exe\r\nGrantedAccess: 0x1000\r\nCallTrace: C:\\windows\\SYSTEM32\\ntdll.dll+9fc24|C:\\windows\\System32\\KERNELBASE.dll+6c2d5|c:\\windows\\system32\\lsm.dll+eca0|C:\\windows\\System32\\RPCRT4.dll+77883|C:\\windows\\System32\\RPCRT4.dll+db4a6|C:\\windows\\System32\\RPCRT4.dll+10d50|C:\\windows\\System32\\RPCRT4.dll+54a78|C:\\windows\\System32\\RPCRT4.dll+304f0|C:\\windows\\System32\\RPCRT4.dll+2fe9b|C:\\windows\\System32\\RPCRT4.dll+2222f|C:\\windows\\System32\\RPCRT4.dll+2168a|C:\\windows\\System32\\RPCRT4.dll+20c51|C:\\windows\\System32\\RPCRT4.dll+206c2|C:\\windows\\System32\\RPCRT4.dll+17495|C:\\windows\\SYSTEM32\\ntdll.dll+4f4d0|C:\\windows\\SYSTEM32\\ntdll.dll+50358|C:\\windows\\System32\\KERNEL32.DLL+17974|C:\\windows\\SYSTEM32\\ntdll.dll+6a271","SourceModuleName":"eventlog","GrantedAccess":"0x1000","AccountType":"User","TargetProcessGUID":"{029f9482-bfa4-5f84-2900-000000000400}"}
{"SourceProcessId":"68","RuleName":"-","@timestamp":"2020-10-12T22:34:20.708Z","Channel":"Microsoft-Windows-Sysmon/Operational","UserID":"S-1-5-18","TargetProcessId":"1868","CallTrace":"C:\\windows\\SYSTEM32\\ntdll.dll+9fc24|C:\\windows\\System32\\KERNELBASE.dll+6c2d5|c:\\windows\\system32\\lsm.dll+eafe|C:\\windows\\System32\\RPCRT4.dll+77883|C:\\windows\\System32\\RPCRT4.dll+db4a6|C:\\windows\\System32\\RPCRT4.dll+10d50|C:\\windows\\System32\\RPCRT4.dll+54a78|C:\\windows\\System32\\RPCRT4.dll+304f0|C:\\windows\\System32\\RPCRT4.dll+2fe9b|C:\\windows\\System32\\RPCRT4.dll+2222f|C:\\windows\\System32\\RPCRT4.dll+2168a|C:\\windows\\System32\\RPCRT4.dll+20c51|C:\\windows\\System32\\RPCRT4.dll+206c2|C:\\windows\\System32\\RPCRT4.dll+17495|C:\\windows\\SYSTEM32\\ntdll.dll+4f4d0|C:\\windows\\SYSTEM32\\ntdll.dll+50358|C:\\windows\\System32\\KERNEL32.DLL+17974|C:\\windows\\SYSTEM32\\ntdll.dll+6a271","RecordNumber":243390,"ThreadID":4300,"SourceProcessGUID":"{029f9482-bfa2-5f84-1000-000000000400}","TargetImage":"C:\\windows\\System32\\svchost.exe","ProcessId":"68","Version":3,"Hostname":"MORDORDC.theshire.local","EventReceivedTime":"2020-10-12 18:34:20","ProviderGuid":"{5770385F-C22A-43E0-BF4C-06F5698FFBD9}","UtcTime":"2020-10-12 22:34:19.360","port":61041,"Severity":"INFO","tags":["mordorDataset"],"Task":10,"SourceThreadId":"3304","SourceModuleType":"im_msvistalog","OpcodeValue":0,"EventType":"INFO","ExecutionProcessID":3984,"Opcode":"Info","SourceName":"Microsoft-Windows-Sysmon","Keywords":-9223372036854775808,"EventID":10,"Domain":"NT AUTHORITY","Category":"Process accessed (rule: ProcessAccess)","@version":"1","AccountName":"SYSTEM","host":"wec.internal.cloudapp.net","SourceImage":"C:\\windows\\system32\\svchost.exe","SeverityValue":2,"EventTime":"2020-10-12 18:34:19","Message":"Process accessed:\r\nRuleName: -\r\nUtcTime: 2020-10-12 22:34:19.360\r\nSourceProcessGUID: {029f9482-bfa2-5f84-1000-000000000400}\r\nSourceProcessId: 68\r\nSourceThreadId: 3304\r\nSourceImage: C:\\windows\\system32\\svchost.exe\r\nTargetProcessGUID: {029f9482-bfa4-5f84-2900-000000000400}\r\nTargetProcessId: 1868\r\nTargetImage: C:\\windows\\System32\\svchost.exe\r\nGrantedAccess: 0x1000\r\nCallTrace: C:\\windows\\SYSTEM32\\ntdll.dll+9fc24|C:\\windows\\System32\\KERNELBASE.dll+6c2d5|c:\\windows\\system32\\lsm.dll+eafe|C:\\windows\\System32\\RPCRT4.dll+77883|C:\\windows\\System32\\RPCRT4.dll+db4a6|C:\\windows\\System32\\RPCRT4.dll+10d50|C:\\windows\\System32\\RPCRT4.dll+54a78|C:\\windows\\System32\\RPCRT4.dll+304f0|C:\\windows\\System32\\RPCRT4.dll+2fe9b|C:\\windows\\System32\\RPCRT4.dll+2222f|C:\\windows\\System32\\RPCRT4.dll+2168a|C:\\windows\\System32\\RPCRT4.dll+20c51|C:\\windows\\System32\\RPCRT4.dll+206c2|C:\\windows\\System32\\RPCRT4.dll+17495|C:\\windows\\SYSTEM32\\ntdll.dll+4f4d0|C:\\windows\\SYSTEM32\\ntdll.dll+50358|C:\\windows\\System32\\KERNEL32.DLL+17974|C:\\windows\\SYSTEM32\\ntdll.dll+6a271","SourceModuleName":"eventlog","GrantedAccess":"0x1000","AccountType":"User","TargetProcessGUID":"{029f9482-bfa4-5f84-2900-000000000400}"}
{"@timestamp":"2020-10-12T22:34:20.708Z","port":61041,"Severity":"INFO","Task":12554,"Channel":"Security","LogonType":"3","SourceModuleType":"im_msvistalog","tags":["mordorDataset"],"OpcodeValue":0,"EventType":"AUDIT_SUCCESS","ExecutionProcessID":708,"Opcode":"Info","RecordNumber":202317,"ThreadID":2716,"SubjectDomainName":"-","SubjectLogonId":"0x0","SourceName":"Microsoft-Windows-Security-Auditing","TargetLogonId":"0x590019","EventIdx":"1","GroupMembership":"\r\n\t\t%{S-1-5-32-544}\r\n\t\t%{S-1-1-0}\r\n\t\t%{S-1-5-32-554}\r\n\t\t%{S-1-5-32-545}\r\n\t\t%{S-1-5-32-555}\r\n\t\t%{S-1-5-32-560}\r\n\t\t%{S-1-5-2}\r\n\t\t%{S-1-5-11}\r\n\t\t%{S-1-5-15}\r\n\t\t%{S-1-5-21-4107722679-1012484280-3777968168-1000}\r\n\t\t%{S-1-5-21-4107722679-1012484280-3777968168-516}\r\n\t\t%{S-1-5-9}\r\n\t\t%{S-1-18-1}\r\n\t\t%{S-1-5-21-4107722679-1012484280-3777968168-572}\r\n\t\t%{S-1-16-16384}","Keywords":-9214364837600034816,"TargetUserSid":"S-1-5-18","EventID":4627,"Category":"Group Membership","Version":0,"@version":"1","host":"wec.internal.cloudapp.net","Hostname":"MORDORDC.theshire.local","EventReceivedTime":"2020-10-12 18:34:20","SeverityValue":2,"EventTime":"2020-10-12 18:34:19","ProviderGuid":"{54849625-5478-4994-A5BA-3E3B0328C30D}","Message":"Group membership information.\r\n\r\nSubject:\r\n\tSecurity ID:\t\tS-1-0-0\r\n\tAccount Name:\t\t-\r\n\tAccount Domain:\t\t-\r\n\tLogon ID:\t\t0x0\r\n\r\nLogon Type:\t\t\t3\r\n\r\nNew Logon:\r\n\tSecurity ID:\t\tS-1-5-18\r\n\tAccount Name:\t\tMORDORDC$\r\n\tAccount Domain:\t\tTHESHIRE.LOCAL\r\n\tLogon ID:\t\t0x590019\r\n\r\nEvent in sequence:\t\t1 of 1\r\n\r\nGroup Membership:\t\t\t\r\n\t\t%{S-1-5-32-544}\r\n\t\t%{S-1-1-0}\r\n\t\t%{S-1-5-32-554}\r\n\t\t%{S-1-5-32-545}\r\n\t\t%{S-1-5-32-555}\r\n\t\t%{S-1-5-32-560}\r\n\t\t%{S-1-5-2}\r\n\t\t%{S-1-5-11}\r\n\t\t%{S-1-5-15}\r\n\t\t%{S-1-5-21-4107722679-1012484280-3777968168-1000}\r\n\t\t%{S-1-5-21-4107722679-1012484280-3777968168-516}\r\n\t\t%{S-1-5-9}\r\n\t\t%{S-1-18-1}\r\n\t\t%{S-1-5-21-4107722679-1012484280-3777968168-572}\r\n\t\t%{S-1-16-16384}\r\n\r\nThe subject fields indicate the account on the local system which requested the logon. This is most commonly a service such as the Server service, or a local process such as Winlogon.exe or Services.exe.\r\n\r\nThe logon type field indicates the kind of logon that occurred. The most common types are 2 (interactive) and 3 (network).\r\n\r\nThe New Logon fields indicate the account for whom the new logon was created, i.e. the account that was logged on.\r\n\r\nThis event is generated when the Audit Group Membership subcategory is configured.  The Logon ID field can be used to correlate this event with the corresponding user logon event as well as to any other security audit events generated during this logon session.","SubjectUserName":"-","SourceModuleName":"eventlog","SubjectUserSid":"S-1-0-0","EventCountTotal":"1","TargetDomainName":"THESHIRE.LOCAL","TargetUserName":"MORDORDC$"}
{"EventTypeOrignal":"INFO","RuleName":"-","@timestamp":"2020-10-12T22:34:20.709Z","port":61041,"Severity":"INFO","Task":12,"Channel":"Microsoft-Windows-Sysmon/Operational","UtcTime":"2020-10-12 22:34:19.375","UserID":"S-1-5-18","SourceModuleType":"im_msvistalog","OpcodeValue":0,"tags":["mordorDataset"],"TargetObject":"HKLM\\System\\CurrentControlSet\\Services\\Tcpip\\Parameters","ExecutionProcessID":3984,"Opcode":"Info","RecordNumber":243391,"ThreadID":4300,"EventType":"CreateKey","SourceName":"Microsoft-Windows-Sysmon","Keywords":-9223372036854775808,"Image":"C:\\windows\\system32\\svchost.exe","EventID":12,"Domain":"NT AUTHORITY","Category":"Registry object added or deleted (rule: RegistryEvent)","Version":2,"ProcessId":"1752","@version":"1","AccountName":"SYSTEM","ProcessGuid":"{029f9482-bfa4-5f84-2500-000000000400}","host":"wec.internal.cloudapp.net","Hostname":"MORDORDC.theshire.local","EventReceivedTime":"2020-10-12 18:34:20","SeverityValue":2,"EventTime":"2020-10-12 18:34:19","ProviderGuid":"{5770385F-C22A-43E0-BF4C-06F5698FFBD9}","Message":"Registry object added or deleted:\r\nRuleName: -\r\nEventType: CreateKey\r\nUtcTime: 2020-10-12 22:34:19.375\r\nProcessGuid: {029f9482-bfa4-5f84-2500-000000000400}\r\nProcessId: 1752\r\nImage: C:\\windows\\system32\\svchost.exe\r\nTargetObject: HKLM\\System\\CurrentControlSet\\Services\\Tcpip\\Parameters","SourceModuleName":"eventlog","AccountType":"User"}
{"@timestamp":"2020-10-12T22:34:20.709Z","port":61041,"Severity":"INFO","Task":12548,"Channel":"Security","tags":["mordorDataset"],"SourceModuleType":"im_msvistalog","OpcodeValue":0,"EventType":"AUDIT_SUCCESS","ExecutionProcessID":708,"Opcode":"Info","RecordNumber":202318,"ThreadID":4748,"SubjectDomainName":"THESHIRE","SubjectLogonId":"0x59013d","SourceName":"Microsoft-Windows-Security-Auditing","Keywords":-9214364837600034816,"EventID":4672,"Category":"Special Logon","Version":0,"@version":"1","ActivityID":"{DAA969C9-A471-0000-A613-2120D8A0D601}","host":"wec.internal.cloudapp.net","Hostname":"MORDORDC.theshire.local","EventReceivedTime":"2020-10-12 18:34:20","SeverityValue":2,"EventTime":"2020-10-12 18:34:19","ProviderGuid":"{54849625-5478-4994-A5BA-3E3B0328C30D}","Message":"Special privileges assigned to new logon.\r\n\r\nSubject:\r\n\tSecurity ID:\t\tS-1-5-18\r\n\tAccount Name:\t\tMORDORDC$\r\n\tAccount Domain:\t\tTHESHIRE\r\n\tLogon ID:\t\t0x59013D\r\n\r\nPrivileges:\t\tSeSecurityPrivilege\r\n\t\t\tSeBackupPrivilege\r\n\t\t\tSeRestorePrivilege\r\n\t\t\tSeTakeOwnershipPrivilege\r\n\t\t\tSeDebugPrivilege\r\n\t\t\tSeSystemEnvironmentPrivilege\r\n\t\t\tSeLoadDriverPrivilege\r\n\t\t\tSeImpersonatePrivilege\r\n\t\t\tSeDelegateSessionUserImpersonatePrivilege\r\n\t\t\tSeEnableDelegationPrivilege","SubjectUserName":"MORDORDC$","PrivilegeList":"SeSecurityPrivilege\r\n\t\t\tSeBackupPrivilege\r\n\t\t\tSeRestorePrivilege\r\n\t\t\tSeTakeOwnershipPrivilege\r\n\t\t\tSeDebugPrivilege\r\n\t\t\tSeSystemEnvironmentPrivilege\r\n\t\t\tSeLoadDriverPrivilege\r\n\t\t\tSeImpersonatePrivilege\r\n\t\t\tSeDelegateSessionUserImpersonatePrivilege\r\n\t\t\tSeEnableDelegationPrivilege","SourceModuleName":"eventlog","SubjectUserSid":"S-1-5-18"}
{"EventTypeOrignal":"INFO","RuleName":"-","@timestamp":"2020-10-12T22:34:20.710Z","port":61041,"Severity":"INFO","Task":12,"Channel":"Microsoft-Windows-Sysmon/Operational","UtcTime":"2020-10-12 22:34:19.375","UserID":"S-1-5-18","SourceModuleType":"im_msvistalog","OpcodeValue":0,"tags":["mordorDataset"],"TargetObject":"HKLM\\System\\CurrentControlSet\\Services\\Tcpip\\Parameters","ExecutionProcessID":3984,"Opcode":"Info","RecordNumber":243392,"ThreadID":4300,"EventType":"CreateKey","SourceName":"Microsoft-Windows-Sysmon","Keywords":-9223372036854775808,"Image":"C:\\windows\\system32\\svchost.exe","EventID":12,"Domain":"NT AUTHORITY","Category":"Registry object added or deleted (rule: RegistryEvent)","Version":2,"ProcessId":"1752","@version":"1","AccountName":"SYSTEM","ProcessGuid":"{029f9482-bfa4-5f84-2500-000000000400}","host":"wec.internal.cloudapp.net","Hostname":"MORDORDC.theshire.local","EventReceivedTime":"2020-10-12 18:34:20","SeverityValue":2,"EventTime":"2020-10-12 18:34:19","ProviderGuid":"{5770385F-C22A-43E0-BF4C-06F5698FFBD9}","Message":"Registry object added or deleted:\r\nRuleName: -\r\nEventType: CreateKey\r\nUtcTime: 2020-10-12 22:34:19.375\r\nProcessGuid: {029f9482-bfa4-5f84-2500-000000000400}\r\nProcessId: 1752\r\nImage: C:\\windows\\system32\\svchost.exe\r\nTargetObject: HKLM\\System\\CurrentControlSet\\Services\\Tcpip\\Parameters","SourceModuleName":"eventlog","AccountType":"User"}
{"@timestamp":"2020-10-12T22:34:20.710Z","Channel":"Security","WorkstationName":"-","VirtualAccount":"%%1843","SubjectDomainName":"-","TargetLogonId":"0x59013d","RecordNumber":202319,"ThreadID":4748,"SubjectLogonId":"0x0","IpAddress":"::1","AuthenticationPackageName":"Kerberos","TargetOutboundDomainName":"-","TargetUserSid":"S-1-5-18","TargetOutboundUserName":"-","ProcessId":"0x0","Version":2,"Hostname":"MORDORDC.theshire.local","EventReceivedTime":"2020-10-12 18:34:20","ProviderGuid":"{54849625-5478-4994-A5BA-3E3B0328C30D}","TransmittedServices":"-","SubjectUserName":"-","LmPackageName":"-","port":61041,"Severity":"INFO","tags":["mordorDataset"],"Task":12544,"LogonType":"3","SourceModuleType":"im_msvistalog","OpcodeValue":0,"KeyLength":"0","EventType":"AUDIT_SUCCESS","ExecutionProcessID":708,"Opcode":"Info","IpPort":"0","SourceName":"Microsoft-Windows-Security-Auditing","Keywords":-9214364837600034816,"ElevatedToken":"%%1842","LogonGuid":"{712c6722-c35f-fd43-5708-d9b33a17cd35}","EventID":4624,"Category":"Logon","ImpersonationLevel":"%%1833","@version":"1","ActivityID":"{DAA969C9-A471-0000-A613-2120D8A0D601}","host":"wec.internal.cloudapp.net","RestrictedAdminMode":"-","ProcessName":"-","SeverityValue":2,"EventTime":"2020-10-12 18:34:19","Message":"An account was successfully logged on.\r\n\r\nSubject:\r\n\tSecurity ID:\t\tS-1-0-0\r\n\tAccount Name:\t\t-\r\n\tAccount Domain:\t\t-\r\n\tLogon ID:\t\t0x0\r\n\r\nLogon Information:\r\n\tLogon Type:\t\t3\r\n\tRestricted Admin Mode:\t-\r\n\tVirtual Account:\t\tNo\r\n\tElevated Token:\t\tYes\r\n\r\nImpersonation Level:\t\tImpersonation\r\n\r\nNew Logon:\r\n\tSecurity ID:\t\tS-1-5-18\r\n\tAccount Name:\t\tMORDORDC$\r\n\tAccount Domain:\t\tTHESHIRE.LOCAL\r\n\tLogon ID:\t\t0x59013D\r\n\tLinked Logon ID:\t\t0x0\r\n\tNetwork Account Name:\t-\r\n\tNetwork Account Domain:\t-\r\n\tLogon GUID:\t\t{712c6722-c35f-fd43-5708-d9b33a17cd35}\r\n\r\nProcess Information:\r\n\tProcess ID:\t\t0x0\r\n\tProcess Name:\t\t-\r\n\r\nNetwork Information:\r\n\tWorkstation Name:\t-\r\n\tSource Network Address:\t::1\r\n\tSource Port:\t\t0\r\n\r\nDetailed Authentication Information:\r\n\tLogon Process:\t\tKerberos\r\n\tAuthentication Package:\tKerberos\r\n\tTransited Services:\t-\r\n\tPackage Name (NTLM only):\t-\r\n\tKey Length:\t\t0\r\n\r\nThis event is generated when a logon session is created. It is generated on the computer that was accessed.\r\n\r\nThe subject fields indicate the account on the local system which requested the logon. This is most commonly a service such as the Server service, or a local process such as Winlogon.exe or Services.exe.\r\n\r\nThe logon type field indicates the kind of logon that occurred. The most common types are 2 (interactive) and 3 (network).\r\n\r\nThe New Logon fields indicate the account for whom the new logon was created, i.e. the account that was logged on.\r\n\r\nThe network fields indicate where a remote logon request originated. Workstation name is not always available and may be left blank in some cases.\r\n\r\nThe impersonation level field indicates the extent to which a process in the logon session can impersonate.\r\n\r\nThe authentication information fields provide detailed information about this specific logon request.\r\n\t- Logon GUID is a unique identifier that can be used to correlate this event with a KDC event.\r\n\t- Transited services indicate which intermediate services have participated in this logon request.\r\n\t- Package name indicates which sub-protocol was used among the NTLM protocols.\r\n\t- Key length indicates the length of the generated session key. This will be 0 if no session key was requested.","SourceModuleName":"eventlog","TargetLinkedLogonId":"0x0","SubjectUserSid":"S-1-0-0","TargetDomainName":"THESHIRE.LOCAL","TargetUserName":"MORDORDC$","LogonProcessName":"Kerberos"}
{"EventTypeOrignal":"INFO","RuleName":"-","@timestamp":"2020-10-12T22:34:20.711Z","port":61041,"Severity":"INFO","Task":18,"Channel":"Microsoft-Windows-Sysmon/Operational","UtcTime":"2020-10-12 22:34:19.375","UserID":"S-1-5-18","PipeName":"\\lsass","OpcodeValue":0,"SourceModuleType":"im_msvistalog","EventType":"ConnectPipe","ExecutionProcessID":3984,"Opcode":"Info","RecordNumber":243393,"ThreadID":4300,"tags":["mordorDataset"],"SourceName":"Microsoft-Windows-Sysmon","Keywords":-9223372036854775808,"Image":"C:\\windows\\system32\\svchost.exe","EventID":18,"Domain":"NT AUTHORITY","Category":"Pipe Connected (rule: PipeEvent)","Version":1,"ProcessId":"1752","@version":"1","AccountName":"SYSTEM","ProcessGuid":"{029f9482-bfa4-5f84-2500-000000000400}","host":"wec.internal.cloudapp.net","Hostname":"MORDORDC.theshire.local","EventReceivedTime":"2020-10-12 18:34:20","SeverityValue":2,"EventTime":"2020-10-12 18:34:19","ProviderGuid":"{5770385F-C22A-43E0-BF4C-06F5698FFBD9}","Message":"Pipe Connected:\r\nRuleName: -\r\nEventType: ConnectPipe\r\nUtcTime: 2020-10-12 22:34:19.375\r\nProcessGuid: {029f9482-bfa4-5f84-2500-000000000400}\r\nProcessId: 1752\r\nPipeName: \\lsass\r\nImage: C:\\windows\\system32\\svchost.exe","SourceModuleName":"eventlog","AccountType":"User"}
{"@timestamp":"2020-10-12T22:34:20.711Z","port":61041,"Severity":"INFO","Task":12554,"Channel":"Security","LogonType":"3","SourceModuleType":"im_msvistalog","tags":["mordorDataset"],"OpcodeValue":0,"EventType":"AUDIT_SUCCESS","ExecutionProcessID":708,"Opcode":"Info","RecordNumber":202320,"ThreadID":4748,"SubjectDomainName":"-","SubjectLogonId":"0x0","SourceName":"Microsoft-Windows-Security-Auditing","TargetLogonId":"0x59013d","EventIdx":"1","GroupMembership":"\r\n\t\t%{S-1-5-32-544}\r\n\t\t%{S-1-1-0}\r\n\t\t%{S-1-5-32-554}\r\n\t\t%{S-1-5-32-545}\r\n\t\t%{S-1-5-32-555}\r\n\t\t%{S-1-5-32-560}\r\n\t\t%{S-1-5-2}\r\n\t\t%{S-1-5-11}\r\n\t\t%{S-1-5-15}\r\n\t\t%{S-1-5-21-4107722679-1012484280-3777968168-1000}\r\n\t\t%{S-1-5-21-4107722679-1012484280-3777968168-516}\r\n\t\t%{S-1-5-9}\r\n\t\t%{S-1-18-1}\r\n\t\t%{S-1-5-21-4107722679-1012484280-3777968168-572}\r\n\t\t%{S-1-16-16384}","Keywords":-9214364837600034816,"TargetUserSid":"S-1-5-18","EventID":4627,"Category":"Group Membership","Version":0,"@version":"1","ActivityID":"{DAA969C9-A471-0000-A613-2120D8A0D601}","host":"wec.internal.cloudapp.net","Hostname":"MORDORDC.theshire.local","EventReceivedTime":"2020-10-12 18:34:20","SeverityValue":2,"EventTime":"2020-10-12 18:34:19","ProviderGuid":"{54849625-5478-4994-A5BA-3E3B0328C30D}","Message":"Group membership information.\r\n\r\nSubject:\r\n\tSecurity ID:\t\tS-1-0-0\r\n\tAccount Name:\t\t-\r\n\tAccount Domain:\t\t-\r\n\tLogon ID:\t\t0x0\r\n\r\nLogon Type:\t\t\t3\r\n\r\nNew Logon:\r\n\tSecurity ID:\t\tS-1-5-18\r\n\tAccount Name:\t\tMORDORDC$\r\n\tAccount Domain:\t\tTHESHIRE.LOCAL\r\n\tLogon ID:\t\t0x59013D\r\n\r\nEvent in sequence:\t\t1 of 1\r\n\r\nGroup Membership:\t\t\t\r\n\t\t%{S-1-5-32-544}\r\n\t\t%{S-1-1-0}\r\n\t\t%{S-1-5-32-554}\r\n\t\t%{S-1-5-32-545}\r\n\t\t%{S-1-5-32-555}\r\n\t\t%{S-1-5-32-560}\r\n\t\t%{S-1-5-2}\r\n\t\t%{S-1-5-11}\r\n\t\t%{S-1-5-15}\r\n\t\t%{S-1-5-21-4107722679-1012484280-3777968168-1000}\r\n\t\t%{S-1-5-21-4107722679-1012484280-3777968168-516}\r\n\t\t%{S-1-5-9}\r\n\t\t%{S-1-18-1}\r\n\t\t%{S-1-5-21-4107722679-1012484280-3777968168-572}\r\n\t\t%{S-1-16-16384}\r\n\r\nThe subject fields indicate the account on the local system which requested the logon. This is most commonly a service such as the Server service, or a local process such as Winlogon.exe or Services.exe.\r\n\r\nThe logon type field indicates the kind of logon that occurred. The most common types are 2 (interactive) and 3 (network).\r\n\r\nThe New Logon fields indicate the account for whom the new logon was created, i.e. the account that was logged on.\r\n\r\nThis event is generated when the Audit Group Membership subcategory is configured.  The Logon ID field can be used to correlate this event with the corresponding user logon event as well as to any other security audit events generated during this logon session.","SubjectUserName":"-","SourceModuleName":"eventlog","SubjectUserSid":"S-1-0-0","EventCountTotal":"1","TargetDomainName":"THESHIRE.LOCAL","TargetUserName":"MORDORDC$"}
{"EventTypeOrignal":"INFO","RuleName":"-","@timestamp":"2020-10-12T22:34:20.712Z","port":61041,"Severity":"INFO","Task":12,"Channel":"Microsoft-Windows-Sysmon/Operational","UtcTime":"2020-10-12 22:34:19.375","UserID":"S-1-5-18","SourceModuleType":"im_msvistalog","OpcodeValue":0,"tags":["mordorDataset"],"TargetObject":"HKLM\\System\\CurrentControlSet\\Services\\Tcpip\\Parameters","ExecutionProcessID":3984,"Opcode":"Info","RecordNumber":243394,"ThreadID":4300,"EventType":"CreateKey","SourceName":"Microsoft-Windows-Sysmon","Keywords":-9223372036854775808,"Image":"C:\\windows\\system32\\lsass.exe","EventID":12,"Domain":"NT AUTHORITY","Category":"Registry object added or deleted (rule: RegistryEvent)","Version":2,"ProcessId":"708","@version":"1","AccountName":"SYSTEM","ProcessGuid":"{029f9482-bf9e-5f84-0c00-000000000400}","host":"wec.internal.cloudapp.net","Hostname":"MORDORDC.theshire.local","EventReceivedTime":"2020-10-12 18:34:20","SeverityValue":2,"EventTime":"2020-10-12 18:34:19","ProviderGuid":"{5770385F-C22A-43E0-BF4C-06F5698FFBD9}","Message":"Registry object added or deleted:\r\nRuleName: -\r\nEventType: CreateKey\r\nUtcTime: 2020-10-12 22:34:19.375\r\nProcessGuid: {029f9482-bf9e-5f84-0c00-000000000400}\r\nProcessId: 708\r\nImage: C:\\windows\\system32\\lsass.exe\r\nTargetObject: HKLM\\System\\CurrentControlSet\\Services\\Tcpip\\Parameters","SourceModuleName":"eventlog","AccountType":"User"}
{"@timestamp":"2020-10-12T22:34:20.712Z","port":61041,"Severity":"INFO","Task":12810,"Channel":"Security","tags":["mordorDataset"],"LayerName":"%%14608","SourceModuleType":"im_msvistalog","OpcodeValue":0,"Application":"\\device\\harddiskvolume2\\windows\\system32\\svchost.exe","EventType":"AUDIT_SUCCESS","ExecutionProcessID":4,"Opcode":"Info","RecordNumber":202321,"ThreadID":1452,"FilterRTID":"0","SourceName":"Microsoft-Windows-Security-Auditing","LayerRTID":"36","Keywords":-9214364837600034816,"EventID":5158,"Category":"Filtering Platform Connection","ProcessId":"1752","Version":0,"@version":"1","host":"wec.internal.cloudapp.net","Hostname":"MORDORDC.theshire.local","SourcePort":"61042","EventReceivedTime":"2020-10-12 18:34:20","SeverityValue":2,"EventTime":"2020-10-12 18:34:19","ProviderGuid":"{54849625-5478-4994-A5BA-3E3B0328C30D}","Message":"The Windows Filtering Platform has permitted a bind to a local port.\r\n\r\nApplication Information:\r\n\tProcess ID:\t\t1752\r\n\tApplication Name:\t\\device\\harddiskvolume2\\windows\\system32\\svchost.exe\r\n\r\nNetwork Information:\r\n\tSource Address:\t\t0.0.0.0\r\n\tSource Port:\t\t61042\r\n\tProtocol:\t\t6\r\n\r\nFilter Information:\r\n\tFilter Run-Time ID:\t0\r\n\tLayer Name:\t\tResource Assignment\r\n\tLayer Run-Time ID:\t36","SourceAddress":"0.0.0.0","SourceModuleName":"eventlog","Protocol":"6"}
{"EventTypeOrignal":"INFO","RuleName":"-","@timestamp":"2020-10-12T22:34:20.713Z","port":61041,"Severity":"INFO","Task":12,"Channel":"Microsoft-Windows-Sysmon/Operational","UtcTime":"2020-10-12 22:34:19.469","UserID":"S-1-5-18","SourceModuleType":"im_msvistalog","OpcodeValue":0,"tags":["mordorDataset"],"TargetObject":"HKLM\\SOFTWARE\\Microsoft\\Windows\\CurrentVersion\\Group Policy\\History","ExecutionProcessID":3984,"Opcode":"Info","RecordNumber":243395,"ThreadID":4300,"EventType":"CreateKey","SourceName":"Microsoft-Windows-Sysmon","Keywords":-9223372036854775808,"Image":"C:\\windows\\system32\\svchost.exe","EventID":12,"Domain":"NT AUTHORITY","Category":"Registry object added or deleted (rule: RegistryEvent)","Version":2,"ProcessId":"1752","@version":"1","AccountName":"SYSTEM","ProcessGuid":"{029f9482-bfa4-5f84-2500-000000000400}","host":"wec.internal.cloudapp.net","Hostname":"MORDORDC.theshire.local","EventReceivedTime":"2020-10-12 18:34:20","SeverityValue":2,"EventTime":"2020-10-12 18:34:19","ProviderGuid":"{5770385F-C22A-43E0-BF4C-06F5698FFBD9}","Message":"Registry object added or deleted:\r\nRuleName: -\r\nEventType: CreateKey\r\nUtcTime: 2020-10-12 22:34:19.469\r\nProcessGuid: {029f9482-bfa4-5f84-2500-000000000400}\r\nProcessId: 1752\r\nImage: C:\\windows\\system32\\svchost.exe\r\nTargetObject: HKLM\\SOFTWARE\\Microsoft\\Windows\\CurrentVersion\\Group Policy\\History","SourceModuleName":"eventlog","AccountType":"User"}
{"@timestamp":"2020-10-12T22:34:20.713Z","port":61041,"Severity":"INFO","Task":12810,"Channel":"Security","tags":["mordorDataset"],"LayerName":"%%14611","SourceModuleType":"im_msvistalog","OpcodeValue":0,"Application":"\\device\\harddiskvolume2\\windows\\system32\\svchost.exe","EventType":"AUDIT_SUCCESS","ExecutionProcessID":4,"Opcode":"Info","RecordNumber":202322,"ThreadID":1452,"FilterRTID":"65854","SourceName":"Microsoft-Windows-Security-Auditing","DestPort":"389","LayerRTID":"48","Keywords":-9214364837600034816,"EventID":5156,"Category":"Filtering Platform Connection","ProcessId":"1752","Version":1,"@version":"1","Direction":"%%14593","DestAddress":"172.18.38.5","RemoteUserID":"S-1-0-0","host":"wec.internal.cloudapp.net","Hostname":"MORDORDC.theshire.local","SourcePort":"61042","RemoteMachineID":"S-1-0-0","EventReceivedTime":"2020-10-12 18:34:20","SeverityValue":2,"EventTime":"2020-10-12 18:34:19","ProviderGuid":"{54849625-5478-4994-A5BA-3E3B0328C30D}","Message":"The Windows Filtering Platform has permitted a connection.\r\n\r\nApplication Information:\r\n\tProcess ID:\t\t1752\r\n\tApplication Name:\t\\device\\harddiskvolume2\\windows\\system32\\svchost.exe\r\n\r\nNetwork Information:\r\n\tDirection:\t\tOutbound\r\n\tSource Address:\t\t172.18.38.5\r\n\tSource Port:\t\t61042\r\n\tDestination Address:\t172.18.38.5\r\n\tDestination Port:\t\t389\r\n\tProtocol:\t\t6\r\n\r\nFilter Information:\r\n\tFilter Run-Time ID:\t65854\r\n\tLayer Name:\t\tConnect\r\n\tLayer Run-Time ID:\t48","SourceAddress":"172.18.38.5","SourceModuleName":"eventlog","Protocol":"6"}
{"EventTypeOrignal":"INFO","RuleName":"-","@timestamp":"2020-10-12T22:34:20.714Z","port":61041,"Severity":"INFO","Task":13,"Channel":"Microsoft-Windows-Sysmon/Operational","UtcTime":"2020-10-12 22:34:19.469","UserID":"S-1-5-18","SourceModuleType":"im_msvistalog","OpcodeValue":0,"tags":["mordorDataset"],"TargetObject":"HKLM\\SOFTWARE\\Microsoft\\Windows\\CurrentVersion\\Group Policy\\History\\IsSlowLink","ExecutionProcessID":3984,"Opcode":"Info","RecordNumber":243396,"ThreadID":4300,"EventType":"SetValue","SourceName":"Microsoft-Windows-Sysmon","Keywords":-9223372036854775808,"Image":"C:\\windows\\system32\\svchost.exe","EventID":13,"Domain":"NT AUTHORITY","Category":"Registry value set (rule: RegistryEvent)","Version":2,"ProcessId":"1752","@version":"1","AccountName":"SYSTEM","Details":"DWORD (0x00000000)","ProcessGuid":"{029f9482-bfa4-5f84-2500-000000000400}","host":"wec.internal.cloudapp.net","Hostname":"MORDORDC.theshire.local","EventReceivedTime":"2020-10-12 18:34:20","SeverityValue":2,"EventTime":"2020-10-12 18:34:19","ProviderGuid":"{5770385F-C22A-43E0-BF4C-06F5698FFBD9}","Message":"Registry value set:\r\nRuleName: -\r\nEventType: SetValue\r\nUtcTime: 2020-10-12 22:34:19.469\r\nProcessGuid: {029f9482-bfa4-5f84-2500-000000000400}\r\nProcessId: 1752\r\nImage: C:\\windows\\system32\\svchost.exe\r\nTargetObject: HKLM\\SOFTWARE\\Microsoft\\Windows\\CurrentVersion\\Group Policy\\History\\IsSlowLink\r\nDetails: DWORD (0x00000000)","SourceModuleName":"eventlog","AccountType":"User"}
{"@timestamp":"2020-10-12T22:34:20.714Z","port":61041,"Severity":"INFO","Task":12810,"Channel":"Security","tags":["mordorDataset"],"LayerName":"%%14610","SourceModuleType":"im_msvistalog","OpcodeValue":0,"Application":"\\device\\harddiskvolume2\\windows\\system32\\lsass.exe","EventType":"AUDIT_SUCCESS","ExecutionProcessID":4,"Opcode":"Info","RecordNumber":202323,"ThreadID":1452,"FilterRTID":"65852","SourceName":"Microsoft-Windows-Security-Auditing","DestPort":"389","LayerRTID":"44","Keywords":-9214364837600034816,"EventID":5156,"Category":"Filtering Platform Connection","ProcessId":"708","Version":1,"@version":"1","Direction":"%%14592","DestAddress":"172.18.38.5","RemoteUserID":"S-1-0-0","host":"wec.internal.cloudapp.net","Hostname":"MORDORDC.theshire.local","SourcePort":"61042","RemoteMachineID":"S-1-0-0","EventReceivedTime":"2020-10-12 18:34:20","SeverityValue":2,"EventTime":"2020-10-12 18:34:19","ProviderGuid":"{54849625-5478-4994-A5BA-3E3B0328C30D}","Message":"The Windows Filtering Platform has permitted a connection.\r\n\r\nApplication Information:\r\n\tProcess ID:\t\t708\r\n\tApplication Name:\t\\device\\harddiskvolume2\\windows\\system32\\lsass.exe\r\n\r\nNetwork Information:\r\n\tDirection:\t\tInbound\r\n\tSource Address:\t\t172.18.38.5\r\n\tSource Port:\t\t61042\r\n\tDestination Address:\t172.18.38.5\r\n\tDestination Port:\t\t389\r\n\tProtocol:\t\t6\r\n\r\nFilter Information:\r\n\tFilter Run-Time ID:\t65852\r\n\tLayer Name:\t\tReceive/Accept\r\n\tLayer Run-Time ID:\t44","SourceAddress":"172.18.38.5","SourceModuleName":"eventlog","Protocol":"6"}
{"UtcTime":"2020-10-12 22:34:19.469","RuleName":"-","@timestamp":"2020-10-12T22:34:20.715Z","port":61041,"Severity":"INFO","Task":9,"Channel":"Microsoft-Windows-Sysmon/Operational","tags":["mordorDataset"],"UserID":"S-1-5-18","SourceModuleType":"im_msvistalog","OpcodeValue":0,"EventType":"INFO","ExecutionProcessID":3984,"Opcode":"Info","RecordNumber":243397,"ThreadID":4300,"SourceName":"Microsoft-Windows-Sysmon","Keywords":-9223372036854775808,"Image":"C:\\Windows\\System32\\lsass.exe","EventID":9,"Domain":"NT AUTHORITY","Category":"RawAccessRead detected (rule: RawAccessRead)","Version":2,"ProcessId":"708","@version":"1","AccountName":"SYSTEM","ProcessGuid":"{029f9482-bf9e-5f84-0c00-000000000400}","host":"wec.internal.cloudapp.net","Hostname":"MORDORDC.theshire.local","Device":"\\Device\\HarddiskVolume1","EventReceivedTime":"2020-10-12 18:34:20","SeverityValue":2,"EventTime":"2020-10-12 18:34:19","ProviderGuid":"{5770385F-C22A-43E0-BF4C-06F5698FFBD9}","Message":"RawAccessRead detected:\r\nRuleName: -\r\nUtcTime: 2020-10-12 22:34:19.469\r\nProcessGuid: {029f9482-bf9e-5f84-0c00-000000000400}\r\nProcessId: 708\r\nImage: C:\\Windows\\System32\\lsass.exe\r\nDevice: \\Device\\HarddiskVolume1","SourceModuleName":"eventlog","AccountType":"User"}
{"@timestamp":"2020-10-12T22:34:20.715Z","port":61041,"Severity":"INFO","Task":12548,"Channel":"Security","tags":["mordorDataset"],"SourceModuleType":"im_msvistalog","OpcodeValue":0,"EventType":"AUDIT_SUCCESS","ExecutionProcessID":708,"Opcode":"Info","RecordNumber":202324,"ThreadID":3480,"SubjectDomainName":"THESHIRE","SubjectLogonId":"0x59018a","SourceName":"Microsoft-Windows-Security-Auditing","Keywords":-9214364837600034816,"EventID":4672,"Category":"Special Logon","Version":0,"@version":"1","host":"wec.internal.cloudapp.net","Hostname":"MORDORDC.theshire.local","EventReceivedTime":"2020-10-12 18:34:20","SeverityValue":2,"EventTime":"2020-10-12 18:34:19","ProviderGuid":"{54849625-5478-4994-A5BA-3E3B0328C30D}","Message":"Special privileges assigned to new logon.\r\n\r\nSubject:\r\n\tSecurity ID:\t\tS-1-5-18\r\n\tAccount Name:\t\tMORDORDC$\r\n\tAccount Domain:\t\tTHESHIRE\r\n\tLogon ID:\t\t0x59018A\r\n\r\nPrivileges:\t\tSeSecurityPrivilege\r\n\t\t\tSeBackupPrivilege\r\n\t\t\tSeRestorePrivilege\r\n\t\t\tSeTakeOwnershipPrivilege\r\n\t\t\tSeDebugPrivilege\r\n\t\t\tSeSystemEnvironmentPrivilege\r\n\t\t\tSeLoadDriverPrivilege\r\n\t\t\tSeImpersonatePrivilege\r\n\t\t\tSeDelegateSessionUserImpersonatePrivilege\r\n\t\t\tSeEnableDelegationPrivilege","SubjectUserName":"MORDORDC$","PrivilegeList":"SeSecurityPrivilege\r\n\t\t\tSeBackupPrivilege\r\n\t\t\tSeRestorePrivilege\r\n\t\t\tSeTakeOwnershipPrivilege\r\n\t\t\tSeDebugPrivilege\r\n\t\t\tSeSystemEnvironmentPrivilege\r\n\t\t\tSeLoadDriverPrivilege\r\n\t\t\tSeImpersonatePrivilege\r\n\t\t\tSeDelegateSessionUserImpersonatePrivilege\r\n\t\t\tSeEnableDelegationPrivilege","SourceModuleName":"eventlog","SubjectUserSid":"S-1-5-18"}
{"UtcTime":"2020-10-12 22:34:19.469","RuleName":"-","@timestamp":"2020-10-12T22:34:20.715Z","port":61041,"Severity":"INFO","Task":9,"Channel":"Microsoft-Windows-Sysmon/Operational","tags":["mordorDataset"],"UserID":"S-1-5-18","SourceModuleType":"im_msvistalog","OpcodeValue":0,"EventType":"INFO","ExecutionProcessID":3984,"Opcode":"Info","RecordNumber":243398,"ThreadID":4300,"SourceName":"Microsoft-Windows-Sysmon","Keywords":-9223372036854775808,"Image":"C:\\Windows\\System32\\lsass.exe","EventID":9,"Domain":"NT AUTHORITY","Category":"RawAccessRead detected (rule: RawAccessRead)","Version":2,"ProcessId":"708","@version":"1","AccountName":"SYSTEM","ProcessGuid":"{029f9482-bf9e-5f84-0c00-000000000400}","host":"wec.internal.cloudapp.net","Hostname":"MORDORDC.theshire.local","Device":"\\Device\\HarddiskVolume1","EventReceivedTime":"2020-10-12 18:34:20","SeverityValue":2,"EventTime":"2020-10-12 18:34:19","ProviderGuid":"{5770385F-C22A-43E0-BF4C-06F5698FFBD9}","Message":"RawAccessRead detected:\r\nRuleName: -\r\nUtcTime: 2020-10-12 22:34:19.469\r\nProcessGuid: {029f9482-bf9e-5f84-0c00-000000000400}\r\nProcessId: 708\r\nImage: C:\\Windows\\System32\\lsass.exe\r\nDevice: \\Device\\HarddiskVolume1","SourceModuleName":"eventlog","AccountType":"User"}
{"@timestamp":"2020-10-12T22:34:20.717Z","Channel":"Security","WorkstationName":"-","VirtualAccount":"%%1843","SubjectDomainName":"-","TargetLogonId":"0x59018a","RecordNumber":202325,"ThreadID":3480,"SubjectLogonId":"0x0","IpAddress":"172.18.38.5","AuthenticationPackageName":"Kerberos","TargetOutboundDomainName":"-","TargetUserSid":"S-1-5-18","TargetOutboundUserName":"-","ProcessId":"0x0","Version":2,"Hostname":"MORDORDC.theshire.local","EventReceivedTime":"2020-10-12 18:34:20","ProviderGuid":"{54849625-5478-4994-A5BA-3E3B0328C30D}","TransmittedServices":"-","SubjectUserName":"-","LmPackageName":"-","port":61041,"Severity":"INFO","tags":["mordorDataset"],"Task":12544,"LogonType":"3","SourceModuleType":"im_msvistalog","OpcodeValue":0,"KeyLength":"0","EventType":"AUDIT_SUCCESS","ExecutionProcessID":708,"Opcode":"Info","IpPort":"61042","SourceName":"Microsoft-Windows-Security-Auditing","Keywords":-9214364837600034816,"ElevatedToken":"%%1842","LogonGuid":"{464209c6-ea9e-4031-e13a-1ee1c0b05172}","EventID":4624,"Category":"Logon","ImpersonationLevel":"%%1833","@version":"1","host":"wec.internal.cloudapp.net","RestrictedAdminMode":"-","ProcessName":"-","SeverityValue":2,"EventTime":"2020-10-12 18:34:19","Message":"An account was successfully logged on.\r\n\r\nSubject:\r\n\tSecurity ID:\t\tS-1-0-0\r\n\tAccount Name:\t\t-\r\n\tAccount Domain:\t\t-\r\n\tLogon ID:\t\t0x0\r\n\r\nLogon Information:\r\n\tLogon Type:\t\t3\r\n\tRestricted Admin Mode:\t-\r\n\tVirtual Account:\t\tNo\r\n\tElevated Token:\t\tYes\r\n\r\nImpersonation Level:\t\tImpersonation\r\n\r\nNew Logon:\r\n\tSecurity ID:\t\tS-1-5-18\r\n\tAccount Name:\t\tMORDORDC$\r\n\tAccount Domain:\t\tTHESHIRE.LOCAL\r\n\tLogon ID:\t\t0x59018A\r\n\tLinked Logon ID:\t\t0x0\r\n\tNetwork Account Name:\t-\r\n\tNetwork Account Domain:\t-\r\n\tLogon GUID:\t\t{464209c6-ea9e-4031-e13a-1ee1c0b05172}\r\n\r\nProcess Information:\r\n\tProcess ID:\t\t0x0\r\n\tProcess Name:\t\t-\r\n\r\nNetwork Information:\r\n\tWorkstation Name:\t-\r\n\tSource Network Address:\t172.18.38.5\r\n\tSource Port:\t\t61042\r\n\r\nDetailed Authentication Information:\r\n\tLogon Process:\t\tKerberos\r\n\tAuthentication Package:\tKerberos\r\n\tTransited Services:\t-\r\n\tPackage Name (NTLM only):\t-\r\n\tKey Length:\t\t0\r\n\r\nThis event is generated when a logon session is created. It is generated on the computer that was accessed.\r\n\r\nThe subject fields indicate the account on the local system which requested the logon. This is most commonly a service such as the Server service, or a local process such as Winlogon.exe or Services.exe.\r\n\r\nThe logon type field indicates the kind of logon that occurred. The most common types are 2 (interactive) and 3 (network).\r\n\r\nThe New Logon fields indicate the account for whom the new logon was created, i.e. the account that was logged on.\r\n\r\nThe network fields indicate where a remote logon request originated. Workstation name is not always available and may be left blank in some cases.\r\n\r\nThe impersonation level field indicates the extent to which a process in the logon session can impersonate.\r\n\r\nThe authentication information fields provide detailed information about this specific logon request.\r\n\t- Logon GUID is a unique identifier that can be used to correlate this event with a KDC event.\r\n\t- Transited services indicate which intermediate services have participated in this logon request.\r\n\t- Package name indicates which sub-protocol was used among the NTLM protocols.\r\n\t- Key length indicates the length of the generated session key. This will be 0 if no session key was requested.","SourceModuleName":"eventlog","TargetLinkedLogonId":"0x0","SubjectUserSid":"S-1-0-0","TargetDomainName":"THESHIRE.LOCAL","TargetUserName":"MORDORDC$","LogonProcessName":"Kerberos"}
{"SourceProcessId":"68","RuleName":"-","@timestamp":"2020-10-12T22:34:20.717Z","Channel":"Microsoft-Windows-Sysmon/Operational","UserID":"S-1-5-18","TargetProcessId":"1868","CallTrace":"C:\\windows\\SYSTEM32\\ntdll.dll+9fc24|C:\\windows\\System32\\KERNELBASE.dll+6c2d5|c:\\windows\\system32\\lsm.dll+e625|C:\\windows\\System32\\RPCRT4.dll+77883|C:\\windows\\System32\\RPCRT4.dll+db4a6|C:\\windows\\System32\\RPCRT4.dll+10d50|C:\\windows\\System32\\RPCRT4.dll+54a78|C:\\windows\\System32\\RPCRT4.dll+304f0|C:\\windows\\System32\\RPCRT4.dll+2fe9b|C:\\windows\\System32\\RPCRT4.dll+2222f|C:\\windows\\System32\\RPCRT4.dll+2168a|C:\\windows\\System32\\RPCRT4.dll+20c51|C:\\windows\\System32\\RPCRT4.dll+206c2|C:\\windows\\System32\\RPCRT4.dll+17495|C:\\windows\\SYSTEM32\\ntdll.dll+4f4d0|C:\\windows\\SYSTEM32\\ntdll.dll+50358|C:\\windows\\System32\\KERNEL32.DLL+17974|C:\\windows\\SYSTEM32\\ntdll.dll+6a271","RecordNumber":243399,"ThreadID":4300,"SourceProcessGUID":"{029f9482-bfa2-5f84-1000-000000000400}","TargetImage":"C:\\windows\\System32\\svchost.exe","ProcessId":"68","Version":3,"Hostname":"MORDORDC.theshire.local","EventReceivedTime":"2020-10-12 18:34:20","ProviderGuid":"{5770385F-C22A-43E0-BF4C-06F5698FFBD9}","UtcTime":"2020-10-12 22:34:19.469","port":61041,"Severity":"INFO","tags":["mordorDataset"],"Task":10,"SourceThreadId":"3304","SourceModuleType":"im_msvistalog","OpcodeValue":0,"EventType":"INFO","ExecutionProcessID":3984,"Opcode":"Info","SourceName":"Microsoft-Windows-Sysmon","Keywords":-9223372036854775808,"EventID":10,"Domain":"NT AUTHORITY","Category":"Process accessed (rule: ProcessAccess)","@version":"1","AccountName":"SYSTEM","host":"wec.internal.cloudapp.net","SourceImage":"C:\\windows\\system32\\svchost.exe","SeverityValue":2,"EventTime":"2020-10-12 18:34:19","Message":"Process accessed:\r\nRuleName: -\r\nUtcTime: 2020-10-12 22:34:19.469\r\nSourceProcessGUID: {029f9482-bfa2-5f84-1000-000000000400}\r\nSourceProcessId: 68\r\nSourceThreadId: 3304\r\nSourceImage: C:\\windows\\system32\\svchost.exe\r\nTargetProcessGUID: {029f9482-bfa4-5f84-2900-000000000400}\r\nTargetProcessId: 1868\r\nTargetImage: C:\\windows\\System32\\svchost.exe\r\nGrantedAccess: 0x1000\r\nCallTrace: C:\\windows\\SYSTEM32\\ntdll.dll+9fc24|C:\\windows\\System32\\KERNELBASE.dll+6c2d5|c:\\windows\\system32\\lsm.dll+e625|C:\\windows\\System32\\RPCRT4.dll+77883|C:\\windows\\System32\\RPCRT4.dll+db4a6|C:\\windows\\System32\\RPCRT4.dll+10d50|C:\\windows\\System32\\RPCRT4.dll+54a78|C:\\windows\\System32\\RPCRT4.dll+304f0|C:\\windows\\System32\\RPCRT4.dll+2fe9b|C:\\windows\\System32\\RPCRT4.dll+2222f|C:\\windows\\System32\\RPCRT4.dll+2168a|C:\\windows\\System32\\RPCRT4.dll+20c51|C:\\windows\\System32\\RPCRT4.dll+206c2|C:\\windows\\System32\\RPCRT4.dll+17495|C:\\windows\\SYSTEM32\\ntdll.dll+4f4d0|C:\\windows\\SYSTEM32\\ntdll.dll+50358|C:\\windows\\System32\\KERNEL32.DLL+17974|C:\\windows\\SYSTEM32\\ntdll.dll+6a271","SourceModuleName":"eventlog","GrantedAccess":"0x1000","AccountType":"User","TargetProcessGUID":"{029f9482-bfa4-5f84-2900-000000000400}"}
{"@timestamp":"2020-10-12T22:34:20.718Z","port":61041,"Severity":"INFO","Task":12554,"Channel":"Security","LogonType":"3","SourceModuleType":"im_msvistalog","tags":["mordorDataset"],"OpcodeValue":0,"EventType":"AUDIT_SUCCESS","ExecutionProcessID":708,"Opcode":"Info","RecordNumber":202326,"ThreadID":3480,"SubjectDomainName":"-","SubjectLogonId":"0x0","SourceName":"Microsoft-Windows-Security-Auditing","TargetLogonId":"0x59018a","EventIdx":"1","GroupMembership":"\r\n\t\t%{S-1-5-32-544}\r\n\t\t%{S-1-1-0}\r\n\t\t%{S-1-5-32-554}\r\n\t\t%{S-1-5-32-545}\r\n\t\t%{S-1-5-32-555}\r\n\t\t%{S-1-5-32-560}\r\n\t\t%{S-1-5-2}\r\n\t\t%{S-1-5-11}\r\n\t\t%{S-1-5-15}\r\n\t\t%{S-1-5-21-4107722679-1012484280-3777968168-1000}\r\n\t\t%{S-1-5-21-4107722679-1012484280-3777968168-516}\r\n\t\t%{S-1-5-9}\r\n\t\t%{S-1-18-1}\r\n\t\t%{S-1-5-21-4107722679-1012484280-3777968168-572}\r\n\t\t%{S-1-16-16384}","Keywords":-9214364837600034816,"TargetUserSid":"S-1-5-18","EventID":4627,"Category":"Group Membership","Version":0,"@version":"1","host":"wec.internal.cloudapp.net","Hostname":"MORDORDC.theshire.local","EventReceivedTime":"2020-10-12 18:34:20","SeverityValue":2,"EventTime":"2020-10-12 18:34:19","ProviderGuid":"{54849625-5478-4994-A5BA-3E3B0328C30D}","Message":"Group membership information.\r\n\r\nSubject:\r\n\tSecurity ID:\t\tS-1-0-0\r\n\tAccount Name:\t\t-\r\n\tAccount Domain:\t\t-\r\n\tLogon ID:\t\t0x0\r\n\r\nLogon Type:\t\t\t3\r\n\r\nNew Logon:\r\n\tSecurity ID:\t\tS-1-5-18\r\n\tAccount Name:\t\tMORDORDC$\r\n\tAccount Domain:\t\tTHESHIRE.LOCAL\r\n\tLogon ID:\t\t0x59018A\r\n\r\nEvent in sequence:\t\t1 of 1\r\n\r\nGroup Membership:\t\t\t\r\n\t\t%{S-1-5-32-544}\r\n\t\t%{S-1-1-0}\r\n\t\t%{S-1-5-32-554}\r\n\t\t%{S-1-5-32-545}\r\n\t\t%{S-1-5-32-555}\r\n\t\t%{S-1-5-32-560}\r\n\t\t%{S-1-5-2}\r\n\t\t%{S-1-5-11}\r\n\t\t%{S-1-5-15}\r\n\t\t%{S-1-5-21-4107722679-1012484280-3777968168-1000}\r\n\t\t%{S-1-5-21-4107722679-1012484280-3777968168-516}\r\n\t\t%{S-1-5-9}\r\n\t\t%{S-1-18-1}\r\n\t\t%{S-1-5-21-4107722679-1012484280-3777968168-572}\r\n\t\t%{S-1-16-16384}\r\n\r\nThe subject fields indicate the account on the local system which requested the logon. This is most commonly a service such as the Server service, or a local process such as Winlogon.exe or Services.exe.\r\n\r\nThe logon type field indicates the kind of logon that occurred. The most common types are 2 (interactive) and 3 (network).\r\n\r\nThe New Logon fields indicate the account for whom the new logon was created, i.e. the account that was logged on.\r\n\r\nThis event is generated when the Audit Group Membership subcategory is configured.  The Logon ID field can be used to correlate this event with the corresponding user logon event as well as to any other security audit events generated during this logon session.","SubjectUserName":"-","SourceModuleName":"eventlog","SubjectUserSid":"S-1-0-0","EventCountTotal":"1","TargetDomainName":"THESHIRE.LOCAL","TargetUserName":"MORDORDC$"}
