{"@timestamp":"2020-10-22T01:54:24.173Z","TimeCreated":"2020-10-22T01:54:24.173Z","Hashes":"SHA1=9074DF3335B785BB00B43AE76ACC66B799118FAE,MD5=BFB85A9022324E41FCEC5011BCB5FD23,SHA256=3CDA144CFB6278DA47267FE1E1FE258716A074C3D3DD8413B259DA7DA1039871,IMPHASH=6659A49ABF33952444C5A7FA22FD9032","Signature":"Microsoft Windows","ProviderGuid":"{5770385f-c22a-43e0-bf4c-06f5698ffbd9}","Company":"Microsoft Corporation","UtcTime":"2020-10-22 05:54:24.165","ProcessGuid":"{39e4a257-1e90-5f91-cb12-000000000700}","Image":"C:\\Windows\\System32\\dllhost.exe","ImageLoaded":"C:\\Windows\\System32\\shlwapi.dll","Level":"4","Channel":"Microsoft-Windows-Sysmon/Operational","Task":"7","RuleName":"-","FileVersion":"10.0.18362.1 (WinBuild.160101.0800)","SourceName":"Microsoft-Windows-Sysmon","Hostname":"WORKSTATION5","ProcessId":"10620","Description":"Shell Light-weight Utility Library","SignatureStatus":"Valid","Product":"Microsoft Windows Operating System","EventID":7,"Keywords":"0x8000000000000000","Signed":"true","OriginalFileName":"SHLWAPI.DLL","Message":"Image loaded:\r\nRuleName: -\r\nUtcTime: 2020-10-22 05:54:24.165\r\nProcessGuid: {39e4a257-1e90-5f91-cb12-000000000700}\r\nProcessId: 10620\r\nImage: C:\\Windows\\System32\\dllhost.exe\r\nImageLoaded: C:\\Windows\\System32\\shlwapi.dll\r\nFileVersion: 10.0.18362.1 (WinBuild.160101.0800)\r\nDescription: Shell Light-weight Utility Library\r\nProduct: Microsoft Windows Operating System\r\nCompany: Microsoft Corporation\r\nOriginalFileName: SHLWAPI.DLL\r\nHashes: SHA1=9074DF3335B785BB00B43AE76ACC66B799118FAE,MD5=BFB85A9022324E41FCEC5011BCB5FD23,SHA256=3CDA144CFB6278DA47267FE1E1FE258716A074C3D3DD8413B259DA7DA1039871,IMPHASH=6659A49ABF33952444C5A7FA22FD9032\r\nSigned: true\r\nSignature: Microsoft Windows\r\nSignatureStatus: Valid"}
{"@timestamp":"2020-10-22T01:54:24.173Z","TimeCreated":"2020-10-22T01:54:24.173Z","Hashes":"SHA1=90F229FB5DB52DF3604195B10C48E946684929ED,MD5=ACE18C6797090A1AA259BB8713917F98,SHA256=F5E118F67745792909973717FAE1F9FE68B2619332A4451AD04E0C9072B8D605,IMPHASH=A9B9D04D0B53DC48ABB37BE77AD01B55","Signature":"Microsoft Windows","ProviderGuid":"{5770385f-c22a-43e0-bf4c-06f5698ffbd9}","Company":"Microsoft Corporation","UtcTime":"2020-10-22 05:54:24.165","ProcessGuid":"{39e4a257-1e90-5f91-cb12-000000000700}","Image":"C:\\Windows\\System32\\dllhost.exe","ImageLoaded":"C:\\Windows\\System32\\cryptsp.dll","Level":"4","Channel":"Microsoft-Windows-Sysmon/Operational","Task":"7","RuleName":"-","FileVersion":"10.0.18362.1 (WinBuild.160101.0800)","SourceName":"Microsoft-Windows-Sysmon","Hostname":"WORKSTATION5","ProcessId":"10620","Description":"Cryptographic Service Provider API","SignatureStatus":"Valid","Product":"Microsoft Windows Operating System","EventID":7,"Keywords":"0x8000000000000000","Signed":"true","OriginalFileName":"cryptsp.dll","Message":"Image loaded:\r\nRuleName: -\r\nUtcTime: 2020-10-22 05:54:24.165\r\nProcessGuid: {39e4a257-1e90-5f91-cb12-000000000700}\r\nProcessId: 10620\r\nImage: C:\\Windows\\System32\\dllhost.exe\r\nImageLoaded: C:\\Windows\\System32\\cryptsp.dll\r\nFileVersion: 10.0.18362.1 (WinBuild.160101.0800)\r\nDescription: Cryptographic Service Provider API\r\nProduct: Microsoft Windows Operating System\r\nCompany: Microsoft Corporation\r\nOriginalFileName: cryptsp.dll\r\nHashes: SHA1=90F229FB5DB52DF3604195B10C48E946684929ED,MD5=ACE18C6797090A1AA259BB8713917F98,SHA256=F5E118F67745792909973717FAE1F9FE68B2619332A4451AD04E0C9072B8D605,IMPHASH=A9B9D04D0B53DC48ABB37BE77AD01B55\r\nSigned: true\r\nSignature: Microsoft Windows\r\nSignatureStatus: Valid"}
{"@timestamp":"2020-10-22T01:54:24.174Z","TimeCreated":"2020-10-22T01:54:24.174Z","Hashes":"SHA1=C7BA959197D19EC7C8F7707B0D8BBE77E80A9DBE,MD5=D3BAA65CBCA982E5835AE33C2C7513E9,SHA256=56D18A442AD599B04C29D98AB9E2A1983959FB74AB27D4392667A975310754E8,IMPHASH=C908A257ACFAF3BDE15426EE5244D1EB","Signature":"Microsoft Windows","ProviderGuid":"{5770385f-c22a-43e0-bf4c-06f5698ffbd9}","Company":"Microsoft Corporation","UtcTime":"2020-10-22 05:54:24.165","ProcessGuid":"{39e4a257-1e90-5f91-cb12-000000000700}","Image":"C:\\Windows\\System32\\dllhost.exe","ImageLoaded":"C:\\Windows\\System32\\ole32.dll","Level":"4","Channel":"Microsoft-Windows-Sysmon/Operational","Task":"7","RuleName":"-","FileVersion":"10.0.18362.1082 (WinBuild.160101.0800)","SourceName":"Microsoft-Windows-Sysmon","Hostname":"WORKSTATION5","ProcessId":"10620","Description":"Microsoft OLE for Windows","SignatureStatus":"Valid","Product":"Microsoft Windows Operating System","EventID":7,"Keywords":"0x8000000000000000","Signed":"true","OriginalFileName":"OLE32.DLL","Message":"Image loaded:\r\nRuleName: -\r\nUtcTime: 2020-10-22 05:54:24.165\r\nProcessGuid: {39e4a257-1e90-5f91-cb12-000000000700}\r\nProcessId: 10620\r\nImage: C:\\Windows\\System32\\dllhost.exe\r\nImageLoaded: C:\\Windows\\System32\\ole32.dll\r\nFileVersion: 10.0.18362.1082 (WinBuild.160101.0800)\r\nDescription: Microsoft OLE for Windows\r\nProduct: Microsoft Windows Operating System\r\nCompany: Microsoft Corporation\r\nOriginalFileName: OLE32.DLL\r\nHashes: SHA1=C7BA959197D19EC7C8F7707B0D8BBE77E80A9DBE,MD5=D3BAA65CBCA982E5835AE33C2C7513E9,SHA256=56D18A442AD599B04C29D98AB9E2A1983959FB74AB27D4392667A975310754E8,IMPHASH=C908A257ACFAF3BDE15426EE5244D1EB\r\nSigned: true\r\nSignature: Microsoft Windows\r\nSignatureStatus: Valid"}
{"@timestamp":"2020-10-22T01:54:24.175Z","TimeCreated":"2020-10-22T01:54:24.175Z","Hashes":"SHA1=119724CC09BB52731D86A6B9F94003ED88E0E3FE,MD5=2C7C14627CFF3384C52E61D4DBD0ECC3,SHA256=41B4D85D84A86E41B948694B9B5F398A0D79F47629D6D969EB5B461D4F5D0347,IMPHASH=34340C2C4E9AA6EF6AD12BB695FC695B","Signature":"Microsoft Windows","ProviderGuid":"{5770385f-c22a-43e0-bf4c-06f5698ffbd9}","Company":"Microsoft Corporation","UtcTime":"2020-10-22 05:54:24.165","ProcessGuid":"{39e4a257-1e90-5f91-cb12-000000000700}","Image":"C:\\Windows\\System32\\dllhost.exe","ImageLoaded":"C:\\Windows\\System32\\version.dll","Level":"4","Channel":"Microsoft-Windows-Sysmon/Operational","Task":"7","RuleName":"-","FileVersion":"10.0.18362.1 (WinBuild.160101.0800)","SourceName":"Microsoft-Windows-Sysmon","Hostname":"WORKSTATION5","ProcessId":"10620","Description":"Version Checking and File Installation Libraries","SignatureStatus":"Valid","Product":"Microsoft Windows Operating System","EventID":7,"Keywords":"0x8000000000000000","Signed":"true","OriginalFileName":"VERSION.DLL","Message":"Image loaded:\r\nRuleName: -\r\nUtcTime: 2020-10-22 05:54:24.165\r\nProcessGuid: {39e4a257-1e90-5f91-cb12-000000000700}\r\nProcessId: 10620\r\nImage: C:\\Windows\\System32\\dllhost.exe\r\nImageLoaded: C:\\Windows\\System32\\version.dll\r\nFileVersion: 10.0.18362.1 (WinBuild.160101.0800)\r\nDescription: Version Checking and File Installation Libraries\r\nProduct: Microsoft Windows Operating System\r\nCompany: Microsoft Corporation\r\nOriginalFileName: VERSION.DLL\r\nHashes: SHA1=119724CC09BB52731D86A6B9F94003ED88E0E3FE,MD5=2C7C14627CFF3384C52E61D4DBD0ECC3,SHA256=41B4D85D84A86E41B948694B9B5F398A0D79F47629D6D969EB5B461D4F5D0347,IMPHASH=34340C2C4E9AA6EF6AD12BB695FC695B\r\nSigned: true\r\nSignature: Microsoft Windows\r\nSignatureStatus: Valid"}
{"@timestamp":"2020-10-22T01:54:24.180Z","TimeCreated":"2020-10-22T01:54:24.180Z","Hashes":"SHA1=5E5FE4474C350A0BD6B414A4F5D781F25FAD7D4F,MD5=61347C118AA6AEF11888E0784DC9FB06,SHA256=231FD3583AF6D29D9D4A5DF11271733816DA9C24F1B6C46B1681EEBA05898A16,IMPHASH=ABB5270BBAAB33EE2C721A934D38DB01","Signature":"Microsoft Windows","ProviderGuid":"{5770385f-c22a-43e0-bf4c-06f5698ffbd9}","Company":"Microsoft Corporation","UtcTime":"2020-10-22 05:54:24.165","ProcessGuid":"{39e4a257-1e90-5f91-cb12-000000000700}","Image":"C:\\Windows\\System32\\dllhost.exe","ImageLoaded":"C:\\Windows\\System32\\cmstplua.dll","Level":"4","Channel":"Microsoft-Windows-Sysmon/Operational","Task":"7","RuleName":"-","FileVersion":"7.2.18362.1 (WinBuild.160101.0800)","SourceName":"Microsoft-Windows-Sysmon","Hostname":"WORKSTATION5","ProcessId":"10620","Description":"Connection Manager Admin API Helper for Setup","SignatureStatus":"Valid","Product":"Microsoft(R) Connection Manager","EventID":7,"Keywords":"0x8000000000000000","Signed":"true","OriginalFileName":"CMSTPLUA.DLL","Message":"Image loaded:\r\nRuleName: -\r\nUtcTime: 2020-10-22 05:54:24.165\r\nProcessGuid: {39e4a257-1e90-5f91-cb12-000000000700}\r\nProcessId: 10620\r\nImage: C:\\Windows\\System32\\dllhost.exe\r\nImageLoaded: C:\\Windows\\System32\\cmstplua.dll\r\nFileVersion: 7.2.18362.1 (WinBuild.160101.0800)\r\nDescription: Connection Manager Admin API Helper for Setup\r\nProduct: Microsoft(R) Connection Manager\r\nCompany: Microsoft Corporation\r\nOriginalFileName: CMSTPLUA.DLL\r\nHashes: SHA1=5E5FE4474C350A0BD6B414A4F5D781F25FAD7D4F,MD5=61347C118AA6AEF11888E0784DC9FB06,SHA256=231FD3583AF6D29D9D4A5DF11271733816DA9C24F1B6C46B1681EEBA05898A16,IMPHASH=ABB5270BBAAB33EE2C721A934D38DB01\r\nSigned: true\r\nSignature: Microsoft Windows\r\nSignatureStatus: Valid"}
{"@timestamp":"2020-10-22T01:54:24.181Z","TimeCreated":"2020-10-22T01:54:24.181Z","Hashes":"SHA1=5E5FE4474C350A0BD6B414A4F5D781F25FAD7D4F,MD5=61347C118AA6AEF11888E0784DC9FB06,SHA256=231FD3583AF6D29D9D4A5DF11271733816DA9C24F1B6C46B1681EEBA05898A16,IMPHASH=ABB5270BBAAB33EE2C721A934D38DB01","Signature":"Microsoft Windows","ProviderGuid":"{5770385f-c22a-43e0-bf4c-06f5698ffbd9}","Company":"Microsoft Corporation","UtcTime":"2020-10-22 05:54:24.181","ProcessGuid":"{39e4a257-1e8f-5f91-ca12-000000000700}","Image":"C:\\Windows\\System32\\cmstp.exe","ImageLoaded":"C:\\Windows\\System32\\cmstplua.dll","Level":"4","Channel":"Microsoft-Windows-Sysmon/Operational","Task":"7","RuleName":"-","FileVersion":"7.2.18362.1 (WinBuild.160101.0800)","SourceName":"Microsoft-Windows-Sysmon","Hostname":"WORKSTATION5","ProcessId":"9456","Description":"Connection Manager Admin API Helper for Setup","SignatureStatus":"Valid","Product":"Microsoft(R) Connection Manager","EventID":7,"Keywords":"0x8000000000000000","Signed":"true","OriginalFileName":"CMSTPLUA.DLL","Message":"Image loaded:\r\nRuleName: -\r\nUtcTime: 2020-10-22 05:54:24.181\r\nProcessGuid: {39e4a257-1e8f-5f91-ca12-000000000700}\r\nProcessId: 9456\r\nImage: C:\\Windows\\System32\\cmstp.exe\r\nImageLoaded: C:\\Windows\\System32\\cmstplua.dll\r\nFileVersion: 7.2.18362.1 (WinBuild.160101.0800)\r\nDescription: Connection Manager Admin API Helper for Setup\r\nProduct: Microsoft(R) Connection Manager\r\nCompany: Microsoft Corporation\r\nOriginalFileName: CMSTPLUA.DLL\r\nHashes: SHA1=5E5FE4474C350A0BD6B414A4F5D781F25FAD7D4F,MD5=61347C118AA6AEF11888E0784DC9FB06,SHA256=231FD3583AF6D29D9D4A5DF11271733816DA9C24F1B6C46B1681EEBA05898A16,IMPHASH=ABB5270BBAAB33EE2C721A934D38DB01\r\nSigned: true\r\nSignature: Microsoft Windows\r\nSignatureStatus: Valid"}
{"@timestamp":"2020-10-22T01:54:24.184Z","TimeCreated":"2020-10-22T01:54:24.184Z","ProviderGuid":"{5770385f-c22a-43e0-bf4c-06f5698ffbd9}","UtcTime":"2020-10-22 05:54:24.181","ProcessGuid":"{39e4a257-1e90-5f91-cb12-000000000700}","Image":"C:\\windows\\system32\\DllHost.exe","Level":"4","Channel":"Microsoft-Windows-Sysmon/Operational","Task":"13","RuleName":"-","SourceName":"Microsoft-Windows-Sysmon","Hostname":"WORKSTATION5","Details":"Connection Manager","ProcessId":"10620","EventType":"SetValue","EventID":13,"Keywords":"0x8000000000000000","TargetObject":"HKU\\S-1-5-21-3940915590-64593676-1414006259-500_Classes\\Local Settings\\MuiCache\\9e\\52C64B7E\\@%SystemRoot%\\system32\\cmlua.dll,-100","Message":"Registry value set:\r\nRuleName: -\r\nEventType: SetValue\r\nUtcTime: 2020-10-22 05:54:24.181\r\nProcessGuid: {39e4a257-1e90-5f91-cb12-000000000700}\r\nProcessId: 10620\r\nImage: C:\\windows\\system32\\DllHost.exe\r\nTargetObject: HKU\\S-1-5-21-3940915590-64593676-1414006259-500_Classes\\Local Settings\\MuiCache\\9e\\52C64B7E\\@%SystemRoot%\\system32\\cmlua.dll,-100\r\nDetails: Connection Manager"}
{"@timestamp":"2020-10-22T01:54:24.185Z","TimeCreated":"2020-10-22T01:54:24.185Z","Hashes":"SHA1=308CDF50325348A228B4B320A34AE254700880DE,MD5=E76AF3226966D78F127E77E61C1ED87C,SHA256=B23D479670901896D3D562395674DA239F9B8BC3AD8BE7C1303EE1278553F4E5,IMPHASH=3514D3EDF9CCCD1F3C1737C8DDE6A257","Signature":"Microsoft Windows","ProviderGuid":"{5770385f-c22a-43e0-bf4c-06f5698ffbd9}","Company":"Microsoft Corporation","UtcTime":"2020-10-22 05:54:24.181","ProcessGuid":"{39e4a257-1e90-5f91-cb12-000000000700}","Image":"C:\\Windows\\System32\\dllhost.exe","ImageLoaded":"C:\\Windows\\System32\\cmlua.dll","Level":"4","Channel":"Microsoft-Windows-Sysmon/Operational","Task":"7","RuleName":"-","FileVersion":"7.2.18362.1 (WinBuild.160101.0800)","SourceName":"Microsoft-Windows-Sysmon","Hostname":"WORKSTATION5","ProcessId":"10620","Description":"Connection Manager Admin API Helper","SignatureStatus":"Valid","Product":"Microsoft(R) Connection Manager","EventID":7,"Keywords":"0x8000000000000000","Signed":"true","OriginalFileName":"CMLUA.DLL","Message":"Image loaded:\r\nRuleName: -\r\nUtcTime: 2020-10-22 05:54:24.181\r\nProcessGuid: {39e4a257-1e90-5f91-cb12-000000000700}\r\nProcessId: 10620\r\nImage: C:\\Windows\\System32\\dllhost.exe\r\nImageLoaded: C:\\Windows\\System32\\cmlua.dll\r\nFileVersion: 7.2.18362.1 (WinBuild.160101.0800)\r\nDescription: Connection Manager Admin API Helper\r\nProduct: Microsoft(R) Connection Manager\r\nCompany: Microsoft Corporation\r\nOriginalFileName: CMLUA.DLL\r\nHashes: SHA1=308CDF50325348A228B4B320A34AE254700880DE,MD5=E76AF3226966D78F127E77E61C1ED87C,SHA256=B23D479670901896D3D562395674DA239F9B8BC3AD8BE7C1303EE1278553F4E5,IMPHASH=3514D3EDF9CCCD1F3C1737C8DDE6A257\r\nSigned: true\r\nSignature: Microsoft Windows\r\nSignatureStatus: Valid"}
{"@timestamp":"2020-10-22T01:54:24.188Z","TimeCreated":"2020-10-22T01:54:24.188Z","Hashes":"SHA1=308CDF50325348A228B4B320A34AE254700880DE,MD5=E76AF3226966D78F127E77E61C1ED87C,SHA256=B23D479670901896D3D562395674DA239F9B8BC3AD8BE7C1303EE1278553F4E5,IMPHASH=3514D3EDF9CCCD1F3C1737C8DDE6A257","Signature":"Microsoft Windows","ProviderGuid":"{5770385f-c22a-43e0-bf4c-06f5698ffbd9}","Company":"Microsoft Corporation","UtcTime":"2020-10-22 05:54:24.181","ProcessGuid":"{39e4a257-1e8f-5f91-ca12-000000000700}","Image":"C:\\Windows\\System32\\cmstp.exe","ImageLoaded":"C:\\Windows\\System32\\cmlua.dll","Level":"4","Channel":"Microsoft-Windows-Sysmon/Operational","Task":"7","RuleName":"-","FileVersion":"7.2.18362.1 (WinBuild.160101.0800)","SourceName":"Microsoft-Windows-Sysmon","Hostname":"WORKSTATION5","ProcessId":"9456","Description":"Connection Manager Admin API Helper","SignatureStatus":"Valid","Product":"Microsoft(R) Connection Manager","EventID":7,"Keywords":"0x8000000000000000","Signed":"true","OriginalFileName":"CMLUA.DLL","Message":"Image loaded:\r\nRuleName: -\r\nUtcTime: 2020-10-22 05:54:24.181\r\nProcessGuid: {39e4a257-1e8f-5f91-ca12-000000000700}\r\nProcessId: 9456\r\nImage: C:\\Windows\\System32\\cmstp.exe\r\nImageLoaded: C:\\Windows\\System32\\cmlua.dll\r\nFileVersion: 7.2.18362.1 (WinBuild.160101.0800)\r\nDescription: Connection Manager Admin API Helper\r\nProduct: Microsoft(R) Connection Manager\r\nCompany: Microsoft Corporation\r\nOriginalFileName: CMLUA.DLL\r\nHashes: SHA1=308CDF50325348A228B4B320A34AE254700880DE,MD5=E76AF3226966D78F127E77E61C1ED87C,SHA256=B23D479670901896D3D562395674DA239F9B8BC3AD8BE7C1303EE1278553F4E5,IMPHASH=3514D3EDF9CCCD1F3C1737C8DDE6A257\r\nSigned: true\r\nSignature: Microsoft Windows\r\nSignatureStatus: Valid"}
{"@timestamp":"2020-10-22T01:54:24.189Z","TimeCreated":"2020-10-22T01:54:24.189Z","ProviderGuid":"{5770385f-c22a-43e0-bf4c-06f5698ffbd9}","TargetFilename":"C:\\ProgramData\\Microsoft\\Network\\Connections\\Cm","UtcTime":"2020-10-22 05:54:24.181","ProcessGuid":"{39e4a257-1e90-5f91-cb12-000000000700}","Image":"C:\\windows\\system32\\DllHost.exe","CreationUtcTime":"2020-10-22 05:54:24.181","Level":"4","Channel":"Microsoft-Windows-Sysmon/Operational","Task":"11","RuleName":"-","SourceName":"Microsoft-Windows-Sysmon","Hostname":"WORKSTATION5","ProcessId":"10620","EventID":11,"Keywords":"0x8000000000000000","Message":"File created:\r\nRuleName: -\r\nUtcTime: 2020-10-22 05:54:24.181\r\nProcessGuid: {39e4a257-1e90-5f91-cb12-000000000700}\r\nProcessId: 10620\r\nImage: C:\\windows\\system32\\DllHost.exe\r\nTargetFilename: C:\\ProgramData\\Microsoft\\Network\\Connections\\Cm\r\nCreationUtcTime: 2020-10-22 05:54:24.181"}
{"@timestamp":"2020-10-22T01:54:24.190Z","TimeCreated":"2020-10-22T01:54:24.190Z","ProviderGuid":"{5770385f-c22a-43e0-bf4c-06f5698ffbd9}","TargetFilename":"C:\\ProgramData\\Microsoft\\Network\\Connections\\Cm\\malcorp","UtcTime":"2020-10-22 05:54:24.181","ProcessGuid":"{39e4a257-1e90-5f91-cb12-000000000700}","Image":"C:\\windows\\system32\\DllHost.exe","CreationUtcTime":"2020-10-22 05:54:24.181","Level":"4","Channel":"Microsoft-Windows-Sysmon/Operational","Task":"11","RuleName":"-","SourceName":"Microsoft-Windows-Sysmon","Hostname":"WORKSTATION5","ProcessId":"10620","EventID":11,"Keywords":"0x8000000000000000","Message":"File created:\r\nRuleName: -\r\nUtcTime: 2020-10-22 05:54:24.181\r\nProcessGuid: {39e4a257-1e90-5f91-cb12-000000000700}\r\nProcessId: 10620\r\nImage: C:\\windows\\system32\\DllHost.exe\r\nTargetFilename: C:\\ProgramData\\Microsoft\\Network\\Connections\\Cm\\malcorp\r\nCreationUtcTime: 2020-10-22 05:54:24.181"}
{"@timestamp":"2020-10-22T01:54:24.190Z","TimeCreated":"2020-10-22T01:54:24.190Z","ProviderGuid":"{5770385f-c22a-43e0-bf4c-06f5698ffbd9}","UtcTime":"2020-10-22 05:54:24.181","ProcessGuid":"{39e4a257-1e90-5f91-cb12-000000000700}","Image":"C:\\windows\\system32\\DllHost.exe","Level":"4","Channel":"Microsoft-Windows-Sysmon/Operational","Task":"12","RuleName":"-","SourceName":"Microsoft-Windows-Sysmon","Hostname":"WORKSTATION5","ProcessId":"10620","EventType":"CreateKey","EventID":12,"Keywords":"0x8000000000000000","TargetObject":"HKLM\\SOFTWARE\\Microsoft\\Windows\\CurrentVersion\\App Paths\\cmmgr32.exe","Message":"Registry object added or deleted:\r\nRuleName: -\r\nEventType: CreateKey\r\nUtcTime: 2020-10-22 05:54:24.181\r\nProcessGuid: {39e4a257-1e90-5f91-cb12-000000000700}\r\nProcessId: 10620\r\nImage: C:\\windows\\system32\\DllHost.exe\r\nTargetObject: HKLM\\SOFTWARE\\Microsoft\\Windows\\CurrentVersion\\App Paths\\cmmgr32.exe"}
{"@timestamp":"2020-10-22T01:54:24.190Z","TimeCreated":"2020-10-22T01:54:24.190Z","ProviderGuid":"{5770385f-c22a-43e0-bf4c-06f5698ffbd9}","UtcTime":"2020-10-22 05:54:24.181","ProcessGuid":"{39e4a257-1e90-5f91-cb12-000000000700}","Image":"C:\\windows\\system32\\DllHost.exe","Level":"4","Channel":"Microsoft-Windows-Sysmon/Operational","Task":"13","RuleName":"-","SourceName":"Microsoft-Windows-Sysmon","Hostname":"WORKSTATION5","Details":"C:\\ProgramData\\Microsoft\\Network\\Connections\\Cm","ProcessId":"10620","EventType":"SetValue","EventID":13,"Keywords":"0x8000000000000000","TargetObject":"HKLM\\SOFTWARE\\Microsoft\\Windows\\CurrentVersion\\App Paths\\cmmgr32.exe\\ProfileInstallPath","Message":"Registry value set:\r\nRuleName: -\r\nEventType: SetValue\r\nUtcTime: 2020-10-22 05:54:24.181\r\nProcessGuid: {39e4a257-1e90-5f91-cb12-000000000700}\r\nProcessId: 10620\r\nImage: C:\\windows\\system32\\DllHost.exe\r\nTargetObject: HKLM\\SOFTWARE\\Microsoft\\Windows\\CurrentVersion\\App Paths\\cmmgr32.exe\\ProfileInstallPath\r\nDetails: C:\\ProgramData\\Microsoft\\Network\\Connections\\Cm"}
{"GrantedAccess":"0x1000","@timestamp":"2020-10-22T01:54:24.197Z","TimeCreated":"2020-10-22T01:54:24.197Z","SourceThreadId":"1060","SourceImage":"C:\\windows\\system32\\svchost.exe","ProviderGuid":"{5770385f-c22a-43e0-bf4c-06f5698ffbd9}","CallTrace":"C:\\windows\\SYSTEM32\\ntdll.dll+9c584|C:\\windows\\SYSTEM32\\psmserviceexthost.dll+222a3|C:\\windows\\SYSTEM32\\psmserviceexthost.dll+37ea0|C:\\windows\\SYSTEM32\\psmserviceexthost.dll+37929|C:\\windows\\SYSTEM32\\psmserviceexthost.dll+686f8|C:\\windows\\SYSTEM32\\psmserviceexthost.dll+6e84a|C:\\windows\\SYSTEM32\\psmserviceexthost.dll+6f700|C:\\windows\\SYSTEM32\\psmserviceexthost.dll+34be4|C:\\windows\\SYSTEM32\\psmserviceexthost.dll+6f63e|C:\\windows\\SYSTEM32\\psmserviceexthost.dll+713b5|C:\\windows\\SYSTEM32\\psmserviceexthost.dll+50bda|C:\\windows\\SYSTEM32\\psmserviceexthost.dll+4500a|C:\\windows\\System32\\KERNEL32.DLL+17c24|C:\\windows\\SYSTEM32\\ntdll.dll+6cea1","UtcTime":"2020-10-22 05:54:24.196","TargetProcessGUID":"{39e4a257-f247-5f8b-d300-000000000700}","SourceProcessId":"944","Level":"4","Channel":"Microsoft-Windows-Sysmon/Operational","Task":"10","RuleName":"-","SourceName":"Microsoft-Windows-Sysmon","Hostname":"WORKSTATION5","SourceProcessGUID":"{39e4a257-f132-5f8b-1000-000000000700}","TargetProcessId":"4368","EventID":10,"Keywords":"0x8000000000000000","TargetImage":"C:\\Windows\\SystemApps\\InputApp_cw5n1h2txyewy\\WindowsInternal.ComposableShell.Experiences.TextInput.InputApp.exe","Message":"Process accessed:\r\nRuleName: -\r\nUtcTime: 2020-10-22 05:54:24.196\r\nSourceProcessGUID: {39e4a257-f132-5f8b-1000-000000000700}\r\nSourceProcessId: 944\r\nSourceThreadId: 1060\r\nSourceImage: C:\\windows\\system32\\svchost.exe\r\nTargetProcessGUID: {39e4a257-f247-5f8b-d300-000000000700}\r\nTargetProcessId: 4368\r\nTargetImage: C:\\Windows\\SystemApps\\InputApp_cw5n1h2txyewy\\WindowsInternal.ComposableShell.Experiences.TextInput.InputApp.exe\r\nGrantedAccess: 0x1000\r\nCallTrace: C:\\windows\\SYSTEM32\\ntdll.dll+9c584|C:\\windows\\SYSTEM32\\psmserviceexthost.dll+222a3|C:\\windows\\SYSTEM32\\psmserviceexthost.dll+37ea0|C:\\windows\\SYSTEM32\\psmserviceexthost.dll+37929|C:\\windows\\SYSTEM32\\psmserviceexthost.dll+686f8|C:\\windows\\SYSTEM32\\psmserviceexthost.dll+6e84a|C:\\windows\\SYSTEM32\\psmserviceexthost.dll+6f700|C:\\windows\\SYSTEM32\\psmserviceexthost.dll+34be4|C:\\windows\\SYSTEM32\\psmserviceexthost.dll+6f63e|C:\\windows\\SYSTEM32\\psmserviceexthost.dll+713b5|C:\\windows\\SYSTEM32\\psmserviceexthost.dll+50bda|C:\\windows\\SYSTEM32\\psmserviceexthost.dll+4500a|C:\\windows\\System32\\KERNEL32.DLL+17c24|C:\\windows\\SYSTEM32\\ntdll.dll+6cea1"}
{"GrantedAccess":"0x1000","@timestamp":"2020-10-22T01:54:24.198Z","TimeCreated":"2020-10-22T01:54:24.198Z","SourceThreadId":"1060","SourceImage":"C:\\windows\\system32\\svchost.exe","ProviderGuid":"{5770385f-c22a-43e0-bf4c-06f5698ffbd9}","CallTrace":"C:\\windows\\SYSTEM32\\ntdll.dll+9c584|C:\\windows\\SYSTEM32\\psmserviceexthost.dll+222a3|C:\\windows\\SYSTEM32\\psmserviceexthost.dll+37ea0|C:\\windows\\SYSTEM32\\psmserviceexthost.dll+37929|C:\\windows\\SYSTEM32\\psmserviceexthost.dll+686f8|C:\\windows\\SYSTEM32\\psmserviceexthost.dll+6e84a|C:\\windows\\SYSTEM32\\psmserviceexthost.dll+6f700|C:\\windows\\SYSTEM32\\psmserviceexthost.dll+34be4|C:\\windows\\SYSTEM32\\psmserviceexthost.dll+6f63e|C:\\windows\\SYSTEM32\\psmserviceexthost.dll+713b5|C:\\windows\\SYSTEM32\\psmserviceexthost.dll+50bda|C:\\windows\\SYSTEM32\\psmserviceexthost.dll+4500a|C:\\windows\\System32\\KERNEL32.DLL+17c24|C:\\windows\\SYSTEM32\\ntdll.dll+6cea1","UtcTime":"2020-10-22 05:54:24.196","TargetProcessGUID":"{39e4a257-1e63-5f91-c112-000000000700}","SourceProcessId":"944","Level":"4","Channel":"Microsoft-Windows-Sysmon/Operational","Task":"10","RuleName":"-","SourceName":"Microsoft-Windows-Sysmon","Hostname":"WORKSTATION5","SourceProcessGUID":"{39e4a257-f132-5f8b-1000-000000000700}","TargetProcessId":"11052","EventID":10,"Keywords":"0x8000000000000000","TargetImage":"C:\\windows\\system32\\backgroundTaskHost.exe","Message":"Process accessed:\r\nRuleName: -\r\nUtcTime: 2020-10-22 05:54:24.196\r\nSourceProcessGUID: {39e4a257-f132-5f8b-1000-000000000700}\r\nSourceProcessId: 944\r\nSourceThreadId: 1060\r\nSourceImage: C:\\windows\\system32\\svchost.exe\r\nTargetProcessGUID: {39e4a257-1e63-5f91-c112-000000000700}\r\nTargetProcessId: 11052\r\nTargetImage: C:\\windows\\system32\\backgroundTaskHost.exe\r\nGrantedAccess: 0x1000\r\nCallTrace: C:\\windows\\SYSTEM32\\ntdll.dll+9c584|C:\\windows\\SYSTEM32\\psmserviceexthost.dll+222a3|C:\\windows\\SYSTEM32\\psmserviceexthost.dll+37ea0|C:\\windows\\SYSTEM32\\psmserviceexthost.dll+37929|C:\\windows\\SYSTEM32\\psmserviceexthost.dll+686f8|C:\\windows\\SYSTEM32\\psmserviceexthost.dll+6e84a|C:\\windows\\SYSTEM32\\psmserviceexthost.dll+6f700|C:\\windows\\SYSTEM32\\psmserviceexthost.dll+34be4|C:\\windows\\SYSTEM32\\psmserviceexthost.dll+6f63e|C:\\windows\\SYSTEM32\\psmserviceexthost.dll+713b5|C:\\windows\\SYSTEM32\\psmserviceexthost.dll+50bda|C:\\windows\\SYSTEM32\\psmserviceexthost.dll+4500a|C:\\windows\\System32\\KERNEL32.DLL+17c24|C:\\windows\\SYSTEM32\\ntdll.dll+6cea1"}
{"GrantedAccess":"0x1000","@timestamp":"2020-10-22T01:54:24.201Z","TimeCreated":"2020-10-22T01:54:24.201Z","SourceThreadId":"1060","SourceImage":"C:\\windows\\system32\\svchost.exe","ProviderGuid":"{5770385f-c22a-43e0-bf4c-06f5698ffbd9}","CallTrace":"C:\\windows\\SYSTEM32\\ntdll.dll+9c584|C:\\windows\\SYSTEM32\\psmserviceexthost.dll+222a3|C:\\windows\\SYSTEM32\\psmserviceexthost.dll+37ea0|C:\\windows\\SYSTEM32\\psmserviceexthost.dll+37929|C:\\windows\\SYSTEM32\\psmserviceexthost.dll+686f8|C:\\windows\\SYSTEM32\\psmserviceexthost.dll+6e84a|C:\\windows\\SYSTEM32\\psmserviceexthost.dll+6f700|C:\\windows\\SYSTEM32\\psmserviceexthost.dll+34be4|C:\\windows\\SYSTEM32\\psmserviceexthost.dll+6f63e|C:\\windows\\SYSTEM32\\psmserviceexthost.dll+713b5|C:\\windows\\SYSTEM32\\psmserviceexthost.dll+50bda|C:\\windows\\SYSTEM32\\psmserviceexthost.dll+4500a|C:\\windows\\System32\\KERNEL32.DLL+17c24|C:\\windows\\SYSTEM32\\ntdll.dll+6cea1","UtcTime":"2020-10-22 05:54:24.196","TargetProcessGUID":"{39e4a257-1e6e-5f91-c912-000000000700}","SourceProcessId":"944","Level":"4","Channel":"Microsoft-Windows-Sysmon/Operational","Task":"10","RuleName":"-","SourceName":"Microsoft-Windows-Sysmon","Hostname":"WORKSTATION5","SourceProcessGUID":"{39e4a257-f132-5f8b-1000-000000000700}","TargetProcessId":"8792","EventID":10,"Keywords":"0x8000000000000000","TargetImage":"C:\\windows\\system32\\backgroundTaskHost.exe","Message":"Process accessed:\r\nRuleName: -\r\nUtcTime: 2020-10-22 05:54:24.196\r\nSourceProcessGUID: {39e4a257-f132-5f8b-1000-000000000700}\r\nSourceProcessId: 944\r\nSourceThreadId: 1060\r\nSourceImage: C:\\windows\\system32\\svchost.exe\r\nTargetProcessGUID: {39e4a257-1e6e-5f91-c912-000000000700}\r\nTargetProcessId: 8792\r\nTargetImage: C:\\windows\\system32\\backgroundTaskHost.exe\r\nGrantedAccess: 0x1000\r\nCallTrace: C:\\windows\\SYSTEM32\\ntdll.dll+9c584|C:\\windows\\SYSTEM32\\psmserviceexthost.dll+222a3|C:\\windows\\SYSTEM32\\psmserviceexthost.dll+37ea0|C:\\windows\\SYSTEM32\\psmserviceexthost.dll+37929|C:\\windows\\SYSTEM32\\psmserviceexthost.dll+686f8|C:\\windows\\SYSTEM32\\psmserviceexthost.dll+6e84a|C:\\windows\\SYSTEM32\\psmserviceexthost.dll+6f700|C:\\windows\\SYSTEM32\\psmserviceexthost.dll+34be4|C:\\windows\\SYSTEM32\\psmserviceexthost.dll+6f63e|C:\\windows\\SYSTEM32\\psmserviceexthost.dll+713b5|C:\\windows\\SYSTEM32\\psmserviceexthost.dll+50bda|C:\\windows\\SYSTEM32\\psmserviceexthost.dll+4500a|C:\\windows\\System32\\KERNEL32.DLL+17c24|C:\\windows\\SYSTEM32\\ntdll.dll+6cea1"}
{"@timestamp":"2020-10-22T01:54:24.211Z","TimeCreated":"2020-10-22T01:54:24.211Z","Hashes":"SHA1=17A176FA7508A0ADAD4B4AE7B736B919E7072C76,MD5=A31DAB2004CCDB05A1CFC48D5C4D538A,SHA256=B8904D03ED56F71467FD166A6C4FF395E42B27F6CF8CC17A00F6A95A46F50124,IMPHASH=F4527A6EF5AFE648805E2A19F417A141","Signature":"Microsoft Windows","ProviderGuid":"{5770385f-c22a-43e0-bf4c-06f5698ffbd9}","Company":"Microsoft Corporation","UtcTime":"2020-10-22 05:54:24.196","ProcessGuid":"{39e4a257-1e90-5f91-cb12-000000000700}","Image":"C:\\Windows\\System32\\dllhost.exe","ImageLoaded":"C:\\Windows\\System32\\advpack.dll","Level":"4","Channel":"Microsoft-Windows-Sysmon/Operational","Task":"7","RuleName":"-","FileVersion":"11.00.18362.1 (WinBuild.160101.0800)","SourceName":"Microsoft-Windows-Sysmon","Hostname":"WORKSTATION5","ProcessId":"10620","Description":"ADVPACK","SignatureStatus":"Valid","Product":"Internet Explorer","EventID":7,"Keywords":"0x8000000000000000","Signed":"true","OriginalFileName":"ADVPACK.DLL","Message":"Image loaded:\r\nRuleName: -\r\nUtcTime: 2020-10-22 05:54:24.196\r\nProcessGuid: {39e4a257-1e90-5f91-cb12-000000000700}\r\nProcessId: 10620\r\nImage: C:\\Windows\\System32\\dllhost.exe\r\nImageLoaded: C:\\Windows\\System32\\advpack.dll\r\nFileVersion: 11.00.18362.1 (WinBuild.160101.0800)\r\nDescription: ADVPACK\r\nProduct: Internet Explorer\r\nCompany: Microsoft Corporation\r\nOriginalFileName: ADVPACK.DLL\r\nHashes: SHA1=17A176FA7508A0ADAD4B4AE7B736B919E7072C76,MD5=A31DAB2004CCDB05A1CFC48D5C4D538A,SHA256=B8904D03ED56F71467FD166A6C4FF395E42B27F6CF8CC17A00F6A95A46F50124,IMPHASH=F4527A6EF5AFE648805E2A19F417A141\r\nSigned: true\r\nSignature: Microsoft Windows\r\nSignatureStatus: Valid"}
{"@timestamp":"2020-10-22T01:54:24.262Z","TimeCreated":"2020-10-22T01:54:24.262Z","Hashes":"SHA1=421C35E0949143DE72C8F98776565D24815AD47E,MD5=F46778029BE7D755EBDCDF048EA62A4B,SHA256=907A4D1D405283AD24BBA1F9A763C5118A33574F3E0EC7FC543F65B24CC0A748,IMPHASH=E5649DCD6FA9472DB9A89CCD123913C0","Signature":"Microsoft Windows","ProviderGuid":"{5770385f-c22a-43e0-bf4c-06f5698ffbd9}","Company":"Microsoft Corporation","UtcTime":"2020-10-22 05:54:24.243","ProcessGuid":"{39e4a257-1e90-5f91-cb12-000000000700}","Image":"C:\\Windows\\System32\\dllhost.exe","ImageLoaded":"C:\\Windows\\System32\\bcrypt.dll","Level":"4","Channel":"Microsoft-Windows-Sysmon/Operational","Task":"7","RuleName":"-","FileVersion":"10.0.18362.267 (WinBuild.160101.0800)","SourceName":"Microsoft-Windows-Sysmon","Hostname":"WORKSTATION5","ProcessId":"10620","Description":"Windows Cryptographic Primitives Library","SignatureStatus":"Valid","Product":"Microsoft Windows Operating System","EventID":7,"Keywords":"0x8000000000000000","Signed":"true","OriginalFileName":"bcrypt.dll","Message":"Image loaded:\r\nRuleName: -\r\nUtcTime: 2020-10-22 05:54:24.243\r\nProcessGuid: {39e4a257-1e90-5f91-cb12-000000000700}\r\nProcessId: 10620\r\nImage: C:\\Windows\\System32\\dllhost.exe\r\nImageLoaded: C:\\Windows\\System32\\bcrypt.dll\r\nFileVersion: 10.0.18362.267 (WinBuild.160101.0800)\r\nDescription: Windows Cryptographic Primitives Library\r\nProduct: Microsoft Windows Operating System\r\nCompany: Microsoft Corporation\r\nOriginalFileName: bcrypt.dll\r\nHashes: SHA1=421C35E0949143DE72C8F98776565D24815AD47E,MD5=F46778029BE7D755EBDCDF048EA62A4B,SHA256=907A4D1D405283AD24BBA1F9A763C5118A33574F3E0EC7FC543F65B24CC0A748,IMPHASH=E5649DCD6FA9472DB9A89CCD123913C0\r\nSigned: true\r\nSignature: Microsoft Windows\r\nSignatureStatus: Valid"}
{"@timestamp":"2020-10-22T01:54:24.295Z","TimeCreated":"2020-10-22T01:54:24.295Z","ProviderGuid":"{5770385f-c22a-43e0-bf4c-06f5698ffbd9}","UtcTime":"2020-10-22 05:54:24.275","ProcessGuid":"{39e4a257-1e90-5f91-cb12-000000000700}","Image":"C:\\windows\\system32\\DllHost.exe","Level":"4","Channel":"Microsoft-Windows-Sysmon/Operational","Task":"13","RuleName":"-","SourceName":"Microsoft-Windows-Sysmon","Hostname":"WORKSTATION5","Details":"Binary Data","ProcessId":"10620","EventType":"SetValue","EventID":13,"Keywords":"0x8000000000000000","TargetObject":"HKLM\\System\\CurrentControlSet\\Services\\bam\\State\\UserSettings\\S-1-5-21-3940915590-64593676-1414006259-500\\\\Device\\HarddiskVolume2\\Windows\\System32\\cmd.exe","Message":"Registry value set:\r\nRuleName: -\r\nEventType: SetValue\r\nUtcTime: 2020-10-22 05:54:24.275\r\nProcessGuid: {39e4a257-1e90-5f91-cb12-000000000700}\r\nProcessId: 10620\r\nImage: C:\\windows\\system32\\DllHost.exe\r\nTargetObject: HKLM\\System\\CurrentControlSet\\Services\\bam\\State\\UserSettings\\S-1-5-21-3940915590-64593676-1414006259-500\\\\Device\\HarddiskVolume2\\Windows\\System32\\cmd.exe\r\nDetails: Binary Data"}
{"Keywords":"0x8000000000000000","Task":"1","Description":"Windows Command Processor","CommandLine":"c:\\windows\\system32\\cmd.exe","TimeCreated":"2020-10-22T01:54:24.296Z","Product":"Microsoft Windows Operating System","Company":"Microsoft Corporation","OriginalFileName":"Cmd.Exe","User":"WORKSTATION5\\wardog","ParentProcessId":"10620","SourceName":"Microsoft-Windows-Sysmon","IntegrityLevel":"High","ProcessGuid":"{39e4a257-1e90-5f91-cc12-000000000700}","CurrentDirectory":"C:\\windows\\system32\\","Hashes":"SHA1=8DCA9749CD48D286950E7A9FA1088C937CBCCAD4,MD5=D7AB69FAD18D4A643D84A271DFC0DBDF,SHA256=FF79D3C4A0B7EB191783C323AB8363EBD1FD10BE58D8BCC96B07067743CA81D5,IMPHASH=272245E2988E1E430500B852C4FB5E18","UtcTime":"2020-10-22 05:54:24.288","ParentCommandLine":"C:\\windows\\system32\\DllHost.exe /Processid:{3E5FC7F9-9A51-4367-9063-A120244FBEC7}","TerminalSessionId":"2","ProcessId":"9996","ParentImage":"C:\\Windows\\System32\\dllhost.exe","FileVersion":"10.0.18362.449 (WinBuild.160101.0800)","ParentProcessGuid":"{39e4a257-1e90-5f91-cb12-000000000700}","@timestamp":"2020-10-22T01:54:24.296Z","LogonGuid":"{39e4a257-f1ac-5f8b-d961-0c0000000000}","Image":"C:\\Windows\\System32\\cmd.exe","Hostname":"WORKSTATION5","LogonId":"0xc61d9","Level":"4","EventID":1,"ProviderGuid":"{5770385f-c22a-43e0-bf4c-06f5698ffbd9}","RuleName":"-","Message":"Process Create:\r\nRuleName: -\r\nUtcTime: 2020-10-22 05:54:24.288\r\nProcessGuid: {39e4a257-1e90-5f91-cc12-000000000700}\r\nProcessId: 9996\r\nImage: C:\\Windows\\System32\\cmd.exe\r\nFileVersion: 10.0.18362.449 (WinBuild.160101.0800)\r\nDescription: Windows Command Processor\r\nProduct: Microsoft Windows Operating System\r\nCompany: Microsoft Corporation\r\nOriginalFileName: Cmd.Exe\r\nCommandLine: c:\\windows\\system32\\cmd.exe\r\nCurrentDirectory: C:\\windows\\system32\\\r\nUser: WORKSTATION5\\wardog\r\nLogonGuid: {39e4a257-f1ac-5f8b-d961-0c0000000000}\r\nLogonId: 0xC61D9\r\nTerminalSessionId: 2\r\nIntegrityLevel: High\r\nHashes: SHA1=8DCA9749CD48D286950E7A9FA1088C937CBCCAD4,MD5=D7AB69FAD18D4A643D84A271DFC0DBDF,SHA256=FF79D3C4A0B7EB191783C323AB8363EBD1FD10BE58D8BCC96B07067743CA81D5,IMPHASH=272245E2988E1E430500B852C4FB5E18\r\nParentProcessGuid: {39e4a257-1e90-5f91-cb12-000000000700}\r\nParentProcessId: 10620\r\nParentImage: C:\\Windows\\System32\\dllhost.exe\r\nParentCommandLine: C:\\windows\\system32\\DllHost.exe /Processid:{3E5FC7F9-9A51-4367-9063-A120244FBEC7}","Channel":"Microsoft-Windows-Sysmon/Operational"}
{"GrantedAccess":"0x1fffff","@timestamp":"2020-10-22T01:54:24.296Z","TimeCreated":"2020-10-22T01:54:24.296Z","SourceThreadId":"356","SourceImage":"C:\\windows\\system32\\DllHost.exe","ProviderGuid":"{5770385f-c22a-43e0-bf4c-06f5698ffbd9}","CallTrace":"C:\\windows\\SYSTEM32\\ntdll.dll+9d934|C:\\windows\\System32\\KERNELBASE.dll+59e1a|C:\\windows\\System32\\KERNELBASE.dll+567b6|C:\\windows\\System32\\KERNEL32.DLL+1bee3|C:\\windows\\SYSTEM32\\advpack.dll+9c80|C:\\windows\\SYSTEM32\\advpack.dll+5292|C:\\windows\\SYSTEM32\\advpack.dll+4ed5|C:\\windows\\SYSTEM32\\advpack.dll+469a|C:\\windows\\SYSTEM32\\advpack.dll+3c25|C:\\windows\\SYSTEM32\\advpack.dll+3ac5|C:\\windows\\System32\\cmlua.dll+24b4|C:\\windows\\System32\\cmlua.dll+3196|C:\\windows\\System32\\RPCRT4.dll+76a63|C:\\windows\\System32\\RPCRT4.dll+da036|C:\\windows\\System32\\RPCRT4.dll+383b9|C:\\windows\\System32\\combase.dll+a5cff|C:\\windows\\System32\\RPCRT4.dll+59bab|C:\\windows\\System32\\combase.dll+8d0e3|C:\\windows\\System32\\combase.dll+8ced3|C:\\windows\\System32\\combase.dll+a9556|C:\\windows\\System32\\combase.dll+8a4fa|C:\\windows\\System32\\combase.dll+8b1bd|C:\\windows\\System32\\combase.dll+401ac|C:\\windows\\System32\\combase.dll+40a11","UtcTime":"2020-10-22 05:54:24.290","TargetProcessGUID":"{39e4a257-1e90-5f91-cc12-000000000700}","SourceProcessId":"10620","Level":"4","Channel":"Microsoft-Windows-Sysmon/Operational","Task":"10","RuleName":"-","SourceName":"Microsoft-Windows-Sysmon","Hostname":"WORKSTATION5","SourceProcessGUID":"{39e4a257-1e90-5f91-cb12-000000000700}","TargetProcessId":"9996","EventID":10,"Keywords":"0x8000000000000000","TargetImage":"c:\\windows\\system32\\cmd.exe","Message":"Process accessed:\r\nRuleName: -\r\nUtcTime: 2020-10-22 05:54:24.290\r\nSourceProcessGUID: {39e4a257-1e90-5f91-cb12-000000000700}\r\nSourceProcessId: 10620\r\nSourceThreadId: 356\r\nSourceImage: C:\\windows\\system32\\DllHost.exe\r\nTargetProcessGUID: {39e4a257-1e90-5f91-cc12-000000000700}\r\nTargetProcessId: 9996\r\nTargetImage: c:\\windows\\system32\\cmd.exe\r\nGrantedAccess: 0x1FFFFF\r\nCallTrace: C:\\windows\\SYSTEM32\\ntdll.dll+9d934|C:\\windows\\System32\\KERNELBASE.dll+59e1a|C:\\windows\\System32\\KERNELBASE.dll+567b6|C:\\windows\\System32\\KERNEL32.DLL+1bee3|C:\\windows\\SYSTEM32\\advpack.dll+9c80|C:\\windows\\SYSTEM32\\advpack.dll+5292|C:\\windows\\SYSTEM32\\advpack.dll+4ed5|C:\\windows\\SYSTEM32\\advpack.dll+469a|C:\\windows\\SYSTEM32\\advpack.dll+3c25|C:\\windows\\SYSTEM32\\advpack.dll+3ac5|C:\\windows\\System32\\cmlua.dll+24b4|C:\\windows\\System32\\cmlua.dll+3196|C:\\windows\\System32\\RPCRT4.dll+76a63|C:\\windows\\System32\\RPCRT4.dll+da036|C:\\windows\\System32\\RPCRT4.dll+383b9|C:\\windows\\System32\\combase.dll+a5cff|C:\\windows\\System32\\RPCRT4.dll+59bab|C:\\windows\\System32\\combase.dll+8d0e3|C:\\windows\\System32\\combase.dll+8ced3|C:\\windows\\System32\\combase.dll+a9556|C:\\windows\\System32\\combase.dll+8a4fa|C:\\windows\\System32\\combase.dll+8b1bd|C:\\windows\\System32\\combase.dll+401ac|C:\\windows\\System32\\combase.dll+40a11"}
{"GrantedAccess":"0x1fffff","@timestamp":"2020-10-22T01:54:24.296Z","TimeCreated":"2020-10-22T01:54:24.296Z","SourceThreadId":"5140","SourceImage":"C:\\windows\\system32\\csrss.exe","ProviderGuid":"{5770385f-c22a-43e0-bf4c-06f5698ffbd9}","CallTrace":"C:\\windows\\SYSTEM32\\ntdll.dll+9c584|C:\\windows\\system32\\basesrv.DLL+2fba|C:\\windows\\SYSTEM32\\CSRSRV.dll+5af4|C:\\windows\\SYSTEM32\\ntdll.dll+6ceaf","UtcTime":"2020-10-22 05:54:24.290","TargetProcessGUID":"{39e4a257-1e90-5f91-cc12-000000000700}","SourceProcessId":"5672","Level":"4","Channel":"Microsoft-Windows-Sysmon/Operational","Task":"10","RuleName":"-","SourceName":"Microsoft-Windows-Sysmon","Hostname":"WORKSTATION5","SourceProcessGUID":"{39e4a257-f1a8-5f8b-8d00-000000000700}","TargetProcessId":"9996","EventID":10,"Keywords":"0x8000000000000000","TargetImage":"c:\\windows\\system32\\cmd.exe","Message":"Process accessed:\r\nRuleName: -\r\nUtcTime: 2020-10-22 05:54:24.290\r\nSourceProcessGUID: {39e4a257-f1a8-5f8b-8d00-000000000700}\r\nSourceProcessId: 5672\r\nSourceThreadId: 5140\r\nSourceImage: C:\\windows\\system32\\csrss.exe\r\nTargetProcessGUID: {39e4a257-1e90-5f91-cc12-000000000700}\r\nTargetProcessId: 9996\r\nTargetImage: c:\\windows\\system32\\cmd.exe\r\nGrantedAccess: 0x1FFFFF\r\nCallTrace: C:\\windows\\SYSTEM32\\ntdll.dll+9c584|C:\\windows\\system32\\basesrv.DLL+2fba|C:\\windows\\SYSTEM32\\CSRSRV.dll+5af4|C:\\windows\\SYSTEM32\\ntdll.dll+6ceaf"}
{"@timestamp":"2020-10-22T01:54:24.298Z","TimeCreated":"2020-10-22T01:54:24.298Z","Hashes":"SHA1=2006BDF15EAED226CE4FDB5337F7C121C311A0AE,MD5=3051E3AB25FBF0401FCA1A4CF63B2507,SHA256=B9FE6B85C174DB6BCAF0DA9961B9247FC79F0757DB3401AA3184E80BE339CB75,IMPHASH=00000000000000000000000000000000","Signature":"Microsoft Windows","ProviderGuid":"{5770385f-c22a-43e0-bf4c-06f5698ffbd9}","Company":"Microsoft Corporation","UtcTime":"2020-10-22 05:54:24.290","ProcessGuid":"{39e4a257-1e90-5f91-cc12-000000000700}","Image":"C:\\Windows\\System32\\cmd.exe","ImageLoaded":"C:\\Windows\\System32\\ntdll.dll","Level":"4","Channel":"Microsoft-Windows-Sysmon/Operational","Task":"7","RuleName":"-","FileVersion":"10.0.18362.1139 (WinBuild.160101.0800)","SourceName":"Microsoft-Windows-Sysmon","Hostname":"WORKSTATION5","ProcessId":"9996","Description":"NT Layer DLL","SignatureStatus":"Valid","Product":"Microsoft Windows Operating System","EventID":7,"Keywords":"0x8000000000000000","Signed":"true","OriginalFileName":"ntdll.dll","Message":"Image loaded:\r\nRuleName: -\r\nUtcTime: 2020-10-22 05:54:24.290\r\nProcessGuid: {39e4a257-1e90-5f91-cc12-000000000700}\r\nProcessId: 9996\r\nImage: C:\\Windows\\System32\\cmd.exe\r\nImageLoaded: C:\\Windows\\System32\\ntdll.dll\r\nFileVersion: 10.0.18362.1139 (WinBuild.160101.0800)\r\nDescription: NT Layer DLL\r\nProduct: Microsoft Windows Operating System\r\nCompany: Microsoft Corporation\r\nOriginalFileName: ntdll.dll\r\nHashes: SHA1=2006BDF15EAED226CE4FDB5337F7C121C311A0AE,MD5=3051E3AB25FBF0401FCA1A4CF63B2507,SHA256=B9FE6B85C174DB6BCAF0DA9961B9247FC79F0757DB3401AA3184E80BE339CB75,IMPHASH=00000000000000000000000000000000\r\nSigned: true\r\nSignature: Microsoft Windows\r\nSignatureStatus: Valid"}
{"@timestamp":"2020-10-22T01:54:24.300Z","TimeCreated":"2020-10-22T01:54:24.300Z","ProviderGuid":"{5770385f-c22a-43e0-bf4c-06f5698ffbd9}","Device":"\\Device\\HarddiskVolume1","UtcTime":"2020-10-22 05:54:24.290","ProcessGuid":"{39e4a257-f121-5f8b-0100-000000000700}","Image":"System","Level":"4","Channel":"Microsoft-Windows-Sysmon/Operational","Task":"9","RuleName":"-","SourceName":"Microsoft-Windows-Sysmon","Hostname":"WORKSTATION5","ProcessId":"4","EventID":9,"Keywords":"0x8000000000000000","Message":"RawAccessRead detected:\r\nRuleName: -\r\nUtcTime: 2020-10-22 05:54:24.290\r\nProcessGuid: {39e4a257-f121-5f8b-0100-000000000700}\r\nProcessId: 4\r\nImage: System\r\nDevice: \\Device\\HarddiskVolume1"}
{"@timestamp":"2020-10-22T01:54:24.300Z","TimeCreated":"2020-10-22T01:54:24.300Z","Hashes":"SHA1=2EB4B872612BFEF3697F7CD2948044A16B98B51B,MD5=04B058D188908EB631CED20F7B2EA3D9,SHA256=F9AA66AA0B302FD79D34447C371816237D8915F371CD53F19744B720B6A03B99,IMPHASH=C99B549EFE7A882B1FC7F457615E8522","Signature":"Microsoft Windows","ProviderGuid":"{5770385f-c22a-43e0-bf4c-06f5698ffbd9}","Company":"Microsoft Corporation","UtcTime":"2020-10-22 05:54:24.243","ProcessGuid":"{39e4a257-1e90-5f91-cb12-000000000700}","Image":"C:\\Windows\\System32\\dllhost.exe","ImageLoaded":"C:\\Windows\\System32\\setupapi.dll","Level":"4","Channel":"Microsoft-Windows-Sysmon/Operational","Task":"7","RuleName":"-","FileVersion":"10.0.18362.1 (WinBuild.160101.0800)","SourceName":"Microsoft-Windows-Sysmon","Hostname":"WORKSTATION5","ProcessId":"10620","Description":"Windows Setup API","SignatureStatus":"Valid","Product":"Microsoft Windows Operating System","EventID":7,"Keywords":"0x8000000000000000","Signed":"true","OriginalFileName":"SETUPAPI.DLL","Message":"Image loaded:\r\nRuleName: -\r\nUtcTime: 2020-10-22 05:54:24.243\r\nProcessGuid: {39e4a257-1e90-5f91-cb12-000000000700}\r\nProcessId: 10620\r\nImage: C:\\Windows\\System32\\dllhost.exe\r\nImageLoaded: C:\\Windows\\System32\\setupapi.dll\r\nFileVersion: 10.0.18362.1 (WinBuild.160101.0800)\r\nDescription: Windows Setup API\r\nProduct: Microsoft Windows Operating System\r\nCompany: Microsoft Corporation\r\nOriginalFileName: SETUPAPI.DLL\r\nHashes: SHA1=2EB4B872612BFEF3697F7CD2948044A16B98B51B,MD5=04B058D188908EB631CED20F7B2EA3D9,SHA256=F9AA66AA0B302FD79D34447C371816237D8915F371CD53F19744B720B6A03B99,IMPHASH=C99B549EFE7A882B1FC7F457615E8522\r\nSigned: true\r\nSignature: Microsoft Windows\r\nSignatureStatus: Valid"}
{"@timestamp":"2020-10-22T01:54:24.300Z","TimeCreated":"2020-10-22T01:54:24.300Z","ProviderGuid":"{5770385f-c22a-43e0-bf4c-06f5698ffbd9}","Device":"\\Device\\HarddiskVolume3","UtcTime":"2020-10-22 05:54:24.290","ProcessGuid":"{39e4a257-f121-5f8b-0100-000000000700}","Image":"System","Level":"4","Channel":"Microsoft-Windows-Sysmon/Operational","Task":"9","RuleName":"-","SourceName":"Microsoft-Windows-Sysmon","Hostname":"WORKSTATION5","ProcessId":"4","EventID":9,"Keywords":"0x8000000000000000","Message":"RawAccessRead detected:\r\nRuleName: -\r\nUtcTime: 2020-10-22 05:54:24.290\r\nProcessGuid: {39e4a257-f121-5f8b-0100-000000000700}\r\nProcessId: 4\r\nImage: System\r\nDevice: \\Device\\HarddiskVolume3"}
{"@timestamp":"2020-10-22T01:54:24.300Z","TimeCreated":"2020-10-22T01:54:24.300Z","ProviderGuid":"{5770385f-c22a-43e0-bf4c-06f5698ffbd9}","Device":"\\Device\\HarddiskVolume2","UtcTime":"2020-10-22 05:54:24.290","ProcessGuid":"{39e4a257-f121-5f8b-0100-000000000700}","Image":"System","Level":"4","Channel":"Microsoft-Windows-Sysmon/Operational","Task":"9","RuleName":"-","SourceName":"Microsoft-Windows-Sysmon","Hostname":"WORKSTATION5","ProcessId":"4","EventID":9,"Keywords":"0x8000000000000000","Message":"RawAccessRead detected:\r\nRuleName: -\r\nUtcTime: 2020-10-22 05:54:24.290\r\nProcessGuid: {39e4a257-f121-5f8b-0100-000000000700}\r\nProcessId: 4\r\nImage: System\r\nDevice: \\Device\\HarddiskVolume2"}
{"@timestamp":"2020-10-22T01:54:24.308Z","TimeCreated":"2020-10-22T01:54:24.308Z","Hashes":"SHA1=D207A86541CABC3190BBD5B1CC982F6D7C90051B,MD5=ED906DB51BCB4F5A68606D2683AF44A3,SHA256=DF5CE6E95294579D7D7D16C47CB3DC5C8FA1DB53CCE56091E3496309B0D87536,IMPHASH=D3645703895C4EBB8EA5B9B26816A081","Signature":"Microsoft Windows","ProviderGuid":"{5770385f-c22a-43e0-bf4c-06f5698ffbd9}","Company":"Microsoft Corporation","UtcTime":"2020-10-22 05:54:24.306","ProcessGuid":"{39e4a257-1e90-5f91-cc12-000000000700}","Image":"C:\\Windows\\System32\\cmd.exe","ImageLoaded":"C:\\Windows\\System32\\kernel32.dll","Level":"4","Channel":"Microsoft-Windows-Sysmon/Operational","Task":"7","RuleName":"-","FileVersion":"10.0.18362.1110 (WinBuild.160101.0800)","SourceName":"Microsoft-Windows-Sysmon","Hostname":"WORKSTATION5","ProcessId":"9996","Description":"Windows NT BASE API Client DLL","SignatureStatus":"Valid","Product":"Microsoft Windows Operating System","EventID":7,"Keywords":"0x8000000000000000","Signed":"true","OriginalFileName":"kernel32","Message":"Image loaded:\r\nRuleName: -\r\nUtcTime: 2020-10-22 05:54:24.306\r\nProcessGuid: {39e4a257-1e90-5f91-cc12-000000000700}\r\nProcessId: 9996\r\nImage: C:\\Windows\\System32\\cmd.exe\r\nImageLoaded: C:\\Windows\\System32\\kernel32.dll\r\nFileVersion: 10.0.18362.1110 (WinBuild.160101.0800)\r\nDescription: Windows NT BASE API Client DLL\r\nProduct: Microsoft Windows Operating System\r\nCompany: Microsoft Corporation\r\nOriginalFileName: kernel32\r\nHashes: SHA1=D207A86541CABC3190BBD5B1CC982F6D7C90051B,MD5=ED906DB51BCB4F5A68606D2683AF44A3,SHA256=DF5CE6E95294579D7D7D16C47CB3DC5C8FA1DB53CCE56091E3496309B0D87536,IMPHASH=D3645703895C4EBB8EA5B9B26816A081\r\nSigned: true\r\nSignature: Microsoft Windows\r\nSignatureStatus: Valid"}
{"@timestamp":"2020-10-22T01:54:24.309Z","TimeCreated":"2020-10-22T01:54:24.309Z","Hashes":"SHA1=48B3741C6497B40F71868EFAAA9EB7A224CB8060,MD5=AEE6D39564EEB18A90C3160215941B46,SHA256=6733FEEA211EA651B5DF46D391825D7861126546AE80A42A4C1E7B1ABD0E4DA5,IMPHASH=16003AF856720C35351BB8C14AD0B0A8","Signature":"Microsoft Windows","ProviderGuid":"{5770385f-c22a-43e0-bf4c-06f5698ffbd9}","Company":"Microsoft Corporation","UtcTime":"2020-10-22 05:54:24.306","ProcessGuid":"{39e4a257-1e90-5f91-cc12-000000000700}","Image":"C:\\Windows\\System32\\cmd.exe","ImageLoaded":"C:\\Windows\\System32\\KernelBase.dll","Level":"4","Channel":"Microsoft-Windows-Sysmon/Operational","Task":"7","RuleName":"-","FileVersion":"10.0.18362.1139 (WinBuild.160101.0800)","SourceName":"Microsoft-Windows-Sysmon","Hostname":"WORKSTATION5","ProcessId":"9996","Description":"Windows NT BASE API Client DLL","SignatureStatus":"Valid","Product":"Microsoft Windows Operating System","EventID":7,"Keywords":"0x8000000000000000","Signed":"true","OriginalFileName":"Kernelbase.dll","Message":"Image loaded:\r\nRuleName: -\r\nUtcTime: 2020-10-22 05:54:24.306\r\nProcessGuid: {39e4a257-1e90-5f91-cc12-000000000700}\r\nProcessId: 9996\r\nImage: C:\\Windows\\System32\\cmd.exe\r\nImageLoaded: C:\\Windows\\System32\\KernelBase.dll\r\nFileVersion: 10.0.18362.1139 (WinBuild.160101.0800)\r\nDescription: Windows NT BASE API Client DLL\r\nProduct: Microsoft Windows Operating System\r\nCompany: Microsoft Corporation\r\nOriginalFileName: Kernelbase.dll\r\nHashes: SHA1=48B3741C6497B40F71868EFAAA9EB7A224CB8060,MD5=AEE6D39564EEB18A90C3160215941B46,SHA256=6733FEEA211EA651B5DF46D391825D7861126546AE80A42A4C1E7B1ABD0E4DA5,IMPHASH=16003AF856720C35351BB8C14AD0B0A8\r\nSigned: true\r\nSignature: Microsoft Windows\r\nSignatureStatus: Valid"}
{"@timestamp":"2020-10-22T01:54:24.311Z","TimeCreated":"2020-10-22T01:54:24.311Z","ProviderGuid":"{5770385f-c22a-43e0-bf4c-06f5698ffbd9}","UtcTime":"2020-10-22 05:54:24.306","ProcessGuid":"{39e4a257-1e90-5f91-cc12-000000000700}","Image":"c:\\windows\\system32\\cmd.exe","Level":"4","Channel":"Microsoft-Windows-Sysmon/Operational","Task":"13","RuleName":"-","SourceName":"Microsoft-Windows-Sysmon","Hostname":"WORKSTATION5","Details":"Binary Data","ProcessId":"9996","EventType":"SetValue","EventID":13,"Keywords":"0x8000000000000000","TargetObject":"HKLM\\System\\CurrentControlSet\\Services\\bam\\State\\UserSettings\\S-1-5-21-3940915590-64593676-1414006259-500\\\\Device\\HarddiskVolume2\\Windows\\System32\\conhost.exe","Message":"Registry value set:\r\nRuleName: -\r\nEventType: SetValue\r\nUtcTime: 2020-10-22 05:54:24.306\r\nProcessGuid: {39e4a257-1e90-5f91-cc12-000000000700}\r\nProcessId: 9996\r\nImage: c:\\windows\\system32\\cmd.exe\r\nTargetObject: HKLM\\System\\CurrentControlSet\\Services\\bam\\State\\UserSettings\\S-1-5-21-3940915590-64593676-1414006259-500\\\\Device\\HarddiskVolume2\\Windows\\System32\\conhost.exe\r\nDetails: Binary Data"}
