{"@timestamp":"2020-10-22T01:54:26.385Z","TimeCreated":"2020-10-22T01:54:26.385Z","QueryName":"08db070170bc0d76926927f29ab734f6.clo.footprintdns.com","ProviderGuid":"{5770385f-c22a-43e0-bf4c-06f5698ffbd9}","UtcTime":"2020-10-22 05:54:24.271","ProcessGuid":"{39e4a257-f138-5f8b-5600-000000000700}","Image":"C:\\ProgramData\\Microsoft\\Windows Defender\\Platform\\4.18.2009.7-0\\MsMpEng.exe","Level":"4","Channel":"Microsoft-Windows-Sysmon/Operational","Task":"22","RuleName":"-","QueryStatus":"9701","SourceName":"Microsoft-Windows-Sysmon","Hostname":"WORKSTATION5","QueryResults":"-","ProcessId":"3408","EventID":22,"Keywords":"0x8000000000000000","Message":"Dns query:\r\nRuleName: -\r\nUtcTime: 2020-10-22 05:54:24.271\r\nProcessGuid: {39e4a257-f138-5f8b-5600-000000000700}\r\nProcessId: 3408\r\nQueryName: 08db070170bc0d76926927f29ab734f6.clo.footprintdns.com\r\nQueryStatus: 9701\r\nQueryResults: -\r\nImage: C:\\ProgramData\\Microsoft\\Windows Defender\\Platform\\4.18.2009.7-0\\MsMpEng.exe"}
{"@timestamp":"2020-10-22T01:54:26.385Z","TimeCreated":"2020-10-22T01:54:26.385Z","QueryName":"f58c041678d31d8d64c89966801dd3ab.nrb.footprintdns.com","ProviderGuid":"{5770385f-c22a-43e0-bf4c-06f5698ffbd9}","UtcTime":"2020-10-22 05:54:24.271","ProcessGuid":"{39e4a257-f138-5f8b-5600-000000000700}","Image":"C:\\ProgramData\\Microsoft\\Windows Defender\\Platform\\4.18.2009.7-0\\MsMpEng.exe","Level":"4","Channel":"Microsoft-Windows-Sysmon/Operational","Task":"22","RuleName":"-","QueryStatus":"9701","SourceName":"Microsoft-Windows-Sysmon","Hostname":"WORKSTATION5","QueryResults":"-","ProcessId":"3408","EventID":22,"Keywords":"0x8000000000000000","Message":"Dns query:\r\nRuleName: -\r\nUtcTime: 2020-10-22 05:54:24.271\r\nProcessGuid: {39e4a257-f138-5f8b-5600-000000000700}\r\nProcessId: 3408\r\nQueryName: f58c041678d31d8d64c89966801dd3ab.nrb.footprintdns.com\r\nQueryStatus: 9701\r\nQueryResults: -\r\nImage: C:\\ProgramData\\Microsoft\\Windows Defender\\Platform\\4.18.2009.7-0\\MsMpEng.exe"}
{"@timestamp":"2020-10-22T01:54:26.385Z","TimeCreated":"2020-10-22T01:54:26.385Z","QueryName":"t-ring.msedge.net","ProviderGuid":"{5770385f-c22a-43e0-bf4c-06f5698ffbd9}","UtcTime":"2020-10-22 05:54:24.271","ProcessGuid":"{39e4a257-f138-5f8b-5600-000000000700}","Image":"C:\\ProgramData\\Microsoft\\Windows Defender\\Platform\\4.18.2009.7-0\\MsMpEng.exe","Level":"4","Channel":"Microsoft-Windows-Sysmon/Operational","Task":"22","RuleName":"-","QueryStatus":"0","SourceName":"Microsoft-Windows-Sysmon","Hostname":"WORKSTATION5","QueryResults":"type:  5 t-ring.t-9999.t-msedge.net;type:  5 t-9999.t-msedge.net;13.107.246.254;","ProcessId":"3408","EventID":22,"Keywords":"0x8000000000000000","Message":"Dns query:\r\nRuleName: -\r\nUtcTime: 2020-10-22 05:54:24.271\r\nProcessGuid: {39e4a257-f138-5f8b-5600-000000000700}\r\nProcessId: 3408\r\nQueryName: t-ring.msedge.net\r\nQueryStatus: 0\r\nQueryResults: type:  5 t-ring.t-9999.t-msedge.net;type:  5 t-9999.t-msedge.net;13.107.246.254;\r\nImage: C:\\ProgramData\\Microsoft\\Windows Defender\\Platform\\4.18.2009.7-0\\MsMpEng.exe"}
{"@timestamp":"2020-10-22T01:54:26.385Z","TimeCreated":"2020-10-22T01:54:26.385Z","QueryName":"rtb.adentifi.com","ProviderGuid":"{5770385f-c22a-43e0-bf4c-06f5698ffbd9}","UtcTime":"2020-10-22 05:54:24.272","ProcessGuid":"{39e4a257-f138-5f8b-5600-000000000700}","Image":"C:\\ProgramData\\Microsoft\\Windows Defender\\Platform\\4.18.2009.7-0\\MsMpEng.exe","Level":"4","Channel":"Microsoft-Windows-Sysmon/Operational","Task":"22","RuleName":"-","QueryStatus":"9701","SourceName":"Microsoft-Windows-Sysmon","Hostname":"WORKSTATION5","QueryResults":"-","ProcessId":"3408","EventID":22,"Keywords":"0x8000000000000000","Message":"Dns query:\r\nRuleName: -\r\nUtcTime: 2020-10-22 05:54:24.272\r\nProcessGuid: {39e4a257-f138-5f8b-5600-000000000700}\r\nProcessId: 3408\r\nQueryName: rtb.adentifi.com\r\nQueryStatus: 9701\r\nQueryResults: -\r\nImage: C:\\ProgramData\\Microsoft\\Windows Defender\\Platform\\4.18.2009.7-0\\MsMpEng.exe"}
{"@timestamp":"2020-10-22T01:54:26.385Z","TimeCreated":"2020-10-22T01:54:26.385Z","QueryName":"cdn1.lockerdomecdn.com","ProviderGuid":"{5770385f-c22a-43e0-bf4c-06f5698ffbd9}","UtcTime":"2020-10-22 05:54:24.272","ProcessGuid":"{39e4a257-f138-5f8b-5600-000000000700}","Image":"C:\\ProgramData\\Microsoft\\Windows Defender\\Platform\\4.18.2009.7-0\\MsMpEng.exe","Level":"4","Channel":"Microsoft-Windows-Sysmon/Operational","Task":"22","RuleName":"-","QueryStatus":"9701","SourceName":"Microsoft-Windows-Sysmon","Hostname":"WORKSTATION5","QueryResults":"-","ProcessId":"3408","EventID":22,"Keywords":"0x8000000000000000","Message":"Dns query:\r\nRuleName: -\r\nUtcTime: 2020-10-22 05:54:24.272\r\nProcessGuid: {39e4a257-f138-5f8b-5600-000000000700}\r\nProcessId: 3408\r\nQueryName: cdn1.lockerdomecdn.com\r\nQueryStatus: 9701\r\nQueryResults: -\r\nImage: C:\\ProgramData\\Microsoft\\Windows Defender\\Platform\\4.18.2009.7-0\\MsMpEng.exe"}
{"@timestamp":"2020-10-22T01:54:26.385Z","TimeCreated":"2020-10-22T01:54:26.385Z","QueryName":"pr-bh.ybp.yahoo.com","ProviderGuid":"{5770385f-c22a-43e0-bf4c-06f5698ffbd9}","UtcTime":"2020-10-22 05:54:24.272","ProcessGuid":"{39e4a257-f138-5f8b-5600-000000000700}","Image":"C:\\ProgramData\\Microsoft\\Windows Defender\\Platform\\4.18.2009.7-0\\MsMpEng.exe","Level":"4","Channel":"Microsoft-Windows-Sysmon/Operational","Task":"22","RuleName":"-","QueryStatus":"9701","SourceName":"Microsoft-Windows-Sysmon","Hostname":"WORKSTATION5","QueryResults":"-","ProcessId":"3408","EventID":22,"Keywords":"0x8000000000000000","Message":"Dns query:\r\nRuleName: -\r\nUtcTime: 2020-10-22 05:54:24.272\r\nProcessGuid: {39e4a257-f138-5f8b-5600-000000000700}\r\nProcessId: 3408\r\nQueryName: pr-bh.ybp.yahoo.com\r\nQueryStatus: 9701\r\nQueryResults: -\r\nImage: C:\\ProgramData\\Microsoft\\Windows Defender\\Platform\\4.18.2009.7-0\\MsMpEng.exe"}
{"@timestamp":"2020-10-22T01:54:26.385Z","TimeCreated":"2020-10-22T01:54:26.385Z","QueryName":"image4.pubmatic.com","ProviderGuid":"{5770385f-c22a-43e0-bf4c-06f5698ffbd9}","UtcTime":"2020-10-22 05:54:24.272","ProcessGuid":"{39e4a257-f138-5f8b-5600-000000000700}","Image":"C:\\ProgramData\\Microsoft\\Windows Defender\\Platform\\4.18.2009.7-0\\MsMpEng.exe","Level":"4","Channel":"Microsoft-Windows-Sysmon/Operational","Task":"22","RuleName":"-","QueryStatus":"9701","SourceName":"Microsoft-Windows-Sysmon","Hostname":"WORKSTATION5","QueryResults":"-","ProcessId":"3408","EventID":22,"Keywords":"0x8000000000000000","Message":"Dns query:\r\nRuleName: -\r\nUtcTime: 2020-10-22 05:54:24.272\r\nProcessGuid: {39e4a257-f138-5f8b-5600-000000000700}\r\nProcessId: 3408\r\nQueryName: image4.pubmatic.com\r\nQueryStatus: 9701\r\nQueryResults: -\r\nImage: C:\\ProgramData\\Microsoft\\Windows Defender\\Platform\\4.18.2009.7-0\\MsMpEng.exe"}
{"@timestamp":"2020-10-22T01:54:26.385Z","TimeCreated":"2020-10-22T01:54:26.385Z","QueryName":"prod.perf-serving.com","ProviderGuid":"{5770385f-c22a-43e0-bf4c-06f5698ffbd9}","UtcTime":"2020-10-22 05:54:24.272","ProcessGuid":"{39e4a257-f138-5f8b-5600-000000000700}","Image":"C:\\ProgramData\\Microsoft\\Windows Defender\\Platform\\4.18.2009.7-0\\MsMpEng.exe","Level":"4","Channel":"Microsoft-Windows-Sysmon/Operational","Task":"22","RuleName":"-","QueryStatus":"9701","SourceName":"Microsoft-Windows-Sysmon","Hostname":"WORKSTATION5","QueryResults":"-","ProcessId":"3408","EventID":22,"Keywords":"0x8000000000000000","Message":"Dns query:\r\nRuleName: -\r\nUtcTime: 2020-10-22 05:54:24.272\r\nProcessGuid: {39e4a257-f138-5f8b-5600-000000000700}\r\nProcessId: 3408\r\nQueryName: prod.perf-serving.com\r\nQueryStatus: 9701\r\nQueryResults: -\r\nImage: C:\\ProgramData\\Microsoft\\Windows Defender\\Platform\\4.18.2009.7-0\\MsMpEng.exe"}
{"@timestamp":"2020-10-22T01:54:26.385Z","TimeCreated":"2020-10-22T01:54:26.385Z","QueryName":"image2.pubmatic.com","ProviderGuid":"{5770385f-c22a-43e0-bf4c-06f5698ffbd9}","UtcTime":"2020-10-22 05:54:24.272","ProcessGuid":"{39e4a257-f138-5f8b-5600-000000000700}","Image":"C:\\ProgramData\\Microsoft\\Windows Defender\\Platform\\4.18.2009.7-0\\MsMpEng.exe","Level":"4","Channel":"Microsoft-Windows-Sysmon/Operational","Task":"22","RuleName":"-","QueryStatus":"9701","SourceName":"Microsoft-Windows-Sysmon","Hostname":"WORKSTATION5","QueryResults":"-","ProcessId":"3408","EventID":22,"Keywords":"0x8000000000000000","Message":"Dns query:\r\nRuleName: -\r\nUtcTime: 2020-10-22 05:54:24.272\r\nProcessGuid: {39e4a257-f138-5f8b-5600-000000000700}\r\nProcessId: 3408\r\nQueryName: image2.pubmatic.com\r\nQueryStatus: 9701\r\nQueryResults: -\r\nImage: C:\\ProgramData\\Microsoft\\Windows Defender\\Platform\\4.18.2009.7-0\\MsMpEng.exe"}
{"@timestamp":"2020-10-22T01:54:26.386Z","TimeCreated":"2020-10-22T01:54:26.386Z","QueryName":"aa.agkn.com","ProviderGuid":"{5770385f-c22a-43e0-bf4c-06f5698ffbd9}","UtcTime":"2020-10-22 05:54:24.273","ProcessGuid":"{39e4a257-f138-5f8b-5600-000000000700}","Image":"C:\\ProgramData\\Microsoft\\Windows Defender\\Platform\\4.18.2009.7-0\\MsMpEng.exe","Level":"4","Channel":"Microsoft-Windows-Sysmon/Operational","Task":"22","RuleName":"-","QueryStatus":"9701","SourceName":"Microsoft-Windows-Sysmon","Hostname":"WORKSTATION5","QueryResults":"-","ProcessId":"3408","EventID":22,"Keywords":"0x8000000000000000","Message":"Dns query:\r\nRuleName: -\r\nUtcTime: 2020-10-22 05:54:24.273\r\nProcessGuid: {39e4a257-f138-5f8b-5600-000000000700}\r\nProcessId: 3408\r\nQueryName: aa.agkn.com\r\nQueryStatus: 9701\r\nQueryResults: -\r\nImage: C:\\ProgramData\\Microsoft\\Windows Defender\\Platform\\4.18.2009.7-0\\MsMpEng.exe"}
{"@timestamp":"2020-10-22T01:54:26.386Z","TimeCreated":"2020-10-22T01:54:26.386Z","QueryName":"ocsp.sca1b.amazontrust.com","ProviderGuid":"{5770385f-c22a-43e0-bf4c-06f5698ffbd9}","UtcTime":"2020-10-22 05:54:24.273","ProcessGuid":"{39e4a257-f138-5f8b-5600-000000000700}","Image":"C:\\ProgramData\\Microsoft\\Windows Defender\\Platform\\4.18.2009.7-0\\MsMpEng.exe","Level":"4","Channel":"Microsoft-Windows-Sysmon/Operational","Task":"22","RuleName":"-","QueryStatus":"9701","SourceName":"Microsoft-Windows-Sysmon","Hostname":"WORKSTATION5","QueryResults":"-","ProcessId":"3408","EventID":22,"Keywords":"0x8000000000000000","Message":"Dns query:\r\nRuleName: -\r\nUtcTime: 2020-10-22 05:54:24.273\r\nProcessGuid: {39e4a257-f138-5f8b-5600-000000000700}\r\nProcessId: 3408\r\nQueryName: ocsp.sca1b.amazontrust.com\r\nQueryStatus: 9701\r\nQueryResults: -\r\nImage: C:\\ProgramData\\Microsoft\\Windows Defender\\Platform\\4.18.2009.7-0\\MsMpEng.exe"}
{"@timestamp":"2020-10-22T01:54:26.386Z","TimeCreated":"2020-10-22T01:54:26.386Z","QueryName":"srtb.msn.com","ProviderGuid":"{5770385f-c22a-43e0-bf4c-06f5698ffbd9}","UtcTime":"2020-10-22 05:54:24.273","ProcessGuid":"{39e4a257-f138-5f8b-5600-000000000700}","Image":"C:\\ProgramData\\Microsoft\\Windows Defender\\Platform\\4.18.2009.7-0\\MsMpEng.exe","Level":"4","Channel":"Microsoft-Windows-Sysmon/Operational","Task":"22","RuleName":"-","QueryStatus":"9701","SourceName":"Microsoft-Windows-Sysmon","Hostname":"WORKSTATION5","QueryResults":"-","ProcessId":"3408","EventID":22,"Keywords":"0x8000000000000000","Message":"Dns query:\r\nRuleName: -\r\nUtcTime: 2020-10-22 05:54:24.273\r\nProcessGuid: {39e4a257-f138-5f8b-5600-000000000700}\r\nProcessId: 3408\r\nQueryName: srtb.msn.com\r\nQueryStatus: 9701\r\nQueryResults: -\r\nImage: C:\\ProgramData\\Microsoft\\Windows Defender\\Platform\\4.18.2009.7-0\\MsMpEng.exe"}
{"@timestamp":"2020-10-22T01:54:26.386Z","TimeCreated":"2020-10-22T01:54:26.386Z","QueryName":"ocsp2.globalsign.com","ProviderGuid":"{5770385f-c22a-43e0-bf4c-06f5698ffbd9}","UtcTime":"2020-10-22 05:54:24.273","ProcessGuid":"{39e4a257-f138-5f8b-5600-000000000700}","Image":"C:\\ProgramData\\Microsoft\\Windows Defender\\Platform\\4.18.2009.7-0\\MsMpEng.exe","Level":"4","Channel":"Microsoft-Windows-Sysmon/Operational","Task":"22","RuleName":"-","QueryStatus":"9701","SourceName":"Microsoft-Windows-Sysmon","Hostname":"WORKSTATION5","QueryResults":"-","ProcessId":"3408","EventID":22,"Keywords":"0x8000000000000000","Message":"Dns query:\r\nRuleName: -\r\nUtcTime: 2020-10-22 05:54:24.273\r\nProcessGuid: {39e4a257-f138-5f8b-5600-000000000700}\r\nProcessId: 3408\r\nQueryName: ocsp2.globalsign.com\r\nQueryStatus: 9701\r\nQueryResults: -\r\nImage: C:\\ProgramData\\Microsoft\\Windows Defender\\Platform\\4.18.2009.7-0\\MsMpEng.exe"}
{"@timestamp":"2020-10-22T01:54:26.386Z","TimeCreated":"2020-10-22T01:54:26.386Z","QueryName":"azwancan.trafficmanager.net","ProviderGuid":"{5770385f-c22a-43e0-bf4c-06f5698ffbd9}","UtcTime":"2020-10-22 05:54:24.273","ProcessGuid":"{39e4a257-f138-5f8b-5600-000000000700}","Image":"C:\\ProgramData\\Microsoft\\Windows Defender\\Platform\\4.18.2009.7-0\\MsMpEng.exe","Level":"4","Channel":"Microsoft-Windows-Sysmon/Operational","Task":"22","RuleName":"-","QueryStatus":"9701","SourceName":"Microsoft-Windows-Sysmon","Hostname":"WORKSTATION5","QueryResults":"-","ProcessId":"3408","EventID":22,"Keywords":"0x8000000000000000","Message":"Dns query:\r\nRuleName: -\r\nUtcTime: 2020-10-22 05:54:24.273\r\nProcessGuid: {39e4a257-f138-5f8b-5600-000000000700}\r\nProcessId: 3408\r\nQueryName: azwancan.trafficmanager.net\r\nQueryStatus: 9701\r\nQueryResults: -\r\nImage: C:\\ProgramData\\Microsoft\\Windows Defender\\Platform\\4.18.2009.7-0\\MsMpEng.exe"}
{"@timestamp":"2020-10-22T01:54:26.386Z","TimeCreated":"2020-10-22T01:54:26.386Z","QueryName":"cvision.media.net","ProviderGuid":"{5770385f-c22a-43e0-bf4c-06f5698ffbd9}","UtcTime":"2020-10-22 05:54:24.274","ProcessGuid":"{39e4a257-f138-5f8b-5600-000000000700}","Image":"C:\\ProgramData\\Microsoft\\Windows Defender\\Platform\\4.18.2009.7-0\\MsMpEng.exe","Level":"4","Channel":"Microsoft-Windows-Sysmon/Operational","Task":"22","RuleName":"-","QueryStatus":"9701","SourceName":"Microsoft-Windows-Sysmon","Hostname":"WORKSTATION5","QueryResults":"-","ProcessId":"3408","EventID":22,"Keywords":"0x8000000000000000","Message":"Dns query:\r\nRuleName: -\r\nUtcTime: 2020-10-22 05:54:24.274\r\nProcessGuid: {39e4a257-f138-5f8b-5600-000000000700}\r\nProcessId: 3408\r\nQueryName: cvision.media.net\r\nQueryStatus: 9701\r\nQueryResults: -\r\nImage: C:\\ProgramData\\Microsoft\\Windows Defender\\Platform\\4.18.2009.7-0\\MsMpEng.exe"}
{"@timestamp":"2020-10-22T01:54:26.386Z","TimeCreated":"2020-10-22T01:54:26.386Z","QueryName":"a.tribalfusion.com","ProviderGuid":"{5770385f-c22a-43e0-bf4c-06f5698ffbd9}","UtcTime":"2020-10-22 05:54:24.274","ProcessGuid":"{39e4a257-f138-5f8b-5600-000000000700}","Image":"C:\\ProgramData\\Microsoft\\Windows Defender\\Platform\\4.18.2009.7-0\\MsMpEng.exe","Level":"4","Channel":"Microsoft-Windows-Sysmon/Operational","Task":"22","RuleName":"-","QueryStatus":"9701","SourceName":"Microsoft-Windows-Sysmon","Hostname":"WORKSTATION5","QueryResults":"-","ProcessId":"3408","EventID":22,"Keywords":"0x8000000000000000","Message":"Dns query:\r\nRuleName: -\r\nUtcTime: 2020-10-22 05:54:24.274\r\nProcessGuid: {39e4a257-f138-5f8b-5600-000000000700}\r\nProcessId: 3408\r\nQueryName: a.tribalfusion.com\r\nQueryStatus: 9701\r\nQueryResults: -\r\nImage: C:\\ProgramData\\Microsoft\\Windows Defender\\Platform\\4.18.2009.7-0\\MsMpEng.exe"}
{"@timestamp":"2020-10-22T01:54:26.386Z","TimeCreated":"2020-10-22T01:54:26.386Z","QueryName":"contextual.media.net","ProviderGuid":"{5770385f-c22a-43e0-bf4c-06f5698ffbd9}","UtcTime":"2020-10-22 05:54:24.274","ProcessGuid":"{39e4a257-f138-5f8b-5600-000000000700}","Image":"C:\\ProgramData\\Microsoft\\Windows Defender\\Platform\\4.18.2009.7-0\\MsMpEng.exe","Level":"4","Channel":"Microsoft-Windows-Sysmon/Operational","Task":"22","RuleName":"-","QueryStatus":"9701","SourceName":"Microsoft-Windows-Sysmon","Hostname":"WORKSTATION5","QueryResults":"-","ProcessId":"3408","EventID":22,"Keywords":"0x8000000000000000","Message":"Dns query:\r\nRuleName: -\r\nUtcTime: 2020-10-22 05:54:24.274\r\nProcessGuid: {39e4a257-f138-5f8b-5600-000000000700}\r\nProcessId: 3408\r\nQueryName: contextual.media.net\r\nQueryStatus: 9701\r\nQueryResults: -\r\nImage: C:\\ProgramData\\Microsoft\\Windows Defender\\Platform\\4.18.2009.7-0\\MsMpEng.exe"}
{"@timestamp":"2020-10-22T01:54:26.386Z","TimeCreated":"2020-10-22T01:54:26.386Z","QueryName":"o.ss2.us","ProviderGuid":"{5770385f-c22a-43e0-bf4c-06f5698ffbd9}","UtcTime":"2020-10-22 05:54:24.274","ProcessGuid":"{39e4a257-f138-5f8b-5600-000000000700}","Image":"C:\\ProgramData\\Microsoft\\Windows Defender\\Platform\\4.18.2009.7-0\\MsMpEng.exe","Level":"4","Channel":"Microsoft-Windows-Sysmon/Operational","Task":"22","RuleName":"-","QueryStatus":"9701","SourceName":"Microsoft-Windows-Sysmon","Hostname":"WORKSTATION5","QueryResults":"-","ProcessId":"3408","EventID":22,"Keywords":"0x8000000000000000","Message":"Dns query:\r\nRuleName: -\r\nUtcTime: 2020-10-22 05:54:24.274\r\nProcessGuid: {39e4a257-f138-5f8b-5600-000000000700}\r\nProcessId: 3408\r\nQueryName: o.ss2.us\r\nQueryStatus: 9701\r\nQueryResults: -\r\nImage: C:\\ProgramData\\Microsoft\\Windows Defender\\Platform\\4.18.2009.7-0\\MsMpEng.exe"}
{"@timestamp":"2020-10-22T01:54:26.386Z","TimeCreated":"2020-10-22T01:54:26.386Z","QueryName":"usermatch.krxd.net","ProviderGuid":"{5770385f-c22a-43e0-bf4c-06f5698ffbd9}","UtcTime":"2020-10-22 05:54:24.275","ProcessGuid":"{39e4a257-f138-5f8b-5600-000000000700}","Image":"C:\\ProgramData\\Microsoft\\Windows Defender\\Platform\\4.18.2009.7-0\\MsMpEng.exe","Level":"4","Channel":"Microsoft-Windows-Sysmon/Operational","Task":"22","RuleName":"-","QueryStatus":"9701","SourceName":"Microsoft-Windows-Sysmon","Hostname":"WORKSTATION5","QueryResults":"-","ProcessId":"3408","EventID":22,"Keywords":"0x8000000000000000","Message":"Dns query:\r\nRuleName: -\r\nUtcTime: 2020-10-22 05:54:24.275\r\nProcessGuid: {39e4a257-f138-5f8b-5600-000000000700}\r\nProcessId: 3408\r\nQueryName: usermatch.krxd.net\r\nQueryStatus: 9701\r\nQueryResults: -\r\nImage: C:\\ProgramData\\Microsoft\\Windows Defender\\Platform\\4.18.2009.7-0\\MsMpEng.exe"}
{"@timestamp":"2020-10-22T01:54:26.386Z","TimeCreated":"2020-10-22T01:54:26.386Z","QueryName":"az725175.vo.msecnd.net","ProviderGuid":"{5770385f-c22a-43e0-bf4c-06f5698ffbd9}","UtcTime":"2020-10-22 05:54:24.275","ProcessGuid":"{39e4a257-f138-5f8b-5600-000000000700}","Image":"C:\\ProgramData\\Microsoft\\Windows Defender\\Platform\\4.18.2009.7-0\\MsMpEng.exe","Level":"4","Channel":"Microsoft-Windows-Sysmon/Operational","Task":"22","RuleName":"-","QueryStatus":"9701","SourceName":"Microsoft-Windows-Sysmon","Hostname":"WORKSTATION5","QueryResults":"-","ProcessId":"3408","EventID":22,"Keywords":"0x8000000000000000","Message":"Dns query:\r\nRuleName: -\r\nUtcTime: 2020-10-22 05:54:24.275\r\nProcessGuid: {39e4a257-f138-5f8b-5600-000000000700}\r\nProcessId: 3408\r\nQueryName: az725175.vo.msecnd.net\r\nQueryStatus: 9701\r\nQueryResults: -\r\nImage: C:\\ProgramData\\Microsoft\\Windows Defender\\Platform\\4.18.2009.7-0\\MsMpEng.exe"}
{"@timestamp":"2020-10-22T01:54:26.386Z","TimeCreated":"2020-10-22T01:54:26.386Z","QueryName":"confiant.msn.com","ProviderGuid":"{5770385f-c22a-43e0-bf4c-06f5698ffbd9}","UtcTime":"2020-10-22 05:54:24.275","ProcessGuid":"{39e4a257-f138-5f8b-5600-000000000700}","Image":"C:\\ProgramData\\Microsoft\\Windows Defender\\Platform\\4.18.2009.7-0\\MsMpEng.exe","Level":"4","Channel":"Microsoft-Windows-Sysmon/Operational","Task":"22","RuleName":"-","QueryStatus":"9701","SourceName":"Microsoft-Windows-Sysmon","Hostname":"WORKSTATION5","QueryResults":"-","ProcessId":"3408","EventID":22,"Keywords":"0x8000000000000000","Message":"Dns query:\r\nRuleName: -\r\nUtcTime: 2020-10-22 05:54:24.275\r\nProcessGuid: {39e4a257-f138-5f8b-5600-000000000700}\r\nProcessId: 3408\r\nQueryName: confiant.msn.com\r\nQueryStatus: 9701\r\nQueryResults: -\r\nImage: C:\\ProgramData\\Microsoft\\Windows Defender\\Platform\\4.18.2009.7-0\\MsMpEng.exe"}
{"@timestamp":"2020-10-22T01:54:26.386Z","TimeCreated":"2020-10-22T01:54:26.386Z","QueryName":"ad.turn.com","ProviderGuid":"{5770385f-c22a-43e0-bf4c-06f5698ffbd9}","UtcTime":"2020-10-22 05:54:24.275","ProcessGuid":"{39e4a257-f138-5f8b-5600-000000000700}","Image":"C:\\ProgramData\\Microsoft\\Windows Defender\\Platform\\4.18.2009.7-0\\MsMpEng.exe","Level":"4","Channel":"Microsoft-Windows-Sysmon/Operational","Task":"22","RuleName":"-","QueryStatus":"9701","SourceName":"Microsoft-Windows-Sysmon","Hostname":"WORKSTATION5","QueryResults":"-","ProcessId":"3408","EventID":22,"Keywords":"0x8000000000000000","Message":"Dns query:\r\nRuleName: -\r\nUtcTime: 2020-10-22 05:54:24.275\r\nProcessGuid: {39e4a257-f138-5f8b-5600-000000000700}\r\nProcessId: 3408\r\nQueryName: ad.turn.com\r\nQueryStatus: 9701\r\nQueryResults: -\r\nImage: C:\\ProgramData\\Microsoft\\Windows Defender\\Platform\\4.18.2009.7-0\\MsMpEng.exe"}
{"@timestamp":"2020-10-22T01:54:26.386Z","TimeCreated":"2020-10-22T01:54:26.386Z","QueryName":"jadserve.postrelease.com","ProviderGuid":"{5770385f-c22a-43e0-bf4c-06f5698ffbd9}","UtcTime":"2020-10-22 05:54:24.275","ProcessGuid":"{39e4a257-f138-5f8b-5600-000000000700}","Image":"C:\\ProgramData\\Microsoft\\Windows Defender\\Platform\\4.18.2009.7-0\\MsMpEng.exe","Level":"4","Channel":"Microsoft-Windows-Sysmon/Operational","Task":"22","RuleName":"-","QueryStatus":"9701","SourceName":"Microsoft-Windows-Sysmon","Hostname":"WORKSTATION5","QueryResults":"-","ProcessId":"3408","EventID":22,"Keywords":"0x8000000000000000","Message":"Dns query:\r\nRuleName: -\r\nUtcTime: 2020-10-22 05:54:24.275\r\nProcessGuid: {39e4a257-f138-5f8b-5600-000000000700}\r\nProcessId: 3408\r\nQueryName: jadserve.postrelease.com\r\nQueryStatus: 9701\r\nQueryResults: -\r\nImage: C:\\ProgramData\\Microsoft\\Windows Defender\\Platform\\4.18.2009.7-0\\MsMpEng.exe"}
{"@timestamp":"2020-10-22T01:54:26.386Z","TimeCreated":"2020-10-22T01:54:26.386Z","QueryName":"images.taboola.com","ProviderGuid":"{5770385f-c22a-43e0-bf4c-06f5698ffbd9}","UtcTime":"2020-10-22 05:54:24.275","ProcessGuid":"{39e4a257-f138-5f8b-5600-000000000700}","Image":"C:\\ProgramData\\Microsoft\\Windows Defender\\Platform\\4.18.2009.7-0\\MsMpEng.exe","Level":"4","Channel":"Microsoft-Windows-Sysmon/Operational","Task":"22","RuleName":"-","QueryStatus":"9701","SourceName":"Microsoft-Windows-Sysmon","Hostname":"WORKSTATION5","QueryResults":"-","ProcessId":"3408","EventID":22,"Keywords":"0x8000000000000000","Message":"Dns query:\r\nRuleName: -\r\nUtcTime: 2020-10-22 05:54:24.275\r\nProcessGuid: {39e4a257-f138-5f8b-5600-000000000700}\r\nProcessId: 3408\r\nQueryName: images.taboola.com\r\nQueryStatus: 9701\r\nQueryResults: -\r\nImage: C:\\ProgramData\\Microsoft\\Windows Defender\\Platform\\4.18.2009.7-0\\MsMpEng.exe"}
{"@timestamp":"2020-10-22T01:54:26.386Z","TimeCreated":"2020-10-22T01:54:26.386Z","QueryName":"status.rapidssl.com","ProviderGuid":"{5770385f-c22a-43e0-bf4c-06f5698ffbd9}","UtcTime":"2020-10-22 05:54:24.275","ProcessGuid":"{39e4a257-f138-5f8b-5600-000000000700}","Image":"C:\\ProgramData\\Microsoft\\Windows Defender\\Platform\\4.18.2009.7-0\\MsMpEng.exe","Level":"4","Channel":"Microsoft-Windows-Sysmon/Operational","Task":"22","RuleName":"-","QueryStatus":"9701","SourceName":"Microsoft-Windows-Sysmon","Hostname":"WORKSTATION5","QueryResults":"-","ProcessId":"3408","EventID":22,"Keywords":"0x8000000000000000","Message":"Dns query:\r\nRuleName: -\r\nUtcTime: 2020-10-22 05:54:24.275\r\nProcessGuid: {39e4a257-f138-5f8b-5600-000000000700}\r\nProcessId: 3408\r\nQueryName: status.rapidssl.com\r\nQueryStatus: 9701\r\nQueryResults: -\r\nImage: C:\\ProgramData\\Microsoft\\Windows Defender\\Platform\\4.18.2009.7-0\\MsMpEng.exe"}
{"@timestamp":"2020-10-22T01:54:26.386Z","TimeCreated":"2020-10-22T01:54:26.386Z","QueryName":"status.geotrust.com","ProviderGuid":"{5770385f-c22a-43e0-bf4c-06f5698ffbd9}","UtcTime":"2020-10-22 05:54:24.275","ProcessGuid":"{39e4a257-f138-5f8b-5600-000000000700}","Image":"C:\\ProgramData\\Microsoft\\Windows Defender\\Platform\\4.18.2009.7-0\\MsMpEng.exe","Level":"4","Channel":"Microsoft-Windows-Sysmon/Operational","Task":"22","RuleName":"-","QueryStatus":"9701","SourceName":"Microsoft-Windows-Sysmon","Hostname":"WORKSTATION5","QueryResults":"-","ProcessId":"3408","EventID":22,"Keywords":"0x8000000000000000","Message":"Dns query:\r\nRuleName: -\r\nUtcTime: 2020-10-22 05:54:24.275\r\nProcessGuid: {39e4a257-f138-5f8b-5600-000000000700}\r\nProcessId: 3408\r\nQueryName: status.geotrust.com\r\nQueryStatus: 9701\r\nQueryResults: -\r\nImage: C:\\ProgramData\\Microsoft\\Windows Defender\\Platform\\4.18.2009.7-0\\MsMpEng.exe"}
{"@timestamp":"2020-10-22T01:54:26.386Z","TimeCreated":"2020-10-22T01:54:26.386Z","QueryName":"match.adsrvr.org","ProviderGuid":"{5770385f-c22a-43e0-bf4c-06f5698ffbd9}","UtcTime":"2020-10-22 05:54:24.276","ProcessGuid":"{39e4a257-f138-5f8b-5600-000000000700}","Image":"C:\\ProgramData\\Microsoft\\Windows Defender\\Platform\\4.18.2009.7-0\\MsMpEng.exe","Level":"4","Channel":"Microsoft-Windows-Sysmon/Operational","Task":"22","RuleName":"-","QueryStatus":"9701","SourceName":"Microsoft-Windows-Sysmon","Hostname":"WORKSTATION5","QueryResults":"-","ProcessId":"3408","EventID":22,"Keywords":"0x8000000000000000","Message":"Dns query:\r\nRuleName: -\r\nUtcTime: 2020-10-22 05:54:24.276\r\nProcessGuid: {39e4a257-f138-5f8b-5600-000000000700}\r\nProcessId: 3408\r\nQueryName: match.adsrvr.org\r\nQueryStatus: 9701\r\nQueryResults: -\r\nImage: C:\\ProgramData\\Microsoft\\Windows Defender\\Platform\\4.18.2009.7-0\\MsMpEng.exe"}
{"@timestamp":"2020-10-22T01:54:26.386Z","TimeCreated":"2020-10-22T01:54:26.386Z","QueryName":"921a36d8fba2e41fbae622a076a53e94.nrb.footprintdns.com","ProviderGuid":"{5770385f-c22a-43e0-bf4c-06f5698ffbd9}","UtcTime":"2020-10-22 05:54:24.276","ProcessGuid":"{39e4a257-f138-5f8b-5600-000000000700}","Image":"C:\\ProgramData\\Microsoft\\Windows Defender\\Platform\\4.18.2009.7-0\\MsMpEng.exe","Level":"4","Channel":"Microsoft-Windows-Sysmon/Operational","Task":"22","RuleName":"-","QueryStatus":"9701","SourceName":"Microsoft-Windows-Sysmon","Hostname":"WORKSTATION5","QueryResults":"-","ProcessId":"3408","EventID":22,"Keywords":"0x8000000000000000","Message":"Dns query:\r\nRuleName: -\r\nUtcTime: 2020-10-22 05:54:24.276\r\nProcessGuid: {39e4a257-f138-5f8b-5600-000000000700}\r\nProcessId: 3408\r\nQueryName: 921a36d8fba2e41fbae622a076a53e94.nrb.footprintdns.com\r\nQueryStatus: 9701\r\nQueryResults: -\r\nImage: C:\\ProgramData\\Microsoft\\Windows Defender\\Platform\\4.18.2009.7-0\\MsMpEng.exe"}
{"@timestamp":"2020-10-22T01:54:26.386Z","TimeCreated":"2020-10-22T01:54:26.386Z","QueryName":"officehomeblobs.blob.core.windows.net","ProviderGuid":"{5770385f-c22a-43e0-bf4c-06f5698ffbd9}","UtcTime":"2020-10-22 05:54:24.277","ProcessGuid":"{39e4a257-f138-5f8b-5600-000000000700}","Image":"C:\\ProgramData\\Microsoft\\Windows Defender\\Platform\\4.18.2009.7-0\\MsMpEng.exe","Level":"4","Channel":"Microsoft-Windows-Sysmon/Operational","Task":"22","RuleName":"-","QueryStatus":"9701","SourceName":"Microsoft-Windows-Sysmon","Hostname":"WORKSTATION5","QueryResults":"-","ProcessId":"3408","EventID":22,"Keywords":"0x8000000000000000","Message":"Dns query:\r\nRuleName: -\r\nUtcTime: 2020-10-22 05:54:24.277\r\nProcessGuid: {39e4a257-f138-5f8b-5600-000000000700}\r\nProcessId: 3408\r\nQueryName: officehomeblobs.blob.core.windows.net\r\nQueryStatus: 9701\r\nQueryResults: -\r\nImage: C:\\ProgramData\\Microsoft\\Windows Defender\\Platform\\4.18.2009.7-0\\MsMpEng.exe"}
{"@timestamp":"2020-10-22T01:54:26.386Z","TimeCreated":"2020-10-22T01:54:26.386Z","QueryName":"creativecdn.com","ProviderGuid":"{5770385f-c22a-43e0-bf4c-06f5698ffbd9}","UtcTime":"2020-10-22 05:54:24.277","ProcessGuid":"{39e4a257-f138-5f8b-5600-000000000700}","Image":"C:\\ProgramData\\Microsoft\\Windows Defender\\Platform\\4.18.2009.7-0\\MsMpEng.exe","Level":"4","Channel":"Microsoft-Windows-Sysmon/Operational","Task":"22","RuleName":"-","QueryStatus":"9701","SourceName":"Microsoft-Windows-Sysmon","Hostname":"WORKSTATION5","QueryResults":"-","ProcessId":"3408","EventID":22,"Keywords":"0x8000000000000000","Message":"Dns query:\r\nRuleName: -\r\nUtcTime: 2020-10-22 05:54:24.277\r\nProcessGuid: {39e4a257-f138-5f8b-5600-000000000700}\r\nProcessId: 3408\r\nQueryName: creativecdn.com\r\nQueryStatus: 9701\r\nQueryResults: -\r\nImage: C:\\ProgramData\\Microsoft\\Windows Defender\\Platform\\4.18.2009.7-0\\MsMpEng.exe"}
{"@timestamp":"2020-10-22T01:54:26.386Z","TimeCreated":"2020-10-22T01:54:26.386Z","QueryName":"pm.w55c.net","ProviderGuid":"{5770385f-c22a-43e0-bf4c-06f5698ffbd9}","UtcTime":"2020-10-22 05:54:24.277","ProcessGuid":"{39e4a257-f138-5f8b-5600-000000000700}","Image":"C:\\ProgramData\\Microsoft\\Windows Defender\\Platform\\4.18.2009.7-0\\MsMpEng.exe","Level":"4","Channel":"Microsoft-Windows-Sysmon/Operational","Task":"22","RuleName":"-","QueryStatus":"9701","SourceName":"Microsoft-Windows-Sysmon","Hostname":"WORKSTATION5","QueryResults":"-","ProcessId":"3408","EventID":22,"Keywords":"0x8000000000000000","Message":"Dns query:\r\nRuleName: -\r\nUtcTime: 2020-10-22 05:54:24.277\r\nProcessGuid: {39e4a257-f138-5f8b-5600-000000000700}\r\nProcessId: 3408\r\nQueryName: pm.w55c.net\r\nQueryStatus: 9701\r\nQueryResults: -\r\nImage: C:\\ProgramData\\Microsoft\\Windows Defender\\Platform\\4.18.2009.7-0\\MsMpEng.exe"}
{"@timestamp":"2020-10-22T01:54:26.386Z","TimeCreated":"2020-10-22T01:54:26.386Z","QueryName":"browser.events.data.msn.com","ProviderGuid":"{5770385f-c22a-43e0-bf4c-06f5698ffbd9}","UtcTime":"2020-10-22 05:54:24.277","ProcessGuid":"{39e4a257-f138-5f8b-5600-000000000700}","Image":"C:\\ProgramData\\Microsoft\\Windows Defender\\Platform\\4.18.2009.7-0\\MsMpEng.exe","Level":"4","Channel":"Microsoft-Windows-Sysmon/Operational","Task":"22","RuleName":"-","QueryStatus":"9701","SourceName":"Microsoft-Windows-Sysmon","Hostname":"WORKSTATION5","QueryResults":"-","ProcessId":"3408","EventID":22,"Keywords":"0x8000000000000000","Message":"Dns query:\r\nRuleName: -\r\nUtcTime: 2020-10-22 05:54:24.277\r\nProcessGuid: {39e4a257-f138-5f8b-5600-000000000700}\r\nProcessId: 3408\r\nQueryName: browser.events.data.msn.com\r\nQueryStatus: 9701\r\nQueryResults: -\r\nImage: C:\\ProgramData\\Microsoft\\Windows Defender\\Platform\\4.18.2009.7-0\\MsMpEng.exe"}
{"@timestamp":"2020-10-22T01:54:26.386Z","TimeCreated":"2020-10-22T01:54:26.386Z","QueryName":"api.taboola.com","ProviderGuid":"{5770385f-c22a-43e0-bf4c-06f5698ffbd9}","UtcTime":"2020-10-22 05:54:24.277","ProcessGuid":"{39e4a257-f138-5f8b-5600-000000000700}","Image":"C:\\ProgramData\\Microsoft\\Windows Defender\\Platform\\4.18.2009.7-0\\MsMpEng.exe","Level":"4","Channel":"Microsoft-Windows-Sysmon/Operational","Task":"22","RuleName":"-","QueryStatus":"9701","SourceName":"Microsoft-Windows-Sysmon","Hostname":"WORKSTATION5","QueryResults":"-","ProcessId":"3408","EventID":22,"Keywords":"0x8000000000000000","Message":"Dns query:\r\nRuleName: -\r\nUtcTime: 2020-10-22 05:54:24.277\r\nProcessGuid: {39e4a257-f138-5f8b-5600-000000000700}\r\nProcessId: 3408\r\nQueryName: api.taboola.com\r\nQueryStatus: 9701\r\nQueryResults: -\r\nImage: C:\\ProgramData\\Microsoft\\Windows Defender\\Platform\\4.18.2009.7-0\\MsMpEng.exe"}
{"@timestamp":"2020-10-22T01:54:26.386Z","TimeCreated":"2020-10-22T01:54:26.386Z","QueryName":"77250b6c35519a11d5368c9c690edaa6.clo.footprintdns.com","ProviderGuid":"{5770385f-c22a-43e0-bf4c-06f5698ffbd9}","UtcTime":"2020-10-22 05:54:24.278","ProcessGuid":"{39e4a257-f138-5f8b-5600-000000000700}","Image":"C:\\ProgramData\\Microsoft\\Windows Defender\\Platform\\4.18.2009.7-0\\MsMpEng.exe","Level":"4","Channel":"Microsoft-Windows-Sysmon/Operational","Task":"22","RuleName":"-","QueryStatus":"9701","SourceName":"Microsoft-Windows-Sysmon","Hostname":"WORKSTATION5","QueryResults":"-","ProcessId":"3408","EventID":22,"Keywords":"0x8000000000000000","Message":"Dns query:\r\nRuleName: -\r\nUtcTime: 2020-10-22 05:54:24.278\r\nProcessGuid: {39e4a257-f138-5f8b-5600-000000000700}\r\nProcessId: 3408\r\nQueryName: 77250b6c35519a11d5368c9c690edaa6.clo.footprintdns.com\r\nQueryStatus: 9701\r\nQueryResults: -\r\nImage: C:\\ProgramData\\Microsoft\\Windows Defender\\Platform\\4.18.2009.7-0\\MsMpEng.exe"}
{"@timestamp":"2020-10-22T01:54:26.386Z","TimeCreated":"2020-10-22T01:54:26.386Z","QueryName":"match.sharethrough.com","ProviderGuid":"{5770385f-c22a-43e0-bf4c-06f5698ffbd9}","UtcTime":"2020-10-22 05:54:24.278","ProcessGuid":"{39e4a257-f138-5f8b-5600-000000000700}","Image":"C:\\ProgramData\\Microsoft\\Windows Defender\\Platform\\4.18.2009.7-0\\MsMpEng.exe","Level":"4","Channel":"Microsoft-Windows-Sysmon/Operational","Task":"22","RuleName":"-","QueryStatus":"9701","SourceName":"Microsoft-Windows-Sysmon","Hostname":"WORKSTATION5","QueryResults":"-","ProcessId":"3408","EventID":22,"Keywords":"0x8000000000000000","Message":"Dns query:\r\nRuleName: -\r\nUtcTime: 2020-10-22 05:54:24.278\r\nProcessGuid: {39e4a257-f138-5f8b-5600-000000000700}\r\nProcessId: 3408\r\nQueryName: match.sharethrough.com\r\nQueryStatus: 9701\r\nQueryResults: -\r\nImage: C:\\ProgramData\\Microsoft\\Windows Defender\\Platform\\4.18.2009.7-0\\MsMpEng.exe"}
{"@timestamp":"2020-10-22T01:54:26.386Z","TimeCreated":"2020-10-22T01:54:26.386Z","QueryName":"bingretailmsndata.azureedge.net","ProviderGuid":"{5770385f-c22a-43e0-bf4c-06f5698ffbd9}","UtcTime":"2020-10-22 05:54:24.278","ProcessGuid":"{39e4a257-f138-5f8b-5600-000000000700}","Image":"C:\\ProgramData\\Microsoft\\Windows Defender\\Platform\\4.18.2009.7-0\\MsMpEng.exe","Level":"4","Channel":"Microsoft-Windows-Sysmon/Operational","Task":"22","RuleName":"-","QueryStatus":"9701","SourceName":"Microsoft-Windows-Sysmon","Hostname":"WORKSTATION5","QueryResults":"-","ProcessId":"3408","EventID":22,"Keywords":"0x8000000000000000","Message":"Dns query:\r\nRuleName: -\r\nUtcTime: 2020-10-22 05:54:24.278\r\nProcessGuid: {39e4a257-f138-5f8b-5600-000000000700}\r\nProcessId: 3408\r\nQueryName: bingretailmsndata.azureedge.net\r\nQueryStatus: 9701\r\nQueryResults: -\r\nImage: C:\\ProgramData\\Microsoft\\Windows Defender\\Platform\\4.18.2009.7-0\\MsMpEng.exe"}
{"@timestamp":"2020-10-22T01:54:26.386Z","TimeCreated":"2020-10-22T01:54:26.386Z","QueryName":"www.facebook.com","ProviderGuid":"{5770385f-c22a-43e0-bf4c-06f5698ffbd9}","UtcTime":"2020-10-22 05:54:24.278","ProcessGuid":"{39e4a257-f138-5f8b-5600-000000000700}","Image":"C:\\ProgramData\\Microsoft\\Windows Defender\\Platform\\4.18.2009.7-0\\MsMpEng.exe","Level":"4","Channel":"Microsoft-Windows-Sysmon/Operational","Task":"22","RuleName":"-","QueryStatus":"9701","SourceName":"Microsoft-Windows-Sysmon","Hostname":"WORKSTATION5","QueryResults":"-","ProcessId":"3408","EventID":22,"Keywords":"0x8000000000000000","Message":"Dns query:\r\nRuleName: -\r\nUtcTime: 2020-10-22 05:54:24.278\r\nProcessGuid: {39e4a257-f138-5f8b-5600-000000000700}\r\nProcessId: 3408\r\nQueryName: www.facebook.com\r\nQueryStatus: 9701\r\nQueryResults: -\r\nImage: C:\\ProgramData\\Microsoft\\Windows Defender\\Platform\\4.18.2009.7-0\\MsMpEng.exe"}
{"@timestamp":"2020-10-22T01:54:26.386Z","TimeCreated":"2020-10-22T01:54:26.386Z","QueryName":"img-prod-cms-rt-microsoft-com.akamaized.net","ProviderGuid":"{5770385f-c22a-43e0-bf4c-06f5698ffbd9}","UtcTime":"2020-10-22 05:54:24.278","ProcessGuid":"{39e4a257-f138-5f8b-5600-000000000700}","Image":"C:\\ProgramData\\Microsoft\\Windows Defender\\Platform\\4.18.2009.7-0\\MsMpEng.exe","Level":"4","Channel":"Microsoft-Windows-Sysmon/Operational","Task":"22","RuleName":"-","QueryStatus":"9701","SourceName":"Microsoft-Windows-Sysmon","Hostname":"WORKSTATION5","QueryResults":"-","ProcessId":"3408","EventID":22,"Keywords":"0x8000000000000000","Message":"Dns query:\r\nRuleName: -\r\nUtcTime: 2020-10-22 05:54:24.278\r\nProcessGuid: {39e4a257-f138-5f8b-5600-000000000700}\r\nProcessId: 3408\r\nQueryName: img-prod-cms-rt-microsoft-com.akamaized.net\r\nQueryStatus: 9701\r\nQueryResults: -\r\nImage: C:\\ProgramData\\Microsoft\\Windows Defender\\Platform\\4.18.2009.7-0\\MsMpEng.exe"}
{"@timestamp":"2020-10-22T01:54:26.386Z","TimeCreated":"2020-10-22T01:54:26.386Z","QueryName":"visitor.omnitagjs.com","ProviderGuid":"{5770385f-c22a-43e0-bf4c-06f5698ffbd9}","UtcTime":"2020-10-22 05:54:24.279","ProcessGuid":"{39e4a257-f138-5f8b-5600-000000000700}","Image":"C:\\ProgramData\\Microsoft\\Windows Defender\\Platform\\4.18.2009.7-0\\MsMpEng.exe","Level":"4","Channel":"Microsoft-Windows-Sysmon/Operational","Task":"22","RuleName":"-","QueryStatus":"9701","SourceName":"Microsoft-Windows-Sysmon","Hostname":"WORKSTATION5","QueryResults":"-","ProcessId":"3408","EventID":22,"Keywords":"0x8000000000000000","Message":"Dns query:\r\nRuleName: -\r\nUtcTime: 2020-10-22 05:54:24.279\r\nProcessGuid: {39e4a257-f138-5f8b-5600-000000000700}\r\nProcessId: 3408\r\nQueryName: visitor.omnitagjs.com\r\nQueryStatus: 9701\r\nQueryResults: -\r\nImage: C:\\ProgramData\\Microsoft\\Windows Defender\\Platform\\4.18.2009.7-0\\MsMpEng.exe"}
{"@timestamp":"2020-10-22T01:54:26.386Z","TimeCreated":"2020-10-22T01:54:26.386Z","QueryName":"sync.search.spotxchange.com","ProviderGuid":"{5770385f-c22a-43e0-bf4c-06f5698ffbd9}","UtcTime":"2020-10-22 05:54:24.279","ProcessGuid":"{39e4a257-f138-5f8b-5600-000000000700}","Image":"C:\\ProgramData\\Microsoft\\Windows Defender\\Platform\\4.18.2009.7-0\\MsMpEng.exe","Level":"4","Channel":"Microsoft-Windows-Sysmon/Operational","Task":"22","RuleName":"-","QueryStatus":"9701","SourceName":"Microsoft-Windows-Sysmon","Hostname":"WORKSTATION5","QueryResults":"-","ProcessId":"3408","EventID":22,"Keywords":"0x8000000000000000","Message":"Dns query:\r\nRuleName: -\r\nUtcTime: 2020-10-22 05:54:24.279\r\nProcessGuid: {39e4a257-f138-5f8b-5600-000000000700}\r\nProcessId: 3408\r\nQueryName: sync.search.spotxchange.com\r\nQueryStatus: 9701\r\nQueryResults: -\r\nImage: C:\\ProgramData\\Microsoft\\Windows Defender\\Platform\\4.18.2009.7-0\\MsMpEng.exe"}
{"@timestamp":"2020-10-22T01:54:26.873Z","TimeCreated":"2020-10-22T01:54:26.873Z","Hashes":"SHA1=C7BA959197D19EC7C8F7707B0D8BBE77E80A9DBE,MD5=D3BAA65CBCA982E5835AE33C2C7513E9,SHA256=56D18A442AD599B04C29D98AB9E2A1983959FB74AB27D4392667A975310754E8,IMPHASH=C908A257ACFAF3BDE15426EE5244D1EB","Signature":"Microsoft Windows","ProviderGuid":"{5770385f-c22a-43e0-bf4c-06f5698ffbd9}","Company":"Microsoft Corporation","UtcTime":"2020-10-22 05:54:26.869","ProcessGuid":"{39e4a257-1e90-5f91-cd12-000000000700}","Image":"C:\\Windows\\System32\\conhost.exe","ImageLoaded":"C:\\Windows\\System32\\ole32.dll","Level":"4","Channel":"Microsoft-Windows-Sysmon/Operational","Task":"7","RuleName":"-","FileVersion":"10.0.18362.1082 (WinBuild.160101.0800)","SourceName":"Microsoft-Windows-Sysmon","Hostname":"WORKSTATION5","ProcessId":"9448","Description":"Microsoft OLE for Windows","SignatureStatus":"Valid","Product":"Microsoft Windows Operating System","EventID":7,"Keywords":"0x8000000000000000","Signed":"true","OriginalFileName":"OLE32.DLL","Message":"Image loaded:\r\nRuleName: -\r\nUtcTime: 2020-10-22 05:54:26.869\r\nProcessGuid: {39e4a257-1e90-5f91-cd12-000000000700}\r\nProcessId: 9448\r\nImage: C:\\Windows\\System32\\conhost.exe\r\nImageLoaded: C:\\Windows\\System32\\ole32.dll\r\nFileVersion: 10.0.18362.1082 (WinBuild.160101.0800)\r\nDescription: Microsoft OLE for Windows\r\nProduct: Microsoft Windows Operating System\r\nCompany: Microsoft Corporation\r\nOriginalFileName: OLE32.DLL\r\nHashes: SHA1=C7BA959197D19EC7C8F7707B0D8BBE77E80A9DBE,MD5=D3BAA65CBCA982E5835AE33C2C7513E9,SHA256=56D18A442AD599B04C29D98AB9E2A1983959FB74AB27D4392667A975310754E8,IMPHASH=C908A257ACFAF3BDE15426EE5244D1EB\r\nSigned: true\r\nSignature: Microsoft Windows\r\nSignatureStatus: Valid"}
{"GrantedAccess":"0x1000","@timestamp":"2020-10-22T01:54:27.213Z","TimeCreated":"2020-10-22T01:54:27.213Z","SourceThreadId":"1060","SourceImage":"C:\\windows\\system32\\svchost.exe","ProviderGuid":"{5770385f-c22a-43e0-bf4c-06f5698ffbd9}","CallTrace":"C:\\windows\\SYSTEM32\\ntdll.dll+9c584|C:\\windows\\SYSTEM32\\psmserviceexthost.dll+222a3|C:\\windows\\SYSTEM32\\psmserviceexthost.dll+37ea0|C:\\windows\\SYSTEM32\\psmserviceexthost.dll+37929|C:\\windows\\SYSTEM32\\psmserviceexthost.dll+686f8|C:\\windows\\SYSTEM32\\psmserviceexthost.dll+6e84a|C:\\windows\\SYSTEM32\\psmserviceexthost.dll+6f700|C:\\windows\\SYSTEM32\\psmserviceexthost.dll+34be4|C:\\windows\\SYSTEM32\\psmserviceexthost.dll+6f63e|C:\\windows\\SYSTEM32\\psmserviceexthost.dll+713b5|C:\\windows\\SYSTEM32\\psmserviceexthost.dll+50bda|C:\\windows\\SYSTEM32\\psmserviceexthost.dll+4500a|C:\\windows\\System32\\KERNEL32.DLL+17c24|C:\\windows\\SYSTEM32\\ntdll.dll+6cea1","UtcTime":"2020-10-22 05:54:27.212","TargetProcessGUID":"{39e4a257-f247-5f8b-d300-000000000700}","SourceProcessId":"944","Level":"4","Channel":"Microsoft-Windows-Sysmon/Operational","Task":"10","RuleName":"-","SourceName":"Microsoft-Windows-Sysmon","Hostname":"WORKSTATION5","SourceProcessGUID":"{39e4a257-f132-5f8b-1000-000000000700}","TargetProcessId":"4368","EventID":10,"Keywords":"0x8000000000000000","TargetImage":"C:\\Windows\\SystemApps\\InputApp_cw5n1h2txyewy\\WindowsInternal.ComposableShell.Experiences.TextInput.InputApp.exe","Message":"Process accessed:\r\nRuleName: -\r\nUtcTime: 2020-10-22 05:54:27.212\r\nSourceProcessGUID: {39e4a257-f132-5f8b-1000-000000000700}\r\nSourceProcessId: 944\r\nSourceThreadId: 1060\r\nSourceImage: C:\\windows\\system32\\svchost.exe\r\nTargetProcessGUID: {39e4a257-f247-5f8b-d300-000000000700}\r\nTargetProcessId: 4368\r\nTargetImage: C:\\Windows\\SystemApps\\InputApp_cw5n1h2txyewy\\WindowsInternal.ComposableShell.Experiences.TextInput.InputApp.exe\r\nGrantedAccess: 0x1000\r\nCallTrace: C:\\windows\\SYSTEM32\\ntdll.dll+9c584|C:\\windows\\SYSTEM32\\psmserviceexthost.dll+222a3|C:\\windows\\SYSTEM32\\psmserviceexthost.dll+37ea0|C:\\windows\\SYSTEM32\\psmserviceexthost.dll+37929|C:\\windows\\SYSTEM32\\psmserviceexthost.dll+686f8|C:\\windows\\SYSTEM32\\psmserviceexthost.dll+6e84a|C:\\windows\\SYSTEM32\\psmserviceexthost.dll+6f700|C:\\windows\\SYSTEM32\\psmserviceexthost.dll+34be4|C:\\windows\\SYSTEM32\\psmserviceexthost.dll+6f63e|C:\\windows\\SYSTEM32\\psmserviceexthost.dll+713b5|C:\\windows\\SYSTEM32\\psmserviceexthost.dll+50bda|C:\\windows\\SYSTEM32\\psmserviceexthost.dll+4500a|C:\\windows\\System32\\KERNEL32.DLL+17c24|C:\\windows\\SYSTEM32\\ntdll.dll+6cea1"}
{"GrantedAccess":"0x1000","@timestamp":"2020-10-22T01:54:27.213Z","TimeCreated":"2020-10-22T01:54:27.213Z","SourceThreadId":"1060","SourceImage":"C:\\windows\\system32\\svchost.exe","ProviderGuid":"{5770385f-c22a-43e0-bf4c-06f5698ffbd9}","CallTrace":"C:\\windows\\SYSTEM32\\ntdll.dll+9c584|C:\\windows\\SYSTEM32\\psmserviceexthost.dll+222a3|C:\\windows\\SYSTEM32\\psmserviceexthost.dll+37ea0|C:\\windows\\SYSTEM32\\psmserviceexthost.dll+37929|C:\\windows\\SYSTEM32\\psmserviceexthost.dll+686f8|C:\\windows\\SYSTEM32\\psmserviceexthost.dll+6e84a|C:\\windows\\SYSTEM32\\psmserviceexthost.dll+6f700|C:\\windows\\SYSTEM32\\psmserviceexthost.dll+34be4|C:\\windows\\SYSTEM32\\psmserviceexthost.dll+6f63e|C:\\windows\\SYSTEM32\\psmserviceexthost.dll+713b5|C:\\windows\\SYSTEM32\\psmserviceexthost.dll+50bda|C:\\windows\\SYSTEM32\\psmserviceexthost.dll+4500a|C:\\windows\\System32\\KERNEL32.DLL+17c24|C:\\windows\\SYSTEM32\\ntdll.dll+6cea1","UtcTime":"2020-10-22 05:54:27.212","TargetProcessGUID":"{39e4a257-1e63-5f91-c112-000000000700}","SourceProcessId":"944","Level":"4","Channel":"Microsoft-Windows-Sysmon/Operational","Task":"10","RuleName":"-","SourceName":"Microsoft-Windows-Sysmon","Hostname":"WORKSTATION5","SourceProcessGUID":"{39e4a257-f132-5f8b-1000-000000000700}","TargetProcessId":"11052","EventID":10,"Keywords":"0x8000000000000000","TargetImage":"C:\\windows\\system32\\backgroundTaskHost.exe","Message":"Process accessed:\r\nRuleName: -\r\nUtcTime: 2020-10-22 05:54:27.212\r\nSourceProcessGUID: {39e4a257-f132-5f8b-1000-000000000700}\r\nSourceProcessId: 944\r\nSourceThreadId: 1060\r\nSourceImage: C:\\windows\\system32\\svchost.exe\r\nTargetProcessGUID: {39e4a257-1e63-5f91-c112-000000000700}\r\nTargetProcessId: 11052\r\nTargetImage: C:\\windows\\system32\\backgroundTaskHost.exe\r\nGrantedAccess: 0x1000\r\nCallTrace: C:\\windows\\SYSTEM32\\ntdll.dll+9c584|C:\\windows\\SYSTEM32\\psmserviceexthost.dll+222a3|C:\\windows\\SYSTEM32\\psmserviceexthost.dll+37ea0|C:\\windows\\SYSTEM32\\psmserviceexthost.dll+37929|C:\\windows\\SYSTEM32\\psmserviceexthost.dll+686f8|C:\\windows\\SYSTEM32\\psmserviceexthost.dll+6e84a|C:\\windows\\SYSTEM32\\psmserviceexthost.dll+6f700|C:\\windows\\SYSTEM32\\psmserviceexthost.dll+34be4|C:\\windows\\SYSTEM32\\psmserviceexthost.dll+6f63e|C:\\windows\\SYSTEM32\\psmserviceexthost.dll+713b5|C:\\windows\\SYSTEM32\\psmserviceexthost.dll+50bda|C:\\windows\\SYSTEM32\\psmserviceexthost.dll+4500a|C:\\windows\\System32\\KERNEL32.DLL+17c24|C:\\windows\\SYSTEM32\\ntdll.dll+6cea1"}
{"GrantedAccess":"0x1000","@timestamp":"2020-10-22T01:54:27.213Z","TimeCreated":"2020-10-22T01:54:27.213Z","SourceThreadId":"1060","SourceImage":"C:\\windows\\system32\\svchost.exe","ProviderGuid":"{5770385f-c22a-43e0-bf4c-06f5698ffbd9}","CallTrace":"C:\\windows\\SYSTEM32\\ntdll.dll+9c584|C:\\windows\\SYSTEM32\\psmserviceexthost.dll+222a3|C:\\windows\\SYSTEM32\\psmserviceexthost.dll+37ea0|C:\\windows\\SYSTEM32\\psmserviceexthost.dll+37929|C:\\windows\\SYSTEM32\\psmserviceexthost.dll+686f8|C:\\windows\\SYSTEM32\\psmserviceexthost.dll+6e84a|C:\\windows\\SYSTEM32\\psmserviceexthost.dll+6f700|C:\\windows\\SYSTEM32\\psmserviceexthost.dll+34be4|C:\\windows\\SYSTEM32\\psmserviceexthost.dll+6f63e|C:\\windows\\SYSTEM32\\psmserviceexthost.dll+713b5|C:\\windows\\SYSTEM32\\psmserviceexthost.dll+50bda|C:\\windows\\SYSTEM32\\psmserviceexthost.dll+4500a|C:\\windows\\System32\\KERNEL32.DLL+17c24|C:\\windows\\SYSTEM32\\ntdll.dll+6cea1","UtcTime":"2020-10-22 05:54:27.212","TargetProcessGUID":"{39e4a257-1e6e-5f91-c912-000000000700}","SourceProcessId":"944","Level":"4","Channel":"Microsoft-Windows-Sysmon/Operational","Task":"10","RuleName":"-","SourceName":"Microsoft-Windows-Sysmon","Hostname":"WORKSTATION5","SourceProcessGUID":"{39e4a257-f132-5f8b-1000-000000000700}","TargetProcessId":"8792","EventID":10,"Keywords":"0x8000000000000000","TargetImage":"C:\\windows\\system32\\backgroundTaskHost.exe","Message":"Process accessed:\r\nRuleName: -\r\nUtcTime: 2020-10-22 05:54:27.212\r\nSourceProcessGUID: {39e4a257-f132-5f8b-1000-000000000700}\r\nSourceProcessId: 944\r\nSourceThreadId: 1060\r\nSourceImage: C:\\windows\\system32\\svchost.exe\r\nTargetProcessGUID: {39e4a257-1e6e-5f91-c912-000000000700}\r\nTargetProcessId: 8792\r\nTargetImage: C:\\windows\\system32\\backgroundTaskHost.exe\r\nGrantedAccess: 0x1000\r\nCallTrace: C:\\windows\\SYSTEM32\\ntdll.dll+9c584|C:\\windows\\SYSTEM32\\psmserviceexthost.dll+222a3|C:\\windows\\SYSTEM32\\psmserviceexthost.dll+37ea0|C:\\windows\\SYSTEM32\\psmserviceexthost.dll+37929|C:\\windows\\SYSTEM32\\psmserviceexthost.dll+686f8|C:\\windows\\SYSTEM32\\psmserviceexthost.dll+6e84a|C:\\windows\\SYSTEM32\\psmserviceexthost.dll+6f700|C:\\windows\\SYSTEM32\\psmserviceexthost.dll+34be4|C:\\windows\\SYSTEM32\\psmserviceexthost.dll+6f63e|C:\\windows\\SYSTEM32\\psmserviceexthost.dll+713b5|C:\\windows\\SYSTEM32\\psmserviceexthost.dll+50bda|C:\\windows\\SYSTEM32\\psmserviceexthost.dll+4500a|C:\\windows\\System32\\KERNEL32.DLL+17c24|C:\\windows\\SYSTEM32\\ntdll.dll+6cea1"}
{"@timestamp":"2020-10-22T01:54:27.384Z","TimeCreated":"2020-10-22T01:54:27.384Z","ProviderGuid":"{5770385f-c22a-43e0-bf4c-06f5698ffbd9}","UtcTime":"2020-10-22 05:54:27.384","ProcessGuid":"{39e4a257-f1b3-5f8b-a700-000000000700}","Image":"C:\\windows\\Explorer.EXE","Level":"4","Channel":"Microsoft-Windows-Sysmon/Operational","Task":"13","RuleName":"-","SourceName":"Microsoft-Windows-Sysmon","Hostname":"WORKSTATION5","Details":"Binary Data","ProcessId":"1072","EventType":"SetValue","EventID":13,"Keywords":"0x8000000000000000","TargetObject":"HKU\\S-1-5-21-3940915590-64593676-1414006259-500\\Software\\Microsoft\\Windows\\CurrentVersion\\Explorer\\UserAssist\\{CEBFF5CD-ACE2-4F4F-9178-9926F41749EA}\\Count\\{1NP14R77-02R7-4R5Q-O744-2RO1NR5198O7}\\pzq.rkr","Message":"Registry value set:\r\nRuleName: -\r\nEventType: SetValue\r\nUtcTime: 2020-10-22 05:54:27.384\r\nProcessGuid: {39e4a257-f1b3-5f8b-a700-000000000700}\r\nProcessId: 1072\r\nImage: C:\\windows\\Explorer.EXE\r\nTargetObject: HKU\\S-1-5-21-3940915590-64593676-1414006259-500\\Software\\Microsoft\\Windows\\CurrentVersion\\Explorer\\UserAssist\\{CEBFF5CD-ACE2-4F4F-9178-9926F41749EA}\\Count\\{1NP14R77-02R7-4R5Q-O744-2RO1NR5198O7}\\pzq.rkr\r\nDetails: Binary Data"}
{"@timestamp":"2020-10-22T01:54:27.385Z","TimeCreated":"2020-10-22T01:54:27.385Z","ProviderGuid":"{5770385f-c22a-43e0-bf4c-06f5698ffbd9}","UtcTime":"2020-10-22 05:54:27.384","ProcessGuid":"{39e4a257-f1b3-5f8b-a700-000000000700}","Image":"C:\\windows\\Explorer.EXE","Level":"4","Channel":"Microsoft-Windows-Sysmon/Operational","Task":"13","RuleName":"-","SourceName":"Microsoft-Windows-Sysmon","Hostname":"WORKSTATION5","Details":"Binary Data","ProcessId":"1072","EventType":"SetValue","EventID":13,"Keywords":"0x8000000000000000","TargetObject":"HKU\\S-1-5-21-3940915590-64593676-1414006259-500\\Software\\Microsoft\\Windows\\CurrentVersion\\Explorer\\UserAssist\\{CEBFF5CD-ACE2-4F4F-9178-9926F41749EA}\\Count\\HRZR_PGYFRFFVBA","Message":"Registry value set:\r\nRuleName: -\r\nEventType: SetValue\r\nUtcTime: 2020-10-22 05:54:27.384\r\nProcessGuid: {39e4a257-f1b3-5f8b-a700-000000000700}\r\nProcessId: 1072\r\nImage: C:\\windows\\Explorer.EXE\r\nTargetObject: HKU\\S-1-5-21-3940915590-64593676-1414006259-500\\Software\\Microsoft\\Windows\\CurrentVersion\\Explorer\\UserAssist\\{CEBFF5CD-ACE2-4F4F-9178-9926F41749EA}\\Count\\HRZR_PGYFRFFVBA\r\nDetails: Binary Data"}
