{"@timestamp":"2020-10-22T01:54:24.018Z","TimeCreated":"2020-10-22T01:54:24.018Z","Hashes":"SHA1=75C9F506592699E30D8ECA63F88C79E956324111,MD5=6ACBCCE095FDB475FC2B3D178E5D9208,SHA256=3F49AB1B04EE3D843E961A1B62CB695EE3FE940EE287819BBBABCC1C3A38F507,IMPHASH=0E48D88DA5B1AEFE29036ECDE5B34E8D","Signature":"Microsoft Windows","ProviderGuid":"{5770385f-c22a-43e0-bf4c-06f5698ffbd9}","Company":"Microsoft Corporation","UtcTime":"2020-10-22 05:54:24.009","ProcessGuid":"{39e4a257-1e8f-5f91-ca12-000000000700}","Image":"C:\\Windows\\System32\\cmstp.exe","ImageLoaded":"C:\\Windows\\System32\\SHCore.dll","Level":"4","Channel":"Microsoft-Windows-Sysmon/Operational","Task":"7","RuleName":"-","FileVersion":"10.0.18362.959 (WinBuild.160101.0800)","SourceName":"Microsoft-Windows-Sysmon","Hostname":"WORKSTATION5","ProcessId":"9456","Description":"SHCORE","SignatureStatus":"Valid","Product":"Microsoft Windows Operating System","EventID":7,"Keywords":"0x8000000000000000","Signed":"true","OriginalFileName":"SHCORE.dll","Message":"Image loaded:\r\nRuleName: -\r\nUtcTime: 2020-10-22 05:54:24.009\r\nProcessGuid: {39e4a257-1e8f-5f91-ca12-000000000700}\r\nProcessId: 9456\r\nImage: C:\\Windows\\System32\\cmstp.exe\r\nImageLoaded: C:\\Windows\\System32\\SHCore.dll\r\nFileVersion: 10.0.18362.959 (WinBuild.160101.0800)\r\nDescription: SHCORE\r\nProduct: Microsoft Windows Operating System\r\nCompany: Microsoft Corporation\r\nOriginalFileName: SHCORE.dll\r\nHashes: SHA1=75C9F506592699E30D8ECA63F88C79E956324111,MD5=6ACBCCE095FDB475FC2B3D178E5D9208,SHA256=3F49AB1B04EE3D843E961A1B62CB695EE3FE940EE287819BBBABCC1C3A38F507,IMPHASH=0E48D88DA5B1AEFE29036ECDE5B34E8D\r\nSigned: true\r\nSignature: Microsoft Windows\r\nSignatureStatus: Valid"}
{"@timestamp":"2020-10-22T01:54:24.018Z","TimeCreated":"2020-10-22T01:54:24.018Z","Hashes":"SHA1=DF7D0248848C0247FD5F65ABD9799FDA0380C77D,MD5=DDD102204FDCD3FC8DD0AA89CF6609A3,SHA256=49F37639155096444C1B780071B8D63320FD8F8DC1D7CEF7A9031830C4F90968,IMPHASH=BDB3E400A78EE2D42C647E85CD2D827B","Signature":"Microsoft Windows","ProviderGuid":"{5770385f-c22a-43e0-bf4c-06f5698ffbd9}","Company":"Microsoft Corporation","UtcTime":"2020-10-22 05:54:24.009","ProcessGuid":"{39e4a257-1e8f-5f91-ca12-000000000700}","Image":"C:\\Windows\\System32\\cmstp.exe","ImageLoaded":"C:\\Windows\\System32\\windows.storage.dll","Level":"4","Channel":"Microsoft-Windows-Sysmon/Operational","Task":"7","RuleName":"-","FileVersion":"10.0.18362.1082 (WinBuild.160101.0800)","SourceName":"Microsoft-Windows-Sysmon","Hostname":"WORKSTATION5","ProcessId":"9456","Description":"Microsoft WinRT Storage API","SignatureStatus":"Valid","Product":"Microsoft Windows Operating System","EventID":7,"Keywords":"0x8000000000000000","Signed":"true","OriginalFileName":"Windows.Storage.dll","Message":"Image loaded:\r\nRuleName: -\r\nUtcTime: 2020-10-22 05:54:24.009\r\nProcessGuid: {39e4a257-1e8f-5f91-ca12-000000000700}\r\nProcessId: 9456\r\nImage: C:\\Windows\\System32\\cmstp.exe\r\nImageLoaded: C:\\Windows\\System32\\windows.storage.dll\r\nFileVersion: 10.0.18362.1082 (WinBuild.160101.0800)\r\nDescription: Microsoft WinRT Storage API\r\nProduct: Microsoft Windows Operating System\r\nCompany: Microsoft Corporation\r\nOriginalFileName: Windows.Storage.dll\r\nHashes: SHA1=DF7D0248848C0247FD5F65ABD9799FDA0380C77D,MD5=DDD102204FDCD3FC8DD0AA89CF6609A3,SHA256=49F37639155096444C1B780071B8D63320FD8F8DC1D7CEF7A9031830C4F90968,IMPHASH=BDB3E400A78EE2D42C647E85CD2D827B\r\nSigned: true\r\nSignature: Microsoft Windows\r\nSignatureStatus: Valid"}
{"@timestamp":"2020-10-22T01:54:24.022Z","TimeCreated":"2020-10-22T01:54:24.022Z","Hashes":"SHA1=0FC3BE2C845B605BEE202F201CE4A8AD63278AFC,MD5=0E4A75DEFB820D0045CCCAFCE7B4E830,SHA256=083B1D9C2A3A66D6210DA152615E4E9A2873878BAA9744D691EE768EE3FDBD36,IMPHASH=E808106BB9DA925626B99F822A04C598","Signature":"Microsoft Windows","ProviderGuid":"{5770385f-c22a-43e0-bf4c-06f5698ffbd9}","Company":"Microsoft Corporation","UtcTime":"2020-10-22 05:54:24.009","ProcessGuid":"{39e4a257-1e8f-5f91-ca12-000000000700}","Image":"C:\\Windows\\System32\\cmstp.exe","ImageLoaded":"C:\\Windows\\System32\\cmutil.dll","Level":"4","Channel":"Microsoft-Windows-Sysmon/Operational","Task":"7","RuleName":"-","FileVersion":"7.2.18362.1 (WinBuild.160101.0800)","SourceName":"Microsoft-Windows-Sysmon","Hostname":"WORKSTATION5","ProcessId":"9456","Description":"Microsoft Connection Manager Utility Lib","SignatureStatus":"Valid","Product":"Microsoft(R) Connection Manager","EventID":7,"Keywords":"0x8000000000000000","Signed":"true","OriginalFileName":"CMUTIL.DLL","Message":"Image loaded:\r\nRuleName: -\r\nUtcTime: 2020-10-22 05:54:24.009\r\nProcessGuid: {39e4a257-1e8f-5f91-ca12-000000000700}\r\nProcessId: 9456\r\nImage: C:\\Windows\\System32\\cmstp.exe\r\nImageLoaded: C:\\Windows\\System32\\cmutil.dll\r\nFileVersion: 7.2.18362.1 (WinBuild.160101.0800)\r\nDescription: Microsoft Connection Manager Utility Lib\r\nProduct: Microsoft(R) Connection Manager\r\nCompany: Microsoft Corporation\r\nOriginalFileName: CMUTIL.DLL\r\nHashes: SHA1=0FC3BE2C845B605BEE202F201CE4A8AD63278AFC,MD5=0E4A75DEFB820D0045CCCAFCE7B4E830,SHA256=083B1D9C2A3A66D6210DA152615E4E9A2873878BAA9744D691EE768EE3FDBD36,IMPHASH=E808106BB9DA925626B99F822A04C598\r\nSigned: true\r\nSignature: Microsoft Windows\r\nSignatureStatus: Valid"}
{"@timestamp":"2020-10-22T01:54:24.023Z","TimeCreated":"2020-10-22T01:54:24.023Z","Hashes":"SHA1=387FC7660AFDEC45CFFB84980EB77D0E787ED31B,MD5=F4862E1CC68687B9D4B245512BDF8383,SHA256=A2DF0AC95B9AA338EB6062BA5739F65BFBA86658546F4C5CAC6045C363F55E24,IMPHASH=192CF98320740B7D296297054A9C3EEA","Signature":"Microsoft Windows","ProviderGuid":"{5770385f-c22a-43e0-bf4c-06f5698ffbd9}","Company":"Microsoft Corporation","UtcTime":"2020-10-22 05:54:24.009","ProcessGuid":"{39e4a257-1e8f-5f91-ca12-000000000700}","Image":"C:\\Windows\\System32\\cmstp.exe","ImageLoaded":"C:\\Windows\\System32\\profapi.dll","Level":"4","Channel":"Microsoft-Windows-Sysmon/Operational","Task":"7","RuleName":"-","FileVersion":"10.0.18362.693 (WinBuild.160101.0800)","SourceName":"Microsoft-Windows-Sysmon","Hostname":"WORKSTATION5","ProcessId":"9456","Description":"User Profile Basic API","SignatureStatus":"Valid","Product":"Microsoft Windows Operating System","EventID":7,"Keywords":"0x8000000000000000","Signed":"true","OriginalFileName":"PROFAPI.DLL","Message":"Image loaded:\r\nRuleName: -\r\nUtcTime: 2020-10-22 05:54:24.009\r\nProcessGuid: {39e4a257-1e8f-5f91-ca12-000000000700}\r\nProcessId: 9456\r\nImage: C:\\Windows\\System32\\cmstp.exe\r\nImageLoaded: C:\\Windows\\System32\\profapi.dll\r\nFileVersion: 10.0.18362.693 (WinBuild.160101.0800)\r\nDescription: User Profile Basic API\r\nProduct: Microsoft Windows Operating System\r\nCompany: Microsoft Corporation\r\nOriginalFileName: PROFAPI.DLL\r\nHashes: SHA1=387FC7660AFDEC45CFFB84980EB77D0E787ED31B,MD5=F4862E1CC68687B9D4B245512BDF8383,SHA256=A2DF0AC95B9AA338EB6062BA5739F65BFBA86658546F4C5CAC6045C363F55E24,IMPHASH=192CF98320740B7D296297054A9C3EEA\r\nSigned: true\r\nSignature: Microsoft Windows\r\nSignatureStatus: Valid"}
{"@timestamp":"2020-10-22T01:54:24.023Z","TimeCreated":"2020-10-22T01:54:24.023Z","Hashes":"SHA1=30D5ADBC0664977C27B65622F514632581C9AF45,MD5=07B027B1E0B775FAE815E487F28137B9,SHA256=21358CE9A416C7F6DB063095102E91F014BDB85B08A4E783E17234792C9B483A,IMPHASH=817FF4748665EB442F0081A91349F764","Signature":"Microsoft Windows","ProviderGuid":"{5770385f-c22a-43e0-bf4c-06f5698ffbd9}","Company":"Microsoft Corporation","UtcTime":"2020-10-22 05:54:24.009","ProcessGuid":"{39e4a257-1e8f-5f91-ca12-000000000700}","Image":"C:\\Windows\\System32\\cmstp.exe","ImageLoaded":"C:\\Windows\\System32\\powrprof.dll","Level":"4","Channel":"Microsoft-Windows-Sysmon/Operational","Task":"7","RuleName":"-","FileVersion":"10.0.18362.1 (WinBuild.160101.0800)","SourceName":"Microsoft-Windows-Sysmon","Hostname":"WORKSTATION5","ProcessId":"9456","Description":"Power Profile Helper DLL","SignatureStatus":"Valid","Product":"Microsoft Windows Operating System","EventID":7,"Keywords":"0x8000000000000000","Signed":"true","OriginalFileName":"POWRPROF.DLL","Message":"Image loaded:\r\nRuleName: -\r\nUtcTime: 2020-10-22 05:54:24.009\r\nProcessGuid: {39e4a257-1e8f-5f91-ca12-000000000700}\r\nProcessId: 9456\r\nImage: C:\\Windows\\System32\\cmstp.exe\r\nImageLoaded: C:\\Windows\\System32\\powrprof.dll\r\nFileVersion: 10.0.18362.1 (WinBuild.160101.0800)\r\nDescription: Power Profile Helper DLL\r\nProduct: Microsoft Windows Operating System\r\nCompany: Microsoft Corporation\r\nOriginalFileName: POWRPROF.DLL\r\nHashes: SHA1=30D5ADBC0664977C27B65622F514632581C9AF45,MD5=07B027B1E0B775FAE815E487F28137B9,SHA256=21358CE9A416C7F6DB063095102E91F014BDB85B08A4E783E17234792C9B483A,IMPHASH=817FF4748665EB442F0081A91349F764\r\nSigned: true\r\nSignature: Microsoft Windows\r\nSignatureStatus: Valid"}
{"@timestamp":"2020-10-22T01:54:24.023Z","TimeCreated":"2020-10-22T01:54:24.023Z","Hashes":"SHA1=6ABB78FB1614C12E3E9FFF3DE98B0E13E79201D9,MD5=B9A75ED4500DD953DF172FE6F63578E8,SHA256=709B99BA1DFEF6D9B2483F37D242B12F29B1E1ADE13E338B4D7041C55B55204B,IMPHASH=5A0FF5293A05BFEBAE6F2C9C302FC5E7","Signature":"Microsoft Windows","ProviderGuid":"{5770385f-c22a-43e0-bf4c-06f5698ffbd9}","Company":"-","UtcTime":"2020-10-22 05:54:24.009","ProcessGuid":"{39e4a257-1e8f-5f91-ca12-000000000700}","Image":"C:\\Windows\\System32\\cmstp.exe","ImageLoaded":"C:\\Windows\\System32\\umpdc.dll","Level":"4","Channel":"Microsoft-Windows-Sysmon/Operational","Task":"7","RuleName":"-","FileVersion":"-","SourceName":"Microsoft-Windows-Sysmon","Hostname":"WORKSTATION5","ProcessId":"9456","Description":"-","SignatureStatus":"Valid","Product":"-","EventID":7,"Keywords":"0x8000000000000000","Signed":"true","OriginalFileName":"-","Message":"Image loaded:\r\nRuleName: -\r\nUtcTime: 2020-10-22 05:54:24.009\r\nProcessGuid: {39e4a257-1e8f-5f91-ca12-000000000700}\r\nProcessId: 9456\r\nImage: C:\\Windows\\System32\\cmstp.exe\r\nImageLoaded: C:\\Windows\\System32\\umpdc.dll\r\nFileVersion: -\r\nDescription: -\r\nProduct: -\r\nCompany: -\r\nOriginalFileName: -\r\nHashes: SHA1=6ABB78FB1614C12E3E9FFF3DE98B0E13E79201D9,MD5=B9A75ED4500DD953DF172FE6F63578E8,SHA256=709B99BA1DFEF6D9B2483F37D242B12F29B1E1ADE13E338B4D7041C55B55204B,IMPHASH=5A0FF5293A05BFEBAE6F2C9C302FC5E7\r\nSigned: true\r\nSignature: Microsoft Windows\r\nSignatureStatus: Valid"}
{"@timestamp":"2020-10-22T01:54:24.023Z","TimeCreated":"2020-10-22T01:54:24.023Z","Hashes":"SHA1=9074DF3335B785BB00B43AE76ACC66B799118FAE,MD5=BFB85A9022324E41FCEC5011BCB5FD23,SHA256=3CDA144CFB6278DA47267FE1E1FE258716A074C3D3DD8413B259DA7DA1039871,IMPHASH=6659A49ABF33952444C5A7FA22FD9032","Signature":"Microsoft Windows","ProviderGuid":"{5770385f-c22a-43e0-bf4c-06f5698ffbd9}","Company":"Microsoft Corporation","UtcTime":"2020-10-22 05:54:24.009","ProcessGuid":"{39e4a257-1e8f-5f91-ca12-000000000700}","Image":"C:\\Windows\\System32\\cmstp.exe","ImageLoaded":"C:\\Windows\\System32\\shlwapi.dll","Level":"4","Channel":"Microsoft-Windows-Sysmon/Operational","Task":"7","RuleName":"-","FileVersion":"10.0.18362.1 (WinBuild.160101.0800)","SourceName":"Microsoft-Windows-Sysmon","Hostname":"WORKSTATION5","ProcessId":"9456","Description":"Shell Light-weight Utility Library","SignatureStatus":"Valid","Product":"Microsoft Windows Operating System","EventID":7,"Keywords":"0x8000000000000000","Signed":"true","OriginalFileName":"SHLWAPI.DLL","Message":"Image loaded:\r\nRuleName: -\r\nUtcTime: 2020-10-22 05:54:24.009\r\nProcessGuid: {39e4a257-1e8f-5f91-ca12-000000000700}\r\nProcessId: 9456\r\nImage: C:\\Windows\\System32\\cmstp.exe\r\nImageLoaded: C:\\Windows\\System32\\shlwapi.dll\r\nFileVersion: 10.0.18362.1 (WinBuild.160101.0800)\r\nDescription: Shell Light-weight Utility Library\r\nProduct: Microsoft Windows Operating System\r\nCompany: Microsoft Corporation\r\nOriginalFileName: SHLWAPI.DLL\r\nHashes: SHA1=9074DF3335B785BB00B43AE76ACC66B799118FAE,MD5=BFB85A9022324E41FCEC5011BCB5FD23,SHA256=3CDA144CFB6278DA47267FE1E1FE258716A074C3D3DD8413B259DA7DA1039871,IMPHASH=6659A49ABF33952444C5A7FA22FD9032\r\nSigned: true\r\nSignature: Microsoft Windows\r\nSignatureStatus: Valid"}
{"@timestamp":"2020-10-22T01:54:24.024Z","TimeCreated":"2020-10-22T01:54:24.024Z","Hashes":"SHA1=F1D1D942ACBA432D60C139A8AE9644665044BCD6,MD5=5539643D8D55C97FB3A5F7E24C448A3F,SHA256=4FB47D56F0FC6C27FEC884E078A2999F7B2E10994359960CC78182544CA80C36,IMPHASH=639D16ACD736EAE912B88E985A0A7A0F","Signature":"Microsoft Windows","ProviderGuid":"{5770385f-c22a-43e0-bf4c-06f5698ffbd9}","Company":"Microsoft Corporation","UtcTime":"2020-10-22 05:54:24.009","ProcessGuid":"{39e4a257-1e8f-5f91-ca12-000000000700}","Image":"C:\\Windows\\System32\\cmstp.exe","ImageLoaded":"C:\\Windows\\System32\\kernel.appcore.dll","Level":"4","Channel":"Microsoft-Windows-Sysmon/Operational","Task":"7","RuleName":"-","FileVersion":"10.0.18362.1110 (WinBuild.160101.0800)","SourceName":"Microsoft-Windows-Sysmon","Hostname":"WORKSTATION5","ProcessId":"9456","Description":"AppModel API Host","SignatureStatus":"Valid","Product":"Microsoft Windows Operating System","EventID":7,"Keywords":"0x8000000000000000","Signed":"true","OriginalFileName":"kernel.appcore.dll","Message":"Image loaded:\r\nRuleName: -\r\nUtcTime: 2020-10-22 05:54:24.009\r\nProcessGuid: {39e4a257-1e8f-5f91-ca12-000000000700}\r\nProcessId: 9456\r\nImage: C:\\Windows\\System32\\cmstp.exe\r\nImageLoaded: C:\\Windows\\System32\\kernel.appcore.dll\r\nFileVersion: 10.0.18362.1110 (WinBuild.160101.0800)\r\nDescription: AppModel API Host\r\nProduct: Microsoft Windows Operating System\r\nCompany: Microsoft Corporation\r\nOriginalFileName: kernel.appcore.dll\r\nHashes: SHA1=F1D1D942ACBA432D60C139A8AE9644665044BCD6,MD5=5539643D8D55C97FB3A5F7E24C448A3F,SHA256=4FB47D56F0FC6C27FEC884E078A2999F7B2E10994359960CC78182544CA80C36,IMPHASH=639D16ACD736EAE912B88E985A0A7A0F\r\nSigned: true\r\nSignature: Microsoft Windows\r\nSignatureStatus: Valid"}
{"@timestamp":"2020-10-22T01:54:24.024Z","TimeCreated":"2020-10-22T01:54:24.024Z","Hashes":"SHA1=90F229FB5DB52DF3604195B10C48E946684929ED,MD5=ACE18C6797090A1AA259BB8713917F98,SHA256=F5E118F67745792909973717FAE1F9FE68B2619332A4451AD04E0C9072B8D605,IMPHASH=A9B9D04D0B53DC48ABB37BE77AD01B55","Signature":"Microsoft Windows","ProviderGuid":"{5770385f-c22a-43e0-bf4c-06f5698ffbd9}","Company":"Microsoft Corporation","UtcTime":"2020-10-22 05:54:24.009","ProcessGuid":"{39e4a257-1e8f-5f91-ca12-000000000700}","Image":"C:\\Windows\\System32\\cmstp.exe","ImageLoaded":"C:\\Windows\\System32\\cryptsp.dll","Level":"4","Channel":"Microsoft-Windows-Sysmon/Operational","Task":"7","RuleName":"-","FileVersion":"10.0.18362.1 (WinBuild.160101.0800)","SourceName":"Microsoft-Windows-Sysmon","Hostname":"WORKSTATION5","ProcessId":"9456","Description":"Cryptographic Service Provider API","SignatureStatus":"Valid","Product":"Microsoft Windows Operating System","EventID":7,"Keywords":"0x8000000000000000","Signed":"true","OriginalFileName":"cryptsp.dll","Message":"Image loaded:\r\nRuleName: -\r\nUtcTime: 2020-10-22 05:54:24.009\r\nProcessGuid: {39e4a257-1e8f-5f91-ca12-000000000700}\r\nProcessId: 9456\r\nImage: C:\\Windows\\System32\\cmstp.exe\r\nImageLoaded: C:\\Windows\\System32\\cryptsp.dll\r\nFileVersion: 10.0.18362.1 (WinBuild.160101.0800)\r\nDescription: Cryptographic Service Provider API\r\nProduct: Microsoft Windows Operating System\r\nCompany: Microsoft Corporation\r\nOriginalFileName: cryptsp.dll\r\nHashes: SHA1=90F229FB5DB52DF3604195B10C48E946684929ED,MD5=ACE18C6797090A1AA259BB8713917F98,SHA256=F5E118F67745792909973717FAE1F9FE68B2619332A4451AD04E0C9072B8D605,IMPHASH=A9B9D04D0B53DC48ABB37BE77AD01B55\r\nSigned: true\r\nSignature: Microsoft Windows\r\nSignatureStatus: Valid"}
{"@timestamp":"2020-10-22T01:54:24.028Z","TimeCreated":"2020-10-22T01:54:24.028Z","Hashes":"SHA1=76BB2AB8D3CB6DB6D23F4771334C9AA9C231B03A,MD5=025CC332EDC4B1A38290F3E36BCEF4FB,SHA256=0FE3C1C575EA1B0257B2EB12527EC35E3004CD88EA5BAEC7095386A9F9EB70AD,IMPHASH=24F54B6761C10BA12481CF6C780605BF","Signature":"Microsoft Windows","ProviderGuid":"{5770385f-c22a-43e0-bf4c-06f5698ffbd9}","Company":"Microsoft Corporation","UtcTime":"2020-10-22 05:54:24.009","ProcessGuid":"{39e4a257-1e8f-5f91-ca12-000000000700}","Image":"C:\\Windows\\System32\\cmstp.exe","ImageLoaded":"C:\\Windows\\System32\\imm32.dll","Level":"4","Channel":"Microsoft-Windows-Sysmon/Operational","Task":"7","RuleName":"-","FileVersion":"10.0.18362.387 (WinBuild.160101.0800)","SourceName":"Microsoft-Windows-Sysmon","Hostname":"WORKSTATION5","ProcessId":"9456","Description":"Multi-User Windows IMM32 API Client DLL","SignatureStatus":"Valid","Product":"Microsoft Windows Operating System","EventID":7,"Keywords":"0x8000000000000000","Signed":"true","OriginalFileName":"imm32","Message":"Image loaded:\r\nRuleName: -\r\nUtcTime: 2020-10-22 05:54:24.009\r\nProcessGuid: {39e4a257-1e8f-5f91-ca12-000000000700}\r\nProcessId: 9456\r\nImage: C:\\Windows\\System32\\cmstp.exe\r\nImageLoaded: C:\\Windows\\System32\\imm32.dll\r\nFileVersion: 10.0.18362.387 (WinBuild.160101.0800)\r\nDescription: Multi-User Windows IMM32 API Client DLL\r\nProduct: Microsoft Windows Operating System\r\nCompany: Microsoft Corporation\r\nOriginalFileName: imm32\r\nHashes: SHA1=76BB2AB8D3CB6DB6D23F4771334C9AA9C231B03A,MD5=025CC332EDC4B1A38290F3E36BCEF4FB,SHA256=0FE3C1C575EA1B0257B2EB12527EC35E3004CD88EA5BAEC7095386A9F9EB70AD,IMPHASH=24F54B6761C10BA12481CF6C780605BF\r\nSigned: true\r\nSignature: Microsoft Windows\r\nSignatureStatus: Valid"}
{"@timestamp":"2020-10-22T01:54:24.034Z","TimeCreated":"2020-10-22T01:54:24.034Z","Hashes":"SHA1=1B4D79B7B22D65E56A7D71DB942E947268782DEC,MD5=F26BC38017B1E828A2B437513DF78D24,SHA256=9D331DD4364EA1BFAD25099436B31DCF36488917C4E6A6E19223DC5E9FC10F1A,IMPHASH=09F1F82E64030E84C5CE08D226E28072","Signature":"Microsoft Windows","ProviderGuid":"{5770385f-c22a-43e0-bf4c-06f5698ffbd9}","Company":"Microsoft Corporation","UtcTime":"2020-10-22 05:54:24.024","ProcessGuid":"{39e4a257-1e8f-5f91-ca12-000000000700}","Image":"C:\\Windows\\System32\\cmstp.exe","ImageLoaded":"C:\\Windows\\System32\\rtutils.dll","Level":"4","Channel":"Microsoft-Windows-Sysmon/Operational","Task":"7","RuleName":"-","FileVersion":"10.0.18362.1082 (WinBuild.160101.0800)","SourceName":"Microsoft-Windows-Sysmon","Hostname":"WORKSTATION5","ProcessId":"9456","Description":"Routing Utilities","SignatureStatus":"Valid","Product":"Microsoft Windows Operating System","EventID":7,"Keywords":"0x8000000000000000","Signed":"true","OriginalFileName":"RTUTILS.DLL","Message":"Image loaded:\r\nRuleName: -\r\nUtcTime: 2020-10-22 05:54:24.024\r\nProcessGuid: {39e4a257-1e8f-5f91-ca12-000000000700}\r\nProcessId: 9456\r\nImage: C:\\Windows\\System32\\cmstp.exe\r\nImageLoaded: C:\\Windows\\System32\\rtutils.dll\r\nFileVersion: 10.0.18362.1082 (WinBuild.160101.0800)\r\nDescription: Routing Utilities\r\nProduct: Microsoft Windows Operating System\r\nCompany: Microsoft Corporation\r\nOriginalFileName: RTUTILS.DLL\r\nHashes: SHA1=1B4D79B7B22D65E56A7D71DB942E947268782DEC,MD5=F26BC38017B1E828A2B437513DF78D24,SHA256=9D331DD4364EA1BFAD25099436B31DCF36488917C4E6A6E19223DC5E9FC10F1A,IMPHASH=09F1F82E64030E84C5CE08D226E28072\r\nSigned: true\r\nSignature: Microsoft Windows\r\nSignatureStatus: Valid"}
{"@timestamp":"2020-10-22T01:54:24.035Z","TimeCreated":"2020-10-22T01:54:24.035Z","ProviderGuid":"{5770385f-c22a-43e0-bf4c-06f5698ffbd9}","UtcTime":"2020-10-22 05:54:24.024","ProcessGuid":"{39e4a257-1e8f-5f91-ca12-000000000700}","Image":"C:\\windows\\system32\\cmstp.exe","Level":"4","Channel":"Microsoft-Windows-Sysmon/Operational","Task":"12","RuleName":"-","SourceName":"Microsoft-Windows-Sysmon","Hostname":"WORKSTATION5","ProcessId":"9456","EventType":"CreateKey","EventID":12,"Keywords":"0x8000000000000000","TargetObject":"HKLM\\SOFTWARE\\Microsoft\\Tracing","Message":"Registry object added or deleted:\r\nRuleName: -\r\nEventType: CreateKey\r\nUtcTime: 2020-10-22 05:54:24.024\r\nProcessGuid: {39e4a257-1e8f-5f91-ca12-000000000700}\r\nProcessId: 9456\r\nImage: C:\\windows\\system32\\cmstp.exe\r\nTargetObject: HKLM\\SOFTWARE\\Microsoft\\Tracing"}
{"@timestamp":"2020-10-22T01:54:24.035Z","TimeCreated":"2020-10-22T01:54:24.035Z","ProviderGuid":"{5770385f-c22a-43e0-bf4c-06f5698ffbd9}","UtcTime":"2020-10-22 05:54:24.024","ProcessGuid":"{39e4a257-1e8f-5f91-ca12-000000000700}","Image":"C:\\windows\\system32\\cmstp.exe","Level":"4","Channel":"Microsoft-Windows-Sysmon/Operational","Task":"12","RuleName":"-","SourceName":"Microsoft-Windows-Sysmon","Hostname":"WORKSTATION5","ProcessId":"9456","EventType":"CreateKey","EventID":12,"Keywords":"0x8000000000000000","TargetObject":"HKLM\\SOFTWARE\\Microsoft\\Tracing","Message":"Registry object added or deleted:\r\nRuleName: -\r\nEventType: CreateKey\r\nUtcTime: 2020-10-22 05:54:24.024\r\nProcessGuid: {39e4a257-1e8f-5f91-ca12-000000000700}\r\nProcessId: 9456\r\nImage: C:\\windows\\system32\\cmstp.exe\r\nTargetObject: HKLM\\SOFTWARE\\Microsoft\\Tracing"}
{"@timestamp":"2020-10-22T01:54:24.035Z","TimeCreated":"2020-10-22T01:54:24.035Z","ProviderGuid":"{5770385f-c22a-43e0-bf4c-06f5698ffbd9}","UtcTime":"2020-10-22 05:54:24.024","ProcessGuid":"{39e4a257-1e8f-5f91-ca12-000000000700}","Image":"C:\\windows\\system32\\cmstp.exe","Level":"4","Channel":"Microsoft-Windows-Sysmon/Operational","Task":"12","RuleName":"-","SourceName":"Microsoft-Windows-Sysmon","Hostname":"WORKSTATION5","ProcessId":"9456","EventType":"CreateKey","EventID":12,"Keywords":"0x8000000000000000","TargetObject":"HKLM\\SOFTWARE\\Microsoft\\Tracing\\CMSTP","Message":"Registry object added or deleted:\r\nRuleName: -\r\nEventType: CreateKey\r\nUtcTime: 2020-10-22 05:54:24.024\r\nProcessGuid: {39e4a257-1e8f-5f91-ca12-000000000700}\r\nProcessId: 9456\r\nImage: C:\\windows\\system32\\cmstp.exe\r\nTargetObject: HKLM\\SOFTWARE\\Microsoft\\Tracing\\CMSTP"}
{"@timestamp":"2020-10-22T01:54:24.035Z","TimeCreated":"2020-10-22T01:54:24.035Z","ProviderGuid":"{5770385f-c22a-43e0-bf4c-06f5698ffbd9}","UtcTime":"2020-10-22 05:54:24.024","ProcessGuid":"{39e4a257-1e8f-5f91-ca12-000000000700}","Image":"C:\\windows\\system32\\cmstp.exe","Level":"4","Channel":"Microsoft-Windows-Sysmon/Operational","Task":"13","RuleName":"-","SourceName":"Microsoft-Windows-Sysmon","Hostname":"WORKSTATION5","Details":"DWORD (0x00000000)","ProcessId":"9456","EventType":"SetValue","EventID":13,"Keywords":"0x8000000000000000","TargetObject":"HKLM\\SOFTWARE\\Microsoft\\Tracing\\CMSTP\\EnableFileTracing","Message":"Registry value set:\r\nRuleName: -\r\nEventType: SetValue\r\nUtcTime: 2020-10-22 05:54:24.024\r\nProcessGuid: {39e4a257-1e8f-5f91-ca12-000000000700}\r\nProcessId: 9456\r\nImage: C:\\windows\\system32\\cmstp.exe\r\nTargetObject: HKLM\\SOFTWARE\\Microsoft\\Tracing\\CMSTP\\EnableFileTracing\r\nDetails: DWORD (0x00000000)"}
{"@timestamp":"2020-10-22T01:54:24.035Z","TimeCreated":"2020-10-22T01:54:24.035Z","ProviderGuid":"{5770385f-c22a-43e0-bf4c-06f5698ffbd9}","UtcTime":"2020-10-22 05:54:24.024","ProcessGuid":"{39e4a257-1e8f-5f91-ca12-000000000700}","Image":"C:\\windows\\system32\\cmstp.exe","Level":"4","Channel":"Microsoft-Windows-Sysmon/Operational","Task":"13","RuleName":"-","SourceName":"Microsoft-Windows-Sysmon","Hostname":"WORKSTATION5","Details":"DWORD (0x00000000)","ProcessId":"9456","EventType":"SetValue","EventID":13,"Keywords":"0x8000000000000000","TargetObject":"HKLM\\SOFTWARE\\Microsoft\\Tracing\\CMSTP\\EnableAutoFileTracing","Message":"Registry value set:\r\nRuleName: -\r\nEventType: SetValue\r\nUtcTime: 2020-10-22 05:54:24.024\r\nProcessGuid: {39e4a257-1e8f-5f91-ca12-000000000700}\r\nProcessId: 9456\r\nImage: C:\\windows\\system32\\cmstp.exe\r\nTargetObject: HKLM\\SOFTWARE\\Microsoft\\Tracing\\CMSTP\\EnableAutoFileTracing\r\nDetails: DWORD (0x00000000)"}
{"@timestamp":"2020-10-22T01:54:24.035Z","TimeCreated":"2020-10-22T01:54:24.035Z","ProviderGuid":"{5770385f-c22a-43e0-bf4c-06f5698ffbd9}","UtcTime":"2020-10-22 05:54:24.024","ProcessGuid":"{39e4a257-1e8f-5f91-ca12-000000000700}","Image":"C:\\windows\\system32\\cmstp.exe","Level":"4","Channel":"Microsoft-Windows-Sysmon/Operational","Task":"13","RuleName":"-","SourceName":"Microsoft-Windows-Sysmon","Hostname":"WORKSTATION5","Details":"DWORD (0x00000000)","ProcessId":"9456","EventType":"SetValue","EventID":13,"Keywords":"0x8000000000000000","TargetObject":"HKLM\\SOFTWARE\\Microsoft\\Tracing\\CMSTP\\EnableConsoleTracing","Message":"Registry value set:\r\nRuleName: -\r\nEventType: SetValue\r\nUtcTime: 2020-10-22 05:54:24.024\r\nProcessGuid: {39e4a257-1e8f-5f91-ca12-000000000700}\r\nProcessId: 9456\r\nImage: C:\\windows\\system32\\cmstp.exe\r\nTargetObject: HKLM\\SOFTWARE\\Microsoft\\Tracing\\CMSTP\\EnableConsoleTracing\r\nDetails: DWORD (0x00000000)"}
{"@timestamp":"2020-10-22T01:54:24.035Z","TimeCreated":"2020-10-22T01:54:24.035Z","ProviderGuid":"{5770385f-c22a-43e0-bf4c-06f5698ffbd9}","UtcTime":"2020-10-22 05:54:24.024","ProcessGuid":"{39e4a257-1e8f-5f91-ca12-000000000700}","Image":"C:\\windows\\system32\\cmstp.exe","Level":"4","Channel":"Microsoft-Windows-Sysmon/Operational","Task":"13","RuleName":"-","SourceName":"Microsoft-Windows-Sysmon","Hostname":"WORKSTATION5","Details":"DWORD (0xffff0000)","ProcessId":"9456","EventType":"SetValue","EventID":13,"Keywords":"0x8000000000000000","TargetObject":"HKLM\\SOFTWARE\\Microsoft\\Tracing\\CMSTP\\FileTracingMask","Message":"Registry value set:\r\nRuleName: -\r\nEventType: SetValue\r\nUtcTime: 2020-10-22 05:54:24.024\r\nProcessGuid: {39e4a257-1e8f-5f91-ca12-000000000700}\r\nProcessId: 9456\r\nImage: C:\\windows\\system32\\cmstp.exe\r\nTargetObject: HKLM\\SOFTWARE\\Microsoft\\Tracing\\CMSTP\\FileTracingMask\r\nDetails: DWORD (0xffff0000)"}
{"@timestamp":"2020-10-22T01:54:24.035Z","TimeCreated":"2020-10-22T01:54:24.035Z","ProviderGuid":"{5770385f-c22a-43e0-bf4c-06f5698ffbd9}","UtcTime":"2020-10-22 05:54:24.024","ProcessGuid":"{39e4a257-1e8f-5f91-ca12-000000000700}","Image":"C:\\windows\\system32\\cmstp.exe","Level":"4","Channel":"Microsoft-Windows-Sysmon/Operational","Task":"13","RuleName":"-","SourceName":"Microsoft-Windows-Sysmon","Hostname":"WORKSTATION5","Details":"DWORD (0xffff0000)","ProcessId":"9456","EventType":"SetValue","EventID":13,"Keywords":"0x8000000000000000","TargetObject":"HKLM\\SOFTWARE\\Microsoft\\Tracing\\CMSTP\\ConsoleTracingMask","Message":"Registry value set:\r\nRuleName: -\r\nEventType: SetValue\r\nUtcTime: 2020-10-22 05:54:24.024\r\nProcessGuid: {39e4a257-1e8f-5f91-ca12-000000000700}\r\nProcessId: 9456\r\nImage: C:\\windows\\system32\\cmstp.exe\r\nTargetObject: HKLM\\SOFTWARE\\Microsoft\\Tracing\\CMSTP\\ConsoleTracingMask\r\nDetails: DWORD (0xffff0000)"}
{"@timestamp":"2020-10-22T01:54:24.035Z","TimeCreated":"2020-10-22T01:54:24.035Z","ProviderGuid":"{5770385f-c22a-43e0-bf4c-06f5698ffbd9}","UtcTime":"2020-10-22 05:54:24.024","ProcessGuid":"{39e4a257-1e8f-5f91-ca12-000000000700}","Image":"C:\\windows\\system32\\cmstp.exe","Level":"4","Channel":"Microsoft-Windows-Sysmon/Operational","Task":"13","RuleName":"-","SourceName":"Microsoft-Windows-Sysmon","Hostname":"WORKSTATION5","Details":"DWORD (0x00100000)","ProcessId":"9456","EventType":"SetValue","EventID":13,"Keywords":"0x8000000000000000","TargetObject":"HKLM\\SOFTWARE\\Microsoft\\Tracing\\CMSTP\\MaxFileSize","Message":"Registry value set:\r\nRuleName: -\r\nEventType: SetValue\r\nUtcTime: 2020-10-22 05:54:24.024\r\nProcessGuid: {39e4a257-1e8f-5f91-ca12-000000000700}\r\nProcessId: 9456\r\nImage: C:\\windows\\system32\\cmstp.exe\r\nTargetObject: HKLM\\SOFTWARE\\Microsoft\\Tracing\\CMSTP\\MaxFileSize\r\nDetails: DWORD (0x00100000)"}
{"@timestamp":"2020-10-22T01:54:24.035Z","TimeCreated":"2020-10-22T01:54:24.035Z","ProviderGuid":"{5770385f-c22a-43e0-bf4c-06f5698ffbd9}","UtcTime":"2020-10-22 05:54:24.024","ProcessGuid":"{39e4a257-1e8f-5f91-ca12-000000000700}","Image":"C:\\windows\\system32\\cmstp.exe","Level":"4","Channel":"Microsoft-Windows-Sysmon/Operational","Task":"13","RuleName":"-","SourceName":"Microsoft-Windows-Sysmon","Hostname":"WORKSTATION5","Details":"%%windir%%\\tracing","ProcessId":"9456","EventType":"SetValue","EventID":13,"Keywords":"0x8000000000000000","TargetObject":"HKLM\\SOFTWARE\\Microsoft\\Tracing\\CMSTP\\FileDirectory","Message":"Registry value set:\r\nRuleName: -\r\nEventType: SetValue\r\nUtcTime: 2020-10-22 05:54:24.024\r\nProcessGuid: {39e4a257-1e8f-5f91-ca12-000000000700}\r\nProcessId: 9456\r\nImage: C:\\windows\\system32\\cmstp.exe\r\nTargetObject: HKLM\\SOFTWARE\\Microsoft\\Tracing\\CMSTP\\FileDirectory\r\nDetails: %%windir%%\\tracing"}
{"@timestamp":"2020-10-22T01:54:24.047Z","TimeCreated":"2020-10-22T01:54:24.047Z","Hashes":"SHA1=7ACB0FF46499B6DCC5B1F62BE61A6FCEF9E331EB,MD5=F1C4AE57A163AA8F9F5EAF22EDA4E213,SHA256=4469520EBA030A65DD7EAB3ED658F7A920F561093B57A6FD948B6967464B6520,IMPHASH=67771DF1A810323891350EAA22042452","Signature":"Microsoft Windows","ProviderGuid":"{5770385f-c22a-43e0-bf4c-06f5698ffbd9}","Company":"Microsoft Corporation","UtcTime":"2020-10-22 05:54:24.040","ProcessGuid":"{39e4a257-1e8f-5f91-ca12-000000000700}","Image":"C:\\Windows\\System32\\cmstp.exe","ImageLoaded":"C:\\Windows\\System32\\rasapi32.dll","Level":"4","Channel":"Microsoft-Windows-Sysmon/Operational","Task":"7","RuleName":"-","FileVersion":"10.0.18362.1016 (WinBuild.160101.0800)","SourceName":"Microsoft-Windows-Sysmon","Hostname":"WORKSTATION5","ProcessId":"9456","Description":"Remote Access API","SignatureStatus":"Valid","Product":"Microsoft Windows Operating System","EventID":7,"Keywords":"0x8000000000000000","Signed":"true","OriginalFileName":"rasapi32.dll","Message":"Image loaded:\r\nRuleName: -\r\nUtcTime: 2020-10-22 05:54:24.040\r\nProcessGuid: {39e4a257-1e8f-5f91-ca12-000000000700}\r\nProcessId: 9456\r\nImage: C:\\Windows\\System32\\cmstp.exe\r\nImageLoaded: C:\\Windows\\System32\\rasapi32.dll\r\nFileVersion: 10.0.18362.1016 (WinBuild.160101.0800)\r\nDescription: Remote Access API\r\nProduct: Microsoft Windows Operating System\r\nCompany: Microsoft Corporation\r\nOriginalFileName: rasapi32.dll\r\nHashes: SHA1=7ACB0FF46499B6DCC5B1F62BE61A6FCEF9E331EB,MD5=F1C4AE57A163AA8F9F5EAF22EDA4E213,SHA256=4469520EBA030A65DD7EAB3ED658F7A920F561093B57A6FD948B6967464B6520,IMPHASH=67771DF1A810323891350EAA22042452\r\nSigned: true\r\nSignature: Microsoft Windows\r\nSignatureStatus: Valid"}
{"@timestamp":"2020-10-22T01:54:24.047Z","TimeCreated":"2020-10-22T01:54:24.047Z","Hashes":"SHA1=0B50337E75AFB93240FC7E49045CC3141DCFC01B,MD5=84587E382BC8AA17CEA1128AFAD459B7,SHA256=AA1EFC39F6C3469932F816E17EA3A87BB3DFF8265D571322234435C691EED314,IMPHASH=4FB0C8ACCF918806EAFFAE9F49027D05","Signature":"Microsoft Windows","ProviderGuid":"{5770385f-c22a-43e0-bf4c-06f5698ffbd9}","Company":"Microsoft Corporation","UtcTime":"2020-10-22 05:54:24.040","ProcessGuid":"{39e4a257-1e8f-5f91-ca12-000000000700}","Image":"C:\\Windows\\System32\\cmstp.exe","ImageLoaded":"C:\\Windows\\System32\\rasman.dll","Level":"4","Channel":"Microsoft-Windows-Sysmon/Operational","Task":"7","RuleName":"-","FileVersion":"10.0.18362.1 (WinBuild.160101.0800)","SourceName":"Microsoft-Windows-Sysmon","Hostname":"WORKSTATION5","ProcessId":"9456","Description":"Remote Access Connection Manager","SignatureStatus":"Valid","Product":"Microsoft Windows Operating System","EventID":7,"Keywords":"0x8000000000000000","Signed":"true","OriginalFileName":"Rasman.dll","Message":"Image loaded:\r\nRuleName: -\r\nUtcTime: 2020-10-22 05:54:24.040\r\nProcessGuid: {39e4a257-1e8f-5f91-ca12-000000000700}\r\nProcessId: 9456\r\nImage: C:\\Windows\\System32\\cmstp.exe\r\nImageLoaded: C:\\Windows\\System32\\rasman.dll\r\nFileVersion: 10.0.18362.1 (WinBuild.160101.0800)\r\nDescription: Remote Access Connection Manager\r\nProduct: Microsoft Windows Operating System\r\nCompany: Microsoft Corporation\r\nOriginalFileName: Rasman.dll\r\nHashes: SHA1=0B50337E75AFB93240FC7E49045CC3141DCFC01B,MD5=84587E382BC8AA17CEA1128AFAD459B7,SHA256=AA1EFC39F6C3469932F816E17EA3A87BB3DFF8265D571322234435C691EED314,IMPHASH=4FB0C8ACCF918806EAFFAE9F49027D05\r\nSigned: true\r\nSignature: Microsoft Windows\r\nSignatureStatus: Valid"}
{"@timestamp":"2020-10-22T01:54:24.049Z","TimeCreated":"2020-10-22T01:54:24.049Z","Hashes":"SHA1=62956D6FAEB4EC8EA54315A8E3CC15F06165AD57,MD5=3C9D22CAE173AD19806B6A016CD4CC28,SHA256=D95E7D07EA46D7D2AEFA01CD0A64CF266BE26D40FA6BE42F7CF60F6DEB8FBAF3,IMPHASH=64BAD10B75B987F62BF08E1852DE4022","Signature":"Microsoft Windows","ProviderGuid":"{5770385f-c22a-43e0-bf4c-06f5698ffbd9}","Company":"Microsoft Corporation","UtcTime":"2020-10-22 05:54:24.040","ProcessGuid":"{39e4a257-1e8f-5f91-ca12-000000000700}","Image":"C:\\Windows\\System32\\cmstp.exe","ImageLoaded":"C:\\Windows\\System32\\uxtheme.dll","Level":"4","Channel":"Microsoft-Windows-Sysmon/Operational","Task":"7","RuleName":"-","FileVersion":"10.0.18362.449 (WinBuild.160101.0800)","SourceName":"Microsoft-Windows-Sysmon","Hostname":"WORKSTATION5","ProcessId":"9456","Description":"Microsoft UxTheme Library","SignatureStatus":"Valid","Product":"Microsoft Windows Operating System","EventID":7,"Keywords":"0x8000000000000000","Signed":"true","OriginalFileName":"UxTheme.dll","Message":"Image loaded:\r\nRuleName: -\r\nUtcTime: 2020-10-22 05:54:24.040\r\nProcessGuid: {39e4a257-1e8f-5f91-ca12-000000000700}\r\nProcessId: 9456\r\nImage: C:\\Windows\\System32\\cmstp.exe\r\nImageLoaded: C:\\Windows\\System32\\uxtheme.dll\r\nFileVersion: 10.0.18362.449 (WinBuild.160101.0800)\r\nDescription: Microsoft UxTheme Library\r\nProduct: Microsoft Windows Operating System\r\nCompany: Microsoft Corporation\r\nOriginalFileName: UxTheme.dll\r\nHashes: SHA1=62956D6FAEB4EC8EA54315A8E3CC15F06165AD57,MD5=3C9D22CAE173AD19806B6A016CD4CC28,SHA256=D95E7D07EA46D7D2AEFA01CD0A64CF266BE26D40FA6BE42F7CF60F6DEB8FBAF3,IMPHASH=64BAD10B75B987F62BF08E1852DE4022\r\nSigned: true\r\nSignature: Microsoft Windows\r\nSignatureStatus: Valid"}
{"GrantedAccess":"0x1478","@timestamp":"2020-10-22T01:54:24.049Z","TimeCreated":"2020-10-22T01:54:24.049Z","SourceThreadId":"2236","SourceImage":"C:\\windows\\System32\\svchost.exe","ProviderGuid":"{5770385f-c22a-43e0-bf4c-06f5698ffbd9}","CallTrace":"C:\\windows\\SYSTEM32\\ntdll.dll+9c584|c:\\windows\\system32\\themeservice.dll+1a9a|c:\\windows\\system32\\themeservice.dll+1736|c:\\windows\\system32\\themeservice.dll+6026|c:\\windows\\system32\\themeservice.dll+ad9a|c:\\windows\\system32\\themeservice.dll+9dcf|C:\\windows\\System32\\svchost.exe+314c|C:\\windows\\System32\\sechost.dll+2de2|C:\\windows\\System32\\KERNEL32.DLL+17c24|C:\\windows\\SYSTEM32\\ntdll.dll+6cea1","UtcTime":"2020-10-22 05:54:24.040","TargetProcessGUID":"{39e4a257-1e8f-5f91-ca12-000000000700}","SourceProcessId":"2064","Level":"4","Channel":"Microsoft-Windows-Sysmon/Operational","Task":"10","RuleName":"-","SourceName":"Microsoft-Windows-Sysmon","Hostname":"WORKSTATION5","SourceProcessGUID":"{39e4a257-f133-5f8b-3400-000000000700}","TargetProcessId":"9456","EventID":10,"Keywords":"0x8000000000000000","TargetImage":"C:\\windows\\system32\\cmstp.exe","Message":"Process accessed:\r\nRuleName: -\r\nUtcTime: 2020-10-22 05:54:24.040\r\nSourceProcessGUID: {39e4a257-f133-5f8b-3400-000000000700}\r\nSourceProcessId: 2064\r\nSourceThreadId: 2236\r\nSourceImage: C:\\windows\\System32\\svchost.exe\r\nTargetProcessGUID: {39e4a257-1e8f-5f91-ca12-000000000700}\r\nTargetProcessId: 9456\r\nTargetImage: C:\\windows\\system32\\cmstp.exe\r\nGrantedAccess: 0x1478\r\nCallTrace: C:\\windows\\SYSTEM32\\ntdll.dll+9c584|c:\\windows\\system32\\themeservice.dll+1a9a|c:\\windows\\system32\\themeservice.dll+1736|c:\\windows\\system32\\themeservice.dll+6026|c:\\windows\\system32\\themeservice.dll+ad9a|c:\\windows\\system32\\themeservice.dll+9dcf|C:\\windows\\System32\\svchost.exe+314c|C:\\windows\\System32\\sechost.dll+2de2|C:\\windows\\System32\\KERNEL32.DLL+17c24|C:\\windows\\SYSTEM32\\ntdll.dll+6cea1"}
{"GrantedAccess":"0x1400","@timestamp":"2020-10-22T01:54:24.050Z","TimeCreated":"2020-10-22T01:54:24.050Z","SourceThreadId":"9980","SourceImage":"C:\\windows\\System32\\svchost.exe","ProviderGuid":"{5770385f-c22a-43e0-bf4c-06f5698ffbd9}","CallTrace":"C:\\windows\\SYSTEM32\\ntdll.dll+9c584|c:\\windows\\system32\\themeservice.dll+1d60|c:\\windows\\system32\\themeservice.dll+1595|c:\\windows\\system32\\themeservice.dll+1461|c:\\windows\\system32\\themeservice.dll+1886|C:\\windows\\SYSTEM32\\ntdll.dll+2f655|C:\\windows\\SYSTEM32\\ntdll.dll+345b4|C:\\windows\\System32\\KERNEL32.DLL+17c24|C:\\windows\\SYSTEM32\\ntdll.dll+6cea1","UtcTime":"2020-10-22 05:54:24.040","TargetProcessGUID":"{39e4a257-1e8f-5f91-ca12-000000000700}","SourceProcessId":"2064","Level":"4","Channel":"Microsoft-Windows-Sysmon/Operational","Task":"10","RuleName":"-","SourceName":"Microsoft-Windows-Sysmon","Hostname":"WORKSTATION5","SourceProcessGUID":"{39e4a257-f133-5f8b-3400-000000000700}","TargetProcessId":"9456","EventID":10,"Keywords":"0x8000000000000000","TargetImage":"C:\\windows\\system32\\cmstp.exe","Message":"Process accessed:\r\nRuleName: -\r\nUtcTime: 2020-10-22 05:54:24.040\r\nSourceProcessGUID: {39e4a257-f133-5f8b-3400-000000000700}\r\nSourceProcessId: 2064\r\nSourceThreadId: 9980\r\nSourceImage: C:\\windows\\System32\\svchost.exe\r\nTargetProcessGUID: {39e4a257-1e8f-5f91-ca12-000000000700}\r\nTargetProcessId: 9456\r\nTargetImage: C:\\windows\\system32\\cmstp.exe\r\nGrantedAccess: 0x1400\r\nCallTrace: C:\\windows\\SYSTEM32\\ntdll.dll+9c584|c:\\windows\\system32\\themeservice.dll+1d60|c:\\windows\\system32\\themeservice.dll+1595|c:\\windows\\system32\\themeservice.dll+1461|c:\\windows\\system32\\themeservice.dll+1886|C:\\windows\\SYSTEM32\\ntdll.dll+2f655|C:\\windows\\SYSTEM32\\ntdll.dll+345b4|C:\\windows\\System32\\KERNEL32.DLL+17c24|C:\\windows\\SYSTEM32\\ntdll.dll+6cea1"}
{"@timestamp":"2020-10-22T01:54:24.051Z","TimeCreated":"2020-10-22T01:54:24.051Z","Hashes":"SHA1=CAA30CCD9C2967CADAB2FC131B11795E88012168,MD5=2AA1C66DEC2660B89A5C7FE816E22B5E,SHA256=59AFF3D65E81C61D4C3ADB905DB40AEE12D86CBD9F701206A17F7F675F1ADB9A,IMPHASH=B0FF457A7CF466E32C8D904F26068D1D","Signature":"Microsoft Windows","ProviderGuid":"{5770385f-c22a-43e0-bf4c-06f5698ffbd9}","Company":"Microsoft Corporation","UtcTime":"2020-10-22 05:54:24.024","ProcessGuid":"{39e4a257-1e8f-5f91-ca12-000000000700}","Image":"C:\\Windows\\System32\\cmstp.exe","ImageLoaded":"C:\\Windows\\System32\\cmcfg32.dll","Level":"4","Channel":"Microsoft-Windows-Sysmon/Operational","Task":"7","RuleName":"-","FileVersion":"7.2.18362.1 (WinBuild.160101.0800)","SourceName":"Microsoft-Windows-Sysmon","Hostname":"WORKSTATION5","ProcessId":"9456","Description":"Microsoft Connection Manager Configuration Dll","SignatureStatus":"Valid","Product":"Microsoft(R) Connection Manager","EventID":7,"Keywords":"0x8000000000000000","Signed":"true","OriginalFileName":"CMCFG32.DLL","Message":"Image loaded:\r\nRuleName: -\r\nUtcTime: 2020-10-22 05:54:24.024\r\nProcessGuid: {39e4a257-1e8f-5f91-ca12-000000000700}\r\nProcessId: 9456\r\nImage: C:\\Windows\\System32\\cmstp.exe\r\nImageLoaded: C:\\Windows\\System32\\cmcfg32.dll\r\nFileVersion: 7.2.18362.1 (WinBuild.160101.0800)\r\nDescription: Microsoft Connection Manager Configuration Dll\r\nProduct: Microsoft(R) Connection Manager\r\nCompany: Microsoft Corporation\r\nOriginalFileName: CMCFG32.DLL\r\nHashes: SHA1=CAA30CCD9C2967CADAB2FC131B11795E88012168,MD5=2AA1C66DEC2660B89A5C7FE816E22B5E,SHA256=59AFF3D65E81C61D4C3ADB905DB40AEE12D86CBD9F701206A17F7F675F1ADB9A,IMPHASH=B0FF457A7CF466E32C8D904F26068D1D\r\nSigned: true\r\nSignature: Microsoft Windows\r\nSignatureStatus: Valid"}
{"@timestamp":"2020-10-22T01:54:24.052Z","TimeCreated":"2020-10-22T01:54:24.052Z","Hashes":"SHA1=35C3365E5F385CB7025DC51D1359BC92CEACB8F4,MD5=81CC27927690AC3A552D92269CBA4899,SHA256=49C1A7FFB5DC382E35F19C1771A0B43120BBB4159EE5BFE23E0410A76A36D68A,IMPHASH=F010E2DB51A2E86CCF6052A1ACC0854F","Signature":"Microsoft Windows","ProviderGuid":"{5770385f-c22a-43e0-bf4c-06f5698ffbd9}","Company":"Microsoft Corporation","UtcTime":"2020-10-22 05:54:24.040","ProcessGuid":"{39e4a257-1e8f-5f91-ca12-000000000700}","Image":"C:\\Windows\\System32\\cmstp.exe","ImageLoaded":"C:\\Windows\\System32\\oleaut32.dll","Level":"4","Channel":"Microsoft-Windows-Sysmon/Operational","Task":"7","RuleName":"-","FileVersion":"10.0.18362.1110 (WinBuild.160101.0800)","SourceName":"Microsoft-Windows-Sysmon","Hostname":"WORKSTATION5","ProcessId":"9456","Description":"OLEAUT32.DLL","SignatureStatus":"Valid","Product":"Microsoft Windows Operating System","EventID":7,"Keywords":"0x8000000000000000","Signed":"true","OriginalFileName":"OLEAUT32.DLL","Message":"Image loaded:\r\nRuleName: -\r\nUtcTime: 2020-10-22 05:54:24.040\r\nProcessGuid: {39e4a257-1e8f-5f91-ca12-000000000700}\r\nProcessId: 9456\r\nImage: C:\\Windows\\System32\\cmstp.exe\r\nImageLoaded: C:\\Windows\\System32\\oleaut32.dll\r\nFileVersion: 10.0.18362.1110 (WinBuild.160101.0800)\r\nDescription: OLEAUT32.DLL\r\nProduct: Microsoft Windows Operating System\r\nCompany: Microsoft Corporation\r\nOriginalFileName: OLEAUT32.DLL\r\nHashes: SHA1=35C3365E5F385CB7025DC51D1359BC92CEACB8F4,MD5=81CC27927690AC3A552D92269CBA4899,SHA256=49C1A7FFB5DC382E35F19C1771A0B43120BBB4159EE5BFE23E0410A76A36D68A,IMPHASH=F010E2DB51A2E86CCF6052A1ACC0854F\r\nSigned: true\r\nSignature: Microsoft Windows\r\nSignatureStatus: Valid"}
{"@timestamp":"2020-10-22T01:54:24.055Z","TimeCreated":"2020-10-22T01:54:24.055Z","ProviderGuid":"{5770385f-c22a-43e0-bf4c-06f5698ffbd9}","TargetFilename":"C:\\ProgramData\\Microsoft\\Network\\Connections\\PBK","UtcTime":"2020-10-22 05:54:24.040","ProcessGuid":"{39e4a257-1e8f-5f91-ca12-000000000700}","Image":"C:\\windows\\system32\\cmstp.exe","CreationUtcTime":"2020-10-22 05:54:24.040","Level":"4","Channel":"Microsoft-Windows-Sysmon/Operational","Task":"11","RuleName":"-","SourceName":"Microsoft-Windows-Sysmon","Hostname":"WORKSTATION5","ProcessId":"9456","EventID":11,"Keywords":"0x8000000000000000","Message":"File created:\r\nRuleName: -\r\nUtcTime: 2020-10-22 05:54:24.040\r\nProcessGuid: {39e4a257-1e8f-5f91-ca12-000000000700}\r\nProcessId: 9456\r\nImage: C:\\windows\\system32\\cmstp.exe\r\nTargetFilename: C:\\ProgramData\\Microsoft\\Network\\Connections\\PBK\r\nCreationUtcTime: 2020-10-22 05:54:24.040"}
{"@timestamp":"2020-10-22T01:54:24.057Z","TimeCreated":"2020-10-22T01:54:24.057Z","ProviderGuid":"{5770385f-c22a-43e0-bf4c-06f5698ffbd9}","TargetFilename":"C:\\ProgramData\\Microsoft\\Network\\Connections\\PBK\\rasphone.pbk","UtcTime":"2020-10-22 05:54:24.056","ProcessGuid":"{39e4a257-1e8f-5f91-ca12-000000000700}","Image":"C:\\windows\\system32\\cmstp.exe","CreationUtcTime":"2020-10-22 05:54:24.040","Level":"4","Channel":"Microsoft-Windows-Sysmon/Operational","Task":"11","RuleName":"-","SourceName":"Microsoft-Windows-Sysmon","Hostname":"WORKSTATION5","ProcessId":"9456","EventID":11,"Keywords":"0x8000000000000000","Message":"File created:\r\nRuleName: -\r\nUtcTime: 2020-10-22 05:54:24.056\r\nProcessGuid: {39e4a257-1e8f-5f91-ca12-000000000700}\r\nProcessId: 9456\r\nImage: C:\\windows\\system32\\cmstp.exe\r\nTargetFilename: C:\\ProgramData\\Microsoft\\Network\\Connections\\PBK\\rasphone.pbk\r\nCreationUtcTime: 2020-10-22 05:54:24.040"}
{"@timestamp":"2020-10-22T01:54:24.065Z","TimeCreated":"2020-10-22T01:54:24.065Z","Hashes":"SHA1=7DE7C7E87CFA639E8C4DF269E38FB69A391D6790,MD5=4B179D7C6AA9424831847BA6BACDB260,SHA256=F0541B07D7B00C8D09BC72DF7E2D974F83482E42CD88B4E8260B832B7A71682E,IMPHASH=70F94828FF194145825265FE7BA88C95","Signature":"Microsoft Windows","ProviderGuid":"{5770385f-c22a-43e0-bf4c-06f5698ffbd9}","Company":"Microsoft Corporation","UtcTime":"2020-10-22 05:54:24.056","ProcessGuid":"{39e4a257-1e8f-5f91-ca12-000000000700}","Image":"C:\\Windows\\System32\\cmstp.exe","ImageLoaded":"C:\\Windows\\System32\\clbcatq.dll","Level":"4","Channel":"Microsoft-Windows-Sysmon/Operational","Task":"7","RuleName":"-","FileVersion":"2001.12.10941.16384 (WinBuild.160101.0800)","SourceName":"Microsoft-Windows-Sysmon","Hostname":"WORKSTATION5","ProcessId":"9456","Description":"COM+ Configuration Catalog","SignatureStatus":"Valid","Product":"Microsoft Windows Operating System","EventID":7,"Keywords":"0x8000000000000000","Signed":"true","OriginalFileName":"CLBCATQ.DLL","Message":"Image loaded:\r\nRuleName: -\r\nUtcTime: 2020-10-22 05:54:24.056\r\nProcessGuid: {39e4a257-1e8f-5f91-ca12-000000000700}\r\nProcessId: 9456\r\nImage: C:\\Windows\\System32\\cmstp.exe\r\nImageLoaded: C:\\Windows\\System32\\clbcatq.dll\r\nFileVersion: 2001.12.10941.16384 (WinBuild.160101.0800)\r\nDescription: COM+ Configuration Catalog\r\nProduct: Microsoft Windows Operating System\r\nCompany: Microsoft Corporation\r\nOriginalFileName: CLBCATQ.DLL\r\nHashes: SHA1=7DE7C7E87CFA639E8C4DF269E38FB69A391D6790,MD5=4B179D7C6AA9424831847BA6BACDB260,SHA256=F0541B07D7B00C8D09BC72DF7E2D974F83482E42CD88B4E8260B832B7A71682E,IMPHASH=70F94828FF194145825265FE7BA88C95\r\nSigned: true\r\nSignature: Microsoft Windows\r\nSignatureStatus: Valid"}
{"@timestamp":"2020-10-22T01:54:24.074Z","TimeCreated":"2020-10-22T01:54:24.074Z","Hashes":"SHA1=308CDF50325348A228B4B320A34AE254700880DE,MD5=E76AF3226966D78F127E77E61C1ED87C,SHA256=B23D479670901896D3D562395674DA239F9B8BC3AD8BE7C1303EE1278553F4E5,IMPHASH=3514D3EDF9CCCD1F3C1737C8DDE6A257","Signature":"Microsoft Windows","ProviderGuid":"{5770385f-c22a-43e0-bf4c-06f5698ffbd9}","Company":"Microsoft Corporation","UtcTime":"2020-10-22 05:54:24.056","ProcessGuid":"{39e4a257-1e8f-5f91-ca12-000000000700}","Image":"C:\\Windows\\System32\\cmstp.exe","ImageLoaded":"C:\\Windows\\System32\\cmlua.dll","Level":"4","Channel":"Microsoft-Windows-Sysmon/Operational","Task":"7","RuleName":"-","FileVersion":"7.2.18362.1 (WinBuild.160101.0800)","SourceName":"Microsoft-Windows-Sysmon","Hostname":"WORKSTATION5","ProcessId":"9456","Description":"Connection Manager Admin API Helper","SignatureStatus":"Valid","Product":"Microsoft(R) Connection Manager","EventID":7,"Keywords":"0x8000000000000000","Signed":"true","OriginalFileName":"CMLUA.DLL","Message":"Image loaded:\r\nRuleName: -\r\nUtcTime: 2020-10-22 05:54:24.056\r\nProcessGuid: {39e4a257-1e8f-5f91-ca12-000000000700}\r\nProcessId: 9456\r\nImage: C:\\Windows\\System32\\cmstp.exe\r\nImageLoaded: C:\\Windows\\System32\\cmlua.dll\r\nFileVersion: 7.2.18362.1 (WinBuild.160101.0800)\r\nDescription: Connection Manager Admin API Helper\r\nProduct: Microsoft(R) Connection Manager\r\nCompany: Microsoft Corporation\r\nOriginalFileName: CMLUA.DLL\r\nHashes: SHA1=308CDF50325348A228B4B320A34AE254700880DE,MD5=E76AF3226966D78F127E77E61C1ED87C,SHA256=B23D479670901896D3D562395674DA239F9B8BC3AD8BE7C1303EE1278553F4E5,IMPHASH=3514D3EDF9CCCD1F3C1737C8DDE6A257\r\nSigned: true\r\nSignature: Microsoft Windows\r\nSignatureStatus: Valid"}
{"@timestamp":"2020-10-22T01:54:24.099Z","TimeCreated":"2020-10-22T01:54:24.099Z","Hashes":"SHA1=09310F93E62D8B8BCBBEA36CB3AAF78CB98798EF,MD5=D3102BD5CD3C24E02C68CF6770379402,SHA256=49BF93C5C4D0D4AEE050ED83193DCF3FCB08D50DB5F0B7740436B24B83D14023,IMPHASH=A4C20B1A7B632846186AD47A0810709E","Signature":"Microsoft Windows","ProviderGuid":"{5770385f-c22a-43e0-bf4c-06f5698ffbd9}","Company":"Microsoft Corporation","UtcTime":"2020-10-22 05:54:24.087","ProcessGuid":"{39e4a257-1e8f-5f91-ca12-000000000700}","Image":"C:\\Windows\\System32\\cmstp.exe","ImageLoaded":"C:\\Windows\\System32\\rsaenh.dll","Level":"4","Channel":"Microsoft-Windows-Sysmon/Operational","Task":"7","RuleName":"-","FileVersion":"10.0.18362.1 (WinBuild.160101.0800)","SourceName":"Microsoft-Windows-Sysmon","Hostname":"WORKSTATION5","ProcessId":"9456","Description":"Microsoft Enhanced Cryptographic Provider","SignatureStatus":"Valid","Product":"Microsoft Windows Operating System","EventID":7,"Keywords":"0x8000000000000000","Signed":"true","OriginalFileName":"rsaenh.dll","Message":"Image loaded:\r\nRuleName: -\r\nUtcTime: 2020-10-22 05:54:24.087\r\nProcessGuid: {39e4a257-1e8f-5f91-ca12-000000000700}\r\nProcessId: 9456\r\nImage: C:\\Windows\\System32\\cmstp.exe\r\nImageLoaded: C:\\Windows\\System32\\rsaenh.dll\r\nFileVersion: 10.0.18362.1 (WinBuild.160101.0800)\r\nDescription: Microsoft Enhanced Cryptographic Provider\r\nProduct: Microsoft Windows Operating System\r\nCompany: Microsoft Corporation\r\nOriginalFileName: rsaenh.dll\r\nHashes: SHA1=09310F93E62D8B8BCBBEA36CB3AAF78CB98798EF,MD5=D3102BD5CD3C24E02C68CF6770379402,SHA256=49BF93C5C4D0D4AEE050ED83193DCF3FCB08D50DB5F0B7740436B24B83D14023,IMPHASH=A4C20B1A7B632846186AD47A0810709E\r\nSigned: true\r\nSignature: Microsoft Windows\r\nSignatureStatus: Valid"}
