{"@timestamp":"2020-10-22T01:54:23.866Z","TimeCreated":"2020-10-22T01:54:23.866Z","SubjectLogonId":"0x3e5","SubjectDomainName":"NT AUTHORITY","ProviderGuid":"{54849625-5478-4994-a5ba-3e3b0328c30d}","SubjectUserSid":"S-1-5-19","SourceHandleId":"0x7d8","Level":"0","Channel":"Security","Task":"12807","TargetHandleId":"0x315c","SourceName":"Microsoft-Windows-Security-Auditing","Hostname":"WORKSTATION5","SourceProcessId":"0xb84","EventID":4690,"Keywords":"0x8020000000000000","TargetProcessId":"0x4","SubjectUserName":"LOCAL SERVICE","Message":"An attempt was made to duplicate a handle to an object.\r\n\r\nSubject:\r\n\tSecurity ID:\t\tS-1-5-19\r\n\tAccount Name:\t\tLOCAL SERVICE\r\n\tAccount Domain:\t\tNT AUTHORITY\r\n\tLogon ID:\t\t0x3E5\r\n\r\nSource Handle Information:\r\n\tSource Handle ID:\t0x7d8\r\n\tSource Process ID:\t0xb84\r\n\r\nNew Handle Information:\r\n\tTarget Handle ID:\t0x315c\r\n\tTarget Process ID:\t0x4"}
{"@timestamp":"2020-10-22T01:54:23.866Z","TimeCreated":"2020-10-22T01:54:23.866Z","SubjectLogonId":"0x3e5","SubjectDomainName":"NT AUTHORITY","ProviderGuid":"{54849625-5478-4994-a5ba-3e3b0328c30d}","ObjectServer":"Security","HandleId":"0x315c","SubjectUserSid":"S-1-5-19","Level":"0","Channel":"Security","Task":"12801","SourceName":"Microsoft-Windows-Security-Auditing","Hostname":"WORKSTATION5","ProcessName":"C:\\Windows\\System32\\svchost.exe","ProcessId":"0xb84","EventID":4658,"Keywords":"0x8020000000000000","SubjectUserName":"LOCAL SERVICE","Message":"The handle to an object was closed.\r\n\r\nSubject :\r\n\tSecurity ID:\t\tS-1-5-19\r\n\tAccount Name:\t\tLOCAL SERVICE\r\n\tAccount Domain:\t\tNT AUTHORITY\r\n\tLogon ID:\t\t0x3E5\r\n\r\nObject:\r\n\tObject Server:\t\tSecurity\r\n\tHandle ID:\t\t0x315c\r\n\r\nProcess Information:\r\n\tProcess ID:\t\t0xb84\r\n\tProcess Name:\t\tC:\\Windows\\System32\\svchost.exe"}
{"Keywords":"0x8020000000000000","Task":"12801","ObjectServer":"Security","TimeCreated":"2020-10-22T01:54:23.866Z","RestrictedSidCount":"5","SubjectUserSid":"S-1-5-19","ObjectName":"\\REGISTRY\\MACHINE\\SYSTEM\\ControlSet001\\Control\\Lsa","SubjectLogonId":"0x3e5","ResourceAttributes":"-","PrivilegeList":"-","TransactionId":"{00000000-0000-0000-0000-000000000000}","AccessMask":"0x1","SourceName":"Microsoft-Windows-Security-Auditing","SubjectDomainName":"NT AUTHORITY","ObjectType":"Key","ProcessName":"C:\\Windows\\System32\\svchost.exe","AccessReason":"-","ProcessId":"0xb84","SubjectUserName":"LOCAL SERVICE","AccessList":"%%4432\n\t\t\t\t","@timestamp":"2020-10-22T01:54:23.866Z","HandleId":"0x7d8","Hostname":"WORKSTATION5","Channel":"Security","Level":"0","EventID":4656,"ProviderGuid":"{54849625-5478-4994-a5ba-3e3b0328c30d}","Message":"A handle to an object was requested.\r\n\r\nSubject:\r\n\tSecurity ID:\t\tS-1-5-19\r\n\tAccount Name:\t\tLOCAL SERVICE\r\n\tAccount Domain:\t\tNT AUTHORITY\r\n\tLogon ID:\t\t0x3E5\r\n\r\nObject:\r\n\tObject Server:\t\tSecurity\r\n\tObject Type:\t\tKey\r\n\tObject Name:\t\t\\REGISTRY\\MACHINE\\SYSTEM\\ControlSet001\\Control\\Lsa\r\n\tHandle ID:\t\t0x7d8\r\n\tResource Attributes:\t-\r\n\r\nProcess Information:\r\n\tProcess ID:\t\t0xb84\r\n\tProcess Name:\t\tC:\\Windows\\System32\\svchost.exe\r\n\r\nAccess Request Information:\r\n\tTransaction ID:\t\t{00000000-0000-0000-0000-000000000000}\r\n\tAccesses:\t\tQuery key value\r\n\t\t\t\t\r\n\tAccess Reasons:\t\t-\r\n\tAccess Mask:\t\t0x1\r\n\tPrivileges Used for Access Check:\t-\r\n\tRestricted SID Count:\t5"}
{"@timestamp":"2020-10-22T01:54:23.866Z","TimeCreated":"2020-10-22T01:54:23.866Z","SubjectLogonId":"0x3e5","ResourceAttributes":"-","SubjectDomainName":"NT AUTHORITY","ProviderGuid":"{54849625-5478-4994-a5ba-3e3b0328c30d}","AccessList":"%%4432\n\t\t\t\t","ObjectServer":"Security","HandleId":"0x7d8","ObjectType":"Key","SubjectUserSid":"S-1-5-19","Level":"0","Channel":"Security","Task":"12801","ObjectName":"\\REGISTRY\\MACHINE\\SYSTEM\\ControlSet001\\Control\\Lsa","AccessMask":"0x1","SourceName":"Microsoft-Windows-Security-Auditing","Hostname":"WORKSTATION5","ProcessName":"C:\\Windows\\System32\\svchost.exe","ProcessId":"0xb84","EventID":4663,"Keywords":"0x8020000000000000","SubjectUserName":"LOCAL SERVICE","Message":"An attempt was made to access an object.\r\n\r\nSubject:\r\n\tSecurity ID:\t\tS-1-5-19\r\n\tAccount Name:\t\tLOCAL SERVICE\r\n\tAccount Domain:\t\tNT AUTHORITY\r\n\tLogon ID:\t\t0x3E5\r\n\r\nObject:\r\n\tObject Server:\t\tSecurity\r\n\tObject Type:\t\tKey\r\n\tObject Name:\t\t\\REGISTRY\\MACHINE\\SYSTEM\\ControlSet001\\Control\\Lsa\r\n\tHandle ID:\t\t0x7d8\r\n\tResource Attributes:\t-\r\n\r\nProcess Information:\r\n\tProcess ID:\t\t0xb84\r\n\tProcess Name:\t\tC:\\Windows\\System32\\svchost.exe\r\n\r\nAccess Request Information:\r\n\tAccesses:\t\tQuery key value\r\n\t\t\t\t\r\n\tAccess Mask:\t\t0x1"}
{"@timestamp":"2020-10-22T01:54:23.866Z","TimeCreated":"2020-10-22T01:54:23.866Z","SubjectLogonId":"0x3e5","SubjectDomainName":"NT AUTHORITY","ProviderGuid":"{54849625-5478-4994-a5ba-3e3b0328c30d}","ObjectServer":"Security","HandleId":"0x7d8","SubjectUserSid":"S-1-5-19","Level":"0","Channel":"Security","Task":"12801","SourceName":"Microsoft-Windows-Security-Auditing","Hostname":"WORKSTATION5","ProcessName":"C:\\Windows\\System32\\svchost.exe","ProcessId":"0xb84","EventID":4658,"Keywords":"0x8020000000000000","SubjectUserName":"LOCAL SERVICE","Message":"The handle to an object was closed.\r\n\r\nSubject :\r\n\tSecurity ID:\t\tS-1-5-19\r\n\tAccount Name:\t\tLOCAL SERVICE\r\n\tAccount Domain:\t\tNT AUTHORITY\r\n\tLogon ID:\t\t0x3E5\r\n\r\nObject:\r\n\tObject Server:\t\tSecurity\r\n\tHandle ID:\t\t0x7d8\r\n\r\nProcess Information:\r\n\tProcess ID:\t\t0xb84\r\n\tProcess Name:\t\tC:\\Windows\\System32\\svchost.exe"}
{"RemoteMachineID":"S-1-0-0","@timestamp":"2020-10-22T01:54:23.866Z","TimeCreated":"2020-10-22T01:54:23.866Z","Direction":"%%14593","DestPort":"138","ProviderGuid":"{54849625-5478-4994-a5ba-3e3b0328c30d}","RemoteUserID":"S-1-0-0","SourcePort":"138","LayerName":"%%14611","SourceAddress":"192.168.2.5","Level":"0","Channel":"Security","Task":"12810","Protocol":"17","DestAddress":"192.168.2.255","SourceName":"Microsoft-Windows-Security-Auditing","Hostname":"WORKSTATION5","ProcessID":"4","LayerRTID":"48","FilterRTID":"70676","EventID":5156,"Keywords":"0x8020000000000000","Application":"System","Message":"The Windows Filtering Platform has permitted a connection.\r\n\r\nApplication Information:\r\n\tProcess ID:\t\t4\r\n\tApplication Name:\tSystem\r\n\r\nNetwork Information:\r\n\tDirection:\t\tOutbound\r\n\tSource Address:\t\t192.168.2.5\r\n\tSource Port:\t\t138\r\n\tDestination Address:\t192.168.2.255\r\n\tDestination Port:\t\t138\r\n\tProtocol:\t\t17\r\n\r\nFilter Information:\r\n\tFilter Run-Time ID:\t70676\r\n\tLayer Name:\t\tConnect\r\n\tLayer Run-Time ID:\t48"}
{"RemoteMachineID":"S-1-0-0","@timestamp":"2020-10-22T01:54:23.866Z","TimeCreated":"2020-10-22T01:54:23.866Z","Direction":"%%14592","DestPort":"138","ProviderGuid":"{54849625-5478-4994-a5ba-3e3b0328c30d}","RemoteUserID":"S-1-0-0","SourcePort":"138","LayerName":"%%14610","SourceAddress":"192.168.2.5","Level":"0","Channel":"Security","Task":"12810","Protocol":"17","DestAddress":"192.168.2.255","SourceName":"Microsoft-Windows-Security-Auditing","Hostname":"WORKSTATION5","ProcessID":"4","LayerRTID":"44","FilterRTID":"65888","EventID":5156,"Keywords":"0x8020000000000000","Application":"System","Message":"The Windows Filtering Platform has permitted a connection.\r\n\r\nApplication Information:\r\n\tProcess ID:\t\t4\r\n\tApplication Name:\tSystem\r\n\r\nNetwork Information:\r\n\tDirection:\t\tInbound\r\n\tSource Address:\t\t192.168.2.5\r\n\tSource Port:\t\t138\r\n\tDestination Address:\t192.168.2.255\r\n\tDestination Port:\t\t138\r\n\tProtocol:\t\t17\r\n\r\nFilter Information:\r\n\tFilter Run-Time ID:\t65888\r\n\tLayer Name:\t\tReceive/Accept\r\n\tLayer Run-Time ID:\t44"}
{"@timestamp":"2020-10-22T01:54:23.975Z","TimeCreated":"2020-10-22T01:54:23.975Z","CommandLine":"\"C:\\windows\\system32\\cmstp.exe\" /s C:\\ProgramData\\T1218.003_uacbypass.inf /au","SubjectLogonId":"0xc61d9","NewProcessId":"0x24f0","SubjectDomainName":"WORKSTATION5","ProviderGuid":"{54849625-5478-4994-a5ba-3e3b0328c30d}","TargetLogonId":"0x0","TokenElevationType":"%%1936","SubjectUserSid":"S-1-5-21-3940915590-64593676-1414006259-500","NewProcessName":"C:\\Windows\\System32\\cmstp.exe","Level":"0","Channel":"Security","Task":"13312","SourceName":"Microsoft-Windows-Security-Auditing","Hostname":"WORKSTATION5","TargetDomainName":"-","ProcessId":"0x1a34","TargetUserName":"-","ParentProcessName":"C:\\Windows\\System32\\WindowsPowerShell\\v1.0\\powershell.exe","TargetUserSid":"S-1-0-0","EventID":4688,"Keywords":"0x8020000000000000","SubjectUserName":"wardog","MandatoryLabel":"S-1-16-12288","Message":"A new process has been created.\r\n\r\nCreator Subject:\r\n\tSecurity ID:\t\tS-1-5-21-3940915590-64593676-1414006259-500\r\n\tAccount Name:\t\twardog\r\n\tAccount Domain:\t\tWORKSTATION5\r\n\tLogon ID:\t\t0xC61D9\r\n\r\nTarget Subject:\r\n\tSecurity ID:\t\tS-1-0-0\r\n\tAccount Name:\t\t-\r\n\tAccount Domain:\t\t-\r\n\tLogon ID:\t\t0x0\r\n\r\nProcess Information:\r\n\tNew Process ID:\t\t0x24f0\r\n\tNew Process Name:\tC:\\Windows\\System32\\cmstp.exe\r\n\tToken Elevation Type:\t%%1936\r\n\tMandatory Label:\t\tS-1-16-12288\r\n\tCreator Process ID:\t0x1a34\r\n\tCreator Process Name:\tC:\\Windows\\System32\\WindowsPowerShell\\v1.0\\powershell.exe\r\n\tProcess Command Line:\t\"C:\\windows\\system32\\cmstp.exe\" /s C:\\ProgramData\\T1218.003_uacbypass.inf /au\r\n\r\nToken Elevation Type indicates the type of token that was assigned to the new process in accordance with User Account Control policy.\r\n\r\nType 1 is a full token with no privileges removed or groups disabled.  A full token is only used if User Account Control is disabled or if the user is the built-in Administrator account or a service account.\r\n\r\nType 2 is an elevated token with no privileges removed or groups disabled.  An elevated token is used when User Account Control is enabled and the user chooses to start the program using Run as administrator.  An elevated token is also used when an application is configured to always require administrative privilege or to always require maximum privilege, and the user is a member of the Administrators group.\r\n\r\nType 3 is a limited token with administrative privileges removed and administrative groups disabled.  The limited token is used when User Account Control is enabled, the application does not require administrative privilege, and the user does not choose to start the program using Run as administrator."}
{"@timestamp":"2020-10-22T01:54:24.030Z","TimeCreated":"2020-10-22T01:54:24.030Z","SubjectLogonId":"0xc61d9","SubjectDomainName":"WORKSTATION5","ProviderGuid":"{54849625-5478-4994-a5ba-3e3b0328c30d}","SubjectUserSid":"S-1-5-21-3940915590-64593676-1414006259-500","SourceHandleId":"0xc8","Level":"0","Channel":"Security","Task":"12807","TargetHandleId":"0x4784","SourceName":"Microsoft-Windows-Security-Auditing","Hostname":"WORKSTATION5","SourceProcessId":"0x24f0","EventID":4690,"Keywords":"0x8020000000000000","TargetProcessId":"0x4","SubjectUserName":"wardog","Message":"An attempt was made to duplicate a handle to an object.\r\n\r\nSubject:\r\n\tSecurity ID:\t\tS-1-5-21-3940915590-64593676-1414006259-500\r\n\tAccount Name:\t\twardog\r\n\tAccount Domain:\t\tWORKSTATION5\r\n\tLogon ID:\t\t0xC61D9\r\n\r\nSource Handle Information:\r\n\tSource Handle ID:\t0xc8\r\n\tSource Process ID:\t0x24f0\r\n\r\nNew Handle Information:\r\n\tTarget Handle ID:\t0x4784\r\n\tTarget Process ID:\t0x4"}
{"@timestamp":"2020-10-22T01:54:24.030Z","TimeCreated":"2020-10-22T01:54:24.030Z","SubjectLogonId":"0xc61d9","SubjectDomainName":"WORKSTATION5","ProviderGuid":"{54849625-5478-4994-a5ba-3e3b0328c30d}","ObjectServer":"Security","HandleId":"0x4784","SubjectUserSid":"S-1-5-21-3940915590-64593676-1414006259-500","Level":"0","Channel":"Security","Task":"12801","SourceName":"Microsoft-Windows-Security-Auditing","Hostname":"WORKSTATION5","ProcessName":"C:\\Windows\\System32\\cmstp.exe","ProcessId":"0x24f0","EventID":4658,"Keywords":"0x8020000000000000","SubjectUserName":"wardog","Message":"The handle to an object was closed.\r\n\r\nSubject :\r\n\tSecurity ID:\t\tS-1-5-21-3940915590-64593676-1414006259-500\r\n\tAccount Name:\t\twardog\r\n\tAccount Domain:\t\tWORKSTATION5\r\n\tLogon ID:\t\t0xC61D9\r\n\r\nObject:\r\n\tObject Server:\t\tSecurity\r\n\tHandle ID:\t\t0x4784\r\n\r\nProcess Information:\r\n\tProcess ID:\t\t0x24f0\r\n\tProcess Name:\t\tC:\\Windows\\System32\\cmstp.exe"}
{"Keywords":"0x8020000000000000","Task":"12801","ObjectServer":"Security","TimeCreated":"2020-10-22T01:54:24.030Z","RestrictedSidCount":"0","SubjectUserSid":"S-1-5-21-3940915590-64593676-1414006259-500","ObjectName":"\\REGISTRY\\MACHINE\\SYSTEM\\ControlSet001\\Control\\Lsa","SubjectLogonId":"0xc61d9","ResourceAttributes":"-","PrivilegeList":"-","TransactionId":"{00000000-0000-0000-0000-000000000000}","AccessMask":"0x1","SourceName":"Microsoft-Windows-Security-Auditing","SubjectDomainName":"WORKSTATION5","ObjectType":"Key","ProcessName":"C:\\Windows\\System32\\cmstp.exe","AccessReason":"-","ProcessId":"0x24f0","SubjectUserName":"wardog","AccessList":"%%4432\n\t\t\t\t","@timestamp":"2020-10-22T01:54:24.030Z","HandleId":"0xc8","Hostname":"WORKSTATION5","Channel":"Security","Level":"0","EventID":4656,"ProviderGuid":"{54849625-5478-4994-a5ba-3e3b0328c30d}","Message":"A handle to an object was requested.\r\n\r\nSubject:\r\n\tSecurity ID:\t\tS-1-5-21-3940915590-64593676-1414006259-500\r\n\tAccount Name:\t\twardog\r\n\tAccount Domain:\t\tWORKSTATION5\r\n\tLogon ID:\t\t0xC61D9\r\n\r\nObject:\r\n\tObject Server:\t\tSecurity\r\n\tObject Type:\t\tKey\r\n\tObject Name:\t\t\\REGISTRY\\MACHINE\\SYSTEM\\ControlSet001\\Control\\Lsa\r\n\tHandle ID:\t\t0xc8\r\n\tResource Attributes:\t-\r\n\r\nProcess Information:\r\n\tProcess ID:\t\t0x24f0\r\n\tProcess Name:\t\tC:\\Windows\\System32\\cmstp.exe\r\n\r\nAccess Request Information:\r\n\tTransaction ID:\t\t{00000000-0000-0000-0000-000000000000}\r\n\tAccesses:\t\tQuery key value\r\n\t\t\t\t\r\n\tAccess Reasons:\t\t-\r\n\tAccess Mask:\t\t0x1\r\n\tPrivileges Used for Access Check:\t-\r\n\tRestricted SID Count:\t0"}
{"@timestamp":"2020-10-22T01:54:24.030Z","TimeCreated":"2020-10-22T01:54:24.030Z","SubjectLogonId":"0xc61d9","ResourceAttributes":"-","SubjectDomainName":"WORKSTATION5","ProviderGuid":"{54849625-5478-4994-a5ba-3e3b0328c30d}","AccessList":"%%4432\n\t\t\t\t","ObjectServer":"Security","HandleId":"0xc8","ObjectType":"Key","SubjectUserSid":"S-1-5-21-3940915590-64593676-1414006259-500","Level":"0","Channel":"Security","Task":"12801","ObjectName":"\\REGISTRY\\MACHINE\\SYSTEM\\ControlSet001\\Control\\Lsa","AccessMask":"0x1","SourceName":"Microsoft-Windows-Security-Auditing","Hostname":"WORKSTATION5","ProcessName":"C:\\Windows\\System32\\cmstp.exe","ProcessId":"0x24f0","EventID":4663,"Keywords":"0x8020000000000000","SubjectUserName":"wardog","Message":"An attempt was made to access an object.\r\n\r\nSubject:\r\n\tSecurity ID:\t\tS-1-5-21-3940915590-64593676-1414006259-500\r\n\tAccount Name:\t\twardog\r\n\tAccount Domain:\t\tWORKSTATION5\r\n\tLogon ID:\t\t0xC61D9\r\n\r\nObject:\r\n\tObject Server:\t\tSecurity\r\n\tObject Type:\t\tKey\r\n\tObject Name:\t\t\\REGISTRY\\MACHINE\\SYSTEM\\ControlSet001\\Control\\Lsa\r\n\tHandle ID:\t\t0xc8\r\n\tResource Attributes:\t-\r\n\r\nProcess Information:\r\n\tProcess ID:\t\t0x24f0\r\n\tProcess Name:\t\tC:\\Windows\\System32\\cmstp.exe\r\n\r\nAccess Request Information:\r\n\tAccesses:\t\tQuery key value\r\n\t\t\t\t\r\n\tAccess Mask:\t\t0x1"}
{"@timestamp":"2020-10-22T01:54:24.030Z","TimeCreated":"2020-10-22T01:54:24.030Z","SubjectLogonId":"0xc61d9","SubjectDomainName":"WORKSTATION5","ProviderGuid":"{54849625-5478-4994-a5ba-3e3b0328c30d}","ObjectServer":"Security","HandleId":"0xc8","SubjectUserSid":"S-1-5-21-3940915590-64593676-1414006259-500","Level":"0","Channel":"Security","Task":"12801","SourceName":"Microsoft-Windows-Security-Auditing","Hostname":"WORKSTATION5","ProcessName":"C:\\Windows\\System32\\cmstp.exe","ProcessId":"0x24f0","EventID":4658,"Keywords":"0x8020000000000000","SubjectUserName":"wardog","Message":"The handle to an object was closed.\r\n\r\nSubject :\r\n\tSecurity ID:\t\tS-1-5-21-3940915590-64593676-1414006259-500\r\n\tAccount Name:\t\twardog\r\n\tAccount Domain:\t\tWORKSTATION5\r\n\tLogon ID:\t\t0xC61D9\r\n\r\nObject:\r\n\tObject Server:\t\tSecurity\r\n\tHandle ID:\t\t0xc8\r\n\r\nProcess Information:\r\n\tProcess ID:\t\t0x24f0\r\n\tProcess Name:\t\tC:\\Windows\\System32\\cmstp.exe"}
{"@timestamp":"2020-10-22T01:54:24.117Z","TimeCreated":"2020-10-22T01:54:24.117Z","SubjectLogonId":"0x3e7","SubjectDomainName":"WORKGROUP","ProviderGuid":"{54849625-5478-4994-a5ba-3e3b0328c30d}","TargetLogonId":"0x3e7","SubjectUserSid":"S-1-5-18","Level":"0","Channel":"Security","Task":"13317","SourceName":"Microsoft-Windows-Security-Auditing","Hostname":"WORKSTATION5","ProcessName":"C:\\Windows\\System32\\svchost.exe","TargetDomainName":"WORKGROUP","DisabledPrivilegeList":"-","TargetUserName":"WORKSTATION5$","TargetUserSid":"S-1-5-18","EventID":4703,"Keywords":"0x8020000000000000","ProcessId":"0x3b0","SubjectUserName":"WORKSTATION5$","EnabledPrivilegeList":"SeBackupPrivilege","Message":"A token right was adjusted.\r\n\r\nSubject:\r\n\tSecurity ID:\t\tS-1-5-18\r\n\tAccount Name:\t\tWORKSTATION5$\r\n\tAccount Domain:\t\tWORKGROUP\r\n\tLogon ID:\t\t0x3E7\r\n\r\nTarget Account:\r\n\tSecurity ID:\t\tS-1-5-18\r\n\tAccount Name:\t\tWORKSTATION5$\r\n\tAccount Domain:\t\tWORKGROUP\r\n\tLogon ID:\t\t0x3E7\r\n\r\nProcess Information:\r\n\tProcess ID:\t\t0x3b0\r\n\tProcess Name:\t\tC:\\Windows\\System32\\svchost.exe\r\n\r\nEnabled Privileges:\r\n\t\t\tSeBackupPrivilege\r\n\r\nDisabled Privileges:\r\n\t\t\t-"}
{"@timestamp":"2020-10-22T01:54:24.117Z","TimeCreated":"2020-10-22T01:54:24.117Z","SubjectLogonId":"0x3e7","SubjectDomainName":"WORKGROUP","ProviderGuid":"{54849625-5478-4994-a5ba-3e3b0328c30d}","TargetLogonId":"0x3e7","SubjectUserSid":"S-1-5-18","Level":"0","Channel":"Security","Task":"13317","SourceName":"Microsoft-Windows-Security-Auditing","Hostname":"WORKSTATION5","ProcessName":"C:\\Windows\\System32\\svchost.exe","TargetDomainName":"WORKGROUP","DisabledPrivilegeList":"-","TargetUserName":"WORKSTATION5$","TargetUserSid":"S-1-5-18","EventID":4703,"Keywords":"0x8020000000000000","ProcessId":"0x3b0","SubjectUserName":"WORKSTATION5$","EnabledPrivilegeList":"SeRestorePrivilege","Message":"A token right was adjusted.\r\n\r\nSubject:\r\n\tSecurity ID:\t\tS-1-5-18\r\n\tAccount Name:\t\tWORKSTATION5$\r\n\tAccount Domain:\t\tWORKGROUP\r\n\tLogon ID:\t\t0x3E7\r\n\r\nTarget Account:\r\n\tSecurity ID:\t\tS-1-5-18\r\n\tAccount Name:\t\tWORKSTATION5$\r\n\tAccount Domain:\t\tWORKGROUP\r\n\tLogon ID:\t\t0x3E7\r\n\r\nProcess Information:\r\n\tProcess ID:\t\t0x3b0\r\n\tProcess Name:\t\tC:\\Windows\\System32\\svchost.exe\r\n\r\nEnabled Privileges:\r\n\t\t\tSeRestorePrivilege\r\n\r\nDisabled Privileges:\r\n\t\t\t-"}
{"@timestamp":"2020-10-22T01:54:24.118Z","TimeCreated":"2020-10-22T01:54:24.118Z","SubjectLogonId":"0x3e7","SubjectDomainName":"WORKGROUP","ProviderGuid":"{54849625-5478-4994-a5ba-3e3b0328c30d}","TargetLogonId":"0x3e7","SubjectUserSid":"S-1-5-18","Level":"0","Channel":"Security","Task":"13317","SourceName":"Microsoft-Windows-Security-Auditing","Hostname":"WORKSTATION5","ProcessName":"C:\\Windows\\System32\\svchost.exe","TargetDomainName":"WORKGROUP","DisabledPrivilegeList":"SeBackupPrivilege","TargetUserName":"WORKSTATION5$","TargetUserSid":"S-1-5-18","EventID":4703,"Keywords":"0x8020000000000000","ProcessId":"0x3b0","SubjectUserName":"WORKSTATION5$","EnabledPrivilegeList":"-","Message":"A token right was adjusted.\r\n\r\nSubject:\r\n\tSecurity ID:\t\tS-1-5-18\r\n\tAccount Name:\t\tWORKSTATION5$\r\n\tAccount Domain:\t\tWORKGROUP\r\n\tLogon ID:\t\t0x3E7\r\n\r\nTarget Account:\r\n\tSecurity ID:\t\tS-1-5-18\r\n\tAccount Name:\t\tWORKSTATION5$\r\n\tAccount Domain:\t\tWORKGROUP\r\n\tLogon ID:\t\t0x3E7\r\n\r\nProcess Information:\r\n\tProcess ID:\t\t0x3b0\r\n\tProcess Name:\t\tC:\\Windows\\System32\\svchost.exe\r\n\r\nEnabled Privileges:\r\n\t\t\t-\r\n\r\nDisabled Privileges:\r\n\t\t\tSeBackupPrivilege"}
{"@timestamp":"2020-10-22T01:54:24.118Z","TimeCreated":"2020-10-22T01:54:24.118Z","SubjectLogonId":"0x3e7","SubjectDomainName":"WORKGROUP","ProviderGuid":"{54849625-5478-4994-a5ba-3e3b0328c30d}","TargetLogonId":"0x3e7","SubjectUserSid":"S-1-5-18","Level":"0","Channel":"Security","Task":"13317","SourceName":"Microsoft-Windows-Security-Auditing","Hostname":"WORKSTATION5","ProcessName":"C:\\Windows\\System32\\svchost.exe","TargetDomainName":"WORKGROUP","DisabledPrivilegeList":"SeRestorePrivilege","TargetUserName":"WORKSTATION5$","TargetUserSid":"S-1-5-18","EventID":4703,"Keywords":"0x8020000000000000","ProcessId":"0x3b0","SubjectUserName":"WORKSTATION5$","EnabledPrivilegeList":"-","Message":"A token right was adjusted.\r\n\r\nSubject:\r\n\tSecurity ID:\t\tS-1-5-18\r\n\tAccount Name:\t\tWORKSTATION5$\r\n\tAccount Domain:\t\tWORKGROUP\r\n\tLogon ID:\t\t0x3E7\r\n\r\nTarget Account:\r\n\tSecurity ID:\t\tS-1-5-18\r\n\tAccount Name:\t\tWORKSTATION5$\r\n\tAccount Domain:\t\tWORKGROUP\r\n\tLogon ID:\t\t0x3E7\r\n\r\nProcess Information:\r\n\tProcess ID:\t\t0x3b0\r\n\tProcess Name:\t\tC:\\Windows\\System32\\svchost.exe\r\n\r\nEnabled Privileges:\r\n\t\t\t-\r\n\r\nDisabled Privileges:\r\n\t\t\tSeRestorePrivilege"}
{"@timestamp":"2020-10-22T01:54:24.121Z","TimeCreated":"2020-10-22T01:54:24.121Z","SubjectLogonId":"0xc61d9","SubjectDomainName":"WORKSTATION5","ProviderGuid":"{54849625-5478-4994-a5ba-3e3b0328c30d}","ProcessName":"C:\\Windows\\System32\\svchost.exe","ObjectServer":"Security","SubjectUserSid":"S-1-5-21-3940915590-64593676-1414006259-500","Level":"0","Channel":"Security","Task":"13056","Service":"-","SourceName":"Microsoft-Windows-Security-Auditing","Hostname":"WORKSTATION5","PrivilegeList":"SeTcbPrivilege","ProcessId":"0x4bc","EventID":4673,"Keywords":"0x8010000000000000","SubjectUserName":"wardog","Message":"A privileged service was called.\r\n\r\nSubject:\r\n\tSecurity ID:\t\tS-1-5-21-3940915590-64593676-1414006259-500\r\n\tAccount Name:\t\twardog\r\n\tAccount Domain:\t\tWORKSTATION5\r\n\tLogon ID:\t\t0xC61D9\r\n\r\nService:\r\n\tServer:\tSecurity\r\n\tService Name:\t-\r\n\r\nProcess:\r\n\tProcess ID:\t0x4bc\r\n\tProcess Name:\tC:\\Windows\\System32\\svchost.exe\r\n\r\nService Request Information:\r\n\tPrivileges:\t\tSeTcbPrivilege"}
{"@timestamp":"2020-10-22T01:54:24.121Z","TimeCreated":"2020-10-22T01:54:24.121Z","SubjectLogonId":"0xc61d9","SubjectDomainName":"WORKSTATION5","ProviderGuid":"{54849625-5478-4994-a5ba-3e3b0328c30d}","ProcessName":"C:\\Windows\\System32\\svchost.exe","ObjectServer":"Security","SubjectUserSid":"S-1-5-21-3940915590-64593676-1414006259-500","Level":"0","Channel":"Security","Task":"13056","Service":"-","SourceName":"Microsoft-Windows-Security-Auditing","Hostname":"WORKSTATION5","PrivilegeList":"SeTcbPrivilege","ProcessId":"0x4bc","EventID":4673,"Keywords":"0x8010000000000000","SubjectUserName":"wardog","Message":"A privileged service was called.\r\n\r\nSubject:\r\n\tSecurity ID:\t\tS-1-5-21-3940915590-64593676-1414006259-500\r\n\tAccount Name:\t\twardog\r\n\tAccount Domain:\t\tWORKSTATION5\r\n\tLogon ID:\t\t0xC61D9\r\n\r\nService:\r\n\tServer:\tSecurity\r\n\tService Name:\t-\r\n\r\nProcess:\r\n\tProcess ID:\t0x4bc\r\n\tProcess Name:\tC:\\Windows\\System32\\svchost.exe\r\n\r\nService Request Information:\r\n\tPrivileges:\t\tSeTcbPrivilege"}
{"@timestamp":"2020-10-22T01:54:24.121Z","TimeCreated":"2020-10-22T01:54:24.121Z","SubjectLogonId":"0xc61d9","SubjectDomainName":"WORKSTATION5","ProviderGuid":"{54849625-5478-4994-a5ba-3e3b0328c30d}","ProcessName":"C:\\Windows\\System32\\svchost.exe","ObjectServer":"Security","SubjectUserSid":"S-1-5-21-3940915590-64593676-1414006259-500","Level":"0","Channel":"Security","Task":"13056","Service":"-","SourceName":"Microsoft-Windows-Security-Auditing","Hostname":"WORKSTATION5","PrivilegeList":"SeTcbPrivilege","ProcessId":"0x4bc","EventID":4673,"Keywords":"0x8010000000000000","SubjectUserName":"wardog","Message":"A privileged service was called.\r\n\r\nSubject:\r\n\tSecurity ID:\t\tS-1-5-21-3940915590-64593676-1414006259-500\r\n\tAccount Name:\t\twardog\r\n\tAccount Domain:\t\tWORKSTATION5\r\n\tLogon ID:\t\t0xC61D9\r\n\r\nService:\r\n\tServer:\tSecurity\r\n\tService Name:\t-\r\n\r\nProcess:\r\n\tProcess ID:\t0x4bc\r\n\tProcess Name:\tC:\\Windows\\System32\\svchost.exe\r\n\r\nService Request Information:\r\n\tPrivileges:\t\tSeTcbPrivilege"}
{"@timestamp":"2020-10-22T01:54:24.121Z","TimeCreated":"2020-10-22T01:54:24.121Z","SubjectLogonId":"0xc61d9","SubjectDomainName":"WORKSTATION5","ProviderGuid":"{54849625-5478-4994-a5ba-3e3b0328c30d}","ProcessName":"C:\\Windows\\System32\\svchost.exe","ObjectServer":"Security","SubjectUserSid":"S-1-5-21-3940915590-64593676-1414006259-500","Level":"0","Channel":"Security","Task":"13056","Service":"-","SourceName":"Microsoft-Windows-Security-Auditing","Hostname":"WORKSTATION5","PrivilegeList":"SeTcbPrivilege","ProcessId":"0x4bc","EventID":4673,"Keywords":"0x8010000000000000","SubjectUserName":"wardog","Message":"A privileged service was called.\r\n\r\nSubject:\r\n\tSecurity ID:\t\tS-1-5-21-3940915590-64593676-1414006259-500\r\n\tAccount Name:\t\twardog\r\n\tAccount Domain:\t\tWORKSTATION5\r\n\tLogon ID:\t\t0xC61D9\r\n\r\nService:\r\n\tServer:\tSecurity\r\n\tService Name:\t-\r\n\r\nProcess:\r\n\tProcess ID:\t0x4bc\r\n\tProcess Name:\tC:\\Windows\\System32\\svchost.exe\r\n\r\nService Request Information:\r\n\tPrivileges:\t\tSeTcbPrivilege"}
{"@timestamp":"2020-10-22T01:54:24.122Z","TimeCreated":"2020-10-22T01:54:24.122Z","SubjectLogonId":"0xc61d9","SubjectDomainName":"WORKSTATION5","ProviderGuid":"{54849625-5478-4994-a5ba-3e3b0328c30d}","ProcessName":"C:\\Windows\\System32\\svchost.exe","ObjectServer":"Security","SubjectUserSid":"S-1-5-21-3940915590-64593676-1414006259-500","Level":"0","Channel":"Security","Task":"13056","Service":"-","SourceName":"Microsoft-Windows-Security-Auditing","Hostname":"WORKSTATION5","PrivilegeList":"SeTcbPrivilege","ProcessId":"0x4bc","EventID":4673,"Keywords":"0x8010000000000000","SubjectUserName":"wardog","Message":"A privileged service was called.\r\n\r\nSubject:\r\n\tSecurity ID:\t\tS-1-5-21-3940915590-64593676-1414006259-500\r\n\tAccount Name:\t\twardog\r\n\tAccount Domain:\t\tWORKSTATION5\r\n\tLogon ID:\t\t0xC61D9\r\n\r\nService:\r\n\tServer:\tSecurity\r\n\tService Name:\t-\r\n\r\nProcess:\r\n\tProcess ID:\t0x4bc\r\n\tProcess Name:\tC:\\Windows\\System32\\svchost.exe\r\n\r\nService Request Information:\r\n\tPrivileges:\t\tSeTcbPrivilege"}
{"@timestamp":"2020-10-22T01:54:24.122Z","TimeCreated":"2020-10-22T01:54:24.122Z","SubjectLogonId":"0xc61d9","SubjectDomainName":"WORKSTATION5","ProviderGuid":"{54849625-5478-4994-a5ba-3e3b0328c30d}","ProcessName":"C:\\Windows\\System32\\svchost.exe","ObjectServer":"Security","SubjectUserSid":"S-1-5-21-3940915590-64593676-1414006259-500","Level":"0","Channel":"Security","Task":"13056","Service":"-","SourceName":"Microsoft-Windows-Security-Auditing","Hostname":"WORKSTATION5","PrivilegeList":"SeTcbPrivilege","ProcessId":"0x4bc","EventID":4673,"Keywords":"0x8010000000000000","SubjectUserName":"wardog","Message":"A privileged service was called.\r\n\r\nSubject:\r\n\tSecurity ID:\t\tS-1-5-21-3940915590-64593676-1414006259-500\r\n\tAccount Name:\t\twardog\r\n\tAccount Domain:\t\tWORKSTATION5\r\n\tLogon ID:\t\t0xC61D9\r\n\r\nService:\r\n\tServer:\tSecurity\r\n\tService Name:\t-\r\n\r\nProcess:\r\n\tProcess ID:\t0x4bc\r\n\tProcess Name:\tC:\\Windows\\System32\\svchost.exe\r\n\r\nService Request Information:\r\n\tPrivileges:\t\tSeTcbPrivilege"}
{"@timestamp":"2020-10-22T01:54:24.122Z","TimeCreated":"2020-10-22T01:54:24.122Z","SubjectLogonId":"0xc61d9","SubjectDomainName":"WORKSTATION5","ProviderGuid":"{54849625-5478-4994-a5ba-3e3b0328c30d}","ProcessName":"C:\\Windows\\System32\\svchost.exe","ObjectServer":"Security","SubjectUserSid":"S-1-5-21-3940915590-64593676-1414006259-500","Level":"0","Channel":"Security","Task":"13056","Service":"-","SourceName":"Microsoft-Windows-Security-Auditing","Hostname":"WORKSTATION5","PrivilegeList":"SeTcbPrivilege","ProcessId":"0x4bc","EventID":4673,"Keywords":"0x8010000000000000","SubjectUserName":"wardog","Message":"A privileged service was called.\r\n\r\nSubject:\r\n\tSecurity ID:\t\tS-1-5-21-3940915590-64593676-1414006259-500\r\n\tAccount Name:\t\twardog\r\n\tAccount Domain:\t\tWORKSTATION5\r\n\tLogon ID:\t\t0xC61D9\r\n\r\nService:\r\n\tServer:\tSecurity\r\n\tService Name:\t-\r\n\r\nProcess:\r\n\tProcess ID:\t0x4bc\r\n\tProcess Name:\tC:\\Windows\\System32\\svchost.exe\r\n\r\nService Request Information:\r\n\tPrivileges:\t\tSeTcbPrivilege"}
{"@timestamp":"2020-10-22T01:54:24.122Z","TimeCreated":"2020-10-22T01:54:24.122Z","SubjectLogonId":"0xc61d9","SubjectDomainName":"WORKSTATION5","ProviderGuid":"{54849625-5478-4994-a5ba-3e3b0328c30d}","ProcessName":"C:\\Windows\\System32\\svchost.exe","ObjectServer":"Security","SubjectUserSid":"S-1-5-21-3940915590-64593676-1414006259-500","Level":"0","Channel":"Security","Task":"13056","Service":"-","SourceName":"Microsoft-Windows-Security-Auditing","Hostname":"WORKSTATION5","PrivilegeList":"SeTcbPrivilege","ProcessId":"0x4bc","EventID":4673,"Keywords":"0x8010000000000000","SubjectUserName":"wardog","Message":"A privileged service was called.\r\n\r\nSubject:\r\n\tSecurity ID:\t\tS-1-5-21-3940915590-64593676-1414006259-500\r\n\tAccount Name:\t\twardog\r\n\tAccount Domain:\t\tWORKSTATION5\r\n\tLogon ID:\t\t0xC61D9\r\n\r\nService:\r\n\tServer:\tSecurity\r\n\tService Name:\t-\r\n\r\nProcess:\r\n\tProcess ID:\t0x4bc\r\n\tProcess Name:\tC:\\Windows\\System32\\svchost.exe\r\n\r\nService Request Information:\r\n\tPrivileges:\t\tSeTcbPrivilege"}
{"@timestamp":"2020-10-22T01:54:24.122Z","TimeCreated":"2020-10-22T01:54:24.122Z","SubjectLogonId":"0xc61d9","SubjectDomainName":"WORKSTATION5","ProviderGuid":"{54849625-5478-4994-a5ba-3e3b0328c30d}","ProcessName":"C:\\Windows\\System32\\svchost.exe","ObjectServer":"Security","SubjectUserSid":"S-1-5-21-3940915590-64593676-1414006259-500","Level":"0","Channel":"Security","Task":"13056","Service":"-","SourceName":"Microsoft-Windows-Security-Auditing","Hostname":"WORKSTATION5","PrivilegeList":"SeTcbPrivilege","ProcessId":"0x4bc","EventID":4673,"Keywords":"0x8010000000000000","SubjectUserName":"wardog","Message":"A privileged service was called.\r\n\r\nSubject:\r\n\tSecurity ID:\t\tS-1-5-21-3940915590-64593676-1414006259-500\r\n\tAccount Name:\t\twardog\r\n\tAccount Domain:\t\tWORKSTATION5\r\n\tLogon ID:\t\t0xC61D9\r\n\r\nService:\r\n\tServer:\tSecurity\r\n\tService Name:\t-\r\n\r\nProcess:\r\n\tProcess ID:\t0x4bc\r\n\tProcess Name:\tC:\\Windows\\System32\\svchost.exe\r\n\r\nService Request Information:\r\n\tPrivileges:\t\tSeTcbPrivilege"}
{"@timestamp":"2020-10-22T01:54:24.122Z","TimeCreated":"2020-10-22T01:54:24.122Z","SubjectLogonId":"0xc61d9","SubjectDomainName":"WORKSTATION5","ProviderGuid":"{54849625-5478-4994-a5ba-3e3b0328c30d}","ProcessName":"C:\\Windows\\System32\\svchost.exe","ObjectServer":"Security","SubjectUserSid":"S-1-5-21-3940915590-64593676-1414006259-500","Level":"0","Channel":"Security","Task":"13056","Service":"-","SourceName":"Microsoft-Windows-Security-Auditing","Hostname":"WORKSTATION5","PrivilegeList":"SeTcbPrivilege","ProcessId":"0x4bc","EventID":4673,"Keywords":"0x8010000000000000","SubjectUserName":"wardog","Message":"A privileged service was called.\r\n\r\nSubject:\r\n\tSecurity ID:\t\tS-1-5-21-3940915590-64593676-1414006259-500\r\n\tAccount Name:\t\twardog\r\n\tAccount Domain:\t\tWORKSTATION5\r\n\tLogon ID:\t\t0xC61D9\r\n\r\nService:\r\n\tServer:\tSecurity\r\n\tService Name:\t-\r\n\r\nProcess:\r\n\tProcess ID:\t0x4bc\r\n\tProcess Name:\tC:\\Windows\\System32\\svchost.exe\r\n\r\nService Request Information:\r\n\tPrivileges:\t\tSeTcbPrivilege"}
{"@timestamp":"2020-10-22T01:54:24.122Z","TimeCreated":"2020-10-22T01:54:24.122Z","SubjectLogonId":"0xc61d9","SubjectDomainName":"WORKSTATION5","ProviderGuid":"{54849625-5478-4994-a5ba-3e3b0328c30d}","ProcessName":"C:\\Windows\\System32\\svchost.exe","ObjectServer":"Security","SubjectUserSid":"S-1-5-21-3940915590-64593676-1414006259-500","Level":"0","Channel":"Security","Task":"13056","Service":"-","SourceName":"Microsoft-Windows-Security-Auditing","Hostname":"WORKSTATION5","PrivilegeList":"SeTcbPrivilege","ProcessId":"0x4bc","EventID":4673,"Keywords":"0x8010000000000000","SubjectUserName":"wardog","Message":"A privileged service was called.\r\n\r\nSubject:\r\n\tSecurity ID:\t\tS-1-5-21-3940915590-64593676-1414006259-500\r\n\tAccount Name:\t\twardog\r\n\tAccount Domain:\t\tWORKSTATION5\r\n\tLogon ID:\t\t0xC61D9\r\n\r\nService:\r\n\tServer:\tSecurity\r\n\tService Name:\t-\r\n\r\nProcess:\r\n\tProcess ID:\t0x4bc\r\n\tProcess Name:\tC:\\Windows\\System32\\svchost.exe\r\n\r\nService Request Information:\r\n\tPrivileges:\t\tSeTcbPrivilege"}
{"@timestamp":"2020-10-22T01:54:24.122Z","TimeCreated":"2020-10-22T01:54:24.122Z","SubjectLogonId":"0xc61d9","SubjectDomainName":"WORKSTATION5","ProviderGuid":"{54849625-5478-4994-a5ba-3e3b0328c30d}","ProcessName":"C:\\Windows\\System32\\svchost.exe","ObjectServer":"Security","SubjectUserSid":"S-1-5-21-3940915590-64593676-1414006259-500","Level":"0","Channel":"Security","Task":"13056","Service":"-","SourceName":"Microsoft-Windows-Security-Auditing","Hostname":"WORKSTATION5","PrivilegeList":"SeTcbPrivilege","ProcessId":"0x4bc","EventID":4673,"Keywords":"0x8010000000000000","SubjectUserName":"wardog","Message":"A privileged service was called.\r\n\r\nSubject:\r\n\tSecurity ID:\t\tS-1-5-21-3940915590-64593676-1414006259-500\r\n\tAccount Name:\t\twardog\r\n\tAccount Domain:\t\tWORKSTATION5\r\n\tLogon ID:\t\t0xC61D9\r\n\r\nService:\r\n\tServer:\tSecurity\r\n\tService Name:\t-\r\n\r\nProcess:\r\n\tProcess ID:\t0x4bc\r\n\tProcess Name:\tC:\\Windows\\System32\\svchost.exe\r\n\r\nService Request Information:\r\n\tPrivileges:\t\tSeTcbPrivilege"}
{"@timestamp":"2020-10-22T01:54:24.122Z","TimeCreated":"2020-10-22T01:54:24.122Z","SubjectLogonId":"0xc61d9","SubjectDomainName":"WORKSTATION5","ProviderGuid":"{54849625-5478-4994-a5ba-3e3b0328c30d}","ProcessName":"C:\\Windows\\System32\\svchost.exe","ObjectServer":"Security","SubjectUserSid":"S-1-5-21-3940915590-64593676-1414006259-500","Level":"0","Channel":"Security","Task":"13056","Service":"-","SourceName":"Microsoft-Windows-Security-Auditing","Hostname":"WORKSTATION5","PrivilegeList":"SeTcbPrivilege","ProcessId":"0x4bc","EventID":4673,"Keywords":"0x8010000000000000","SubjectUserName":"wardog","Message":"A privileged service was called.\r\n\r\nSubject:\r\n\tSecurity ID:\t\tS-1-5-21-3940915590-64593676-1414006259-500\r\n\tAccount Name:\t\twardog\r\n\tAccount Domain:\t\tWORKSTATION5\r\n\tLogon ID:\t\t0xC61D9\r\n\r\nService:\r\n\tServer:\tSecurity\r\n\tService Name:\t-\r\n\r\nProcess:\r\n\tProcess ID:\t0x4bc\r\n\tProcess Name:\tC:\\Windows\\System32\\svchost.exe\r\n\r\nService Request Information:\r\n\tPrivileges:\t\tSeTcbPrivilege"}
{"@timestamp":"2020-10-22T01:54:24.122Z","TimeCreated":"2020-10-22T01:54:24.122Z","SubjectLogonId":"0xc61d9","SubjectDomainName":"WORKSTATION5","ProviderGuid":"{54849625-5478-4994-a5ba-3e3b0328c30d}","ProcessName":"C:\\Windows\\System32\\svchost.exe","ObjectServer":"Security","SubjectUserSid":"S-1-5-21-3940915590-64593676-1414006259-500","Level":"0","Channel":"Security","Task":"13056","Service":"-","SourceName":"Microsoft-Windows-Security-Auditing","Hostname":"WORKSTATION5","PrivilegeList":"SeTcbPrivilege","ProcessId":"0x4bc","EventID":4673,"Keywords":"0x8010000000000000","SubjectUserName":"wardog","Message":"A privileged service was called.\r\n\r\nSubject:\r\n\tSecurity ID:\t\tS-1-5-21-3940915590-64593676-1414006259-500\r\n\tAccount Name:\t\twardog\r\n\tAccount Domain:\t\tWORKSTATION5\r\n\tLogon ID:\t\t0xC61D9\r\n\r\nService:\r\n\tServer:\tSecurity\r\n\tService Name:\t-\r\n\r\nProcess:\r\n\tProcess ID:\t0x4bc\r\n\tProcess Name:\tC:\\Windows\\System32\\svchost.exe\r\n\r\nService Request Information:\r\n\tPrivileges:\t\tSeTcbPrivilege"}
{"@timestamp":"2020-10-22T01:54:24.122Z","TimeCreated":"2020-10-22T01:54:24.122Z","SubjectLogonId":"0xc61d9","SubjectDomainName":"WORKSTATION5","ProviderGuid":"{54849625-5478-4994-a5ba-3e3b0328c30d}","ProcessName":"C:\\Windows\\System32\\svchost.exe","ObjectServer":"Security","SubjectUserSid":"S-1-5-21-3940915590-64593676-1414006259-500","Level":"0","Channel":"Security","Task":"13056","Service":"-","SourceName":"Microsoft-Windows-Security-Auditing","Hostname":"WORKSTATION5","PrivilegeList":"SeTcbPrivilege","ProcessId":"0x4bc","EventID":4673,"Keywords":"0x8010000000000000","SubjectUserName":"wardog","Message":"A privileged service was called.\r\n\r\nSubject:\r\n\tSecurity ID:\t\tS-1-5-21-3940915590-64593676-1414006259-500\r\n\tAccount Name:\t\twardog\r\n\tAccount Domain:\t\tWORKSTATION5\r\n\tLogon ID:\t\t0xC61D9\r\n\r\nService:\r\n\tServer:\tSecurity\r\n\tService Name:\t-\r\n\r\nProcess:\r\n\tProcess ID:\t0x4bc\r\n\tProcess Name:\tC:\\Windows\\System32\\svchost.exe\r\n\r\nService Request Information:\r\n\tPrivileges:\t\tSeTcbPrivilege"}
{"@timestamp":"2020-10-22T01:54:24.122Z","TimeCreated":"2020-10-22T01:54:24.122Z","SubjectLogonId":"0xc61d9","SubjectDomainName":"WORKSTATION5","ProviderGuid":"{54849625-5478-4994-a5ba-3e3b0328c30d}","ProcessName":"C:\\Windows\\System32\\svchost.exe","ObjectServer":"Security","SubjectUserSid":"S-1-5-21-3940915590-64593676-1414006259-500","Level":"0","Channel":"Security","Task":"13056","Service":"-","SourceName":"Microsoft-Windows-Security-Auditing","Hostname":"WORKSTATION5","PrivilegeList":"SeTcbPrivilege","ProcessId":"0x4bc","EventID":4673,"Keywords":"0x8010000000000000","SubjectUserName":"wardog","Message":"A privileged service was called.\r\n\r\nSubject:\r\n\tSecurity ID:\t\tS-1-5-21-3940915590-64593676-1414006259-500\r\n\tAccount Name:\t\twardog\r\n\tAccount Domain:\t\tWORKSTATION5\r\n\tLogon ID:\t\t0xC61D9\r\n\r\nService:\r\n\tServer:\tSecurity\r\n\tService Name:\t-\r\n\r\nProcess:\r\n\tProcess ID:\t0x4bc\r\n\tProcess Name:\tC:\\Windows\\System32\\svchost.exe\r\n\r\nService Request Information:\r\n\tPrivileges:\t\tSeTcbPrivilege"}
{"@timestamp":"2020-10-22T01:54:24.122Z","TimeCreated":"2020-10-22T01:54:24.122Z","SubjectLogonId":"0xc61d9","SubjectDomainName":"WORKSTATION5","ProviderGuid":"{54849625-5478-4994-a5ba-3e3b0328c30d}","ProcessName":"C:\\Windows\\System32\\svchost.exe","ObjectServer":"Security","SubjectUserSid":"S-1-5-21-3940915590-64593676-1414006259-500","Level":"0","Channel":"Security","Task":"13056","Service":"-","SourceName":"Microsoft-Windows-Security-Auditing","Hostname":"WORKSTATION5","PrivilegeList":"SeTcbPrivilege","ProcessId":"0x4bc","EventID":4673,"Keywords":"0x8010000000000000","SubjectUserName":"wardog","Message":"A privileged service was called.\r\n\r\nSubject:\r\n\tSecurity ID:\t\tS-1-5-21-3940915590-64593676-1414006259-500\r\n\tAccount Name:\t\twardog\r\n\tAccount Domain:\t\tWORKSTATION5\r\n\tLogon ID:\t\t0xC61D9\r\n\r\nService:\r\n\tServer:\tSecurity\r\n\tService Name:\t-\r\n\r\nProcess:\r\n\tProcess ID:\t0x4bc\r\n\tProcess Name:\tC:\\Windows\\System32\\svchost.exe\r\n\r\nService Request Information:\r\n\tPrivileges:\t\tSeTcbPrivilege"}
{"@timestamp":"2020-10-22T01:54:24.122Z","TimeCreated":"2020-10-22T01:54:24.122Z","SubjectLogonId":"0xc61d9","SubjectDomainName":"WORKSTATION5","ProviderGuid":"{54849625-5478-4994-a5ba-3e3b0328c30d}","ProcessName":"C:\\Windows\\System32\\svchost.exe","ObjectServer":"Security","SubjectUserSid":"S-1-5-21-3940915590-64593676-1414006259-500","Level":"0","Channel":"Security","Task":"13056","Service":"-","SourceName":"Microsoft-Windows-Security-Auditing","Hostname":"WORKSTATION5","PrivilegeList":"SeTcbPrivilege","ProcessId":"0x4bc","EventID":4673,"Keywords":"0x8010000000000000","SubjectUserName":"wardog","Message":"A privileged service was called.\r\n\r\nSubject:\r\n\tSecurity ID:\t\tS-1-5-21-3940915590-64593676-1414006259-500\r\n\tAccount Name:\t\twardog\r\n\tAccount Domain:\t\tWORKSTATION5\r\n\tLogon ID:\t\t0xC61D9\r\n\r\nService:\r\n\tServer:\tSecurity\r\n\tService Name:\t-\r\n\r\nProcess:\r\n\tProcess ID:\t0x4bc\r\n\tProcess Name:\tC:\\Windows\\System32\\svchost.exe\r\n\r\nService Request Information:\r\n\tPrivileges:\t\tSeTcbPrivilege"}
{"@timestamp":"2020-10-22T01:54:24.122Z","TimeCreated":"2020-10-22T01:54:24.122Z","SubjectLogonId":"0xc61d9","SubjectDomainName":"WORKSTATION5","ProviderGuid":"{54849625-5478-4994-a5ba-3e3b0328c30d}","ProcessName":"C:\\Windows\\System32\\svchost.exe","ObjectServer":"Security","SubjectUserSid":"S-1-5-21-3940915590-64593676-1414006259-500","Level":"0","Channel":"Security","Task":"13056","Service":"-","SourceName":"Microsoft-Windows-Security-Auditing","Hostname":"WORKSTATION5","PrivilegeList":"SeTcbPrivilege","ProcessId":"0x4bc","EventID":4673,"Keywords":"0x8010000000000000","SubjectUserName":"wardog","Message":"A privileged service was called.\r\n\r\nSubject:\r\n\tSecurity ID:\t\tS-1-5-21-3940915590-64593676-1414006259-500\r\n\tAccount Name:\t\twardog\r\n\tAccount Domain:\t\tWORKSTATION5\r\n\tLogon ID:\t\t0xC61D9\r\n\r\nService:\r\n\tServer:\tSecurity\r\n\tService Name:\t-\r\n\r\nProcess:\r\n\tProcess ID:\t0x4bc\r\n\tProcess Name:\tC:\\Windows\\System32\\svchost.exe\r\n\r\nService Request Information:\r\n\tPrivileges:\t\tSeTcbPrivilege"}
{"@timestamp":"2020-10-22T01:54:24.123Z","TimeCreated":"2020-10-22T01:54:24.123Z","SubjectLogonId":"0xc61d9","SubjectDomainName":"WORKSTATION5","ProviderGuid":"{54849625-5478-4994-a5ba-3e3b0328c30d}","ProcessName":"C:\\Windows\\System32\\svchost.exe","ObjectServer":"Security","SubjectUserSid":"S-1-5-21-3940915590-64593676-1414006259-500","Level":"0","Channel":"Security","Task":"13056","Service":"-","SourceName":"Microsoft-Windows-Security-Auditing","Hostname":"WORKSTATION5","PrivilegeList":"SeTcbPrivilege","ProcessId":"0x4bc","EventID":4673,"Keywords":"0x8010000000000000","SubjectUserName":"wardog","Message":"A privileged service was called.\r\n\r\nSubject:\r\n\tSecurity ID:\t\tS-1-5-21-3940915590-64593676-1414006259-500\r\n\tAccount Name:\t\twardog\r\n\tAccount Domain:\t\tWORKSTATION5\r\n\tLogon ID:\t\t0xC61D9\r\n\r\nService:\r\n\tServer:\tSecurity\r\n\tService Name:\t-\r\n\r\nProcess:\r\n\tProcess ID:\t0x4bc\r\n\tProcess Name:\tC:\\Windows\\System32\\svchost.exe\r\n\r\nService Request Information:\r\n\tPrivileges:\t\tSeTcbPrivilege"}
{"@timestamp":"2020-10-22T01:54:24.123Z","TimeCreated":"2020-10-22T01:54:24.123Z","SubjectLogonId":"0xc61d9","SubjectDomainName":"WORKSTATION5","ProviderGuid":"{54849625-5478-4994-a5ba-3e3b0328c30d}","ProcessName":"C:\\Windows\\System32\\svchost.exe","ObjectServer":"Security","SubjectUserSid":"S-1-5-21-3940915590-64593676-1414006259-500","Level":"0","Channel":"Security","Task":"13056","Service":"-","SourceName":"Microsoft-Windows-Security-Auditing","Hostname":"WORKSTATION5","PrivilegeList":"SeTcbPrivilege","ProcessId":"0x4bc","EventID":4673,"Keywords":"0x8010000000000000","SubjectUserName":"wardog","Message":"A privileged service was called.\r\n\r\nSubject:\r\n\tSecurity ID:\t\tS-1-5-21-3940915590-64593676-1414006259-500\r\n\tAccount Name:\t\twardog\r\n\tAccount Domain:\t\tWORKSTATION5\r\n\tLogon ID:\t\t0xC61D9\r\n\r\nService:\r\n\tServer:\tSecurity\r\n\tService Name:\t-\r\n\r\nProcess:\r\n\tProcess ID:\t0x4bc\r\n\tProcess Name:\tC:\\Windows\\System32\\svchost.exe\r\n\r\nService Request Information:\r\n\tPrivileges:\t\tSeTcbPrivilege"}
{"@timestamp":"2020-10-22T01:54:24.123Z","TimeCreated":"2020-10-22T01:54:24.123Z","SubjectLogonId":"0xc61d9","SubjectDomainName":"WORKSTATION5","ProviderGuid":"{54849625-5478-4994-a5ba-3e3b0328c30d}","ProcessName":"C:\\Windows\\System32\\svchost.exe","ObjectServer":"Security","SubjectUserSid":"S-1-5-21-3940915590-64593676-1414006259-500","Level":"0","Channel":"Security","Task":"13056","Service":"-","SourceName":"Microsoft-Windows-Security-Auditing","Hostname":"WORKSTATION5","PrivilegeList":"SeTcbPrivilege","ProcessId":"0x4bc","EventID":4673,"Keywords":"0x8010000000000000","SubjectUserName":"wardog","Message":"A privileged service was called.\r\n\r\nSubject:\r\n\tSecurity ID:\t\tS-1-5-21-3940915590-64593676-1414006259-500\r\n\tAccount Name:\t\twardog\r\n\tAccount Domain:\t\tWORKSTATION5\r\n\tLogon ID:\t\t0xC61D9\r\n\r\nService:\r\n\tServer:\tSecurity\r\n\tService Name:\t-\r\n\r\nProcess:\r\n\tProcess ID:\t0x4bc\r\n\tProcess Name:\tC:\\Windows\\System32\\svchost.exe\r\n\r\nService Request Information:\r\n\tPrivileges:\t\tSeTcbPrivilege"}
{"@timestamp":"2020-10-22T01:54:24.123Z","TimeCreated":"2020-10-22T01:54:24.123Z","SubjectLogonId":"0xc61d9","SubjectDomainName":"WORKSTATION5","ProviderGuid":"{54849625-5478-4994-a5ba-3e3b0328c30d}","ProcessName":"C:\\Windows\\System32\\svchost.exe","ObjectServer":"Security","SubjectUserSid":"S-1-5-21-3940915590-64593676-1414006259-500","Level":"0","Channel":"Security","Task":"13056","Service":"-","SourceName":"Microsoft-Windows-Security-Auditing","Hostname":"WORKSTATION5","PrivilegeList":"SeTcbPrivilege","ProcessId":"0x4bc","EventID":4673,"Keywords":"0x8010000000000000","SubjectUserName":"wardog","Message":"A privileged service was called.\r\n\r\nSubject:\r\n\tSecurity ID:\t\tS-1-5-21-3940915590-64593676-1414006259-500\r\n\tAccount Name:\t\twardog\r\n\tAccount Domain:\t\tWORKSTATION5\r\n\tLogon ID:\t\t0xC61D9\r\n\r\nService:\r\n\tServer:\tSecurity\r\n\tService Name:\t-\r\n\r\nProcess:\r\n\tProcess ID:\t0x4bc\r\n\tProcess Name:\tC:\\Windows\\System32\\svchost.exe\r\n\r\nService Request Information:\r\n\tPrivileges:\t\tSeTcbPrivilege"}
{"@timestamp":"2020-10-22T01:54:24.123Z","TimeCreated":"2020-10-22T01:54:24.123Z","SubjectLogonId":"0xc61d9","SubjectDomainName":"WORKSTATION5","ProviderGuid":"{54849625-5478-4994-a5ba-3e3b0328c30d}","ProcessName":"C:\\Windows\\System32\\svchost.exe","ObjectServer":"Security","SubjectUserSid":"S-1-5-21-3940915590-64593676-1414006259-500","Level":"0","Channel":"Security","Task":"13056","Service":"-","SourceName":"Microsoft-Windows-Security-Auditing","Hostname":"WORKSTATION5","PrivilegeList":"SeTcbPrivilege","ProcessId":"0x4bc","EventID":4673,"Keywords":"0x8010000000000000","SubjectUserName":"wardog","Message":"A privileged service was called.\r\n\r\nSubject:\r\n\tSecurity ID:\t\tS-1-5-21-3940915590-64593676-1414006259-500\r\n\tAccount Name:\t\twardog\r\n\tAccount Domain:\t\tWORKSTATION5\r\n\tLogon ID:\t\t0xC61D9\r\n\r\nService:\r\n\tServer:\tSecurity\r\n\tService Name:\t-\r\n\r\nProcess:\r\n\tProcess ID:\t0x4bc\r\n\tProcess Name:\tC:\\Windows\\System32\\svchost.exe\r\n\r\nService Request Information:\r\n\tPrivileges:\t\tSeTcbPrivilege"}
{"@timestamp":"2020-10-22T01:54:24.123Z","TimeCreated":"2020-10-22T01:54:24.123Z","SubjectLogonId":"0xc61d9","SubjectDomainName":"WORKSTATION5","ProviderGuid":"{54849625-5478-4994-a5ba-3e3b0328c30d}","ProcessName":"C:\\Windows\\System32\\svchost.exe","ObjectServer":"Security","SubjectUserSid":"S-1-5-21-3940915590-64593676-1414006259-500","Level":"0","Channel":"Security","Task":"13056","Service":"-","SourceName":"Microsoft-Windows-Security-Auditing","Hostname":"WORKSTATION5","PrivilegeList":"SeTcbPrivilege","ProcessId":"0x4bc","EventID":4673,"Keywords":"0x8010000000000000","SubjectUserName":"wardog","Message":"A privileged service was called.\r\n\r\nSubject:\r\n\tSecurity ID:\t\tS-1-5-21-3940915590-64593676-1414006259-500\r\n\tAccount Name:\t\twardog\r\n\tAccount Domain:\t\tWORKSTATION5\r\n\tLogon ID:\t\t0xC61D9\r\n\r\nService:\r\n\tServer:\tSecurity\r\n\tService Name:\t-\r\n\r\nProcess:\r\n\tProcess ID:\t0x4bc\r\n\tProcess Name:\tC:\\Windows\\System32\\svchost.exe\r\n\r\nService Request Information:\r\n\tPrivileges:\t\tSeTcbPrivilege"}
{"@timestamp":"2020-10-22T01:54:24.123Z","TimeCreated":"2020-10-22T01:54:24.123Z","SubjectLogonId":"0xc61d9","SubjectDomainName":"WORKSTATION5","ProviderGuid":"{54849625-5478-4994-a5ba-3e3b0328c30d}","ProcessName":"C:\\Windows\\System32\\svchost.exe","ObjectServer":"Security","SubjectUserSid":"S-1-5-21-3940915590-64593676-1414006259-500","Level":"0","Channel":"Security","Task":"13056","Service":"-","SourceName":"Microsoft-Windows-Security-Auditing","Hostname":"WORKSTATION5","PrivilegeList":"SeTcbPrivilege","ProcessId":"0x4bc","EventID":4673,"Keywords":"0x8010000000000000","SubjectUserName":"wardog","Message":"A privileged service was called.\r\n\r\nSubject:\r\n\tSecurity ID:\t\tS-1-5-21-3940915590-64593676-1414006259-500\r\n\tAccount Name:\t\twardog\r\n\tAccount Domain:\t\tWORKSTATION5\r\n\tLogon ID:\t\t0xC61D9\r\n\r\nService:\r\n\tServer:\tSecurity\r\n\tService Name:\t-\r\n\r\nProcess:\r\n\tProcess ID:\t0x4bc\r\n\tProcess Name:\tC:\\Windows\\System32\\svchost.exe\r\n\r\nService Request Information:\r\n\tPrivileges:\t\tSeTcbPrivilege"}
{"@timestamp":"2020-10-22T01:54:24.123Z","TimeCreated":"2020-10-22T01:54:24.123Z","SubjectLogonId":"0xc61d9","SubjectDomainName":"WORKSTATION5","ProviderGuid":"{54849625-5478-4994-a5ba-3e3b0328c30d}","ProcessName":"C:\\Windows\\System32\\svchost.exe","ObjectServer":"Security","SubjectUserSid":"S-1-5-21-3940915590-64593676-1414006259-500","Level":"0","Channel":"Security","Task":"13056","Service":"-","SourceName":"Microsoft-Windows-Security-Auditing","Hostname":"WORKSTATION5","PrivilegeList":"SeTcbPrivilege","ProcessId":"0x4bc","EventID":4673,"Keywords":"0x8010000000000000","SubjectUserName":"wardog","Message":"A privileged service was called.\r\n\r\nSubject:\r\n\tSecurity ID:\t\tS-1-5-21-3940915590-64593676-1414006259-500\r\n\tAccount Name:\t\twardog\r\n\tAccount Domain:\t\tWORKSTATION5\r\n\tLogon ID:\t\t0xC61D9\r\n\r\nService:\r\n\tServer:\tSecurity\r\n\tService Name:\t-\r\n\r\nProcess:\r\n\tProcess ID:\t0x4bc\r\n\tProcess Name:\tC:\\Windows\\System32\\svchost.exe\r\n\r\nService Request Information:\r\n\tPrivileges:\t\tSeTcbPrivilege"}
