{"@timestamp":"2020-10-22T01:54:25.413Z","TimeCreated":"2020-10-22T01:54:25.413Z","QueryName":"ds.reson8.com","ProviderGuid":"{5770385f-c22a-43e0-bf4c-06f5698ffbd9}","UtcTime":"2020-10-22 05:54:24.244","ProcessGuid":"{39e4a257-f138-5f8b-5600-000000000700}","Image":"C:\\ProgramData\\Microsoft\\Windows Defender\\Platform\\4.18.2009.7-0\\MsMpEng.exe","Level":"4","Channel":"Microsoft-Windows-Sysmon/Operational","Task":"22","RuleName":"-","QueryStatus":"9701","SourceName":"Microsoft-Windows-Sysmon","Hostname":"WORKSTATION5","QueryResults":"-","ProcessId":"3408","EventID":22,"Keywords":"0x8000000000000000","Message":"Dns query:\r\nRuleName: -\r\nUtcTime: 2020-10-22 05:54:24.244\r\nProcessGuid: {39e4a257-f138-5f8b-5600-000000000700}\r\nProcessId: 3408\r\nQueryName: ds.reson8.com\r\nQueryStatus: 9701\r\nQueryResults: -\r\nImage: C:\\ProgramData\\Microsoft\\Windows Defender\\Platform\\4.18.2009.7-0\\MsMpEng.exe"}
{"@timestamp":"2020-10-22T01:54:25.413Z","TimeCreated":"2020-10-22T01:54:25.413Z","QueryName":"service.idsync.analytics.yahoo.com","ProviderGuid":"{5770385f-c22a-43e0-bf4c-06f5698ffbd9}","UtcTime":"2020-10-22 05:54:24.245","ProcessGuid":"{39e4a257-f138-5f8b-5600-000000000700}","Image":"C:\\ProgramData\\Microsoft\\Windows Defender\\Platform\\4.18.2009.7-0\\MsMpEng.exe","Level":"4","Channel":"Microsoft-Windows-Sysmon/Operational","Task":"22","RuleName":"-","QueryStatus":"9701","SourceName":"Microsoft-Windows-Sysmon","Hostname":"WORKSTATION5","QueryResults":"-","ProcessId":"3408","EventID":22,"Keywords":"0x8000000000000000","Message":"Dns query:\r\nRuleName: -\r\nUtcTime: 2020-10-22 05:54:24.245\r\nProcessGuid: {39e4a257-f138-5f8b-5600-000000000700}\r\nProcessId: 3408\r\nQueryName: service.idsync.analytics.yahoo.com\r\nQueryStatus: 9701\r\nQueryResults: -\r\nImage: C:\\ProgramData\\Microsoft\\Windows Defender\\Platform\\4.18.2009.7-0\\MsMpEng.exe"}
{"@timestamp":"2020-10-22T01:54:25.413Z","TimeCreated":"2020-10-22T01:54:25.413Z","QueryName":"dmpsync.3lift.com","ProviderGuid":"{5770385f-c22a-43e0-bf4c-06f5698ffbd9}","UtcTime":"2020-10-22 05:54:24.245","ProcessGuid":"{39e4a257-f138-5f8b-5600-000000000700}","Image":"C:\\ProgramData\\Microsoft\\Windows Defender\\Platform\\4.18.2009.7-0\\MsMpEng.exe","Level":"4","Channel":"Microsoft-Windows-Sysmon/Operational","Task":"22","RuleName":"-","QueryStatus":"9701","SourceName":"Microsoft-Windows-Sysmon","Hostname":"WORKSTATION5","QueryResults":"-","ProcessId":"3408","EventID":22,"Keywords":"0x8000000000000000","Message":"Dns query:\r\nRuleName: -\r\nUtcTime: 2020-10-22 05:54:24.245\r\nProcessGuid: {39e4a257-f138-5f8b-5600-000000000700}\r\nProcessId: 3408\r\nQueryName: dmpsync.3lift.com\r\nQueryStatus: 9701\r\nQueryResults: -\r\nImage: C:\\ProgramData\\Microsoft\\Windows Defender\\Platform\\4.18.2009.7-0\\MsMpEng.exe"}
{"@timestamp":"2020-10-22T01:54:25.413Z","TimeCreated":"2020-10-22T01:54:25.413Z","QueryName":"fei.pro-market.net","ProviderGuid":"{5770385f-c22a-43e0-bf4c-06f5698ffbd9}","UtcTime":"2020-10-22 05:54:24.245","ProcessGuid":"{39e4a257-f138-5f8b-5600-000000000700}","Image":"C:\\ProgramData\\Microsoft\\Windows Defender\\Platform\\4.18.2009.7-0\\MsMpEng.exe","Level":"4","Channel":"Microsoft-Windows-Sysmon/Operational","Task":"22","RuleName":"-","QueryStatus":"9701","SourceName":"Microsoft-Windows-Sysmon","Hostname":"WORKSTATION5","QueryResults":"-","ProcessId":"3408","EventID":22,"Keywords":"0x8000000000000000","Message":"Dns query:\r\nRuleName: -\r\nUtcTime: 2020-10-22 05:54:24.245\r\nProcessGuid: {39e4a257-f138-5f8b-5600-000000000700}\r\nProcessId: 3408\r\nQueryName: fei.pro-market.net\r\nQueryStatus: 9701\r\nQueryResults: -\r\nImage: C:\\ProgramData\\Microsoft\\Windows Defender\\Platform\\4.18.2009.7-0\\MsMpEng.exe"}
{"@timestamp":"2020-10-22T01:54:25.413Z","TimeCreated":"2020-10-22T01:54:25.413Z","QueryName":"technet.microsoft.com","ProviderGuid":"{5770385f-c22a-43e0-bf4c-06f5698ffbd9}","UtcTime":"2020-10-22 05:54:24.245","ProcessGuid":"{39e4a257-f138-5f8b-5600-000000000700}","Image":"C:\\ProgramData\\Microsoft\\Windows Defender\\Platform\\4.18.2009.7-0\\MsMpEng.exe","Level":"4","Channel":"Microsoft-Windows-Sysmon/Operational","Task":"22","RuleName":"-","QueryStatus":"9701","SourceName":"Microsoft-Windows-Sysmon","Hostname":"WORKSTATION5","QueryResults":"-","ProcessId":"3408","EventID":22,"Keywords":"0x8000000000000000","Message":"Dns query:\r\nRuleName: -\r\nUtcTime: 2020-10-22 05:54:24.245\r\nProcessGuid: {39e4a257-f138-5f8b-5600-000000000700}\r\nProcessId: 3408\r\nQueryName: technet.microsoft.com\r\nQueryStatus: 9701\r\nQueryResults: -\r\nImage: C:\\ProgramData\\Microsoft\\Windows Defender\\Platform\\4.18.2009.7-0\\MsMpEng.exe"}
{"@timestamp":"2020-10-22T01:54:25.413Z","TimeCreated":"2020-10-22T01:54:25.413Z","QueryName":"stats.g.doubleclick.net","ProviderGuid":"{5770385f-c22a-43e0-bf4c-06f5698ffbd9}","UtcTime":"2020-10-22 05:54:24.245","ProcessGuid":"{39e4a257-f138-5f8b-5600-000000000700}","Image":"C:\\ProgramData\\Microsoft\\Windows Defender\\Platform\\4.18.2009.7-0\\MsMpEng.exe","Level":"4","Channel":"Microsoft-Windows-Sysmon/Operational","Task":"22","RuleName":"-","QueryStatus":"9701","SourceName":"Microsoft-Windows-Sysmon","Hostname":"WORKSTATION5","QueryResults":"-","ProcessId":"3408","EventID":22,"Keywords":"0x8000000000000000","Message":"Dns query:\r\nRuleName: -\r\nUtcTime: 2020-10-22 05:54:24.245\r\nProcessGuid: {39e4a257-f138-5f8b-5600-000000000700}\r\nProcessId: 3408\r\nQueryName: stats.g.doubleclick.net\r\nQueryStatus: 9701\r\nQueryResults: -\r\nImage: C:\\ProgramData\\Microsoft\\Windows Defender\\Platform\\4.18.2009.7-0\\MsMpEng.exe"}
{"@timestamp":"2020-10-22T01:54:25.413Z","TimeCreated":"2020-10-22T01:54:25.413Z","QueryName":"idpix.media6degrees.com","ProviderGuid":"{5770385f-c22a-43e0-bf4c-06f5698ffbd9}","UtcTime":"2020-10-22 05:54:24.246","ProcessGuid":"{39e4a257-f138-5f8b-5600-000000000700}","Image":"C:\\ProgramData\\Microsoft\\Windows Defender\\Platform\\4.18.2009.7-0\\MsMpEng.exe","Level":"4","Channel":"Microsoft-Windows-Sysmon/Operational","Task":"22","RuleName":"-","QueryStatus":"9701","SourceName":"Microsoft-Windows-Sysmon","Hostname":"WORKSTATION5","QueryResults":"-","ProcessId":"3408","EventID":22,"Keywords":"0x8000000000000000","Message":"Dns query:\r\nRuleName: -\r\nUtcTime: 2020-10-22 05:54:24.246\r\nProcessGuid: {39e4a257-f138-5f8b-5600-000000000700}\r\nProcessId: 3408\r\nQueryName: idpix.media6degrees.com\r\nQueryStatus: 9701\r\nQueryResults: -\r\nImage: C:\\ProgramData\\Microsoft\\Windows Defender\\Platform\\4.18.2009.7-0\\MsMpEng.exe"}
{"@timestamp":"2020-10-22T01:54:25.413Z","TimeCreated":"2020-10-22T01:54:25.413Z","QueryName":"www.microsoft.com","ProviderGuid":"{5770385f-c22a-43e0-bf4c-06f5698ffbd9}","UtcTime":"2020-10-22 05:54:24.246","ProcessGuid":"{39e4a257-f138-5f8b-5600-000000000700}","Image":"C:\\ProgramData\\Microsoft\\Windows Defender\\Platform\\4.18.2009.7-0\\MsMpEng.exe","Level":"4","Channel":"Microsoft-Windows-Sysmon/Operational","Task":"22","RuleName":"-","QueryStatus":"9701","SourceName":"Microsoft-Windows-Sysmon","Hostname":"WORKSTATION5","QueryResults":"-","ProcessId":"3408","EventID":22,"Keywords":"0x8000000000000000","Message":"Dns query:\r\nRuleName: -\r\nUtcTime: 2020-10-22 05:54:24.246\r\nProcessGuid: {39e4a257-f138-5f8b-5600-000000000700}\r\nProcessId: 3408\r\nQueryName: www.microsoft.com\r\nQueryStatus: 9701\r\nQueryResults: -\r\nImage: C:\\ProgramData\\Microsoft\\Windows Defender\\Platform\\4.18.2009.7-0\\MsMpEng.exe"}
{"@timestamp":"2020-10-22T01:54:25.413Z","TimeCreated":"2020-10-22T01:54:25.413Z","QueryName":"cdn.speedcurve.com","ProviderGuid":"{5770385f-c22a-43e0-bf4c-06f5698ffbd9}","UtcTime":"2020-10-22 05:54:24.246","ProcessGuid":"{39e4a257-f138-5f8b-5600-000000000700}","Image":"C:\\ProgramData\\Microsoft\\Windows Defender\\Platform\\4.18.2009.7-0\\MsMpEng.exe","Level":"4","Channel":"Microsoft-Windows-Sysmon/Operational","Task":"22","RuleName":"-","QueryStatus":"9701","SourceName":"Microsoft-Windows-Sysmon","Hostname":"WORKSTATION5","QueryResults":"-","ProcessId":"3408","EventID":22,"Keywords":"0x8000000000000000","Message":"Dns query:\r\nRuleName: -\r\nUtcTime: 2020-10-22 05:54:24.246\r\nProcessGuid: {39e4a257-f138-5f8b-5600-000000000700}\r\nProcessId: 3408\r\nQueryName: cdn.speedcurve.com\r\nQueryStatus: 9701\r\nQueryResults: -\r\nImage: C:\\ProgramData\\Microsoft\\Windows Defender\\Platform\\4.18.2009.7-0\\MsMpEng.exe"}
{"@timestamp":"2020-10-22T01:54:25.413Z","TimeCreated":"2020-10-22T01:54:25.413Z","QueryName":"img-s-msn-com.akamaized.net","ProviderGuid":"{5770385f-c22a-43e0-bf4c-06f5698ffbd9}","UtcTime":"2020-10-22 05:54:24.246","ProcessGuid":"{39e4a257-f138-5f8b-5600-000000000700}","Image":"C:\\ProgramData\\Microsoft\\Windows Defender\\Platform\\4.18.2009.7-0\\MsMpEng.exe","Level":"4","Channel":"Microsoft-Windows-Sysmon/Operational","Task":"22","RuleName":"-","QueryStatus":"9701","SourceName":"Microsoft-Windows-Sysmon","Hostname":"WORKSTATION5","QueryResults":"-","ProcessId":"3408","EventID":22,"Keywords":"0x8000000000000000","Message":"Dns query:\r\nRuleName: -\r\nUtcTime: 2020-10-22 05:54:24.246\r\nProcessGuid: {39e4a257-f138-5f8b-5600-000000000700}\r\nProcessId: 3408\r\nQueryName: img-s-msn-com.akamaized.net\r\nQueryStatus: 9701\r\nQueryResults: -\r\nImage: C:\\ProgramData\\Microsoft\\Windows Defender\\Platform\\4.18.2009.7-0\\MsMpEng.exe"}
{"@timestamp":"2020-10-22T01:54:25.413Z","TimeCreated":"2020-10-22T01:54:25.413Z","QueryName":"cdn.taboola.com","ProviderGuid":"{5770385f-c22a-43e0-bf4c-06f5698ffbd9}","UtcTime":"2020-10-22 05:54:24.246","ProcessGuid":"{39e4a257-f138-5f8b-5600-000000000700}","Image":"C:\\ProgramData\\Microsoft\\Windows Defender\\Platform\\4.18.2009.7-0\\MsMpEng.exe","Level":"4","Channel":"Microsoft-Windows-Sysmon/Operational","Task":"22","RuleName":"-","QueryStatus":"9701","SourceName":"Microsoft-Windows-Sysmon","Hostname":"WORKSTATION5","QueryResults":"-","ProcessId":"3408","EventID":22,"Keywords":"0x8000000000000000","Message":"Dns query:\r\nRuleName: -\r\nUtcTime: 2020-10-22 05:54:24.246\r\nProcessGuid: {39e4a257-f138-5f8b-5600-000000000700}\r\nProcessId: 3408\r\nQueryName: cdn.taboola.com\r\nQueryStatus: 9701\r\nQueryResults: -\r\nImage: C:\\ProgramData\\Microsoft\\Windows Defender\\Platform\\4.18.2009.7-0\\MsMpEng.exe"}
{"@timestamp":"2020-10-22T01:54:25.413Z","TimeCreated":"2020-10-22T01:54:25.413Z","QueryName":"fp-vp.azureedge.net","ProviderGuid":"{5770385f-c22a-43e0-bf4c-06f5698ffbd9}","UtcTime":"2020-10-22 05:54:24.247","ProcessGuid":"{39e4a257-f138-5f8b-5600-000000000700}","Image":"C:\\ProgramData\\Microsoft\\Windows Defender\\Platform\\4.18.2009.7-0\\MsMpEng.exe","Level":"4","Channel":"Microsoft-Windows-Sysmon/Operational","Task":"22","RuleName":"-","QueryStatus":"0","SourceName":"Microsoft-Windows-Sysmon","Hostname":"WORKSTATION5","QueryResults":"type:  5 fp-vp.ec.azureedge.net;type:  5 cs9.wpc.v0cdn.net;72.21.81.200;","ProcessId":"3408","EventID":22,"Keywords":"0x8000000000000000","Message":"Dns query:\r\nRuleName: -\r\nUtcTime: 2020-10-22 05:54:24.247\r\nProcessGuid: {39e4a257-f138-5f8b-5600-000000000700}\r\nProcessId: 3408\r\nQueryName: fp-vp.azureedge.net\r\nQueryStatus: 0\r\nQueryResults: type:  5 fp-vp.ec.azureedge.net;type:  5 cs9.wpc.v0cdn.net;72.21.81.200;\r\nImage: C:\\ProgramData\\Microsoft\\Windows Defender\\Platform\\4.18.2009.7-0\\MsMpEng.exe"}
{"@timestamp":"2020-10-22T01:54:25.414Z","TimeCreated":"2020-10-22T01:54:25.414Z","QueryName":"static-global-s-msn-com.akamaized.net","ProviderGuid":"{5770385f-c22a-43e0-bf4c-06f5698ffbd9}","UtcTime":"2020-10-22 05:54:24.247","ProcessGuid":"{39e4a257-f138-5f8b-5600-000000000700}","Image":"C:\\ProgramData\\Microsoft\\Windows Defender\\Platform\\4.18.2009.7-0\\MsMpEng.exe","Level":"4","Channel":"Microsoft-Windows-Sysmon/Operational","Task":"22","RuleName":"-","QueryStatus":"9701","SourceName":"Microsoft-Windows-Sysmon","Hostname":"WORKSTATION5","QueryResults":"-","ProcessId":"3408","EventID":22,"Keywords":"0x8000000000000000","Message":"Dns query:\r\nRuleName: -\r\nUtcTime: 2020-10-22 05:54:24.247\r\nProcessGuid: {39e4a257-f138-5f8b-5600-000000000700}\r\nProcessId: 3408\r\nQueryName: static-global-s-msn-com.akamaized.net\r\nQueryStatus: 9701\r\nQueryResults: -\r\nImage: C:\\ProgramData\\Microsoft\\Windows Defender\\Platform\\4.18.2009.7-0\\MsMpEng.exe"}
{"@timestamp":"2020-10-22T01:54:25.414Z","TimeCreated":"2020-10-22T01:54:25.414Z","QueryName":"rum18.perf.linkedin.com","ProviderGuid":"{5770385f-c22a-43e0-bf4c-06f5698ffbd9}","UtcTime":"2020-10-22 05:54:24.247","ProcessGuid":"{39e4a257-f138-5f8b-5600-000000000700}","Image":"C:\\ProgramData\\Microsoft\\Windows Defender\\Platform\\4.18.2009.7-0\\MsMpEng.exe","Level":"4","Channel":"Microsoft-Windows-Sysmon/Operational","Task":"22","RuleName":"-","QueryStatus":"9701","SourceName":"Microsoft-Windows-Sysmon","Hostname":"WORKSTATION5","QueryResults":"-","ProcessId":"3408","EventID":22,"Keywords":"0x8000000000000000","Message":"Dns query:\r\nRuleName: -\r\nUtcTime: 2020-10-22 05:54:24.247\r\nProcessGuid: {39e4a257-f138-5f8b-5600-000000000700}\r\nProcessId: 3408\r\nQueryName: rum18.perf.linkedin.com\r\nQueryStatus: 9701\r\nQueryResults: -\r\nImage: C:\\ProgramData\\Microsoft\\Windows Defender\\Platform\\4.18.2009.7-0\\MsMpEng.exe"}
{"@timestamp":"2020-10-22T01:54:25.414Z","TimeCreated":"2020-10-22T01:54:25.414Z","QueryName":"rtd-tm.everesttech.net","ProviderGuid":"{5770385f-c22a-43e0-bf4c-06f5698ffbd9}","UtcTime":"2020-10-22 05:54:24.247","ProcessGuid":"{39e4a257-f138-5f8b-5600-000000000700}","Image":"C:\\ProgramData\\Microsoft\\Windows Defender\\Platform\\4.18.2009.7-0\\MsMpEng.exe","Level":"4","Channel":"Microsoft-Windows-Sysmon/Operational","Task":"22","RuleName":"-","QueryStatus":"9701","SourceName":"Microsoft-Windows-Sysmon","Hostname":"WORKSTATION5","QueryResults":"-","ProcessId":"3408","EventID":22,"Keywords":"0x8000000000000000","Message":"Dns query:\r\nRuleName: -\r\nUtcTime: 2020-10-22 05:54:24.247\r\nProcessGuid: {39e4a257-f138-5f8b-5600-000000000700}\r\nProcessId: 3408\r\nQueryName: rtd-tm.everesttech.net\r\nQueryStatus: 9701\r\nQueryResults: -\r\nImage: C:\\ProgramData\\Microsoft\\Windows Defender\\Platform\\4.18.2009.7-0\\MsMpEng.exe"}
{"@timestamp":"2020-10-22T01:54:25.414Z","TimeCreated":"2020-10-22T01:54:25.414Z","QueryName":"smartscreen-prod.microsoft.com","ProviderGuid":"{5770385f-c22a-43e0-bf4c-06f5698ffbd9}","UtcTime":"2020-10-22 05:54:24.247","ProcessGuid":"{39e4a257-f138-5f8b-5600-000000000700}","Image":"C:\\ProgramData\\Microsoft\\Windows Defender\\Platform\\4.18.2009.7-0\\MsMpEng.exe","Level":"4","Channel":"Microsoft-Windows-Sysmon/Operational","Task":"22","RuleName":"-","QueryStatus":"9701","SourceName":"Microsoft-Windows-Sysmon","Hostname":"WORKSTATION5","QueryResults":"-","ProcessId":"3408","EventID":22,"Keywords":"0x8000000000000000","Message":"Dns query:\r\nRuleName: -\r\nUtcTime: 2020-10-22 05:54:24.247\r\nProcessGuid: {39e4a257-f138-5f8b-5600-000000000700}\r\nProcessId: 3408\r\nQueryName: smartscreen-prod.microsoft.com\r\nQueryStatus: 9701\r\nQueryResults: -\r\nImage: C:\\ProgramData\\Microsoft\\Windows Defender\\Platform\\4.18.2009.7-0\\MsMpEng.exe"}
{"@timestamp":"2020-10-22T01:54:25.414Z","TimeCreated":"2020-10-22T01:54:25.414Z","QueryName":"b1sync.zemanta.com","ProviderGuid":"{5770385f-c22a-43e0-bf4c-06f5698ffbd9}","UtcTime":"2020-10-22 05:54:24.248","ProcessGuid":"{39e4a257-f138-5f8b-5600-000000000700}","Image":"C:\\ProgramData\\Microsoft\\Windows Defender\\Platform\\4.18.2009.7-0\\MsMpEng.exe","Level":"4","Channel":"Microsoft-Windows-Sysmon/Operational","Task":"22","RuleName":"-","QueryStatus":"9701","SourceName":"Microsoft-Windows-Sysmon","Hostname":"WORKSTATION5","QueryResults":"-","ProcessId":"3408","EventID":22,"Keywords":"0x8000000000000000","Message":"Dns query:\r\nRuleName: -\r\nUtcTime: 2020-10-22 05:54:24.248\r\nProcessGuid: {39e4a257-f138-5f8b-5600-000000000700}\r\nProcessId: 3408\r\nQueryName: b1sync.zemanta.com\r\nQueryStatus: 9701\r\nQueryResults: -\r\nImage: C:\\ProgramData\\Microsoft\\Windows Defender\\Platform\\4.18.2009.7-0\\MsMpEng.exe"}
{"@timestamp":"2020-10-22T01:54:25.414Z","TimeCreated":"2020-10-22T01:54:25.414Z","QueryName":"sync-tm.everesttech.net","ProviderGuid":"{5770385f-c22a-43e0-bf4c-06f5698ffbd9}","UtcTime":"2020-10-22 05:54:24.248","ProcessGuid":"{39e4a257-f138-5f8b-5600-000000000700}","Image":"C:\\ProgramData\\Microsoft\\Windows Defender\\Platform\\4.18.2009.7-0\\MsMpEng.exe","Level":"4","Channel":"Microsoft-Windows-Sysmon/Operational","Task":"22","RuleName":"-","QueryStatus":"9701","SourceName":"Microsoft-Windows-Sysmon","Hostname":"WORKSTATION5","QueryResults":"-","ProcessId":"3408","EventID":22,"Keywords":"0x8000000000000000","Message":"Dns query:\r\nRuleName: -\r\nUtcTime: 2020-10-22 05:54:24.248\r\nProcessGuid: {39e4a257-f138-5f8b-5600-000000000700}\r\nProcessId: 3408\r\nQueryName: sync-tm.everesttech.net\r\nQueryStatus: 9701\r\nQueryResults: -\r\nImage: C:\\ProgramData\\Microsoft\\Windows Defender\\Platform\\4.18.2009.7-0\\MsMpEng.exe"}
{"@timestamp":"2020-10-22T01:54:25.414Z","TimeCreated":"2020-10-22T01:54:25.414Z","QueryName":"ads.yahoo.com","ProviderGuid":"{5770385f-c22a-43e0-bf4c-06f5698ffbd9}","UtcTime":"2020-10-22 05:54:24.248","ProcessGuid":"{39e4a257-f138-5f8b-5600-000000000700}","Image":"C:\\ProgramData\\Microsoft\\Windows Defender\\Platform\\4.18.2009.7-0\\MsMpEng.exe","Level":"4","Channel":"Microsoft-Windows-Sysmon/Operational","Task":"22","RuleName":"-","QueryStatus":"9701","SourceName":"Microsoft-Windows-Sysmon","Hostname":"WORKSTATION5","QueryResults":"-","ProcessId":"3408","EventID":22,"Keywords":"0x8000000000000000","Message":"Dns query:\r\nRuleName: -\r\nUtcTime: 2020-10-22 05:54:24.248\r\nProcessGuid: {39e4a257-f138-5f8b-5600-000000000700}\r\nProcessId: 3408\r\nQueryName: ads.yahoo.com\r\nQueryStatus: 9701\r\nQueryResults: -\r\nImage: C:\\ProgramData\\Microsoft\\Windows Defender\\Platform\\4.18.2009.7-0\\MsMpEng.exe"}
{"@timestamp":"2020-10-22T01:54:25.414Z","TimeCreated":"2020-10-22T01:54:25.414Z","QueryName":"oneocsp.microsoft.com","ProviderGuid":"{5770385f-c22a-43e0-bf4c-06f5698ffbd9}","UtcTime":"2020-10-22 05:54:24.248","ProcessGuid":"{39e4a257-f138-5f8b-5600-000000000700}","Image":"C:\\ProgramData\\Microsoft\\Windows Defender\\Platform\\4.18.2009.7-0\\MsMpEng.exe","Level":"4","Channel":"Microsoft-Windows-Sysmon/Operational","Task":"22","RuleName":"-","QueryStatus":"9701","SourceName":"Microsoft-Windows-Sysmon","Hostname":"WORKSTATION5","QueryResults":"-","ProcessId":"3408","EventID":22,"Keywords":"0x8000000000000000","Message":"Dns query:\r\nRuleName: -\r\nUtcTime: 2020-10-22 05:54:24.248\r\nProcessGuid: {39e4a257-f138-5f8b-5600-000000000700}\r\nProcessId: 3408\r\nQueryName: oneocsp.microsoft.com\r\nQueryStatus: 9701\r\nQueryResults: -\r\nImage: C:\\ProgramData\\Microsoft\\Windows Defender\\Platform\\4.18.2009.7-0\\MsMpEng.exe"}
{"@timestamp":"2020-10-22T01:54:25.414Z","TimeCreated":"2020-10-22T01:54:25.414Z","QueryName":"ups.analytics.yahoo.com","ProviderGuid":"{5770385f-c22a-43e0-bf4c-06f5698ffbd9}","UtcTime":"2020-10-22 05:54:24.248","ProcessGuid":"{39e4a257-f138-5f8b-5600-000000000700}","Image":"C:\\ProgramData\\Microsoft\\Windows Defender\\Platform\\4.18.2009.7-0\\MsMpEng.exe","Level":"4","Channel":"Microsoft-Windows-Sysmon/Operational","Task":"22","RuleName":"-","QueryStatus":"9701","SourceName":"Microsoft-Windows-Sysmon","Hostname":"WORKSTATION5","QueryResults":"-","ProcessId":"3408","EventID":22,"Keywords":"0x8000000000000000","Message":"Dns query:\r\nRuleName: -\r\nUtcTime: 2020-10-22 05:54:24.248\r\nProcessGuid: {39e4a257-f138-5f8b-5600-000000000700}\r\nProcessId: 3408\r\nQueryName: ups.analytics.yahoo.com\r\nQueryStatus: 9701\r\nQueryResults: -\r\nImage: C:\\ProgramData\\Microsoft\\Windows Defender\\Platform\\4.18.2009.7-0\\MsMpEng.exe"}
{"@timestamp":"2020-10-22T01:54:25.414Z","TimeCreated":"2020-10-22T01:54:25.414Z","QueryName":"assets.msn.com","ProviderGuid":"{5770385f-c22a-43e0-bf4c-06f5698ffbd9}","UtcTime":"2020-10-22 05:54:24.248","ProcessGuid":"{39e4a257-f138-5f8b-5600-000000000700}","Image":"C:\\ProgramData\\Microsoft\\Windows Defender\\Platform\\4.18.2009.7-0\\MsMpEng.exe","Level":"4","Channel":"Microsoft-Windows-Sysmon/Operational","Task":"22","RuleName":"-","QueryStatus":"9701","SourceName":"Microsoft-Windows-Sysmon","Hostname":"WORKSTATION5","QueryResults":"-","ProcessId":"3408","EventID":22,"Keywords":"0x8000000000000000","Message":"Dns query:\r\nRuleName: -\r\nUtcTime: 2020-10-22 05:54:24.248\r\nProcessGuid: {39e4a257-f138-5f8b-5600-000000000700}\r\nProcessId: 3408\r\nQueryName: assets.msn.com\r\nQueryStatus: 9701\r\nQueryResults: -\r\nImage: C:\\ProgramData\\Microsoft\\Windows Defender\\Platform\\4.18.2009.7-0\\MsMpEng.exe"}
{"@timestamp":"2020-10-22T01:54:25.414Z","TimeCreated":"2020-10-22T01:54:25.414Z","QueryName":"servedby.flashtalking.com","ProviderGuid":"{5770385f-c22a-43e0-bf4c-06f5698ffbd9}","UtcTime":"2020-10-22 05:54:24.249","ProcessGuid":"{39e4a257-f138-5f8b-5600-000000000700}","Image":"C:\\ProgramData\\Microsoft\\Windows Defender\\Platform\\4.18.2009.7-0\\MsMpEng.exe","Level":"4","Channel":"Microsoft-Windows-Sysmon/Operational","Task":"22","RuleName":"-","QueryStatus":"9701","SourceName":"Microsoft-Windows-Sysmon","Hostname":"WORKSTATION5","QueryResults":"-","ProcessId":"3408","EventID":22,"Keywords":"0x8000000000000000","Message":"Dns query:\r\nRuleName: -\r\nUtcTime: 2020-10-22 05:54:24.249\r\nProcessGuid: {39e4a257-f138-5f8b-5600-000000000700}\r\nProcessId: 3408\r\nQueryName: servedby.flashtalking.com\r\nQueryStatus: 9701\r\nQueryResults: -\r\nImage: C:\\ProgramData\\Microsoft\\Windows Defender\\Platform\\4.18.2009.7-0\\MsMpEng.exe"}
{"@timestamp":"2020-10-22T01:54:25.414Z","TimeCreated":"2020-10-22T01:54:25.414Z","QueryName":"90ac71ecfecb6788dccc589ba2be76c7.clo.footprintdns.com","ProviderGuid":"{5770385f-c22a-43e0-bf4c-06f5698ffbd9}","UtcTime":"2020-10-22 05:54:24.249","ProcessGuid":"{39e4a257-f138-5f8b-5600-000000000700}","Image":"C:\\ProgramData\\Microsoft\\Windows Defender\\Platform\\4.18.2009.7-0\\MsMpEng.exe","Level":"4","Channel":"Microsoft-Windows-Sysmon/Operational","Task":"22","RuleName":"-","QueryStatus":"9701","SourceName":"Microsoft-Windows-Sysmon","Hostname":"WORKSTATION5","QueryResults":"-","ProcessId":"3408","EventID":22,"Keywords":"0x8000000000000000","Message":"Dns query:\r\nRuleName: -\r\nUtcTime: 2020-10-22 05:54:24.249\r\nProcessGuid: {39e4a257-f138-5f8b-5600-000000000700}\r\nProcessId: 3408\r\nQueryName: 90ac71ecfecb6788dccc589ba2be76c7.clo.footprintdns.com\r\nQueryStatus: 9701\r\nQueryResults: -\r\nImage: C:\\ProgramData\\Microsoft\\Windows Defender\\Platform\\4.18.2009.7-0\\MsMpEng.exe"}
{"@timestamp":"2020-10-22T01:54:25.414Z","TimeCreated":"2020-10-22T01:54:25.414Z","QueryName":"14a840d16dfecf6aee96f5bd958554cb.clo.footprintdns.com","ProviderGuid":"{5770385f-c22a-43e0-bf4c-06f5698ffbd9}","UtcTime":"2020-10-22 05:54:24.249","ProcessGuid":"{39e4a257-f138-5f8b-5600-000000000700}","Image":"C:\\ProgramData\\Microsoft\\Windows Defender\\Platform\\4.18.2009.7-0\\MsMpEng.exe","Level":"4","Channel":"Microsoft-Windows-Sysmon/Operational","Task":"22","RuleName":"-","QueryStatus":"9701","SourceName":"Microsoft-Windows-Sysmon","Hostname":"WORKSTATION5","QueryResults":"-","ProcessId":"3408","EventID":22,"Keywords":"0x8000000000000000","Message":"Dns query:\r\nRuleName: -\r\nUtcTime: 2020-10-22 05:54:24.249\r\nProcessGuid: {39e4a257-f138-5f8b-5600-000000000700}\r\nProcessId: 3408\r\nQueryName: 14a840d16dfecf6aee96f5bd958554cb.clo.footprintdns.com\r\nQueryStatus: 9701\r\nQueryResults: -\r\nImage: C:\\ProgramData\\Microsoft\\Windows Defender\\Platform\\4.18.2009.7-0\\MsMpEng.exe"}
{"@timestamp":"2020-10-22T01:54:25.414Z","TimeCreated":"2020-10-22T01:54:25.414Z","QueryName":"pixel-us-east.rubiconproject.com","ProviderGuid":"{5770385f-c22a-43e0-bf4c-06f5698ffbd9}","UtcTime":"2020-10-22 05:54:24.249","ProcessGuid":"{39e4a257-f138-5f8b-5600-000000000700}","Image":"C:\\ProgramData\\Microsoft\\Windows Defender\\Platform\\4.18.2009.7-0\\MsMpEng.exe","Level":"4","Channel":"Microsoft-Windows-Sysmon/Operational","Task":"22","RuleName":"-","QueryStatus":"9701","SourceName":"Microsoft-Windows-Sysmon","Hostname":"WORKSTATION5","QueryResults":"-","ProcessId":"3408","EventID":22,"Keywords":"0x8000000000000000","Message":"Dns query:\r\nRuleName: -\r\nUtcTime: 2020-10-22 05:54:24.249\r\nProcessGuid: {39e4a257-f138-5f8b-5600-000000000700}\r\nProcessId: 3408\r\nQueryName: pixel-us-east.rubiconproject.com\r\nQueryStatus: 9701\r\nQueryResults: -\r\nImage: C:\\ProgramData\\Microsoft\\Windows Defender\\Platform\\4.18.2009.7-0\\MsMpEng.exe"}
{"@timestamp":"2020-10-22T01:54:25.414Z","TimeCreated":"2020-10-22T01:54:25.414Z","QueryName":"hbx.media.net","ProviderGuid":"{5770385f-c22a-43e0-bf4c-06f5698ffbd9}","UtcTime":"2020-10-22 05:54:24.250","ProcessGuid":"{39e4a257-f138-5f8b-5600-000000000700}","Image":"C:\\ProgramData\\Microsoft\\Windows Defender\\Platform\\4.18.2009.7-0\\MsMpEng.exe","Level":"4","Channel":"Microsoft-Windows-Sysmon/Operational","Task":"22","RuleName":"-","QueryStatus":"9701","SourceName":"Microsoft-Windows-Sysmon","Hostname":"WORKSTATION5","QueryResults":"-","ProcessId":"3408","EventID":22,"Keywords":"0x8000000000000000","Message":"Dns query:\r\nRuleName: -\r\nUtcTime: 2020-10-22 05:54:24.250\r\nProcessGuid: {39e4a257-f138-5f8b-5600-000000000700}\r\nProcessId: 3408\r\nQueryName: hbx.media.net\r\nQueryStatus: 9701\r\nQueryResults: -\r\nImage: C:\\ProgramData\\Microsoft\\Windows Defender\\Platform\\4.18.2009.7-0\\MsMpEng.exe"}
{"@timestamp":"2020-10-22T01:54:25.414Z","TimeCreated":"2020-10-22T01:54:25.414Z","QueryName":"6808cd1260265ca03bddaacab80f0bc8.clo.footprintdns.com","ProviderGuid":"{5770385f-c22a-43e0-bf4c-06f5698ffbd9}","UtcTime":"2020-10-22 05:54:24.250","ProcessGuid":"{39e4a257-f138-5f8b-5600-000000000700}","Image":"C:\\ProgramData\\Microsoft\\Windows Defender\\Platform\\4.18.2009.7-0\\MsMpEng.exe","Level":"4","Channel":"Microsoft-Windows-Sysmon/Operational","Task":"22","RuleName":"-","QueryStatus":"9701","SourceName":"Microsoft-Windows-Sysmon","Hostname":"WORKSTATION5","QueryResults":"-","ProcessId":"3408","EventID":22,"Keywords":"0x8000000000000000","Message":"Dns query:\r\nRuleName: -\r\nUtcTime: 2020-10-22 05:54:24.250\r\nProcessGuid: {39e4a257-f138-5f8b-5600-000000000700}\r\nProcessId: 3408\r\nQueryName: 6808cd1260265ca03bddaacab80f0bc8.clo.footprintdns.com\r\nQueryStatus: 9701\r\nQueryResults: -\r\nImage: C:\\ProgramData\\Microsoft\\Windows Defender\\Platform\\4.18.2009.7-0\\MsMpEng.exe"}
{"@timestamp":"2020-10-22T01:54:25.414Z","TimeCreated":"2020-10-22T01:54:25.414Z","QueryName":"bing.com","ProviderGuid":"{5770385f-c22a-43e0-bf4c-06f5698ffbd9}","UtcTime":"2020-10-22 05:54:24.250","ProcessGuid":"{39e4a257-f138-5f8b-5600-000000000700}","Image":"C:\\ProgramData\\Microsoft\\Windows Defender\\Platform\\4.18.2009.7-0\\MsMpEng.exe","Level":"4","Channel":"Microsoft-Windows-Sysmon/Operational","Task":"22","RuleName":"-","QueryStatus":"9701","SourceName":"Microsoft-Windows-Sysmon","Hostname":"WORKSTATION5","QueryResults":"-","ProcessId":"3408","EventID":22,"Keywords":"0x8000000000000000","Message":"Dns query:\r\nRuleName: -\r\nUtcTime: 2020-10-22 05:54:24.250\r\nProcessGuid: {39e4a257-f138-5f8b-5600-000000000700}\r\nProcessId: 3408\r\nQueryName: bing.com\r\nQueryStatus: 9701\r\nQueryResults: -\r\nImage: C:\\ProgramData\\Microsoft\\Windows Defender\\Platform\\4.18.2009.7-0\\MsMpEng.exe"}
{"@timestamp":"2020-10-22T01:54:25.414Z","TimeCreated":"2020-10-22T01:54:25.414Z","QueryName":"image8.pubmatic.com","ProviderGuid":"{5770385f-c22a-43e0-bf4c-06f5698ffbd9}","UtcTime":"2020-10-22 05:54:24.250","ProcessGuid":"{39e4a257-f138-5f8b-5600-000000000700}","Image":"C:\\ProgramData\\Microsoft\\Windows Defender\\Platform\\4.18.2009.7-0\\MsMpEng.exe","Level":"4","Channel":"Microsoft-Windows-Sysmon/Operational","Task":"22","RuleName":"-","QueryStatus":"9701","SourceName":"Microsoft-Windows-Sysmon","Hostname":"WORKSTATION5","QueryResults":"-","ProcessId":"3408","EventID":22,"Keywords":"0x8000000000000000","Message":"Dns query:\r\nRuleName: -\r\nUtcTime: 2020-10-22 05:54:24.250\r\nProcessGuid: {39e4a257-f138-5f8b-5600-000000000700}\r\nProcessId: 3408\r\nQueryName: image8.pubmatic.com\r\nQueryStatus: 9701\r\nQueryResults: -\r\nImage: C:\\ProgramData\\Microsoft\\Windows Defender\\Platform\\4.18.2009.7-0\\MsMpEng.exe"}
{"@timestamp":"2020-10-22T01:54:25.414Z","TimeCreated":"2020-10-22T01:54:25.414Z","QueryName":"tags.bluekai.com","ProviderGuid":"{5770385f-c22a-43e0-bf4c-06f5698ffbd9}","UtcTime":"2020-10-22 05:54:24.251","ProcessGuid":"{39e4a257-f138-5f8b-5600-000000000700}","Image":"C:\\ProgramData\\Microsoft\\Windows Defender\\Platform\\4.18.2009.7-0\\MsMpEng.exe","Level":"4","Channel":"Microsoft-Windows-Sysmon/Operational","Task":"22","RuleName":"-","QueryStatus":"9701","SourceName":"Microsoft-Windows-Sysmon","Hostname":"WORKSTATION5","QueryResults":"-","ProcessId":"3408","EventID":22,"Keywords":"0x8000000000000000","Message":"Dns query:\r\nRuleName: -\r\nUtcTime: 2020-10-22 05:54:24.251\r\nProcessGuid: {39e4a257-f138-5f8b-5600-000000000700}\r\nProcessId: 3408\r\nQueryName: tags.bluekai.com\r\nQueryStatus: 9701\r\nQueryResults: -\r\nImage: C:\\ProgramData\\Microsoft\\Windows Defender\\Platform\\4.18.2009.7-0\\MsMpEng.exe"}
{"@timestamp":"2020-10-22T01:54:25.414Z","TimeCreated":"2020-10-22T01:54:25.414Z","QueryName":"odr.mookie1.com","ProviderGuid":"{5770385f-c22a-43e0-bf4c-06f5698ffbd9}","UtcTime":"2020-10-22 05:54:24.251","ProcessGuid":"{39e4a257-f138-5f8b-5600-000000000700}","Image":"C:\\ProgramData\\Microsoft\\Windows Defender\\Platform\\4.18.2009.7-0\\MsMpEng.exe","Level":"4","Channel":"Microsoft-Windows-Sysmon/Operational","Task":"22","RuleName":"-","QueryStatus":"9701","SourceName":"Microsoft-Windows-Sysmon","Hostname":"WORKSTATION5","QueryResults":"-","ProcessId":"3408","EventID":22,"Keywords":"0x8000000000000000","Message":"Dns query:\r\nRuleName: -\r\nUtcTime: 2020-10-22 05:54:24.251\r\nProcessGuid: {39e4a257-f138-5f8b-5600-000000000700}\r\nProcessId: 3408\r\nQueryName: odr.mookie1.com\r\nQueryStatus: 9701\r\nQueryResults: -\r\nImage: C:\\ProgramData\\Microsoft\\Windows Defender\\Platform\\4.18.2009.7-0\\MsMpEng.exe"}
{"@timestamp":"2020-10-22T01:54:25.414Z","TimeCreated":"2020-10-22T01:54:25.414Z","QueryName":"1cfd3d49e4fc6c1ac4682766b95c3144.clo.footprintdns.com","ProviderGuid":"{5770385f-c22a-43e0-bf4c-06f5698ffbd9}","UtcTime":"2020-10-22 05:54:24.251","ProcessGuid":"{39e4a257-f138-5f8b-5600-000000000700}","Image":"C:\\ProgramData\\Microsoft\\Windows Defender\\Platform\\4.18.2009.7-0\\MsMpEng.exe","Level":"4","Channel":"Microsoft-Windows-Sysmon/Operational","Task":"22","RuleName":"-","QueryStatus":"9701","SourceName":"Microsoft-Windows-Sysmon","Hostname":"WORKSTATION5","QueryResults":"-","ProcessId":"3408","EventID":22,"Keywords":"0x8000000000000000","Message":"Dns query:\r\nRuleName: -\r\nUtcTime: 2020-10-22 05:54:24.251\r\nProcessGuid: {39e4a257-f138-5f8b-5600-000000000700}\r\nProcessId: 3408\r\nQueryName: 1cfd3d49e4fc6c1ac4682766b95c3144.clo.footprintdns.com\r\nQueryStatus: 9701\r\nQueryResults: -\r\nImage: C:\\ProgramData\\Microsoft\\Windows Defender\\Platform\\4.18.2009.7-0\\MsMpEng.exe"}
{"@timestamp":"2020-10-22T01:54:25.414Z","TimeCreated":"2020-10-22T01:54:25.414Z","QueryName":"pixel-sync.sitescout.com","ProviderGuid":"{5770385f-c22a-43e0-bf4c-06f5698ffbd9}","UtcTime":"2020-10-22 05:54:24.251","ProcessGuid":"{39e4a257-f138-5f8b-5600-000000000700}","Image":"C:\\ProgramData\\Microsoft\\Windows Defender\\Platform\\4.18.2009.7-0\\MsMpEng.exe","Level":"4","Channel":"Microsoft-Windows-Sysmon/Operational","Task":"22","RuleName":"-","QueryStatus":"9701","SourceName":"Microsoft-Windows-Sysmon","Hostname":"WORKSTATION5","QueryResults":"-","ProcessId":"3408","EventID":22,"Keywords":"0x8000000000000000","Message":"Dns query:\r\nRuleName: -\r\nUtcTime: 2020-10-22 05:54:24.251\r\nProcessGuid: {39e4a257-f138-5f8b-5600-000000000700}\r\nProcessId: 3408\r\nQueryName: pixel-sync.sitescout.com\r\nQueryStatus: 9701\r\nQueryResults: -\r\nImage: C:\\ProgramData\\Microsoft\\Windows Defender\\Platform\\4.18.2009.7-0\\MsMpEng.exe"}
{"@timestamp":"2020-10-22T01:54:25.414Z","TimeCreated":"2020-10-22T01:54:25.414Z","QueryName":"statics-marketingsites-eus-ms-com.akamaized.net","ProviderGuid":"{5770385f-c22a-43e0-bf4c-06f5698ffbd9}","UtcTime":"2020-10-22 05:54:24.251","ProcessGuid":"{39e4a257-f138-5f8b-5600-000000000700}","Image":"C:\\ProgramData\\Microsoft\\Windows Defender\\Platform\\4.18.2009.7-0\\MsMpEng.exe","Level":"4","Channel":"Microsoft-Windows-Sysmon/Operational","Task":"22","RuleName":"-","QueryStatus":"9701","SourceName":"Microsoft-Windows-Sysmon","Hostname":"WORKSTATION5","QueryResults":"-","ProcessId":"3408","EventID":22,"Keywords":"0x8000000000000000","Message":"Dns query:\r\nRuleName: -\r\nUtcTime: 2020-10-22 05:54:24.251\r\nProcessGuid: {39e4a257-f138-5f8b-5600-000000000700}\r\nProcessId: 3408\r\nQueryName: statics-marketingsites-eus-ms-com.akamaized.net\r\nQueryStatus: 9701\r\nQueryResults: -\r\nImage: C:\\ProgramData\\Microsoft\\Windows Defender\\Platform\\4.18.2009.7-0\\MsMpEng.exe"}
{"@timestamp":"2020-10-22T01:54:25.414Z","TimeCreated":"2020-10-22T01:54:25.414Z","QueryName":"avatars3.githubusercontent.com","ProviderGuid":"{5770385f-c22a-43e0-bf4c-06f5698ffbd9}","UtcTime":"2020-10-22 05:54:24.252","ProcessGuid":"{39e4a257-f138-5f8b-5600-000000000700}","Image":"C:\\ProgramData\\Microsoft\\Windows Defender\\Platform\\4.18.2009.7-0\\MsMpEng.exe","Level":"4","Channel":"Microsoft-Windows-Sysmon/Operational","Task":"22","RuleName":"-","QueryStatus":"9701","SourceName":"Microsoft-Windows-Sysmon","Hostname":"WORKSTATION5","QueryResults":"-","ProcessId":"3408","EventID":22,"Keywords":"0x8000000000000000","Message":"Dns query:\r\nRuleName: -\r\nUtcTime: 2020-10-22 05:54:24.252\r\nProcessGuid: {39e4a257-f138-5f8b-5600-000000000700}\r\nProcessId: 3408\r\nQueryName: avatars3.githubusercontent.com\r\nQueryStatus: 9701\r\nQueryResults: -\r\nImage: C:\\ProgramData\\Microsoft\\Windows Defender\\Platform\\4.18.2009.7-0\\MsMpEng.exe"}
{"@timestamp":"2020-10-22T01:54:25.414Z","TimeCreated":"2020-10-22T01:54:25.414Z","QueryName":"ef3e41bef433e6c0e02338f2df5c1dea.clo.footprintdns.com","ProviderGuid":"{5770385f-c22a-43e0-bf4c-06f5698ffbd9}","UtcTime":"2020-10-22 05:54:24.252","ProcessGuid":"{39e4a257-f138-5f8b-5600-000000000700}","Image":"C:\\ProgramData\\Microsoft\\Windows Defender\\Platform\\4.18.2009.7-0\\MsMpEng.exe","Level":"4","Channel":"Microsoft-Windows-Sysmon/Operational","Task":"22","RuleName":"-","QueryStatus":"9701","SourceName":"Microsoft-Windows-Sysmon","Hostname":"WORKSTATION5","QueryResults":"-","ProcessId":"3408","EventID":22,"Keywords":"0x8000000000000000","Message":"Dns query:\r\nRuleName: -\r\nUtcTime: 2020-10-22 05:54:24.252\r\nProcessGuid: {39e4a257-f138-5f8b-5600-000000000700}\r\nProcessId: 3408\r\nQueryName: ef3e41bef433e6c0e02338f2df5c1dea.clo.footprintdns.com\r\nQueryStatus: 9701\r\nQueryResults: -\r\nImage: C:\\ProgramData\\Microsoft\\Windows Defender\\Platform\\4.18.2009.7-0\\MsMpEng.exe"}
{"@timestamp":"2020-10-22T01:54:25.414Z","TimeCreated":"2020-10-22T01:54:25.414Z","QueryName":"s.yimg.com","ProviderGuid":"{5770385f-c22a-43e0-bf4c-06f5698ffbd9}","UtcTime":"2020-10-22 05:54:24.252","ProcessGuid":"{39e4a257-f138-5f8b-5600-000000000700}","Image":"C:\\ProgramData\\Microsoft\\Windows Defender\\Platform\\4.18.2009.7-0\\MsMpEng.exe","Level":"4","Channel":"Microsoft-Windows-Sysmon/Operational","Task":"22","RuleName":"-","QueryStatus":"9701","SourceName":"Microsoft-Windows-Sysmon","Hostname":"WORKSTATION5","QueryResults":"-","ProcessId":"3408","EventID":22,"Keywords":"0x8000000000000000","Message":"Dns query:\r\nRuleName: -\r\nUtcTime: 2020-10-22 05:54:24.252\r\nProcessGuid: {39e4a257-f138-5f8b-5600-000000000700}\r\nProcessId: 3408\r\nQueryName: s.yimg.com\r\nQueryStatus: 9701\r\nQueryResults: -\r\nImage: C:\\ProgramData\\Microsoft\\Windows Defender\\Platform\\4.18.2009.7-0\\MsMpEng.exe"}
{"@timestamp":"2020-10-22T01:54:25.414Z","TimeCreated":"2020-10-22T01:54:25.414Z","QueryName":"c1.microsoft.com","ProviderGuid":"{5770385f-c22a-43e0-bf4c-06f5698ffbd9}","UtcTime":"2020-10-22 05:54:24.252","ProcessGuid":"{39e4a257-f138-5f8b-5600-000000000700}","Image":"C:\\ProgramData\\Microsoft\\Windows Defender\\Platform\\4.18.2009.7-0\\MsMpEng.exe","Level":"4","Channel":"Microsoft-Windows-Sysmon/Operational","Task":"22","RuleName":"-","QueryStatus":"9701","SourceName":"Microsoft-Windows-Sysmon","Hostname":"WORKSTATION5","QueryResults":"-","ProcessId":"3408","EventID":22,"Keywords":"0x8000000000000000","Message":"Dns query:\r\nRuleName: -\r\nUtcTime: 2020-10-22 05:54:24.252\r\nProcessGuid: {39e4a257-f138-5f8b-5600-000000000700}\r\nProcessId: 3408\r\nQueryName: c1.microsoft.com\r\nQueryStatus: 9701\r\nQueryResults: -\r\nImage: C:\\ProgramData\\Microsoft\\Windows Defender\\Platform\\4.18.2009.7-0\\MsMpEng.exe"}
{"@timestamp":"2020-10-22T01:54:25.414Z","TimeCreated":"2020-10-22T01:54:25.414Z","QueryName":"target.microsoft.com","ProviderGuid":"{5770385f-c22a-43e0-bf4c-06f5698ffbd9}","UtcTime":"2020-10-22 05:54:24.252","ProcessGuid":"{39e4a257-f138-5f8b-5600-000000000700}","Image":"C:\\ProgramData\\Microsoft\\Windows Defender\\Platform\\4.18.2009.7-0\\MsMpEng.exe","Level":"4","Channel":"Microsoft-Windows-Sysmon/Operational","Task":"22","RuleName":"-","QueryStatus":"9701","SourceName":"Microsoft-Windows-Sysmon","Hostname":"WORKSTATION5","QueryResults":"-","ProcessId":"3408","EventID":22,"Keywords":"0x8000000000000000","Message":"Dns query:\r\nRuleName: -\r\nUtcTime: 2020-10-22 05:54:24.252\r\nProcessGuid: {39e4a257-f138-5f8b-5600-000000000700}\r\nProcessId: 3408\r\nQueryName: target.microsoft.com\r\nQueryStatus: 9701\r\nQueryResults: -\r\nImage: C:\\ProgramData\\Microsoft\\Windows Defender\\Platform\\4.18.2009.7-0\\MsMpEng.exe"}
{"@timestamp":"2020-10-22T01:54:25.414Z","TimeCreated":"2020-10-22T01:54:25.414Z","QueryName":"rtd.tubemogul.com","ProviderGuid":"{5770385f-c22a-43e0-bf4c-06f5698ffbd9}","UtcTime":"2020-10-22 05:54:24.252","ProcessGuid":"{39e4a257-f138-5f8b-5600-000000000700}","Image":"C:\\ProgramData\\Microsoft\\Windows Defender\\Platform\\4.18.2009.7-0\\MsMpEng.exe","Level":"4","Channel":"Microsoft-Windows-Sysmon/Operational","Task":"22","RuleName":"-","QueryStatus":"9701","SourceName":"Microsoft-Windows-Sysmon","Hostname":"WORKSTATION5","QueryResults":"-","ProcessId":"3408","EventID":22,"Keywords":"0x8000000000000000","Message":"Dns query:\r\nRuleName: -\r\nUtcTime: 2020-10-22 05:54:24.252\r\nProcessGuid: {39e4a257-f138-5f8b-5600-000000000700}\r\nProcessId: 3408\r\nQueryName: rtd.tubemogul.com\r\nQueryStatus: 9701\r\nQueryResults: -\r\nImage: C:\\ProgramData\\Microsoft\\Windows Defender\\Platform\\4.18.2009.7-0\\MsMpEng.exe"}
{"@timestamp":"2020-10-22T01:54:25.414Z","TimeCreated":"2020-10-22T01:54:25.414Z","QueryName":"q-ring.msedge.net","ProviderGuid":"{5770385f-c22a-43e0-bf4c-06f5698ffbd9}","UtcTime":"2020-10-22 05:54:24.252","ProcessGuid":"{39e4a257-f138-5f8b-5600-000000000700}","Image":"C:\\ProgramData\\Microsoft\\Windows Defender\\Platform\\4.18.2009.7-0\\MsMpEng.exe","Level":"4","Channel":"Microsoft-Windows-Sysmon/Operational","Task":"22","RuleName":"-","QueryStatus":"9701","SourceName":"Microsoft-Windows-Sysmon","Hostname":"WORKSTATION5","QueryResults":"-","ProcessId":"3408","EventID":22,"Keywords":"0x8000000000000000","Message":"Dns query:\r\nRuleName: -\r\nUtcTime: 2020-10-22 05:54:24.252\r\nProcessGuid: {39e4a257-f138-5f8b-5600-000000000700}\r\nProcessId: 3408\r\nQueryName: q-ring.msedge.net\r\nQueryStatus: 9701\r\nQueryResults: -\r\nImage: C:\\ProgramData\\Microsoft\\Windows Defender\\Platform\\4.18.2009.7-0\\MsMpEng.exe"}
{"@timestamp":"2020-10-22T01:54:25.414Z","TimeCreated":"2020-10-22T01:54:25.414Z","QueryName":"maps.windows.com","ProviderGuid":"{5770385f-c22a-43e0-bf4c-06f5698ffbd9}","UtcTime":"2020-10-22 05:54:24.253","ProcessGuid":"{39e4a257-f138-5f8b-5600-000000000700}","Image":"C:\\ProgramData\\Microsoft\\Windows Defender\\Platform\\4.18.2009.7-0\\MsMpEng.exe","Level":"4","Channel":"Microsoft-Windows-Sysmon/Operational","Task":"22","RuleName":"-","QueryStatus":"9701","SourceName":"Microsoft-Windows-Sysmon","Hostname":"WORKSTATION5","QueryResults":"-","ProcessId":"3408","EventID":22,"Keywords":"0x8000000000000000","Message":"Dns query:\r\nRuleName: -\r\nUtcTime: 2020-10-22 05:54:24.253\r\nProcessGuid: {39e4a257-f138-5f8b-5600-000000000700}\r\nProcessId: 3408\r\nQueryName: maps.windows.com\r\nQueryStatus: 9701\r\nQueryResults: -\r\nImage: C:\\ProgramData\\Microsoft\\Windows Defender\\Platform\\4.18.2009.7-0\\MsMpEng.exe"}
{"@timestamp":"2020-10-22T01:54:25.414Z","TimeCreated":"2020-10-22T01:54:25.414Z","QueryName":"ocsp.rootg2.amazontrust.com","ProviderGuid":"{5770385f-c22a-43e0-bf4c-06f5698ffbd9}","UtcTime":"2020-10-22 05:54:24.253","ProcessGuid":"{39e4a257-f138-5f8b-5600-000000000700}","Image":"C:\\ProgramData\\Microsoft\\Windows Defender\\Platform\\4.18.2009.7-0\\MsMpEng.exe","Level":"4","Channel":"Microsoft-Windows-Sysmon/Operational","Task":"22","RuleName":"-","QueryStatus":"9701","SourceName":"Microsoft-Windows-Sysmon","Hostname":"WORKSTATION5","QueryResults":"-","ProcessId":"3408","EventID":22,"Keywords":"0x8000000000000000","Message":"Dns query:\r\nRuleName: -\r\nUtcTime: 2020-10-22 05:54:24.253\r\nProcessGuid: {39e4a257-f138-5f8b-5600-000000000700}\r\nProcessId: 3408\r\nQueryName: ocsp.rootg2.amazontrust.com\r\nQueryStatus: 9701\r\nQueryResults: -\r\nImage: C:\\ProgramData\\Microsoft\\Windows Defender\\Platform\\4.18.2009.7-0\\MsMpEng.exe"}
{"@timestamp":"2020-10-22T01:54:25.414Z","TimeCreated":"2020-10-22T01:54:25.414Z","QueryName":"dpm.demdex.net","ProviderGuid":"{5770385f-c22a-43e0-bf4c-06f5698ffbd9}","UtcTime":"2020-10-22 05:54:24.253","ProcessGuid":"{39e4a257-f138-5f8b-5600-000000000700}","Image":"C:\\ProgramData\\Microsoft\\Windows Defender\\Platform\\4.18.2009.7-0\\MsMpEng.exe","Level":"4","Channel":"Microsoft-Windows-Sysmon/Operational","Task":"22","RuleName":"-","QueryStatus":"9701","SourceName":"Microsoft-Windows-Sysmon","Hostname":"WORKSTATION5","QueryResults":"-","ProcessId":"3408","EventID":22,"Keywords":"0x8000000000000000","Message":"Dns query:\r\nRuleName: -\r\nUtcTime: 2020-10-22 05:54:24.253\r\nProcessGuid: {39e4a257-f138-5f8b-5600-000000000700}\r\nProcessId: 3408\r\nQueryName: dpm.demdex.net\r\nQueryStatus: 9701\r\nQueryResults: -\r\nImage: C:\\ProgramData\\Microsoft\\Windows Defender\\Platform\\4.18.2009.7-0\\MsMpEng.exe"}
{"@timestamp":"2020-10-22T01:54:25.414Z","TimeCreated":"2020-10-22T01:54:25.414Z","QueryName":"triplelift-match.dotomi.com","ProviderGuid":"{5770385f-c22a-43e0-bf4c-06f5698ffbd9}","UtcTime":"2020-10-22 05:54:24.253","ProcessGuid":"{39e4a257-f138-5f8b-5600-000000000700}","Image":"C:\\ProgramData\\Microsoft\\Windows Defender\\Platform\\4.18.2009.7-0\\MsMpEng.exe","Level":"4","Channel":"Microsoft-Windows-Sysmon/Operational","Task":"22","RuleName":"-","QueryStatus":"9701","SourceName":"Microsoft-Windows-Sysmon","Hostname":"WORKSTATION5","QueryResults":"-","ProcessId":"3408","EventID":22,"Keywords":"0x8000000000000000","Message":"Dns query:\r\nRuleName: -\r\nUtcTime: 2020-10-22 05:54:24.253\r\nProcessGuid: {39e4a257-f138-5f8b-5600-000000000700}\r\nProcessId: 3408\r\nQueryName: triplelift-match.dotomi.com\r\nQueryStatus: 9701\r\nQueryResults: -\r\nImage: C:\\ProgramData\\Microsoft\\Windows Defender\\Platform\\4.18.2009.7-0\\MsMpEng.exe"}
{"@timestamp":"2020-10-22T01:54:25.414Z","TimeCreated":"2020-10-22T01:54:25.414Z","QueryName":"download.sysinternals.com","ProviderGuid":"{5770385f-c22a-43e0-bf4c-06f5698ffbd9}","UtcTime":"2020-10-22 05:54:24.253","ProcessGuid":"{39e4a257-f138-5f8b-5600-000000000700}","Image":"C:\\ProgramData\\Microsoft\\Windows Defender\\Platform\\4.18.2009.7-0\\MsMpEng.exe","Level":"4","Channel":"Microsoft-Windows-Sysmon/Operational","Task":"22","RuleName":"-","QueryStatus":"9701","SourceName":"Microsoft-Windows-Sysmon","Hostname":"WORKSTATION5","QueryResults":"-","ProcessId":"3408","EventID":22,"Keywords":"0x8000000000000000","Message":"Dns query:\r\nRuleName: -\r\nUtcTime: 2020-10-22 05:54:24.253\r\nProcessGuid: {39e4a257-f138-5f8b-5600-000000000700}\r\nProcessId: 3408\r\nQueryName: download.sysinternals.com\r\nQueryStatus: 9701\r\nQueryResults: -\r\nImage: C:\\ProgramData\\Microsoft\\Windows Defender\\Platform\\4.18.2009.7-0\\MsMpEng.exe"}
{"@timestamp":"2020-10-22T01:54:25.415Z","TimeCreated":"2020-10-22T01:54:25.415Z","QueryName":"rum8.perf.linkedin.com","ProviderGuid":"{5770385f-c22a-43e0-bf4c-06f5698ffbd9}","UtcTime":"2020-10-22 05:54:24.253","ProcessGuid":"{39e4a257-f138-5f8b-5600-000000000700}","Image":"C:\\ProgramData\\Microsoft\\Windows Defender\\Platform\\4.18.2009.7-0\\MsMpEng.exe","Level":"4","Channel":"Microsoft-Windows-Sysmon/Operational","Task":"22","RuleName":"-","QueryStatus":"9701","SourceName":"Microsoft-Windows-Sysmon","Hostname":"WORKSTATION5","QueryResults":"-","ProcessId":"3408","EventID":22,"Keywords":"0x8000000000000000","Message":"Dns query:\r\nRuleName: -\r\nUtcTime: 2020-10-22 05:54:24.253\r\nProcessGuid: {39e4a257-f138-5f8b-5600-000000000700}\r\nProcessId: 3408\r\nQueryName: rum8.perf.linkedin.com\r\nQueryStatus: 9701\r\nQueryResults: -\r\nImage: C:\\ProgramData\\Microsoft\\Windows Defender\\Platform\\4.18.2009.7-0\\MsMpEng.exe"}
{"@timestamp":"2020-10-22T01:54:25.415Z","TimeCreated":"2020-10-22T01:54:25.415Z","QueryName":"otf.msn.com","ProviderGuid":"{5770385f-c22a-43e0-bf4c-06f5698ffbd9}","UtcTime":"2020-10-22 05:54:24.254","ProcessGuid":"{39e4a257-f138-5f8b-5600-000000000700}","Image":"C:\\ProgramData\\Microsoft\\Windows Defender\\Platform\\4.18.2009.7-0\\MsMpEng.exe","Level":"4","Channel":"Microsoft-Windows-Sysmon/Operational","Task":"22","RuleName":"-","QueryStatus":"9701","SourceName":"Microsoft-Windows-Sysmon","Hostname":"WORKSTATION5","QueryResults":"-","ProcessId":"3408","EventID":22,"Keywords":"0x8000000000000000","Message":"Dns query:\r\nRuleName: -\r\nUtcTime: 2020-10-22 05:54:24.254\r\nProcessGuid: {39e4a257-f138-5f8b-5600-000000000700}\r\nProcessId: 3408\r\nQueryName: otf.msn.com\r\nQueryStatus: 9701\r\nQueryResults: -\r\nImage: C:\\ProgramData\\Microsoft\\Windows Defender\\Platform\\4.18.2009.7-0\\MsMpEng.exe"}
{"@timestamp":"2020-10-22T01:54:25.415Z","TimeCreated":"2020-10-22T01:54:25.415Z","QueryName":"fp-vs-nocache.azureedge.net","ProviderGuid":"{5770385f-c22a-43e0-bf4c-06f5698ffbd9}","UtcTime":"2020-10-22 05:54:24.254","ProcessGuid":"{39e4a257-f138-5f8b-5600-000000000700}","Image":"C:\\ProgramData\\Microsoft\\Windows Defender\\Platform\\4.18.2009.7-0\\MsMpEng.exe","Level":"4","Channel":"Microsoft-Windows-Sysmon/Operational","Task":"22","RuleName":"-","QueryStatus":"9701","SourceName":"Microsoft-Windows-Sysmon","Hostname":"WORKSTATION5","QueryResults":"-","ProcessId":"3408","EventID":22,"Keywords":"0x8000000000000000","Message":"Dns query:\r\nRuleName: -\r\nUtcTime: 2020-10-22 05:54:24.254\r\nProcessGuid: {39e4a257-f138-5f8b-5600-000000000700}\r\nProcessId: 3408\r\nQueryName: fp-vs-nocache.azureedge.net\r\nQueryStatus: 9701\r\nQueryResults: -\r\nImage: C:\\ProgramData\\Microsoft\\Windows Defender\\Platform\\4.18.2009.7-0\\MsMpEng.exe"}
{"@timestamp":"2020-10-22T01:54:25.415Z","TimeCreated":"2020-10-22T01:54:25.415Z","QueryName":"fp-afd.azurefd.us","ProviderGuid":"{5770385f-c22a-43e0-bf4c-06f5698ffbd9}","UtcTime":"2020-10-22 05:54:24.254","ProcessGuid":"{39e4a257-f138-5f8b-5600-000000000700}","Image":"C:\\ProgramData\\Microsoft\\Windows Defender\\Platform\\4.18.2009.7-0\\MsMpEng.exe","Level":"4","Channel":"Microsoft-Windows-Sysmon/Operational","Task":"22","RuleName":"-","QueryStatus":"9701","SourceName":"Microsoft-Windows-Sysmon","Hostname":"WORKSTATION5","QueryResults":"-","ProcessId":"3408","EventID":22,"Keywords":"0x8000000000000000","Message":"Dns query:\r\nRuleName: -\r\nUtcTime: 2020-10-22 05:54:24.254\r\nProcessGuid: {39e4a257-f138-5f8b-5600-000000000700}\r\nProcessId: 3408\r\nQueryName: fp-afd.azurefd.us\r\nQueryStatus: 9701\r\nQueryResults: -\r\nImage: C:\\ProgramData\\Microsoft\\Windows Defender\\Platform\\4.18.2009.7-0\\MsMpEng.exe"}
{"@timestamp":"2020-10-22T01:54:25.415Z","TimeCreated":"2020-10-22T01:54:25.415Z","QueryName":"ieonline.microsoft.com","ProviderGuid":"{5770385f-c22a-43e0-bf4c-06f5698ffbd9}","UtcTime":"2020-10-22 05:54:24.254","ProcessGuid":"{39e4a257-f138-5f8b-5600-000000000700}","Image":"C:\\ProgramData\\Microsoft\\Windows Defender\\Platform\\4.18.2009.7-0\\MsMpEng.exe","Level":"4","Channel":"Microsoft-Windows-Sysmon/Operational","Task":"22","RuleName":"-","QueryStatus":"9701","SourceName":"Microsoft-Windows-Sysmon","Hostname":"WORKSTATION5","QueryResults":"-","ProcessId":"3408","EventID":22,"Keywords":"0x8000000000000000","Message":"Dns query:\r\nRuleName: -\r\nUtcTime: 2020-10-22 05:54:24.254\r\nProcessGuid: {39e4a257-f138-5f8b-5600-000000000700}\r\nProcessId: 3408\r\nQueryName: ieonline.microsoft.com\r\nQueryStatus: 9701\r\nQueryResults: -\r\nImage: C:\\ProgramData\\Microsoft\\Windows Defender\\Platform\\4.18.2009.7-0\\MsMpEng.exe"}
