{"GrantedAccess":"0x1000","@timestamp":"2020-10-22T01:54:26.198Z","TimeCreated":"2020-10-22T01:54:26.198Z","SourceThreadId":"1060","SourceImage":"C:\\windows\\system32\\svchost.exe","ProviderGuid":"{5770385f-c22a-43e0-bf4c-06f5698ffbd9}","CallTrace":"C:\\windows\\SYSTEM32\\ntdll.dll+9c584|C:\\windows\\SYSTEM32\\psmserviceexthost.dll+222a3|C:\\windows\\SYSTEM32\\psmserviceexthost.dll+37ea0|C:\\windows\\SYSTEM32\\psmserviceexthost.dll+37929|C:\\windows\\SYSTEM32\\psmserviceexthost.dll+686f8|C:\\windows\\SYSTEM32\\psmserviceexthost.dll+6e84a|C:\\windows\\SYSTEM32\\psmserviceexthost.dll+6f700|C:\\windows\\SYSTEM32\\psmserviceexthost.dll+34be4|C:\\windows\\SYSTEM32\\psmserviceexthost.dll+6f63e|C:\\windows\\SYSTEM32\\psmserviceexthost.dll+713b5|C:\\windows\\SYSTEM32\\psmserviceexthost.dll+50bda|C:\\windows\\SYSTEM32\\psmserviceexthost.dll+4500a|C:\\windows\\System32\\KERNEL32.DLL+17c24|C:\\windows\\SYSTEM32\\ntdll.dll+6cea1","UtcTime":"2020-10-22 05:54:26.196","TargetProcessGUID":"{39e4a257-1e6e-5f91-c912-000000000700}","SourceProcessId":"944","Level":"4","Channel":"Microsoft-Windows-Sysmon/Operational","Task":"10","RuleName":"-","SourceName":"Microsoft-Windows-Sysmon","Hostname":"WORKSTATION5","SourceProcessGUID":"{39e4a257-f132-5f8b-1000-000000000700}","TargetProcessId":"8792","EventID":10,"Keywords":"0x8000000000000000","TargetImage":"C:\\windows\\system32\\backgroundTaskHost.exe","Message":"Process accessed:\r\nRuleName: -\r\nUtcTime: 2020-10-22 05:54:26.196\r\nSourceProcessGUID: {39e4a257-f132-5f8b-1000-000000000700}\r\nSourceProcessId: 944\r\nSourceThreadId: 1060\r\nSourceImage: C:\\windows\\system32\\svchost.exe\r\nTargetProcessGUID: {39e4a257-1e6e-5f91-c912-000000000700}\r\nTargetProcessId: 8792\r\nTargetImage: C:\\windows\\system32\\backgroundTaskHost.exe\r\nGrantedAccess: 0x1000\r\nCallTrace: C:\\windows\\SYSTEM32\\ntdll.dll+9c584|C:\\windows\\SYSTEM32\\psmserviceexthost.dll+222a3|C:\\windows\\SYSTEM32\\psmserviceexthost.dll+37ea0|C:\\windows\\SYSTEM32\\psmserviceexthost.dll+37929|C:\\windows\\SYSTEM32\\psmserviceexthost.dll+686f8|C:\\windows\\SYSTEM32\\psmserviceexthost.dll+6e84a|C:\\windows\\SYSTEM32\\psmserviceexthost.dll+6f700|C:\\windows\\SYSTEM32\\psmserviceexthost.dll+34be4|C:\\windows\\SYSTEM32\\psmserviceexthost.dll+6f63e|C:\\windows\\SYSTEM32\\psmserviceexthost.dll+713b5|C:\\windows\\SYSTEM32\\psmserviceexthost.dll+50bda|C:\\windows\\SYSTEM32\\psmserviceexthost.dll+4500a|C:\\windows\\System32\\KERNEL32.DLL+17c24|C:\\windows\\SYSTEM32\\ntdll.dll+6cea1"}
{"GrantedAccess":"0x2000","@timestamp":"2020-10-22T01:54:26.260Z","TimeCreated":"2020-10-22T01:54:26.260Z","SourceThreadId":"10760","SourceImage":"C:\\windows\\Explorer.EXE","ProviderGuid":"{5770385f-c22a-43e0-bf4c-06f5698ffbd9}","CallTrace":"C:\\windows\\SYSTEM32\\ntdll.dll+9c584|C:\\windows\\System32\\KERNELBASE.dll+305fe|C:\\windows\\system32\\twinui.dll+72a89|C:\\windows\\SYSTEM32\\ntdll.dll+30729|C:\\windows\\SYSTEM32\\ntdll.dll+345b4|C:\\windows\\System32\\KERNEL32.DLL+17c24|C:\\windows\\SYSTEM32\\ntdll.dll+6cea1","UtcTime":"2020-10-22 05:54:26.259","TargetProcessGUID":"{39e4a257-f247-5f8b-d300-000000000700}","SourceProcessId":"1072","Level":"4","Channel":"Microsoft-Windows-Sysmon/Operational","Task":"10","RuleName":"-","SourceName":"Microsoft-Windows-Sysmon","Hostname":"WORKSTATION5","SourceProcessGUID":"{39e4a257-f1b3-5f8b-a700-000000000700}","TargetProcessId":"4368","EventID":10,"Keywords":"0x8000000000000000","TargetImage":"C:\\Windows\\SystemApps\\InputApp_cw5n1h2txyewy\\WindowsInternal.ComposableShell.Experiences.TextInput.InputApp.exe","Message":"Process accessed:\r\nRuleName: -\r\nUtcTime: 2020-10-22 05:54:26.259\r\nSourceProcessGUID: {39e4a257-f1b3-5f8b-a700-000000000700}\r\nSourceProcessId: 1072\r\nSourceThreadId: 10760\r\nSourceImage: C:\\windows\\Explorer.EXE\r\nTargetProcessGUID: {39e4a257-f247-5f8b-d300-000000000700}\r\nTargetProcessId: 4368\r\nTargetImage: C:\\Windows\\SystemApps\\InputApp_cw5n1h2txyewy\\WindowsInternal.ComposableShell.Experiences.TextInput.InputApp.exe\r\nGrantedAccess: 0x2000\r\nCallTrace: C:\\windows\\SYSTEM32\\ntdll.dll+9c584|C:\\windows\\System32\\KERNELBASE.dll+305fe|C:\\windows\\system32\\twinui.dll+72a89|C:\\windows\\SYSTEM32\\ntdll.dll+30729|C:\\windows\\SYSTEM32\\ntdll.dll+345b4|C:\\windows\\System32\\KERNEL32.DLL+17c24|C:\\windows\\SYSTEM32\\ntdll.dll+6cea1"}
{"GrantedAccess":"0x2000","@timestamp":"2020-10-22T01:54:26.260Z","TimeCreated":"2020-10-22T01:54:26.260Z","SourceThreadId":"10760","SourceImage":"C:\\windows\\Explorer.EXE","ProviderGuid":"{5770385f-c22a-43e0-bf4c-06f5698ffbd9}","CallTrace":"C:\\windows\\SYSTEM32\\ntdll.dll+9c584|C:\\windows\\System32\\KERNELBASE.dll+305fe|C:\\windows\\system32\\twinui.dll+72a89|C:\\windows\\SYSTEM32\\ntdll.dll+30729|C:\\windows\\SYSTEM32\\ntdll.dll+345b4|C:\\windows\\System32\\KERNEL32.DLL+17c24|C:\\windows\\SYSTEM32\\ntdll.dll+6cea1","UtcTime":"2020-10-22 05:54:26.259","TargetProcessGUID":"{39e4a257-1e90-5f91-cc12-000000000700}","SourceProcessId":"1072","Level":"4","Channel":"Microsoft-Windows-Sysmon/Operational","Task":"10","RuleName":"-","SourceName":"Microsoft-Windows-Sysmon","Hostname":"WORKSTATION5","SourceProcessGUID":"{39e4a257-f1b3-5f8b-a700-000000000700}","TargetProcessId":"9996","EventID":10,"Keywords":"0x8000000000000000","TargetImage":"c:\\windows\\system32\\cmd.exe","Message":"Process accessed:\r\nRuleName: -\r\nUtcTime: 2020-10-22 05:54:26.259\r\nSourceProcessGUID: {39e4a257-f1b3-5f8b-a700-000000000700}\r\nSourceProcessId: 1072\r\nSourceThreadId: 10760\r\nSourceImage: C:\\windows\\Explorer.EXE\r\nTargetProcessGUID: {39e4a257-1e90-5f91-cc12-000000000700}\r\nTargetProcessId: 9996\r\nTargetImage: c:\\windows\\system32\\cmd.exe\r\nGrantedAccess: 0x2000\r\nCallTrace: C:\\windows\\SYSTEM32\\ntdll.dll+9c584|C:\\windows\\System32\\KERNELBASE.dll+305fe|C:\\windows\\system32\\twinui.dll+72a89|C:\\windows\\SYSTEM32\\ntdll.dll+30729|C:\\windows\\SYSTEM32\\ntdll.dll+345b4|C:\\windows\\System32\\KERNEL32.DLL+17c24|C:\\windows\\SYSTEM32\\ntdll.dll+6cea1"}
{"GrantedAccess":"0x2000","@timestamp":"2020-10-22T01:54:26.260Z","TimeCreated":"2020-10-22T01:54:26.260Z","SourceThreadId":"10760","SourceImage":"C:\\windows\\Explorer.EXE","ProviderGuid":"{5770385f-c22a-43e0-bf4c-06f5698ffbd9}","CallTrace":"C:\\windows\\SYSTEM32\\ntdll.dll+9c584|C:\\windows\\System32\\KERNELBASE.dll+305fe|C:\\windows\\system32\\twinui.dll+72a89|C:\\windows\\SYSTEM32\\ntdll.dll+30729|C:\\windows\\SYSTEM32\\ntdll.dll+345b4|C:\\windows\\System32\\KERNEL32.DLL+17c24|C:\\windows\\SYSTEM32\\ntdll.dll+6cea1","UtcTime":"2020-10-22 05:54:26.259","TargetProcessGUID":"{39e4a257-f1cd-5f8b-c400-000000000700}","SourceProcessId":"1072","Level":"4","Channel":"Microsoft-Windows-Sysmon/Operational","Task":"10","RuleName":"-","SourceName":"Microsoft-Windows-Sysmon","Hostname":"WORKSTATION5","SourceProcessGUID":"{39e4a257-f1b3-5f8b-a700-000000000700}","TargetProcessId":"7652","EventID":10,"Keywords":"0x8000000000000000","TargetImage":"C:\\Windows\\System32\\WindowsPowerShell\\v1.0\\powershell.exe","Message":"Process accessed:\r\nRuleName: -\r\nUtcTime: 2020-10-22 05:54:26.259\r\nSourceProcessGUID: {39e4a257-f1b3-5f8b-a700-000000000700}\r\nSourceProcessId: 1072\r\nSourceThreadId: 10760\r\nSourceImage: C:\\windows\\Explorer.EXE\r\nTargetProcessGUID: {39e4a257-f1cd-5f8b-c400-000000000700}\r\nTargetProcessId: 7652\r\nTargetImage: C:\\Windows\\System32\\WindowsPowerShell\\v1.0\\powershell.exe\r\nGrantedAccess: 0x2000\r\nCallTrace: C:\\windows\\SYSTEM32\\ntdll.dll+9c584|C:\\windows\\System32\\KERNELBASE.dll+305fe|C:\\windows\\system32\\twinui.dll+72a89|C:\\windows\\SYSTEM32\\ntdll.dll+30729|C:\\windows\\SYSTEM32\\ntdll.dll+345b4|C:\\windows\\System32\\KERNEL32.DLL+17c24|C:\\windows\\SYSTEM32\\ntdll.dll+6cea1"}
{"GrantedAccess":"0x2000","@timestamp":"2020-10-22T01:54:26.260Z","TimeCreated":"2020-10-22T01:54:26.260Z","SourceThreadId":"10760","SourceImage":"C:\\windows\\Explorer.EXE","ProviderGuid":"{5770385f-c22a-43e0-bf4c-06f5698ffbd9}","CallTrace":"C:\\windows\\SYSTEM32\\ntdll.dll+9c584|C:\\windows\\System32\\KERNELBASE.dll+305fe|C:\\windows\\system32\\twinui.dll+72a89|C:\\windows\\SYSTEM32\\ntdll.dll+30729|C:\\windows\\SYSTEM32\\ntdll.dll+345b4|C:\\windows\\System32\\KERNEL32.DLL+17c24|C:\\windows\\SYSTEM32\\ntdll.dll+6cea1","UtcTime":"2020-10-22 05:54:26.259","TargetProcessGUID":"{39e4a257-1e6c-5f91-c712-000000000700}","SourceProcessId":"1072","Level":"4","Channel":"Microsoft-Windows-Sysmon/Operational","Task":"10","RuleName":"-","SourceName":"Microsoft-Windows-Sysmon","Hostname":"WORKSTATION5","SourceProcessGUID":"{39e4a257-f1b3-5f8b-a700-000000000700}","TargetProcessId":"6708","EventID":10,"Keywords":"0x8000000000000000","TargetImage":"C:\\Windows\\System32\\WindowsPowerShell\\v1.0\\powershell.exe","Message":"Process accessed:\r\nRuleName: -\r\nUtcTime: 2020-10-22 05:54:26.259\r\nSourceProcessGUID: {39e4a257-f1b3-5f8b-a700-000000000700}\r\nSourceProcessId: 1072\r\nSourceThreadId: 10760\r\nSourceImage: C:\\windows\\Explorer.EXE\r\nTargetProcessGUID: {39e4a257-1e6c-5f91-c712-000000000700}\r\nTargetProcessId: 6708\r\nTargetImage: C:\\Windows\\System32\\WindowsPowerShell\\v1.0\\powershell.exe\r\nGrantedAccess: 0x2000\r\nCallTrace: C:\\windows\\SYSTEM32\\ntdll.dll+9c584|C:\\windows\\System32\\KERNELBASE.dll+305fe|C:\\windows\\system32\\twinui.dll+72a89|C:\\windows\\SYSTEM32\\ntdll.dll+30729|C:\\windows\\SYSTEM32\\ntdll.dll+345b4|C:\\windows\\System32\\KERNEL32.DLL+17c24|C:\\windows\\SYSTEM32\\ntdll.dll+6cea1"}
{"@timestamp":"2020-10-22T01:54:26.384Z","TimeCreated":"2020-10-22T01:54:26.384Z","QueryName":"msn.lockerdome.com","ProviderGuid":"{5770385f-c22a-43e0-bf4c-06f5698ffbd9}","UtcTime":"2020-10-22 05:54:24.262","ProcessGuid":"{39e4a257-f138-5f8b-5600-000000000700}","Image":"C:\\ProgramData\\Microsoft\\Windows Defender\\Platform\\4.18.2009.7-0\\MsMpEng.exe","Level":"4","Channel":"Microsoft-Windows-Sysmon/Operational","Task":"22","RuleName":"-","QueryStatus":"9701","SourceName":"Microsoft-Windows-Sysmon","Hostname":"WORKSTATION5","QueryResults":"-","ProcessId":"3408","EventID":22,"Keywords":"0x8000000000000000","Message":"Dns query:\r\nRuleName: -\r\nUtcTime: 2020-10-22 05:54:24.262\r\nProcessGuid: {39e4a257-f138-5f8b-5600-000000000700}\r\nProcessId: 3408\r\nQueryName: msn.lockerdome.com\r\nQueryStatus: 9701\r\nQueryResults: -\r\nImage: C:\\ProgramData\\Microsoft\\Windows Defender\\Platform\\4.18.2009.7-0\\MsMpEng.exe"}
{"@timestamp":"2020-10-22T01:54:26.384Z","TimeCreated":"2020-10-22T01:54:26.384Z","QueryName":"lg3.media.net","ProviderGuid":"{5770385f-c22a-43e0-bf4c-06f5698ffbd9}","UtcTime":"2020-10-22 05:54:24.262","ProcessGuid":"{39e4a257-f138-5f8b-5600-000000000700}","Image":"C:\\ProgramData\\Microsoft\\Windows Defender\\Platform\\4.18.2009.7-0\\MsMpEng.exe","Level":"4","Channel":"Microsoft-Windows-Sysmon/Operational","Task":"22","RuleName":"-","QueryStatus":"9701","SourceName":"Microsoft-Windows-Sysmon","Hostname":"WORKSTATION5","QueryResults":"-","ProcessId":"3408","EventID":22,"Keywords":"0x8000000000000000","Message":"Dns query:\r\nRuleName: -\r\nUtcTime: 2020-10-22 05:54:24.262\r\nProcessGuid: {39e4a257-f138-5f8b-5600-000000000700}\r\nProcessId: 3408\r\nQueryName: lg3.media.net\r\nQueryStatus: 9701\r\nQueryResults: -\r\nImage: C:\\ProgramData\\Microsoft\\Windows Defender\\Platform\\4.18.2009.7-0\\MsMpEng.exe"}
{"@timestamp":"2020-10-22T01:54:26.384Z","TimeCreated":"2020-10-22T01:54:26.384Z","QueryName":"ocsp.globalsign.com","ProviderGuid":"{5770385f-c22a-43e0-bf4c-06f5698ffbd9}","UtcTime":"2020-10-22 05:54:24.263","ProcessGuid":"{39e4a257-f138-5f8b-5600-000000000700}","Image":"C:\\ProgramData\\Microsoft\\Windows Defender\\Platform\\4.18.2009.7-0\\MsMpEng.exe","Level":"4","Channel":"Microsoft-Windows-Sysmon/Operational","Task":"22","RuleName":"-","QueryStatus":"9701","SourceName":"Microsoft-Windows-Sysmon","Hostname":"WORKSTATION5","QueryResults":"-","ProcessId":"3408","EventID":22,"Keywords":"0x8000000000000000","Message":"Dns query:\r\nRuleName: -\r\nUtcTime: 2020-10-22 05:54:24.263\r\nProcessGuid: {39e4a257-f138-5f8b-5600-000000000700}\r\nProcessId: 3408\r\nQueryName: ocsp.globalsign.com\r\nQueryStatus: 9701\r\nQueryResults: -\r\nImage: C:\\ProgramData\\Microsoft\\Windows Defender\\Platform\\4.18.2009.7-0\\MsMpEng.exe"}
{"@timestamp":"2020-10-22T01:54:26.384Z","TimeCreated":"2020-10-22T01:54:26.384Z","QueryName":"beacon.krxd.net","ProviderGuid":"{5770385f-c22a-43e0-bf4c-06f5698ffbd9}","UtcTime":"2020-10-22 05:54:24.263","ProcessGuid":"{39e4a257-f138-5f8b-5600-000000000700}","Image":"C:\\ProgramData\\Microsoft\\Windows Defender\\Platform\\4.18.2009.7-0\\MsMpEng.exe","Level":"4","Channel":"Microsoft-Windows-Sysmon/Operational","Task":"22","RuleName":"-","QueryStatus":"9701","SourceName":"Microsoft-Windows-Sysmon","Hostname":"WORKSTATION5","QueryResults":"-","ProcessId":"3408","EventID":22,"Keywords":"0x8000000000000000","Message":"Dns query:\r\nRuleName: -\r\nUtcTime: 2020-10-22 05:54:24.263\r\nProcessGuid: {39e4a257-f138-5f8b-5600-000000000700}\r\nProcessId: 3408\r\nQueryName: beacon.krxd.net\r\nQueryStatus: 9701\r\nQueryResults: -\r\nImage: C:\\ProgramData\\Microsoft\\Windows Defender\\Platform\\4.18.2009.7-0\\MsMpEng.exe"}
{"@timestamp":"2020-10-22T01:54:26.384Z","TimeCreated":"2020-10-22T01:54:26.384Z","QueryName":"pixel.quantserve.com","ProviderGuid":"{5770385f-c22a-43e0-bf4c-06f5698ffbd9}","UtcTime":"2020-10-22 05:54:24.263","ProcessGuid":"{39e4a257-f138-5f8b-5600-000000000700}","Image":"C:\\ProgramData\\Microsoft\\Windows Defender\\Platform\\4.18.2009.7-0\\MsMpEng.exe","Level":"4","Channel":"Microsoft-Windows-Sysmon/Operational","Task":"22","RuleName":"-","QueryStatus":"9701","SourceName":"Microsoft-Windows-Sysmon","Hostname":"WORKSTATION5","QueryResults":"-","ProcessId":"3408","EventID":22,"Keywords":"0x8000000000000000","Message":"Dns query:\r\nRuleName: -\r\nUtcTime: 2020-10-22 05:54:24.263\r\nProcessGuid: {39e4a257-f138-5f8b-5600-000000000700}\r\nProcessId: 3408\r\nQueryName: pixel.quantserve.com\r\nQueryStatus: 9701\r\nQueryResults: -\r\nImage: C:\\ProgramData\\Microsoft\\Windows Defender\\Platform\\4.18.2009.7-0\\MsMpEng.exe"}
{"@timestamp":"2020-10-22T01:54:26.384Z","TimeCreated":"2020-10-22T01:54:26.384Z","QueryName":"www.linkedin.com","ProviderGuid":"{5770385f-c22a-43e0-bf4c-06f5698ffbd9}","UtcTime":"2020-10-22 05:54:24.263","ProcessGuid":"{39e4a257-f138-5f8b-5600-000000000700}","Image":"C:\\ProgramData\\Microsoft\\Windows Defender\\Platform\\4.18.2009.7-0\\MsMpEng.exe","Level":"4","Channel":"Microsoft-Windows-Sysmon/Operational","Task":"22","RuleName":"-","QueryStatus":"9701","SourceName":"Microsoft-Windows-Sysmon","Hostname":"WORKSTATION5","QueryResults":"-","ProcessId":"3408","EventID":22,"Keywords":"0x8000000000000000","Message":"Dns query:\r\nRuleName: -\r\nUtcTime: 2020-10-22 05:54:24.263\r\nProcessGuid: {39e4a257-f138-5f8b-5600-000000000700}\r\nProcessId: 3408\r\nQueryName: www.linkedin.com\r\nQueryStatus: 9701\r\nQueryResults: -\r\nImage: C:\\ProgramData\\Microsoft\\Windows Defender\\Platform\\4.18.2009.7-0\\MsMpEng.exe"}
{"@timestamp":"2020-10-22T01:54:26.384Z","TimeCreated":"2020-10-22T01:54:26.384Z","QueryName":"b.gemini.yahoo.com","ProviderGuid":"{5770385f-c22a-43e0-bf4c-06f5698ffbd9}","UtcTime":"2020-10-22 05:54:24.263","ProcessGuid":"{39e4a257-f138-5f8b-5600-000000000700}","Image":"C:\\ProgramData\\Microsoft\\Windows Defender\\Platform\\4.18.2009.7-0\\MsMpEng.exe","Level":"4","Channel":"Microsoft-Windows-Sysmon/Operational","Task":"22","RuleName":"-","QueryStatus":"9701","SourceName":"Microsoft-Windows-Sysmon","Hostname":"WORKSTATION5","QueryResults":"-","ProcessId":"3408","EventID":22,"Keywords":"0x8000000000000000","Message":"Dns query:\r\nRuleName: -\r\nUtcTime: 2020-10-22 05:54:24.263\r\nProcessGuid: {39e4a257-f138-5f8b-5600-000000000700}\r\nProcessId: 3408\r\nQueryName: b.gemini.yahoo.com\r\nQueryStatus: 9701\r\nQueryResults: -\r\nImage: C:\\ProgramData\\Microsoft\\Windows Defender\\Platform\\4.18.2009.7-0\\MsMpEng.exe"}
{"@timestamp":"2020-10-22T01:54:26.384Z","TimeCreated":"2020-10-22T01:54:26.384Z","QueryName":"c.msn.com","ProviderGuid":"{5770385f-c22a-43e0-bf4c-06f5698ffbd9}","UtcTime":"2020-10-22 05:54:24.264","ProcessGuid":"{39e4a257-f138-5f8b-5600-000000000700}","Image":"C:\\ProgramData\\Microsoft\\Windows Defender\\Platform\\4.18.2009.7-0\\MsMpEng.exe","Level":"4","Channel":"Microsoft-Windows-Sysmon/Operational","Task":"22","RuleName":"-","QueryStatus":"9701","SourceName":"Microsoft-Windows-Sysmon","Hostname":"WORKSTATION5","QueryResults":"-","ProcessId":"3408","EventID":22,"Keywords":"0x8000000000000000","Message":"Dns query:\r\nRuleName: -\r\nUtcTime: 2020-10-22 05:54:24.264\r\nProcessGuid: {39e4a257-f138-5f8b-5600-000000000700}\r\nProcessId: 3408\r\nQueryName: c.msn.com\r\nQueryStatus: 9701\r\nQueryResults: -\r\nImage: C:\\ProgramData\\Microsoft\\Windows Defender\\Platform\\4.18.2009.7-0\\MsMpEng.exe"}
{"@timestamp":"2020-10-22T01:54:26.384Z","TimeCreated":"2020-10-22T01:54:26.384Z","QueryName":"id.geistm.com","ProviderGuid":"{5770385f-c22a-43e0-bf4c-06f5698ffbd9}","UtcTime":"2020-10-22 05:54:24.264","ProcessGuid":"{39e4a257-f138-5f8b-5600-000000000700}","Image":"C:\\ProgramData\\Microsoft\\Windows Defender\\Platform\\4.18.2009.7-0\\MsMpEng.exe","Level":"4","Channel":"Microsoft-Windows-Sysmon/Operational","Task":"22","RuleName":"-","QueryStatus":"9701","SourceName":"Microsoft-Windows-Sysmon","Hostname":"WORKSTATION5","QueryResults":"-","ProcessId":"3408","EventID":22,"Keywords":"0x8000000000000000","Message":"Dns query:\r\nRuleName: -\r\nUtcTime: 2020-10-22 05:54:24.264\r\nProcessGuid: {39e4a257-f138-5f8b-5600-000000000700}\r\nProcessId: 3408\r\nQueryName: id.geistm.com\r\nQueryStatus: 9701\r\nQueryResults: -\r\nImage: C:\\ProgramData\\Microsoft\\Windows Defender\\Platform\\4.18.2009.7-0\\MsMpEng.exe"}
{"@timestamp":"2020-10-22T01:54:26.384Z","TimeCreated":"2020-10-22T01:54:26.384Z","QueryName":"us-u.openx.net","ProviderGuid":"{5770385f-c22a-43e0-bf4c-06f5698ffbd9}","UtcTime":"2020-10-22 05:54:24.264","ProcessGuid":"{39e4a257-f138-5f8b-5600-000000000700}","Image":"C:\\ProgramData\\Microsoft\\Windows Defender\\Platform\\4.18.2009.7-0\\MsMpEng.exe","Level":"4","Channel":"Microsoft-Windows-Sysmon/Operational","Task":"22","RuleName":"-","QueryStatus":"9701","SourceName":"Microsoft-Windows-Sysmon","Hostname":"WORKSTATION5","QueryResults":"-","ProcessId":"3408","EventID":22,"Keywords":"0x8000000000000000","Message":"Dns query:\r\nRuleName: -\r\nUtcTime: 2020-10-22 05:54:24.264\r\nProcessGuid: {39e4a257-f138-5f8b-5600-000000000700}\r\nProcessId: 3408\r\nQueryName: us-u.openx.net\r\nQueryStatus: 9701\r\nQueryResults: -\r\nImage: C:\\ProgramData\\Microsoft\\Windows Defender\\Platform\\4.18.2009.7-0\\MsMpEng.exe"}
{"@timestamp":"2020-10-22T01:54:26.384Z","TimeCreated":"2020-10-22T01:54:26.384Z","QueryName":"766700da591d6962df114ea947bf949e.clo.footprintdns.com","ProviderGuid":"{5770385f-c22a-43e0-bf4c-06f5698ffbd9}","UtcTime":"2020-10-22 05:54:24.264","ProcessGuid":"{39e4a257-f138-5f8b-5600-000000000700}","Image":"C:\\ProgramData\\Microsoft\\Windows Defender\\Platform\\4.18.2009.7-0\\MsMpEng.exe","Level":"4","Channel":"Microsoft-Windows-Sysmon/Operational","Task":"22","RuleName":"-","QueryStatus":"9701","SourceName":"Microsoft-Windows-Sysmon","Hostname":"WORKSTATION5","QueryResults":"-","ProcessId":"3408","EventID":22,"Keywords":"0x8000000000000000","Message":"Dns query:\r\nRuleName: -\r\nUtcTime: 2020-10-22 05:54:24.264\r\nProcessGuid: {39e4a257-f138-5f8b-5600-000000000700}\r\nProcessId: 3408\r\nQueryName: 766700da591d6962df114ea947bf949e.clo.footprintdns.com\r\nQueryStatus: 9701\r\nQueryResults: -\r\nImage: C:\\ProgramData\\Microsoft\\Windows Defender\\Platform\\4.18.2009.7-0\\MsMpEng.exe"}
{"@timestamp":"2020-10-22T01:54:26.384Z","TimeCreated":"2020-10-22T01:54:26.384Z","QueryName":"web.vortex.data.microsoft.com","ProviderGuid":"{5770385f-c22a-43e0-bf4c-06f5698ffbd9}","UtcTime":"2020-10-22 05:54:24.264","ProcessGuid":"{39e4a257-f138-5f8b-5600-000000000700}","Image":"C:\\ProgramData\\Microsoft\\Windows Defender\\Platform\\4.18.2009.7-0\\MsMpEng.exe","Level":"4","Channel":"Microsoft-Windows-Sysmon/Operational","Task":"22","RuleName":"-","QueryStatus":"9701","SourceName":"Microsoft-Windows-Sysmon","Hostname":"WORKSTATION5","QueryResults":"-","ProcessId":"3408","EventID":22,"Keywords":"0x8000000000000000","Message":"Dns query:\r\nRuleName: -\r\nUtcTime: 2020-10-22 05:54:24.264\r\nProcessGuid: {39e4a257-f138-5f8b-5600-000000000700}\r\nProcessId: 3408\r\nQueryName: web.vortex.data.microsoft.com\r\nQueryStatus: 9701\r\nQueryResults: -\r\nImage: C:\\ProgramData\\Microsoft\\Windows Defender\\Platform\\4.18.2009.7-0\\MsMpEng.exe"}
{"@timestamp":"2020-10-22T01:54:26.384Z","TimeCreated":"2020-10-22T01:54:26.384Z","QueryName":"dsum-sec.casalemedia.com","ProviderGuid":"{5770385f-c22a-43e0-bf4c-06f5698ffbd9}","UtcTime":"2020-10-22 05:54:24.264","ProcessGuid":"{39e4a257-f138-5f8b-5600-000000000700}","Image":"C:\\ProgramData\\Microsoft\\Windows Defender\\Platform\\4.18.2009.7-0\\MsMpEng.exe","Level":"4","Channel":"Microsoft-Windows-Sysmon/Operational","Task":"22","RuleName":"-","QueryStatus":"9701","SourceName":"Microsoft-Windows-Sysmon","Hostname":"WORKSTATION5","QueryResults":"-","ProcessId":"3408","EventID":22,"Keywords":"0x8000000000000000","Message":"Dns query:\r\nRuleName: -\r\nUtcTime: 2020-10-22 05:54:24.264\r\nProcessGuid: {39e4a257-f138-5f8b-5600-000000000700}\r\nProcessId: 3408\r\nQueryName: dsum-sec.casalemedia.com\r\nQueryStatus: 9701\r\nQueryResults: -\r\nImage: C:\\ProgramData\\Microsoft\\Windows Defender\\Platform\\4.18.2009.7-0\\MsMpEng.exe"}
{"@timestamp":"2020-10-22T01:54:26.385Z","TimeCreated":"2020-10-22T01:54:26.385Z","QueryName":"avatars2.githubusercontent.com","ProviderGuid":"{5770385f-c22a-43e0-bf4c-06f5698ffbd9}","UtcTime":"2020-10-22 05:54:24.265","ProcessGuid":"{39e4a257-f138-5f8b-5600-000000000700}","Image":"C:\\ProgramData\\Microsoft\\Windows Defender\\Platform\\4.18.2009.7-0\\MsMpEng.exe","Level":"4","Channel":"Microsoft-Windows-Sysmon/Operational","Task":"22","RuleName":"-","QueryStatus":"9701","SourceName":"Microsoft-Windows-Sysmon","Hostname":"WORKSTATION5","QueryResults":"-","ProcessId":"3408","EventID":22,"Keywords":"0x8000000000000000","Message":"Dns query:\r\nRuleName: -\r\nUtcTime: 2020-10-22 05:54:24.265\r\nProcessGuid: {39e4a257-f138-5f8b-5600-000000000700}\r\nProcessId: 3408\r\nQueryName: avatars2.githubusercontent.com\r\nQueryStatus: 9701\r\nQueryResults: -\r\nImage: C:\\ProgramData\\Microsoft\\Windows Defender\\Platform\\4.18.2009.7-0\\MsMpEng.exe"}
{"@timestamp":"2020-10-22T01:54:26.385Z","TimeCreated":"2020-10-22T01:54:26.385Z","QueryName":"2fe07a174b7046d55356835d3bc78da3.clo.footprintdns.com","ProviderGuid":"{5770385f-c22a-43e0-bf4c-06f5698ffbd9}","UtcTime":"2020-10-22 05:54:24.265","ProcessGuid":"{39e4a257-f138-5f8b-5600-000000000700}","Image":"C:\\ProgramData\\Microsoft\\Windows Defender\\Platform\\4.18.2009.7-0\\MsMpEng.exe","Level":"4","Channel":"Microsoft-Windows-Sysmon/Operational","Task":"22","RuleName":"-","QueryStatus":"9701","SourceName":"Microsoft-Windows-Sysmon","Hostname":"WORKSTATION5","QueryResults":"-","ProcessId":"3408","EventID":22,"Keywords":"0x8000000000000000","Message":"Dns query:\r\nRuleName: -\r\nUtcTime: 2020-10-22 05:54:24.265\r\nProcessGuid: {39e4a257-f138-5f8b-5600-000000000700}\r\nProcessId: 3408\r\nQueryName: 2fe07a174b7046d55356835d3bc78da3.clo.footprintdns.com\r\nQueryStatus: 9701\r\nQueryResults: -\r\nImage: C:\\ProgramData\\Microsoft\\Windows Defender\\Platform\\4.18.2009.7-0\\MsMpEng.exe"}
{"@timestamp":"2020-10-22T01:54:26.385Z","TimeCreated":"2020-10-22T01:54:26.385Z","QueryName":"gum.criteo.com","ProviderGuid":"{5770385f-c22a-43e0-bf4c-06f5698ffbd9}","UtcTime":"2020-10-22 05:54:24.265","ProcessGuid":"{39e4a257-f138-5f8b-5600-000000000700}","Image":"C:\\ProgramData\\Microsoft\\Windows Defender\\Platform\\4.18.2009.7-0\\MsMpEng.exe","Level":"4","Channel":"Microsoft-Windows-Sysmon/Operational","Task":"22","RuleName":"-","QueryStatus":"9701","SourceName":"Microsoft-Windows-Sysmon","Hostname":"WORKSTATION5","QueryResults":"-","ProcessId":"3408","EventID":22,"Keywords":"0x8000000000000000","Message":"Dns query:\r\nRuleName: -\r\nUtcTime: 2020-10-22 05:54:24.265\r\nProcessGuid: {39e4a257-f138-5f8b-5600-000000000700}\r\nProcessId: 3408\r\nQueryName: gum.criteo.com\r\nQueryStatus: 9701\r\nQueryResults: -\r\nImage: C:\\ProgramData\\Microsoft\\Windows Defender\\Platform\\4.18.2009.7-0\\MsMpEng.exe"}
{"@timestamp":"2020-10-22T01:54:26.385Z","TimeCreated":"2020-10-22T01:54:26.385Z","QueryName":"analytics.twitter.com","ProviderGuid":"{5770385f-c22a-43e0-bf4c-06f5698ffbd9}","UtcTime":"2020-10-22 05:54:24.265","ProcessGuid":"{39e4a257-f138-5f8b-5600-000000000700}","Image":"C:\\ProgramData\\Microsoft\\Windows Defender\\Platform\\4.18.2009.7-0\\MsMpEng.exe","Level":"4","Channel":"Microsoft-Windows-Sysmon/Operational","Task":"22","RuleName":"-","QueryStatus":"9701","SourceName":"Microsoft-Windows-Sysmon","Hostname":"WORKSTATION5","QueryResults":"-","ProcessId":"3408","EventID":22,"Keywords":"0x8000000000000000","Message":"Dns query:\r\nRuleName: -\r\nUtcTime: 2020-10-22 05:54:24.265\r\nProcessGuid: {39e4a257-f138-5f8b-5600-000000000700}\r\nProcessId: 3408\r\nQueryName: analytics.twitter.com\r\nQueryStatus: 9701\r\nQueryResults: -\r\nImage: C:\\ProgramData\\Microsoft\\Windows Defender\\Platform\\4.18.2009.7-0\\MsMpEng.exe"}
{"@timestamp":"2020-10-22T01:54:26.385Z","TimeCreated":"2020-10-22T01:54:26.385Z","QueryName":"mscom.demdex.net","ProviderGuid":"{5770385f-c22a-43e0-bf4c-06f5698ffbd9}","UtcTime":"2020-10-22 05:54:24.265","ProcessGuid":"{39e4a257-f138-5f8b-5600-000000000700}","Image":"C:\\ProgramData\\Microsoft\\Windows Defender\\Platform\\4.18.2009.7-0\\MsMpEng.exe","Level":"4","Channel":"Microsoft-Windows-Sysmon/Operational","Task":"22","RuleName":"-","QueryStatus":"9701","SourceName":"Microsoft-Windows-Sysmon","Hostname":"WORKSTATION5","QueryResults":"-","ProcessId":"3408","EventID":22,"Keywords":"0x8000000000000000","Message":"Dns query:\r\nRuleName: -\r\nUtcTime: 2020-10-22 05:54:24.265\r\nProcessGuid: {39e4a257-f138-5f8b-5600-000000000700}\r\nProcessId: 3408\r\nQueryName: mscom.demdex.net\r\nQueryStatus: 9701\r\nQueryResults: -\r\nImage: C:\\ProgramData\\Microsoft\\Windows Defender\\Platform\\4.18.2009.7-0\\MsMpEng.exe"}
{"@timestamp":"2020-10-22T01:54:26.385Z","TimeCreated":"2020-10-22T01:54:26.385Z","QueryName":"pixel.advertising.com","ProviderGuid":"{5770385f-c22a-43e0-bf4c-06f5698ffbd9}","UtcTime":"2020-10-22 05:54:24.266","ProcessGuid":"{39e4a257-f138-5f8b-5600-000000000700}","Image":"C:\\ProgramData\\Microsoft\\Windows Defender\\Platform\\4.18.2009.7-0\\MsMpEng.exe","Level":"4","Channel":"Microsoft-Windows-Sysmon/Operational","Task":"22","RuleName":"-","QueryStatus":"9701","SourceName":"Microsoft-Windows-Sysmon","Hostname":"WORKSTATION5","QueryResults":"-","ProcessId":"3408","EventID":22,"Keywords":"0x8000000000000000","Message":"Dns query:\r\nRuleName: -\r\nUtcTime: 2020-10-22 05:54:24.266\r\nProcessGuid: {39e4a257-f138-5f8b-5600-000000000700}\r\nProcessId: 3408\r\nQueryName: pixel.advertising.com\r\nQueryStatus: 9701\r\nQueryResults: -\r\nImage: C:\\ProgramData\\Microsoft\\Windows Defender\\Platform\\4.18.2009.7-0\\MsMpEng.exe"}
{"@timestamp":"2020-10-22T01:54:26.385Z","TimeCreated":"2020-10-22T01:54:26.385Z","QueryName":"0543759ca9f47ed7899690b9f1753798.nrb.footprintdns.com","ProviderGuid":"{5770385f-c22a-43e0-bf4c-06f5698ffbd9}","UtcTime":"2020-10-22 05:54:24.266","ProcessGuid":"{39e4a257-f138-5f8b-5600-000000000700}","Image":"C:\\ProgramData\\Microsoft\\Windows Defender\\Platform\\4.18.2009.7-0\\MsMpEng.exe","Level":"4","Channel":"Microsoft-Windows-Sysmon/Operational","Task":"22","RuleName":"-","QueryStatus":"9701","SourceName":"Microsoft-Windows-Sysmon","Hostname":"WORKSTATION5","QueryResults":"-","ProcessId":"3408","EventID":22,"Keywords":"0x8000000000000000","Message":"Dns query:\r\nRuleName: -\r\nUtcTime: 2020-10-22 05:54:24.266\r\nProcessGuid: {39e4a257-f138-5f8b-5600-000000000700}\r\nProcessId: 3408\r\nQueryName: 0543759ca9f47ed7899690b9f1753798.nrb.footprintdns.com\r\nQueryStatus: 9701\r\nQueryResults: -\r\nImage: C:\\ProgramData\\Microsoft\\Windows Defender\\Platform\\4.18.2009.7-0\\MsMpEng.exe"}
{"@timestamp":"2020-10-22T01:54:26.385Z","TimeCreated":"2020-10-22T01:54:26.385Z","QueryName":"sync-jp.im-apps.net","ProviderGuid":"{5770385f-c22a-43e0-bf4c-06f5698ffbd9}","UtcTime":"2020-10-22 05:54:24.266","ProcessGuid":"{39e4a257-f138-5f8b-5600-000000000700}","Image":"C:\\ProgramData\\Microsoft\\Windows Defender\\Platform\\4.18.2009.7-0\\MsMpEng.exe","Level":"4","Channel":"Microsoft-Windows-Sysmon/Operational","Task":"22","RuleName":"-","QueryStatus":"9701","SourceName":"Microsoft-Windows-Sysmon","Hostname":"WORKSTATION5","QueryResults":"-","ProcessId":"3408","EventID":22,"Keywords":"0x8000000000000000","Message":"Dns query:\r\nRuleName: -\r\nUtcTime: 2020-10-22 05:54:24.266\r\nProcessGuid: {39e4a257-f138-5f8b-5600-000000000700}\r\nProcessId: 3408\r\nQueryName: sync-jp.im-apps.net\r\nQueryStatus: 9701\r\nQueryResults: -\r\nImage: C:\\ProgramData\\Microsoft\\Windows Defender\\Platform\\4.18.2009.7-0\\MsMpEng.exe"}
{"@timestamp":"2020-10-22T01:54:26.385Z","TimeCreated":"2020-10-22T01:54:26.385Z","QueryName":"cm.mgid.com","ProviderGuid":"{5770385f-c22a-43e0-bf4c-06f5698ffbd9}","UtcTime":"2020-10-22 05:54:24.266","ProcessGuid":"{39e4a257-f138-5f8b-5600-000000000700}","Image":"C:\\ProgramData\\Microsoft\\Windows Defender\\Platform\\4.18.2009.7-0\\MsMpEng.exe","Level":"4","Channel":"Microsoft-Windows-Sysmon/Operational","Task":"22","RuleName":"-","QueryStatus":"9701","SourceName":"Microsoft-Windows-Sysmon","Hostname":"WORKSTATION5","QueryResults":"-","ProcessId":"3408","EventID":22,"Keywords":"0x8000000000000000","Message":"Dns query:\r\nRuleName: -\r\nUtcTime: 2020-10-22 05:54:24.266\r\nProcessGuid: {39e4a257-f138-5f8b-5600-000000000700}\r\nProcessId: 3408\r\nQueryName: cm.mgid.com\r\nQueryStatus: 9701\r\nQueryResults: -\r\nImage: C:\\ProgramData\\Microsoft\\Windows Defender\\Platform\\4.18.2009.7-0\\MsMpEng.exe"}
{"@timestamp":"2020-10-22T01:54:26.385Z","TimeCreated":"2020-10-22T01:54:26.385Z","QueryName":"wcpstatic.microsoft.com","ProviderGuid":"{5770385f-c22a-43e0-bf4c-06f5698ffbd9}","UtcTime":"2020-10-22 05:54:24.266","ProcessGuid":"{39e4a257-f138-5f8b-5600-000000000700}","Image":"C:\\ProgramData\\Microsoft\\Windows Defender\\Platform\\4.18.2009.7-0\\MsMpEng.exe","Level":"4","Channel":"Microsoft-Windows-Sysmon/Operational","Task":"22","RuleName":"-","QueryStatus":"9701","SourceName":"Microsoft-Windows-Sysmon","Hostname":"WORKSTATION5","QueryResults":"-","ProcessId":"3408","EventID":22,"Keywords":"0x8000000000000000","Message":"Dns query:\r\nRuleName: -\r\nUtcTime: 2020-10-22 05:54:24.266\r\nProcessGuid: {39e4a257-f138-5f8b-5600-000000000700}\r\nProcessId: 3408\r\nQueryName: wcpstatic.microsoft.com\r\nQueryStatus: 9701\r\nQueryResults: -\r\nImage: C:\\ProgramData\\Microsoft\\Windows Defender\\Platform\\4.18.2009.7-0\\MsMpEng.exe"}
{"@timestamp":"2020-10-22T01:54:26.385Z","TimeCreated":"2020-10-22T01:54:26.385Z","QueryName":"img.3lift.com","ProviderGuid":"{5770385f-c22a-43e0-bf4c-06f5698ffbd9}","UtcTime":"2020-10-22 05:54:24.267","ProcessGuid":"{39e4a257-f138-5f8b-5600-000000000700}","Image":"C:\\ProgramData\\Microsoft\\Windows Defender\\Platform\\4.18.2009.7-0\\MsMpEng.exe","Level":"4","Channel":"Microsoft-Windows-Sysmon/Operational","Task":"22","RuleName":"-","QueryStatus":"9701","SourceName":"Microsoft-Windows-Sysmon","Hostname":"WORKSTATION5","QueryResults":"-","ProcessId":"3408","EventID":22,"Keywords":"0x8000000000000000","Message":"Dns query:\r\nRuleName: -\r\nUtcTime: 2020-10-22 05:54:24.267\r\nProcessGuid: {39e4a257-f138-5f8b-5600-000000000700}\r\nProcessId: 3408\r\nQueryName: img.3lift.com\r\nQueryStatus: 9701\r\nQueryResults: -\r\nImage: C:\\ProgramData\\Microsoft\\Windows Defender\\Platform\\4.18.2009.7-0\\MsMpEng.exe"}
{"@timestamp":"2020-10-22T01:54:26.385Z","TimeCreated":"2020-10-22T01:54:26.385Z","QueryName":"avatars1.githubusercontent.com","ProviderGuid":"{5770385f-c22a-43e0-bf4c-06f5698ffbd9}","UtcTime":"2020-10-22 05:54:24.267","ProcessGuid":"{39e4a257-f138-5f8b-5600-000000000700}","Image":"C:\\ProgramData\\Microsoft\\Windows Defender\\Platform\\4.18.2009.7-0\\MsMpEng.exe","Level":"4","Channel":"Microsoft-Windows-Sysmon/Operational","Task":"22","RuleName":"-","QueryStatus":"9701","SourceName":"Microsoft-Windows-Sysmon","Hostname":"WORKSTATION5","QueryResults":"-","ProcessId":"3408","EventID":22,"Keywords":"0x8000000000000000","Message":"Dns query:\r\nRuleName: -\r\nUtcTime: 2020-10-22 05:54:24.267\r\nProcessGuid: {39e4a257-f138-5f8b-5600-000000000700}\r\nProcessId: 3408\r\nQueryName: avatars1.githubusercontent.com\r\nQueryStatus: 9701\r\nQueryResults: -\r\nImage: C:\\ProgramData\\Microsoft\\Windows Defender\\Platform\\4.18.2009.7-0\\MsMpEng.exe"}
{"@timestamp":"2020-10-22T01:54:26.385Z","TimeCreated":"2020-10-22T01:54:26.385Z","QueryName":"pixel.tapad.com","ProviderGuid":"{5770385f-c22a-43e0-bf4c-06f5698ffbd9}","UtcTime":"2020-10-22 05:54:24.267","ProcessGuid":"{39e4a257-f138-5f8b-5600-000000000700}","Image":"C:\\ProgramData\\Microsoft\\Windows Defender\\Platform\\4.18.2009.7-0\\MsMpEng.exe","Level":"4","Channel":"Microsoft-Windows-Sysmon/Operational","Task":"22","RuleName":"-","QueryStatus":"9701","SourceName":"Microsoft-Windows-Sysmon","Hostname":"WORKSTATION5","QueryResults":"-","ProcessId":"3408","EventID":22,"Keywords":"0x8000000000000000","Message":"Dns query:\r\nRuleName: -\r\nUtcTime: 2020-10-22 05:54:24.267\r\nProcessGuid: {39e4a257-f138-5f8b-5600-000000000700}\r\nProcessId: 3408\r\nQueryName: pixel.tapad.com\r\nQueryStatus: 9701\r\nQueryResults: -\r\nImage: C:\\ProgramData\\Microsoft\\Windows Defender\\Platform\\4.18.2009.7-0\\MsMpEng.exe"}
{"@timestamp":"2020-10-22T01:54:26.385Z","TimeCreated":"2020-10-22T01:54:26.385Z","QueryName":"ocsp.usertrust.com","ProviderGuid":"{5770385f-c22a-43e0-bf4c-06f5698ffbd9}","UtcTime":"2020-10-22 05:54:24.267","ProcessGuid":"{39e4a257-f138-5f8b-5600-000000000700}","Image":"C:\\ProgramData\\Microsoft\\Windows Defender\\Platform\\4.18.2009.7-0\\MsMpEng.exe","Level":"4","Channel":"Microsoft-Windows-Sysmon/Operational","Task":"22","RuleName":"-","QueryStatus":"9701","SourceName":"Microsoft-Windows-Sysmon","Hostname":"WORKSTATION5","QueryResults":"-","ProcessId":"3408","EventID":22,"Keywords":"0x8000000000000000","Message":"Dns query:\r\nRuleName: -\r\nUtcTime: 2020-10-22 05:54:24.267\r\nProcessGuid: {39e4a257-f138-5f8b-5600-000000000700}\r\nProcessId: 3408\r\nQueryName: ocsp.usertrust.com\r\nQueryStatus: 9701\r\nQueryResults: -\r\nImage: C:\\ProgramData\\Microsoft\\Windows Defender\\Platform\\4.18.2009.7-0\\MsMpEng.exe"}
{"@timestamp":"2020-10-22T01:54:26.385Z","TimeCreated":"2020-10-22T01:54:26.385Z","QueryName":"px.owneriq.net","ProviderGuid":"{5770385f-c22a-43e0-bf4c-06f5698ffbd9}","UtcTime":"2020-10-22 05:54:24.268","ProcessGuid":"{39e4a257-f138-5f8b-5600-000000000700}","Image":"C:\\ProgramData\\Microsoft\\Windows Defender\\Platform\\4.18.2009.7-0\\MsMpEng.exe","Level":"4","Channel":"Microsoft-Windows-Sysmon/Operational","Task":"22","RuleName":"-","QueryStatus":"9701","SourceName":"Microsoft-Windows-Sysmon","Hostname":"WORKSTATION5","QueryResults":"-","ProcessId":"3408","EventID":22,"Keywords":"0x8000000000000000","Message":"Dns query:\r\nRuleName: -\r\nUtcTime: 2020-10-22 05:54:24.268\r\nProcessGuid: {39e4a257-f138-5f8b-5600-000000000700}\r\nProcessId: 3408\r\nQueryName: px.owneriq.net\r\nQueryStatus: 9701\r\nQueryResults: -\r\nImage: C:\\ProgramData\\Microsoft\\Windows Defender\\Platform\\4.18.2009.7-0\\MsMpEng.exe"}
{"@timestamp":"2020-10-22T01:54:26.385Z","TimeCreated":"2020-10-22T01:54:26.385Z","QueryName":"sync.adotmob.com","ProviderGuid":"{5770385f-c22a-43e0-bf4c-06f5698ffbd9}","UtcTime":"2020-10-22 05:54:24.268","ProcessGuid":"{39e4a257-f138-5f8b-5600-000000000700}","Image":"C:\\ProgramData\\Microsoft\\Windows Defender\\Platform\\4.18.2009.7-0\\MsMpEng.exe","Level":"4","Channel":"Microsoft-Windows-Sysmon/Operational","Task":"22","RuleName":"-","QueryStatus":"9701","SourceName":"Microsoft-Windows-Sysmon","Hostname":"WORKSTATION5","QueryResults":"-","ProcessId":"3408","EventID":22,"Keywords":"0x8000000000000000","Message":"Dns query:\r\nRuleName: -\r\nUtcTime: 2020-10-22 05:54:24.268\r\nProcessGuid: {39e4a257-f138-5f8b-5600-000000000700}\r\nProcessId: 3408\r\nQueryName: sync.adotmob.com\r\nQueryStatus: 9701\r\nQueryResults: -\r\nImage: C:\\ProgramData\\Microsoft\\Windows Defender\\Platform\\4.18.2009.7-0\\MsMpEng.exe"}
{"@timestamp":"2020-10-22T01:54:26.385Z","TimeCreated":"2020-10-22T01:54:26.385Z","QueryName":"assets.adobedtm.com","ProviderGuid":"{5770385f-c22a-43e0-bf4c-06f5698ffbd9}","UtcTime":"2020-10-22 05:54:24.268","ProcessGuid":"{39e4a257-f138-5f8b-5600-000000000700}","Image":"C:\\ProgramData\\Microsoft\\Windows Defender\\Platform\\4.18.2009.7-0\\MsMpEng.exe","Level":"4","Channel":"Microsoft-Windows-Sysmon/Operational","Task":"22","RuleName":"-","QueryStatus":"9701","SourceName":"Microsoft-Windows-Sysmon","Hostname":"WORKSTATION5","QueryResults":"-","ProcessId":"3408","EventID":22,"Keywords":"0x8000000000000000","Message":"Dns query:\r\nRuleName: -\r\nUtcTime: 2020-10-22 05:54:24.268\r\nProcessGuid: {39e4a257-f138-5f8b-5600-000000000700}\r\nProcessId: 3408\r\nQueryName: assets.adobedtm.com\r\nQueryStatus: 9701\r\nQueryResults: -\r\nImage: C:\\ProgramData\\Microsoft\\Windows Defender\\Platform\\4.18.2009.7-0\\MsMpEng.exe"}
{"@timestamp":"2020-10-22T01:54:26.385Z","TimeCreated":"2020-10-22T01:54:26.385Z","QueryName":"wusa1lbip.westus.cloudapp.azure.com","ProviderGuid":"{5770385f-c22a-43e0-bf4c-06f5698ffbd9}","UtcTime":"2020-10-22 05:54:24.268","ProcessGuid":"{39e4a257-f138-5f8b-5600-000000000700}","Image":"C:\\ProgramData\\Microsoft\\Windows Defender\\Platform\\4.18.2009.7-0\\MsMpEng.exe","Level":"4","Channel":"Microsoft-Windows-Sysmon/Operational","Task":"22","RuleName":"-","QueryStatus":"9701","SourceName":"Microsoft-Windows-Sysmon","Hostname":"WORKSTATION5","QueryResults":"-","ProcessId":"3408","EventID":22,"Keywords":"0x8000000000000000","Message":"Dns query:\r\nRuleName: -\r\nUtcTime: 2020-10-22 05:54:24.268\r\nProcessGuid: {39e4a257-f138-5f8b-5600-000000000700}\r\nProcessId: 3408\r\nQueryName: wusa1lbip.westus.cloudapp.azure.com\r\nQueryStatus: 9701\r\nQueryResults: -\r\nImage: C:\\ProgramData\\Microsoft\\Windows Defender\\Platform\\4.18.2009.7-0\\MsMpEng.exe"}
{"@timestamp":"2020-10-22T01:54:26.385Z","TimeCreated":"2020-10-22T01:54:26.385Z","QueryName":"id.rlcdn.com","ProviderGuid":"{5770385f-c22a-43e0-bf4c-06f5698ffbd9}","UtcTime":"2020-10-22 05:54:24.268","ProcessGuid":"{39e4a257-f138-5f8b-5600-000000000700}","Image":"C:\\ProgramData\\Microsoft\\Windows Defender\\Platform\\4.18.2009.7-0\\MsMpEng.exe","Level":"4","Channel":"Microsoft-Windows-Sysmon/Operational","Task":"22","RuleName":"-","QueryStatus":"9701","SourceName":"Microsoft-Windows-Sysmon","Hostname":"WORKSTATION5","QueryResults":"-","ProcessId":"3408","EventID":22,"Keywords":"0x8000000000000000","Message":"Dns query:\r\nRuleName: -\r\nUtcTime: 2020-10-22 05:54:24.268\r\nProcessGuid: {39e4a257-f138-5f8b-5600-000000000700}\r\nProcessId: 3408\r\nQueryName: id.rlcdn.com\r\nQueryStatus: 9701\r\nQueryResults: -\r\nImage: C:\\ProgramData\\Microsoft\\Windows Defender\\Platform\\4.18.2009.7-0\\MsMpEng.exe"}
{"@timestamp":"2020-10-22T01:54:26.385Z","TimeCreated":"2020-10-22T01:54:26.385Z","QueryName":"cs.emxdgt.com","ProviderGuid":"{5770385f-c22a-43e0-bf4c-06f5698ffbd9}","UtcTime":"2020-10-22 05:54:24.268","ProcessGuid":"{39e4a257-f138-5f8b-5600-000000000700}","Image":"C:\\ProgramData\\Microsoft\\Windows Defender\\Platform\\4.18.2009.7-0\\MsMpEng.exe","Level":"4","Channel":"Microsoft-Windows-Sysmon/Operational","Task":"22","RuleName":"-","QueryStatus":"9701","SourceName":"Microsoft-Windows-Sysmon","Hostname":"WORKSTATION5","QueryResults":"-","ProcessId":"3408","EventID":22,"Keywords":"0x8000000000000000","Message":"Dns query:\r\nRuleName: -\r\nUtcTime: 2020-10-22 05:54:24.268\r\nProcessGuid: {39e4a257-f138-5f8b-5600-000000000700}\r\nProcessId: 3408\r\nQueryName: cs.emxdgt.com\r\nQueryStatus: 9701\r\nQueryResults: -\r\nImage: C:\\ProgramData\\Microsoft\\Windows Defender\\Platform\\4.18.2009.7-0\\MsMpEng.exe"}
{"@timestamp":"2020-10-22T01:54:26.385Z","TimeCreated":"2020-10-22T01:54:26.385Z","QueryName":"sb.scorecardresearch.com","ProviderGuid":"{5770385f-c22a-43e0-bf4c-06f5698ffbd9}","UtcTime":"2020-10-22 05:54:24.269","ProcessGuid":"{39e4a257-f138-5f8b-5600-000000000700}","Image":"C:\\ProgramData\\Microsoft\\Windows Defender\\Platform\\4.18.2009.7-0\\MsMpEng.exe","Level":"4","Channel":"Microsoft-Windows-Sysmon/Operational","Task":"22","RuleName":"-","QueryStatus":"9701","SourceName":"Microsoft-Windows-Sysmon","Hostname":"WORKSTATION5","QueryResults":"-","ProcessId":"3408","EventID":22,"Keywords":"0x8000000000000000","Message":"Dns query:\r\nRuleName: -\r\nUtcTime: 2020-10-22 05:54:24.269\r\nProcessGuid: {39e4a257-f138-5f8b-5600-000000000700}\r\nProcessId: 3408\r\nQueryName: sb.scorecardresearch.com\r\nQueryStatus: 9701\r\nQueryResults: -\r\nImage: C:\\ProgramData\\Microsoft\\Windows Defender\\Platform\\4.18.2009.7-0\\MsMpEng.exe"}
{"@timestamp":"2020-10-22T01:54:26.385Z","TimeCreated":"2020-10-22T01:54:26.385Z","QueryName":"ac5028db3c3130774d609b22f65722ad.clo.footprintdns.com","ProviderGuid":"{5770385f-c22a-43e0-bf4c-06f5698ffbd9}","UtcTime":"2020-10-22 05:54:24.269","ProcessGuid":"{39e4a257-f138-5f8b-5600-000000000700}","Image":"C:\\ProgramData\\Microsoft\\Windows Defender\\Platform\\4.18.2009.7-0\\MsMpEng.exe","Level":"4","Channel":"Microsoft-Windows-Sysmon/Operational","Task":"22","RuleName":"-","QueryStatus":"9701","SourceName":"Microsoft-Windows-Sysmon","Hostname":"WORKSTATION5","QueryResults":"-","ProcessId":"3408","EventID":22,"Keywords":"0x8000000000000000","Message":"Dns query:\r\nRuleName: -\r\nUtcTime: 2020-10-22 05:54:24.269\r\nProcessGuid: {39e4a257-f138-5f8b-5600-000000000700}\r\nProcessId: 3408\r\nQueryName: ac5028db3c3130774d609b22f65722ad.clo.footprintdns.com\r\nQueryStatus: 9701\r\nQueryResults: -\r\nImage: C:\\ProgramData\\Microsoft\\Windows Defender\\Platform\\4.18.2009.7-0\\MsMpEng.exe"}
{"@timestamp":"2020-10-22T01:54:26.385Z","TimeCreated":"2020-10-22T01:54:26.385Z","QueryName":"caf2c982b31ff427ce8f9122e9aa9667.clo.footprintdns.com","ProviderGuid":"{5770385f-c22a-43e0-bf4c-06f5698ffbd9}","UtcTime":"2020-10-22 05:54:24.269","ProcessGuid":"{39e4a257-f138-5f8b-5600-000000000700}","Image":"C:\\ProgramData\\Microsoft\\Windows Defender\\Platform\\4.18.2009.7-0\\MsMpEng.exe","Level":"4","Channel":"Microsoft-Windows-Sysmon/Operational","Task":"22","RuleName":"-","QueryStatus":"9701","SourceName":"Microsoft-Windows-Sysmon","Hostname":"WORKSTATION5","QueryResults":"-","ProcessId":"3408","EventID":22,"Keywords":"0x8000000000000000","Message":"Dns query:\r\nRuleName: -\r\nUtcTime: 2020-10-22 05:54:24.269\r\nProcessGuid: {39e4a257-f138-5f8b-5600-000000000700}\r\nProcessId: 3408\r\nQueryName: caf2c982b31ff427ce8f9122e9aa9667.clo.footprintdns.com\r\nQueryStatus: 9701\r\nQueryResults: -\r\nImage: C:\\ProgramData\\Microsoft\\Windows Defender\\Platform\\4.18.2009.7-0\\MsMpEng.exe"}
{"@timestamp":"2020-10-22T01:54:26.385Z","TimeCreated":"2020-10-22T01:54:26.385Z","QueryName":"x.bidswitch.net","ProviderGuid":"{5770385f-c22a-43e0-bf4c-06f5698ffbd9}","UtcTime":"2020-10-22 05:54:24.270","ProcessGuid":"{39e4a257-f138-5f8b-5600-000000000700}","Image":"C:\\ProgramData\\Microsoft\\Windows Defender\\Platform\\4.18.2009.7-0\\MsMpEng.exe","Level":"4","Channel":"Microsoft-Windows-Sysmon/Operational","Task":"22","RuleName":"-","QueryStatus":"9701","SourceName":"Microsoft-Windows-Sysmon","Hostname":"WORKSTATION5","QueryResults":"-","ProcessId":"3408","EventID":22,"Keywords":"0x8000000000000000","Message":"Dns query:\r\nRuleName: -\r\nUtcTime: 2020-10-22 05:54:24.270\r\nProcessGuid: {39e4a257-f138-5f8b-5600-000000000700}\r\nProcessId: 3408\r\nQueryName: x.bidswitch.net\r\nQueryStatus: 9701\r\nQueryResults: -\r\nImage: C:\\ProgramData\\Microsoft\\Windows Defender\\Platform\\4.18.2009.7-0\\MsMpEng.exe"}
{"@timestamp":"2020-10-22T01:54:26.385Z","TimeCreated":"2020-10-22T01:54:26.385Z","QueryName":"loadus.exelator.com","ProviderGuid":"{5770385f-c22a-43e0-bf4c-06f5698ffbd9}","UtcTime":"2020-10-22 05:54:24.270","ProcessGuid":"{39e4a257-f138-5f8b-5600-000000000700}","Image":"C:\\ProgramData\\Microsoft\\Windows Defender\\Platform\\4.18.2009.7-0\\MsMpEng.exe","Level":"4","Channel":"Microsoft-Windows-Sysmon/Operational","Task":"22","RuleName":"-","QueryStatus":"9701","SourceName":"Microsoft-Windows-Sysmon","Hostname":"WORKSTATION5","QueryResults":"-","ProcessId":"3408","EventID":22,"Keywords":"0x8000000000000000","Message":"Dns query:\r\nRuleName: -\r\nUtcTime: 2020-10-22 05:54:24.270\r\nProcessGuid: {39e4a257-f138-5f8b-5600-000000000700}\r\nProcessId: 3408\r\nQueryName: loadus.exelator.com\r\nQueryStatus: 9701\r\nQueryResults: -\r\nImage: C:\\ProgramData\\Microsoft\\Windows Defender\\Platform\\4.18.2009.7-0\\MsMpEng.exe"}
{"@timestamp":"2020-10-22T01:54:26.385Z","TimeCreated":"2020-10-22T01:54:26.385Z","QueryName":"w.usabilla.com","ProviderGuid":"{5770385f-c22a-43e0-bf4c-06f5698ffbd9}","UtcTime":"2020-10-22 05:54:24.270","ProcessGuid":"{39e4a257-f138-5f8b-5600-000000000700}","Image":"C:\\ProgramData\\Microsoft\\Windows Defender\\Platform\\4.18.2009.7-0\\MsMpEng.exe","Level":"4","Channel":"Microsoft-Windows-Sysmon/Operational","Task":"22","RuleName":"-","QueryStatus":"9701","SourceName":"Microsoft-Windows-Sysmon","Hostname":"WORKSTATION5","QueryResults":"-","ProcessId":"3408","EventID":22,"Keywords":"0x8000000000000000","Message":"Dns query:\r\nRuleName: -\r\nUtcTime: 2020-10-22 05:54:24.270\r\nProcessGuid: {39e4a257-f138-5f8b-5600-000000000700}\r\nProcessId: 3408\r\nQueryName: w.usabilla.com\r\nQueryStatus: 9701\r\nQueryResults: -\r\nImage: C:\\ProgramData\\Microsoft\\Windows Defender\\Platform\\4.18.2009.7-0\\MsMpEng.exe"}
{"@timestamp":"2020-10-22T01:54:26.385Z","TimeCreated":"2020-10-22T01:54:26.385Z","QueryName":"mwf-service.akamaized.net","ProviderGuid":"{5770385f-c22a-43e0-bf4c-06f5698ffbd9}","UtcTime":"2020-10-22 05:54:24.270","ProcessGuid":"{39e4a257-f138-5f8b-5600-000000000700}","Image":"C:\\ProgramData\\Microsoft\\Windows Defender\\Platform\\4.18.2009.7-0\\MsMpEng.exe","Level":"4","Channel":"Microsoft-Windows-Sysmon/Operational","Task":"22","RuleName":"-","QueryStatus":"9701","SourceName":"Microsoft-Windows-Sysmon","Hostname":"WORKSTATION5","QueryResults":"-","ProcessId":"3408","EventID":22,"Keywords":"0x8000000000000000","Message":"Dns query:\r\nRuleName: -\r\nUtcTime: 2020-10-22 05:54:24.270\r\nProcessGuid: {39e4a257-f138-5f8b-5600-000000000700}\r\nProcessId: 3408\r\nQueryName: mwf-service.akamaized.net\r\nQueryStatus: 9701\r\nQueryResults: -\r\nImage: C:\\ProgramData\\Microsoft\\Windows Defender\\Platform\\4.18.2009.7-0\\MsMpEng.exe"}
{"@timestamp":"2020-10-22T01:54:26.385Z","TimeCreated":"2020-10-22T01:54:26.385Z","QueryName":"34872611333804aee56bdd8456f45fb1.clo.footprintdns.com","ProviderGuid":"{5770385f-c22a-43e0-bf4c-06f5698ffbd9}","UtcTime":"2020-10-22 05:54:24.270","ProcessGuid":"{39e4a257-f138-5f8b-5600-000000000700}","Image":"C:\\ProgramData\\Microsoft\\Windows Defender\\Platform\\4.18.2009.7-0\\MsMpEng.exe","Level":"4","Channel":"Microsoft-Windows-Sysmon/Operational","Task":"22","RuleName":"-","QueryStatus":"9701","SourceName":"Microsoft-Windows-Sysmon","Hostname":"WORKSTATION5","QueryResults":"-","ProcessId":"3408","EventID":22,"Keywords":"0x8000000000000000","Message":"Dns query:\r\nRuleName: -\r\nUtcTime: 2020-10-22 05:54:24.270\r\nProcessGuid: {39e4a257-f138-5f8b-5600-000000000700}\r\nProcessId: 3408\r\nQueryName: 34872611333804aee56bdd8456f45fb1.clo.footprintdns.com\r\nQueryStatus: 9701\r\nQueryResults: -\r\nImage: C:\\ProgramData\\Microsoft\\Windows Defender\\Platform\\4.18.2009.7-0\\MsMpEng.exe"}
{"@timestamp":"2020-10-22T01:54:26.385Z","TimeCreated":"2020-10-22T01:54:26.385Z","QueryName":"cm.g.doubleclick.net","ProviderGuid":"{5770385f-c22a-43e0-bf4c-06f5698ffbd9}","UtcTime":"2020-10-22 05:54:24.271","ProcessGuid":"{39e4a257-f138-5f8b-5600-000000000700}","Image":"C:\\ProgramData\\Microsoft\\Windows Defender\\Platform\\4.18.2009.7-0\\MsMpEng.exe","Level":"4","Channel":"Microsoft-Windows-Sysmon/Operational","Task":"22","RuleName":"-","QueryStatus":"9701","SourceName":"Microsoft-Windows-Sysmon","Hostname":"WORKSTATION5","QueryResults":"-","ProcessId":"3408","EventID":22,"Keywords":"0x8000000000000000","Message":"Dns query:\r\nRuleName: -\r\nUtcTime: 2020-10-22 05:54:24.271\r\nProcessGuid: {39e4a257-f138-5f8b-5600-000000000700}\r\nProcessId: 3408\r\nQueryName: cm.g.doubleclick.net\r\nQueryStatus: 9701\r\nQueryResults: -\r\nImage: C:\\ProgramData\\Microsoft\\Windows Defender\\Platform\\4.18.2009.7-0\\MsMpEng.exe"}
{"@timestamp":"2020-10-22T01:54:26.385Z","TimeCreated":"2020-10-22T01:54:26.385Z","QueryName":"ocsp.pki.goog","ProviderGuid":"{5770385f-c22a-43e0-bf4c-06f5698ffbd9}","UtcTime":"2020-10-22 05:54:24.271","ProcessGuid":"{39e4a257-f138-5f8b-5600-000000000700}","Image":"C:\\ProgramData\\Microsoft\\Windows Defender\\Platform\\4.18.2009.7-0\\MsMpEng.exe","Level":"4","Channel":"Microsoft-Windows-Sysmon/Operational","Task":"22","RuleName":"-","QueryStatus":"9701","SourceName":"Microsoft-Windows-Sysmon","Hostname":"WORKSTATION5","QueryResults":"-","ProcessId":"3408","EventID":22,"Keywords":"0x8000000000000000","Message":"Dns query:\r\nRuleName: -\r\nUtcTime: 2020-10-22 05:54:24.271\r\nProcessGuid: {39e4a257-f138-5f8b-5600-000000000700}\r\nProcessId: 3408\r\nQueryName: ocsp.pki.goog\r\nQueryStatus: 9701\r\nQueryResults: -\r\nImage: C:\\ProgramData\\Microsoft\\Windows Defender\\Platform\\4.18.2009.7-0\\MsMpEng.exe"}
